[2024-10-28T00:00:04.026+0000] {processor.py:186} INFO - Started process (PID=45158) to work on /home/airflow/.local/lib/python3.12/site-packages/airflow/example_dags/example_task_group.py
[2024-10-28T00:00:04.027+0000] {processor.py:914} INFO - Processing file /home/airflow/.local/lib/python3.12/site-packages/airflow/example_dags/example_task_group.py for tasks to queue
[2024-10-28T00:00:04.028+0000] {logging_mixin.py:190} INFO - [2024-10-28T00:00:04.028+0000] {dagbag.py:588} INFO - Filling up the DagBag from /home/airflow/.local/lib/python3.12/site-packages/airflow/example_dags/example_task_group.py
[2024-10-28T00:00:04.037+0000] {processor.py:925} INFO - DAG(s) 'example_task_group' retrieved from /home/airflow/.local/lib/python3.12/site-packages/airflow/example_dags/example_task_group.py
[2024-10-28T00:00:04.059+0000] {logging_mixin.py:190} INFO - [2024-10-28T00:00:04.059+0000] {dag.py:3239} INFO - Sync 1 DAGs
[2024-10-28T00:00:04.073+0000] {logging_mixin.py:190} INFO - [2024-10-28T00:00:04.073+0000] {dag.py:4180} INFO - Setting next_dagrun for example_task_group to None, run_after=None
[2024-10-28T00:00:04.098+0000] {processor.py:208} INFO - Processing /home/airflow/.local/lib/python3.12/site-packages/airflow/example_dags/example_task_group.py took 0.078 seconds
[2024-10-28T00:00:34.678+0000] {processor.py:186} INFO - Started process (PID=45232) to work on /home/airflow/.local/lib/python3.12/site-packages/airflow/example_dags/example_task_group.py
[2024-10-28T00:00:34.679+0000] {processor.py:914} INFO - Processing file /home/airflow/.local/lib/python3.12/site-packages/airflow/example_dags/example_task_group.py for tasks to queue
[2024-10-28T00:00:34.680+0000] {logging_mixin.py:190} INFO - [2024-10-28T00:00:34.680+0000] {dagbag.py:588} INFO - Filling up the DagBag from /home/airflow/.local/lib/python3.12/site-packages/airflow/example_dags/example_task_group.py
[2024-10-28T00:00:34.690+0000] {processor.py:925} INFO - DAG(s) 'example_task_group' retrieved from /home/airflow/.local/lib/python3.12/site-packages/airflow/example_dags/example_task_group.py
[2024-10-28T00:00:34.711+0000] {logging_mixin.py:190} INFO - [2024-10-28T00:00:34.710+0000] {dag.py:3239} INFO - Sync 1 DAGs
[2024-10-28T00:00:34.726+0000] {logging_mixin.py:190} INFO - [2024-10-28T00:00:34.726+0000] {dag.py:4180} INFO - Setting next_dagrun for example_task_group to None, run_after=None
[2024-10-28T00:00:34.746+0000] {processor.py:208} INFO - Processing /home/airflow/.local/lib/python3.12/site-packages/airflow/example_dags/example_task_group.py took 0.075 seconds
[2024-10-28T00:01:05.321+0000] {processor.py:186} INFO - Started process (PID=45306) to work on /home/airflow/.local/lib/python3.12/site-packages/airflow/example_dags/example_task_group.py
[2024-10-28T00:01:05.322+0000] {processor.py:914} INFO - Processing file /home/airflow/.local/lib/python3.12/site-packages/airflow/example_dags/example_task_group.py for tasks to queue
[2024-10-28T00:01:05.323+0000] {logging_mixin.py:190} INFO - [2024-10-28T00:01:05.323+0000] {dagbag.py:588} INFO - Filling up the DagBag from /home/airflow/.local/lib/python3.12/site-packages/airflow/example_dags/example_task_group.py
[2024-10-28T00:01:05.332+0000] {processor.py:925} INFO - DAG(s) 'example_task_group' retrieved from /home/airflow/.local/lib/python3.12/site-packages/airflow/example_dags/example_task_group.py
[2024-10-28T00:01:05.358+0000] {logging_mixin.py:190} INFO - [2024-10-28T00:01:05.358+0000] {dag.py:3239} INFO - Sync 1 DAGs
[2024-10-28T00:01:05.375+0000] {logging_mixin.py:190} INFO - [2024-10-28T00:01:05.374+0000] {dag.py:4180} INFO - Setting next_dagrun for example_task_group to None, run_after=None
[2024-10-28T00:01:05.395+0000] {processor.py:208} INFO - Processing /home/airflow/.local/lib/python3.12/site-packages/airflow/example_dags/example_task_group.py took 0.083 seconds
[2024-10-28T00:01:35.460+0000] {processor.py:186} INFO - Started process (PID=45380) to work on /home/airflow/.local/lib/python3.12/site-packages/airflow/example_dags/example_task_group.py
[2024-10-28T00:01:35.462+0000] {processor.py:914} INFO - Processing file /home/airflow/.local/lib/python3.12/site-packages/airflow/example_dags/example_task_group.py for tasks to queue
[2024-10-28T00:01:35.465+0000] {logging_mixin.py:190} INFO - [2024-10-28T00:01:35.464+0000] {dagbag.py:588} INFO - Filling up the DagBag from /home/airflow/.local/lib/python3.12/site-packages/airflow/example_dags/example_task_group.py
[2024-10-28T00:01:35.477+0000] {processor.py:925} INFO - DAG(s) 'example_task_group' retrieved from /home/airflow/.local/lib/python3.12/site-packages/airflow/example_dags/example_task_group.py
[2024-10-28T00:01:35.507+0000] {logging_mixin.py:190} INFO - [2024-10-28T00:01:35.506+0000] {dag.py:3239} INFO - Sync 1 DAGs
[2024-10-28T00:01:35.527+0000] {logging_mixin.py:190} INFO - [2024-10-28T00:01:35.527+0000] {dag.py:4180} INFO - Setting next_dagrun for example_task_group to None, run_after=None
[2024-10-28T00:01:35.549+0000] {processor.py:208} INFO - Processing /home/airflow/.local/lib/python3.12/site-packages/airflow/example_dags/example_task_group.py took 0.097 seconds
[2024-10-28T00:02:06.251+0000] {processor.py:186} INFO - Started process (PID=45460) to work on /home/airflow/.local/lib/python3.12/site-packages/airflow/example_dags/example_task_group.py
[2024-10-28T00:02:06.252+0000] {processor.py:914} INFO - Processing file /home/airflow/.local/lib/python3.12/site-packages/airflow/example_dags/example_task_group.py for tasks to queue
[2024-10-28T00:02:06.253+0000] {logging_mixin.py:190} INFO - [2024-10-28T00:02:06.253+0000] {dagbag.py:588} INFO - Filling up the DagBag from /home/airflow/.local/lib/python3.12/site-packages/airflow/example_dags/example_task_group.py
[2024-10-28T00:02:06.263+0000] {processor.py:925} INFO - DAG(s) 'example_task_group' retrieved from /home/airflow/.local/lib/python3.12/site-packages/airflow/example_dags/example_task_group.py
[2024-10-28T00:02:06.283+0000] {logging_mixin.py:190} INFO - [2024-10-28T00:02:06.283+0000] {dag.py:3239} INFO - Sync 1 DAGs
[2024-10-28T00:02:06.300+0000] {logging_mixin.py:190} INFO - [2024-10-28T00:02:06.299+0000] {dag.py:4180} INFO - Setting next_dagrun for example_task_group to None, run_after=None
[2024-10-28T00:02:06.320+0000] {processor.py:208} INFO - Processing /home/airflow/.local/lib/python3.12/site-packages/airflow/example_dags/example_task_group.py took 0.075 seconds
[2024-10-28T00:02:36.413+0000] {processor.py:186} INFO - Started process (PID=45534) to work on /home/airflow/.local/lib/python3.12/site-packages/airflow/example_dags/example_task_group.py
[2024-10-28T00:02:36.414+0000] {processor.py:914} INFO - Processing file /home/airflow/.local/lib/python3.12/site-packages/airflow/example_dags/example_task_group.py for tasks to queue
[2024-10-28T00:02:36.415+0000] {logging_mixin.py:190} INFO - [2024-10-28T00:02:36.415+0000] {dagbag.py:588} INFO - Filling up the DagBag from /home/airflow/.local/lib/python3.12/site-packages/airflow/example_dags/example_task_group.py
[2024-10-28T00:02:36.424+0000] {processor.py:925} INFO - DAG(s) 'example_task_group' retrieved from /home/airflow/.local/lib/python3.12/site-packages/airflow/example_dags/example_task_group.py
[2024-10-28T00:02:36.444+0000] {logging_mixin.py:190} INFO - [2024-10-28T00:02:36.443+0000] {dag.py:3239} INFO - Sync 1 DAGs
[2024-10-28T00:02:36.458+0000] {logging_mixin.py:190} INFO - [2024-10-28T00:02:36.458+0000] {dag.py:4180} INFO - Setting next_dagrun for example_task_group to None, run_after=None
[2024-10-28T00:02:36.477+0000] {processor.py:208} INFO - Processing /home/airflow/.local/lib/python3.12/site-packages/airflow/example_dags/example_task_group.py took 0.069 seconds
[2024-10-28T00:03:06.957+0000] {processor.py:186} INFO - Started process (PID=45608) to work on /home/airflow/.local/lib/python3.12/site-packages/airflow/example_dags/example_task_group.py
[2024-10-28T00:03:06.959+0000] {processor.py:914} INFO - Processing file /home/airflow/.local/lib/python3.12/site-packages/airflow/example_dags/example_task_group.py for tasks to queue
[2024-10-28T00:03:06.960+0000] {logging_mixin.py:190} INFO - [2024-10-28T00:03:06.960+0000] {dagbag.py:588} INFO - Filling up the DagBag from /home/airflow/.local/lib/python3.12/site-packages/airflow/example_dags/example_task_group.py
[2024-10-28T00:03:06.969+0000] {processor.py:925} INFO - DAG(s) 'example_task_group' retrieved from /home/airflow/.local/lib/python3.12/site-packages/airflow/example_dags/example_task_group.py
[2024-10-28T00:03:06.990+0000] {logging_mixin.py:190} INFO - [2024-10-28T00:03:06.990+0000] {dag.py:3239} INFO - Sync 1 DAGs
[2024-10-28T00:03:07.006+0000] {logging_mixin.py:190} INFO - [2024-10-28T00:03:07.006+0000] {dag.py:4180} INFO - Setting next_dagrun for example_task_group to None, run_after=None
[2024-10-28T00:03:07.024+0000] {processor.py:208} INFO - Processing /home/airflow/.local/lib/python3.12/site-packages/airflow/example_dags/example_task_group.py took 0.072 seconds
[2024-10-28T00:03:37.169+0000] {processor.py:186} INFO - Started process (PID=45682) to work on /home/airflow/.local/lib/python3.12/site-packages/airflow/example_dags/example_task_group.py
[2024-10-28T00:03:37.171+0000] {processor.py:914} INFO - Processing file /home/airflow/.local/lib/python3.12/site-packages/airflow/example_dags/example_task_group.py for tasks to queue
[2024-10-28T00:03:37.173+0000] {logging_mixin.py:190} INFO - [2024-10-28T00:03:37.172+0000] {dagbag.py:588} INFO - Filling up the DagBag from /home/airflow/.local/lib/python3.12/site-packages/airflow/example_dags/example_task_group.py
[2024-10-28T00:03:37.184+0000] {processor.py:925} INFO - DAG(s) 'example_task_group' retrieved from /home/airflow/.local/lib/python3.12/site-packages/airflow/example_dags/example_task_group.py
[2024-10-28T00:03:37.205+0000] {logging_mixin.py:190} INFO - [2024-10-28T00:03:37.204+0000] {dag.py:3239} INFO - Sync 1 DAGs
[2024-10-28T00:03:37.220+0000] {logging_mixin.py:190} INFO - [2024-10-28T00:03:37.220+0000] {dag.py:4180} INFO - Setting next_dagrun for example_task_group to None, run_after=None
[2024-10-28T00:03:37.238+0000] {processor.py:208} INFO - Processing /home/airflow/.local/lib/python3.12/site-packages/airflow/example_dags/example_task_group.py took 0.076 seconds
[2024-10-28T00:04:07.945+0000] {processor.py:186} INFO - Started process (PID=45756) to work on /home/airflow/.local/lib/python3.12/site-packages/airflow/example_dags/example_task_group.py
[2024-10-28T00:04:07.946+0000] {processor.py:914} INFO - Processing file /home/airflow/.local/lib/python3.12/site-packages/airflow/example_dags/example_task_group.py for tasks to queue
[2024-10-28T00:04:07.947+0000] {logging_mixin.py:190} INFO - [2024-10-28T00:04:07.947+0000] {dagbag.py:588} INFO - Filling up the DagBag from /home/airflow/.local/lib/python3.12/site-packages/airflow/example_dags/example_task_group.py
[2024-10-28T00:04:07.955+0000] {processor.py:925} INFO - DAG(s) 'example_task_group' retrieved from /home/airflow/.local/lib/python3.12/site-packages/airflow/example_dags/example_task_group.py
[2024-10-28T00:04:07.977+0000] {logging_mixin.py:190} INFO - [2024-10-28T00:04:07.976+0000] {dag.py:3239} INFO - Sync 1 DAGs
[2024-10-28T00:04:07.990+0000] {logging_mixin.py:190} INFO - [2024-10-28T00:04:07.990+0000] {dag.py:4180} INFO - Setting next_dagrun for example_task_group to None, run_after=None
[2024-10-28T00:04:08.010+0000] {processor.py:208} INFO - Processing /home/airflow/.local/lib/python3.12/site-packages/airflow/example_dags/example_task_group.py took 0.071 seconds
[2024-10-28T00:04:38.216+0000] {processor.py:186} INFO - Started process (PID=45830) to work on /home/airflow/.local/lib/python3.12/site-packages/airflow/example_dags/example_task_group.py
[2024-10-28T00:04:38.217+0000] {processor.py:914} INFO - Processing file /home/airflow/.local/lib/python3.12/site-packages/airflow/example_dags/example_task_group.py for tasks to queue
[2024-10-28T00:04:38.219+0000] {logging_mixin.py:190} INFO - [2024-10-28T00:04:38.218+0000] {dagbag.py:588} INFO - Filling up the DagBag from /home/airflow/.local/lib/python3.12/site-packages/airflow/example_dags/example_task_group.py
[2024-10-28T00:04:38.232+0000] {processor.py:925} INFO - DAG(s) 'example_task_group' retrieved from /home/airflow/.local/lib/python3.12/site-packages/airflow/example_dags/example_task_group.py
[2024-10-28T00:04:38.259+0000] {logging_mixin.py:190} INFO - [2024-10-28T00:04:38.259+0000] {dag.py:3239} INFO - Sync 1 DAGs
[2024-10-28T00:04:38.277+0000] {logging_mixin.py:190} INFO - [2024-10-28T00:04:38.277+0000] {dag.py:4180} INFO - Setting next_dagrun for example_task_group to None, run_after=None
[2024-10-28T00:04:38.298+0000] {processor.py:208} INFO - Processing /home/airflow/.local/lib/python3.12/site-packages/airflow/example_dags/example_task_group.py took 0.088 seconds
[2024-10-28T00:05:08.849+0000] {processor.py:186} INFO - Started process (PID=45904) to work on /home/airflow/.local/lib/python3.12/site-packages/airflow/example_dags/example_task_group.py
[2024-10-28T00:05:08.851+0000] {processor.py:914} INFO - Processing file /home/airflow/.local/lib/python3.12/site-packages/airflow/example_dags/example_task_group.py for tasks to queue
[2024-10-28T00:05:08.853+0000] {logging_mixin.py:190} INFO - [2024-10-28T00:05:08.852+0000] {dagbag.py:588} INFO - Filling up the DagBag from /home/airflow/.local/lib/python3.12/site-packages/airflow/example_dags/example_task_group.py
[2024-10-28T00:05:08.861+0000] {processor.py:925} INFO - DAG(s) 'example_task_group' retrieved from /home/airflow/.local/lib/python3.12/site-packages/airflow/example_dags/example_task_group.py
[2024-10-28T00:05:08.888+0000] {logging_mixin.py:190} INFO - [2024-10-28T00:05:08.887+0000] {dag.py:3239} INFO - Sync 1 DAGs
[2024-10-28T00:05:08.904+0000] {logging_mixin.py:190} INFO - [2024-10-28T00:05:08.903+0000] {dag.py:4180} INFO - Setting next_dagrun for example_task_group to None, run_after=None
[2024-10-28T00:05:08.924+0000] {processor.py:208} INFO - Processing /home/airflow/.local/lib/python3.12/site-packages/airflow/example_dags/example_task_group.py took 0.080 seconds
[2024-10-28T00:05:39.173+0000] {processor.py:186} INFO - Started process (PID=45978) to work on /home/airflow/.local/lib/python3.12/site-packages/airflow/example_dags/example_task_group.py
[2024-10-28T00:05:39.174+0000] {processor.py:914} INFO - Processing file /home/airflow/.local/lib/python3.12/site-packages/airflow/example_dags/example_task_group.py for tasks to queue
[2024-10-28T00:05:39.176+0000] {logging_mixin.py:190} INFO - [2024-10-28T00:05:39.175+0000] {dagbag.py:588} INFO - Filling up the DagBag from /home/airflow/.local/lib/python3.12/site-packages/airflow/example_dags/example_task_group.py
[2024-10-28T00:05:39.186+0000] {processor.py:925} INFO - DAG(s) 'example_task_group' retrieved from /home/airflow/.local/lib/python3.12/site-packages/airflow/example_dags/example_task_group.py
[2024-10-28T00:05:39.209+0000] {logging_mixin.py:190} INFO - [2024-10-28T00:05:39.209+0000] {dag.py:3239} INFO - Sync 1 DAGs
[2024-10-28T00:05:39.228+0000] {logging_mixin.py:190} INFO - [2024-10-28T00:05:39.227+0000] {dag.py:4180} INFO - Setting next_dagrun for example_task_group to None, run_after=None
[2024-10-28T00:05:39.251+0000] {processor.py:208} INFO - Processing /home/airflow/.local/lib/python3.12/site-packages/airflow/example_dags/example_task_group.py took 0.083 seconds
[2024-10-28T00:06:09.579+0000] {processor.py:186} INFO - Started process (PID=46052) to work on /home/airflow/.local/lib/python3.12/site-packages/airflow/example_dags/example_task_group.py
[2024-10-28T00:06:09.581+0000] {processor.py:914} INFO - Processing file /home/airflow/.local/lib/python3.12/site-packages/airflow/example_dags/example_task_group.py for tasks to queue
[2024-10-28T00:06:09.582+0000] {logging_mixin.py:190} INFO - [2024-10-28T00:06:09.582+0000] {dagbag.py:588} INFO - Filling up the DagBag from /home/airflow/.local/lib/python3.12/site-packages/airflow/example_dags/example_task_group.py
[2024-10-28T00:06:09.591+0000] {processor.py:925} INFO - DAG(s) 'example_task_group' retrieved from /home/airflow/.local/lib/python3.12/site-packages/airflow/example_dags/example_task_group.py
[2024-10-28T00:06:09.616+0000] {logging_mixin.py:190} INFO - [2024-10-28T00:06:09.616+0000] {dag.py:3239} INFO - Sync 1 DAGs
[2024-10-28T00:06:09.631+0000] {logging_mixin.py:190} INFO - [2024-10-28T00:06:09.631+0000] {dag.py:4180} INFO - Setting next_dagrun for example_task_group to None, run_after=None
[2024-10-28T00:06:09.649+0000] {processor.py:208} INFO - Processing /home/airflow/.local/lib/python3.12/site-packages/airflow/example_dags/example_task_group.py took 0.079 seconds
[2024-10-28T00:06:39.895+0000] {processor.py:186} INFO - Started process (PID=46126) to work on /home/airflow/.local/lib/python3.12/site-packages/airflow/example_dags/example_task_group.py
[2024-10-28T00:06:39.897+0000] {processor.py:914} INFO - Processing file /home/airflow/.local/lib/python3.12/site-packages/airflow/example_dags/example_task_group.py for tasks to queue
[2024-10-28T00:06:39.900+0000] {logging_mixin.py:190} INFO - [2024-10-28T00:06:39.899+0000] {dagbag.py:588} INFO - Filling up the DagBag from /home/airflow/.local/lib/python3.12/site-packages/airflow/example_dags/example_task_group.py
[2024-10-28T00:06:39.912+0000] {processor.py:925} INFO - DAG(s) 'example_task_group' retrieved from /home/airflow/.local/lib/python3.12/site-packages/airflow/example_dags/example_task_group.py
[2024-10-28T00:06:39.933+0000] {logging_mixin.py:190} INFO - [2024-10-28T00:06:39.933+0000] {dag.py:3239} INFO - Sync 1 DAGs
[2024-10-28T00:06:39.948+0000] {logging_mixin.py:190} INFO - [2024-10-28T00:06:39.948+0000] {dag.py:4180} INFO - Setting next_dagrun for example_task_group to None, run_after=None
[2024-10-28T00:06:39.966+0000] {processor.py:208} INFO - Processing /home/airflow/.local/lib/python3.12/site-packages/airflow/example_dags/example_task_group.py took 0.078 seconds
[2024-10-28T00:07:10.930+0000] {processor.py:186} INFO - Started process (PID=46200) to work on /home/airflow/.local/lib/python3.12/site-packages/airflow/example_dags/example_task_group.py
[2024-10-28T00:07:10.931+0000] {processor.py:914} INFO - Processing file /home/airflow/.local/lib/python3.12/site-packages/airflow/example_dags/example_task_group.py for tasks to queue
[2024-10-28T00:07:10.933+0000] {logging_mixin.py:190} INFO - [2024-10-28T00:07:10.932+0000] {dagbag.py:588} INFO - Filling up the DagBag from /home/airflow/.local/lib/python3.12/site-packages/airflow/example_dags/example_task_group.py
[2024-10-28T00:07:10.941+0000] {processor.py:925} INFO - DAG(s) 'example_task_group' retrieved from /home/airflow/.local/lib/python3.12/site-packages/airflow/example_dags/example_task_group.py
[2024-10-28T00:07:10.963+0000] {logging_mixin.py:190} INFO - [2024-10-28T00:07:10.962+0000] {dag.py:3239} INFO - Sync 1 DAGs
[2024-10-28T00:07:10.978+0000] {logging_mixin.py:190} INFO - [2024-10-28T00:07:10.977+0000] {dag.py:4180} INFO - Setting next_dagrun for example_task_group to None, run_after=None
[2024-10-28T00:07:10.998+0000] {processor.py:208} INFO - Processing /home/airflow/.local/lib/python3.12/site-packages/airflow/example_dags/example_task_group.py took 0.073 seconds
[2024-10-28T00:07:41.756+0000] {processor.py:186} INFO - Started process (PID=46275) to work on /home/airflow/.local/lib/python3.12/site-packages/airflow/example_dags/example_task_group.py
[2024-10-28T00:07:41.757+0000] {processor.py:914} INFO - Processing file /home/airflow/.local/lib/python3.12/site-packages/airflow/example_dags/example_task_group.py for tasks to queue
[2024-10-28T00:07:41.759+0000] {logging_mixin.py:190} INFO - [2024-10-28T00:07:41.758+0000] {dagbag.py:588} INFO - Filling up the DagBag from /home/airflow/.local/lib/python3.12/site-packages/airflow/example_dags/example_task_group.py
[2024-10-28T00:07:41.767+0000] {processor.py:925} INFO - DAG(s) 'example_task_group' retrieved from /home/airflow/.local/lib/python3.12/site-packages/airflow/example_dags/example_task_group.py
[2024-10-28T00:07:41.789+0000] {logging_mixin.py:190} INFO - [2024-10-28T00:07:41.789+0000] {dag.py:3239} INFO - Sync 1 DAGs
[2024-10-28T00:07:41.804+0000] {logging_mixin.py:190} INFO - [2024-10-28T00:07:41.804+0000] {dag.py:4180} INFO - Setting next_dagrun for example_task_group to None, run_after=None
[2024-10-28T00:07:41.822+0000] {processor.py:208} INFO - Processing /home/airflow/.local/lib/python3.12/site-packages/airflow/example_dags/example_task_group.py took 0.071 seconds
[2024-10-28T00:08:12.006+0000] {processor.py:186} INFO - Started process (PID=46337) to work on /home/airflow/.local/lib/python3.12/site-packages/airflow/example_dags/example_task_group.py
[2024-10-28T00:08:12.007+0000] {processor.py:914} INFO - Processing file /home/airflow/.local/lib/python3.12/site-packages/airflow/example_dags/example_task_group.py for tasks to queue
[2024-10-28T00:08:12.008+0000] {logging_mixin.py:190} INFO - [2024-10-28T00:08:12.008+0000] {dagbag.py:588} INFO - Filling up the DagBag from /home/airflow/.local/lib/python3.12/site-packages/airflow/example_dags/example_task_group.py
[2024-10-28T00:08:12.018+0000] {processor.py:925} INFO - DAG(s) 'example_task_group' retrieved from /home/airflow/.local/lib/python3.12/site-packages/airflow/example_dags/example_task_group.py
[2024-10-28T00:08:12.042+0000] {logging_mixin.py:190} INFO - [2024-10-28T00:08:12.042+0000] {dag.py:3239} INFO - Sync 1 DAGs
[2024-10-28T00:08:12.060+0000] {logging_mixin.py:190} INFO - [2024-10-28T00:08:12.059+0000] {dag.py:4180} INFO - Setting next_dagrun for example_task_group to None, run_after=None
[2024-10-28T00:08:12.082+0000] {processor.py:208} INFO - Processing /home/airflow/.local/lib/python3.12/site-packages/airflow/example_dags/example_task_group.py took 0.082 seconds
[2024-10-28T00:08:42.668+0000] {processor.py:186} INFO - Started process (PID=46411) to work on /home/airflow/.local/lib/python3.12/site-packages/airflow/example_dags/example_task_group.py
[2024-10-28T00:08:42.669+0000] {processor.py:914} INFO - Processing file /home/airflow/.local/lib/python3.12/site-packages/airflow/example_dags/example_task_group.py for tasks to queue
[2024-10-28T00:08:42.671+0000] {logging_mixin.py:190} INFO - [2024-10-28T00:08:42.671+0000] {dagbag.py:588} INFO - Filling up the DagBag from /home/airflow/.local/lib/python3.12/site-packages/airflow/example_dags/example_task_group.py
[2024-10-28T00:08:42.680+0000] {processor.py:925} INFO - DAG(s) 'example_task_group' retrieved from /home/airflow/.local/lib/python3.12/site-packages/airflow/example_dags/example_task_group.py
[2024-10-28T00:08:42.702+0000] {logging_mixin.py:190} INFO - [2024-10-28T00:08:42.701+0000] {dag.py:3239} INFO - Sync 1 DAGs
[2024-10-28T00:08:42.717+0000] {logging_mixin.py:190} INFO - [2024-10-28T00:08:42.717+0000] {dag.py:4180} INFO - Setting next_dagrun for example_task_group to None, run_after=None
[2024-10-28T00:08:42.737+0000] {processor.py:208} INFO - Processing /home/airflow/.local/lib/python3.12/site-packages/airflow/example_dags/example_task_group.py took 0.075 seconds
[2024-10-28T00:09:13.469+0000] {processor.py:186} INFO - Started process (PID=46485) to work on /home/airflow/.local/lib/python3.12/site-packages/airflow/example_dags/example_task_group.py
[2024-10-28T00:09:13.471+0000] {processor.py:914} INFO - Processing file /home/airflow/.local/lib/python3.12/site-packages/airflow/example_dags/example_task_group.py for tasks to queue
[2024-10-28T00:09:13.472+0000] {logging_mixin.py:190} INFO - [2024-10-28T00:09:13.472+0000] {dagbag.py:588} INFO - Filling up the DagBag from /home/airflow/.local/lib/python3.12/site-packages/airflow/example_dags/example_task_group.py
[2024-10-28T00:09:13.482+0000] {processor.py:925} INFO - DAG(s) 'example_task_group' retrieved from /home/airflow/.local/lib/python3.12/site-packages/airflow/example_dags/example_task_group.py
[2024-10-28T00:09:13.506+0000] {logging_mixin.py:190} INFO - [2024-10-28T00:09:13.506+0000] {dag.py:3239} INFO - Sync 1 DAGs
[2024-10-28T00:09:13.522+0000] {logging_mixin.py:190} INFO - [2024-10-28T00:09:13.522+0000] {dag.py:4180} INFO - Setting next_dagrun for example_task_group to None, run_after=None
[2024-10-28T00:09:13.543+0000] {processor.py:208} INFO - Processing /home/airflow/.local/lib/python3.12/site-packages/airflow/example_dags/example_task_group.py took 0.080 seconds
[2024-10-28T00:09:44.172+0000] {processor.py:186} INFO - Started process (PID=46559) to work on /home/airflow/.local/lib/python3.12/site-packages/airflow/example_dags/example_task_group.py
[2024-10-28T00:09:44.173+0000] {processor.py:914} INFO - Processing file /home/airflow/.local/lib/python3.12/site-packages/airflow/example_dags/example_task_group.py for tasks to queue
[2024-10-28T00:09:44.176+0000] {logging_mixin.py:190} INFO - [2024-10-28T00:09:44.175+0000] {dagbag.py:588} INFO - Filling up the DagBag from /home/airflow/.local/lib/python3.12/site-packages/airflow/example_dags/example_task_group.py
[2024-10-28T00:09:44.192+0000] {processor.py:925} INFO - DAG(s) 'example_task_group' retrieved from /home/airflow/.local/lib/python3.12/site-packages/airflow/example_dags/example_task_group.py
[2024-10-28T00:09:44.221+0000] {logging_mixin.py:190} INFO - [2024-10-28T00:09:44.221+0000] {dag.py:3239} INFO - Sync 1 DAGs
[2024-10-28T00:09:44.240+0000] {logging_mixin.py:190} INFO - [2024-10-28T00:09:44.240+0000] {dag.py:4180} INFO - Setting next_dagrun for example_task_group to None, run_after=None
[2024-10-28T00:09:44.261+0000] {processor.py:208} INFO - Processing /home/airflow/.local/lib/python3.12/site-packages/airflow/example_dags/example_task_group.py took 0.097 seconds
[2024-10-28T00:10:14.387+0000] {processor.py:186} INFO - Started process (PID=46633) to work on /home/airflow/.local/lib/python3.12/site-packages/airflow/example_dags/example_task_group.py
[2024-10-28T00:10:14.388+0000] {processor.py:914} INFO - Processing file /home/airflow/.local/lib/python3.12/site-packages/airflow/example_dags/example_task_group.py for tasks to queue
[2024-10-28T00:10:14.389+0000] {logging_mixin.py:190} INFO - [2024-10-28T00:10:14.389+0000] {dagbag.py:588} INFO - Filling up the DagBag from /home/airflow/.local/lib/python3.12/site-packages/airflow/example_dags/example_task_group.py
[2024-10-28T00:10:14.398+0000] {processor.py:925} INFO - DAG(s) 'example_task_group' retrieved from /home/airflow/.local/lib/python3.12/site-packages/airflow/example_dags/example_task_group.py
[2024-10-28T00:10:14.422+0000] {logging_mixin.py:190} INFO - [2024-10-28T00:10:14.422+0000] {dag.py:3239} INFO - Sync 1 DAGs
[2024-10-28T00:10:14.438+0000] {logging_mixin.py:190} INFO - [2024-10-28T00:10:14.438+0000] {dag.py:4180} INFO - Setting next_dagrun for example_task_group to None, run_after=None
[2024-10-28T00:10:14.467+0000] {processor.py:208} INFO - Processing /home/airflow/.local/lib/python3.12/site-packages/airflow/example_dags/example_task_group.py took 0.085 seconds
[2024-10-28T00:10:44.670+0000] {processor.py:186} INFO - Started process (PID=46707) to work on /home/airflow/.local/lib/python3.12/site-packages/airflow/example_dags/example_task_group.py
[2024-10-28T00:10:44.672+0000] {processor.py:914} INFO - Processing file /home/airflow/.local/lib/python3.12/site-packages/airflow/example_dags/example_task_group.py for tasks to queue
[2024-10-28T00:10:44.673+0000] {logging_mixin.py:190} INFO - [2024-10-28T00:10:44.673+0000] {dagbag.py:588} INFO - Filling up the DagBag from /home/airflow/.local/lib/python3.12/site-packages/airflow/example_dags/example_task_group.py
[2024-10-28T00:10:44.683+0000] {processor.py:925} INFO - DAG(s) 'example_task_group' retrieved from /home/airflow/.local/lib/python3.12/site-packages/airflow/example_dags/example_task_group.py
[2024-10-28T00:10:44.705+0000] {logging_mixin.py:190} INFO - [2024-10-28T00:10:44.705+0000] {dag.py:3239} INFO - Sync 1 DAGs
[2024-10-28T00:10:44.720+0000] {logging_mixin.py:190} INFO - [2024-10-28T00:10:44.720+0000] {dag.py:4180} INFO - Setting next_dagrun for example_task_group to None, run_after=None
[2024-10-28T00:10:44.740+0000] {processor.py:208} INFO - Processing /home/airflow/.local/lib/python3.12/site-packages/airflow/example_dags/example_task_group.py took 0.076 seconds
[2024-10-28T00:11:15.694+0000] {processor.py:186} INFO - Started process (PID=46781) to work on /home/airflow/.local/lib/python3.12/site-packages/airflow/example_dags/example_task_group.py
[2024-10-28T00:11:15.695+0000] {processor.py:914} INFO - Processing file /home/airflow/.local/lib/python3.12/site-packages/airflow/example_dags/example_task_group.py for tasks to queue
[2024-10-28T00:11:15.696+0000] {logging_mixin.py:190} INFO - [2024-10-28T00:11:15.696+0000] {dagbag.py:588} INFO - Filling up the DagBag from /home/airflow/.local/lib/python3.12/site-packages/airflow/example_dags/example_task_group.py
[2024-10-28T00:11:15.706+0000] {processor.py:925} INFO - DAG(s) 'example_task_group' retrieved from /home/airflow/.local/lib/python3.12/site-packages/airflow/example_dags/example_task_group.py
[2024-10-28T00:11:15.729+0000] {logging_mixin.py:190} INFO - [2024-10-28T00:11:15.728+0000] {dag.py:3239} INFO - Sync 1 DAGs
[2024-10-28T00:11:15.746+0000] {logging_mixin.py:190} INFO - [2024-10-28T00:11:15.746+0000] {dag.py:4180} INFO - Setting next_dagrun for example_task_group to None, run_after=None
[2024-10-28T00:11:15.766+0000] {processor.py:208} INFO - Processing /home/airflow/.local/lib/python3.12/site-packages/airflow/example_dags/example_task_group.py took 0.077 seconds
[2024-10-28T00:11:45.894+0000] {processor.py:186} INFO - Started process (PID=46855) to work on /home/airflow/.local/lib/python3.12/site-packages/airflow/example_dags/example_task_group.py
[2024-10-28T00:11:45.896+0000] {processor.py:914} INFO - Processing file /home/airflow/.local/lib/python3.12/site-packages/airflow/example_dags/example_task_group.py for tasks to queue
[2024-10-28T00:11:45.897+0000] {logging_mixin.py:190} INFO - [2024-10-28T00:11:45.897+0000] {dagbag.py:588} INFO - Filling up the DagBag from /home/airflow/.local/lib/python3.12/site-packages/airflow/example_dags/example_task_group.py
[2024-10-28T00:11:45.905+0000] {processor.py:925} INFO - DAG(s) 'example_task_group' retrieved from /home/airflow/.local/lib/python3.12/site-packages/airflow/example_dags/example_task_group.py
[2024-10-28T00:11:45.925+0000] {logging_mixin.py:190} INFO - [2024-10-28T00:11:45.925+0000] {dag.py:3239} INFO - Sync 1 DAGs
[2024-10-28T00:11:45.939+0000] {logging_mixin.py:190} INFO - [2024-10-28T00:11:45.939+0000] {dag.py:4180} INFO - Setting next_dagrun for example_task_group to None, run_after=None
[2024-10-28T00:11:45.956+0000] {processor.py:208} INFO - Processing /home/airflow/.local/lib/python3.12/site-packages/airflow/example_dags/example_task_group.py took 0.067 seconds
[2024-10-28T00:12:16.389+0000] {processor.py:186} INFO - Started process (PID=46929) to work on /home/airflow/.local/lib/python3.12/site-packages/airflow/example_dags/example_task_group.py
[2024-10-28T00:12:16.390+0000] {processor.py:914} INFO - Processing file /home/airflow/.local/lib/python3.12/site-packages/airflow/example_dags/example_task_group.py for tasks to queue
[2024-10-28T00:12:16.391+0000] {logging_mixin.py:190} INFO - [2024-10-28T00:12:16.391+0000] {dagbag.py:588} INFO - Filling up the DagBag from /home/airflow/.local/lib/python3.12/site-packages/airflow/example_dags/example_task_group.py
[2024-10-28T00:12:16.399+0000] {processor.py:925} INFO - DAG(s) 'example_task_group' retrieved from /home/airflow/.local/lib/python3.12/site-packages/airflow/example_dags/example_task_group.py
[2024-10-28T00:12:16.420+0000] {logging_mixin.py:190} INFO - [2024-10-28T00:12:16.419+0000] {dag.py:3239} INFO - Sync 1 DAGs
[2024-10-28T00:12:16.433+0000] {logging_mixin.py:190} INFO - [2024-10-28T00:12:16.433+0000] {dag.py:4180} INFO - Setting next_dagrun for example_task_group to None, run_after=None
[2024-10-28T00:12:16.450+0000] {processor.py:208} INFO - Processing /home/airflow/.local/lib/python3.12/site-packages/airflow/example_dags/example_task_group.py took 0.067 seconds
[2024-10-28T00:12:46.830+0000] {processor.py:186} INFO - Started process (PID=47003) to work on /home/airflow/.local/lib/python3.12/site-packages/airflow/example_dags/example_task_group.py
[2024-10-28T00:12:46.831+0000] {processor.py:914} INFO - Processing file /home/airflow/.local/lib/python3.12/site-packages/airflow/example_dags/example_task_group.py for tasks to queue
[2024-10-28T00:12:46.833+0000] {logging_mixin.py:190} INFO - [2024-10-28T00:12:46.832+0000] {dagbag.py:588} INFO - Filling up the DagBag from /home/airflow/.local/lib/python3.12/site-packages/airflow/example_dags/example_task_group.py
[2024-10-28T00:12:46.841+0000] {processor.py:925} INFO - DAG(s) 'example_task_group' retrieved from /home/airflow/.local/lib/python3.12/site-packages/airflow/example_dags/example_task_group.py
[2024-10-28T00:12:46.861+0000] {logging_mixin.py:190} INFO - [2024-10-28T00:12:46.861+0000] {dag.py:3239} INFO - Sync 1 DAGs
[2024-10-28T00:12:46.875+0000] {logging_mixin.py:190} INFO - [2024-10-28T00:12:46.874+0000] {dag.py:4180} INFO - Setting next_dagrun for example_task_group to None, run_after=None
[2024-10-28T00:12:46.892+0000] {processor.py:208} INFO - Processing /home/airflow/.local/lib/python3.12/site-packages/airflow/example_dags/example_task_group.py took 0.067 seconds
[2024-10-28T00:13:17.199+0000] {processor.py:186} INFO - Started process (PID=47077) to work on /home/airflow/.local/lib/python3.12/site-packages/airflow/example_dags/example_task_group.py
[2024-10-28T00:13:17.200+0000] {processor.py:914} INFO - Processing file /home/airflow/.local/lib/python3.12/site-packages/airflow/example_dags/example_task_group.py for tasks to queue
[2024-10-28T00:13:17.202+0000] {logging_mixin.py:190} INFO - [2024-10-28T00:13:17.202+0000] {dagbag.py:588} INFO - Filling up the DagBag from /home/airflow/.local/lib/python3.12/site-packages/airflow/example_dags/example_task_group.py
[2024-10-28T00:13:17.210+0000] {processor.py:925} INFO - DAG(s) 'example_task_group' retrieved from /home/airflow/.local/lib/python3.12/site-packages/airflow/example_dags/example_task_group.py
[2024-10-28T00:13:17.230+0000] {logging_mixin.py:190} INFO - [2024-10-28T00:13:17.230+0000] {dag.py:3239} INFO - Sync 1 DAGs
[2024-10-28T00:13:17.244+0000] {logging_mixin.py:190} INFO - [2024-10-28T00:13:17.243+0000] {dag.py:4180} INFO - Setting next_dagrun for example_task_group to None, run_after=None
[2024-10-28T00:13:17.263+0000] {processor.py:208} INFO - Processing /home/airflow/.local/lib/python3.12/site-packages/airflow/example_dags/example_task_group.py took 0.069 seconds
[2024-10-28T00:13:47.623+0000] {processor.py:186} INFO - Started process (PID=47151) to work on /home/airflow/.local/lib/python3.12/site-packages/airflow/example_dags/example_task_group.py
[2024-10-28T00:13:47.625+0000] {processor.py:914} INFO - Processing file /home/airflow/.local/lib/python3.12/site-packages/airflow/example_dags/example_task_group.py for tasks to queue
[2024-10-28T00:13:47.626+0000] {logging_mixin.py:190} INFO - [2024-10-28T00:13:47.626+0000] {dagbag.py:588} INFO - Filling up the DagBag from /home/airflow/.local/lib/python3.12/site-packages/airflow/example_dags/example_task_group.py
[2024-10-28T00:13:47.634+0000] {processor.py:925} INFO - DAG(s) 'example_task_group' retrieved from /home/airflow/.local/lib/python3.12/site-packages/airflow/example_dags/example_task_group.py
[2024-10-28T00:13:47.654+0000] {logging_mixin.py:190} INFO - [2024-10-28T00:13:47.654+0000] {dag.py:3239} INFO - Sync 1 DAGs
[2024-10-28T00:13:47.667+0000] {logging_mixin.py:190} INFO - [2024-10-28T00:13:47.667+0000] {dag.py:4180} INFO - Setting next_dagrun for example_task_group to None, run_after=None
[2024-10-28T00:13:47.685+0000] {processor.py:208} INFO - Processing /home/airflow/.local/lib/python3.12/site-packages/airflow/example_dags/example_task_group.py took 0.067 seconds
[2024-10-28T00:14:17.888+0000] {processor.py:186} INFO - Started process (PID=47225) to work on /home/airflow/.local/lib/python3.12/site-packages/airflow/example_dags/example_task_group.py
[2024-10-28T00:14:17.890+0000] {processor.py:914} INFO - Processing file /home/airflow/.local/lib/python3.12/site-packages/airflow/example_dags/example_task_group.py for tasks to queue
[2024-10-28T00:14:17.891+0000] {logging_mixin.py:190} INFO - [2024-10-28T00:14:17.891+0000] {dagbag.py:588} INFO - Filling up the DagBag from /home/airflow/.local/lib/python3.12/site-packages/airflow/example_dags/example_task_group.py
[2024-10-28T00:14:17.899+0000] {processor.py:925} INFO - DAG(s) 'example_task_group' retrieved from /home/airflow/.local/lib/python3.12/site-packages/airflow/example_dags/example_task_group.py
[2024-10-28T00:14:17.919+0000] {logging_mixin.py:190} INFO - [2024-10-28T00:14:17.919+0000] {dag.py:3239} INFO - Sync 1 DAGs
[2024-10-28T00:14:17.933+0000] {logging_mixin.py:190} INFO - [2024-10-28T00:14:17.933+0000] {dag.py:4180} INFO - Setting next_dagrun for example_task_group to None, run_after=None
[2024-10-28T00:14:17.950+0000] {processor.py:208} INFO - Processing /home/airflow/.local/lib/python3.12/site-packages/airflow/example_dags/example_task_group.py took 0.067 seconds
[2024-10-28T00:14:48.069+0000] {processor.py:186} INFO - Started process (PID=47299) to work on /home/airflow/.local/lib/python3.12/site-packages/airflow/example_dags/example_task_group.py
[2024-10-28T00:14:48.070+0000] {processor.py:914} INFO - Processing file /home/airflow/.local/lib/python3.12/site-packages/airflow/example_dags/example_task_group.py for tasks to queue
[2024-10-28T00:14:48.072+0000] {logging_mixin.py:190} INFO - [2024-10-28T00:14:48.071+0000] {dagbag.py:588} INFO - Filling up the DagBag from /home/airflow/.local/lib/python3.12/site-packages/airflow/example_dags/example_task_group.py
[2024-10-28T00:14:48.080+0000] {processor.py:925} INFO - DAG(s) 'example_task_group' retrieved from /home/airflow/.local/lib/python3.12/site-packages/airflow/example_dags/example_task_group.py
[2024-10-28T00:14:48.100+0000] {logging_mixin.py:190} INFO - [2024-10-28T00:14:48.100+0000] {dag.py:3239} INFO - Sync 1 DAGs
[2024-10-28T00:14:48.114+0000] {logging_mixin.py:190} INFO - [2024-10-28T00:14:48.113+0000] {dag.py:4180} INFO - Setting next_dagrun for example_task_group to None, run_after=None
[2024-10-28T00:14:48.130+0000] {processor.py:208} INFO - Processing /home/airflow/.local/lib/python3.12/site-packages/airflow/example_dags/example_task_group.py took 0.067 seconds
[2024-10-28T00:15:18.602+0000] {processor.py:186} INFO - Started process (PID=47373) to work on /home/airflow/.local/lib/python3.12/site-packages/airflow/example_dags/example_task_group.py
[2024-10-28T00:15:18.603+0000] {processor.py:914} INFO - Processing file /home/airflow/.local/lib/python3.12/site-packages/airflow/example_dags/example_task_group.py for tasks to queue
[2024-10-28T00:15:18.605+0000] {logging_mixin.py:190} INFO - [2024-10-28T00:15:18.604+0000] {dagbag.py:588} INFO - Filling up the DagBag from /home/airflow/.local/lib/python3.12/site-packages/airflow/example_dags/example_task_group.py
[2024-10-28T00:15:18.612+0000] {processor.py:925} INFO - DAG(s) 'example_task_group' retrieved from /home/airflow/.local/lib/python3.12/site-packages/airflow/example_dags/example_task_group.py
[2024-10-28T00:15:18.632+0000] {logging_mixin.py:190} INFO - [2024-10-28T00:15:18.632+0000] {dag.py:3239} INFO - Sync 1 DAGs
[2024-10-28T00:15:18.645+0000] {logging_mixin.py:190} INFO - [2024-10-28T00:15:18.645+0000] {dag.py:4180} INFO - Setting next_dagrun for example_task_group to None, run_after=None
[2024-10-28T00:15:18.663+0000] {processor.py:208} INFO - Processing /home/airflow/.local/lib/python3.12/site-packages/airflow/example_dags/example_task_group.py took 0.066 seconds
[2024-10-28T00:15:49.043+0000] {processor.py:186} INFO - Started process (PID=47447) to work on /home/airflow/.local/lib/python3.12/site-packages/airflow/example_dags/example_task_group.py
[2024-10-28T00:15:49.044+0000] {processor.py:914} INFO - Processing file /home/airflow/.local/lib/python3.12/site-packages/airflow/example_dags/example_task_group.py for tasks to queue
[2024-10-28T00:15:49.045+0000] {logging_mixin.py:190} INFO - [2024-10-28T00:15:49.045+0000] {dagbag.py:588} INFO - Filling up the DagBag from /home/airflow/.local/lib/python3.12/site-packages/airflow/example_dags/example_task_group.py
[2024-10-28T00:15:49.054+0000] {processor.py:925} INFO - DAG(s) 'example_task_group' retrieved from /home/airflow/.local/lib/python3.12/site-packages/airflow/example_dags/example_task_group.py
[2024-10-28T00:15:49.074+0000] {logging_mixin.py:190} INFO - [2024-10-28T00:15:49.074+0000] {dag.py:3239} INFO - Sync 1 DAGs
[2024-10-28T00:15:49.089+0000] {logging_mixin.py:190} INFO - [2024-10-28T00:15:49.088+0000] {dag.py:4180} INFO - Setting next_dagrun for example_task_group to None, run_after=None
[2024-10-28T00:15:49.106+0000] {processor.py:208} INFO - Processing /home/airflow/.local/lib/python3.12/site-packages/airflow/example_dags/example_task_group.py took 0.069 seconds
[2024-10-28T00:16:19.966+0000] {processor.py:186} INFO - Started process (PID=47521) to work on /home/airflow/.local/lib/python3.12/site-packages/airflow/example_dags/example_task_group.py
[2024-10-28T00:16:19.967+0000] {processor.py:914} INFO - Processing file /home/airflow/.local/lib/python3.12/site-packages/airflow/example_dags/example_task_group.py for tasks to queue
[2024-10-28T00:16:19.968+0000] {logging_mixin.py:190} INFO - [2024-10-28T00:16:19.968+0000] {dagbag.py:588} INFO - Filling up the DagBag from /home/airflow/.local/lib/python3.12/site-packages/airflow/example_dags/example_task_group.py
[2024-10-28T00:16:19.975+0000] {processor.py:925} INFO - DAG(s) 'example_task_group' retrieved from /home/airflow/.local/lib/python3.12/site-packages/airflow/example_dags/example_task_group.py
[2024-10-28T00:16:19.995+0000] {logging_mixin.py:190} INFO - [2024-10-28T00:16:19.995+0000] {dag.py:3239} INFO - Sync 1 DAGs
[2024-10-28T00:16:20.010+0000] {logging_mixin.py:190} INFO - [2024-10-28T00:16:20.010+0000] {dag.py:4180} INFO - Setting next_dagrun for example_task_group to None, run_after=None
[2024-10-28T00:16:20.027+0000] {processor.py:208} INFO - Processing /home/airflow/.local/lib/python3.12/site-packages/airflow/example_dags/example_task_group.py took 0.066 seconds
[2024-10-28T00:16:50.871+0000] {processor.py:186} INFO - Started process (PID=47595) to work on /home/airflow/.local/lib/python3.12/site-packages/airflow/example_dags/example_task_group.py
[2024-10-28T00:16:50.872+0000] {processor.py:914} INFO - Processing file /home/airflow/.local/lib/python3.12/site-packages/airflow/example_dags/example_task_group.py for tasks to queue
[2024-10-28T00:16:50.874+0000] {logging_mixin.py:190} INFO - [2024-10-28T00:16:50.873+0000] {dagbag.py:588} INFO - Filling up the DagBag from /home/airflow/.local/lib/python3.12/site-packages/airflow/example_dags/example_task_group.py
[2024-10-28T00:16:50.881+0000] {processor.py:925} INFO - DAG(s) 'example_task_group' retrieved from /home/airflow/.local/lib/python3.12/site-packages/airflow/example_dags/example_task_group.py
[2024-10-28T00:16:50.900+0000] {logging_mixin.py:190} INFO - [2024-10-28T00:16:50.900+0000] {dag.py:3239} INFO - Sync 1 DAGs
[2024-10-28T00:16:50.914+0000] {logging_mixin.py:190} INFO - [2024-10-28T00:16:50.913+0000] {dag.py:4180} INFO - Setting next_dagrun for example_task_group to None, run_after=None
[2024-10-28T00:16:50.930+0000] {processor.py:208} INFO - Processing /home/airflow/.local/lib/python3.12/site-packages/airflow/example_dags/example_task_group.py took 0.064 seconds
[2024-10-28T00:17:21.442+0000] {processor.py:186} INFO - Started process (PID=47669) to work on /home/airflow/.local/lib/python3.12/site-packages/airflow/example_dags/example_task_group.py
[2024-10-28T00:17:21.444+0000] {processor.py:914} INFO - Processing file /home/airflow/.local/lib/python3.12/site-packages/airflow/example_dags/example_task_group.py for tasks to queue
[2024-10-28T00:17:21.445+0000] {logging_mixin.py:190} INFO - [2024-10-28T00:17:21.445+0000] {dagbag.py:588} INFO - Filling up the DagBag from /home/airflow/.local/lib/python3.12/site-packages/airflow/example_dags/example_task_group.py
[2024-10-28T00:17:21.452+0000] {processor.py:925} INFO - DAG(s) 'example_task_group' retrieved from /home/airflow/.local/lib/python3.12/site-packages/airflow/example_dags/example_task_group.py
[2024-10-28T00:17:21.472+0000] {logging_mixin.py:190} INFO - [2024-10-28T00:17:21.471+0000] {dag.py:3239} INFO - Sync 1 DAGs
[2024-10-28T00:17:21.485+0000] {logging_mixin.py:190} INFO - [2024-10-28T00:17:21.485+0000] {dag.py:4180} INFO - Setting next_dagrun for example_task_group to None, run_after=None
[2024-10-28T00:17:21.502+0000] {processor.py:208} INFO - Processing /home/airflow/.local/lib/python3.12/site-packages/airflow/example_dags/example_task_group.py took 0.065 seconds
[2024-10-28T00:17:51.727+0000] {processor.py:186} INFO - Started process (PID=47743) to work on /home/airflow/.local/lib/python3.12/site-packages/airflow/example_dags/example_task_group.py
[2024-10-28T00:17:51.728+0000] {processor.py:914} INFO - Processing file /home/airflow/.local/lib/python3.12/site-packages/airflow/example_dags/example_task_group.py for tasks to queue
[2024-10-28T00:17:51.729+0000] {logging_mixin.py:190} INFO - [2024-10-28T00:17:51.729+0000] {dagbag.py:588} INFO - Filling up the DagBag from /home/airflow/.local/lib/python3.12/site-packages/airflow/example_dags/example_task_group.py
[2024-10-28T00:17:51.737+0000] {processor.py:925} INFO - DAG(s) 'example_task_group' retrieved from /home/airflow/.local/lib/python3.12/site-packages/airflow/example_dags/example_task_group.py
[2024-10-28T00:17:51.758+0000] {logging_mixin.py:190} INFO - [2024-10-28T00:17:51.758+0000] {dag.py:3239} INFO - Sync 1 DAGs
[2024-10-28T00:17:51.773+0000] {logging_mixin.py:190} INFO - [2024-10-28T00:17:51.773+0000] {dag.py:4180} INFO - Setting next_dagrun for example_task_group to None, run_after=None
[2024-10-28T00:17:51.790+0000] {processor.py:208} INFO - Processing /home/airflow/.local/lib/python3.12/site-packages/airflow/example_dags/example_task_group.py took 0.070 seconds
[2024-10-28T00:18:22.158+0000] {processor.py:186} INFO - Started process (PID=47817) to work on /home/airflow/.local/lib/python3.12/site-packages/airflow/example_dags/example_task_group.py
[2024-10-28T00:18:22.160+0000] {processor.py:914} INFO - Processing file /home/airflow/.local/lib/python3.12/site-packages/airflow/example_dags/example_task_group.py for tasks to queue
[2024-10-28T00:18:22.164+0000] {logging_mixin.py:190} INFO - [2024-10-28T00:18:22.164+0000] {dagbag.py:588} INFO - Filling up the DagBag from /home/airflow/.local/lib/python3.12/site-packages/airflow/example_dags/example_task_group.py
[2024-10-28T00:18:22.186+0000] {processor.py:925} INFO - DAG(s) 'example_task_group' retrieved from /home/airflow/.local/lib/python3.12/site-packages/airflow/example_dags/example_task_group.py
[2024-10-28T00:18:22.228+0000] {logging_mixin.py:190} INFO - [2024-10-28T00:18:22.227+0000] {dag.py:3239} INFO - Sync 1 DAGs
[2024-10-28T00:18:22.277+0000] {logging_mixin.py:190} INFO - [2024-10-28T00:18:22.276+0000] {dag.py:4180} INFO - Setting next_dagrun for example_task_group to None, run_after=None
[2024-10-28T00:18:22.312+0000] {processor.py:208} INFO - Processing /home/airflow/.local/lib/python3.12/site-packages/airflow/example_dags/example_task_group.py took 0.168 seconds
[2024-10-28T00:18:52.617+0000] {processor.py:186} INFO - Started process (PID=47891) to work on /home/airflow/.local/lib/python3.12/site-packages/airflow/example_dags/example_task_group.py
[2024-10-28T00:18:52.618+0000] {processor.py:914} INFO - Processing file /home/airflow/.local/lib/python3.12/site-packages/airflow/example_dags/example_task_group.py for tasks to queue
[2024-10-28T00:18:52.620+0000] {logging_mixin.py:190} INFO - [2024-10-28T00:18:52.619+0000] {dagbag.py:588} INFO - Filling up the DagBag from /home/airflow/.local/lib/python3.12/site-packages/airflow/example_dags/example_task_group.py
[2024-10-28T00:18:52.628+0000] {processor.py:925} INFO - DAG(s) 'example_task_group' retrieved from /home/airflow/.local/lib/python3.12/site-packages/airflow/example_dags/example_task_group.py
[2024-10-28T00:18:52.649+0000] {logging_mixin.py:190} INFO - [2024-10-28T00:18:52.649+0000] {dag.py:3239} INFO - Sync 1 DAGs
[2024-10-28T00:18:52.664+0000] {logging_mixin.py:190} INFO - [2024-10-28T00:18:52.664+0000] {dag.py:4180} INFO - Setting next_dagrun for example_task_group to None, run_after=None
[2024-10-28T00:18:52.683+0000] {processor.py:208} INFO - Processing /home/airflow/.local/lib/python3.12/site-packages/airflow/example_dags/example_task_group.py took 0.072 seconds
[2024-10-28T00:19:23.225+0000] {processor.py:186} INFO - Started process (PID=47965) to work on /home/airflow/.local/lib/python3.12/site-packages/airflow/example_dags/example_task_group.py
[2024-10-28T00:19:23.227+0000] {processor.py:914} INFO - Processing file /home/airflow/.local/lib/python3.12/site-packages/airflow/example_dags/example_task_group.py for tasks to queue
[2024-10-28T00:19:23.229+0000] {logging_mixin.py:190} INFO - [2024-10-28T00:19:23.229+0000] {dagbag.py:588} INFO - Filling up the DagBag from /home/airflow/.local/lib/python3.12/site-packages/airflow/example_dags/example_task_group.py
[2024-10-28T00:19:23.241+0000] {processor.py:925} INFO - DAG(s) 'example_task_group' retrieved from /home/airflow/.local/lib/python3.12/site-packages/airflow/example_dags/example_task_group.py
[2024-10-28T00:19:23.269+0000] {logging_mixin.py:190} INFO - [2024-10-28T00:19:23.268+0000] {dag.py:3239} INFO - Sync 1 DAGs
[2024-10-28T00:19:23.288+0000] {logging_mixin.py:190} INFO - [2024-10-28T00:19:23.288+0000] {dag.py:4180} INFO - Setting next_dagrun for example_task_group to None, run_after=None
[2024-10-28T00:19:23.313+0000] {processor.py:208} INFO - Processing /home/airflow/.local/lib/python3.12/site-packages/airflow/example_dags/example_task_group.py took 0.095 seconds
[2024-10-28T00:19:53.422+0000] {processor.py:186} INFO - Started process (PID=48039) to work on /home/airflow/.local/lib/python3.12/site-packages/airflow/example_dags/example_task_group.py
[2024-10-28T00:19:53.424+0000] {processor.py:914} INFO - Processing file /home/airflow/.local/lib/python3.12/site-packages/airflow/example_dags/example_task_group.py for tasks to queue
[2024-10-28T00:19:53.427+0000] {logging_mixin.py:190} INFO - [2024-10-28T00:19:53.427+0000] {dagbag.py:588} INFO - Filling up the DagBag from /home/airflow/.local/lib/python3.12/site-packages/airflow/example_dags/example_task_group.py
[2024-10-28T00:19:53.438+0000] {processor.py:925} INFO - DAG(s) 'example_task_group' retrieved from /home/airflow/.local/lib/python3.12/site-packages/airflow/example_dags/example_task_group.py
[2024-10-28T00:19:53.468+0000] {logging_mixin.py:190} INFO - [2024-10-28T00:19:53.468+0000] {dag.py:3239} INFO - Sync 1 DAGs
[2024-10-28T00:19:53.488+0000] {logging_mixin.py:190} INFO - [2024-10-28T00:19:53.487+0000] {dag.py:4180} INFO - Setting next_dagrun for example_task_group to None, run_after=None
[2024-10-28T00:19:53.515+0000] {processor.py:208} INFO - Processing /home/airflow/.local/lib/python3.12/site-packages/airflow/example_dags/example_task_group.py took 0.099 seconds
[2024-10-28T00:20:23.956+0000] {processor.py:186} INFO - Started process (PID=48113) to work on /home/airflow/.local/lib/python3.12/site-packages/airflow/example_dags/example_task_group.py
[2024-10-28T00:20:23.957+0000] {processor.py:914} INFO - Processing file /home/airflow/.local/lib/python3.12/site-packages/airflow/example_dags/example_task_group.py for tasks to queue
[2024-10-28T00:20:23.959+0000] {logging_mixin.py:190} INFO - [2024-10-28T00:20:23.958+0000] {dagbag.py:588} INFO - Filling up the DagBag from /home/airflow/.local/lib/python3.12/site-packages/airflow/example_dags/example_task_group.py
[2024-10-28T00:20:23.969+0000] {processor.py:925} INFO - DAG(s) 'example_task_group' retrieved from /home/airflow/.local/lib/python3.12/site-packages/airflow/example_dags/example_task_group.py
[2024-10-28T00:20:23.994+0000] {logging_mixin.py:190} INFO - [2024-10-28T00:20:23.994+0000] {dag.py:3239} INFO - Sync 1 DAGs
[2024-10-28T00:20:24.011+0000] {logging_mixin.py:190} INFO - [2024-10-28T00:20:24.011+0000] {dag.py:4180} INFO - Setting next_dagrun for example_task_group to None, run_after=None
[2024-10-28T00:20:24.033+0000] {processor.py:208} INFO - Processing /home/airflow/.local/lib/python3.12/site-packages/airflow/example_dags/example_task_group.py took 0.083 seconds
[2024-10-28T00:20:54.762+0000] {processor.py:186} INFO - Started process (PID=48187) to work on /home/airflow/.local/lib/python3.12/site-packages/airflow/example_dags/example_task_group.py
[2024-10-28T00:20:54.763+0000] {processor.py:914} INFO - Processing file /home/airflow/.local/lib/python3.12/site-packages/airflow/example_dags/example_task_group.py for tasks to queue
[2024-10-28T00:20:54.764+0000] {logging_mixin.py:190} INFO - [2024-10-28T00:20:54.764+0000] {dagbag.py:588} INFO - Filling up the DagBag from /home/airflow/.local/lib/python3.12/site-packages/airflow/example_dags/example_task_group.py
[2024-10-28T00:20:54.774+0000] {processor.py:925} INFO - DAG(s) 'example_task_group' retrieved from /home/airflow/.local/lib/python3.12/site-packages/airflow/example_dags/example_task_group.py
[2024-10-28T00:20:54.797+0000] {logging_mixin.py:190} INFO - [2024-10-28T00:20:54.797+0000] {dag.py:3239} INFO - Sync 1 DAGs
[2024-10-28T00:20:54.815+0000] {logging_mixin.py:190} INFO - [2024-10-28T00:20:54.815+0000] {dag.py:4180} INFO - Setting next_dagrun for example_task_group to None, run_after=None
[2024-10-28T00:20:54.838+0000] {processor.py:208} INFO - Processing /home/airflow/.local/lib/python3.12/site-packages/airflow/example_dags/example_task_group.py took 0.082 seconds
[2024-10-28T00:21:25.546+0000] {processor.py:186} INFO - Started process (PID=48261) to work on /home/airflow/.local/lib/python3.12/site-packages/airflow/example_dags/example_task_group.py
[2024-10-28T00:21:25.548+0000] {processor.py:914} INFO - Processing file /home/airflow/.local/lib/python3.12/site-packages/airflow/example_dags/example_task_group.py for tasks to queue
[2024-10-28T00:21:25.549+0000] {logging_mixin.py:190} INFO - [2024-10-28T00:21:25.549+0000] {dagbag.py:588} INFO - Filling up the DagBag from /home/airflow/.local/lib/python3.12/site-packages/airflow/example_dags/example_task_group.py
[2024-10-28T00:21:25.558+0000] {processor.py:925} INFO - DAG(s) 'example_task_group' retrieved from /home/airflow/.local/lib/python3.12/site-packages/airflow/example_dags/example_task_group.py
[2024-10-28T00:21:25.582+0000] {logging_mixin.py:190} INFO - [2024-10-28T00:21:25.581+0000] {dag.py:3239} INFO - Sync 1 DAGs
[2024-10-28T00:21:25.599+0000] {logging_mixin.py:190} INFO - [2024-10-28T00:21:25.599+0000] {dag.py:4180} INFO - Setting next_dagrun for example_task_group to None, run_after=None
[2024-10-28T00:21:25.622+0000] {processor.py:208} INFO - Processing /home/airflow/.local/lib/python3.12/site-packages/airflow/example_dags/example_task_group.py took 0.081 seconds
[2024-10-28T00:21:56.094+0000] {processor.py:186} INFO - Started process (PID=48335) to work on /home/airflow/.local/lib/python3.12/site-packages/airflow/example_dags/example_task_group.py
[2024-10-28T00:21:56.095+0000] {processor.py:914} INFO - Processing file /home/airflow/.local/lib/python3.12/site-packages/airflow/example_dags/example_task_group.py for tasks to queue
[2024-10-28T00:21:56.096+0000] {logging_mixin.py:190} INFO - [2024-10-28T00:21:56.096+0000] {dagbag.py:588} INFO - Filling up the DagBag from /home/airflow/.local/lib/python3.12/site-packages/airflow/example_dags/example_task_group.py
[2024-10-28T00:21:56.105+0000] {processor.py:925} INFO - DAG(s) 'example_task_group' retrieved from /home/airflow/.local/lib/python3.12/site-packages/airflow/example_dags/example_task_group.py
[2024-10-28T00:21:56.128+0000] {logging_mixin.py:190} INFO - [2024-10-28T00:21:56.127+0000] {dag.py:3239} INFO - Sync 1 DAGs
[2024-10-28T00:21:56.145+0000] {logging_mixin.py:190} INFO - [2024-10-28T00:21:56.145+0000] {dag.py:4180} INFO - Setting next_dagrun for example_task_group to None, run_after=None
[2024-10-28T00:21:56.166+0000] {processor.py:208} INFO - Processing /home/airflow/.local/lib/python3.12/site-packages/airflow/example_dags/example_task_group.py took 0.078 seconds
[2024-10-28T00:22:27.015+0000] {processor.py:186} INFO - Started process (PID=48409) to work on /home/airflow/.local/lib/python3.12/site-packages/airflow/example_dags/example_task_group.py
[2024-10-28T00:22:27.016+0000] {processor.py:914} INFO - Processing file /home/airflow/.local/lib/python3.12/site-packages/airflow/example_dags/example_task_group.py for tasks to queue
[2024-10-28T00:22:27.019+0000] {logging_mixin.py:190} INFO - [2024-10-28T00:22:27.018+0000] {dagbag.py:588} INFO - Filling up the DagBag from /home/airflow/.local/lib/python3.12/site-packages/airflow/example_dags/example_task_group.py
[2024-10-28T00:22:27.033+0000] {processor.py:925} INFO - DAG(s) 'example_task_group' retrieved from /home/airflow/.local/lib/python3.12/site-packages/airflow/example_dags/example_task_group.py
[2024-10-28T00:22:27.059+0000] {logging_mixin.py:190} INFO - [2024-10-28T00:22:27.059+0000] {dag.py:3239} INFO - Sync 1 DAGs
[2024-10-28T00:22:27.076+0000] {logging_mixin.py:190} INFO - [2024-10-28T00:22:27.075+0000] {dag.py:4180} INFO - Setting next_dagrun for example_task_group to None, run_after=None
[2024-10-28T00:22:27.095+0000] {processor.py:208} INFO - Processing /home/airflow/.local/lib/python3.12/site-packages/airflow/example_dags/example_task_group.py took 0.090 seconds
[2024-10-28T00:22:57.561+0000] {processor.py:186} INFO - Started process (PID=48483) to work on /home/airflow/.local/lib/python3.12/site-packages/airflow/example_dags/example_task_group.py
[2024-10-28T00:22:57.562+0000] {processor.py:914} INFO - Processing file /home/airflow/.local/lib/python3.12/site-packages/airflow/example_dags/example_task_group.py for tasks to queue
[2024-10-28T00:22:57.564+0000] {logging_mixin.py:190} INFO - [2024-10-28T00:22:57.563+0000] {dagbag.py:588} INFO - Filling up the DagBag from /home/airflow/.local/lib/python3.12/site-packages/airflow/example_dags/example_task_group.py
[2024-10-28T00:22:57.575+0000] {processor.py:925} INFO - DAG(s) 'example_task_group' retrieved from /home/airflow/.local/lib/python3.12/site-packages/airflow/example_dags/example_task_group.py
[2024-10-28T00:22:57.600+0000] {logging_mixin.py:190} INFO - [2024-10-28T00:22:57.600+0000] {dag.py:3239} INFO - Sync 1 DAGs
[2024-10-28T00:22:57.616+0000] {logging_mixin.py:190} INFO - [2024-10-28T00:22:57.616+0000] {dag.py:4180} INFO - Setting next_dagrun for example_task_group to None, run_after=None
[2024-10-28T00:22:57.640+0000] {processor.py:208} INFO - Processing /home/airflow/.local/lib/python3.12/site-packages/airflow/example_dags/example_task_group.py took 0.085 seconds
[2024-10-28T00:23:27.965+0000] {processor.py:186} INFO - Started process (PID=48557) to work on /home/airflow/.local/lib/python3.12/site-packages/airflow/example_dags/example_task_group.py
[2024-10-28T00:23:27.966+0000] {processor.py:914} INFO - Processing file /home/airflow/.local/lib/python3.12/site-packages/airflow/example_dags/example_task_group.py for tasks to queue
[2024-10-28T00:23:27.967+0000] {logging_mixin.py:190} INFO - [2024-10-28T00:23:27.967+0000] {dagbag.py:588} INFO - Filling up the DagBag from /home/airflow/.local/lib/python3.12/site-packages/airflow/example_dags/example_task_group.py
[2024-10-28T00:23:27.975+0000] {processor.py:925} INFO - DAG(s) 'example_task_group' retrieved from /home/airflow/.local/lib/python3.12/site-packages/airflow/example_dags/example_task_group.py
[2024-10-28T00:23:27.996+0000] {logging_mixin.py:190} INFO - [2024-10-28T00:23:27.996+0000] {dag.py:3239} INFO - Sync 1 DAGs
[2024-10-28T00:23:28.010+0000] {logging_mixin.py:190} INFO - [2024-10-28T00:23:28.010+0000] {dag.py:4180} INFO - Setting next_dagrun for example_task_group to None, run_after=None
[2024-10-28T00:23:28.033+0000] {processor.py:208} INFO - Processing /home/airflow/.local/lib/python3.12/site-packages/airflow/example_dags/example_task_group.py took 0.074 seconds
[2024-10-28T00:23:58.974+0000] {processor.py:186} INFO - Started process (PID=48631) to work on /home/airflow/.local/lib/python3.12/site-packages/airflow/example_dags/example_task_group.py
[2024-10-28T00:23:58.976+0000] {processor.py:914} INFO - Processing file /home/airflow/.local/lib/python3.12/site-packages/airflow/example_dags/example_task_group.py for tasks to queue
[2024-10-28T00:23:58.979+0000] {logging_mixin.py:190} INFO - [2024-10-28T00:23:58.978+0000] {dagbag.py:588} INFO - Filling up the DagBag from /home/airflow/.local/lib/python3.12/site-packages/airflow/example_dags/example_task_group.py
[2024-10-28T00:23:58.990+0000] {processor.py:925} INFO - DAG(s) 'example_task_group' retrieved from /home/airflow/.local/lib/python3.12/site-packages/airflow/example_dags/example_task_group.py
[2024-10-28T00:23:59.021+0000] {logging_mixin.py:190} INFO - [2024-10-28T00:23:59.020+0000] {dag.py:3239} INFO - Sync 1 DAGs
[2024-10-28T00:23:59.039+0000] {logging_mixin.py:190} INFO - [2024-10-28T00:23:59.039+0000] {dag.py:4180} INFO - Setting next_dagrun for example_task_group to None, run_after=None
[2024-10-28T00:23:59.064+0000] {processor.py:208} INFO - Processing /home/airflow/.local/lib/python3.12/site-packages/airflow/example_dags/example_task_group.py took 0.097 seconds
[2024-10-28T00:24:29.320+0000] {processor.py:186} INFO - Started process (PID=48705) to work on /home/airflow/.local/lib/python3.12/site-packages/airflow/example_dags/example_task_group.py
[2024-10-28T00:24:29.321+0000] {processor.py:914} INFO - Processing file /home/airflow/.local/lib/python3.12/site-packages/airflow/example_dags/example_task_group.py for tasks to queue
[2024-10-28T00:24:29.323+0000] {logging_mixin.py:190} INFO - [2024-10-28T00:24:29.323+0000] {dagbag.py:588} INFO - Filling up the DagBag from /home/airflow/.local/lib/python3.12/site-packages/airflow/example_dags/example_task_group.py
[2024-10-28T00:24:29.331+0000] {processor.py:925} INFO - DAG(s) 'example_task_group' retrieved from /home/airflow/.local/lib/python3.12/site-packages/airflow/example_dags/example_task_group.py
[2024-10-28T00:24:29.351+0000] {logging_mixin.py:190} INFO - [2024-10-28T00:24:29.351+0000] {dag.py:3239} INFO - Sync 1 DAGs
[2024-10-28T00:24:29.365+0000] {logging_mixin.py:190} INFO - [2024-10-28T00:24:29.365+0000] {dag.py:4180} INFO - Setting next_dagrun for example_task_group to None, run_after=None
[2024-10-28T00:24:29.384+0000] {processor.py:208} INFO - Processing /home/airflow/.local/lib/python3.12/site-packages/airflow/example_dags/example_task_group.py took 0.069 seconds
[2024-10-28T00:24:59.984+0000] {processor.py:186} INFO - Started process (PID=48779) to work on /home/airflow/.local/lib/python3.12/site-packages/airflow/example_dags/example_task_group.py
[2024-10-28T00:24:59.985+0000] {processor.py:914} INFO - Processing file /home/airflow/.local/lib/python3.12/site-packages/airflow/example_dags/example_task_group.py for tasks to queue
[2024-10-28T00:24:59.987+0000] {logging_mixin.py:190} INFO - [2024-10-28T00:24:59.986+0000] {dagbag.py:588} INFO - Filling up the DagBag from /home/airflow/.local/lib/python3.12/site-packages/airflow/example_dags/example_task_group.py
[2024-10-28T00:24:59.995+0000] {processor.py:925} INFO - DAG(s) 'example_task_group' retrieved from /home/airflow/.local/lib/python3.12/site-packages/airflow/example_dags/example_task_group.py
[2024-10-28T00:25:00.019+0000] {logging_mixin.py:190} INFO - [2024-10-28T00:25:00.019+0000] {dag.py:3239} INFO - Sync 1 DAGs
[2024-10-28T00:25:00.034+0000] {logging_mixin.py:190} INFO - [2024-10-28T00:25:00.034+0000] {dag.py:4180} INFO - Setting next_dagrun for example_task_group to None, run_after=None
[2024-10-28T00:25:00.062+0000] {processor.py:208} INFO - Processing /home/airflow/.local/lib/python3.12/site-packages/airflow/example_dags/example_task_group.py took 0.084 seconds
[2024-10-28T00:25:30.298+0000] {processor.py:186} INFO - Started process (PID=48853) to work on /home/airflow/.local/lib/python3.12/site-packages/airflow/example_dags/example_task_group.py
[2024-10-28T00:25:30.299+0000] {processor.py:914} INFO - Processing file /home/airflow/.local/lib/python3.12/site-packages/airflow/example_dags/example_task_group.py for tasks to queue
[2024-10-28T00:25:30.301+0000] {logging_mixin.py:190} INFO - [2024-10-28T00:25:30.300+0000] {dagbag.py:588} INFO - Filling up the DagBag from /home/airflow/.local/lib/python3.12/site-packages/airflow/example_dags/example_task_group.py
[2024-10-28T00:25:30.308+0000] {processor.py:925} INFO - DAG(s) 'example_task_group' retrieved from /home/airflow/.local/lib/python3.12/site-packages/airflow/example_dags/example_task_group.py
[2024-10-28T00:25:30.329+0000] {logging_mixin.py:190} INFO - [2024-10-28T00:25:30.329+0000] {dag.py:3239} INFO - Sync 1 DAGs
[2024-10-28T00:25:30.345+0000] {logging_mixin.py:190} INFO - [2024-10-28T00:25:30.344+0000] {dag.py:4180} INFO - Setting next_dagrun for example_task_group to None, run_after=None
[2024-10-28T00:25:30.365+0000] {processor.py:208} INFO - Processing /home/airflow/.local/lib/python3.12/site-packages/airflow/example_dags/example_task_group.py took 0.072 seconds
[2024-10-28T00:26:00.870+0000] {processor.py:186} INFO - Started process (PID=48927) to work on /home/airflow/.local/lib/python3.12/site-packages/airflow/example_dags/example_task_group.py
[2024-10-28T00:26:00.871+0000] {processor.py:914} INFO - Processing file /home/airflow/.local/lib/python3.12/site-packages/airflow/example_dags/example_task_group.py for tasks to queue
[2024-10-28T00:26:00.872+0000] {logging_mixin.py:190} INFO - [2024-10-28T00:26:00.872+0000] {dagbag.py:588} INFO - Filling up the DagBag from /home/airflow/.local/lib/python3.12/site-packages/airflow/example_dags/example_task_group.py
[2024-10-28T00:26:00.881+0000] {processor.py:925} INFO - DAG(s) 'example_task_group' retrieved from /home/airflow/.local/lib/python3.12/site-packages/airflow/example_dags/example_task_group.py
[2024-10-28T00:26:00.901+0000] {logging_mixin.py:190} INFO - [2024-10-28T00:26:00.901+0000] {dag.py:3239} INFO - Sync 1 DAGs
[2024-10-28T00:26:00.915+0000] {logging_mixin.py:190} INFO - [2024-10-28T00:26:00.915+0000] {dag.py:4180} INFO - Setting next_dagrun for example_task_group to None, run_after=None
[2024-10-28T00:26:00.933+0000] {processor.py:208} INFO - Processing /home/airflow/.local/lib/python3.12/site-packages/airflow/example_dags/example_task_group.py took 0.069 seconds
[2024-10-28T00:26:31.273+0000] {processor.py:186} INFO - Started process (PID=49001) to work on /home/airflow/.local/lib/python3.12/site-packages/airflow/example_dags/example_task_group.py
[2024-10-28T00:26:31.274+0000] {processor.py:914} INFO - Processing file /home/airflow/.local/lib/python3.12/site-packages/airflow/example_dags/example_task_group.py for tasks to queue
[2024-10-28T00:26:31.276+0000] {logging_mixin.py:190} INFO - [2024-10-28T00:26:31.276+0000] {dagbag.py:588} INFO - Filling up the DagBag from /home/airflow/.local/lib/python3.12/site-packages/airflow/example_dags/example_task_group.py
[2024-10-28T00:26:31.283+0000] {processor.py:925} INFO - DAG(s) 'example_task_group' retrieved from /home/airflow/.local/lib/python3.12/site-packages/airflow/example_dags/example_task_group.py
[2024-10-28T00:26:31.304+0000] {logging_mixin.py:190} INFO - [2024-10-28T00:26:31.303+0000] {dag.py:3239} INFO - Sync 1 DAGs
[2024-10-28T00:26:31.318+0000] {logging_mixin.py:190} INFO - [2024-10-28T00:26:31.318+0000] {dag.py:4180} INFO - Setting next_dagrun for example_task_group to None, run_after=None
[2024-10-28T00:26:31.337+0000] {processor.py:208} INFO - Processing /home/airflow/.local/lib/python3.12/site-packages/airflow/example_dags/example_task_group.py took 0.069 seconds
[2024-10-28T00:27:01.651+0000] {processor.py:186} INFO - Started process (PID=49075) to work on /home/airflow/.local/lib/python3.12/site-packages/airflow/example_dags/example_task_group.py
[2024-10-28T00:27:01.652+0000] {processor.py:914} INFO - Processing file /home/airflow/.local/lib/python3.12/site-packages/airflow/example_dags/example_task_group.py for tasks to queue
[2024-10-28T00:27:01.653+0000] {logging_mixin.py:190} INFO - [2024-10-28T00:27:01.653+0000] {dagbag.py:588} INFO - Filling up the DagBag from /home/airflow/.local/lib/python3.12/site-packages/airflow/example_dags/example_task_group.py
[2024-10-28T00:27:01.661+0000] {processor.py:925} INFO - DAG(s) 'example_task_group' retrieved from /home/airflow/.local/lib/python3.12/site-packages/airflow/example_dags/example_task_group.py
[2024-10-28T00:27:01.682+0000] {logging_mixin.py:190} INFO - [2024-10-28T00:27:01.681+0000] {dag.py:3239} INFO - Sync 1 DAGs
[2024-10-28T00:27:01.697+0000] {logging_mixin.py:190} INFO - [2024-10-28T00:27:01.697+0000] {dag.py:4180} INFO - Setting next_dagrun for example_task_group to None, run_after=None
[2024-10-28T00:27:01.716+0000] {processor.py:208} INFO - Processing /home/airflow/.local/lib/python3.12/site-packages/airflow/example_dags/example_task_group.py took 0.070 seconds
[2024-10-28T00:27:32.545+0000] {processor.py:186} INFO - Started process (PID=49149) to work on /home/airflow/.local/lib/python3.12/site-packages/airflow/example_dags/example_task_group.py
[2024-10-28T00:27:32.546+0000] {processor.py:914} INFO - Processing file /home/airflow/.local/lib/python3.12/site-packages/airflow/example_dags/example_task_group.py for tasks to queue
[2024-10-28T00:27:32.548+0000] {logging_mixin.py:190} INFO - [2024-10-28T00:27:32.547+0000] {dagbag.py:588} INFO - Filling up the DagBag from /home/airflow/.local/lib/python3.12/site-packages/airflow/example_dags/example_task_group.py
[2024-10-28T00:27:32.556+0000] {processor.py:925} INFO - DAG(s) 'example_task_group' retrieved from /home/airflow/.local/lib/python3.12/site-packages/airflow/example_dags/example_task_group.py
[2024-10-28T00:27:32.577+0000] {logging_mixin.py:190} INFO - [2024-10-28T00:27:32.576+0000] {dag.py:3239} INFO - Sync 1 DAGs
[2024-10-28T00:27:32.592+0000] {logging_mixin.py:190} INFO - [2024-10-28T00:27:32.592+0000] {dag.py:4180} INFO - Setting next_dagrun for example_task_group to None, run_after=None
[2024-10-28T00:27:32.612+0000] {processor.py:208} INFO - Processing /home/airflow/.local/lib/python3.12/site-packages/airflow/example_dags/example_task_group.py took 0.073 seconds
[2024-10-28T00:28:03.472+0000] {processor.py:186} INFO - Started process (PID=49223) to work on /home/airflow/.local/lib/python3.12/site-packages/airflow/example_dags/example_task_group.py
[2024-10-28T00:28:03.473+0000] {processor.py:914} INFO - Processing file /home/airflow/.local/lib/python3.12/site-packages/airflow/example_dags/example_task_group.py for tasks to queue
[2024-10-28T00:28:03.475+0000] {logging_mixin.py:190} INFO - [2024-10-28T00:28:03.475+0000] {dagbag.py:588} INFO - Filling up the DagBag from /home/airflow/.local/lib/python3.12/site-packages/airflow/example_dags/example_task_group.py
[2024-10-28T00:28:03.485+0000] {processor.py:925} INFO - DAG(s) 'example_task_group' retrieved from /home/airflow/.local/lib/python3.12/site-packages/airflow/example_dags/example_task_group.py
[2024-10-28T00:28:03.510+0000] {logging_mixin.py:190} INFO - [2024-10-28T00:28:03.509+0000] {dag.py:3239} INFO - Sync 1 DAGs
[2024-10-28T00:28:03.528+0000] {logging_mixin.py:190} INFO - [2024-10-28T00:28:03.527+0000] {dag.py:4180} INFO - Setting next_dagrun for example_task_group to None, run_after=None
[2024-10-28T00:28:03.550+0000] {processor.py:208} INFO - Processing /home/airflow/.local/lib/python3.12/site-packages/airflow/example_dags/example_task_group.py took 0.083 seconds
[2024-10-28T00:28:34.053+0000] {processor.py:186} INFO - Started process (PID=49297) to work on /home/airflow/.local/lib/python3.12/site-packages/airflow/example_dags/example_task_group.py
[2024-10-28T00:28:34.054+0000] {processor.py:914} INFO - Processing file /home/airflow/.local/lib/python3.12/site-packages/airflow/example_dags/example_task_group.py for tasks to queue
[2024-10-28T00:28:34.056+0000] {logging_mixin.py:190} INFO - [2024-10-28T00:28:34.055+0000] {dagbag.py:588} INFO - Filling up the DagBag from /home/airflow/.local/lib/python3.12/site-packages/airflow/example_dags/example_task_group.py
[2024-10-28T00:28:34.064+0000] {processor.py:925} INFO - DAG(s) 'example_task_group' retrieved from /home/airflow/.local/lib/python3.12/site-packages/airflow/example_dags/example_task_group.py
[2024-10-28T00:28:34.084+0000] {logging_mixin.py:190} INFO - [2024-10-28T00:28:34.084+0000] {dag.py:3239} INFO - Sync 1 DAGs
[2024-10-28T00:28:34.099+0000] {logging_mixin.py:190} INFO - [2024-10-28T00:28:34.099+0000] {dag.py:4180} INFO - Setting next_dagrun for example_task_group to None, run_after=None
[2024-10-28T00:28:34.118+0000] {processor.py:208} INFO - Processing /home/airflow/.local/lib/python3.12/site-packages/airflow/example_dags/example_task_group.py took 0.071 seconds
[2024-10-28T00:29:04.896+0000] {processor.py:186} INFO - Started process (PID=49371) to work on /home/airflow/.local/lib/python3.12/site-packages/airflow/example_dags/example_task_group.py
[2024-10-28T00:29:04.897+0000] {processor.py:914} INFO - Processing file /home/airflow/.local/lib/python3.12/site-packages/airflow/example_dags/example_task_group.py for tasks to queue
[2024-10-28T00:29:04.899+0000] {logging_mixin.py:190} INFO - [2024-10-28T00:29:04.898+0000] {dagbag.py:588} INFO - Filling up the DagBag from /home/airflow/.local/lib/python3.12/site-packages/airflow/example_dags/example_task_group.py
[2024-10-28T00:29:04.910+0000] {processor.py:925} INFO - DAG(s) 'example_task_group' retrieved from /home/airflow/.local/lib/python3.12/site-packages/airflow/example_dags/example_task_group.py
[2024-10-28T00:29:04.933+0000] {logging_mixin.py:190} INFO - [2024-10-28T00:29:04.933+0000] {dag.py:3239} INFO - Sync 1 DAGs
[2024-10-28T00:29:04.947+0000] {logging_mixin.py:190} INFO - [2024-10-28T00:29:04.947+0000] {dag.py:4180} INFO - Setting next_dagrun for example_task_group to None, run_after=None
[2024-10-28T00:29:04.965+0000] {processor.py:208} INFO - Processing /home/airflow/.local/lib/python3.12/site-packages/airflow/example_dags/example_task_group.py took 0.075 seconds
[2024-10-28T00:29:35.877+0000] {processor.py:186} INFO - Started process (PID=49445) to work on /home/airflow/.local/lib/python3.12/site-packages/airflow/example_dags/example_task_group.py
[2024-10-28T00:29:35.878+0000] {processor.py:914} INFO - Processing file /home/airflow/.local/lib/python3.12/site-packages/airflow/example_dags/example_task_group.py for tasks to queue
[2024-10-28T00:29:35.880+0000] {logging_mixin.py:190} INFO - [2024-10-28T00:29:35.879+0000] {dagbag.py:588} INFO - Filling up the DagBag from /home/airflow/.local/lib/python3.12/site-packages/airflow/example_dags/example_task_group.py
[2024-10-28T00:29:35.888+0000] {processor.py:925} INFO - DAG(s) 'example_task_group' retrieved from /home/airflow/.local/lib/python3.12/site-packages/airflow/example_dags/example_task_group.py
[2024-10-28T00:29:35.908+0000] {logging_mixin.py:190} INFO - [2024-10-28T00:29:35.908+0000] {dag.py:3239} INFO - Sync 1 DAGs
[2024-10-28T00:29:35.922+0000] {logging_mixin.py:190} INFO - [2024-10-28T00:29:35.922+0000] {dag.py:4180} INFO - Setting next_dagrun for example_task_group to None, run_after=None
[2024-10-28T00:29:35.941+0000] {processor.py:208} INFO - Processing /home/airflow/.local/lib/python3.12/site-packages/airflow/example_dags/example_task_group.py took 0.070 seconds
[2024-10-28T00:30:06.718+0000] {processor.py:186} INFO - Started process (PID=49519) to work on /home/airflow/.local/lib/python3.12/site-packages/airflow/example_dags/example_task_group.py
[2024-10-28T00:30:06.719+0000] {processor.py:914} INFO - Processing file /home/airflow/.local/lib/python3.12/site-packages/airflow/example_dags/example_task_group.py for tasks to queue
[2024-10-28T00:30:06.721+0000] {logging_mixin.py:190} INFO - [2024-10-28T00:30:06.720+0000] {dagbag.py:588} INFO - Filling up the DagBag from /home/airflow/.local/lib/python3.12/site-packages/airflow/example_dags/example_task_group.py
[2024-10-28T00:30:06.729+0000] {processor.py:925} INFO - DAG(s) 'example_task_group' retrieved from /home/airflow/.local/lib/python3.12/site-packages/airflow/example_dags/example_task_group.py
[2024-10-28T00:30:06.749+0000] {logging_mixin.py:190} INFO - [2024-10-28T00:30:06.749+0000] {dag.py:3239} INFO - Sync 1 DAGs
[2024-10-28T00:30:06.763+0000] {logging_mixin.py:190} INFO - [2024-10-28T00:30:06.763+0000] {dag.py:4180} INFO - Setting next_dagrun for example_task_group to None, run_after=None
[2024-10-28T00:30:06.781+0000] {processor.py:208} INFO - Processing /home/airflow/.local/lib/python3.12/site-packages/airflow/example_dags/example_task_group.py took 0.068 seconds
[2024-10-28T00:30:37.689+0000] {processor.py:186} INFO - Started process (PID=49593) to work on /home/airflow/.local/lib/python3.12/site-packages/airflow/example_dags/example_task_group.py
[2024-10-28T00:30:37.690+0000] {processor.py:914} INFO - Processing file /home/airflow/.local/lib/python3.12/site-packages/airflow/example_dags/example_task_group.py for tasks to queue
[2024-10-28T00:30:37.692+0000] {logging_mixin.py:190} INFO - [2024-10-28T00:30:37.691+0000] {dagbag.py:588} INFO - Filling up the DagBag from /home/airflow/.local/lib/python3.12/site-packages/airflow/example_dags/example_task_group.py
[2024-10-28T00:30:37.700+0000] {processor.py:925} INFO - DAG(s) 'example_task_group' retrieved from /home/airflow/.local/lib/python3.12/site-packages/airflow/example_dags/example_task_group.py
[2024-10-28T00:30:37.721+0000] {logging_mixin.py:190} INFO - [2024-10-28T00:30:37.720+0000] {dag.py:3239} INFO - Sync 1 DAGs
[2024-10-28T00:30:37.735+0000] {logging_mixin.py:190} INFO - [2024-10-28T00:30:37.735+0000] {dag.py:4180} INFO - Setting next_dagrun for example_task_group to None, run_after=None
[2024-10-28T00:30:37.756+0000] {processor.py:208} INFO - Processing /home/airflow/.local/lib/python3.12/site-packages/airflow/example_dags/example_task_group.py took 0.073 seconds
[2024-10-28T00:31:08.438+0000] {processor.py:186} INFO - Started process (PID=49673) to work on /home/airflow/.local/lib/python3.12/site-packages/airflow/example_dags/example_task_group.py
[2024-10-28T00:31:08.439+0000] {processor.py:914} INFO - Processing file /home/airflow/.local/lib/python3.12/site-packages/airflow/example_dags/example_task_group.py for tasks to queue
[2024-10-28T00:31:08.441+0000] {logging_mixin.py:190} INFO - [2024-10-28T00:31:08.441+0000] {dagbag.py:588} INFO - Filling up the DagBag from /home/airflow/.local/lib/python3.12/site-packages/airflow/example_dags/example_task_group.py
[2024-10-28T00:31:08.455+0000] {processor.py:925} INFO - DAG(s) 'example_task_group' retrieved from /home/airflow/.local/lib/python3.12/site-packages/airflow/example_dags/example_task_group.py
[2024-10-28T00:31:08.480+0000] {logging_mixin.py:190} INFO - [2024-10-28T00:31:08.479+0000] {dag.py:3239} INFO - Sync 1 DAGs
[2024-10-28T00:31:08.495+0000] {logging_mixin.py:190} INFO - [2024-10-28T00:31:08.495+0000] {dag.py:4180} INFO - Setting next_dagrun for example_task_group to None, run_after=None
[2024-10-28T00:31:08.515+0000] {processor.py:208} INFO - Processing /home/airflow/.local/lib/python3.12/site-packages/airflow/example_dags/example_task_group.py took 0.084 seconds
[2024-10-28T00:31:39.507+0000] {processor.py:186} INFO - Started process (PID=49747) to work on /home/airflow/.local/lib/python3.12/site-packages/airflow/example_dags/example_task_group.py
[2024-10-28T00:31:39.508+0000] {processor.py:914} INFO - Processing file /home/airflow/.local/lib/python3.12/site-packages/airflow/example_dags/example_task_group.py for tasks to queue
[2024-10-28T00:31:39.509+0000] {logging_mixin.py:190} INFO - [2024-10-28T00:31:39.509+0000] {dagbag.py:588} INFO - Filling up the DagBag from /home/airflow/.local/lib/python3.12/site-packages/airflow/example_dags/example_task_group.py
[2024-10-28T00:31:39.517+0000] {processor.py:925} INFO - DAG(s) 'example_task_group' retrieved from /home/airflow/.local/lib/python3.12/site-packages/airflow/example_dags/example_task_group.py
[2024-10-28T00:31:39.538+0000] {logging_mixin.py:190} INFO - [2024-10-28T00:31:39.537+0000] {dag.py:3239} INFO - Sync 1 DAGs
[2024-10-28T00:31:39.555+0000] {logging_mixin.py:190} INFO - [2024-10-28T00:31:39.554+0000] {dag.py:4180} INFO - Setting next_dagrun for example_task_group to None, run_after=None
[2024-10-28T00:31:39.576+0000] {processor.py:208} INFO - Processing /home/airflow/.local/lib/python3.12/site-packages/airflow/example_dags/example_task_group.py took 0.074 seconds
[2024-10-28T00:32:10.341+0000] {processor.py:186} INFO - Started process (PID=49821) to work on /home/airflow/.local/lib/python3.12/site-packages/airflow/example_dags/example_task_group.py
[2024-10-28T00:32:10.343+0000] {processor.py:914} INFO - Processing file /home/airflow/.local/lib/python3.12/site-packages/airflow/example_dags/example_task_group.py for tasks to queue
[2024-10-28T00:32:10.344+0000] {logging_mixin.py:190} INFO - [2024-10-28T00:32:10.344+0000] {dagbag.py:588} INFO - Filling up the DagBag from /home/airflow/.local/lib/python3.12/site-packages/airflow/example_dags/example_task_group.py
[2024-10-28T00:32:10.352+0000] {processor.py:925} INFO - DAG(s) 'example_task_group' retrieved from /home/airflow/.local/lib/python3.12/site-packages/airflow/example_dags/example_task_group.py
[2024-10-28T00:32:10.374+0000] {logging_mixin.py:190} INFO - [2024-10-28T00:32:10.373+0000] {dag.py:3239} INFO - Sync 1 DAGs
[2024-10-28T00:32:10.389+0000] {logging_mixin.py:190} INFO - [2024-10-28T00:32:10.389+0000] {dag.py:4180} INFO - Setting next_dagrun for example_task_group to None, run_after=None
[2024-10-28T00:32:10.410+0000] {processor.py:208} INFO - Processing /home/airflow/.local/lib/python3.12/site-packages/airflow/example_dags/example_task_group.py took 0.075 seconds
[2024-10-28T00:32:41.217+0000] {processor.py:186} INFO - Started process (PID=49895) to work on /home/airflow/.local/lib/python3.12/site-packages/airflow/example_dags/example_task_group.py
[2024-10-28T00:32:41.218+0000] {processor.py:914} INFO - Processing file /home/airflow/.local/lib/python3.12/site-packages/airflow/example_dags/example_task_group.py for tasks to queue
[2024-10-28T00:32:41.220+0000] {logging_mixin.py:190} INFO - [2024-10-28T00:32:41.219+0000] {dagbag.py:588} INFO - Filling up the DagBag from /home/airflow/.local/lib/python3.12/site-packages/airflow/example_dags/example_task_group.py
[2024-10-28T00:32:41.228+0000] {processor.py:925} INFO - DAG(s) 'example_task_group' retrieved from /home/airflow/.local/lib/python3.12/site-packages/airflow/example_dags/example_task_group.py
[2024-10-28T00:32:41.250+0000] {logging_mixin.py:190} INFO - [2024-10-28T00:32:41.250+0000] {dag.py:3239} INFO - Sync 1 DAGs
[2024-10-28T00:32:41.265+0000] {logging_mixin.py:190} INFO - [2024-10-28T00:32:41.265+0000] {dag.py:4180} INFO - Setting next_dagrun for example_task_group to None, run_after=None
[2024-10-28T00:32:41.284+0000] {processor.py:208} INFO - Processing /home/airflow/.local/lib/python3.12/site-packages/airflow/example_dags/example_task_group.py took 0.072 seconds
[2024-10-28T00:33:12.094+0000] {processor.py:186} INFO - Started process (PID=49969) to work on /home/airflow/.local/lib/python3.12/site-packages/airflow/example_dags/example_task_group.py
[2024-10-28T00:33:12.095+0000] {processor.py:914} INFO - Processing file /home/airflow/.local/lib/python3.12/site-packages/airflow/example_dags/example_task_group.py for tasks to queue
[2024-10-28T00:33:12.096+0000] {logging_mixin.py:190} INFO - [2024-10-28T00:33:12.096+0000] {dagbag.py:588} INFO - Filling up the DagBag from /home/airflow/.local/lib/python3.12/site-packages/airflow/example_dags/example_task_group.py
[2024-10-28T00:33:12.104+0000] {processor.py:925} INFO - DAG(s) 'example_task_group' retrieved from /home/airflow/.local/lib/python3.12/site-packages/airflow/example_dags/example_task_group.py
[2024-10-28T00:33:12.124+0000] {logging_mixin.py:190} INFO - [2024-10-28T00:33:12.124+0000] {dag.py:3239} INFO - Sync 1 DAGs
[2024-10-28T00:33:12.137+0000] {logging_mixin.py:190} INFO - [2024-10-28T00:33:12.137+0000] {dag.py:4180} INFO - Setting next_dagrun for example_task_group to None, run_after=None
[2024-10-28T00:33:12.155+0000] {processor.py:208} INFO - Processing /home/airflow/.local/lib/python3.12/site-packages/airflow/example_dags/example_task_group.py took 0.066 seconds
[2024-10-28T00:33:42.861+0000] {processor.py:186} INFO - Started process (PID=50043) to work on /home/airflow/.local/lib/python3.12/site-packages/airflow/example_dags/example_task_group.py
[2024-10-28T00:33:42.863+0000] {processor.py:914} INFO - Processing file /home/airflow/.local/lib/python3.12/site-packages/airflow/example_dags/example_task_group.py for tasks to queue
[2024-10-28T00:33:42.864+0000] {logging_mixin.py:190} INFO - [2024-10-28T00:33:42.864+0000] {dagbag.py:588} INFO - Filling up the DagBag from /home/airflow/.local/lib/python3.12/site-packages/airflow/example_dags/example_task_group.py
[2024-10-28T00:33:42.873+0000] {processor.py:925} INFO - DAG(s) 'example_task_group' retrieved from /home/airflow/.local/lib/python3.12/site-packages/airflow/example_dags/example_task_group.py
[2024-10-28T00:33:42.895+0000] {logging_mixin.py:190} INFO - [2024-10-28T00:33:42.895+0000] {dag.py:3239} INFO - Sync 1 DAGs
[2024-10-28T00:33:42.910+0000] {logging_mixin.py:190} INFO - [2024-10-28T00:33:42.910+0000] {dag.py:4180} INFO - Setting next_dagrun for example_task_group to None, run_after=None
[2024-10-28T00:33:42.929+0000] {processor.py:208} INFO - Processing /home/airflow/.local/lib/python3.12/site-packages/airflow/example_dags/example_task_group.py took 0.074 seconds
