[2024-10-28T00:00:09.130+0000] {processor.py:186} INFO - Started process (PID=45178) to work on /home/airflow/.local/lib/python3.12/site-packages/airflow/example_dags/example_latest_only.py
[2024-10-28T00:00:09.131+0000] {processor.py:914} INFO - Processing file /home/airflow/.local/lib/python3.12/site-packages/airflow/example_dags/example_latest_only.py for tasks to queue
[2024-10-28T00:00:09.133+0000] {logging_mixin.py:190} INFO - [2024-10-28T00:00:09.132+0000] {dagbag.py:588} INFO - Filling up the DagBag from /home/airflow/.local/lib/python3.12/site-packages/airflow/example_dags/example_latest_only.py
[2024-10-28T00:00:09.141+0000] {processor.py:925} INFO - DAG(s) 'latest_only' retrieved from /home/airflow/.local/lib/python3.12/site-packages/airflow/example_dags/example_latest_only.py
[2024-10-28T00:00:09.159+0000] {logging_mixin.py:190} INFO - [2024-10-28T00:00:09.159+0000] {dag.py:3239} INFO - Sync 1 DAGs
[2024-10-28T00:00:09.184+0000] {logging_mixin.py:190} INFO - [2024-10-28T00:00:09.184+0000] {dag.py:4180} INFO - Setting next_dagrun for latest_only to 2024-10-27 20:00:00+00:00, run_after=2024-10-28 00:00:00+00:00
[2024-10-28T00:00:09.204+0000] {processor.py:208} INFO - Processing /home/airflow/.local/lib/python3.12/site-packages/airflow/example_dags/example_latest_only.py took 0.080 seconds
[2024-10-28T00:00:39.800+0000] {processor.py:186} INFO - Started process (PID=45252) to work on /home/airflow/.local/lib/python3.12/site-packages/airflow/example_dags/example_latest_only.py
[2024-10-28T00:00:39.802+0000] {processor.py:914} INFO - Processing file /home/airflow/.local/lib/python3.12/site-packages/airflow/example_dags/example_latest_only.py for tasks to queue
[2024-10-28T00:00:39.803+0000] {logging_mixin.py:190} INFO - [2024-10-28T00:00:39.803+0000] {dagbag.py:588} INFO - Filling up the DagBag from /home/airflow/.local/lib/python3.12/site-packages/airflow/example_dags/example_latest_only.py
[2024-10-28T00:00:39.810+0000] {processor.py:925} INFO - DAG(s) 'latest_only' retrieved from /home/airflow/.local/lib/python3.12/site-packages/airflow/example_dags/example_latest_only.py
[2024-10-28T00:00:39.830+0000] {logging_mixin.py:190} INFO - [2024-10-28T00:00:39.830+0000] {dag.py:3239} INFO - Sync 1 DAGs
[2024-10-28T00:00:39.857+0000] {logging_mixin.py:190} INFO - [2024-10-28T00:00:39.857+0000] {dag.py:4180} INFO - Setting next_dagrun for latest_only to 2024-10-27 20:00:00+00:00, run_after=2024-10-28 00:00:00+00:00
[2024-10-28T00:00:39.878+0000] {processor.py:208} INFO - Processing /home/airflow/.local/lib/python3.12/site-packages/airflow/example_dags/example_latest_only.py took 0.083 seconds
[2024-10-28T00:01:10.382+0000] {processor.py:186} INFO - Started process (PID=45326) to work on /home/airflow/.local/lib/python3.12/site-packages/airflow/example_dags/example_latest_only.py
[2024-10-28T00:01:10.384+0000] {processor.py:914} INFO - Processing file /home/airflow/.local/lib/python3.12/site-packages/airflow/example_dags/example_latest_only.py for tasks to queue
[2024-10-28T00:01:10.387+0000] {logging_mixin.py:190} INFO - [2024-10-28T00:01:10.387+0000] {dagbag.py:588} INFO - Filling up the DagBag from /home/airflow/.local/lib/python3.12/site-packages/airflow/example_dags/example_latest_only.py
[2024-10-28T00:01:10.397+0000] {processor.py:925} INFO - DAG(s) 'latest_only' retrieved from /home/airflow/.local/lib/python3.12/site-packages/airflow/example_dags/example_latest_only.py
[2024-10-28T00:01:10.420+0000] {logging_mixin.py:190} INFO - [2024-10-28T00:01:10.419+0000] {dag.py:3239} INFO - Sync 1 DAGs
[2024-10-28T00:01:10.444+0000] {logging_mixin.py:190} INFO - [2024-10-28T00:01:10.444+0000] {dag.py:4180} INFO - Setting next_dagrun for latest_only to 2024-10-27 20:00:00+00:00, run_after=2024-10-28 00:00:00+00:00
[2024-10-28T00:01:10.474+0000] {processor.py:208} INFO - Processing /home/airflow/.local/lib/python3.12/site-packages/airflow/example_dags/example_latest_only.py took 0.099 seconds
[2024-10-28T00:01:40.565+0000] {processor.py:186} INFO - Started process (PID=45400) to work on /home/airflow/.local/lib/python3.12/site-packages/airflow/example_dags/example_latest_only.py
[2024-10-28T00:01:40.566+0000] {processor.py:914} INFO - Processing file /home/airflow/.local/lib/python3.12/site-packages/airflow/example_dags/example_latest_only.py for tasks to queue
[2024-10-28T00:01:40.568+0000] {logging_mixin.py:190} INFO - [2024-10-28T00:01:40.568+0000] {dagbag.py:588} INFO - Filling up the DagBag from /home/airflow/.local/lib/python3.12/site-packages/airflow/example_dags/example_latest_only.py
[2024-10-28T00:01:40.579+0000] {processor.py:925} INFO - DAG(s) 'latest_only' retrieved from /home/airflow/.local/lib/python3.12/site-packages/airflow/example_dags/example_latest_only.py
[2024-10-28T00:01:40.601+0000] {logging_mixin.py:190} INFO - [2024-10-28T00:01:40.600+0000] {dag.py:3239} INFO - Sync 1 DAGs
[2024-10-28T00:01:40.624+0000] {logging_mixin.py:190} INFO - [2024-10-28T00:01:40.624+0000] {dag.py:4180} INFO - Setting next_dagrun for latest_only to 2024-10-27 20:00:00+00:00, run_after=2024-10-28 00:00:00+00:00
[2024-10-28T00:01:40.646+0000] {processor.py:208} INFO - Processing /home/airflow/.local/lib/python3.12/site-packages/airflow/example_dags/example_latest_only.py took 0.088 seconds
[2024-10-28T00:02:11.113+0000] {processor.py:186} INFO - Started process (PID=45474) to work on /home/airflow/.local/lib/python3.12/site-packages/airflow/example_dags/example_latest_only.py
[2024-10-28T00:02:11.114+0000] {processor.py:914} INFO - Processing file /home/airflow/.local/lib/python3.12/site-packages/airflow/example_dags/example_latest_only.py for tasks to queue
[2024-10-28T00:02:11.115+0000] {logging_mixin.py:190} INFO - [2024-10-28T00:02:11.115+0000] {dagbag.py:588} INFO - Filling up the DagBag from /home/airflow/.local/lib/python3.12/site-packages/airflow/example_dags/example_latest_only.py
[2024-10-28T00:02:11.122+0000] {processor.py:925} INFO - DAG(s) 'latest_only' retrieved from /home/airflow/.local/lib/python3.12/site-packages/airflow/example_dags/example_latest_only.py
[2024-10-28T00:02:11.141+0000] {logging_mixin.py:190} INFO - [2024-10-28T00:02:11.140+0000] {dag.py:3239} INFO - Sync 1 DAGs
[2024-10-28T00:02:11.163+0000] {logging_mixin.py:190} INFO - [2024-10-28T00:02:11.163+0000] {dag.py:4180} INFO - Setting next_dagrun for latest_only to 2024-10-27 20:00:00+00:00, run_after=2024-10-28 00:00:00+00:00
[2024-10-28T00:02:11.182+0000] {processor.py:208} INFO - Processing /home/airflow/.local/lib/python3.12/site-packages/airflow/example_dags/example_latest_only.py took 0.075 seconds
[2024-10-28T00:02:41.321+0000] {processor.py:186} INFO - Started process (PID=45548) to work on /home/airflow/.local/lib/python3.12/site-packages/airflow/example_dags/example_latest_only.py
[2024-10-28T00:02:41.322+0000] {processor.py:914} INFO - Processing file /home/airflow/.local/lib/python3.12/site-packages/airflow/example_dags/example_latest_only.py for tasks to queue
[2024-10-28T00:02:41.324+0000] {logging_mixin.py:190} INFO - [2024-10-28T00:02:41.323+0000] {dagbag.py:588} INFO - Filling up the DagBag from /home/airflow/.local/lib/python3.12/site-packages/airflow/example_dags/example_latest_only.py
[2024-10-28T00:02:41.331+0000] {processor.py:925} INFO - DAG(s) 'latest_only' retrieved from /home/airflow/.local/lib/python3.12/site-packages/airflow/example_dags/example_latest_only.py
[2024-10-28T00:02:41.348+0000] {logging_mixin.py:190} INFO - [2024-10-28T00:02:41.348+0000] {dag.py:3239} INFO - Sync 1 DAGs
[2024-10-28T00:02:41.368+0000] {logging_mixin.py:190} INFO - [2024-10-28T00:02:41.368+0000] {dag.py:4180} INFO - Setting next_dagrun for latest_only to 2024-10-27 20:00:00+00:00, run_after=2024-10-28 00:00:00+00:00
[2024-10-28T00:02:41.387+0000] {processor.py:208} INFO - Processing /home/airflow/.local/lib/python3.12/site-packages/airflow/example_dags/example_latest_only.py took 0.072 seconds
[2024-10-28T00:03:11.836+0000] {processor.py:186} INFO - Started process (PID=45622) to work on /home/airflow/.local/lib/python3.12/site-packages/airflow/example_dags/example_latest_only.py
[2024-10-28T00:03:11.837+0000] {processor.py:914} INFO - Processing file /home/airflow/.local/lib/python3.12/site-packages/airflow/example_dags/example_latest_only.py for tasks to queue
[2024-10-28T00:03:11.839+0000] {logging_mixin.py:190} INFO - [2024-10-28T00:03:11.838+0000] {dagbag.py:588} INFO - Filling up the DagBag from /home/airflow/.local/lib/python3.12/site-packages/airflow/example_dags/example_latest_only.py
[2024-10-28T00:03:11.846+0000] {processor.py:925} INFO - DAG(s) 'latest_only' retrieved from /home/airflow/.local/lib/python3.12/site-packages/airflow/example_dags/example_latest_only.py
[2024-10-28T00:03:11.864+0000] {logging_mixin.py:190} INFO - [2024-10-28T00:03:11.864+0000] {dag.py:3239} INFO - Sync 1 DAGs
[2024-10-28T00:03:11.888+0000] {logging_mixin.py:190} INFO - [2024-10-28T00:03:11.888+0000] {dag.py:4180} INFO - Setting next_dagrun for latest_only to 2024-10-27 20:00:00+00:00, run_after=2024-10-28 00:00:00+00:00
[2024-10-28T00:03:11.907+0000] {processor.py:208} INFO - Processing /home/airflow/.local/lib/python3.12/site-packages/airflow/example_dags/example_latest_only.py took 0.077 seconds
[2024-10-28T00:03:42.057+0000] {processor.py:186} INFO - Started process (PID=45696) to work on /home/airflow/.local/lib/python3.12/site-packages/airflow/example_dags/example_latest_only.py
[2024-10-28T00:03:42.058+0000] {processor.py:914} INFO - Processing file /home/airflow/.local/lib/python3.12/site-packages/airflow/example_dags/example_latest_only.py for tasks to queue
[2024-10-28T00:03:42.060+0000] {logging_mixin.py:190} INFO - [2024-10-28T00:03:42.059+0000] {dagbag.py:588} INFO - Filling up the DagBag from /home/airflow/.local/lib/python3.12/site-packages/airflow/example_dags/example_latest_only.py
[2024-10-28T00:03:42.068+0000] {processor.py:925} INFO - DAG(s) 'latest_only' retrieved from /home/airflow/.local/lib/python3.12/site-packages/airflow/example_dags/example_latest_only.py
[2024-10-28T00:03:42.087+0000] {logging_mixin.py:190} INFO - [2024-10-28T00:03:42.087+0000] {dag.py:3239} INFO - Sync 1 DAGs
[2024-10-28T00:03:42.111+0000] {logging_mixin.py:190} INFO - [2024-10-28T00:03:42.110+0000] {dag.py:4180} INFO - Setting next_dagrun for latest_only to 2024-10-27 20:00:00+00:00, run_after=2024-10-28 00:00:00+00:00
[2024-10-28T00:03:42.133+0000] {processor.py:208} INFO - Processing /home/airflow/.local/lib/python3.12/site-packages/airflow/example_dags/example_latest_only.py took 0.081 seconds
[2024-10-28T00:04:12.755+0000] {processor.py:186} INFO - Started process (PID=45770) to work on /home/airflow/.local/lib/python3.12/site-packages/airflow/example_dags/example_latest_only.py
[2024-10-28T00:04:12.757+0000] {processor.py:914} INFO - Processing file /home/airflow/.local/lib/python3.12/site-packages/airflow/example_dags/example_latest_only.py for tasks to queue
[2024-10-28T00:04:12.758+0000] {logging_mixin.py:190} INFO - [2024-10-28T00:04:12.758+0000] {dagbag.py:588} INFO - Filling up the DagBag from /home/airflow/.local/lib/python3.12/site-packages/airflow/example_dags/example_latest_only.py
[2024-10-28T00:04:12.765+0000] {processor.py:925} INFO - DAG(s) 'latest_only' retrieved from /home/airflow/.local/lib/python3.12/site-packages/airflow/example_dags/example_latest_only.py
[2024-10-28T00:04:12.784+0000] {logging_mixin.py:190} INFO - [2024-10-28T00:04:12.784+0000] {dag.py:3239} INFO - Sync 1 DAGs
[2024-10-28T00:04:12.806+0000] {logging_mixin.py:190} INFO - [2024-10-28T00:04:12.805+0000] {dag.py:4180} INFO - Setting next_dagrun for latest_only to 2024-10-27 20:00:00+00:00, run_after=2024-10-28 00:00:00+00:00
[2024-10-28T00:04:12.823+0000] {processor.py:208} INFO - Processing /home/airflow/.local/lib/python3.12/site-packages/airflow/example_dags/example_latest_only.py took 0.073 seconds
[2024-10-28T00:04:43.185+0000] {processor.py:186} INFO - Started process (PID=45844) to work on /home/airflow/.local/lib/python3.12/site-packages/airflow/example_dags/example_latest_only.py
[2024-10-28T00:04:43.187+0000] {processor.py:914} INFO - Processing file /home/airflow/.local/lib/python3.12/site-packages/airflow/example_dags/example_latest_only.py for tasks to queue
[2024-10-28T00:04:43.189+0000] {logging_mixin.py:190} INFO - [2024-10-28T00:04:43.189+0000] {dagbag.py:588} INFO - Filling up the DagBag from /home/airflow/.local/lib/python3.12/site-packages/airflow/example_dags/example_latest_only.py
[2024-10-28T00:04:43.206+0000] {processor.py:925} INFO - DAG(s) 'latest_only' retrieved from /home/airflow/.local/lib/python3.12/site-packages/airflow/example_dags/example_latest_only.py
[2024-10-28T00:04:43.231+0000] {logging_mixin.py:190} INFO - [2024-10-28T00:04:43.230+0000] {dag.py:3239} INFO - Sync 1 DAGs
[2024-10-28T00:04:43.274+0000] {logging_mixin.py:190} INFO - [2024-10-28T00:04:43.274+0000] {dag.py:4180} INFO - Setting next_dagrun for latest_only to 2024-10-27 20:00:00+00:00, run_after=2024-10-28 00:00:00+00:00
[2024-10-28T00:04:43.302+0000] {processor.py:208} INFO - Processing /home/airflow/.local/lib/python3.12/site-packages/airflow/example_dags/example_latest_only.py took 0.123 seconds
[2024-10-28T00:05:13.802+0000] {processor.py:186} INFO - Started process (PID=45918) to work on /home/airflow/.local/lib/python3.12/site-packages/airflow/example_dags/example_latest_only.py
[2024-10-28T00:05:13.803+0000] {processor.py:914} INFO - Processing file /home/airflow/.local/lib/python3.12/site-packages/airflow/example_dags/example_latest_only.py for tasks to queue
[2024-10-28T00:05:13.805+0000] {logging_mixin.py:190} INFO - [2024-10-28T00:05:13.804+0000] {dagbag.py:588} INFO - Filling up the DagBag from /home/airflow/.local/lib/python3.12/site-packages/airflow/example_dags/example_latest_only.py
[2024-10-28T00:05:13.812+0000] {processor.py:925} INFO - DAG(s) 'latest_only' retrieved from /home/airflow/.local/lib/python3.12/site-packages/airflow/example_dags/example_latest_only.py
[2024-10-28T00:05:13.832+0000] {logging_mixin.py:190} INFO - [2024-10-28T00:05:13.832+0000] {dag.py:3239} INFO - Sync 1 DAGs
[2024-10-28T00:05:13.855+0000] {logging_mixin.py:190} INFO - [2024-10-28T00:05:13.855+0000] {dag.py:4180} INFO - Setting next_dagrun for latest_only to 2024-10-27 20:00:00+00:00, run_after=2024-10-28 00:00:00+00:00
[2024-10-28T00:05:13.875+0000] {processor.py:208} INFO - Processing /home/airflow/.local/lib/python3.12/site-packages/airflow/example_dags/example_latest_only.py took 0.080 seconds
[2024-10-28T00:05:44.254+0000] {processor.py:186} INFO - Started process (PID=45992) to work on /home/airflow/.local/lib/python3.12/site-packages/airflow/example_dags/example_latest_only.py
[2024-10-28T00:05:44.255+0000] {processor.py:914} INFO - Processing file /home/airflow/.local/lib/python3.12/site-packages/airflow/example_dags/example_latest_only.py for tasks to queue
[2024-10-28T00:05:44.256+0000] {logging_mixin.py:190} INFO - [2024-10-28T00:05:44.256+0000] {dagbag.py:588} INFO - Filling up the DagBag from /home/airflow/.local/lib/python3.12/site-packages/airflow/example_dags/example_latest_only.py
[2024-10-28T00:05:44.267+0000] {processor.py:925} INFO - DAG(s) 'latest_only' retrieved from /home/airflow/.local/lib/python3.12/site-packages/airflow/example_dags/example_latest_only.py
[2024-10-28T00:05:44.288+0000] {logging_mixin.py:190} INFO - [2024-10-28T00:05:44.288+0000] {dag.py:3239} INFO - Sync 1 DAGs
[2024-10-28T00:05:44.312+0000] {logging_mixin.py:190} INFO - [2024-10-28T00:05:44.312+0000] {dag.py:4180} INFO - Setting next_dagrun for latest_only to 2024-10-27 20:00:00+00:00, run_after=2024-10-28 00:00:00+00:00
[2024-10-28T00:05:44.332+0000] {processor.py:208} INFO - Processing /home/airflow/.local/lib/python3.12/site-packages/airflow/example_dags/example_latest_only.py took 0.084 seconds
[2024-10-28T00:06:14.610+0000] {processor.py:186} INFO - Started process (PID=46066) to work on /home/airflow/.local/lib/python3.12/site-packages/airflow/example_dags/example_latest_only.py
[2024-10-28T00:06:14.611+0000] {processor.py:914} INFO - Processing file /home/airflow/.local/lib/python3.12/site-packages/airflow/example_dags/example_latest_only.py for tasks to queue
[2024-10-28T00:06:14.613+0000] {logging_mixin.py:190} INFO - [2024-10-28T00:06:14.613+0000] {dagbag.py:588} INFO - Filling up the DagBag from /home/airflow/.local/lib/python3.12/site-packages/airflow/example_dags/example_latest_only.py
[2024-10-28T00:06:14.623+0000] {processor.py:925} INFO - DAG(s) 'latest_only' retrieved from /home/airflow/.local/lib/python3.12/site-packages/airflow/example_dags/example_latest_only.py
[2024-10-28T00:06:14.647+0000] {logging_mixin.py:190} INFO - [2024-10-28T00:06:14.647+0000] {dag.py:3239} INFO - Sync 1 DAGs
[2024-10-28T00:06:14.675+0000] {logging_mixin.py:190} INFO - [2024-10-28T00:06:14.675+0000] {dag.py:4180} INFO - Setting next_dagrun for latest_only to 2024-10-27 20:00:00+00:00, run_after=2024-10-28 00:00:00+00:00
[2024-10-28T00:06:14.697+0000] {processor.py:208} INFO - Processing /home/airflow/.local/lib/python3.12/site-packages/airflow/example_dags/example_latest_only.py took 0.096 seconds
[2024-10-28T00:06:44.786+0000] {processor.py:186} INFO - Started process (PID=46140) to work on /home/airflow/.local/lib/python3.12/site-packages/airflow/example_dags/example_latest_only.py
[2024-10-28T00:06:44.788+0000] {processor.py:914} INFO - Processing file /home/airflow/.local/lib/python3.12/site-packages/airflow/example_dags/example_latest_only.py for tasks to queue
[2024-10-28T00:06:44.789+0000] {logging_mixin.py:190} INFO - [2024-10-28T00:06:44.789+0000] {dagbag.py:588} INFO - Filling up the DagBag from /home/airflow/.local/lib/python3.12/site-packages/airflow/example_dags/example_latest_only.py
[2024-10-28T00:06:44.796+0000] {processor.py:925} INFO - DAG(s) 'latest_only' retrieved from /home/airflow/.local/lib/python3.12/site-packages/airflow/example_dags/example_latest_only.py
[2024-10-28T00:06:44.817+0000] {logging_mixin.py:190} INFO - [2024-10-28T00:06:44.817+0000] {dag.py:3239} INFO - Sync 1 DAGs
[2024-10-28T00:06:44.845+0000] {logging_mixin.py:190} INFO - [2024-10-28T00:06:44.845+0000] {dag.py:4180} INFO - Setting next_dagrun for latest_only to 2024-10-27 20:00:00+00:00, run_after=2024-10-28 00:00:00+00:00
[2024-10-28T00:06:44.867+0000] {processor.py:208} INFO - Processing /home/airflow/.local/lib/python3.12/site-packages/airflow/example_dags/example_latest_only.py took 0.087 seconds
[2024-10-28T00:07:15.059+0000] {processor.py:186} INFO - Started process (PID=46214) to work on /home/airflow/.local/lib/python3.12/site-packages/airflow/example_dags/example_latest_only.py
[2024-10-28T00:07:15.060+0000] {processor.py:914} INFO - Processing file /home/airflow/.local/lib/python3.12/site-packages/airflow/example_dags/example_latest_only.py for tasks to queue
[2024-10-28T00:07:15.061+0000] {logging_mixin.py:190} INFO - [2024-10-28T00:07:15.061+0000] {dagbag.py:588} INFO - Filling up the DagBag from /home/airflow/.local/lib/python3.12/site-packages/airflow/example_dags/example_latest_only.py
[2024-10-28T00:07:15.069+0000] {processor.py:925} INFO - DAG(s) 'latest_only' retrieved from /home/airflow/.local/lib/python3.12/site-packages/airflow/example_dags/example_latest_only.py
[2024-10-28T00:07:15.087+0000] {logging_mixin.py:190} INFO - [2024-10-28T00:07:15.086+0000] {dag.py:3239} INFO - Sync 1 DAGs
[2024-10-28T00:07:15.108+0000] {logging_mixin.py:190} INFO - [2024-10-28T00:07:15.107+0000] {dag.py:4180} INFO - Setting next_dagrun for latest_only to 2024-10-27 20:00:00+00:00, run_after=2024-10-28 00:00:00+00:00
[2024-10-28T00:07:15.125+0000] {processor.py:208} INFO - Processing /home/airflow/.local/lib/python3.12/site-packages/airflow/example_dags/example_latest_only.py took 0.072 seconds
[2024-10-28T00:07:45.866+0000] {processor.py:186} INFO - Started process (PID=46289) to work on /home/airflow/.local/lib/python3.12/site-packages/airflow/example_dags/example_latest_only.py
[2024-10-28T00:07:45.867+0000] {processor.py:914} INFO - Processing file /home/airflow/.local/lib/python3.12/site-packages/airflow/example_dags/example_latest_only.py for tasks to queue
[2024-10-28T00:07:45.869+0000] {logging_mixin.py:190} INFO - [2024-10-28T00:07:45.869+0000] {dagbag.py:588} INFO - Filling up the DagBag from /home/airflow/.local/lib/python3.12/site-packages/airflow/example_dags/example_latest_only.py
[2024-10-28T00:07:45.879+0000] {processor.py:925} INFO - DAG(s) 'latest_only' retrieved from /home/airflow/.local/lib/python3.12/site-packages/airflow/example_dags/example_latest_only.py
[2024-10-28T00:07:45.904+0000] {logging_mixin.py:190} INFO - [2024-10-28T00:07:45.904+0000] {dag.py:3239} INFO - Sync 1 DAGs
[2024-10-28T00:07:45.933+0000] {logging_mixin.py:190} INFO - [2024-10-28T00:07:45.933+0000] {dag.py:4180} INFO - Setting next_dagrun for latest_only to 2024-10-27 20:00:00+00:00, run_after=2024-10-28 00:00:00+00:00
[2024-10-28T00:07:45.953+0000] {processor.py:208} INFO - Processing /home/airflow/.local/lib/python3.12/site-packages/airflow/example_dags/example_latest_only.py took 0.095 seconds
[2024-10-28T00:08:16.416+0000] {processor.py:186} INFO - Started process (PID=46363) to work on /home/airflow/.local/lib/python3.12/site-packages/airflow/example_dags/example_latest_only.py
[2024-10-28T00:08:16.417+0000] {processor.py:914} INFO - Processing file /home/airflow/.local/lib/python3.12/site-packages/airflow/example_dags/example_latest_only.py for tasks to queue
[2024-10-28T00:08:16.418+0000] {logging_mixin.py:190} INFO - [2024-10-28T00:08:16.418+0000] {dagbag.py:588} INFO - Filling up the DagBag from /home/airflow/.local/lib/python3.12/site-packages/airflow/example_dags/example_latest_only.py
[2024-10-28T00:08:16.427+0000] {processor.py:925} INFO - DAG(s) 'latest_only' retrieved from /home/airflow/.local/lib/python3.12/site-packages/airflow/example_dags/example_latest_only.py
[2024-10-28T00:08:16.449+0000] {logging_mixin.py:190} INFO - [2024-10-28T00:08:16.449+0000] {dag.py:3239} INFO - Sync 1 DAGs
[2024-10-28T00:08:16.481+0000] {logging_mixin.py:190} INFO - [2024-10-28T00:08:16.480+0000] {dag.py:4180} INFO - Setting next_dagrun for latest_only to 2024-10-27 20:00:00+00:00, run_after=2024-10-28 00:00:00+00:00
[2024-10-28T00:08:16.502+0000] {processor.py:208} INFO - Processing /home/airflow/.local/lib/python3.12/site-packages/airflow/example_dags/example_latest_only.py took 0.092 seconds
[2024-10-28T00:08:47.393+0000] {processor.py:186} INFO - Started process (PID=46437) to work on /home/airflow/.local/lib/python3.12/site-packages/airflow/example_dags/example_latest_only.py
[2024-10-28T00:08:47.394+0000] {processor.py:914} INFO - Processing file /home/airflow/.local/lib/python3.12/site-packages/airflow/example_dags/example_latest_only.py for tasks to queue
[2024-10-28T00:08:47.395+0000] {logging_mixin.py:190} INFO - [2024-10-28T00:08:47.395+0000] {dagbag.py:588} INFO - Filling up the DagBag from /home/airflow/.local/lib/python3.12/site-packages/airflow/example_dags/example_latest_only.py
[2024-10-28T00:08:47.402+0000] {processor.py:925} INFO - DAG(s) 'latest_only' retrieved from /home/airflow/.local/lib/python3.12/site-packages/airflow/example_dags/example_latest_only.py
[2024-10-28T00:08:47.420+0000] {logging_mixin.py:190} INFO - [2024-10-28T00:08:47.420+0000] {dag.py:3239} INFO - Sync 1 DAGs
[2024-10-28T00:08:47.443+0000] {logging_mixin.py:190} INFO - [2024-10-28T00:08:47.443+0000] {dag.py:4180} INFO - Setting next_dagrun for latest_only to 2024-10-27 20:00:00+00:00, run_after=2024-10-28 00:00:00+00:00
[2024-10-28T00:08:47.464+0000] {processor.py:208} INFO - Processing /home/airflow/.local/lib/python3.12/site-packages/airflow/example_dags/example_latest_only.py took 0.076 seconds
[2024-10-28T00:09:17.874+0000] {processor.py:186} INFO - Started process (PID=46511) to work on /home/airflow/.local/lib/python3.12/site-packages/airflow/example_dags/example_latest_only.py
[2024-10-28T00:09:17.875+0000] {processor.py:914} INFO - Processing file /home/airflow/.local/lib/python3.12/site-packages/airflow/example_dags/example_latest_only.py for tasks to queue
[2024-10-28T00:09:17.876+0000] {logging_mixin.py:190} INFO - [2024-10-28T00:09:17.876+0000] {dagbag.py:588} INFO - Filling up the DagBag from /home/airflow/.local/lib/python3.12/site-packages/airflow/example_dags/example_latest_only.py
[2024-10-28T00:09:17.883+0000] {processor.py:925} INFO - DAG(s) 'latest_only' retrieved from /home/airflow/.local/lib/python3.12/site-packages/airflow/example_dags/example_latest_only.py
[2024-10-28T00:09:17.901+0000] {logging_mixin.py:190} INFO - [2024-10-28T00:09:17.901+0000] {dag.py:3239} INFO - Sync 1 DAGs
[2024-10-28T00:09:17.921+0000] {logging_mixin.py:190} INFO - [2024-10-28T00:09:17.921+0000] {dag.py:4180} INFO - Setting next_dagrun for latest_only to 2024-10-27 20:00:00+00:00, run_after=2024-10-28 00:00:00+00:00
[2024-10-28T00:09:17.939+0000] {processor.py:208} INFO - Processing /home/airflow/.local/lib/python3.12/site-packages/airflow/example_dags/example_latest_only.py took 0.071 seconds
[2024-10-28T00:09:48.046+0000] {processor.py:186} INFO - Started process (PID=46585) to work on /home/airflow/.local/lib/python3.12/site-packages/airflow/example_dags/example_latest_only.py
[2024-10-28T00:09:48.048+0000] {processor.py:914} INFO - Processing file /home/airflow/.local/lib/python3.12/site-packages/airflow/example_dags/example_latest_only.py for tasks to queue
[2024-10-28T00:09:48.049+0000] {logging_mixin.py:190} INFO - [2024-10-28T00:09:48.049+0000] {dagbag.py:588} INFO - Filling up the DagBag from /home/airflow/.local/lib/python3.12/site-packages/airflow/example_dags/example_latest_only.py
[2024-10-28T00:09:48.056+0000] {processor.py:925} INFO - DAG(s) 'latest_only' retrieved from /home/airflow/.local/lib/python3.12/site-packages/airflow/example_dags/example_latest_only.py
[2024-10-28T00:09:48.075+0000] {logging_mixin.py:190} INFO - [2024-10-28T00:09:48.075+0000] {dag.py:3239} INFO - Sync 1 DAGs
[2024-10-28T00:09:48.098+0000] {logging_mixin.py:190} INFO - [2024-10-28T00:09:48.098+0000] {dag.py:4180} INFO - Setting next_dagrun for latest_only to 2024-10-27 20:00:00+00:00, run_after=2024-10-28 00:00:00+00:00
[2024-10-28T00:09:48.118+0000] {processor.py:208} INFO - Processing /home/airflow/.local/lib/python3.12/site-packages/airflow/example_dags/example_latest_only.py took 0.078 seconds
[2024-10-28T00:10:18.233+0000] {processor.py:186} INFO - Started process (PID=46659) to work on /home/airflow/.local/lib/python3.12/site-packages/airflow/example_dags/example_latest_only.py
[2024-10-28T00:10:18.235+0000] {processor.py:914} INFO - Processing file /home/airflow/.local/lib/python3.12/site-packages/airflow/example_dags/example_latest_only.py for tasks to queue
[2024-10-28T00:10:18.236+0000] {logging_mixin.py:190} INFO - [2024-10-28T00:10:18.236+0000] {dagbag.py:588} INFO - Filling up the DagBag from /home/airflow/.local/lib/python3.12/site-packages/airflow/example_dags/example_latest_only.py
[2024-10-28T00:10:18.243+0000] {processor.py:925} INFO - DAG(s) 'latest_only' retrieved from /home/airflow/.local/lib/python3.12/site-packages/airflow/example_dags/example_latest_only.py
[2024-10-28T00:10:18.262+0000] {logging_mixin.py:190} INFO - [2024-10-28T00:10:18.262+0000] {dag.py:3239} INFO - Sync 1 DAGs
[2024-10-28T00:10:18.283+0000] {logging_mixin.py:190} INFO - [2024-10-28T00:10:18.283+0000] {dag.py:4180} INFO - Setting next_dagrun for latest_only to 2024-10-27 20:00:00+00:00, run_after=2024-10-28 00:00:00+00:00
[2024-10-28T00:10:18.301+0000] {processor.py:208} INFO - Processing /home/airflow/.local/lib/python3.12/site-packages/airflow/example_dags/example_latest_only.py took 0.074 seconds
[2024-10-28T00:10:48.691+0000] {processor.py:186} INFO - Started process (PID=46722) to work on /home/airflow/.local/lib/python3.12/site-packages/airflow/example_dags/example_latest_only.py
[2024-10-28T00:10:48.692+0000] {processor.py:914} INFO - Processing file /home/airflow/.local/lib/python3.12/site-packages/airflow/example_dags/example_latest_only.py for tasks to queue
[2024-10-28T00:10:48.693+0000] {logging_mixin.py:190} INFO - [2024-10-28T00:10:48.693+0000] {dagbag.py:588} INFO - Filling up the DagBag from /home/airflow/.local/lib/python3.12/site-packages/airflow/example_dags/example_latest_only.py
[2024-10-28T00:10:48.700+0000] {processor.py:925} INFO - DAG(s) 'latest_only' retrieved from /home/airflow/.local/lib/python3.12/site-packages/airflow/example_dags/example_latest_only.py
[2024-10-28T00:10:48.721+0000] {logging_mixin.py:190} INFO - [2024-10-28T00:10:48.721+0000] {dag.py:3239} INFO - Sync 1 DAGs
[2024-10-28T00:10:48.746+0000] {logging_mixin.py:190} INFO - [2024-10-28T00:10:48.746+0000] {dag.py:4180} INFO - Setting next_dagrun for latest_only to 2024-10-27 20:00:00+00:00, run_after=2024-10-28 00:00:00+00:00
[2024-10-28T00:10:48.766+0000] {processor.py:208} INFO - Processing /home/airflow/.local/lib/python3.12/site-packages/airflow/example_dags/example_latest_only.py took 0.081 seconds
[2024-10-28T00:11:19.539+0000] {processor.py:186} INFO - Started process (PID=46796) to work on /home/airflow/.local/lib/python3.12/site-packages/airflow/example_dags/example_latest_only.py
[2024-10-28T00:11:19.540+0000] {processor.py:914} INFO - Processing file /home/airflow/.local/lib/python3.12/site-packages/airflow/example_dags/example_latest_only.py for tasks to queue
[2024-10-28T00:11:19.541+0000] {logging_mixin.py:190} INFO - [2024-10-28T00:11:19.541+0000] {dagbag.py:588} INFO - Filling up the DagBag from /home/airflow/.local/lib/python3.12/site-packages/airflow/example_dags/example_latest_only.py
[2024-10-28T00:11:19.548+0000] {processor.py:925} INFO - DAG(s) 'latest_only' retrieved from /home/airflow/.local/lib/python3.12/site-packages/airflow/example_dags/example_latest_only.py
[2024-10-28T00:11:19.569+0000] {logging_mixin.py:190} INFO - [2024-10-28T00:11:19.568+0000] {dag.py:3239} INFO - Sync 1 DAGs
[2024-10-28T00:11:19.593+0000] {logging_mixin.py:190} INFO - [2024-10-28T00:11:19.593+0000] {dag.py:4180} INFO - Setting next_dagrun for latest_only to 2024-10-27 20:00:00+00:00, run_after=2024-10-28 00:00:00+00:00
[2024-10-28T00:11:19.612+0000] {processor.py:208} INFO - Processing /home/airflow/.local/lib/python3.12/site-packages/airflow/example_dags/example_latest_only.py took 0.078 seconds
[2024-10-28T00:11:49.811+0000] {processor.py:186} INFO - Started process (PID=46869) to work on /home/airflow/.local/lib/python3.12/site-packages/airflow/example_dags/example_latest_only.py
[2024-10-28T00:11:49.812+0000] {processor.py:914} INFO - Processing file /home/airflow/.local/lib/python3.12/site-packages/airflow/example_dags/example_latest_only.py for tasks to queue
[2024-10-28T00:11:49.814+0000] {logging_mixin.py:190} INFO - [2024-10-28T00:11:49.814+0000] {dagbag.py:588} INFO - Filling up the DagBag from /home/airflow/.local/lib/python3.12/site-packages/airflow/example_dags/example_latest_only.py
[2024-10-28T00:11:49.822+0000] {processor.py:925} INFO - DAG(s) 'latest_only' retrieved from /home/airflow/.local/lib/python3.12/site-packages/airflow/example_dags/example_latest_only.py
[2024-10-28T00:11:49.840+0000] {logging_mixin.py:190} INFO - [2024-10-28T00:11:49.840+0000] {dag.py:3239} INFO - Sync 1 DAGs
[2024-10-28T00:11:49.862+0000] {logging_mixin.py:190} INFO - [2024-10-28T00:11:49.862+0000] {dag.py:4180} INFO - Setting next_dagrun for latest_only to 2024-10-27 20:00:00+00:00, run_after=2024-10-28 00:00:00+00:00
[2024-10-28T00:11:49.880+0000] {processor.py:208} INFO - Processing /home/airflow/.local/lib/python3.12/site-packages/airflow/example_dags/example_latest_only.py took 0.075 seconds
[2024-10-28T00:12:20.131+0000] {processor.py:186} INFO - Started process (PID=46943) to work on /home/airflow/.local/lib/python3.12/site-packages/airflow/example_dags/example_latest_only.py
[2024-10-28T00:12:20.132+0000] {processor.py:914} INFO - Processing file /home/airflow/.local/lib/python3.12/site-packages/airflow/example_dags/example_latest_only.py for tasks to queue
[2024-10-28T00:12:20.134+0000] {logging_mixin.py:190} INFO - [2024-10-28T00:12:20.133+0000] {dagbag.py:588} INFO - Filling up the DagBag from /home/airflow/.local/lib/python3.12/site-packages/airflow/example_dags/example_latest_only.py
[2024-10-28T00:12:20.141+0000] {processor.py:925} INFO - DAG(s) 'latest_only' retrieved from /home/airflow/.local/lib/python3.12/site-packages/airflow/example_dags/example_latest_only.py
[2024-10-28T00:12:20.160+0000] {logging_mixin.py:190} INFO - [2024-10-28T00:12:20.159+0000] {dag.py:3239} INFO - Sync 1 DAGs
[2024-10-28T00:12:20.183+0000] {logging_mixin.py:190} INFO - [2024-10-28T00:12:20.183+0000] {dag.py:4180} INFO - Setting next_dagrun for latest_only to 2024-10-27 20:00:00+00:00, run_after=2024-10-28 00:00:00+00:00
[2024-10-28T00:12:20.201+0000] {processor.py:208} INFO - Processing /home/airflow/.local/lib/python3.12/site-packages/airflow/example_dags/example_latest_only.py took 0.075 seconds
[2024-10-28T00:12:50.614+0000] {processor.py:186} INFO - Started process (PID=47017) to work on /home/airflow/.local/lib/python3.12/site-packages/airflow/example_dags/example_latest_only.py
[2024-10-28T00:12:50.616+0000] {processor.py:914} INFO - Processing file /home/airflow/.local/lib/python3.12/site-packages/airflow/example_dags/example_latest_only.py for tasks to queue
[2024-10-28T00:12:50.617+0000] {logging_mixin.py:190} INFO - [2024-10-28T00:12:50.617+0000] {dagbag.py:588} INFO - Filling up the DagBag from /home/airflow/.local/lib/python3.12/site-packages/airflow/example_dags/example_latest_only.py
[2024-10-28T00:12:50.624+0000] {processor.py:925} INFO - DAG(s) 'latest_only' retrieved from /home/airflow/.local/lib/python3.12/site-packages/airflow/example_dags/example_latest_only.py
[2024-10-28T00:12:50.642+0000] {logging_mixin.py:190} INFO - [2024-10-28T00:12:50.642+0000] {dag.py:3239} INFO - Sync 1 DAGs
[2024-10-28T00:12:50.665+0000] {logging_mixin.py:190} INFO - [2024-10-28T00:12:50.665+0000] {dag.py:4180} INFO - Setting next_dagrun for latest_only to 2024-10-27 20:00:00+00:00, run_after=2024-10-28 00:00:00+00:00
[2024-10-28T00:12:50.688+0000] {processor.py:208} INFO - Processing /home/airflow/.local/lib/python3.12/site-packages/airflow/example_dags/example_latest_only.py took 0.079 seconds
[2024-10-28T00:13:21.067+0000] {processor.py:186} INFO - Started process (PID=47091) to work on /home/airflow/.local/lib/python3.12/site-packages/airflow/example_dags/example_latest_only.py
[2024-10-28T00:13:21.068+0000] {processor.py:914} INFO - Processing file /home/airflow/.local/lib/python3.12/site-packages/airflow/example_dags/example_latest_only.py for tasks to queue
[2024-10-28T00:13:21.069+0000] {logging_mixin.py:190} INFO - [2024-10-28T00:13:21.069+0000] {dagbag.py:588} INFO - Filling up the DagBag from /home/airflow/.local/lib/python3.12/site-packages/airflow/example_dags/example_latest_only.py
[2024-10-28T00:13:21.076+0000] {processor.py:925} INFO - DAG(s) 'latest_only' retrieved from /home/airflow/.local/lib/python3.12/site-packages/airflow/example_dags/example_latest_only.py
[2024-10-28T00:13:21.098+0000] {logging_mixin.py:190} INFO - [2024-10-28T00:13:21.098+0000] {dag.py:3239} INFO - Sync 1 DAGs
[2024-10-28T00:13:21.121+0000] {logging_mixin.py:190} INFO - [2024-10-28T00:13:21.120+0000] {dag.py:4180} INFO - Setting next_dagrun for latest_only to 2024-10-27 20:00:00+00:00, run_after=2024-10-28 00:00:00+00:00
[2024-10-28T00:13:21.141+0000] {processor.py:208} INFO - Processing /home/airflow/.local/lib/python3.12/site-packages/airflow/example_dags/example_latest_only.py took 0.081 seconds
[2024-10-28T00:13:51.542+0000] {processor.py:186} INFO - Started process (PID=47165) to work on /home/airflow/.local/lib/python3.12/site-packages/airflow/example_dags/example_latest_only.py
[2024-10-28T00:13:51.543+0000] {processor.py:914} INFO - Processing file /home/airflow/.local/lib/python3.12/site-packages/airflow/example_dags/example_latest_only.py for tasks to queue
[2024-10-28T00:13:51.544+0000] {logging_mixin.py:190} INFO - [2024-10-28T00:13:51.544+0000] {dagbag.py:588} INFO - Filling up the DagBag from /home/airflow/.local/lib/python3.12/site-packages/airflow/example_dags/example_latest_only.py
[2024-10-28T00:13:51.551+0000] {processor.py:925} INFO - DAG(s) 'latest_only' retrieved from /home/airflow/.local/lib/python3.12/site-packages/airflow/example_dags/example_latest_only.py
[2024-10-28T00:13:51.570+0000] {logging_mixin.py:190} INFO - [2024-10-28T00:13:51.570+0000] {dag.py:3239} INFO - Sync 1 DAGs
[2024-10-28T00:13:51.591+0000] {logging_mixin.py:190} INFO - [2024-10-28T00:13:51.591+0000] {dag.py:4180} INFO - Setting next_dagrun for latest_only to 2024-10-27 20:00:00+00:00, run_after=2024-10-28 00:00:00+00:00
[2024-10-28T00:13:51.609+0000] {processor.py:208} INFO - Processing /home/airflow/.local/lib/python3.12/site-packages/airflow/example_dags/example_latest_only.py took 0.073 seconds
[2024-10-28T00:14:21.755+0000] {processor.py:186} INFO - Started process (PID=47239) to work on /home/airflow/.local/lib/python3.12/site-packages/airflow/example_dags/example_latest_only.py
[2024-10-28T00:14:21.756+0000] {processor.py:914} INFO - Processing file /home/airflow/.local/lib/python3.12/site-packages/airflow/example_dags/example_latest_only.py for tasks to queue
[2024-10-28T00:14:21.758+0000] {logging_mixin.py:190} INFO - [2024-10-28T00:14:21.758+0000] {dagbag.py:588} INFO - Filling up the DagBag from /home/airflow/.local/lib/python3.12/site-packages/airflow/example_dags/example_latest_only.py
[2024-10-28T00:14:21.765+0000] {processor.py:925} INFO - DAG(s) 'latest_only' retrieved from /home/airflow/.local/lib/python3.12/site-packages/airflow/example_dags/example_latest_only.py
[2024-10-28T00:14:21.783+0000] {logging_mixin.py:190} INFO - [2024-10-28T00:14:21.783+0000] {dag.py:3239} INFO - Sync 1 DAGs
[2024-10-28T00:14:21.803+0000] {logging_mixin.py:190} INFO - [2024-10-28T00:14:21.803+0000] {dag.py:4180} INFO - Setting next_dagrun for latest_only to 2024-10-27 20:00:00+00:00, run_after=2024-10-28 00:00:00+00:00
[2024-10-28T00:14:21.822+0000] {processor.py:208} INFO - Processing /home/airflow/.local/lib/python3.12/site-packages/airflow/example_dags/example_latest_only.py took 0.072 seconds
[2024-10-28T00:14:51.907+0000] {processor.py:186} INFO - Started process (PID=47313) to work on /home/airflow/.local/lib/python3.12/site-packages/airflow/example_dags/example_latest_only.py
[2024-10-28T00:14:51.908+0000] {processor.py:914} INFO - Processing file /home/airflow/.local/lib/python3.12/site-packages/airflow/example_dags/example_latest_only.py for tasks to queue
[2024-10-28T00:14:51.909+0000] {logging_mixin.py:190} INFO - [2024-10-28T00:14:51.909+0000] {dagbag.py:588} INFO - Filling up the DagBag from /home/airflow/.local/lib/python3.12/site-packages/airflow/example_dags/example_latest_only.py
[2024-10-28T00:14:51.916+0000] {processor.py:925} INFO - DAG(s) 'latest_only' retrieved from /home/airflow/.local/lib/python3.12/site-packages/airflow/example_dags/example_latest_only.py
[2024-10-28T00:14:51.935+0000] {logging_mixin.py:190} INFO - [2024-10-28T00:14:51.934+0000] {dag.py:3239} INFO - Sync 1 DAGs
[2024-10-28T00:14:51.956+0000] {logging_mixin.py:190} INFO - [2024-10-28T00:14:51.956+0000] {dag.py:4180} INFO - Setting next_dagrun for latest_only to 2024-10-27 20:00:00+00:00, run_after=2024-10-28 00:00:00+00:00
[2024-10-28T00:14:51.974+0000] {processor.py:208} INFO - Processing /home/airflow/.local/lib/python3.12/site-packages/airflow/example_dags/example_latest_only.py took 0.073 seconds
[2024-10-28T00:15:22.443+0000] {processor.py:186} INFO - Started process (PID=47387) to work on /home/airflow/.local/lib/python3.12/site-packages/airflow/example_dags/example_latest_only.py
[2024-10-28T00:15:22.444+0000] {processor.py:914} INFO - Processing file /home/airflow/.local/lib/python3.12/site-packages/airflow/example_dags/example_latest_only.py for tasks to queue
[2024-10-28T00:15:22.445+0000] {logging_mixin.py:190} INFO - [2024-10-28T00:15:22.445+0000] {dagbag.py:588} INFO - Filling up the DagBag from /home/airflow/.local/lib/python3.12/site-packages/airflow/example_dags/example_latest_only.py
[2024-10-28T00:15:22.453+0000] {processor.py:925} INFO - DAG(s) 'latest_only' retrieved from /home/airflow/.local/lib/python3.12/site-packages/airflow/example_dags/example_latest_only.py
[2024-10-28T00:15:22.474+0000] {logging_mixin.py:190} INFO - [2024-10-28T00:15:22.473+0000] {dag.py:3239} INFO - Sync 1 DAGs
[2024-10-28T00:15:22.496+0000] {logging_mixin.py:190} INFO - [2024-10-28T00:15:22.496+0000] {dag.py:4180} INFO - Setting next_dagrun for latest_only to 2024-10-27 20:00:00+00:00, run_after=2024-10-28 00:00:00+00:00
[2024-10-28T00:15:22.520+0000] {processor.py:208} INFO - Processing /home/airflow/.local/lib/python3.12/site-packages/airflow/example_dags/example_latest_only.py took 0.083 seconds
[2024-10-28T00:15:52.826+0000] {processor.py:186} INFO - Started process (PID=47461) to work on /home/airflow/.local/lib/python3.12/site-packages/airflow/example_dags/example_latest_only.py
[2024-10-28T00:15:52.827+0000] {processor.py:914} INFO - Processing file /home/airflow/.local/lib/python3.12/site-packages/airflow/example_dags/example_latest_only.py for tasks to queue
[2024-10-28T00:15:52.829+0000] {logging_mixin.py:190} INFO - [2024-10-28T00:15:52.829+0000] {dagbag.py:588} INFO - Filling up the DagBag from /home/airflow/.local/lib/python3.12/site-packages/airflow/example_dags/example_latest_only.py
[2024-10-28T00:15:52.836+0000] {processor.py:925} INFO - DAG(s) 'latest_only' retrieved from /home/airflow/.local/lib/python3.12/site-packages/airflow/example_dags/example_latest_only.py
[2024-10-28T00:15:52.855+0000] {logging_mixin.py:190} INFO - [2024-10-28T00:15:52.855+0000] {dag.py:3239} INFO - Sync 1 DAGs
[2024-10-28T00:15:52.876+0000] {logging_mixin.py:190} INFO - [2024-10-28T00:15:52.875+0000] {dag.py:4180} INFO - Setting next_dagrun for latest_only to 2024-10-27 20:00:00+00:00, run_after=2024-10-28 00:00:00+00:00
[2024-10-28T00:15:52.897+0000] {processor.py:208} INFO - Processing /home/airflow/.local/lib/python3.12/site-packages/airflow/example_dags/example_latest_only.py took 0.076 seconds
[2024-10-28T00:16:23.813+0000] {processor.py:186} INFO - Started process (PID=47535) to work on /home/airflow/.local/lib/python3.12/site-packages/airflow/example_dags/example_latest_only.py
[2024-10-28T00:16:23.814+0000] {processor.py:914} INFO - Processing file /home/airflow/.local/lib/python3.12/site-packages/airflow/example_dags/example_latest_only.py for tasks to queue
[2024-10-28T00:16:23.816+0000] {logging_mixin.py:190} INFO - [2024-10-28T00:16:23.816+0000] {dagbag.py:588} INFO - Filling up the DagBag from /home/airflow/.local/lib/python3.12/site-packages/airflow/example_dags/example_latest_only.py
[2024-10-28T00:16:23.823+0000] {processor.py:925} INFO - DAG(s) 'latest_only' retrieved from /home/airflow/.local/lib/python3.12/site-packages/airflow/example_dags/example_latest_only.py
[2024-10-28T00:16:23.842+0000] {logging_mixin.py:190} INFO - [2024-10-28T00:16:23.842+0000] {dag.py:3239} INFO - Sync 1 DAGs
[2024-10-28T00:16:23.862+0000] {logging_mixin.py:190} INFO - [2024-10-28T00:16:23.862+0000] {dag.py:4180} INFO - Setting next_dagrun for latest_only to 2024-10-27 20:00:00+00:00, run_after=2024-10-28 00:00:00+00:00
[2024-10-28T00:16:23.878+0000] {processor.py:208} INFO - Processing /home/airflow/.local/lib/python3.12/site-packages/airflow/example_dags/example_latest_only.py took 0.070 seconds
[2024-10-28T00:16:54.733+0000] {processor.py:186} INFO - Started process (PID=47609) to work on /home/airflow/.local/lib/python3.12/site-packages/airflow/example_dags/example_latest_only.py
[2024-10-28T00:16:54.735+0000] {processor.py:914} INFO - Processing file /home/airflow/.local/lib/python3.12/site-packages/airflow/example_dags/example_latest_only.py for tasks to queue
[2024-10-28T00:16:54.736+0000] {logging_mixin.py:190} INFO - [2024-10-28T00:16:54.736+0000] {dagbag.py:588} INFO - Filling up the DagBag from /home/airflow/.local/lib/python3.12/site-packages/airflow/example_dags/example_latest_only.py
[2024-10-28T00:16:54.743+0000] {processor.py:925} INFO - DAG(s) 'latest_only' retrieved from /home/airflow/.local/lib/python3.12/site-packages/airflow/example_dags/example_latest_only.py
[2024-10-28T00:16:54.761+0000] {logging_mixin.py:190} INFO - [2024-10-28T00:16:54.761+0000] {dag.py:3239} INFO - Sync 1 DAGs
[2024-10-28T00:16:54.782+0000] {logging_mixin.py:190} INFO - [2024-10-28T00:16:54.782+0000] {dag.py:4180} INFO - Setting next_dagrun for latest_only to 2024-10-27 20:00:00+00:00, run_after=2024-10-28 00:00:00+00:00
[2024-10-28T00:16:54.801+0000] {processor.py:208} INFO - Processing /home/airflow/.local/lib/python3.12/site-packages/airflow/example_dags/example_latest_only.py took 0.073 seconds
[2024-10-28T00:17:25.323+0000] {processor.py:186} INFO - Started process (PID=47683) to work on /home/airflow/.local/lib/python3.12/site-packages/airflow/example_dags/example_latest_only.py
[2024-10-28T00:17:25.324+0000] {processor.py:914} INFO - Processing file /home/airflow/.local/lib/python3.12/site-packages/airflow/example_dags/example_latest_only.py for tasks to queue
[2024-10-28T00:17:25.326+0000] {logging_mixin.py:190} INFO - [2024-10-28T00:17:25.325+0000] {dagbag.py:588} INFO - Filling up the DagBag from /home/airflow/.local/lib/python3.12/site-packages/airflow/example_dags/example_latest_only.py
[2024-10-28T00:17:25.332+0000] {processor.py:925} INFO - DAG(s) 'latest_only' retrieved from /home/airflow/.local/lib/python3.12/site-packages/airflow/example_dags/example_latest_only.py
[2024-10-28T00:17:25.350+0000] {logging_mixin.py:190} INFO - [2024-10-28T00:17:25.350+0000] {dag.py:3239} INFO - Sync 1 DAGs
[2024-10-28T00:17:25.370+0000] {logging_mixin.py:190} INFO - [2024-10-28T00:17:25.370+0000] {dag.py:4180} INFO - Setting next_dagrun for latest_only to 2024-10-27 20:00:00+00:00, run_after=2024-10-28 00:00:00+00:00
[2024-10-28T00:17:25.388+0000] {processor.py:208} INFO - Processing /home/airflow/.local/lib/python3.12/site-packages/airflow/example_dags/example_latest_only.py took 0.070 seconds
[2024-10-28T00:17:55.671+0000] {processor.py:186} INFO - Started process (PID=47757) to work on /home/airflow/.local/lib/python3.12/site-packages/airflow/example_dags/example_latest_only.py
[2024-10-28T00:17:55.672+0000] {processor.py:914} INFO - Processing file /home/airflow/.local/lib/python3.12/site-packages/airflow/example_dags/example_latest_only.py for tasks to queue
[2024-10-28T00:17:55.674+0000] {logging_mixin.py:190} INFO - [2024-10-28T00:17:55.673+0000] {dagbag.py:588} INFO - Filling up the DagBag from /home/airflow/.local/lib/python3.12/site-packages/airflow/example_dags/example_latest_only.py
[2024-10-28T00:17:55.684+0000] {processor.py:925} INFO - DAG(s) 'latest_only' retrieved from /home/airflow/.local/lib/python3.12/site-packages/airflow/example_dags/example_latest_only.py
[2024-10-28T00:17:55.704+0000] {logging_mixin.py:190} INFO - [2024-10-28T00:17:55.704+0000] {dag.py:3239} INFO - Sync 1 DAGs
[2024-10-28T00:17:55.732+0000] {logging_mixin.py:190} INFO - [2024-10-28T00:17:55.732+0000] {dag.py:4180} INFO - Setting next_dagrun for latest_only to 2024-10-27 20:00:00+00:00, run_after=2024-10-28 00:00:00+00:00
[2024-10-28T00:17:55.750+0000] {processor.py:208} INFO - Processing /home/airflow/.local/lib/python3.12/site-packages/airflow/example_dags/example_latest_only.py took 0.085 seconds
[2024-10-28T00:18:26.350+0000] {processor.py:186} INFO - Started process (PID=47831) to work on /home/airflow/.local/lib/python3.12/site-packages/airflow/example_dags/example_latest_only.py
[2024-10-28T00:18:26.352+0000] {processor.py:914} INFO - Processing file /home/airflow/.local/lib/python3.12/site-packages/airflow/example_dags/example_latest_only.py for tasks to queue
[2024-10-28T00:18:26.353+0000] {logging_mixin.py:190} INFO - [2024-10-28T00:18:26.353+0000] {dagbag.py:588} INFO - Filling up the DagBag from /home/airflow/.local/lib/python3.12/site-packages/airflow/example_dags/example_latest_only.py
[2024-10-28T00:18:26.361+0000] {processor.py:925} INFO - DAG(s) 'latest_only' retrieved from /home/airflow/.local/lib/python3.12/site-packages/airflow/example_dags/example_latest_only.py
[2024-10-28T00:18:26.380+0000] {logging_mixin.py:190} INFO - [2024-10-28T00:18:26.380+0000] {dag.py:3239} INFO - Sync 1 DAGs
[2024-10-28T00:18:26.407+0000] {logging_mixin.py:190} INFO - [2024-10-28T00:18:26.407+0000] {dag.py:4180} INFO - Setting next_dagrun for latest_only to 2024-10-27 20:00:00+00:00, run_after=2024-10-28 00:00:00+00:00
[2024-10-28T00:18:26.430+0000] {processor.py:208} INFO - Processing /home/airflow/.local/lib/python3.12/site-packages/airflow/example_dags/example_latest_only.py took 0.085 seconds
[2024-10-28T00:18:56.542+0000] {processor.py:186} INFO - Started process (PID=47905) to work on /home/airflow/.local/lib/python3.12/site-packages/airflow/example_dags/example_latest_only.py
[2024-10-28T00:18:56.543+0000] {processor.py:914} INFO - Processing file /home/airflow/.local/lib/python3.12/site-packages/airflow/example_dags/example_latest_only.py for tasks to queue
[2024-10-28T00:18:56.545+0000] {logging_mixin.py:190} INFO - [2024-10-28T00:18:56.545+0000] {dagbag.py:588} INFO - Filling up the DagBag from /home/airflow/.local/lib/python3.12/site-packages/airflow/example_dags/example_latest_only.py
[2024-10-28T00:18:56.556+0000] {processor.py:925} INFO - DAG(s) 'latest_only' retrieved from /home/airflow/.local/lib/python3.12/site-packages/airflow/example_dags/example_latest_only.py
[2024-10-28T00:18:56.581+0000] {logging_mixin.py:190} INFO - [2024-10-28T00:18:56.581+0000] {dag.py:3239} INFO - Sync 1 DAGs
[2024-10-28T00:18:56.611+0000] {logging_mixin.py:190} INFO - [2024-10-28T00:18:56.610+0000] {dag.py:4180} INFO - Setting next_dagrun for latest_only to 2024-10-27 20:00:00+00:00, run_after=2024-10-28 00:00:00+00:00
[2024-10-28T00:18:56.641+0000] {processor.py:208} INFO - Processing /home/airflow/.local/lib/python3.12/site-packages/airflow/example_dags/example_latest_only.py took 0.106 seconds
[2024-10-28T00:19:27.120+0000] {processor.py:186} INFO - Started process (PID=47979) to work on /home/airflow/.local/lib/python3.12/site-packages/airflow/example_dags/example_latest_only.py
[2024-10-28T00:19:27.121+0000] {processor.py:914} INFO - Processing file /home/airflow/.local/lib/python3.12/site-packages/airflow/example_dags/example_latest_only.py for tasks to queue
[2024-10-28T00:19:27.122+0000] {logging_mixin.py:190} INFO - [2024-10-28T00:19:27.122+0000] {dagbag.py:588} INFO - Filling up the DagBag from /home/airflow/.local/lib/python3.12/site-packages/airflow/example_dags/example_latest_only.py
[2024-10-28T00:19:27.134+0000] {processor.py:925} INFO - DAG(s) 'latest_only' retrieved from /home/airflow/.local/lib/python3.12/site-packages/airflow/example_dags/example_latest_only.py
[2024-10-28T00:19:27.158+0000] {logging_mixin.py:190} INFO - [2024-10-28T00:19:27.157+0000] {dag.py:3239} INFO - Sync 1 DAGs
[2024-10-28T00:19:27.186+0000] {logging_mixin.py:190} INFO - [2024-10-28T00:19:27.186+0000] {dag.py:4180} INFO - Setting next_dagrun for latest_only to 2024-10-27 20:00:00+00:00, run_after=2024-10-28 00:00:00+00:00
[2024-10-28T00:19:27.211+0000] {processor.py:208} INFO - Processing /home/airflow/.local/lib/python3.12/site-packages/airflow/example_dags/example_latest_only.py took 0.099 seconds
[2024-10-28T00:19:57.742+0000] {processor.py:186} INFO - Started process (PID=48053) to work on /home/airflow/.local/lib/python3.12/site-packages/airflow/example_dags/example_latest_only.py
[2024-10-28T00:19:57.744+0000] {processor.py:914} INFO - Processing file /home/airflow/.local/lib/python3.12/site-packages/airflow/example_dags/example_latest_only.py for tasks to queue
[2024-10-28T00:19:57.746+0000] {logging_mixin.py:190} INFO - [2024-10-28T00:19:57.746+0000] {dagbag.py:588} INFO - Filling up the DagBag from /home/airflow/.local/lib/python3.12/site-packages/airflow/example_dags/example_latest_only.py
[2024-10-28T00:19:57.755+0000] {processor.py:925} INFO - DAG(s) 'latest_only' retrieved from /home/airflow/.local/lib/python3.12/site-packages/airflow/example_dags/example_latest_only.py
[2024-10-28T00:19:57.782+0000] {logging_mixin.py:190} INFO - [2024-10-28T00:19:57.781+0000] {dag.py:3239} INFO - Sync 1 DAGs
[2024-10-28T00:19:57.809+0000] {logging_mixin.py:190} INFO - [2024-10-28T00:19:57.809+0000] {dag.py:4180} INFO - Setting next_dagrun for latest_only to 2024-10-27 20:00:00+00:00, run_after=2024-10-28 00:00:00+00:00
[2024-10-28T00:19:57.832+0000] {processor.py:208} INFO - Processing /home/airflow/.local/lib/python3.12/site-packages/airflow/example_dags/example_latest_only.py took 0.097 seconds
[2024-10-28T00:20:28.125+0000] {processor.py:186} INFO - Started process (PID=48127) to work on /home/airflow/.local/lib/python3.12/site-packages/airflow/example_dags/example_latest_only.py
[2024-10-28T00:20:28.126+0000] {processor.py:914} INFO - Processing file /home/airflow/.local/lib/python3.12/site-packages/airflow/example_dags/example_latest_only.py for tasks to queue
[2024-10-28T00:20:28.128+0000] {logging_mixin.py:190} INFO - [2024-10-28T00:20:28.127+0000] {dagbag.py:588} INFO - Filling up the DagBag from /home/airflow/.local/lib/python3.12/site-packages/airflow/example_dags/example_latest_only.py
[2024-10-28T00:20:28.136+0000] {processor.py:925} INFO - DAG(s) 'latest_only' retrieved from /home/airflow/.local/lib/python3.12/site-packages/airflow/example_dags/example_latest_only.py
[2024-10-28T00:20:28.161+0000] {logging_mixin.py:190} INFO - [2024-10-28T00:20:28.160+0000] {dag.py:3239} INFO - Sync 1 DAGs
[2024-10-28T00:20:28.187+0000] {logging_mixin.py:190} INFO - [2024-10-28T00:20:28.186+0000] {dag.py:4180} INFO - Setting next_dagrun for latest_only to 2024-10-27 20:00:00+00:00, run_after=2024-10-28 00:00:00+00:00
[2024-10-28T00:20:28.213+0000] {processor.py:208} INFO - Processing /home/airflow/.local/lib/python3.12/site-packages/airflow/example_dags/example_latest_only.py took 0.096 seconds
[2024-10-28T00:20:58.740+0000] {processor.py:186} INFO - Started process (PID=48201) to work on /home/airflow/.local/lib/python3.12/site-packages/airflow/example_dags/example_latest_only.py
[2024-10-28T00:20:58.741+0000] {processor.py:914} INFO - Processing file /home/airflow/.local/lib/python3.12/site-packages/airflow/example_dags/example_latest_only.py for tasks to queue
[2024-10-28T00:20:58.743+0000] {logging_mixin.py:190} INFO - [2024-10-28T00:20:58.743+0000] {dagbag.py:588} INFO - Filling up the DagBag from /home/airflow/.local/lib/python3.12/site-packages/airflow/example_dags/example_latest_only.py
[2024-10-28T00:20:58.753+0000] {processor.py:925} INFO - DAG(s) 'latest_only' retrieved from /home/airflow/.local/lib/python3.12/site-packages/airflow/example_dags/example_latest_only.py
[2024-10-28T00:20:58.776+0000] {logging_mixin.py:190} INFO - [2024-10-28T00:20:58.775+0000] {dag.py:3239} INFO - Sync 1 DAGs
[2024-10-28T00:20:58.807+0000] {logging_mixin.py:190} INFO - [2024-10-28T00:20:58.806+0000] {dag.py:4180} INFO - Setting next_dagrun for latest_only to 2024-10-27 20:00:00+00:00, run_after=2024-10-28 00:00:00+00:00
[2024-10-28T00:20:58.828+0000] {processor.py:208} INFO - Processing /home/airflow/.local/lib/python3.12/site-packages/airflow/example_dags/example_latest_only.py took 0.097 seconds
[2024-10-28T00:21:29.449+0000] {processor.py:186} INFO - Started process (PID=48275) to work on /home/airflow/.local/lib/python3.12/site-packages/airflow/example_dags/example_latest_only.py
[2024-10-28T00:21:29.450+0000] {processor.py:914} INFO - Processing file /home/airflow/.local/lib/python3.12/site-packages/airflow/example_dags/example_latest_only.py for tasks to queue
[2024-10-28T00:21:29.452+0000] {logging_mixin.py:190} INFO - [2024-10-28T00:21:29.452+0000] {dagbag.py:588} INFO - Filling up the DagBag from /home/airflow/.local/lib/python3.12/site-packages/airflow/example_dags/example_latest_only.py
[2024-10-28T00:21:29.459+0000] {processor.py:925} INFO - DAG(s) 'latest_only' retrieved from /home/airflow/.local/lib/python3.12/site-packages/airflow/example_dags/example_latest_only.py
[2024-10-28T00:21:29.482+0000] {logging_mixin.py:190} INFO - [2024-10-28T00:21:29.482+0000] {dag.py:3239} INFO - Sync 1 DAGs
[2024-10-28T00:21:29.507+0000] {logging_mixin.py:190} INFO - [2024-10-28T00:21:29.507+0000] {dag.py:4180} INFO - Setting next_dagrun for latest_only to 2024-10-27 20:00:00+00:00, run_after=2024-10-28 00:00:00+00:00
[2024-10-28T00:21:29.527+0000] {processor.py:208} INFO - Processing /home/airflow/.local/lib/python3.12/site-packages/airflow/example_dags/example_latest_only.py took 0.085 seconds
[2024-10-28T00:21:59.967+0000] {processor.py:186} INFO - Started process (PID=48349) to work on /home/airflow/.local/lib/python3.12/site-packages/airflow/example_dags/example_latest_only.py
[2024-10-28T00:21:59.969+0000] {processor.py:914} INFO - Processing file /home/airflow/.local/lib/python3.12/site-packages/airflow/example_dags/example_latest_only.py for tasks to queue
[2024-10-28T00:21:59.970+0000] {logging_mixin.py:190} INFO - [2024-10-28T00:21:59.970+0000] {dagbag.py:588} INFO - Filling up the DagBag from /home/airflow/.local/lib/python3.12/site-packages/airflow/example_dags/example_latest_only.py
[2024-10-28T00:21:59.978+0000] {processor.py:925} INFO - DAG(s) 'latest_only' retrieved from /home/airflow/.local/lib/python3.12/site-packages/airflow/example_dags/example_latest_only.py
[2024-10-28T00:21:59.999+0000] {logging_mixin.py:190} INFO - [2024-10-28T00:21:59.999+0000] {dag.py:3239} INFO - Sync 1 DAGs
[2024-10-28T00:22:00.026+0000] {logging_mixin.py:190} INFO - [2024-10-28T00:22:00.026+0000] {dag.py:4180} INFO - Setting next_dagrun for latest_only to 2024-10-27 20:00:00+00:00, run_after=2024-10-28 00:00:00+00:00
[2024-10-28T00:22:00.045+0000] {processor.py:208} INFO - Processing /home/airflow/.local/lib/python3.12/site-packages/airflow/example_dags/example_latest_only.py took 0.083 seconds
[2024-10-28T00:22:30.158+0000] {processor.py:186} INFO - Started process (PID=48423) to work on /home/airflow/.local/lib/python3.12/site-packages/airflow/example_dags/example_latest_only.py
[2024-10-28T00:22:30.159+0000] {processor.py:914} INFO - Processing file /home/airflow/.local/lib/python3.12/site-packages/airflow/example_dags/example_latest_only.py for tasks to queue
[2024-10-28T00:22:30.161+0000] {logging_mixin.py:190} INFO - [2024-10-28T00:22:30.161+0000] {dagbag.py:588} INFO - Filling up the DagBag from /home/airflow/.local/lib/python3.12/site-packages/airflow/example_dags/example_latest_only.py
[2024-10-28T00:22:30.169+0000] {processor.py:925} INFO - DAG(s) 'latest_only' retrieved from /home/airflow/.local/lib/python3.12/site-packages/airflow/example_dags/example_latest_only.py
[2024-10-28T00:22:30.190+0000] {logging_mixin.py:190} INFO - [2024-10-28T00:22:30.190+0000] {dag.py:3239} INFO - Sync 1 DAGs
[2024-10-28T00:22:30.212+0000] {logging_mixin.py:190} INFO - [2024-10-28T00:22:30.211+0000] {dag.py:4180} INFO - Setting next_dagrun for latest_only to 2024-10-27 20:00:00+00:00, run_after=2024-10-28 00:00:00+00:00
[2024-10-28T00:22:30.230+0000] {processor.py:208} INFO - Processing /home/airflow/.local/lib/python3.12/site-packages/airflow/example_dags/example_latest_only.py took 0.079 seconds
[2024-10-28T00:23:00.746+0000] {processor.py:186} INFO - Started process (PID=48497) to work on /home/airflow/.local/lib/python3.12/site-packages/airflow/example_dags/example_latest_only.py
[2024-10-28T00:23:00.748+0000] {processor.py:914} INFO - Processing file /home/airflow/.local/lib/python3.12/site-packages/airflow/example_dags/example_latest_only.py for tasks to queue
[2024-10-28T00:23:00.751+0000] {logging_mixin.py:190} INFO - [2024-10-28T00:23:00.750+0000] {dagbag.py:588} INFO - Filling up the DagBag from /home/airflow/.local/lib/python3.12/site-packages/airflow/example_dags/example_latest_only.py
[2024-10-28T00:23:00.760+0000] {processor.py:925} INFO - DAG(s) 'latest_only' retrieved from /home/airflow/.local/lib/python3.12/site-packages/airflow/example_dags/example_latest_only.py
[2024-10-28T00:23:00.788+0000] {logging_mixin.py:190} INFO - [2024-10-28T00:23:00.787+0000] {dag.py:3239} INFO - Sync 1 DAGs
[2024-10-28T00:23:00.814+0000] {logging_mixin.py:190} INFO - [2024-10-28T00:23:00.814+0000] {dag.py:4180} INFO - Setting next_dagrun for latest_only to 2024-10-27 20:00:00+00:00, run_after=2024-10-28 00:00:00+00:00
[2024-10-28T00:23:00.842+0000] {processor.py:208} INFO - Processing /home/airflow/.local/lib/python3.12/site-packages/airflow/example_dags/example_latest_only.py took 0.103 seconds
[2024-10-28T00:23:30.983+0000] {processor.py:186} INFO - Started process (PID=48571) to work on /home/airflow/.local/lib/python3.12/site-packages/airflow/example_dags/example_latest_only.py
[2024-10-28T00:23:30.985+0000] {processor.py:914} INFO - Processing file /home/airflow/.local/lib/python3.12/site-packages/airflow/example_dags/example_latest_only.py for tasks to queue
[2024-10-28T00:23:30.986+0000] {logging_mixin.py:190} INFO - [2024-10-28T00:23:30.986+0000] {dagbag.py:588} INFO - Filling up the DagBag from /home/airflow/.local/lib/python3.12/site-packages/airflow/example_dags/example_latest_only.py
[2024-10-28T00:23:30.993+0000] {processor.py:925} INFO - DAG(s) 'latest_only' retrieved from /home/airflow/.local/lib/python3.12/site-packages/airflow/example_dags/example_latest_only.py
[2024-10-28T00:23:31.014+0000] {logging_mixin.py:190} INFO - [2024-10-28T00:23:31.014+0000] {dag.py:3239} INFO - Sync 1 DAGs
[2024-10-28T00:23:31.035+0000] {logging_mixin.py:190} INFO - [2024-10-28T00:23:31.035+0000] {dag.py:4180} INFO - Setting next_dagrun for latest_only to 2024-10-27 20:00:00+00:00, run_after=2024-10-28 00:00:00+00:00
[2024-10-28T00:23:31.055+0000] {processor.py:208} INFO - Processing /home/airflow/.local/lib/python3.12/site-packages/airflow/example_dags/example_latest_only.py took 0.077 seconds
[2024-10-28T00:24:01.943+0000] {processor.py:186} INFO - Started process (PID=48645) to work on /home/airflow/.local/lib/python3.12/site-packages/airflow/example_dags/example_latest_only.py
[2024-10-28T00:24:01.944+0000] {processor.py:914} INFO - Processing file /home/airflow/.local/lib/python3.12/site-packages/airflow/example_dags/example_latest_only.py for tasks to queue
[2024-10-28T00:24:01.946+0000] {logging_mixin.py:190} INFO - [2024-10-28T00:24:01.946+0000] {dagbag.py:588} INFO - Filling up the DagBag from /home/airflow/.local/lib/python3.12/site-packages/airflow/example_dags/example_latest_only.py
[2024-10-28T00:24:01.955+0000] {processor.py:925} INFO - DAG(s) 'latest_only' retrieved from /home/airflow/.local/lib/python3.12/site-packages/airflow/example_dags/example_latest_only.py
[2024-10-28T00:24:01.979+0000] {logging_mixin.py:190} INFO - [2024-10-28T00:24:01.979+0000] {dag.py:3239} INFO - Sync 1 DAGs
[2024-10-28T00:24:02.003+0000] {logging_mixin.py:190} INFO - [2024-10-28T00:24:02.003+0000] {dag.py:4180} INFO - Setting next_dagrun for latest_only to 2024-10-27 20:00:00+00:00, run_after=2024-10-28 00:00:00+00:00
[2024-10-28T00:24:02.023+0000] {processor.py:208} INFO - Processing /home/airflow/.local/lib/python3.12/site-packages/airflow/example_dags/example_latest_only.py took 0.086 seconds
[2024-10-28T00:24:32.855+0000] {processor.py:186} INFO - Started process (PID=48719) to work on /home/airflow/.local/lib/python3.12/site-packages/airflow/example_dags/example_latest_only.py
[2024-10-28T00:24:32.856+0000] {processor.py:914} INFO - Processing file /home/airflow/.local/lib/python3.12/site-packages/airflow/example_dags/example_latest_only.py for tasks to queue
[2024-10-28T00:24:32.858+0000] {logging_mixin.py:190} INFO - [2024-10-28T00:24:32.858+0000] {dagbag.py:588} INFO - Filling up the DagBag from /home/airflow/.local/lib/python3.12/site-packages/airflow/example_dags/example_latest_only.py
[2024-10-28T00:24:32.867+0000] {processor.py:925} INFO - DAG(s) 'latest_only' retrieved from /home/airflow/.local/lib/python3.12/site-packages/airflow/example_dags/example_latest_only.py
[2024-10-28T00:24:32.894+0000] {logging_mixin.py:190} INFO - [2024-10-28T00:24:32.894+0000] {dag.py:3239} INFO - Sync 1 DAGs
[2024-10-28T00:24:32.927+0000] {logging_mixin.py:190} INFO - [2024-10-28T00:24:32.927+0000] {dag.py:4180} INFO - Setting next_dagrun for latest_only to 2024-10-27 20:00:00+00:00, run_after=2024-10-28 00:00:00+00:00
[2024-10-28T00:24:32.953+0000] {processor.py:208} INFO - Processing /home/airflow/.local/lib/python3.12/site-packages/airflow/example_dags/example_latest_only.py took 0.106 seconds
[2024-10-28T00:25:03.092+0000] {processor.py:186} INFO - Started process (PID=48793) to work on /home/airflow/.local/lib/python3.12/site-packages/airflow/example_dags/example_latest_only.py
[2024-10-28T00:25:03.094+0000] {processor.py:914} INFO - Processing file /home/airflow/.local/lib/python3.12/site-packages/airflow/example_dags/example_latest_only.py for tasks to queue
[2024-10-28T00:25:03.095+0000] {logging_mixin.py:190} INFO - [2024-10-28T00:25:03.095+0000] {dagbag.py:588} INFO - Filling up the DagBag from /home/airflow/.local/lib/python3.12/site-packages/airflow/example_dags/example_latest_only.py
[2024-10-28T00:25:03.108+0000] {processor.py:925} INFO - DAG(s) 'latest_only' retrieved from /home/airflow/.local/lib/python3.12/site-packages/airflow/example_dags/example_latest_only.py
[2024-10-28T00:25:03.130+0000] {logging_mixin.py:190} INFO - [2024-10-28T00:25:03.129+0000] {dag.py:3239} INFO - Sync 1 DAGs
[2024-10-28T00:25:03.383+0000] {logging_mixin.py:190} INFO - [2024-10-28T00:25:03.382+0000] {dag.py:4180} INFO - Setting next_dagrun for latest_only to 2024-10-27 20:00:00+00:00, run_after=2024-10-28 00:00:00+00:00
[2024-10-28T00:25:03.409+0000] {processor.py:208} INFO - Processing /home/airflow/.local/lib/python3.12/site-packages/airflow/example_dags/example_latest_only.py took 0.323 seconds
[2024-10-28T00:25:34.193+0000] {processor.py:186} INFO - Started process (PID=48867) to work on /home/airflow/.local/lib/python3.12/site-packages/airflow/example_dags/example_latest_only.py
[2024-10-28T00:25:34.194+0000] {processor.py:914} INFO - Processing file /home/airflow/.local/lib/python3.12/site-packages/airflow/example_dags/example_latest_only.py for tasks to queue
[2024-10-28T00:25:34.195+0000] {logging_mixin.py:190} INFO - [2024-10-28T00:25:34.195+0000] {dagbag.py:588} INFO - Filling up the DagBag from /home/airflow/.local/lib/python3.12/site-packages/airflow/example_dags/example_latest_only.py
[2024-10-28T00:25:34.202+0000] {processor.py:925} INFO - DAG(s) 'latest_only' retrieved from /home/airflow/.local/lib/python3.12/site-packages/airflow/example_dags/example_latest_only.py
[2024-10-28T00:25:34.222+0000] {logging_mixin.py:190} INFO - [2024-10-28T00:25:34.222+0000] {dag.py:3239} INFO - Sync 1 DAGs
[2024-10-28T00:25:34.394+0000] {logging_mixin.py:190} INFO - [2024-10-28T00:25:34.394+0000] {dag.py:4180} INFO - Setting next_dagrun for latest_only to 2024-10-27 20:00:00+00:00, run_after=2024-10-28 00:00:00+00:00
[2024-10-28T00:25:34.418+0000] {processor.py:208} INFO - Processing /home/airflow/.local/lib/python3.12/site-packages/airflow/example_dags/example_latest_only.py took 0.231 seconds
[2024-10-28T00:26:04.661+0000] {processor.py:186} INFO - Started process (PID=48941) to work on /home/airflow/.local/lib/python3.12/site-packages/airflow/example_dags/example_latest_only.py
[2024-10-28T00:26:04.663+0000] {processor.py:914} INFO - Processing file /home/airflow/.local/lib/python3.12/site-packages/airflow/example_dags/example_latest_only.py for tasks to queue
[2024-10-28T00:26:04.664+0000] {logging_mixin.py:190} INFO - [2024-10-28T00:26:04.664+0000] {dagbag.py:588} INFO - Filling up the DagBag from /home/airflow/.local/lib/python3.12/site-packages/airflow/example_dags/example_latest_only.py
[2024-10-28T00:26:04.672+0000] {processor.py:925} INFO - DAG(s) 'latest_only' retrieved from /home/airflow/.local/lib/python3.12/site-packages/airflow/example_dags/example_latest_only.py
[2024-10-28T00:26:04.694+0000] {logging_mixin.py:190} INFO - [2024-10-28T00:26:04.693+0000] {dag.py:3239} INFO - Sync 1 DAGs
[2024-10-28T00:26:04.885+0000] {logging_mixin.py:190} INFO - [2024-10-28T00:26:04.885+0000] {dag.py:4180} INFO - Setting next_dagrun for latest_only to 2024-10-27 20:00:00+00:00, run_after=2024-10-28 00:00:00+00:00
[2024-10-28T00:26:04.906+0000] {processor.py:208} INFO - Processing /home/airflow/.local/lib/python3.12/site-packages/airflow/example_dags/example_latest_only.py took 0.252 seconds
[2024-10-28T00:26:34.998+0000] {processor.py:186} INFO - Started process (PID=49015) to work on /home/airflow/.local/lib/python3.12/site-packages/airflow/example_dags/example_latest_only.py
[2024-10-28T00:26:34.999+0000] {processor.py:914} INFO - Processing file /home/airflow/.local/lib/python3.12/site-packages/airflow/example_dags/example_latest_only.py for tasks to queue
[2024-10-28T00:26:35.000+0000] {logging_mixin.py:190} INFO - [2024-10-28T00:26:35.000+0000] {dagbag.py:588} INFO - Filling up the DagBag from /home/airflow/.local/lib/python3.12/site-packages/airflow/example_dags/example_latest_only.py
[2024-10-28T00:26:35.007+0000] {processor.py:925} INFO - DAG(s) 'latest_only' retrieved from /home/airflow/.local/lib/python3.12/site-packages/airflow/example_dags/example_latest_only.py
[2024-10-28T00:26:35.026+0000] {logging_mixin.py:190} INFO - [2024-10-28T00:26:35.026+0000] {dag.py:3239} INFO - Sync 1 DAGs
[2024-10-28T00:26:35.047+0000] {logging_mixin.py:190} INFO - [2024-10-28T00:26:35.047+0000] {dag.py:4180} INFO - Setting next_dagrun for latest_only to 2024-10-27 20:00:00+00:00, run_after=2024-10-28 00:00:00+00:00
[2024-10-28T00:26:35.066+0000] {processor.py:208} INFO - Processing /home/airflow/.local/lib/python3.12/site-packages/airflow/example_dags/example_latest_only.py took 0.073 seconds
[2024-10-28T00:27:05.383+0000] {processor.py:186} INFO - Started process (PID=49089) to work on /home/airflow/.local/lib/python3.12/site-packages/airflow/example_dags/example_latest_only.py
[2024-10-28T00:27:05.385+0000] {processor.py:914} INFO - Processing file /home/airflow/.local/lib/python3.12/site-packages/airflow/example_dags/example_latest_only.py for tasks to queue
[2024-10-28T00:27:05.386+0000] {logging_mixin.py:190} INFO - [2024-10-28T00:27:05.386+0000] {dagbag.py:588} INFO - Filling up the DagBag from /home/airflow/.local/lib/python3.12/site-packages/airflow/example_dags/example_latest_only.py
[2024-10-28T00:27:05.393+0000] {processor.py:925} INFO - DAG(s) 'latest_only' retrieved from /home/airflow/.local/lib/python3.12/site-packages/airflow/example_dags/example_latest_only.py
[2024-10-28T00:27:05.412+0000] {logging_mixin.py:190} INFO - [2024-10-28T00:27:05.412+0000] {dag.py:3239} INFO - Sync 1 DAGs
[2024-10-28T00:27:05.434+0000] {logging_mixin.py:190} INFO - [2024-10-28T00:27:05.434+0000] {dag.py:4180} INFO - Setting next_dagrun for latest_only to 2024-10-27 20:00:00+00:00, run_after=2024-10-28 00:00:00+00:00
[2024-10-28T00:27:05.452+0000] {processor.py:208} INFO - Processing /home/airflow/.local/lib/python3.12/site-packages/airflow/example_dags/example_latest_only.py took 0.075 seconds
[2024-10-28T00:27:36.277+0000] {processor.py:186} INFO - Started process (PID=49163) to work on /home/airflow/.local/lib/python3.12/site-packages/airflow/example_dags/example_latest_only.py
[2024-10-28T00:27:36.278+0000] {processor.py:914} INFO - Processing file /home/airflow/.local/lib/python3.12/site-packages/airflow/example_dags/example_latest_only.py for tasks to queue
[2024-10-28T00:27:36.279+0000] {logging_mixin.py:190} INFO - [2024-10-28T00:27:36.279+0000] {dagbag.py:588} INFO - Filling up the DagBag from /home/airflow/.local/lib/python3.12/site-packages/airflow/example_dags/example_latest_only.py
[2024-10-28T00:27:36.286+0000] {processor.py:925} INFO - DAG(s) 'latest_only' retrieved from /home/airflow/.local/lib/python3.12/site-packages/airflow/example_dags/example_latest_only.py
[2024-10-28T00:27:36.305+0000] {logging_mixin.py:190} INFO - [2024-10-28T00:27:36.305+0000] {dag.py:3239} INFO - Sync 1 DAGs
[2024-10-28T00:27:36.326+0000] {logging_mixin.py:190} INFO - [2024-10-28T00:27:36.325+0000] {dag.py:4180} INFO - Setting next_dagrun for latest_only to 2024-10-27 20:00:00+00:00, run_after=2024-10-28 00:00:00+00:00
[2024-10-28T00:27:36.345+0000] {processor.py:208} INFO - Processing /home/airflow/.local/lib/python3.12/site-packages/airflow/example_dags/example_latest_only.py took 0.074 seconds
[2024-10-28T00:28:06.392+0000] {processor.py:186} INFO - Started process (PID=49237) to work on /home/airflow/.local/lib/python3.12/site-packages/airflow/example_dags/example_latest_only.py
[2024-10-28T00:28:06.393+0000] {processor.py:914} INFO - Processing file /home/airflow/.local/lib/python3.12/site-packages/airflow/example_dags/example_latest_only.py for tasks to queue
[2024-10-28T00:28:06.395+0000] {logging_mixin.py:190} INFO - [2024-10-28T00:28:06.395+0000] {dagbag.py:588} INFO - Filling up the DagBag from /home/airflow/.local/lib/python3.12/site-packages/airflow/example_dags/example_latest_only.py
[2024-10-28T00:28:06.403+0000] {processor.py:925} INFO - DAG(s) 'latest_only' retrieved from /home/airflow/.local/lib/python3.12/site-packages/airflow/example_dags/example_latest_only.py
[2024-10-28T00:28:06.423+0000] {logging_mixin.py:190} INFO - [2024-10-28T00:28:06.423+0000] {dag.py:3239} INFO - Sync 1 DAGs
[2024-10-28T00:28:06.451+0000] {logging_mixin.py:190} INFO - [2024-10-28T00:28:06.450+0000] {dag.py:4180} INFO - Setting next_dagrun for latest_only to 2024-10-27 20:00:00+00:00, run_after=2024-10-28 00:00:00+00:00
[2024-10-28T00:28:06.472+0000] {processor.py:208} INFO - Processing /home/airflow/.local/lib/python3.12/site-packages/airflow/example_dags/example_latest_only.py took 0.085 seconds
[2024-10-28T00:28:36.916+0000] {processor.py:186} INFO - Started process (PID=49311) to work on /home/airflow/.local/lib/python3.12/site-packages/airflow/example_dags/example_latest_only.py
[2024-10-28T00:28:36.917+0000] {processor.py:914} INFO - Processing file /home/airflow/.local/lib/python3.12/site-packages/airflow/example_dags/example_latest_only.py for tasks to queue
[2024-10-28T00:28:36.918+0000] {logging_mixin.py:190} INFO - [2024-10-28T00:28:36.918+0000] {dagbag.py:588} INFO - Filling up the DagBag from /home/airflow/.local/lib/python3.12/site-packages/airflow/example_dags/example_latest_only.py
[2024-10-28T00:28:36.926+0000] {processor.py:925} INFO - DAG(s) 'latest_only' retrieved from /home/airflow/.local/lib/python3.12/site-packages/airflow/example_dags/example_latest_only.py
[2024-10-28T00:28:36.947+0000] {logging_mixin.py:190} INFO - [2024-10-28T00:28:36.947+0000] {dag.py:3239} INFO - Sync 1 DAGs
[2024-10-28T00:28:36.972+0000] {logging_mixin.py:190} INFO - [2024-10-28T00:28:36.971+0000] {dag.py:4180} INFO - Setting next_dagrun for latest_only to 2024-10-27 20:00:00+00:00, run_after=2024-10-28 00:00:00+00:00
[2024-10-28T00:28:36.990+0000] {processor.py:208} INFO - Processing /home/airflow/.local/lib/python3.12/site-packages/airflow/example_dags/example_latest_only.py took 0.080 seconds
[2024-10-28T00:29:07.782+0000] {processor.py:186} INFO - Started process (PID=49385) to work on /home/airflow/.local/lib/python3.12/site-packages/airflow/example_dags/example_latest_only.py
[2024-10-28T00:29:07.784+0000] {processor.py:914} INFO - Processing file /home/airflow/.local/lib/python3.12/site-packages/airflow/example_dags/example_latest_only.py for tasks to queue
[2024-10-28T00:29:07.786+0000] {logging_mixin.py:190} INFO - [2024-10-28T00:29:07.785+0000] {dagbag.py:588} INFO - Filling up the DagBag from /home/airflow/.local/lib/python3.12/site-packages/airflow/example_dags/example_latest_only.py
[2024-10-28T00:29:07.794+0000] {processor.py:925} INFO - DAG(s) 'latest_only' retrieved from /home/airflow/.local/lib/python3.12/site-packages/airflow/example_dags/example_latest_only.py
[2024-10-28T00:29:07.814+0000] {logging_mixin.py:190} INFO - [2024-10-28T00:29:07.814+0000] {dag.py:3239} INFO - Sync 1 DAGs
[2024-10-28T00:29:07.841+0000] {logging_mixin.py:190} INFO - [2024-10-28T00:29:07.841+0000] {dag.py:4180} INFO - Setting next_dagrun for latest_only to 2024-10-27 20:00:00+00:00, run_after=2024-10-28 00:00:00+00:00
[2024-10-28T00:29:07.862+0000] {processor.py:208} INFO - Processing /home/airflow/.local/lib/python3.12/site-packages/airflow/example_dags/example_latest_only.py took 0.087 seconds
[2024-10-28T00:29:38.602+0000] {processor.py:186} INFO - Started process (PID=49465) to work on /home/airflow/.local/lib/python3.12/site-packages/airflow/example_dags/example_latest_only.py
[2024-10-28T00:29:38.603+0000] {processor.py:914} INFO - Processing file /home/airflow/.local/lib/python3.12/site-packages/airflow/example_dags/example_latest_only.py for tasks to queue
[2024-10-28T00:29:38.604+0000] {logging_mixin.py:190} INFO - [2024-10-28T00:29:38.604+0000] {dagbag.py:588} INFO - Filling up the DagBag from /home/airflow/.local/lib/python3.12/site-packages/airflow/example_dags/example_latest_only.py
[2024-10-28T00:29:38.611+0000] {processor.py:925} INFO - DAG(s) 'latest_only' retrieved from /home/airflow/.local/lib/python3.12/site-packages/airflow/example_dags/example_latest_only.py
[2024-10-28T00:29:38.628+0000] {logging_mixin.py:190} INFO - [2024-10-28T00:29:38.628+0000] {dag.py:3239} INFO - Sync 1 DAGs
[2024-10-28T00:29:38.650+0000] {logging_mixin.py:190} INFO - [2024-10-28T00:29:38.650+0000] {dag.py:4180} INFO - Setting next_dagrun for latest_only to 2024-10-27 20:00:00+00:00, run_after=2024-10-28 00:00:00+00:00
[2024-10-28T00:29:38.672+0000] {processor.py:208} INFO - Processing /home/airflow/.local/lib/python3.12/site-packages/airflow/example_dags/example_latest_only.py took 0.075 seconds
[2024-10-28T00:30:09.517+0000] {processor.py:186} INFO - Started process (PID=49539) to work on /home/airflow/.local/lib/python3.12/site-packages/airflow/example_dags/example_latest_only.py
[2024-10-28T00:30:09.519+0000] {processor.py:914} INFO - Processing file /home/airflow/.local/lib/python3.12/site-packages/airflow/example_dags/example_latest_only.py for tasks to queue
[2024-10-28T00:30:09.520+0000] {logging_mixin.py:190} INFO - [2024-10-28T00:30:09.520+0000] {dagbag.py:588} INFO - Filling up the DagBag from /home/airflow/.local/lib/python3.12/site-packages/airflow/example_dags/example_latest_only.py
[2024-10-28T00:30:09.529+0000] {processor.py:925} INFO - DAG(s) 'latest_only' retrieved from /home/airflow/.local/lib/python3.12/site-packages/airflow/example_dags/example_latest_only.py
[2024-10-28T00:30:09.547+0000] {logging_mixin.py:190} INFO - [2024-10-28T00:30:09.547+0000] {dag.py:3239} INFO - Sync 1 DAGs
[2024-10-28T00:30:09.570+0000] {logging_mixin.py:190} INFO - [2024-10-28T00:30:09.570+0000] {dag.py:4180} INFO - Setting next_dagrun for latest_only to 2024-10-27 20:00:00+00:00, run_after=2024-10-28 00:00:00+00:00
[2024-10-28T00:30:09.592+0000] {processor.py:208} INFO - Processing /home/airflow/.local/lib/python3.12/site-packages/airflow/example_dags/example_latest_only.py took 0.080 seconds
[2024-10-28T00:30:40.421+0000] {processor.py:186} INFO - Started process (PID=49613) to work on /home/airflow/.local/lib/python3.12/site-packages/airflow/example_dags/example_latest_only.py
[2024-10-28T00:30:40.422+0000] {processor.py:914} INFO - Processing file /home/airflow/.local/lib/python3.12/site-packages/airflow/example_dags/example_latest_only.py for tasks to queue
[2024-10-28T00:30:40.424+0000] {logging_mixin.py:190} INFO - [2024-10-28T00:30:40.423+0000] {dagbag.py:588} INFO - Filling up the DagBag from /home/airflow/.local/lib/python3.12/site-packages/airflow/example_dags/example_latest_only.py
[2024-10-28T00:30:40.432+0000] {processor.py:925} INFO - DAG(s) 'latest_only' retrieved from /home/airflow/.local/lib/python3.12/site-packages/airflow/example_dags/example_latest_only.py
[2024-10-28T00:30:40.452+0000] {logging_mixin.py:190} INFO - [2024-10-28T00:30:40.452+0000] {dag.py:3239} INFO - Sync 1 DAGs
[2024-10-28T00:30:40.476+0000] {logging_mixin.py:190} INFO - [2024-10-28T00:30:40.476+0000] {dag.py:4180} INFO - Setting next_dagrun for latest_only to 2024-10-27 20:00:00+00:00, run_after=2024-10-28 00:00:00+00:00
[2024-10-28T00:30:40.494+0000] {processor.py:208} INFO - Processing /home/airflow/.local/lib/python3.12/site-packages/airflow/example_dags/example_latest_only.py took 0.079 seconds
[2024-10-28T00:31:11.145+0000] {processor.py:186} INFO - Started process (PID=49687) to work on /home/airflow/.local/lib/python3.12/site-packages/airflow/example_dags/example_latest_only.py
[2024-10-28T00:31:11.146+0000] {processor.py:914} INFO - Processing file /home/airflow/.local/lib/python3.12/site-packages/airflow/example_dags/example_latest_only.py for tasks to queue
[2024-10-28T00:31:11.147+0000] {logging_mixin.py:190} INFO - [2024-10-28T00:31:11.147+0000] {dagbag.py:588} INFO - Filling up the DagBag from /home/airflow/.local/lib/python3.12/site-packages/airflow/example_dags/example_latest_only.py
[2024-10-28T00:31:11.154+0000] {processor.py:925} INFO - DAG(s) 'latest_only' retrieved from /home/airflow/.local/lib/python3.12/site-packages/airflow/example_dags/example_latest_only.py
[2024-10-28T00:31:11.174+0000] {logging_mixin.py:190} INFO - [2024-10-28T00:31:11.173+0000] {dag.py:3239} INFO - Sync 1 DAGs
[2024-10-28T00:31:11.198+0000] {logging_mixin.py:190} INFO - [2024-10-28T00:31:11.198+0000] {dag.py:4180} INFO - Setting next_dagrun for latest_only to 2024-10-27 20:00:00+00:00, run_after=2024-10-28 00:00:00+00:00
[2024-10-28T00:31:11.216+0000] {processor.py:208} INFO - Processing /home/airflow/.local/lib/python3.12/site-packages/airflow/example_dags/example_latest_only.py took 0.077 seconds
[2024-10-28T00:31:41.295+0000] {processor.py:186} INFO - Started process (PID=49761) to work on /home/airflow/.local/lib/python3.12/site-packages/airflow/example_dags/example_latest_only.py
[2024-10-28T00:31:41.296+0000] {processor.py:914} INFO - Processing file /home/airflow/.local/lib/python3.12/site-packages/airflow/example_dags/example_latest_only.py for tasks to queue
[2024-10-28T00:31:41.297+0000] {logging_mixin.py:190} INFO - [2024-10-28T00:31:41.297+0000] {dagbag.py:588} INFO - Filling up the DagBag from /home/airflow/.local/lib/python3.12/site-packages/airflow/example_dags/example_latest_only.py
[2024-10-28T00:31:41.305+0000] {processor.py:925} INFO - DAG(s) 'latest_only' retrieved from /home/airflow/.local/lib/python3.12/site-packages/airflow/example_dags/example_latest_only.py
[2024-10-28T00:31:41.323+0000] {logging_mixin.py:190} INFO - [2024-10-28T00:31:41.323+0000] {dag.py:3239} INFO - Sync 1 DAGs
[2024-10-28T00:31:41.350+0000] {logging_mixin.py:190} INFO - [2024-10-28T00:31:41.349+0000] {dag.py:4180} INFO - Setting next_dagrun for latest_only to 2024-10-27 20:00:00+00:00, run_after=2024-10-28 00:00:00+00:00
[2024-10-28T00:31:41.369+0000] {processor.py:208} INFO - Processing /home/airflow/.local/lib/python3.12/site-packages/airflow/example_dags/example_latest_only.py took 0.080 seconds
[2024-10-28T00:32:12.148+0000] {processor.py:186} INFO - Started process (PID=49835) to work on /home/airflow/.local/lib/python3.12/site-packages/airflow/example_dags/example_latest_only.py
[2024-10-28T00:32:12.149+0000] {processor.py:914} INFO - Processing file /home/airflow/.local/lib/python3.12/site-packages/airflow/example_dags/example_latest_only.py for tasks to queue
[2024-10-28T00:32:12.150+0000] {logging_mixin.py:190} INFO - [2024-10-28T00:32:12.150+0000] {dagbag.py:588} INFO - Filling up the DagBag from /home/airflow/.local/lib/python3.12/site-packages/airflow/example_dags/example_latest_only.py
[2024-10-28T00:32:12.158+0000] {processor.py:925} INFO - DAG(s) 'latest_only' retrieved from /home/airflow/.local/lib/python3.12/site-packages/airflow/example_dags/example_latest_only.py
[2024-10-28T00:32:12.177+0000] {logging_mixin.py:190} INFO - [2024-10-28T00:32:12.177+0000] {dag.py:3239} INFO - Sync 1 DAGs
[2024-10-28T00:32:12.200+0000] {logging_mixin.py:190} INFO - [2024-10-28T00:32:12.199+0000] {dag.py:4180} INFO - Setting next_dagrun for latest_only to 2024-10-27 20:00:00+00:00, run_after=2024-10-28 00:00:00+00:00
[2024-10-28T00:32:12.220+0000] {processor.py:208} INFO - Processing /home/airflow/.local/lib/python3.12/site-packages/airflow/example_dags/example_latest_only.py took 0.077 seconds
[2024-10-28T00:32:42.990+0000] {processor.py:186} INFO - Started process (PID=49909) to work on /home/airflow/.local/lib/python3.12/site-packages/airflow/example_dags/example_latest_only.py
[2024-10-28T00:32:42.991+0000] {processor.py:914} INFO - Processing file /home/airflow/.local/lib/python3.12/site-packages/airflow/example_dags/example_latest_only.py for tasks to queue
[2024-10-28T00:32:42.992+0000] {logging_mixin.py:190} INFO - [2024-10-28T00:32:42.992+0000] {dagbag.py:588} INFO - Filling up the DagBag from /home/airflow/.local/lib/python3.12/site-packages/airflow/example_dags/example_latest_only.py
[2024-10-28T00:32:43.000+0000] {processor.py:925} INFO - DAG(s) 'latest_only' retrieved from /home/airflow/.local/lib/python3.12/site-packages/airflow/example_dags/example_latest_only.py
[2024-10-28T00:32:43.017+0000] {logging_mixin.py:190} INFO - [2024-10-28T00:32:43.017+0000] {dag.py:3239} INFO - Sync 1 DAGs
[2024-10-28T00:32:43.038+0000] {logging_mixin.py:190} INFO - [2024-10-28T00:32:43.038+0000] {dag.py:4180} INFO - Setting next_dagrun for latest_only to 2024-10-27 20:00:00+00:00, run_after=2024-10-28 00:00:00+00:00
[2024-10-28T00:32:43.056+0000] {processor.py:208} INFO - Processing /home/airflow/.local/lib/python3.12/site-packages/airflow/example_dags/example_latest_only.py took 0.072 seconds
[2024-10-28T00:33:13.824+0000] {processor.py:186} INFO - Started process (PID=49983) to work on /home/airflow/.local/lib/python3.12/site-packages/airflow/example_dags/example_latest_only.py
[2024-10-28T00:33:13.825+0000] {processor.py:914} INFO - Processing file /home/airflow/.local/lib/python3.12/site-packages/airflow/example_dags/example_latest_only.py for tasks to queue
[2024-10-28T00:33:13.827+0000] {logging_mixin.py:190} INFO - [2024-10-28T00:33:13.826+0000] {dagbag.py:588} INFO - Filling up the DagBag from /home/airflow/.local/lib/python3.12/site-packages/airflow/example_dags/example_latest_only.py
[2024-10-28T00:33:13.834+0000] {processor.py:925} INFO - DAG(s) 'latest_only' retrieved from /home/airflow/.local/lib/python3.12/site-packages/airflow/example_dags/example_latest_only.py
[2024-10-28T00:33:13.852+0000] {logging_mixin.py:190} INFO - [2024-10-28T00:33:13.852+0000] {dag.py:3239} INFO - Sync 1 DAGs
[2024-10-28T00:33:13.874+0000] {logging_mixin.py:190} INFO - [2024-10-28T00:33:13.874+0000] {dag.py:4180} INFO - Setting next_dagrun for latest_only to 2024-10-27 20:00:00+00:00, run_after=2024-10-28 00:00:00+00:00
[2024-10-28T00:33:13.893+0000] {processor.py:208} INFO - Processing /home/airflow/.local/lib/python3.12/site-packages/airflow/example_dags/example_latest_only.py took 0.074 seconds
[2024-10-28T00:33:44.604+0000] {processor.py:186} INFO - Started process (PID=50057) to work on /home/airflow/.local/lib/python3.12/site-packages/airflow/example_dags/example_latest_only.py
[2024-10-28T00:33:44.605+0000] {processor.py:914} INFO - Processing file /home/airflow/.local/lib/python3.12/site-packages/airflow/example_dags/example_latest_only.py for tasks to queue
[2024-10-28T00:33:44.607+0000] {logging_mixin.py:190} INFO - [2024-10-28T00:33:44.606+0000] {dagbag.py:588} INFO - Filling up the DagBag from /home/airflow/.local/lib/python3.12/site-packages/airflow/example_dags/example_latest_only.py
[2024-10-28T00:33:44.614+0000] {processor.py:925} INFO - DAG(s) 'latest_only' retrieved from /home/airflow/.local/lib/python3.12/site-packages/airflow/example_dags/example_latest_only.py
[2024-10-28T00:33:44.632+0000] {logging_mixin.py:190} INFO - [2024-10-28T00:33:44.632+0000] {dag.py:3239} INFO - Sync 1 DAGs
[2024-10-28T00:33:44.653+0000] {logging_mixin.py:190} INFO - [2024-10-28T00:33:44.653+0000] {dag.py:4180} INFO - Setting next_dagrun for latest_only to 2024-10-27 20:00:00+00:00, run_after=2024-10-28 00:00:00+00:00
[2024-10-28T00:33:44.671+0000] {processor.py:208} INFO - Processing /home/airflow/.local/lib/python3.12/site-packages/airflow/example_dags/example_latest_only.py took 0.073 seconds
