[2024-10-28T00:00:16.000+0000] {processor.py:186} INFO - Started process (PID=45191) to work on /home/airflow/.local/lib/python3.12/site-packages/airflow/example_dags/example_params_ui_tutorial.py
[2024-10-28T00:00:16.002+0000] {processor.py:914} INFO - Processing file /home/airflow/.local/lib/python3.12/site-packages/airflow/example_dags/example_params_ui_tutorial.py for tasks to queue
[2024-10-28T00:00:16.005+0000] {logging_mixin.py:190} INFO - [2024-10-28T00:00:16.004+0000] {dagbag.py:588} INFO - Filling up the DagBag from /home/airflow/.local/lib/python3.12/site-packages/airflow/example_dags/example_params_ui_tutorial.py
[2024-10-28T00:00:16.017+0000] {processor.py:925} INFO - DAG(s) 'example_params_ui_tutorial' retrieved from /home/airflow/.local/lib/python3.12/site-packages/airflow/example_dags/example_params_ui_tutorial.py
[2024-10-28T00:00:16.232+0000] {logging_mixin.py:190} INFO - [2024-10-28T00:00:16.231+0000] {dag.py:3239} INFO - Sync 1 DAGs
[2024-10-28T00:00:16.250+0000] {logging_mixin.py:190} INFO - [2024-10-28T00:00:16.250+0000] {dag.py:4180} INFO - Setting next_dagrun for example_params_ui_tutorial to None, run_after=None
[2024-10-28T00:00:16.280+0000] {processor.py:208} INFO - Processing /home/airflow/.local/lib/python3.12/site-packages/airflow/example_dags/example_params_ui_tutorial.py took 0.287 seconds
[2024-10-28T00:00:46.663+0000] {processor.py:186} INFO - Started process (PID=45265) to work on /home/airflow/.local/lib/python3.12/site-packages/airflow/example_dags/example_params_ui_tutorial.py
[2024-10-28T00:00:46.664+0000] {processor.py:914} INFO - Processing file /home/airflow/.local/lib/python3.12/site-packages/airflow/example_dags/example_params_ui_tutorial.py for tasks to queue
[2024-10-28T00:00:46.669+0000] {logging_mixin.py:190} INFO - [2024-10-28T00:00:46.666+0000] {dagbag.py:588} INFO - Filling up the DagBag from /home/airflow/.local/lib/python3.12/site-packages/airflow/example_dags/example_params_ui_tutorial.py
[2024-10-28T00:00:46.681+0000] {processor.py:925} INFO - DAG(s) 'example_params_ui_tutorial' retrieved from /home/airflow/.local/lib/python3.12/site-packages/airflow/example_dags/example_params_ui_tutorial.py
[2024-10-28T00:00:46.746+0000] {logging_mixin.py:190} INFO - [2024-10-28T00:00:46.746+0000] {dag.py:3239} INFO - Sync 1 DAGs
[2024-10-28T00:00:46.775+0000] {logging_mixin.py:190} INFO - [2024-10-28T00:00:46.775+0000] {dag.py:4180} INFO - Setting next_dagrun for example_params_ui_tutorial to None, run_after=None
[2024-10-28T00:00:46.798+0000] {processor.py:208} INFO - Processing /home/airflow/.local/lib/python3.12/site-packages/airflow/example_dags/example_params_ui_tutorial.py took 0.141 seconds
[2024-10-28T00:01:17.584+0000] {processor.py:186} INFO - Started process (PID=45339) to work on /home/airflow/.local/lib/python3.12/site-packages/airflow/example_dags/example_params_ui_tutorial.py
[2024-10-28T00:01:17.586+0000] {processor.py:914} INFO - Processing file /home/airflow/.local/lib/python3.12/site-packages/airflow/example_dags/example_params_ui_tutorial.py for tasks to queue
[2024-10-28T00:01:17.589+0000] {logging_mixin.py:190} INFO - [2024-10-28T00:01:17.588+0000] {dagbag.py:588} INFO - Filling up the DagBag from /home/airflow/.local/lib/python3.12/site-packages/airflow/example_dags/example_params_ui_tutorial.py
[2024-10-28T00:01:17.602+0000] {processor.py:925} INFO - DAG(s) 'example_params_ui_tutorial' retrieved from /home/airflow/.local/lib/python3.12/site-packages/airflow/example_dags/example_params_ui_tutorial.py
[2024-10-28T00:01:17.659+0000] {logging_mixin.py:190} INFO - [2024-10-28T00:01:17.659+0000] {dag.py:3239} INFO - Sync 1 DAGs
[2024-10-28T00:01:17.676+0000] {logging_mixin.py:190} INFO - [2024-10-28T00:01:17.675+0000] {dag.py:4180} INFO - Setting next_dagrun for example_params_ui_tutorial to None, run_after=None
[2024-10-28T00:01:17.701+0000] {processor.py:208} INFO - Processing /home/airflow/.local/lib/python3.12/site-packages/airflow/example_dags/example_params_ui_tutorial.py took 0.123 seconds
[2024-10-28T00:01:48.495+0000] {processor.py:186} INFO - Started process (PID=45413) to work on /home/airflow/.local/lib/python3.12/site-packages/airflow/example_dags/example_params_ui_tutorial.py
[2024-10-28T00:01:48.496+0000] {processor.py:914} INFO - Processing file /home/airflow/.local/lib/python3.12/site-packages/airflow/example_dags/example_params_ui_tutorial.py for tasks to queue
[2024-10-28T00:01:48.497+0000] {logging_mixin.py:190} INFO - [2024-10-28T00:01:48.497+0000] {dagbag.py:588} INFO - Filling up the DagBag from /home/airflow/.local/lib/python3.12/site-packages/airflow/example_dags/example_params_ui_tutorial.py
[2024-10-28T00:01:48.506+0000] {processor.py:925} INFO - DAG(s) 'example_params_ui_tutorial' retrieved from /home/airflow/.local/lib/python3.12/site-packages/airflow/example_dags/example_params_ui_tutorial.py
[2024-10-28T00:01:48.553+0000] {logging_mixin.py:190} INFO - [2024-10-28T00:01:48.553+0000] {dag.py:3239} INFO - Sync 1 DAGs
[2024-10-28T00:01:48.569+0000] {logging_mixin.py:190} INFO - [2024-10-28T00:01:48.568+0000] {dag.py:4180} INFO - Setting next_dagrun for example_params_ui_tutorial to None, run_after=None
[2024-10-28T00:01:48.589+0000] {processor.py:208} INFO - Processing /home/airflow/.local/lib/python3.12/site-packages/airflow/example_dags/example_params_ui_tutorial.py took 0.100 seconds
[2024-10-28T00:02:18.647+0000] {processor.py:186} INFO - Started process (PID=45486) to work on /home/airflow/.local/lib/python3.12/site-packages/airflow/example_dags/example_params_ui_tutorial.py
[2024-10-28T00:02:18.649+0000] {processor.py:914} INFO - Processing file /home/airflow/.local/lib/python3.12/site-packages/airflow/example_dags/example_params_ui_tutorial.py for tasks to queue
[2024-10-28T00:02:18.650+0000] {logging_mixin.py:190} INFO - [2024-10-28T00:02:18.650+0000] {dagbag.py:588} INFO - Filling up the DagBag from /home/airflow/.local/lib/python3.12/site-packages/airflow/example_dags/example_params_ui_tutorial.py
[2024-10-28T00:02:18.661+0000] {processor.py:925} INFO - DAG(s) 'example_params_ui_tutorial' retrieved from /home/airflow/.local/lib/python3.12/site-packages/airflow/example_dags/example_params_ui_tutorial.py
[2024-10-28T00:02:18.714+0000] {logging_mixin.py:190} INFO - [2024-10-28T00:02:18.714+0000] {dag.py:3239} INFO - Sync 1 DAGs
[2024-10-28T00:02:18.736+0000] {logging_mixin.py:190} INFO - [2024-10-28T00:02:18.736+0000] {dag.py:4180} INFO - Setting next_dagrun for example_params_ui_tutorial to None, run_after=None
[2024-10-28T00:02:18.762+0000] {processor.py:208} INFO - Processing /home/airflow/.local/lib/python3.12/site-packages/airflow/example_dags/example_params_ui_tutorial.py took 0.121 seconds
[2024-10-28T00:02:48.940+0000] {processor.py:186} INFO - Started process (PID=45560) to work on /home/airflow/.local/lib/python3.12/site-packages/airflow/example_dags/example_params_ui_tutorial.py
[2024-10-28T00:02:48.941+0000] {processor.py:914} INFO - Processing file /home/airflow/.local/lib/python3.12/site-packages/airflow/example_dags/example_params_ui_tutorial.py for tasks to queue
[2024-10-28T00:02:48.943+0000] {logging_mixin.py:190} INFO - [2024-10-28T00:02:48.942+0000] {dagbag.py:588} INFO - Filling up the DagBag from /home/airflow/.local/lib/python3.12/site-packages/airflow/example_dags/example_params_ui_tutorial.py
[2024-10-28T00:02:48.952+0000] {processor.py:925} INFO - DAG(s) 'example_params_ui_tutorial' retrieved from /home/airflow/.local/lib/python3.12/site-packages/airflow/example_dags/example_params_ui_tutorial.py
[2024-10-28T00:02:49.003+0000] {logging_mixin.py:190} INFO - [2024-10-28T00:02:49.003+0000] {dag.py:3239} INFO - Sync 1 DAGs
[2024-10-28T00:02:49.020+0000] {logging_mixin.py:190} INFO - [2024-10-28T00:02:49.019+0000] {dag.py:4180} INFO - Setting next_dagrun for example_params_ui_tutorial to None, run_after=None
[2024-10-28T00:02:49.040+0000] {processor.py:208} INFO - Processing /home/airflow/.local/lib/python3.12/site-packages/airflow/example_dags/example_params_ui_tutorial.py took 0.106 seconds
[2024-10-28T00:03:19.468+0000] {processor.py:186} INFO - Started process (PID=45634) to work on /home/airflow/.local/lib/python3.12/site-packages/airflow/example_dags/example_params_ui_tutorial.py
[2024-10-28T00:03:19.469+0000] {processor.py:914} INFO - Processing file /home/airflow/.local/lib/python3.12/site-packages/airflow/example_dags/example_params_ui_tutorial.py for tasks to queue
[2024-10-28T00:03:19.471+0000] {logging_mixin.py:190} INFO - [2024-10-28T00:03:19.470+0000] {dagbag.py:588} INFO - Filling up the DagBag from /home/airflow/.local/lib/python3.12/site-packages/airflow/example_dags/example_params_ui_tutorial.py
[2024-10-28T00:03:19.479+0000] {processor.py:925} INFO - DAG(s) 'example_params_ui_tutorial' retrieved from /home/airflow/.local/lib/python3.12/site-packages/airflow/example_dags/example_params_ui_tutorial.py
[2024-10-28T00:03:19.523+0000] {logging_mixin.py:190} INFO - [2024-10-28T00:03:19.522+0000] {dag.py:3239} INFO - Sync 1 DAGs
[2024-10-28T00:03:19.537+0000] {logging_mixin.py:190} INFO - [2024-10-28T00:03:19.537+0000] {dag.py:4180} INFO - Setting next_dagrun for example_params_ui_tutorial to None, run_after=None
[2024-10-28T00:03:19.555+0000] {processor.py:208} INFO - Processing /home/airflow/.local/lib/python3.12/site-packages/airflow/example_dags/example_params_ui_tutorial.py took 0.092 seconds
[2024-10-28T00:03:49.614+0000] {processor.py:186} INFO - Started process (PID=45708) to work on /home/airflow/.local/lib/python3.12/site-packages/airflow/example_dags/example_params_ui_tutorial.py
[2024-10-28T00:03:49.615+0000] {processor.py:914} INFO - Processing file /home/airflow/.local/lib/python3.12/site-packages/airflow/example_dags/example_params_ui_tutorial.py for tasks to queue
[2024-10-28T00:03:49.617+0000] {logging_mixin.py:190} INFO - [2024-10-28T00:03:49.617+0000] {dagbag.py:588} INFO - Filling up the DagBag from /home/airflow/.local/lib/python3.12/site-packages/airflow/example_dags/example_params_ui_tutorial.py
[2024-10-28T00:03:49.627+0000] {processor.py:925} INFO - DAG(s) 'example_params_ui_tutorial' retrieved from /home/airflow/.local/lib/python3.12/site-packages/airflow/example_dags/example_params_ui_tutorial.py
[2024-10-28T00:03:49.674+0000] {logging_mixin.py:190} INFO - [2024-10-28T00:03:49.673+0000] {dag.py:3239} INFO - Sync 1 DAGs
[2024-10-28T00:03:49.691+0000] {logging_mixin.py:190} INFO - [2024-10-28T00:03:49.691+0000] {dag.py:4180} INFO - Setting next_dagrun for example_params_ui_tutorial to None, run_after=None
[2024-10-28T00:03:49.712+0000] {processor.py:208} INFO - Processing /home/airflow/.local/lib/python3.12/site-packages/airflow/example_dags/example_params_ui_tutorial.py took 0.104 seconds
[2024-10-28T00:04:20.346+0000] {processor.py:186} INFO - Started process (PID=45782) to work on /home/airflow/.local/lib/python3.12/site-packages/airflow/example_dags/example_params_ui_tutorial.py
[2024-10-28T00:04:20.347+0000] {processor.py:914} INFO - Processing file /home/airflow/.local/lib/python3.12/site-packages/airflow/example_dags/example_params_ui_tutorial.py for tasks to queue
[2024-10-28T00:04:20.348+0000] {logging_mixin.py:190} INFO - [2024-10-28T00:04:20.348+0000] {dagbag.py:588} INFO - Filling up the DagBag from /home/airflow/.local/lib/python3.12/site-packages/airflow/example_dags/example_params_ui_tutorial.py
[2024-10-28T00:04:20.358+0000] {processor.py:925} INFO - DAG(s) 'example_params_ui_tutorial' retrieved from /home/airflow/.local/lib/python3.12/site-packages/airflow/example_dags/example_params_ui_tutorial.py
[2024-10-28T00:04:20.405+0000] {logging_mixin.py:190} INFO - [2024-10-28T00:04:20.405+0000] {dag.py:3239} INFO - Sync 1 DAGs
[2024-10-28T00:04:20.422+0000] {logging_mixin.py:190} INFO - [2024-10-28T00:04:20.422+0000] {dag.py:4180} INFO - Setting next_dagrun for example_params_ui_tutorial to None, run_after=None
[2024-10-28T00:04:20.441+0000] {processor.py:208} INFO - Processing /home/airflow/.local/lib/python3.12/site-packages/airflow/example_dags/example_params_ui_tutorial.py took 0.102 seconds
[2024-10-28T00:04:50.693+0000] {processor.py:186} INFO - Started process (PID=45856) to work on /home/airflow/.local/lib/python3.12/site-packages/airflow/example_dags/example_params_ui_tutorial.py
[2024-10-28T00:04:50.694+0000] {processor.py:914} INFO - Processing file /home/airflow/.local/lib/python3.12/site-packages/airflow/example_dags/example_params_ui_tutorial.py for tasks to queue
[2024-10-28T00:04:50.696+0000] {logging_mixin.py:190} INFO - [2024-10-28T00:04:50.695+0000] {dagbag.py:588} INFO - Filling up the DagBag from /home/airflow/.local/lib/python3.12/site-packages/airflow/example_dags/example_params_ui_tutorial.py
[2024-10-28T00:04:50.710+0000] {processor.py:925} INFO - DAG(s) 'example_params_ui_tutorial' retrieved from /home/airflow/.local/lib/python3.12/site-packages/airflow/example_dags/example_params_ui_tutorial.py
[2024-10-28T00:04:50.775+0000] {logging_mixin.py:190} INFO - [2024-10-28T00:04:50.775+0000] {dag.py:3239} INFO - Sync 1 DAGs
[2024-10-28T00:04:50.794+0000] {logging_mixin.py:190} INFO - [2024-10-28T00:04:50.794+0000] {dag.py:4180} INFO - Setting next_dagrun for example_params_ui_tutorial to None, run_after=None
[2024-10-28T00:04:50.824+0000] {processor.py:208} INFO - Processing /home/airflow/.local/lib/python3.12/site-packages/airflow/example_dags/example_params_ui_tutorial.py took 0.140 seconds
[2024-10-28T00:05:21.571+0000] {processor.py:186} INFO - Started process (PID=45930) to work on /home/airflow/.local/lib/python3.12/site-packages/airflow/example_dags/example_params_ui_tutorial.py
[2024-10-28T00:05:21.572+0000] {processor.py:914} INFO - Processing file /home/airflow/.local/lib/python3.12/site-packages/airflow/example_dags/example_params_ui_tutorial.py for tasks to queue
[2024-10-28T00:05:21.574+0000] {logging_mixin.py:190} INFO - [2024-10-28T00:05:21.574+0000] {dagbag.py:588} INFO - Filling up the DagBag from /home/airflow/.local/lib/python3.12/site-packages/airflow/example_dags/example_params_ui_tutorial.py
[2024-10-28T00:05:21.584+0000] {processor.py:925} INFO - DAG(s) 'example_params_ui_tutorial' retrieved from /home/airflow/.local/lib/python3.12/site-packages/airflow/example_dags/example_params_ui_tutorial.py
[2024-10-28T00:05:21.630+0000] {logging_mixin.py:190} INFO - [2024-10-28T00:05:21.629+0000] {dag.py:3239} INFO - Sync 1 DAGs
[2024-10-28T00:05:21.649+0000] {logging_mixin.py:190} INFO - [2024-10-28T00:05:21.648+0000] {dag.py:4180} INFO - Setting next_dagrun for example_params_ui_tutorial to None, run_after=None
[2024-10-28T00:05:21.672+0000] {processor.py:208} INFO - Processing /home/airflow/.local/lib/python3.12/site-packages/airflow/example_dags/example_params_ui_tutorial.py took 0.107 seconds
[2024-10-28T00:05:52.015+0000] {processor.py:186} INFO - Started process (PID=46004) to work on /home/airflow/.local/lib/python3.12/site-packages/airflow/example_dags/example_params_ui_tutorial.py
[2024-10-28T00:05:52.016+0000] {processor.py:914} INFO - Processing file /home/airflow/.local/lib/python3.12/site-packages/airflow/example_dags/example_params_ui_tutorial.py for tasks to queue
[2024-10-28T00:05:52.018+0000] {logging_mixin.py:190} INFO - [2024-10-28T00:05:52.018+0000] {dagbag.py:588} INFO - Filling up the DagBag from /home/airflow/.local/lib/python3.12/site-packages/airflow/example_dags/example_params_ui_tutorial.py
[2024-10-28T00:05:52.030+0000] {processor.py:925} INFO - DAG(s) 'example_params_ui_tutorial' retrieved from /home/airflow/.local/lib/python3.12/site-packages/airflow/example_dags/example_params_ui_tutorial.py
[2024-10-28T00:05:52.088+0000] {logging_mixin.py:190} INFO - [2024-10-28T00:05:52.088+0000] {dag.py:3239} INFO - Sync 1 DAGs
[2024-10-28T00:05:52.107+0000] {logging_mixin.py:190} INFO - [2024-10-28T00:05:52.107+0000] {dag.py:4180} INFO - Setting next_dagrun for example_params_ui_tutorial to None, run_after=None
[2024-10-28T00:05:52.130+0000] {processor.py:208} INFO - Processing /home/airflow/.local/lib/python3.12/site-packages/airflow/example_dags/example_params_ui_tutorial.py took 0.122 seconds
[2024-10-28T00:06:22.453+0000] {processor.py:186} INFO - Started process (PID=46078) to work on /home/airflow/.local/lib/python3.12/site-packages/airflow/example_dags/example_params_ui_tutorial.py
[2024-10-28T00:06:22.455+0000] {processor.py:914} INFO - Processing file /home/airflow/.local/lib/python3.12/site-packages/airflow/example_dags/example_params_ui_tutorial.py for tasks to queue
[2024-10-28T00:06:22.457+0000] {logging_mixin.py:190} INFO - [2024-10-28T00:06:22.456+0000] {dagbag.py:588} INFO - Filling up the DagBag from /home/airflow/.local/lib/python3.12/site-packages/airflow/example_dags/example_params_ui_tutorial.py
[2024-10-28T00:06:22.467+0000] {processor.py:925} INFO - DAG(s) 'example_params_ui_tutorial' retrieved from /home/airflow/.local/lib/python3.12/site-packages/airflow/example_dags/example_params_ui_tutorial.py
[2024-10-28T00:06:22.515+0000] {logging_mixin.py:190} INFO - [2024-10-28T00:06:22.515+0000] {dag.py:3239} INFO - Sync 1 DAGs
[2024-10-28T00:06:22.532+0000] {logging_mixin.py:190} INFO - [2024-10-28T00:06:22.532+0000] {dag.py:4180} INFO - Setting next_dagrun for example_params_ui_tutorial to None, run_after=None
[2024-10-28T00:06:22.554+0000] {processor.py:208} INFO - Processing /home/airflow/.local/lib/python3.12/site-packages/airflow/example_dags/example_params_ui_tutorial.py took 0.108 seconds
[2024-10-28T00:06:53.487+0000] {processor.py:186} INFO - Started process (PID=46153) to work on /home/airflow/.local/lib/python3.12/site-packages/airflow/example_dags/example_params_ui_tutorial.py
[2024-10-28T00:06:53.488+0000] {processor.py:914} INFO - Processing file /home/airflow/.local/lib/python3.12/site-packages/airflow/example_dags/example_params_ui_tutorial.py for tasks to queue
[2024-10-28T00:06:53.490+0000] {logging_mixin.py:190} INFO - [2024-10-28T00:06:53.489+0000] {dagbag.py:588} INFO - Filling up the DagBag from /home/airflow/.local/lib/python3.12/site-packages/airflow/example_dags/example_params_ui_tutorial.py
[2024-10-28T00:06:53.498+0000] {processor.py:925} INFO - DAG(s) 'example_params_ui_tutorial' retrieved from /home/airflow/.local/lib/python3.12/site-packages/airflow/example_dags/example_params_ui_tutorial.py
[2024-10-28T00:06:53.543+0000] {logging_mixin.py:190} INFO - [2024-10-28T00:06:53.543+0000] {dag.py:3239} INFO - Sync 1 DAGs
[2024-10-28T00:06:53.557+0000] {logging_mixin.py:190} INFO - [2024-10-28T00:06:53.556+0000] {dag.py:4180} INFO - Setting next_dagrun for example_params_ui_tutorial to None, run_after=None
[2024-10-28T00:06:53.575+0000] {processor.py:208} INFO - Processing /home/airflow/.local/lib/python3.12/site-packages/airflow/example_dags/example_params_ui_tutorial.py took 0.094 seconds
[2024-10-28T00:07:23.967+0000] {processor.py:186} INFO - Started process (PID=46227) to work on /home/airflow/.local/lib/python3.12/site-packages/airflow/example_dags/example_params_ui_tutorial.py
[2024-10-28T00:07:23.968+0000] {processor.py:914} INFO - Processing file /home/airflow/.local/lib/python3.12/site-packages/airflow/example_dags/example_params_ui_tutorial.py for tasks to queue
[2024-10-28T00:07:23.969+0000] {logging_mixin.py:190} INFO - [2024-10-28T00:07:23.969+0000] {dagbag.py:588} INFO - Filling up the DagBag from /home/airflow/.local/lib/python3.12/site-packages/airflow/example_dags/example_params_ui_tutorial.py
[2024-10-28T00:07:23.978+0000] {processor.py:925} INFO - DAG(s) 'example_params_ui_tutorial' retrieved from /home/airflow/.local/lib/python3.12/site-packages/airflow/example_dags/example_params_ui_tutorial.py
[2024-10-28T00:07:24.030+0000] {logging_mixin.py:190} INFO - [2024-10-28T00:07:24.029+0000] {dag.py:3239} INFO - Sync 1 DAGs
[2024-10-28T00:07:24.044+0000] {logging_mixin.py:190} INFO - [2024-10-28T00:07:24.043+0000] {dag.py:4180} INFO - Setting next_dagrun for example_params_ui_tutorial to None, run_after=None
[2024-10-28T00:07:24.062+0000] {processor.py:208} INFO - Processing /home/airflow/.local/lib/python3.12/site-packages/airflow/example_dags/example_params_ui_tutorial.py took 0.101 seconds
[2024-10-28T00:07:54.786+0000] {processor.py:186} INFO - Started process (PID=46302) to work on /home/airflow/.local/lib/python3.12/site-packages/airflow/example_dags/example_params_ui_tutorial.py
[2024-10-28T00:07:54.787+0000] {processor.py:914} INFO - Processing file /home/airflow/.local/lib/python3.12/site-packages/airflow/example_dags/example_params_ui_tutorial.py for tasks to queue
[2024-10-28T00:07:54.788+0000] {logging_mixin.py:190} INFO - [2024-10-28T00:07:54.788+0000] {dagbag.py:588} INFO - Filling up the DagBag from /home/airflow/.local/lib/python3.12/site-packages/airflow/example_dags/example_params_ui_tutorial.py
[2024-10-28T00:07:54.798+0000] {processor.py:925} INFO - DAG(s) 'example_params_ui_tutorial' retrieved from /home/airflow/.local/lib/python3.12/site-packages/airflow/example_dags/example_params_ui_tutorial.py
[2024-10-28T00:07:54.845+0000] {logging_mixin.py:190} INFO - [2024-10-28T00:07:54.845+0000] {dag.py:3239} INFO - Sync 1 DAGs
[2024-10-28T00:07:54.859+0000] {logging_mixin.py:190} INFO - [2024-10-28T00:07:54.859+0000] {dag.py:4180} INFO - Setting next_dagrun for example_params_ui_tutorial to None, run_after=None
[2024-10-28T00:07:54.880+0000] {processor.py:208} INFO - Processing /home/airflow/.local/lib/python3.12/site-packages/airflow/example_dags/example_params_ui_tutorial.py took 0.099 seconds
[2024-10-28T00:08:25.298+0000] {processor.py:186} INFO - Started process (PID=46376) to work on /home/airflow/.local/lib/python3.12/site-packages/airflow/example_dags/example_params_ui_tutorial.py
[2024-10-28T00:08:25.299+0000] {processor.py:914} INFO - Processing file /home/airflow/.local/lib/python3.12/site-packages/airflow/example_dags/example_params_ui_tutorial.py for tasks to queue
[2024-10-28T00:08:25.300+0000] {logging_mixin.py:190} INFO - [2024-10-28T00:08:25.300+0000] {dagbag.py:588} INFO - Filling up the DagBag from /home/airflow/.local/lib/python3.12/site-packages/airflow/example_dags/example_params_ui_tutorial.py
[2024-10-28T00:08:25.309+0000] {processor.py:925} INFO - DAG(s) 'example_params_ui_tutorial' retrieved from /home/airflow/.local/lib/python3.12/site-packages/airflow/example_dags/example_params_ui_tutorial.py
[2024-10-28T00:08:25.355+0000] {logging_mixin.py:190} INFO - [2024-10-28T00:08:25.354+0000] {dag.py:3239} INFO - Sync 1 DAGs
[2024-10-28T00:08:25.370+0000] {logging_mixin.py:190} INFO - [2024-10-28T00:08:25.370+0000] {dag.py:4180} INFO - Setting next_dagrun for example_params_ui_tutorial to None, run_after=None
[2024-10-28T00:08:25.393+0000] {processor.py:208} INFO - Processing /home/airflow/.local/lib/python3.12/site-packages/airflow/example_dags/example_params_ui_tutorial.py took 0.101 seconds
[2024-10-28T00:08:56.133+0000] {processor.py:186} INFO - Started process (PID=46450) to work on /home/airflow/.local/lib/python3.12/site-packages/airflow/example_dags/example_params_ui_tutorial.py
[2024-10-28T00:08:56.134+0000] {processor.py:914} INFO - Processing file /home/airflow/.local/lib/python3.12/site-packages/airflow/example_dags/example_params_ui_tutorial.py for tasks to queue
[2024-10-28T00:08:56.137+0000] {logging_mixin.py:190} INFO - [2024-10-28T00:08:56.136+0000] {dagbag.py:588} INFO - Filling up the DagBag from /home/airflow/.local/lib/python3.12/site-packages/airflow/example_dags/example_params_ui_tutorial.py
[2024-10-28T00:08:56.147+0000] {processor.py:925} INFO - DAG(s) 'example_params_ui_tutorial' retrieved from /home/airflow/.local/lib/python3.12/site-packages/airflow/example_dags/example_params_ui_tutorial.py
[2024-10-28T00:08:56.202+0000] {logging_mixin.py:190} INFO - [2024-10-28T00:08:56.202+0000] {dag.py:3239} INFO - Sync 1 DAGs
[2024-10-28T00:08:56.222+0000] {logging_mixin.py:190} INFO - [2024-10-28T00:08:56.221+0000] {dag.py:4180} INFO - Setting next_dagrun for example_params_ui_tutorial to None, run_after=None
[2024-10-28T00:08:56.246+0000] {processor.py:208} INFO - Processing /home/airflow/.local/lib/python3.12/site-packages/airflow/example_dags/example_params_ui_tutorial.py took 0.119 seconds
[2024-10-28T00:09:26.590+0000] {processor.py:186} INFO - Started process (PID=46524) to work on /home/airflow/.local/lib/python3.12/site-packages/airflow/example_dags/example_params_ui_tutorial.py
[2024-10-28T00:09:26.591+0000] {processor.py:914} INFO - Processing file /home/airflow/.local/lib/python3.12/site-packages/airflow/example_dags/example_params_ui_tutorial.py for tasks to queue
[2024-10-28T00:09:26.593+0000] {logging_mixin.py:190} INFO - [2024-10-28T00:09:26.592+0000] {dagbag.py:588} INFO - Filling up the DagBag from /home/airflow/.local/lib/python3.12/site-packages/airflow/example_dags/example_params_ui_tutorial.py
[2024-10-28T00:09:26.602+0000] {processor.py:925} INFO - DAG(s) 'example_params_ui_tutorial' retrieved from /home/airflow/.local/lib/python3.12/site-packages/airflow/example_dags/example_params_ui_tutorial.py
[2024-10-28T00:09:26.646+0000] {logging_mixin.py:190} INFO - [2024-10-28T00:09:26.646+0000] {dag.py:3239} INFO - Sync 1 DAGs
[2024-10-28T00:09:26.661+0000] {logging_mixin.py:190} INFO - [2024-10-28T00:09:26.661+0000] {dag.py:4180} INFO - Setting next_dagrun for example_params_ui_tutorial to None, run_after=None
[2024-10-28T00:09:26.680+0000] {processor.py:208} INFO - Processing /home/airflow/.local/lib/python3.12/site-packages/airflow/example_dags/example_params_ui_tutorial.py took 0.095 seconds
[2024-10-28T00:09:56.816+0000] {processor.py:186} INFO - Started process (PID=46597) to work on /home/airflow/.local/lib/python3.12/site-packages/airflow/example_dags/example_params_ui_tutorial.py
[2024-10-28T00:09:56.817+0000] {processor.py:914} INFO - Processing file /home/airflow/.local/lib/python3.12/site-packages/airflow/example_dags/example_params_ui_tutorial.py for tasks to queue
[2024-10-28T00:09:56.819+0000] {logging_mixin.py:190} INFO - [2024-10-28T00:09:56.818+0000] {dagbag.py:588} INFO - Filling up the DagBag from /home/airflow/.local/lib/python3.12/site-packages/airflow/example_dags/example_params_ui_tutorial.py
[2024-10-28T00:09:56.828+0000] {processor.py:925} INFO - DAG(s) 'example_params_ui_tutorial' retrieved from /home/airflow/.local/lib/python3.12/site-packages/airflow/example_dags/example_params_ui_tutorial.py
[2024-10-28T00:09:56.884+0000] {logging_mixin.py:190} INFO - [2024-10-28T00:09:56.883+0000] {dag.py:3239} INFO - Sync 1 DAGs
[2024-10-28T00:09:56.903+0000] {logging_mixin.py:190} INFO - [2024-10-28T00:09:56.903+0000] {dag.py:4180} INFO - Setting next_dagrun for example_params_ui_tutorial to None, run_after=None
[2024-10-28T00:09:56.934+0000] {processor.py:208} INFO - Processing /home/airflow/.local/lib/python3.12/site-packages/airflow/example_dags/example_params_ui_tutorial.py took 0.126 seconds
[2024-10-28T00:10:27.016+0000] {processor.py:186} INFO - Started process (PID=46672) to work on /home/airflow/.local/lib/python3.12/site-packages/airflow/example_dags/example_params_ui_tutorial.py
[2024-10-28T00:10:27.017+0000] {processor.py:914} INFO - Processing file /home/airflow/.local/lib/python3.12/site-packages/airflow/example_dags/example_params_ui_tutorial.py for tasks to queue
[2024-10-28T00:10:27.019+0000] {logging_mixin.py:190} INFO - [2024-10-28T00:10:27.018+0000] {dagbag.py:588} INFO - Filling up the DagBag from /home/airflow/.local/lib/python3.12/site-packages/airflow/example_dags/example_params_ui_tutorial.py
[2024-10-28T00:10:27.029+0000] {processor.py:925} INFO - DAG(s) 'example_params_ui_tutorial' retrieved from /home/airflow/.local/lib/python3.12/site-packages/airflow/example_dags/example_params_ui_tutorial.py
[2024-10-28T00:10:27.078+0000] {logging_mixin.py:190} INFO - [2024-10-28T00:10:27.078+0000] {dag.py:3239} INFO - Sync 1 DAGs
[2024-10-28T00:10:27.094+0000] {logging_mixin.py:190} INFO - [2024-10-28T00:10:27.093+0000] {dag.py:4180} INFO - Setting next_dagrun for example_params_ui_tutorial to None, run_after=None
[2024-10-28T00:10:27.115+0000] {processor.py:208} INFO - Processing /home/airflow/.local/lib/python3.12/site-packages/airflow/example_dags/example_params_ui_tutorial.py took 0.104 seconds
[2024-10-28T00:10:57.348+0000] {processor.py:186} INFO - Started process (PID=46745) to work on /home/airflow/.local/lib/python3.12/site-packages/airflow/example_dags/example_params_ui_tutorial.py
[2024-10-28T00:10:57.349+0000] {processor.py:914} INFO - Processing file /home/airflow/.local/lib/python3.12/site-packages/airflow/example_dags/example_params_ui_tutorial.py for tasks to queue
[2024-10-28T00:10:57.353+0000] {logging_mixin.py:190} INFO - [2024-10-28T00:10:57.352+0000] {dagbag.py:588} INFO - Filling up the DagBag from /home/airflow/.local/lib/python3.12/site-packages/airflow/example_dags/example_params_ui_tutorial.py
[2024-10-28T00:10:57.365+0000] {processor.py:925} INFO - DAG(s) 'example_params_ui_tutorial' retrieved from /home/airflow/.local/lib/python3.12/site-packages/airflow/example_dags/example_params_ui_tutorial.py
[2024-10-28T00:10:57.423+0000] {logging_mixin.py:190} INFO - [2024-10-28T00:10:57.422+0000] {dag.py:3239} INFO - Sync 1 DAGs
[2024-10-28T00:10:57.439+0000] {logging_mixin.py:190} INFO - [2024-10-28T00:10:57.439+0000] {dag.py:4180} INFO - Setting next_dagrun for example_params_ui_tutorial to None, run_after=None
[2024-10-28T00:10:57.462+0000] {processor.py:208} INFO - Processing /home/airflow/.local/lib/python3.12/site-packages/airflow/example_dags/example_params_ui_tutorial.py took 0.124 seconds
[2024-10-28T00:11:27.537+0000] {processor.py:186} INFO - Started process (PID=46819) to work on /home/airflow/.local/lib/python3.12/site-packages/airflow/example_dags/example_params_ui_tutorial.py
[2024-10-28T00:11:27.538+0000] {processor.py:914} INFO - Processing file /home/airflow/.local/lib/python3.12/site-packages/airflow/example_dags/example_params_ui_tutorial.py for tasks to queue
[2024-10-28T00:11:27.540+0000] {logging_mixin.py:190} INFO - [2024-10-28T00:11:27.540+0000] {dagbag.py:588} INFO - Filling up the DagBag from /home/airflow/.local/lib/python3.12/site-packages/airflow/example_dags/example_params_ui_tutorial.py
[2024-10-28T00:11:27.549+0000] {processor.py:925} INFO - DAG(s) 'example_params_ui_tutorial' retrieved from /home/airflow/.local/lib/python3.12/site-packages/airflow/example_dags/example_params_ui_tutorial.py
[2024-10-28T00:11:27.594+0000] {logging_mixin.py:190} INFO - [2024-10-28T00:11:27.593+0000] {dag.py:3239} INFO - Sync 1 DAGs
[2024-10-28T00:11:27.608+0000] {logging_mixin.py:190} INFO - [2024-10-28T00:11:27.608+0000] {dag.py:4180} INFO - Setting next_dagrun for example_params_ui_tutorial to None, run_after=None
[2024-10-28T00:11:27.626+0000] {processor.py:208} INFO - Processing /home/airflow/.local/lib/python3.12/site-packages/airflow/example_dags/example_params_ui_tutorial.py took 0.094 seconds
[2024-10-28T00:11:58.305+0000] {processor.py:186} INFO - Started process (PID=46893) to work on /home/airflow/.local/lib/python3.12/site-packages/airflow/example_dags/example_params_ui_tutorial.py
[2024-10-28T00:11:58.306+0000] {processor.py:914} INFO - Processing file /home/airflow/.local/lib/python3.12/site-packages/airflow/example_dags/example_params_ui_tutorial.py for tasks to queue
[2024-10-28T00:11:58.307+0000] {logging_mixin.py:190} INFO - [2024-10-28T00:11:58.307+0000] {dagbag.py:588} INFO - Filling up the DagBag from /home/airflow/.local/lib/python3.12/site-packages/airflow/example_dags/example_params_ui_tutorial.py
[2024-10-28T00:11:58.316+0000] {processor.py:925} INFO - DAG(s) 'example_params_ui_tutorial' retrieved from /home/airflow/.local/lib/python3.12/site-packages/airflow/example_dags/example_params_ui_tutorial.py
[2024-10-28T00:11:58.360+0000] {logging_mixin.py:190} INFO - [2024-10-28T00:11:58.360+0000] {dag.py:3239} INFO - Sync 1 DAGs
[2024-10-28T00:11:58.375+0000] {logging_mixin.py:190} INFO - [2024-10-28T00:11:58.374+0000] {dag.py:4180} INFO - Setting next_dagrun for example_params_ui_tutorial to None, run_after=None
[2024-10-28T00:11:58.393+0000] {processor.py:208} INFO - Processing /home/airflow/.local/lib/python3.12/site-packages/airflow/example_dags/example_params_ui_tutorial.py took 0.094 seconds
[2024-10-28T00:12:28.532+0000] {processor.py:186} INFO - Started process (PID=46968) to work on /home/airflow/.local/lib/python3.12/site-packages/airflow/example_dags/example_params_ui_tutorial.py
[2024-10-28T00:12:28.533+0000] {processor.py:914} INFO - Processing file /home/airflow/.local/lib/python3.12/site-packages/airflow/example_dags/example_params_ui_tutorial.py for tasks to queue
[2024-10-28T00:12:28.535+0000] {logging_mixin.py:190} INFO - [2024-10-28T00:12:28.534+0000] {dagbag.py:588} INFO - Filling up the DagBag from /home/airflow/.local/lib/python3.12/site-packages/airflow/example_dags/example_params_ui_tutorial.py
[2024-10-28T00:12:28.543+0000] {processor.py:925} INFO - DAG(s) 'example_params_ui_tutorial' retrieved from /home/airflow/.local/lib/python3.12/site-packages/airflow/example_dags/example_params_ui_tutorial.py
[2024-10-28T00:12:28.586+0000] {logging_mixin.py:190} INFO - [2024-10-28T00:12:28.586+0000] {dag.py:3239} INFO - Sync 1 DAGs
[2024-10-28T00:12:28.600+0000] {logging_mixin.py:190} INFO - [2024-10-28T00:12:28.600+0000] {dag.py:4180} INFO - Setting next_dagrun for example_params_ui_tutorial to None, run_after=None
[2024-10-28T00:12:28.619+0000] {processor.py:208} INFO - Processing /home/airflow/.local/lib/python3.12/site-packages/airflow/example_dags/example_params_ui_tutorial.py took 0.092 seconds
[2024-10-28T00:12:59.069+0000] {processor.py:186} INFO - Started process (PID=47041) to work on /home/airflow/.local/lib/python3.12/site-packages/airflow/example_dags/example_params_ui_tutorial.py
[2024-10-28T00:12:59.070+0000] {processor.py:914} INFO - Processing file /home/airflow/.local/lib/python3.12/site-packages/airflow/example_dags/example_params_ui_tutorial.py for tasks to queue
[2024-10-28T00:12:59.072+0000] {logging_mixin.py:190} INFO - [2024-10-28T00:12:59.071+0000] {dagbag.py:588} INFO - Filling up the DagBag from /home/airflow/.local/lib/python3.12/site-packages/airflow/example_dags/example_params_ui_tutorial.py
[2024-10-28T00:12:59.080+0000] {processor.py:925} INFO - DAG(s) 'example_params_ui_tutorial' retrieved from /home/airflow/.local/lib/python3.12/site-packages/airflow/example_dags/example_params_ui_tutorial.py
[2024-10-28T00:12:59.124+0000] {logging_mixin.py:190} INFO - [2024-10-28T00:12:59.123+0000] {dag.py:3239} INFO - Sync 1 DAGs
[2024-10-28T00:12:59.139+0000] {logging_mixin.py:190} INFO - [2024-10-28T00:12:59.138+0000] {dag.py:4180} INFO - Setting next_dagrun for example_params_ui_tutorial to None, run_after=None
[2024-10-28T00:12:59.157+0000] {processor.py:208} INFO - Processing /home/airflow/.local/lib/python3.12/site-packages/airflow/example_dags/example_params_ui_tutorial.py took 0.094 seconds
[2024-10-28T00:13:29.415+0000] {processor.py:186} INFO - Started process (PID=47115) to work on /home/airflow/.local/lib/python3.12/site-packages/airflow/example_dags/example_params_ui_tutorial.py
[2024-10-28T00:13:29.416+0000] {processor.py:914} INFO - Processing file /home/airflow/.local/lib/python3.12/site-packages/airflow/example_dags/example_params_ui_tutorial.py for tasks to queue
[2024-10-28T00:13:29.418+0000] {logging_mixin.py:190} INFO - [2024-10-28T00:13:29.417+0000] {dagbag.py:588} INFO - Filling up the DagBag from /home/airflow/.local/lib/python3.12/site-packages/airflow/example_dags/example_params_ui_tutorial.py
[2024-10-28T00:13:29.426+0000] {processor.py:925} INFO - DAG(s) 'example_params_ui_tutorial' retrieved from /home/airflow/.local/lib/python3.12/site-packages/airflow/example_dags/example_params_ui_tutorial.py
[2024-10-28T00:13:29.470+0000] {logging_mixin.py:190} INFO - [2024-10-28T00:13:29.470+0000] {dag.py:3239} INFO - Sync 1 DAGs
[2024-10-28T00:13:29.485+0000] {logging_mixin.py:190} INFO - [2024-10-28T00:13:29.484+0000] {dag.py:4180} INFO - Setting next_dagrun for example_params_ui_tutorial to None, run_after=None
[2024-10-28T00:13:29.504+0000] {processor.py:208} INFO - Processing /home/airflow/.local/lib/python3.12/site-packages/airflow/example_dags/example_params_ui_tutorial.py took 0.095 seconds
[2024-10-28T00:13:59.940+0000] {processor.py:186} INFO - Started process (PID=47189) to work on /home/airflow/.local/lib/python3.12/site-packages/airflow/example_dags/example_params_ui_tutorial.py
[2024-10-28T00:13:59.941+0000] {processor.py:914} INFO - Processing file /home/airflow/.local/lib/python3.12/site-packages/airflow/example_dags/example_params_ui_tutorial.py for tasks to queue
[2024-10-28T00:13:59.942+0000] {logging_mixin.py:190} INFO - [2024-10-28T00:13:59.942+0000] {dagbag.py:588} INFO - Filling up the DagBag from /home/airflow/.local/lib/python3.12/site-packages/airflow/example_dags/example_params_ui_tutorial.py
[2024-10-28T00:13:59.951+0000] {processor.py:925} INFO - DAG(s) 'example_params_ui_tutorial' retrieved from /home/airflow/.local/lib/python3.12/site-packages/airflow/example_dags/example_params_ui_tutorial.py
[2024-10-28T00:13:59.995+0000] {logging_mixin.py:190} INFO - [2024-10-28T00:13:59.994+0000] {dag.py:3239} INFO - Sync 1 DAGs
[2024-10-28T00:14:00.009+0000] {logging_mixin.py:190} INFO - [2024-10-28T00:14:00.009+0000] {dag.py:4180} INFO - Setting next_dagrun for example_params_ui_tutorial to None, run_after=None
[2024-10-28T00:14:00.030+0000] {processor.py:208} INFO - Processing /home/airflow/.local/lib/python3.12/site-packages/airflow/example_dags/example_params_ui_tutorial.py took 0.095 seconds
[2024-10-28T00:14:30.208+0000] {processor.py:186} INFO - Started process (PID=47263) to work on /home/airflow/.local/lib/python3.12/site-packages/airflow/example_dags/example_params_ui_tutorial.py
[2024-10-28T00:14:30.209+0000] {processor.py:914} INFO - Processing file /home/airflow/.local/lib/python3.12/site-packages/airflow/example_dags/example_params_ui_tutorial.py for tasks to queue
[2024-10-28T00:14:30.211+0000] {logging_mixin.py:190} INFO - [2024-10-28T00:14:30.211+0000] {dagbag.py:588} INFO - Filling up the DagBag from /home/airflow/.local/lib/python3.12/site-packages/airflow/example_dags/example_params_ui_tutorial.py
[2024-10-28T00:14:30.220+0000] {processor.py:925} INFO - DAG(s) 'example_params_ui_tutorial' retrieved from /home/airflow/.local/lib/python3.12/site-packages/airflow/example_dags/example_params_ui_tutorial.py
[2024-10-28T00:14:30.266+0000] {logging_mixin.py:190} INFO - [2024-10-28T00:14:30.266+0000] {dag.py:3239} INFO - Sync 1 DAGs
[2024-10-28T00:14:30.281+0000] {logging_mixin.py:190} INFO - [2024-10-28T00:14:30.280+0000] {dag.py:4180} INFO - Setting next_dagrun for example_params_ui_tutorial to None, run_after=None
[2024-10-28T00:14:30.299+0000] {processor.py:208} INFO - Processing /home/airflow/.local/lib/python3.12/site-packages/airflow/example_dags/example_params_ui_tutorial.py took 0.097 seconds
[2024-10-28T00:15:00.344+0000] {processor.py:186} INFO - Started process (PID=47337) to work on /home/airflow/.local/lib/python3.12/site-packages/airflow/example_dags/example_params_ui_tutorial.py
[2024-10-28T00:15:00.345+0000] {processor.py:914} INFO - Processing file /home/airflow/.local/lib/python3.12/site-packages/airflow/example_dags/example_params_ui_tutorial.py for tasks to queue
[2024-10-28T00:15:00.346+0000] {logging_mixin.py:190} INFO - [2024-10-28T00:15:00.346+0000] {dagbag.py:588} INFO - Filling up the DagBag from /home/airflow/.local/lib/python3.12/site-packages/airflow/example_dags/example_params_ui_tutorial.py
[2024-10-28T00:15:00.355+0000] {processor.py:925} INFO - DAG(s) 'example_params_ui_tutorial' retrieved from /home/airflow/.local/lib/python3.12/site-packages/airflow/example_dags/example_params_ui_tutorial.py
[2024-10-28T00:15:00.400+0000] {logging_mixin.py:190} INFO - [2024-10-28T00:15:00.400+0000] {dag.py:3239} INFO - Sync 1 DAGs
[2024-10-28T00:15:00.415+0000] {logging_mixin.py:190} INFO - [2024-10-28T00:15:00.414+0000] {dag.py:4180} INFO - Setting next_dagrun for example_params_ui_tutorial to None, run_after=None
[2024-10-28T00:15:00.433+0000] {processor.py:208} INFO - Processing /home/airflow/.local/lib/python3.12/site-packages/airflow/example_dags/example_params_ui_tutorial.py took 0.095 seconds
[2024-10-28T00:15:31.074+0000] {processor.py:186} INFO - Started process (PID=47411) to work on /home/airflow/.local/lib/python3.12/site-packages/airflow/example_dags/example_params_ui_tutorial.py
[2024-10-28T00:15:31.075+0000] {processor.py:914} INFO - Processing file /home/airflow/.local/lib/python3.12/site-packages/airflow/example_dags/example_params_ui_tutorial.py for tasks to queue
[2024-10-28T00:15:31.076+0000] {logging_mixin.py:190} INFO - [2024-10-28T00:15:31.076+0000] {dagbag.py:588} INFO - Filling up the DagBag from /home/airflow/.local/lib/python3.12/site-packages/airflow/example_dags/example_params_ui_tutorial.py
[2024-10-28T00:15:31.085+0000] {processor.py:925} INFO - DAG(s) 'example_params_ui_tutorial' retrieved from /home/airflow/.local/lib/python3.12/site-packages/airflow/example_dags/example_params_ui_tutorial.py
[2024-10-28T00:15:31.130+0000] {logging_mixin.py:190} INFO - [2024-10-28T00:15:31.130+0000] {dag.py:3239} INFO - Sync 1 DAGs
[2024-10-28T00:15:31.146+0000] {logging_mixin.py:190} INFO - [2024-10-28T00:15:31.146+0000] {dag.py:4180} INFO - Setting next_dagrun for example_params_ui_tutorial to None, run_after=None
[2024-10-28T00:15:31.164+0000] {processor.py:208} INFO - Processing /home/airflow/.local/lib/python3.12/site-packages/airflow/example_dags/example_params_ui_tutorial.py took 0.095 seconds
[2024-10-28T00:16:01.508+0000] {processor.py:186} INFO - Started process (PID=47474) to work on /home/airflow/.local/lib/python3.12/site-packages/airflow/example_dags/example_params_ui_tutorial.py
[2024-10-28T00:16:01.509+0000] {processor.py:914} INFO - Processing file /home/airflow/.local/lib/python3.12/site-packages/airflow/example_dags/example_params_ui_tutorial.py for tasks to queue
[2024-10-28T00:16:01.510+0000] {logging_mixin.py:190} INFO - [2024-10-28T00:16:01.510+0000] {dagbag.py:588} INFO - Filling up the DagBag from /home/airflow/.local/lib/python3.12/site-packages/airflow/example_dags/example_params_ui_tutorial.py
[2024-10-28T00:16:01.519+0000] {processor.py:925} INFO - DAG(s) 'example_params_ui_tutorial' retrieved from /home/airflow/.local/lib/python3.12/site-packages/airflow/example_dags/example_params_ui_tutorial.py
[2024-10-28T00:16:01.563+0000] {logging_mixin.py:190} INFO - [2024-10-28T00:16:01.563+0000] {dag.py:3239} INFO - Sync 1 DAGs
[2024-10-28T00:16:01.580+0000] {logging_mixin.py:190} INFO - [2024-10-28T00:16:01.580+0000] {dag.py:4180} INFO - Setting next_dagrun for example_params_ui_tutorial to None, run_after=None
[2024-10-28T00:16:01.622+0000] {processor.py:208} INFO - Processing /home/airflow/.local/lib/python3.12/site-packages/airflow/example_dags/example_params_ui_tutorial.py took 0.119 seconds
[2024-10-28T00:16:31.869+0000] {processor.py:186} INFO - Started process (PID=47547) to work on /home/airflow/.local/lib/python3.12/site-packages/airflow/example_dags/example_params_ui_tutorial.py
[2024-10-28T00:16:31.870+0000] {processor.py:914} INFO - Processing file /home/airflow/.local/lib/python3.12/site-packages/airflow/example_dags/example_params_ui_tutorial.py for tasks to queue
[2024-10-28T00:16:31.872+0000] {logging_mixin.py:190} INFO - [2024-10-28T00:16:31.872+0000] {dagbag.py:588} INFO - Filling up the DagBag from /home/airflow/.local/lib/python3.12/site-packages/airflow/example_dags/example_params_ui_tutorial.py
[2024-10-28T00:16:31.881+0000] {processor.py:925} INFO - DAG(s) 'example_params_ui_tutorial' retrieved from /home/airflow/.local/lib/python3.12/site-packages/airflow/example_dags/example_params_ui_tutorial.py
[2024-10-28T00:16:31.927+0000] {logging_mixin.py:190} INFO - [2024-10-28T00:16:31.927+0000] {dag.py:3239} INFO - Sync 1 DAGs
[2024-10-28T00:16:31.943+0000] {logging_mixin.py:190} INFO - [2024-10-28T00:16:31.943+0000] {dag.py:4180} INFO - Setting next_dagrun for example_params_ui_tutorial to None, run_after=None
[2024-10-28T00:16:31.963+0000] {processor.py:208} INFO - Processing /home/airflow/.local/lib/python3.12/site-packages/airflow/example_dags/example_params_ui_tutorial.py took 0.100 seconds
[2024-10-28T00:17:02.302+0000] {processor.py:186} INFO - Started process (PID=47621) to work on /home/airflow/.local/lib/python3.12/site-packages/airflow/example_dags/example_params_ui_tutorial.py
[2024-10-28T00:17:02.303+0000] {processor.py:914} INFO - Processing file /home/airflow/.local/lib/python3.12/site-packages/airflow/example_dags/example_params_ui_tutorial.py for tasks to queue
[2024-10-28T00:17:02.305+0000] {logging_mixin.py:190} INFO - [2024-10-28T00:17:02.304+0000] {dagbag.py:588} INFO - Filling up the DagBag from /home/airflow/.local/lib/python3.12/site-packages/airflow/example_dags/example_params_ui_tutorial.py
[2024-10-28T00:17:02.313+0000] {processor.py:925} INFO - DAG(s) 'example_params_ui_tutorial' retrieved from /home/airflow/.local/lib/python3.12/site-packages/airflow/example_dags/example_params_ui_tutorial.py
[2024-10-28T00:17:02.367+0000] {logging_mixin.py:190} INFO - [2024-10-28T00:17:02.366+0000] {dag.py:3239} INFO - Sync 1 DAGs
[2024-10-28T00:17:02.385+0000] {logging_mixin.py:190} INFO - [2024-10-28T00:17:02.385+0000] {dag.py:4180} INFO - Setting next_dagrun for example_params_ui_tutorial to None, run_after=None
[2024-10-28T00:17:02.403+0000] {processor.py:208} INFO - Processing /home/airflow/.local/lib/python3.12/site-packages/airflow/example_dags/example_params_ui_tutorial.py took 0.107 seconds
[2024-10-28T00:17:32.918+0000] {processor.py:186} INFO - Started process (PID=47695) to work on /home/airflow/.local/lib/python3.12/site-packages/airflow/example_dags/example_params_ui_tutorial.py
[2024-10-28T00:17:32.919+0000] {processor.py:914} INFO - Processing file /home/airflow/.local/lib/python3.12/site-packages/airflow/example_dags/example_params_ui_tutorial.py for tasks to queue
[2024-10-28T00:17:32.920+0000] {logging_mixin.py:190} INFO - [2024-10-28T00:17:32.920+0000] {dagbag.py:588} INFO - Filling up the DagBag from /home/airflow/.local/lib/python3.12/site-packages/airflow/example_dags/example_params_ui_tutorial.py
[2024-10-28T00:17:32.931+0000] {processor.py:925} INFO - DAG(s) 'example_params_ui_tutorial' retrieved from /home/airflow/.local/lib/python3.12/site-packages/airflow/example_dags/example_params_ui_tutorial.py
[2024-10-28T00:17:32.982+0000] {logging_mixin.py:190} INFO - [2024-10-28T00:17:32.982+0000] {dag.py:3239} INFO - Sync 1 DAGs
[2024-10-28T00:17:32.999+0000] {logging_mixin.py:190} INFO - [2024-10-28T00:17:32.999+0000] {dag.py:4180} INFO - Setting next_dagrun for example_params_ui_tutorial to None, run_after=None
[2024-10-28T00:17:33.019+0000] {processor.py:208} INFO - Processing /home/airflow/.local/lib/python3.12/site-packages/airflow/example_dags/example_params_ui_tutorial.py took 0.106 seconds
[2024-10-28T00:18:03.334+0000] {processor.py:186} INFO - Started process (PID=47768) to work on /home/airflow/.local/lib/python3.12/site-packages/airflow/example_dags/example_params_ui_tutorial.py
[2024-10-28T00:18:03.335+0000] {processor.py:914} INFO - Processing file /home/airflow/.local/lib/python3.12/site-packages/airflow/example_dags/example_params_ui_tutorial.py for tasks to queue
[2024-10-28T00:18:03.337+0000] {logging_mixin.py:190} INFO - [2024-10-28T00:18:03.336+0000] {dagbag.py:588} INFO - Filling up the DagBag from /home/airflow/.local/lib/python3.12/site-packages/airflow/example_dags/example_params_ui_tutorial.py
[2024-10-28T00:18:03.347+0000] {processor.py:925} INFO - DAG(s) 'example_params_ui_tutorial' retrieved from /home/airflow/.local/lib/python3.12/site-packages/airflow/example_dags/example_params_ui_tutorial.py
[2024-10-28T00:18:03.424+0000] {logging_mixin.py:190} INFO - [2024-10-28T00:18:03.424+0000] {dag.py:3239} INFO - Sync 1 DAGs
[2024-10-28T00:18:03.462+0000] {logging_mixin.py:190} INFO - [2024-10-28T00:18:03.462+0000] {dag.py:4180} INFO - Setting next_dagrun for example_params_ui_tutorial to None, run_after=None
[2024-10-28T00:18:03.496+0000] {processor.py:208} INFO - Processing /home/airflow/.local/lib/python3.12/site-packages/airflow/example_dags/example_params_ui_tutorial.py took 0.170 seconds
[2024-10-28T00:18:34.021+0000] {processor.py:186} INFO - Started process (PID=47842) to work on /home/airflow/.local/lib/python3.12/site-packages/airflow/example_dags/example_params_ui_tutorial.py
[2024-10-28T00:18:34.022+0000] {processor.py:914} INFO - Processing file /home/airflow/.local/lib/python3.12/site-packages/airflow/example_dags/example_params_ui_tutorial.py for tasks to queue
[2024-10-28T00:18:34.024+0000] {logging_mixin.py:190} INFO - [2024-10-28T00:18:34.024+0000] {dagbag.py:588} INFO - Filling up the DagBag from /home/airflow/.local/lib/python3.12/site-packages/airflow/example_dags/example_params_ui_tutorial.py
[2024-10-28T00:18:34.033+0000] {processor.py:925} INFO - DAG(s) 'example_params_ui_tutorial' retrieved from /home/airflow/.local/lib/python3.12/site-packages/airflow/example_dags/example_params_ui_tutorial.py
[2024-10-28T00:18:34.091+0000] {logging_mixin.py:190} INFO - [2024-10-28T00:18:34.091+0000] {dag.py:3239} INFO - Sync 1 DAGs
[2024-10-28T00:18:34.108+0000] {logging_mixin.py:190} INFO - [2024-10-28T00:18:34.108+0000] {dag.py:4180} INFO - Setting next_dagrun for example_params_ui_tutorial to None, run_after=None
[2024-10-28T00:18:34.133+0000] {processor.py:208} INFO - Processing /home/airflow/.local/lib/python3.12/site-packages/airflow/example_dags/example_params_ui_tutorial.py took 0.119 seconds
[2024-10-28T00:19:04.326+0000] {processor.py:186} INFO - Started process (PID=47916) to work on /home/airflow/.local/lib/python3.12/site-packages/airflow/example_dags/example_params_ui_tutorial.py
[2024-10-28T00:19:04.328+0000] {processor.py:914} INFO - Processing file /home/airflow/.local/lib/python3.12/site-packages/airflow/example_dags/example_params_ui_tutorial.py for tasks to queue
[2024-10-28T00:19:04.329+0000] {logging_mixin.py:190} INFO - [2024-10-28T00:19:04.329+0000] {dagbag.py:588} INFO - Filling up the DagBag from /home/airflow/.local/lib/python3.12/site-packages/airflow/example_dags/example_params_ui_tutorial.py
[2024-10-28T00:19:04.340+0000] {processor.py:925} INFO - DAG(s) 'example_params_ui_tutorial' retrieved from /home/airflow/.local/lib/python3.12/site-packages/airflow/example_dags/example_params_ui_tutorial.py
[2024-10-28T00:19:04.393+0000] {logging_mixin.py:190} INFO - [2024-10-28T00:19:04.393+0000] {dag.py:3239} INFO - Sync 1 DAGs
[2024-10-28T00:19:04.412+0000] {logging_mixin.py:190} INFO - [2024-10-28T00:19:04.412+0000] {dag.py:4180} INFO - Setting next_dagrun for example_params_ui_tutorial to None, run_after=None
[2024-10-28T00:19:04.440+0000] {processor.py:208} INFO - Processing /home/airflow/.local/lib/python3.12/site-packages/airflow/example_dags/example_params_ui_tutorial.py took 0.119 seconds
[2024-10-28T00:19:34.700+0000] {processor.py:186} INFO - Started process (PID=47990) to work on /home/airflow/.local/lib/python3.12/site-packages/airflow/example_dags/example_params_ui_tutorial.py
[2024-10-28T00:19:34.701+0000] {processor.py:914} INFO - Processing file /home/airflow/.local/lib/python3.12/site-packages/airflow/example_dags/example_params_ui_tutorial.py for tasks to queue
[2024-10-28T00:19:34.702+0000] {logging_mixin.py:190} INFO - [2024-10-28T00:19:34.702+0000] {dagbag.py:588} INFO - Filling up the DagBag from /home/airflow/.local/lib/python3.12/site-packages/airflow/example_dags/example_params_ui_tutorial.py
[2024-10-28T00:19:34.712+0000] {processor.py:925} INFO - DAG(s) 'example_params_ui_tutorial' retrieved from /home/airflow/.local/lib/python3.12/site-packages/airflow/example_dags/example_params_ui_tutorial.py
[2024-10-28T00:19:34.761+0000] {logging_mixin.py:190} INFO - [2024-10-28T00:19:34.760+0000] {dag.py:3239} INFO - Sync 1 DAGs
[2024-10-28T00:19:34.778+0000] {logging_mixin.py:190} INFO - [2024-10-28T00:19:34.778+0000] {dag.py:4180} INFO - Setting next_dagrun for example_params_ui_tutorial to None, run_after=None
[2024-10-28T00:19:34.801+0000] {processor.py:208} INFO - Processing /home/airflow/.local/lib/python3.12/site-packages/airflow/example_dags/example_params_ui_tutorial.py took 0.109 seconds
[2024-10-28T00:20:05.516+0000] {processor.py:186} INFO - Started process (PID=48064) to work on /home/airflow/.local/lib/python3.12/site-packages/airflow/example_dags/example_params_ui_tutorial.py
[2024-10-28T00:20:05.517+0000] {processor.py:914} INFO - Processing file /home/airflow/.local/lib/python3.12/site-packages/airflow/example_dags/example_params_ui_tutorial.py for tasks to queue
[2024-10-28T00:20:05.519+0000] {logging_mixin.py:190} INFO - [2024-10-28T00:20:05.519+0000] {dagbag.py:588} INFO - Filling up the DagBag from /home/airflow/.local/lib/python3.12/site-packages/airflow/example_dags/example_params_ui_tutorial.py
[2024-10-28T00:20:05.531+0000] {processor.py:925} INFO - DAG(s) 'example_params_ui_tutorial' retrieved from /home/airflow/.local/lib/python3.12/site-packages/airflow/example_dags/example_params_ui_tutorial.py
[2024-10-28T00:20:05.587+0000] {logging_mixin.py:190} INFO - [2024-10-28T00:20:05.586+0000] {dag.py:3239} INFO - Sync 1 DAGs
[2024-10-28T00:20:05.608+0000] {logging_mixin.py:190} INFO - [2024-10-28T00:20:05.608+0000] {dag.py:4180} INFO - Setting next_dagrun for example_params_ui_tutorial to None, run_after=None
[2024-10-28T00:20:05.635+0000] {processor.py:208} INFO - Processing /home/airflow/.local/lib/python3.12/site-packages/airflow/example_dags/example_params_ui_tutorial.py took 0.127 seconds
[2024-10-28T00:20:35.824+0000] {processor.py:186} INFO - Started process (PID=48138) to work on /home/airflow/.local/lib/python3.12/site-packages/airflow/example_dags/example_params_ui_tutorial.py
[2024-10-28T00:20:35.825+0000] {processor.py:914} INFO - Processing file /home/airflow/.local/lib/python3.12/site-packages/airflow/example_dags/example_params_ui_tutorial.py for tasks to queue
[2024-10-28T00:20:35.827+0000] {logging_mixin.py:190} INFO - [2024-10-28T00:20:35.826+0000] {dagbag.py:588} INFO - Filling up the DagBag from /home/airflow/.local/lib/python3.12/site-packages/airflow/example_dags/example_params_ui_tutorial.py
[2024-10-28T00:20:35.839+0000] {processor.py:925} INFO - DAG(s) 'example_params_ui_tutorial' retrieved from /home/airflow/.local/lib/python3.12/site-packages/airflow/example_dags/example_params_ui_tutorial.py
[2024-10-28T00:20:35.898+0000] {logging_mixin.py:190} INFO - [2024-10-28T00:20:35.898+0000] {dag.py:3239} INFO - Sync 1 DAGs
[2024-10-28T00:20:35.919+0000] {logging_mixin.py:190} INFO - [2024-10-28T00:20:35.919+0000] {dag.py:4180} INFO - Setting next_dagrun for example_params_ui_tutorial to None, run_after=None
[2024-10-28T00:20:35.946+0000] {processor.py:208} INFO - Processing /home/airflow/.local/lib/python3.12/site-packages/airflow/example_dags/example_params_ui_tutorial.py took 0.130 seconds
[2024-10-28T00:21:06.489+0000] {processor.py:186} INFO - Started process (PID=48212) to work on /home/airflow/.local/lib/python3.12/site-packages/airflow/example_dags/example_params_ui_tutorial.py
[2024-10-28T00:21:06.490+0000] {processor.py:914} INFO - Processing file /home/airflow/.local/lib/python3.12/site-packages/airflow/example_dags/example_params_ui_tutorial.py for tasks to queue
[2024-10-28T00:21:06.491+0000] {logging_mixin.py:190} INFO - [2024-10-28T00:21:06.491+0000] {dagbag.py:588} INFO - Filling up the DagBag from /home/airflow/.local/lib/python3.12/site-packages/airflow/example_dags/example_params_ui_tutorial.py
[2024-10-28T00:21:06.503+0000] {processor.py:925} INFO - DAG(s) 'example_params_ui_tutorial' retrieved from /home/airflow/.local/lib/python3.12/site-packages/airflow/example_dags/example_params_ui_tutorial.py
[2024-10-28T00:21:06.556+0000] {logging_mixin.py:190} INFO - [2024-10-28T00:21:06.556+0000] {dag.py:3239} INFO - Sync 1 DAGs
[2024-10-28T00:21:06.574+0000] {logging_mixin.py:190} INFO - [2024-10-28T00:21:06.574+0000] {dag.py:4180} INFO - Setting next_dagrun for example_params_ui_tutorial to None, run_after=None
[2024-10-28T00:21:06.597+0000] {processor.py:208} INFO - Processing /home/airflow/.local/lib/python3.12/site-packages/airflow/example_dags/example_params_ui_tutorial.py took 0.115 seconds
[2024-10-28T00:21:37.112+0000] {processor.py:186} INFO - Started process (PID=48286) to work on /home/airflow/.local/lib/python3.12/site-packages/airflow/example_dags/example_params_ui_tutorial.py
[2024-10-28T00:21:37.113+0000] {processor.py:914} INFO - Processing file /home/airflow/.local/lib/python3.12/site-packages/airflow/example_dags/example_params_ui_tutorial.py for tasks to queue
[2024-10-28T00:21:37.115+0000] {logging_mixin.py:190} INFO - [2024-10-28T00:21:37.114+0000] {dagbag.py:588} INFO - Filling up the DagBag from /home/airflow/.local/lib/python3.12/site-packages/airflow/example_dags/example_params_ui_tutorial.py
[2024-10-28T00:21:37.123+0000] {processor.py:925} INFO - DAG(s) 'example_params_ui_tutorial' retrieved from /home/airflow/.local/lib/python3.12/site-packages/airflow/example_dags/example_params_ui_tutorial.py
[2024-10-28T00:21:37.173+0000] {logging_mixin.py:190} INFO - [2024-10-28T00:21:37.173+0000] {dag.py:3239} INFO - Sync 1 DAGs
[2024-10-28T00:21:37.188+0000] {logging_mixin.py:190} INFO - [2024-10-28T00:21:37.188+0000] {dag.py:4180} INFO - Setting next_dagrun for example_params_ui_tutorial to None, run_after=None
[2024-10-28T00:21:37.210+0000] {processor.py:208} INFO - Processing /home/airflow/.local/lib/python3.12/site-packages/airflow/example_dags/example_params_ui_tutorial.py took 0.104 seconds
[2024-10-28T00:22:07.592+0000] {processor.py:186} INFO - Started process (PID=48366) to work on /home/airflow/.local/lib/python3.12/site-packages/airflow/example_dags/example_params_ui_tutorial.py
[2024-10-28T00:22:07.593+0000] {processor.py:914} INFO - Processing file /home/airflow/.local/lib/python3.12/site-packages/airflow/example_dags/example_params_ui_tutorial.py for tasks to queue
[2024-10-28T00:22:07.595+0000] {logging_mixin.py:190} INFO - [2024-10-28T00:22:07.594+0000] {dagbag.py:588} INFO - Filling up the DagBag from /home/airflow/.local/lib/python3.12/site-packages/airflow/example_dags/example_params_ui_tutorial.py
[2024-10-28T00:22:07.604+0000] {processor.py:925} INFO - DAG(s) 'example_params_ui_tutorial' retrieved from /home/airflow/.local/lib/python3.12/site-packages/airflow/example_dags/example_params_ui_tutorial.py
[2024-10-28T00:22:07.657+0000] {logging_mixin.py:190} INFO - [2024-10-28T00:22:07.657+0000] {dag.py:3239} INFO - Sync 1 DAGs
[2024-10-28T00:22:07.675+0000] {logging_mixin.py:190} INFO - [2024-10-28T00:22:07.675+0000] {dag.py:4180} INFO - Setting next_dagrun for example_params_ui_tutorial to None, run_after=None
[2024-10-28T00:22:07.696+0000] {processor.py:208} INFO - Processing /home/airflow/.local/lib/python3.12/site-packages/airflow/example_dags/example_params_ui_tutorial.py took 0.110 seconds
[2024-10-28T00:22:37.959+0000] {processor.py:186} INFO - Started process (PID=48440) to work on /home/airflow/.local/lib/python3.12/site-packages/airflow/example_dags/example_params_ui_tutorial.py
[2024-10-28T00:22:37.961+0000] {processor.py:914} INFO - Processing file /home/airflow/.local/lib/python3.12/site-packages/airflow/example_dags/example_params_ui_tutorial.py for tasks to queue
[2024-10-28T00:22:37.963+0000] {logging_mixin.py:190} INFO - [2024-10-28T00:22:37.962+0000] {dagbag.py:588} INFO - Filling up the DagBag from /home/airflow/.local/lib/python3.12/site-packages/airflow/example_dags/example_params_ui_tutorial.py
[2024-10-28T00:22:37.972+0000] {processor.py:925} INFO - DAG(s) 'example_params_ui_tutorial' retrieved from /home/airflow/.local/lib/python3.12/site-packages/airflow/example_dags/example_params_ui_tutorial.py
[2024-10-28T00:22:38.020+0000] {logging_mixin.py:190} INFO - [2024-10-28T00:22:38.020+0000] {dag.py:3239} INFO - Sync 1 DAGs
[2024-10-28T00:22:38.035+0000] {logging_mixin.py:190} INFO - [2024-10-28T00:22:38.035+0000] {dag.py:4180} INFO - Setting next_dagrun for example_params_ui_tutorial to None, run_after=None
[2024-10-28T00:22:38.059+0000] {processor.py:208} INFO - Processing /home/airflow/.local/lib/python3.12/site-packages/airflow/example_dags/example_params_ui_tutorial.py took 0.107 seconds
[2024-10-28T00:23:08.408+0000] {processor.py:186} INFO - Started process (PID=48514) to work on /home/airflow/.local/lib/python3.12/site-packages/airflow/example_dags/example_params_ui_tutorial.py
[2024-10-28T00:23:08.409+0000] {processor.py:914} INFO - Processing file /home/airflow/.local/lib/python3.12/site-packages/airflow/example_dags/example_params_ui_tutorial.py for tasks to queue
[2024-10-28T00:23:08.410+0000] {logging_mixin.py:190} INFO - [2024-10-28T00:23:08.410+0000] {dagbag.py:588} INFO - Filling up the DagBag from /home/airflow/.local/lib/python3.12/site-packages/airflow/example_dags/example_params_ui_tutorial.py
[2024-10-28T00:23:08.419+0000] {processor.py:925} INFO - DAG(s) 'example_params_ui_tutorial' retrieved from /home/airflow/.local/lib/python3.12/site-packages/airflow/example_dags/example_params_ui_tutorial.py
[2024-10-28T00:23:08.466+0000] {logging_mixin.py:190} INFO - [2024-10-28T00:23:08.466+0000] {dag.py:3239} INFO - Sync 1 DAGs
[2024-10-28T00:23:08.482+0000] {logging_mixin.py:190} INFO - [2024-10-28T00:23:08.482+0000] {dag.py:4180} INFO - Setting next_dagrun for example_params_ui_tutorial to None, run_after=None
[2024-10-28T00:23:08.502+0000] {processor.py:208} INFO - Processing /home/airflow/.local/lib/python3.12/site-packages/airflow/example_dags/example_params_ui_tutorial.py took 0.100 seconds
[2024-10-28T00:23:38.641+0000] {processor.py:186} INFO - Started process (PID=48588) to work on /home/airflow/.local/lib/python3.12/site-packages/airflow/example_dags/example_params_ui_tutorial.py
[2024-10-28T00:23:38.643+0000] {processor.py:914} INFO - Processing file /home/airflow/.local/lib/python3.12/site-packages/airflow/example_dags/example_params_ui_tutorial.py for tasks to queue
[2024-10-28T00:23:38.645+0000] {logging_mixin.py:190} INFO - [2024-10-28T00:23:38.644+0000] {dagbag.py:588} INFO - Filling up the DagBag from /home/airflow/.local/lib/python3.12/site-packages/airflow/example_dags/example_params_ui_tutorial.py
[2024-10-28T00:23:38.654+0000] {processor.py:925} INFO - DAG(s) 'example_params_ui_tutorial' retrieved from /home/airflow/.local/lib/python3.12/site-packages/airflow/example_dags/example_params_ui_tutorial.py
[2024-10-28T00:23:38.701+0000] {logging_mixin.py:190} INFO - [2024-10-28T00:23:38.701+0000] {dag.py:3239} INFO - Sync 1 DAGs
[2024-10-28T00:23:38.716+0000] {logging_mixin.py:190} INFO - [2024-10-28T00:23:38.715+0000] {dag.py:4180} INFO - Setting next_dagrun for example_params_ui_tutorial to None, run_after=None
[2024-10-28T00:23:38.735+0000] {processor.py:208} INFO - Processing /home/airflow/.local/lib/python3.12/site-packages/airflow/example_dags/example_params_ui_tutorial.py took 0.100 seconds
[2024-10-28T00:24:09.642+0000] {processor.py:186} INFO - Started process (PID=48662) to work on /home/airflow/.local/lib/python3.12/site-packages/airflow/example_dags/example_params_ui_tutorial.py
[2024-10-28T00:24:09.644+0000] {processor.py:914} INFO - Processing file /home/airflow/.local/lib/python3.12/site-packages/airflow/example_dags/example_params_ui_tutorial.py for tasks to queue
[2024-10-28T00:24:09.650+0000] {logging_mixin.py:190} INFO - [2024-10-28T00:24:09.649+0000] {dagbag.py:588} INFO - Filling up the DagBag from /home/airflow/.local/lib/python3.12/site-packages/airflow/example_dags/example_params_ui_tutorial.py
[2024-10-28T00:24:09.670+0000] {processor.py:925} INFO - DAG(s) 'example_params_ui_tutorial' retrieved from /home/airflow/.local/lib/python3.12/site-packages/airflow/example_dags/example_params_ui_tutorial.py
[2024-10-28T00:24:09.741+0000] {logging_mixin.py:190} INFO - [2024-10-28T00:24:09.741+0000] {dag.py:3239} INFO - Sync 1 DAGs
[2024-10-28T00:24:09.762+0000] {logging_mixin.py:190} INFO - [2024-10-28T00:24:09.761+0000] {dag.py:4180} INFO - Setting next_dagrun for example_params_ui_tutorial to None, run_after=None
[2024-10-28T00:24:09.786+0000] {processor.py:208} INFO - Processing /home/airflow/.local/lib/python3.12/site-packages/airflow/example_dags/example_params_ui_tutorial.py took 0.153 seconds
[2024-10-28T00:24:40.623+0000] {processor.py:186} INFO - Started process (PID=48736) to work on /home/airflow/.local/lib/python3.12/site-packages/airflow/example_dags/example_params_ui_tutorial.py
[2024-10-28T00:24:40.624+0000] {processor.py:914} INFO - Processing file /home/airflow/.local/lib/python3.12/site-packages/airflow/example_dags/example_params_ui_tutorial.py for tasks to queue
[2024-10-28T00:24:40.626+0000] {logging_mixin.py:190} INFO - [2024-10-28T00:24:40.625+0000] {dagbag.py:588} INFO - Filling up the DagBag from /home/airflow/.local/lib/python3.12/site-packages/airflow/example_dags/example_params_ui_tutorial.py
[2024-10-28T00:24:40.635+0000] {processor.py:925} INFO - DAG(s) 'example_params_ui_tutorial' retrieved from /home/airflow/.local/lib/python3.12/site-packages/airflow/example_dags/example_params_ui_tutorial.py
[2024-10-28T00:24:40.683+0000] {logging_mixin.py:190} INFO - [2024-10-28T00:24:40.683+0000] {dag.py:3239} INFO - Sync 1 DAGs
[2024-10-28T00:24:40.699+0000] {logging_mixin.py:190} INFO - [2024-10-28T00:24:40.699+0000] {dag.py:4180} INFO - Setting next_dagrun for example_params_ui_tutorial to None, run_after=None
[2024-10-28T00:24:40.722+0000] {processor.py:208} INFO - Processing /home/airflow/.local/lib/python3.12/site-packages/airflow/example_dags/example_params_ui_tutorial.py took 0.107 seconds
[2024-10-28T00:25:11.490+0000] {processor.py:186} INFO - Started process (PID=48810) to work on /home/airflow/.local/lib/python3.12/site-packages/airflow/example_dags/example_params_ui_tutorial.py
[2024-10-28T00:25:11.491+0000] {processor.py:914} INFO - Processing file /home/airflow/.local/lib/python3.12/site-packages/airflow/example_dags/example_params_ui_tutorial.py for tasks to queue
[2024-10-28T00:25:11.493+0000] {logging_mixin.py:190} INFO - [2024-10-28T00:25:11.492+0000] {dagbag.py:588} INFO - Filling up the DagBag from /home/airflow/.local/lib/python3.12/site-packages/airflow/example_dags/example_params_ui_tutorial.py
[2024-10-28T00:25:11.504+0000] {processor.py:925} INFO - DAG(s) 'example_params_ui_tutorial' retrieved from /home/airflow/.local/lib/python3.12/site-packages/airflow/example_dags/example_params_ui_tutorial.py
[2024-10-28T00:25:11.559+0000] {logging_mixin.py:190} INFO - [2024-10-28T00:25:11.559+0000] {dag.py:3239} INFO - Sync 1 DAGs
[2024-10-28T00:25:11.576+0000] {logging_mixin.py:190} INFO - [2024-10-28T00:25:11.576+0000] {dag.py:4180} INFO - Setting next_dagrun for example_params_ui_tutorial to None, run_after=None
[2024-10-28T00:25:11.597+0000] {processor.py:208} INFO - Processing /home/airflow/.local/lib/python3.12/site-packages/airflow/example_dags/example_params_ui_tutorial.py took 0.114 seconds
[2024-10-28T00:25:41.685+0000] {processor.py:186} INFO - Started process (PID=48884) to work on /home/airflow/.local/lib/python3.12/site-packages/airflow/example_dags/example_params_ui_tutorial.py
[2024-10-28T00:25:41.686+0000] {processor.py:914} INFO - Processing file /home/airflow/.local/lib/python3.12/site-packages/airflow/example_dags/example_params_ui_tutorial.py for tasks to queue
[2024-10-28T00:25:41.688+0000] {logging_mixin.py:190} INFO - [2024-10-28T00:25:41.687+0000] {dagbag.py:588} INFO - Filling up the DagBag from /home/airflow/.local/lib/python3.12/site-packages/airflow/example_dags/example_params_ui_tutorial.py
[2024-10-28T00:25:41.698+0000] {processor.py:925} INFO - DAG(s) 'example_params_ui_tutorial' retrieved from /home/airflow/.local/lib/python3.12/site-packages/airflow/example_dags/example_params_ui_tutorial.py
[2024-10-28T00:25:41.748+0000] {logging_mixin.py:190} INFO - [2024-10-28T00:25:41.748+0000] {dag.py:3239} INFO - Sync 1 DAGs
[2024-10-28T00:25:41.764+0000] {logging_mixin.py:190} INFO - [2024-10-28T00:25:41.764+0000] {dag.py:4180} INFO - Setting next_dagrun for example_params_ui_tutorial to None, run_after=None
[2024-10-28T00:25:41.787+0000] {processor.py:208} INFO - Processing /home/airflow/.local/lib/python3.12/site-packages/airflow/example_dags/example_params_ui_tutorial.py took 0.109 seconds
[2024-10-28T00:26:12.094+0000] {processor.py:186} INFO - Started process (PID=48958) to work on /home/airflow/.local/lib/python3.12/site-packages/airflow/example_dags/example_params_ui_tutorial.py
[2024-10-28T00:26:12.095+0000] {processor.py:914} INFO - Processing file /home/airflow/.local/lib/python3.12/site-packages/airflow/example_dags/example_params_ui_tutorial.py for tasks to queue
[2024-10-28T00:26:12.097+0000] {logging_mixin.py:190} INFO - [2024-10-28T00:26:12.096+0000] {dagbag.py:588} INFO - Filling up the DagBag from /home/airflow/.local/lib/python3.12/site-packages/airflow/example_dags/example_params_ui_tutorial.py
[2024-10-28T00:26:12.105+0000] {processor.py:925} INFO - DAG(s) 'example_params_ui_tutorial' retrieved from /home/airflow/.local/lib/python3.12/site-packages/airflow/example_dags/example_params_ui_tutorial.py
[2024-10-28T00:26:12.301+0000] {logging_mixin.py:190} INFO - [2024-10-28T00:26:12.301+0000] {dag.py:3239} INFO - Sync 1 DAGs
[2024-10-28T00:26:12.317+0000] {logging_mixin.py:190} INFO - [2024-10-28T00:26:12.317+0000] {dag.py:4180} INFO - Setting next_dagrun for example_params_ui_tutorial to None, run_after=None
[2024-10-28T00:26:12.338+0000] {processor.py:208} INFO - Processing /home/airflow/.local/lib/python3.12/site-packages/airflow/example_dags/example_params_ui_tutorial.py took 0.249 seconds
[2024-10-28T00:26:42.545+0000] {processor.py:186} INFO - Started process (PID=49032) to work on /home/airflow/.local/lib/python3.12/site-packages/airflow/example_dags/example_params_ui_tutorial.py
[2024-10-28T00:26:42.547+0000] {processor.py:914} INFO - Processing file /home/airflow/.local/lib/python3.12/site-packages/airflow/example_dags/example_params_ui_tutorial.py for tasks to queue
[2024-10-28T00:26:42.548+0000] {logging_mixin.py:190} INFO - [2024-10-28T00:26:42.548+0000] {dagbag.py:588} INFO - Filling up the DagBag from /home/airflow/.local/lib/python3.12/site-packages/airflow/example_dags/example_params_ui_tutorial.py
[2024-10-28T00:26:42.557+0000] {processor.py:925} INFO - DAG(s) 'example_params_ui_tutorial' retrieved from /home/airflow/.local/lib/python3.12/site-packages/airflow/example_dags/example_params_ui_tutorial.py
[2024-10-28T00:26:42.602+0000] {logging_mixin.py:190} INFO - [2024-10-28T00:26:42.602+0000] {dag.py:3239} INFO - Sync 1 DAGs
[2024-10-28T00:26:42.618+0000] {logging_mixin.py:190} INFO - [2024-10-28T00:26:42.618+0000] {dag.py:4180} INFO - Setting next_dagrun for example_params_ui_tutorial to None, run_after=None
[2024-10-28T00:26:42.638+0000] {processor.py:208} INFO - Processing /home/airflow/.local/lib/python3.12/site-packages/airflow/example_dags/example_params_ui_tutorial.py took 0.098 seconds
[2024-10-28T00:27:12.928+0000] {processor.py:186} INFO - Started process (PID=49106) to work on /home/airflow/.local/lib/python3.12/site-packages/airflow/example_dags/example_params_ui_tutorial.py
[2024-10-28T00:27:12.930+0000] {processor.py:914} INFO - Processing file /home/airflow/.local/lib/python3.12/site-packages/airflow/example_dags/example_params_ui_tutorial.py for tasks to queue
[2024-10-28T00:27:12.931+0000] {logging_mixin.py:190} INFO - [2024-10-28T00:27:12.931+0000] {dagbag.py:588} INFO - Filling up the DagBag from /home/airflow/.local/lib/python3.12/site-packages/airflow/example_dags/example_params_ui_tutorial.py
[2024-10-28T00:27:12.940+0000] {processor.py:925} INFO - DAG(s) 'example_params_ui_tutorial' retrieved from /home/airflow/.local/lib/python3.12/site-packages/airflow/example_dags/example_params_ui_tutorial.py
[2024-10-28T00:27:13.001+0000] {logging_mixin.py:190} INFO - [2024-10-28T00:27:13.001+0000] {dag.py:3239} INFO - Sync 1 DAGs
[2024-10-28T00:27:13.026+0000] {logging_mixin.py:190} INFO - [2024-10-28T00:27:13.025+0000] {dag.py:4180} INFO - Setting next_dagrun for example_params_ui_tutorial to None, run_after=None
[2024-10-28T00:27:13.053+0000] {processor.py:208} INFO - Processing /home/airflow/.local/lib/python3.12/site-packages/airflow/example_dags/example_params_ui_tutorial.py took 0.130 seconds
[2024-10-28T00:27:43.835+0000] {processor.py:186} INFO - Started process (PID=49180) to work on /home/airflow/.local/lib/python3.12/site-packages/airflow/example_dags/example_params_ui_tutorial.py
[2024-10-28T00:27:43.836+0000] {processor.py:914} INFO - Processing file /home/airflow/.local/lib/python3.12/site-packages/airflow/example_dags/example_params_ui_tutorial.py for tasks to queue
[2024-10-28T00:27:43.837+0000] {logging_mixin.py:190} INFO - [2024-10-28T00:27:43.837+0000] {dagbag.py:588} INFO - Filling up the DagBag from /home/airflow/.local/lib/python3.12/site-packages/airflow/example_dags/example_params_ui_tutorial.py
[2024-10-28T00:27:43.846+0000] {processor.py:925} INFO - DAG(s) 'example_params_ui_tutorial' retrieved from /home/airflow/.local/lib/python3.12/site-packages/airflow/example_dags/example_params_ui_tutorial.py
[2024-10-28T00:27:43.890+0000] {logging_mixin.py:190} INFO - [2024-10-28T00:27:43.890+0000] {dag.py:3239} INFO - Sync 1 DAGs
[2024-10-28T00:27:43.905+0000] {logging_mixin.py:190} INFO - [2024-10-28T00:27:43.905+0000] {dag.py:4180} INFO - Setting next_dagrun for example_params_ui_tutorial to None, run_after=None
[2024-10-28T00:27:43.924+0000] {processor.py:208} INFO - Processing /home/airflow/.local/lib/python3.12/site-packages/airflow/example_dags/example_params_ui_tutorial.py took 0.094 seconds
[2024-10-28T00:28:14.010+0000] {processor.py:186} INFO - Started process (PID=49254) to work on /home/airflow/.local/lib/python3.12/site-packages/airflow/example_dags/example_params_ui_tutorial.py
[2024-10-28T00:28:14.011+0000] {processor.py:914} INFO - Processing file /home/airflow/.local/lib/python3.12/site-packages/airflow/example_dags/example_params_ui_tutorial.py for tasks to queue
[2024-10-28T00:28:14.013+0000] {logging_mixin.py:190} INFO - [2024-10-28T00:28:14.013+0000] {dagbag.py:588} INFO - Filling up the DagBag from /home/airflow/.local/lib/python3.12/site-packages/airflow/example_dags/example_params_ui_tutorial.py
[2024-10-28T00:28:14.023+0000] {processor.py:925} INFO - DAG(s) 'example_params_ui_tutorial' retrieved from /home/airflow/.local/lib/python3.12/site-packages/airflow/example_dags/example_params_ui_tutorial.py
[2024-10-28T00:28:14.084+0000] {logging_mixin.py:190} INFO - [2024-10-28T00:28:14.084+0000] {dag.py:3239} INFO - Sync 1 DAGs
[2024-10-28T00:28:14.108+0000] {logging_mixin.py:190} INFO - [2024-10-28T00:28:14.107+0000] {dag.py:4180} INFO - Setting next_dagrun for example_params_ui_tutorial to None, run_after=None
[2024-10-28T00:28:14.130+0000] {processor.py:208} INFO - Processing /home/airflow/.local/lib/python3.12/site-packages/airflow/example_dags/example_params_ui_tutorial.py took 0.128 seconds
[2024-10-28T00:28:44.508+0000] {processor.py:186} INFO - Started process (PID=49328) to work on /home/airflow/.local/lib/python3.12/site-packages/airflow/example_dags/example_params_ui_tutorial.py
[2024-10-28T00:28:44.509+0000] {processor.py:914} INFO - Processing file /home/airflow/.local/lib/python3.12/site-packages/airflow/example_dags/example_params_ui_tutorial.py for tasks to queue
[2024-10-28T00:28:44.510+0000] {logging_mixin.py:190} INFO - [2024-10-28T00:28:44.510+0000] {dagbag.py:588} INFO - Filling up the DagBag from /home/airflow/.local/lib/python3.12/site-packages/airflow/example_dags/example_params_ui_tutorial.py
[2024-10-28T00:28:44.523+0000] {processor.py:925} INFO - DAG(s) 'example_params_ui_tutorial' retrieved from /home/airflow/.local/lib/python3.12/site-packages/airflow/example_dags/example_params_ui_tutorial.py
[2024-10-28T00:28:44.577+0000] {logging_mixin.py:190} INFO - [2024-10-28T00:28:44.576+0000] {dag.py:3239} INFO - Sync 1 DAGs
[2024-10-28T00:28:44.594+0000] {logging_mixin.py:190} INFO - [2024-10-28T00:28:44.594+0000] {dag.py:4180} INFO - Setting next_dagrun for example_params_ui_tutorial to None, run_after=None
[2024-10-28T00:28:44.617+0000] {processor.py:208} INFO - Processing /home/airflow/.local/lib/python3.12/site-packages/airflow/example_dags/example_params_ui_tutorial.py took 0.118 seconds
[2024-10-28T00:29:15.412+0000] {processor.py:186} INFO - Started process (PID=49402) to work on /home/airflow/.local/lib/python3.12/site-packages/airflow/example_dags/example_params_ui_tutorial.py
[2024-10-28T00:29:15.413+0000] {processor.py:914} INFO - Processing file /home/airflow/.local/lib/python3.12/site-packages/airflow/example_dags/example_params_ui_tutorial.py for tasks to queue
[2024-10-28T00:29:15.415+0000] {logging_mixin.py:190} INFO - [2024-10-28T00:29:15.415+0000] {dagbag.py:588} INFO - Filling up the DagBag from /home/airflow/.local/lib/python3.12/site-packages/airflow/example_dags/example_params_ui_tutorial.py
[2024-10-28T00:29:15.424+0000] {processor.py:925} INFO - DAG(s) 'example_params_ui_tutorial' retrieved from /home/airflow/.local/lib/python3.12/site-packages/airflow/example_dags/example_params_ui_tutorial.py
[2024-10-28T00:29:15.469+0000] {logging_mixin.py:190} INFO - [2024-10-28T00:29:15.469+0000] {dag.py:3239} INFO - Sync 1 DAGs
[2024-10-28T00:29:15.483+0000] {logging_mixin.py:190} INFO - [2024-10-28T00:29:15.483+0000] {dag.py:4180} INFO - Setting next_dagrun for example_params_ui_tutorial to None, run_after=None
[2024-10-28T00:29:15.503+0000] {processor.py:208} INFO - Processing /home/airflow/.local/lib/python3.12/site-packages/airflow/example_dags/example_params_ui_tutorial.py took 0.096 seconds
[2024-10-28T00:29:46.237+0000] {processor.py:186} INFO - Started process (PID=49476) to work on /home/airflow/.local/lib/python3.12/site-packages/airflow/example_dags/example_params_ui_tutorial.py
[2024-10-28T00:29:46.238+0000] {processor.py:914} INFO - Processing file /home/airflow/.local/lib/python3.12/site-packages/airflow/example_dags/example_params_ui_tutorial.py for tasks to queue
[2024-10-28T00:29:46.239+0000] {logging_mixin.py:190} INFO - [2024-10-28T00:29:46.239+0000] {dagbag.py:588} INFO - Filling up the DagBag from /home/airflow/.local/lib/python3.12/site-packages/airflow/example_dags/example_params_ui_tutorial.py
[2024-10-28T00:29:46.249+0000] {processor.py:925} INFO - DAG(s) 'example_params_ui_tutorial' retrieved from /home/airflow/.local/lib/python3.12/site-packages/airflow/example_dags/example_params_ui_tutorial.py
[2024-10-28T00:29:46.294+0000] {logging_mixin.py:190} INFO - [2024-10-28T00:29:46.294+0000] {dag.py:3239} INFO - Sync 1 DAGs
[2024-10-28T00:29:46.309+0000] {logging_mixin.py:190} INFO - [2024-10-28T00:29:46.308+0000] {dag.py:4180} INFO - Setting next_dagrun for example_params_ui_tutorial to None, run_after=None
[2024-10-28T00:29:46.328+0000] {processor.py:208} INFO - Processing /home/airflow/.local/lib/python3.12/site-packages/airflow/example_dags/example_params_ui_tutorial.py took 0.097 seconds
[2024-10-28T00:30:17.135+0000] {processor.py:186} INFO - Started process (PID=49550) to work on /home/airflow/.local/lib/python3.12/site-packages/airflow/example_dags/example_params_ui_tutorial.py
[2024-10-28T00:30:17.136+0000] {processor.py:914} INFO - Processing file /home/airflow/.local/lib/python3.12/site-packages/airflow/example_dags/example_params_ui_tutorial.py for tasks to queue
[2024-10-28T00:30:17.137+0000] {logging_mixin.py:190} INFO - [2024-10-28T00:30:17.137+0000] {dagbag.py:588} INFO - Filling up the DagBag from /home/airflow/.local/lib/python3.12/site-packages/airflow/example_dags/example_params_ui_tutorial.py
[2024-10-28T00:30:17.146+0000] {processor.py:925} INFO - DAG(s) 'example_params_ui_tutorial' retrieved from /home/airflow/.local/lib/python3.12/site-packages/airflow/example_dags/example_params_ui_tutorial.py
[2024-10-28T00:30:17.191+0000] {logging_mixin.py:190} INFO - [2024-10-28T00:30:17.191+0000] {dag.py:3239} INFO - Sync 1 DAGs
[2024-10-28T00:30:17.207+0000] {logging_mixin.py:190} INFO - [2024-10-28T00:30:17.206+0000] {dag.py:4180} INFO - Setting next_dagrun for example_params_ui_tutorial to None, run_after=None
[2024-10-28T00:30:17.227+0000] {processor.py:208} INFO - Processing /home/airflow/.local/lib/python3.12/site-packages/airflow/example_dags/example_params_ui_tutorial.py took 0.098 seconds
[2024-10-28T00:30:48.041+0000] {processor.py:186} INFO - Started process (PID=49624) to work on /home/airflow/.local/lib/python3.12/site-packages/airflow/example_dags/example_params_ui_tutorial.py
[2024-10-28T00:30:48.042+0000] {processor.py:914} INFO - Processing file /home/airflow/.local/lib/python3.12/site-packages/airflow/example_dags/example_params_ui_tutorial.py for tasks to queue
[2024-10-28T00:30:48.043+0000] {logging_mixin.py:190} INFO - [2024-10-28T00:30:48.043+0000] {dagbag.py:588} INFO - Filling up the DagBag from /home/airflow/.local/lib/python3.12/site-packages/airflow/example_dags/example_params_ui_tutorial.py
[2024-10-28T00:30:48.052+0000] {processor.py:925} INFO - DAG(s) 'example_params_ui_tutorial' retrieved from /home/airflow/.local/lib/python3.12/site-packages/airflow/example_dags/example_params_ui_tutorial.py
[2024-10-28T00:30:48.097+0000] {logging_mixin.py:190} INFO - [2024-10-28T00:30:48.097+0000] {dag.py:3239} INFO - Sync 1 DAGs
[2024-10-28T00:30:48.112+0000] {logging_mixin.py:190} INFO - [2024-10-28T00:30:48.112+0000] {dag.py:4180} INFO - Setting next_dagrun for example_params_ui_tutorial to None, run_after=None
[2024-10-28T00:30:48.132+0000] {processor.py:208} INFO - Processing /home/airflow/.local/lib/python3.12/site-packages/airflow/example_dags/example_params_ui_tutorial.py took 0.096 seconds
[2024-10-28T00:31:18.816+0000] {processor.py:186} INFO - Started process (PID=49698) to work on /home/airflow/.local/lib/python3.12/site-packages/airflow/example_dags/example_params_ui_tutorial.py
[2024-10-28T00:31:18.817+0000] {processor.py:914} INFO - Processing file /home/airflow/.local/lib/python3.12/site-packages/airflow/example_dags/example_params_ui_tutorial.py for tasks to queue
[2024-10-28T00:31:18.819+0000] {logging_mixin.py:190} INFO - [2024-10-28T00:31:18.819+0000] {dagbag.py:588} INFO - Filling up the DagBag from /home/airflow/.local/lib/python3.12/site-packages/airflow/example_dags/example_params_ui_tutorial.py
[2024-10-28T00:31:18.830+0000] {processor.py:925} INFO - DAG(s) 'example_params_ui_tutorial' retrieved from /home/airflow/.local/lib/python3.12/site-packages/airflow/example_dags/example_params_ui_tutorial.py
[2024-10-28T00:31:18.896+0000] {logging_mixin.py:190} INFO - [2024-10-28T00:31:18.896+0000] {dag.py:3239} INFO - Sync 1 DAGs
[2024-10-28T00:31:18.922+0000] {logging_mixin.py:190} INFO - [2024-10-28T00:31:18.922+0000] {dag.py:4180} INFO - Setting next_dagrun for example_params_ui_tutorial to None, run_after=None
[2024-10-28T00:31:18.967+0000] {processor.py:208} INFO - Processing /home/airflow/.local/lib/python3.12/site-packages/airflow/example_dags/example_params_ui_tutorial.py took 0.160 seconds
[2024-10-28T00:31:49.135+0000] {processor.py:186} INFO - Started process (PID=49773) to work on /home/airflow/.local/lib/python3.12/site-packages/airflow/example_dags/example_params_ui_tutorial.py
[2024-10-28T00:31:49.137+0000] {processor.py:914} INFO - Processing file /home/airflow/.local/lib/python3.12/site-packages/airflow/example_dags/example_params_ui_tutorial.py for tasks to queue
[2024-10-28T00:31:49.139+0000] {logging_mixin.py:190} INFO - [2024-10-28T00:31:49.138+0000] {dagbag.py:588} INFO - Filling up the DagBag from /home/airflow/.local/lib/python3.12/site-packages/airflow/example_dags/example_params_ui_tutorial.py
[2024-10-28T00:31:49.151+0000] {processor.py:925} INFO - DAG(s) 'example_params_ui_tutorial' retrieved from /home/airflow/.local/lib/python3.12/site-packages/airflow/example_dags/example_params_ui_tutorial.py
[2024-10-28T00:31:49.224+0000] {logging_mixin.py:190} INFO - [2024-10-28T00:31:49.224+0000] {dag.py:3239} INFO - Sync 1 DAGs
[2024-10-28T00:31:49.245+0000] {logging_mixin.py:190} INFO - [2024-10-28T00:31:49.244+0000] {dag.py:4180} INFO - Setting next_dagrun for example_params_ui_tutorial to None, run_after=None
[2024-10-28T00:31:49.274+0000] {processor.py:208} INFO - Processing /home/airflow/.local/lib/python3.12/site-packages/airflow/example_dags/example_params_ui_tutorial.py took 0.148 seconds
[2024-10-28T00:32:19.838+0000] {processor.py:186} INFO - Started process (PID=49846) to work on /home/airflow/.local/lib/python3.12/site-packages/airflow/example_dags/example_params_ui_tutorial.py
[2024-10-28T00:32:19.840+0000] {processor.py:914} INFO - Processing file /home/airflow/.local/lib/python3.12/site-packages/airflow/example_dags/example_params_ui_tutorial.py for tasks to queue
[2024-10-28T00:32:19.850+0000] {logging_mixin.py:190} INFO - [2024-10-28T00:32:19.848+0000] {dagbag.py:588} INFO - Filling up the DagBag from /home/airflow/.local/lib/python3.12/site-packages/airflow/example_dags/example_params_ui_tutorial.py
[2024-10-28T00:32:19.865+0000] {processor.py:925} INFO - DAG(s) 'example_params_ui_tutorial' retrieved from /home/airflow/.local/lib/python3.12/site-packages/airflow/example_dags/example_params_ui_tutorial.py
[2024-10-28T00:32:19.921+0000] {logging_mixin.py:190} INFO - [2024-10-28T00:32:19.921+0000] {dag.py:3239} INFO - Sync 1 DAGs
[2024-10-28T00:32:19.936+0000] {logging_mixin.py:190} INFO - [2024-10-28T00:32:19.936+0000] {dag.py:4180} INFO - Setting next_dagrun for example_params_ui_tutorial to None, run_after=None
[2024-10-28T00:32:19.954+0000] {processor.py:208} INFO - Processing /home/airflow/.local/lib/python3.12/site-packages/airflow/example_dags/example_params_ui_tutorial.py took 0.125 seconds
[2024-10-28T00:32:50.636+0000] {processor.py:186} INFO - Started process (PID=49920) to work on /home/airflow/.local/lib/python3.12/site-packages/airflow/example_dags/example_params_ui_tutorial.py
[2024-10-28T00:32:50.637+0000] {processor.py:914} INFO - Processing file /home/airflow/.local/lib/python3.12/site-packages/airflow/example_dags/example_params_ui_tutorial.py for tasks to queue
[2024-10-28T00:32:50.639+0000] {logging_mixin.py:190} INFO - [2024-10-28T00:32:50.638+0000] {dagbag.py:588} INFO - Filling up the DagBag from /home/airflow/.local/lib/python3.12/site-packages/airflow/example_dags/example_params_ui_tutorial.py
[2024-10-28T00:32:50.649+0000] {processor.py:925} INFO - DAG(s) 'example_params_ui_tutorial' retrieved from /home/airflow/.local/lib/python3.12/site-packages/airflow/example_dags/example_params_ui_tutorial.py
[2024-10-28T00:32:50.699+0000] {logging_mixin.py:190} INFO - [2024-10-28T00:32:50.699+0000] {dag.py:3239} INFO - Sync 1 DAGs
[2024-10-28T00:32:50.714+0000] {logging_mixin.py:190} INFO - [2024-10-28T00:32:50.714+0000] {dag.py:4180} INFO - Setting next_dagrun for example_params_ui_tutorial to None, run_after=None
[2024-10-28T00:32:50.734+0000] {processor.py:208} INFO - Processing /home/airflow/.local/lib/python3.12/site-packages/airflow/example_dags/example_params_ui_tutorial.py took 0.104 seconds
[2024-10-28T00:33:21.424+0000] {processor.py:186} INFO - Started process (PID=49994) to work on /home/airflow/.local/lib/python3.12/site-packages/airflow/example_dags/example_params_ui_tutorial.py
[2024-10-28T00:33:21.425+0000] {processor.py:914} INFO - Processing file /home/airflow/.local/lib/python3.12/site-packages/airflow/example_dags/example_params_ui_tutorial.py for tasks to queue
[2024-10-28T00:33:21.427+0000] {logging_mixin.py:190} INFO - [2024-10-28T00:33:21.427+0000] {dagbag.py:588} INFO - Filling up the DagBag from /home/airflow/.local/lib/python3.12/site-packages/airflow/example_dags/example_params_ui_tutorial.py
[2024-10-28T00:33:21.438+0000] {processor.py:925} INFO - DAG(s) 'example_params_ui_tutorial' retrieved from /home/airflow/.local/lib/python3.12/site-packages/airflow/example_dags/example_params_ui_tutorial.py
[2024-10-28T00:33:21.499+0000] {logging_mixin.py:190} INFO - [2024-10-28T00:33:21.498+0000] {dag.py:3239} INFO - Sync 1 DAGs
[2024-10-28T00:33:21.514+0000] {logging_mixin.py:190} INFO - [2024-10-28T00:33:21.514+0000] {dag.py:4180} INFO - Setting next_dagrun for example_params_ui_tutorial to None, run_after=None
[2024-10-28T00:33:21.532+0000] {processor.py:208} INFO - Processing /home/airflow/.local/lib/python3.12/site-packages/airflow/example_dags/example_params_ui_tutorial.py took 0.115 seconds
[2024-10-28T00:33:52.243+0000] {processor.py:186} INFO - Started process (PID=50068) to work on /home/airflow/.local/lib/python3.12/site-packages/airflow/example_dags/example_params_ui_tutorial.py
[2024-10-28T00:33:52.244+0000] {processor.py:914} INFO - Processing file /home/airflow/.local/lib/python3.12/site-packages/airflow/example_dags/example_params_ui_tutorial.py for tasks to queue
[2024-10-28T00:33:52.245+0000] {logging_mixin.py:190} INFO - [2024-10-28T00:33:52.245+0000] {dagbag.py:588} INFO - Filling up the DagBag from /home/airflow/.local/lib/python3.12/site-packages/airflow/example_dags/example_params_ui_tutorial.py
[2024-10-28T00:33:52.254+0000] {processor.py:925} INFO - DAG(s) 'example_params_ui_tutorial' retrieved from /home/airflow/.local/lib/python3.12/site-packages/airflow/example_dags/example_params_ui_tutorial.py
[2024-10-28T00:33:52.298+0000] {logging_mixin.py:190} INFO - [2024-10-28T00:33:52.297+0000] {dag.py:3239} INFO - Sync 1 DAGs
[2024-10-28T00:33:52.312+0000] {logging_mixin.py:190} INFO - [2024-10-28T00:33:52.312+0000] {dag.py:4180} INFO - Setting next_dagrun for example_params_ui_tutorial to None, run_after=None
[2024-10-28T00:33:52.335+0000] {processor.py:208} INFO - Processing /home/airflow/.local/lib/python3.12/site-packages/airflow/example_dags/example_params_ui_tutorial.py took 0.097 seconds
