[2024-10-28T00:00:25.558+0000] {processor.py:186} INFO - Started process (PID=45217) to work on /home/airflow/.local/lib/python3.12/site-packages/airflow/example_dags/example_kubernetes_executor.py
[2024-10-28T00:00:25.559+0000] {processor.py:914} INFO - Processing file /home/airflow/.local/lib/python3.12/site-packages/airflow/example_dags/example_kubernetes_executor.py for tasks to queue
[2024-10-28T00:00:25.561+0000] {logging_mixin.py:190} INFO - [2024-10-28T00:00:25.560+0000] {dagbag.py:588} INFO - Filling up the DagBag from /home/airflow/.local/lib/python3.12/site-packages/airflow/example_dags/example_kubernetes_executor.py
[2024-10-28T00:00:25.578+0000] {processor.py:925} INFO - DAG(s) 'example_kubernetes_executor' retrieved from /home/airflow/.local/lib/python3.12/site-packages/airflow/example_dags/example_kubernetes_executor.py
[2024-10-28T00:00:25.624+0000] {logging_mixin.py:190} INFO - [2024-10-28T00:00:25.624+0000] {dag.py:3239} INFO - Sync 1 DAGs
[2024-10-28T00:00:25.639+0000] {logging_mixin.py:190} INFO - [2024-10-28T00:00:25.638+0000] {dag.py:4180} INFO - Setting next_dagrun for example_kubernetes_executor to None, run_after=None
[2024-10-28T00:00:25.659+0000] {processor.py:208} INFO - Processing /home/airflow/.local/lib/python3.12/site-packages/airflow/example_dags/example_kubernetes_executor.py took 0.107 seconds
[2024-10-28T00:00:56.225+0000] {processor.py:186} INFO - Started process (PID=45291) to work on /home/airflow/.local/lib/python3.12/site-packages/airflow/example_dags/example_kubernetes_executor.py
[2024-10-28T00:00:56.226+0000] {processor.py:914} INFO - Processing file /home/airflow/.local/lib/python3.12/site-packages/airflow/example_dags/example_kubernetes_executor.py for tasks to queue
[2024-10-28T00:00:56.227+0000] {logging_mixin.py:190} INFO - [2024-10-28T00:00:56.227+0000] {dagbag.py:588} INFO - Filling up the DagBag from /home/airflow/.local/lib/python3.12/site-packages/airflow/example_dags/example_kubernetes_executor.py
[2024-10-28T00:00:56.243+0000] {processor.py:925} INFO - DAG(s) 'example_kubernetes_executor' retrieved from /home/airflow/.local/lib/python3.12/site-packages/airflow/example_dags/example_kubernetes_executor.py
[2024-10-28T00:00:56.287+0000] {logging_mixin.py:190} INFO - [2024-10-28T00:00:56.287+0000] {dag.py:3239} INFO - Sync 1 DAGs
[2024-10-28T00:00:56.303+0000] {logging_mixin.py:190} INFO - [2024-10-28T00:00:56.302+0000] {dag.py:4180} INFO - Setting next_dagrun for example_kubernetes_executor to None, run_after=None
[2024-10-28T00:00:56.324+0000] {processor.py:208} INFO - Processing /home/airflow/.local/lib/python3.12/site-packages/airflow/example_dags/example_kubernetes_executor.py took 0.104 seconds
[2024-10-28T00:01:27.423+0000] {processor.py:186} INFO - Started process (PID=45365) to work on /home/airflow/.local/lib/python3.12/site-packages/airflow/example_dags/example_kubernetes_executor.py
[2024-10-28T00:01:27.424+0000] {processor.py:914} INFO - Processing file /home/airflow/.local/lib/python3.12/site-packages/airflow/example_dags/example_kubernetes_executor.py for tasks to queue
[2024-10-28T00:01:27.426+0000] {logging_mixin.py:190} INFO - [2024-10-28T00:01:27.425+0000] {dagbag.py:588} INFO - Filling up the DagBag from /home/airflow/.local/lib/python3.12/site-packages/airflow/example_dags/example_kubernetes_executor.py
[2024-10-28T00:01:27.442+0000] {processor.py:925} INFO - DAG(s) 'example_kubernetes_executor' retrieved from /home/airflow/.local/lib/python3.12/site-packages/airflow/example_dags/example_kubernetes_executor.py
[2024-10-28T00:01:27.487+0000] {logging_mixin.py:190} INFO - [2024-10-28T00:01:27.486+0000] {dag.py:3239} INFO - Sync 1 DAGs
[2024-10-28T00:01:27.502+0000] {logging_mixin.py:190} INFO - [2024-10-28T00:01:27.502+0000] {dag.py:4180} INFO - Setting next_dagrun for example_kubernetes_executor to None, run_after=None
[2024-10-28T00:01:27.522+0000] {processor.py:208} INFO - Processing /home/airflow/.local/lib/python3.12/site-packages/airflow/example_dags/example_kubernetes_executor.py took 0.105 seconds
[2024-10-28T00:01:58.171+0000] {processor.py:186} INFO - Started process (PID=45439) to work on /home/airflow/.local/lib/python3.12/site-packages/airflow/example_dags/example_kubernetes_executor.py
[2024-10-28T00:01:58.172+0000] {processor.py:914} INFO - Processing file /home/airflow/.local/lib/python3.12/site-packages/airflow/example_dags/example_kubernetes_executor.py for tasks to queue
[2024-10-28T00:01:58.174+0000] {logging_mixin.py:190} INFO - [2024-10-28T00:01:58.174+0000] {dagbag.py:588} INFO - Filling up the DagBag from /home/airflow/.local/lib/python3.12/site-packages/airflow/example_dags/example_kubernetes_executor.py
[2024-10-28T00:01:58.188+0000] {processor.py:925} INFO - DAG(s) 'example_kubernetes_executor' retrieved from /home/airflow/.local/lib/python3.12/site-packages/airflow/example_dags/example_kubernetes_executor.py
[2024-10-28T00:01:58.232+0000] {logging_mixin.py:190} INFO - [2024-10-28T00:01:58.231+0000] {dag.py:3239} INFO - Sync 1 DAGs
[2024-10-28T00:01:58.247+0000] {logging_mixin.py:190} INFO - [2024-10-28T00:01:58.247+0000] {dag.py:4180} INFO - Setting next_dagrun for example_kubernetes_executor to None, run_after=None
[2024-10-28T00:01:58.268+0000] {processor.py:208} INFO - Processing /home/airflow/.local/lib/python3.12/site-packages/airflow/example_dags/example_kubernetes_executor.py took 0.102 seconds
[2024-10-28T00:02:29.369+0000] {processor.py:186} INFO - Started process (PID=45513) to work on /home/airflow/.local/lib/python3.12/site-packages/airflow/example_dags/example_kubernetes_executor.py
[2024-10-28T00:02:29.370+0000] {processor.py:914} INFO - Processing file /home/airflow/.local/lib/python3.12/site-packages/airflow/example_dags/example_kubernetes_executor.py for tasks to queue
[2024-10-28T00:02:29.371+0000] {logging_mixin.py:190} INFO - [2024-10-28T00:02:29.371+0000] {dagbag.py:588} INFO - Filling up the DagBag from /home/airflow/.local/lib/python3.12/site-packages/airflow/example_dags/example_kubernetes_executor.py
[2024-10-28T00:02:29.384+0000] {processor.py:925} INFO - DAG(s) 'example_kubernetes_executor' retrieved from /home/airflow/.local/lib/python3.12/site-packages/airflow/example_dags/example_kubernetes_executor.py
[2024-10-28T00:02:29.423+0000] {logging_mixin.py:190} INFO - [2024-10-28T00:02:29.423+0000] {dag.py:3239} INFO - Sync 1 DAGs
[2024-10-28T00:02:29.438+0000] {logging_mixin.py:190} INFO - [2024-10-28T00:02:29.438+0000] {dag.py:4180} INFO - Setting next_dagrun for example_kubernetes_executor to None, run_after=None
[2024-10-28T00:02:29.456+0000] {processor.py:208} INFO - Processing /home/airflow/.local/lib/python3.12/site-packages/airflow/example_dags/example_kubernetes_executor.py took 0.092 seconds
[2024-10-28T00:02:59.549+0000] {processor.py:186} INFO - Started process (PID=45575) to work on /home/airflow/.local/lib/python3.12/site-packages/airflow/example_dags/example_kubernetes_executor.py
[2024-10-28T00:02:59.551+0000] {processor.py:914} INFO - Processing file /home/airflow/.local/lib/python3.12/site-packages/airflow/example_dags/example_kubernetes_executor.py for tasks to queue
[2024-10-28T00:02:59.553+0000] {logging_mixin.py:190} INFO - [2024-10-28T00:02:59.552+0000] {dagbag.py:588} INFO - Filling up the DagBag from /home/airflow/.local/lib/python3.12/site-packages/airflow/example_dags/example_kubernetes_executor.py
[2024-10-28T00:02:59.566+0000] {processor.py:925} INFO - DAG(s) 'example_kubernetes_executor' retrieved from /home/airflow/.local/lib/python3.12/site-packages/airflow/example_dags/example_kubernetes_executor.py
[2024-10-28T00:02:59.609+0000] {logging_mixin.py:190} INFO - [2024-10-28T00:02:59.608+0000] {dag.py:3239} INFO - Sync 1 DAGs
[2024-10-28T00:02:59.623+0000] {logging_mixin.py:190} INFO - [2024-10-28T00:02:59.623+0000] {dag.py:4180} INFO - Setting next_dagrun for example_kubernetes_executor to None, run_after=None
[2024-10-28T00:02:59.643+0000] {processor.py:208} INFO - Processing /home/airflow/.local/lib/python3.12/site-packages/airflow/example_dags/example_kubernetes_executor.py took 0.099 seconds
[2024-10-28T00:03:29.874+0000] {processor.py:186} INFO - Started process (PID=45649) to work on /home/airflow/.local/lib/python3.12/site-packages/airflow/example_dags/example_kubernetes_executor.py
[2024-10-28T00:03:29.875+0000] {processor.py:914} INFO - Processing file /home/airflow/.local/lib/python3.12/site-packages/airflow/example_dags/example_kubernetes_executor.py for tasks to queue
[2024-10-28T00:03:29.877+0000] {logging_mixin.py:190} INFO - [2024-10-28T00:03:29.876+0000] {dagbag.py:588} INFO - Filling up the DagBag from /home/airflow/.local/lib/python3.12/site-packages/airflow/example_dags/example_kubernetes_executor.py
[2024-10-28T00:03:29.891+0000] {processor.py:925} INFO - DAG(s) 'example_kubernetes_executor' retrieved from /home/airflow/.local/lib/python3.12/site-packages/airflow/example_dags/example_kubernetes_executor.py
[2024-10-28T00:03:29.931+0000] {logging_mixin.py:190} INFO - [2024-10-28T00:03:29.931+0000] {dag.py:3239} INFO - Sync 1 DAGs
[2024-10-28T00:03:29.946+0000] {logging_mixin.py:190} INFO - [2024-10-28T00:03:29.946+0000] {dag.py:4180} INFO - Setting next_dagrun for example_kubernetes_executor to None, run_after=None
[2024-10-28T00:03:29.965+0000] {processor.py:208} INFO - Processing /home/airflow/.local/lib/python3.12/site-packages/airflow/example_dags/example_kubernetes_executor.py took 0.096 seconds
[2024-10-28T00:04:00.010+0000] {processor.py:186} INFO - Started process (PID=45722) to work on /home/airflow/.local/lib/python3.12/site-packages/airflow/example_dags/example_kubernetes_executor.py
[2024-10-28T00:04:00.012+0000] {processor.py:914} INFO - Processing file /home/airflow/.local/lib/python3.12/site-packages/airflow/example_dags/example_kubernetes_executor.py for tasks to queue
[2024-10-28T00:04:00.014+0000] {logging_mixin.py:190} INFO - [2024-10-28T00:04:00.013+0000] {dagbag.py:588} INFO - Filling up the DagBag from /home/airflow/.local/lib/python3.12/site-packages/airflow/example_dags/example_kubernetes_executor.py
[2024-10-28T00:04:00.028+0000] {processor.py:925} INFO - DAG(s) 'example_kubernetes_executor' retrieved from /home/airflow/.local/lib/python3.12/site-packages/airflow/example_dags/example_kubernetes_executor.py
[2024-10-28T00:04:00.068+0000] {logging_mixin.py:190} INFO - [2024-10-28T00:04:00.068+0000] {dag.py:3239} INFO - Sync 1 DAGs
[2024-10-28T00:04:00.085+0000] {logging_mixin.py:190} INFO - [2024-10-28T00:04:00.085+0000] {dag.py:4180} INFO - Setting next_dagrun for example_kubernetes_executor to None, run_after=None
[2024-10-28T00:04:00.108+0000] {processor.py:208} INFO - Processing /home/airflow/.local/lib/python3.12/site-packages/airflow/example_dags/example_kubernetes_executor.py took 0.107 seconds
[2024-10-28T00:04:30.161+0000] {processor.py:186} INFO - Started process (PID=45795) to work on /home/airflow/.local/lib/python3.12/site-packages/airflow/example_dags/example_kubernetes_executor.py
[2024-10-28T00:04:30.162+0000] {processor.py:914} INFO - Processing file /home/airflow/.local/lib/python3.12/site-packages/airflow/example_dags/example_kubernetes_executor.py for tasks to queue
[2024-10-28T00:04:30.164+0000] {logging_mixin.py:190} INFO - [2024-10-28T00:04:30.163+0000] {dagbag.py:588} INFO - Filling up the DagBag from /home/airflow/.local/lib/python3.12/site-packages/airflow/example_dags/example_kubernetes_executor.py
[2024-10-28T00:04:30.177+0000] {processor.py:925} INFO - DAG(s) 'example_kubernetes_executor' retrieved from /home/airflow/.local/lib/python3.12/site-packages/airflow/example_dags/example_kubernetes_executor.py
[2024-10-28T00:04:30.214+0000] {logging_mixin.py:190} INFO - [2024-10-28T00:04:30.214+0000] {dag.py:3239} INFO - Sync 1 DAGs
[2024-10-28T00:04:30.228+0000] {logging_mixin.py:190} INFO - [2024-10-28T00:04:30.228+0000] {dag.py:4180} INFO - Setting next_dagrun for example_kubernetes_executor to None, run_after=None
[2024-10-28T00:04:30.245+0000] {processor.py:208} INFO - Processing /home/airflow/.local/lib/python3.12/site-packages/airflow/example_dags/example_kubernetes_executor.py took 0.089 seconds
[2024-10-28T00:05:00.832+0000] {processor.py:186} INFO - Started process (PID=45871) to work on /home/airflow/.local/lib/python3.12/site-packages/airflow/example_dags/example_kubernetes_executor.py
[2024-10-28T00:05:00.834+0000] {processor.py:914} INFO - Processing file /home/airflow/.local/lib/python3.12/site-packages/airflow/example_dags/example_kubernetes_executor.py for tasks to queue
[2024-10-28T00:05:00.836+0000] {logging_mixin.py:190} INFO - [2024-10-28T00:05:00.836+0000] {dagbag.py:588} INFO - Filling up the DagBag from /home/airflow/.local/lib/python3.12/site-packages/airflow/example_dags/example_kubernetes_executor.py
[2024-10-28T00:05:00.851+0000] {processor.py:925} INFO - DAG(s) 'example_kubernetes_executor' retrieved from /home/airflow/.local/lib/python3.12/site-packages/airflow/example_dags/example_kubernetes_executor.py
[2024-10-28T00:05:00.897+0000] {logging_mixin.py:190} INFO - [2024-10-28T00:05:00.897+0000] {dag.py:3239} INFO - Sync 1 DAGs
[2024-10-28T00:05:00.913+0000] {logging_mixin.py:190} INFO - [2024-10-28T00:05:00.913+0000] {dag.py:4180} INFO - Setting next_dagrun for example_kubernetes_executor to None, run_after=None
[2024-10-28T00:05:00.935+0000] {processor.py:208} INFO - Processing /home/airflow/.local/lib/python3.12/site-packages/airflow/example_dags/example_kubernetes_executor.py took 0.109 seconds
[2024-10-28T00:05:31.166+0000] {processor.py:186} INFO - Started process (PID=45945) to work on /home/airflow/.local/lib/python3.12/site-packages/airflow/example_dags/example_kubernetes_executor.py
[2024-10-28T00:05:31.168+0000] {processor.py:914} INFO - Processing file /home/airflow/.local/lib/python3.12/site-packages/airflow/example_dags/example_kubernetes_executor.py for tasks to queue
[2024-10-28T00:05:31.170+0000] {logging_mixin.py:190} INFO - [2024-10-28T00:05:31.169+0000] {dagbag.py:588} INFO - Filling up the DagBag from /home/airflow/.local/lib/python3.12/site-packages/airflow/example_dags/example_kubernetes_executor.py
[2024-10-28T00:05:31.186+0000] {processor.py:925} INFO - DAG(s) 'example_kubernetes_executor' retrieved from /home/airflow/.local/lib/python3.12/site-packages/airflow/example_dags/example_kubernetes_executor.py
[2024-10-28T00:05:31.229+0000] {logging_mixin.py:190} INFO - [2024-10-28T00:05:31.228+0000] {dag.py:3239} INFO - Sync 1 DAGs
[2024-10-28T00:05:31.251+0000] {logging_mixin.py:190} INFO - [2024-10-28T00:05:31.251+0000] {dag.py:4180} INFO - Setting next_dagrun for example_kubernetes_executor to None, run_after=None
[2024-10-28T00:05:31.272+0000] {processor.py:208} INFO - Processing /home/airflow/.local/lib/python3.12/site-packages/airflow/example_dags/example_kubernetes_executor.py took 0.113 seconds
[2024-10-28T00:06:01.490+0000] {processor.py:186} INFO - Started process (PID=46019) to work on /home/airflow/.local/lib/python3.12/site-packages/airflow/example_dags/example_kubernetes_executor.py
[2024-10-28T00:06:01.491+0000] {processor.py:914} INFO - Processing file /home/airflow/.local/lib/python3.12/site-packages/airflow/example_dags/example_kubernetes_executor.py for tasks to queue
[2024-10-28T00:06:01.493+0000] {logging_mixin.py:190} INFO - [2024-10-28T00:06:01.493+0000] {dagbag.py:588} INFO - Filling up the DagBag from /home/airflow/.local/lib/python3.12/site-packages/airflow/example_dags/example_kubernetes_executor.py
[2024-10-28T00:06:01.508+0000] {processor.py:925} INFO - DAG(s) 'example_kubernetes_executor' retrieved from /home/airflow/.local/lib/python3.12/site-packages/airflow/example_dags/example_kubernetes_executor.py
[2024-10-28T00:06:01.553+0000] {logging_mixin.py:190} INFO - [2024-10-28T00:06:01.553+0000] {dag.py:3239} INFO - Sync 1 DAGs
[2024-10-28T00:06:01.568+0000] {logging_mixin.py:190} INFO - [2024-10-28T00:06:01.568+0000] {dag.py:4180} INFO - Setting next_dagrun for example_kubernetes_executor to None, run_after=None
[2024-10-28T00:06:01.589+0000] {processor.py:208} INFO - Processing /home/airflow/.local/lib/python3.12/site-packages/airflow/example_dags/example_kubernetes_executor.py took 0.105 seconds
[2024-10-28T00:06:31.960+0000] {processor.py:186} INFO - Started process (PID=46093) to work on /home/airflow/.local/lib/python3.12/site-packages/airflow/example_dags/example_kubernetes_executor.py
[2024-10-28T00:06:31.961+0000] {processor.py:914} INFO - Processing file /home/airflow/.local/lib/python3.12/site-packages/airflow/example_dags/example_kubernetes_executor.py for tasks to queue
[2024-10-28T00:06:31.963+0000] {logging_mixin.py:190} INFO - [2024-10-28T00:06:31.962+0000] {dagbag.py:588} INFO - Filling up the DagBag from /home/airflow/.local/lib/python3.12/site-packages/airflow/example_dags/example_kubernetes_executor.py
[2024-10-28T00:06:31.990+0000] {processor.py:925} INFO - DAG(s) 'example_kubernetes_executor' retrieved from /home/airflow/.local/lib/python3.12/site-packages/airflow/example_dags/example_kubernetes_executor.py
[2024-10-28T00:06:32.059+0000] {logging_mixin.py:190} INFO - [2024-10-28T00:06:32.058+0000] {dag.py:3239} INFO - Sync 1 DAGs
[2024-10-28T00:06:32.084+0000] {logging_mixin.py:190} INFO - [2024-10-28T00:06:32.084+0000] {dag.py:4180} INFO - Setting next_dagrun for example_kubernetes_executor to None, run_after=None
[2024-10-28T00:06:32.114+0000] {processor.py:208} INFO - Processing /home/airflow/.local/lib/python3.12/site-packages/airflow/example_dags/example_kubernetes_executor.py took 0.160 seconds
[2024-10-28T00:07:02.695+0000] {processor.py:186} INFO - Started process (PID=46167) to work on /home/airflow/.local/lib/python3.12/site-packages/airflow/example_dags/example_kubernetes_executor.py
[2024-10-28T00:07:02.696+0000] {processor.py:914} INFO - Processing file /home/airflow/.local/lib/python3.12/site-packages/airflow/example_dags/example_kubernetes_executor.py for tasks to queue
[2024-10-28T00:07:02.698+0000] {logging_mixin.py:190} INFO - [2024-10-28T00:07:02.698+0000] {dagbag.py:588} INFO - Filling up the DagBag from /home/airflow/.local/lib/python3.12/site-packages/airflow/example_dags/example_kubernetes_executor.py
[2024-10-28T00:07:02.711+0000] {processor.py:925} INFO - DAG(s) 'example_kubernetes_executor' retrieved from /home/airflow/.local/lib/python3.12/site-packages/airflow/example_dags/example_kubernetes_executor.py
[2024-10-28T00:07:02.749+0000] {logging_mixin.py:190} INFO - [2024-10-28T00:07:02.748+0000] {dag.py:3239} INFO - Sync 1 DAGs
[2024-10-28T00:07:02.762+0000] {logging_mixin.py:190} INFO - [2024-10-28T00:07:02.762+0000] {dag.py:4180} INFO - Setting next_dagrun for example_kubernetes_executor to None, run_after=None
[2024-10-28T00:07:02.781+0000] {processor.py:208} INFO - Processing /home/airflow/.local/lib/python3.12/site-packages/airflow/example_dags/example_kubernetes_executor.py took 0.091 seconds
[2024-10-28T00:07:33.353+0000] {processor.py:186} INFO - Started process (PID=46241) to work on /home/airflow/.local/lib/python3.12/site-packages/airflow/example_dags/example_kubernetes_executor.py
[2024-10-28T00:07:33.355+0000] {processor.py:914} INFO - Processing file /home/airflow/.local/lib/python3.12/site-packages/airflow/example_dags/example_kubernetes_executor.py for tasks to queue
[2024-10-28T00:07:33.359+0000] {logging_mixin.py:190} INFO - [2024-10-28T00:07:33.358+0000] {dagbag.py:588} INFO - Filling up the DagBag from /home/airflow/.local/lib/python3.12/site-packages/airflow/example_dags/example_kubernetes_executor.py
[2024-10-28T00:07:33.391+0000] {processor.py:925} INFO - DAG(s) 'example_kubernetes_executor' retrieved from /home/airflow/.local/lib/python3.12/site-packages/airflow/example_dags/example_kubernetes_executor.py
[2024-10-28T00:07:33.462+0000] {logging_mixin.py:190} INFO - [2024-10-28T00:07:33.461+0000] {dag.py:3239} INFO - Sync 1 DAGs
[2024-10-28T00:07:33.503+0000] {logging_mixin.py:190} INFO - [2024-10-28T00:07:33.502+0000] {dag.py:4180} INFO - Setting next_dagrun for example_kubernetes_executor to None, run_after=None
[2024-10-28T00:07:33.540+0000] {processor.py:208} INFO - Processing /home/airflow/.local/lib/python3.12/site-packages/airflow/example_dags/example_kubernetes_executor.py took 0.204 seconds
[2024-10-28T00:08:04.051+0000] {processor.py:186} INFO - Started process (PID=46316) to work on /home/airflow/.local/lib/python3.12/site-packages/airflow/example_dags/example_kubernetes_executor.py
[2024-10-28T00:08:04.052+0000] {processor.py:914} INFO - Processing file /home/airflow/.local/lib/python3.12/site-packages/airflow/example_dags/example_kubernetes_executor.py for tasks to queue
[2024-10-28T00:08:04.053+0000] {logging_mixin.py:190} INFO - [2024-10-28T00:08:04.053+0000] {dagbag.py:588} INFO - Filling up the DagBag from /home/airflow/.local/lib/python3.12/site-packages/airflow/example_dags/example_kubernetes_executor.py
[2024-10-28T00:08:04.069+0000] {processor.py:925} INFO - DAG(s) 'example_kubernetes_executor' retrieved from /home/airflow/.local/lib/python3.12/site-packages/airflow/example_dags/example_kubernetes_executor.py
[2024-10-28T00:08:04.111+0000] {logging_mixin.py:190} INFO - [2024-10-28T00:08:04.111+0000] {dag.py:3239} INFO - Sync 1 DAGs
[2024-10-28T00:08:04.128+0000] {logging_mixin.py:190} INFO - [2024-10-28T00:08:04.128+0000] {dag.py:4180} INFO - Setting next_dagrun for example_kubernetes_executor to None, run_after=None
[2024-10-28T00:08:04.150+0000] {processor.py:208} INFO - Processing /home/airflow/.local/lib/python3.12/site-packages/airflow/example_dags/example_kubernetes_executor.py took 0.106 seconds
[2024-10-28T00:08:34.566+0000] {processor.py:186} INFO - Started process (PID=46390) to work on /home/airflow/.local/lib/python3.12/site-packages/airflow/example_dags/example_kubernetes_executor.py
[2024-10-28T00:08:34.567+0000] {processor.py:914} INFO - Processing file /home/airflow/.local/lib/python3.12/site-packages/airflow/example_dags/example_kubernetes_executor.py for tasks to queue
[2024-10-28T00:08:34.569+0000] {logging_mixin.py:190} INFO - [2024-10-28T00:08:34.568+0000] {dagbag.py:588} INFO - Filling up the DagBag from /home/airflow/.local/lib/python3.12/site-packages/airflow/example_dags/example_kubernetes_executor.py
[2024-10-28T00:08:34.585+0000] {processor.py:925} INFO - DAG(s) 'example_kubernetes_executor' retrieved from /home/airflow/.local/lib/python3.12/site-packages/airflow/example_dags/example_kubernetes_executor.py
[2024-10-28T00:08:34.624+0000] {logging_mixin.py:190} INFO - [2024-10-28T00:08:34.623+0000] {dag.py:3239} INFO - Sync 1 DAGs
[2024-10-28T00:08:34.638+0000] {logging_mixin.py:190} INFO - [2024-10-28T00:08:34.637+0000] {dag.py:4180} INFO - Setting next_dagrun for example_kubernetes_executor to None, run_after=None
[2024-10-28T00:08:34.656+0000] {processor.py:208} INFO - Processing /home/airflow/.local/lib/python3.12/site-packages/airflow/example_dags/example_kubernetes_executor.py took 0.096 seconds
[2024-10-28T00:09:05.474+0000] {processor.py:186} INFO - Started process (PID=46464) to work on /home/airflow/.local/lib/python3.12/site-packages/airflow/example_dags/example_kubernetes_executor.py
[2024-10-28T00:09:05.475+0000] {processor.py:914} INFO - Processing file /home/airflow/.local/lib/python3.12/site-packages/airflow/example_dags/example_kubernetes_executor.py for tasks to queue
[2024-10-28T00:09:05.477+0000] {logging_mixin.py:190} INFO - [2024-10-28T00:09:05.476+0000] {dagbag.py:588} INFO - Filling up the DagBag from /home/airflow/.local/lib/python3.12/site-packages/airflow/example_dags/example_kubernetes_executor.py
[2024-10-28T00:09:05.494+0000] {processor.py:925} INFO - DAG(s) 'example_kubernetes_executor' retrieved from /home/airflow/.local/lib/python3.12/site-packages/airflow/example_dags/example_kubernetes_executor.py
[2024-10-28T00:09:05.536+0000] {logging_mixin.py:190} INFO - [2024-10-28T00:09:05.535+0000] {dag.py:3239} INFO - Sync 1 DAGs
[2024-10-28T00:09:05.554+0000] {logging_mixin.py:190} INFO - [2024-10-28T00:09:05.553+0000] {dag.py:4180} INFO - Setting next_dagrun for example_kubernetes_executor to None, run_after=None
[2024-10-28T00:09:05.572+0000] {processor.py:208} INFO - Processing /home/airflow/.local/lib/python3.12/site-packages/airflow/example_dags/example_kubernetes_executor.py took 0.104 seconds
[2024-10-28T00:09:36.027+0000] {processor.py:186} INFO - Started process (PID=46538) to work on /home/airflow/.local/lib/python3.12/site-packages/airflow/example_dags/example_kubernetes_executor.py
[2024-10-28T00:09:36.028+0000] {processor.py:914} INFO - Processing file /home/airflow/.local/lib/python3.12/site-packages/airflow/example_dags/example_kubernetes_executor.py for tasks to queue
[2024-10-28T00:09:36.029+0000] {logging_mixin.py:190} INFO - [2024-10-28T00:09:36.029+0000] {dagbag.py:588} INFO - Filling up the DagBag from /home/airflow/.local/lib/python3.12/site-packages/airflow/example_dags/example_kubernetes_executor.py
[2024-10-28T00:09:36.045+0000] {processor.py:925} INFO - DAG(s) 'example_kubernetes_executor' retrieved from /home/airflow/.local/lib/python3.12/site-packages/airflow/example_dags/example_kubernetes_executor.py
[2024-10-28T00:09:36.087+0000] {logging_mixin.py:190} INFO - [2024-10-28T00:09:36.087+0000] {dag.py:3239} INFO - Sync 1 DAGs
[2024-10-28T00:09:36.102+0000] {logging_mixin.py:190} INFO - [2024-10-28T00:09:36.102+0000] {dag.py:4180} INFO - Setting next_dagrun for example_kubernetes_executor to None, run_after=None
[2024-10-28T00:09:36.126+0000] {processor.py:208} INFO - Processing /home/airflow/.local/lib/python3.12/site-packages/airflow/example_dags/example_kubernetes_executor.py took 0.105 seconds
[2024-10-28T00:10:06.363+0000] {processor.py:186} INFO - Started process (PID=46612) to work on /home/airflow/.local/lib/python3.12/site-packages/airflow/example_dags/example_kubernetes_executor.py
[2024-10-28T00:10:06.364+0000] {processor.py:914} INFO - Processing file /home/airflow/.local/lib/python3.12/site-packages/airflow/example_dags/example_kubernetes_executor.py for tasks to queue
[2024-10-28T00:10:06.366+0000] {logging_mixin.py:190} INFO - [2024-10-28T00:10:06.366+0000] {dagbag.py:588} INFO - Filling up the DagBag from /home/airflow/.local/lib/python3.12/site-packages/airflow/example_dags/example_kubernetes_executor.py
[2024-10-28T00:10:06.383+0000] {processor.py:925} INFO - DAG(s) 'example_kubernetes_executor' retrieved from /home/airflow/.local/lib/python3.12/site-packages/airflow/example_dags/example_kubernetes_executor.py
[2024-10-28T00:10:06.437+0000] {logging_mixin.py:190} INFO - [2024-10-28T00:10:06.437+0000] {dag.py:3239} INFO - Sync 1 DAGs
[2024-10-28T00:10:06.455+0000] {logging_mixin.py:190} INFO - [2024-10-28T00:10:06.455+0000] {dag.py:4180} INFO - Setting next_dagrun for example_kubernetes_executor to None, run_after=None
[2024-10-28T00:10:06.475+0000] {processor.py:208} INFO - Processing /home/airflow/.local/lib/python3.12/site-packages/airflow/example_dags/example_kubernetes_executor.py took 0.119 seconds
[2024-10-28T00:10:36.597+0000] {processor.py:186} INFO - Started process (PID=46686) to work on /home/airflow/.local/lib/python3.12/site-packages/airflow/example_dags/example_kubernetes_executor.py
[2024-10-28T00:10:36.598+0000] {processor.py:914} INFO - Processing file /home/airflow/.local/lib/python3.12/site-packages/airflow/example_dags/example_kubernetes_executor.py for tasks to queue
[2024-10-28T00:10:36.599+0000] {logging_mixin.py:190} INFO - [2024-10-28T00:10:36.599+0000] {dagbag.py:588} INFO - Filling up the DagBag from /home/airflow/.local/lib/python3.12/site-packages/airflow/example_dags/example_kubernetes_executor.py
[2024-10-28T00:10:36.615+0000] {processor.py:925} INFO - DAG(s) 'example_kubernetes_executor' retrieved from /home/airflow/.local/lib/python3.12/site-packages/airflow/example_dags/example_kubernetes_executor.py
[2024-10-28T00:10:36.668+0000] {logging_mixin.py:190} INFO - [2024-10-28T00:10:36.667+0000] {dag.py:3239} INFO - Sync 1 DAGs
[2024-10-28T00:10:36.686+0000] {logging_mixin.py:190} INFO - [2024-10-28T00:10:36.685+0000] {dag.py:4180} INFO - Setting next_dagrun for example_kubernetes_executor to None, run_after=None
[2024-10-28T00:10:36.706+0000] {processor.py:208} INFO - Processing /home/airflow/.local/lib/python3.12/site-packages/airflow/example_dags/example_kubernetes_executor.py took 0.115 seconds
[2024-10-28T00:11:07.810+0000] {processor.py:186} INFO - Started process (PID=46766) to work on /home/airflow/.local/lib/python3.12/site-packages/airflow/example_dags/example_kubernetes_executor.py
[2024-10-28T00:11:07.811+0000] {processor.py:914} INFO - Processing file /home/airflow/.local/lib/python3.12/site-packages/airflow/example_dags/example_kubernetes_executor.py for tasks to queue
[2024-10-28T00:11:07.812+0000] {logging_mixin.py:190} INFO - [2024-10-28T00:11:07.812+0000] {dagbag.py:588} INFO - Filling up the DagBag from /home/airflow/.local/lib/python3.12/site-packages/airflow/example_dags/example_kubernetes_executor.py
[2024-10-28T00:11:07.830+0000] {processor.py:925} INFO - DAG(s) 'example_kubernetes_executor' retrieved from /home/airflow/.local/lib/python3.12/site-packages/airflow/example_dags/example_kubernetes_executor.py
[2024-10-28T00:11:07.879+0000] {logging_mixin.py:190} INFO - [2024-10-28T00:11:07.879+0000] {dag.py:3239} INFO - Sync 1 DAGs
[2024-10-28T00:11:07.897+0000] {logging_mixin.py:190} INFO - [2024-10-28T00:11:07.896+0000] {dag.py:4180} INFO - Setting next_dagrun for example_kubernetes_executor to None, run_after=None
[2024-10-28T00:11:07.919+0000] {processor.py:208} INFO - Processing /home/airflow/.local/lib/python3.12/site-packages/airflow/example_dags/example_kubernetes_executor.py took 0.117 seconds
[2024-10-28T00:11:38.047+0000] {processor.py:186} INFO - Started process (PID=46841) to work on /home/airflow/.local/lib/python3.12/site-packages/airflow/example_dags/example_kubernetes_executor.py
[2024-10-28T00:11:38.048+0000] {processor.py:914} INFO - Processing file /home/airflow/.local/lib/python3.12/site-packages/airflow/example_dags/example_kubernetes_executor.py for tasks to queue
[2024-10-28T00:11:38.050+0000] {logging_mixin.py:190} INFO - [2024-10-28T00:11:38.049+0000] {dagbag.py:588} INFO - Filling up the DagBag from /home/airflow/.local/lib/python3.12/site-packages/airflow/example_dags/example_kubernetes_executor.py
[2024-10-28T00:11:38.064+0000] {processor.py:925} INFO - DAG(s) 'example_kubernetes_executor' retrieved from /home/airflow/.local/lib/python3.12/site-packages/airflow/example_dags/example_kubernetes_executor.py
[2024-10-28T00:11:38.102+0000] {logging_mixin.py:190} INFO - [2024-10-28T00:11:38.102+0000] {dag.py:3239} INFO - Sync 1 DAGs
[2024-10-28T00:11:38.117+0000] {logging_mixin.py:190} INFO - [2024-10-28T00:11:38.117+0000] {dag.py:4180} INFO - Setting next_dagrun for example_kubernetes_executor to None, run_after=None
[2024-10-28T00:11:38.135+0000] {processor.py:208} INFO - Processing /home/airflow/.local/lib/python3.12/site-packages/airflow/example_dags/example_kubernetes_executor.py took 0.093 seconds
[2024-10-28T00:12:08.496+0000] {processor.py:186} INFO - Started process (PID=46914) to work on /home/airflow/.local/lib/python3.12/site-packages/airflow/example_dags/example_kubernetes_executor.py
[2024-10-28T00:12:08.497+0000] {processor.py:914} INFO - Processing file /home/airflow/.local/lib/python3.12/site-packages/airflow/example_dags/example_kubernetes_executor.py for tasks to queue
[2024-10-28T00:12:08.498+0000] {logging_mixin.py:190} INFO - [2024-10-28T00:12:08.498+0000] {dagbag.py:588} INFO - Filling up the DagBag from /home/airflow/.local/lib/python3.12/site-packages/airflow/example_dags/example_kubernetes_executor.py
[2024-10-28T00:12:08.513+0000] {processor.py:925} INFO - DAG(s) 'example_kubernetes_executor' retrieved from /home/airflow/.local/lib/python3.12/site-packages/airflow/example_dags/example_kubernetes_executor.py
[2024-10-28T00:12:08.551+0000] {logging_mixin.py:190} INFO - [2024-10-28T00:12:08.550+0000] {dag.py:3239} INFO - Sync 1 DAGs
[2024-10-28T00:12:08.565+0000] {logging_mixin.py:190} INFO - [2024-10-28T00:12:08.564+0000] {dag.py:4180} INFO - Setting next_dagrun for example_kubernetes_executor to None, run_after=None
[2024-10-28T00:12:08.583+0000] {processor.py:208} INFO - Processing /home/airflow/.local/lib/python3.12/site-packages/airflow/example_dags/example_kubernetes_executor.py took 0.094 seconds
[2024-10-28T00:12:38.921+0000] {processor.py:186} INFO - Started process (PID=46988) to work on /home/airflow/.local/lib/python3.12/site-packages/airflow/example_dags/example_kubernetes_executor.py
[2024-10-28T00:12:38.922+0000] {processor.py:914} INFO - Processing file /home/airflow/.local/lib/python3.12/site-packages/airflow/example_dags/example_kubernetes_executor.py for tasks to queue
[2024-10-28T00:12:38.924+0000] {logging_mixin.py:190} INFO - [2024-10-28T00:12:38.923+0000] {dagbag.py:588} INFO - Filling up the DagBag from /home/airflow/.local/lib/python3.12/site-packages/airflow/example_dags/example_kubernetes_executor.py
[2024-10-28T00:12:38.936+0000] {processor.py:925} INFO - DAG(s) 'example_kubernetes_executor' retrieved from /home/airflow/.local/lib/python3.12/site-packages/airflow/example_dags/example_kubernetes_executor.py
[2024-10-28T00:12:38.972+0000] {logging_mixin.py:190} INFO - [2024-10-28T00:12:38.972+0000] {dag.py:3239} INFO - Sync 1 DAGs
[2024-10-28T00:12:38.986+0000] {logging_mixin.py:190} INFO - [2024-10-28T00:12:38.985+0000] {dag.py:4180} INFO - Setting next_dagrun for example_kubernetes_executor to None, run_after=None
[2024-10-28T00:12:39.004+0000] {processor.py:208} INFO - Processing /home/airflow/.local/lib/python3.12/site-packages/airflow/example_dags/example_kubernetes_executor.py took 0.088 seconds
[2024-10-28T00:13:09.262+0000] {processor.py:186} INFO - Started process (PID=47062) to work on /home/airflow/.local/lib/python3.12/site-packages/airflow/example_dags/example_kubernetes_executor.py
[2024-10-28T00:13:09.263+0000] {processor.py:914} INFO - Processing file /home/airflow/.local/lib/python3.12/site-packages/airflow/example_dags/example_kubernetes_executor.py for tasks to queue
[2024-10-28T00:13:09.264+0000] {logging_mixin.py:190} INFO - [2024-10-28T00:13:09.264+0000] {dagbag.py:588} INFO - Filling up the DagBag from /home/airflow/.local/lib/python3.12/site-packages/airflow/example_dags/example_kubernetes_executor.py
[2024-10-28T00:13:09.277+0000] {processor.py:925} INFO - DAG(s) 'example_kubernetes_executor' retrieved from /home/airflow/.local/lib/python3.12/site-packages/airflow/example_dags/example_kubernetes_executor.py
[2024-10-28T00:13:09.314+0000] {logging_mixin.py:190} INFO - [2024-10-28T00:13:09.314+0000] {dag.py:3239} INFO - Sync 1 DAGs
[2024-10-28T00:13:09.327+0000] {logging_mixin.py:190} INFO - [2024-10-28T00:13:09.327+0000] {dag.py:4180} INFO - Setting next_dagrun for example_kubernetes_executor to None, run_after=None
[2024-10-28T00:13:09.344+0000] {processor.py:208} INFO - Processing /home/airflow/.local/lib/python3.12/site-packages/airflow/example_dags/example_kubernetes_executor.py took 0.088 seconds
[2024-10-28T00:13:39.604+0000] {processor.py:186} INFO - Started process (PID=47136) to work on /home/airflow/.local/lib/python3.12/site-packages/airflow/example_dags/example_kubernetes_executor.py
[2024-10-28T00:13:39.605+0000] {processor.py:914} INFO - Processing file /home/airflow/.local/lib/python3.12/site-packages/airflow/example_dags/example_kubernetes_executor.py for tasks to queue
[2024-10-28T00:13:39.607+0000] {logging_mixin.py:190} INFO - [2024-10-28T00:13:39.606+0000] {dagbag.py:588} INFO - Filling up the DagBag from /home/airflow/.local/lib/python3.12/site-packages/airflow/example_dags/example_kubernetes_executor.py
[2024-10-28T00:13:39.620+0000] {processor.py:925} INFO - DAG(s) 'example_kubernetes_executor' retrieved from /home/airflow/.local/lib/python3.12/site-packages/airflow/example_dags/example_kubernetes_executor.py
[2024-10-28T00:13:39.656+0000] {logging_mixin.py:190} INFO - [2024-10-28T00:13:39.656+0000] {dag.py:3239} INFO - Sync 1 DAGs
[2024-10-28T00:13:39.670+0000] {logging_mixin.py:190} INFO - [2024-10-28T00:13:39.670+0000] {dag.py:4180} INFO - Setting next_dagrun for example_kubernetes_executor to None, run_after=None
[2024-10-28T00:13:39.688+0000] {processor.py:208} INFO - Processing /home/airflow/.local/lib/python3.12/site-packages/airflow/example_dags/example_kubernetes_executor.py took 0.089 seconds
[2024-10-28T00:14:09.926+0000] {processor.py:186} INFO - Started process (PID=47210) to work on /home/airflow/.local/lib/python3.12/site-packages/airflow/example_dags/example_kubernetes_executor.py
[2024-10-28T00:14:09.927+0000] {processor.py:914} INFO - Processing file /home/airflow/.local/lib/python3.12/site-packages/airflow/example_dags/example_kubernetes_executor.py for tasks to queue
[2024-10-28T00:14:09.929+0000] {logging_mixin.py:190} INFO - [2024-10-28T00:14:09.928+0000] {dagbag.py:588} INFO - Filling up the DagBag from /home/airflow/.local/lib/python3.12/site-packages/airflow/example_dags/example_kubernetes_executor.py
[2024-10-28T00:14:09.941+0000] {processor.py:925} INFO - DAG(s) 'example_kubernetes_executor' retrieved from /home/airflow/.local/lib/python3.12/site-packages/airflow/example_dags/example_kubernetes_executor.py
[2024-10-28T00:14:09.982+0000] {logging_mixin.py:190} INFO - [2024-10-28T00:14:09.982+0000] {dag.py:3239} INFO - Sync 1 DAGs
[2024-10-28T00:14:09.997+0000] {logging_mixin.py:190} INFO - [2024-10-28T00:14:09.997+0000] {dag.py:4180} INFO - Setting next_dagrun for example_kubernetes_executor to None, run_after=None
[2024-10-28T00:14:10.016+0000] {processor.py:208} INFO - Processing /home/airflow/.local/lib/python3.12/site-packages/airflow/example_dags/example_kubernetes_executor.py took 0.095 seconds
[2024-10-28T00:14:40.193+0000] {processor.py:186} INFO - Started process (PID=47284) to work on /home/airflow/.local/lib/python3.12/site-packages/airflow/example_dags/example_kubernetes_executor.py
[2024-10-28T00:14:40.194+0000] {processor.py:914} INFO - Processing file /home/airflow/.local/lib/python3.12/site-packages/airflow/example_dags/example_kubernetes_executor.py for tasks to queue
[2024-10-28T00:14:40.195+0000] {logging_mixin.py:190} INFO - [2024-10-28T00:14:40.195+0000] {dagbag.py:588} INFO - Filling up the DagBag from /home/airflow/.local/lib/python3.12/site-packages/airflow/example_dags/example_kubernetes_executor.py
[2024-10-28T00:14:40.208+0000] {processor.py:925} INFO - DAG(s) 'example_kubernetes_executor' retrieved from /home/airflow/.local/lib/python3.12/site-packages/airflow/example_dags/example_kubernetes_executor.py
[2024-10-28T00:14:40.245+0000] {logging_mixin.py:190} INFO - [2024-10-28T00:14:40.245+0000] {dag.py:3239} INFO - Sync 1 DAGs
[2024-10-28T00:14:40.259+0000] {logging_mixin.py:190} INFO - [2024-10-28T00:14:40.258+0000] {dag.py:4180} INFO - Setting next_dagrun for example_kubernetes_executor to None, run_after=None
[2024-10-28T00:14:40.276+0000] {processor.py:208} INFO - Processing /home/airflow/.local/lib/python3.12/site-packages/airflow/example_dags/example_kubernetes_executor.py took 0.089 seconds
[2024-10-28T00:15:10.707+0000] {processor.py:186} INFO - Started process (PID=47358) to work on /home/airflow/.local/lib/python3.12/site-packages/airflow/example_dags/example_kubernetes_executor.py
[2024-10-28T00:15:10.708+0000] {processor.py:914} INFO - Processing file /home/airflow/.local/lib/python3.12/site-packages/airflow/example_dags/example_kubernetes_executor.py for tasks to queue
[2024-10-28T00:15:10.709+0000] {logging_mixin.py:190} INFO - [2024-10-28T00:15:10.708+0000] {dagbag.py:588} INFO - Filling up the DagBag from /home/airflow/.local/lib/python3.12/site-packages/airflow/example_dags/example_kubernetes_executor.py
[2024-10-28T00:15:10.721+0000] {processor.py:925} INFO - DAG(s) 'example_kubernetes_executor' retrieved from /home/airflow/.local/lib/python3.12/site-packages/airflow/example_dags/example_kubernetes_executor.py
[2024-10-28T00:15:10.758+0000] {logging_mixin.py:190} INFO - [2024-10-28T00:15:10.758+0000] {dag.py:3239} INFO - Sync 1 DAGs
[2024-10-28T00:15:10.771+0000] {logging_mixin.py:190} INFO - [2024-10-28T00:15:10.771+0000] {dag.py:4180} INFO - Setting next_dagrun for example_kubernetes_executor to None, run_after=None
[2024-10-28T00:15:10.792+0000] {processor.py:208} INFO - Processing /home/airflow/.local/lib/python3.12/site-packages/airflow/example_dags/example_kubernetes_executor.py took 0.091 seconds
[2024-10-28T00:15:41.183+0000] {processor.py:186} INFO - Started process (PID=47432) to work on /home/airflow/.local/lib/python3.12/site-packages/airflow/example_dags/example_kubernetes_executor.py
[2024-10-28T00:15:41.184+0000] {processor.py:914} INFO - Processing file /home/airflow/.local/lib/python3.12/site-packages/airflow/example_dags/example_kubernetes_executor.py for tasks to queue
[2024-10-28T00:15:41.186+0000] {logging_mixin.py:190} INFO - [2024-10-28T00:15:41.185+0000] {dagbag.py:588} INFO - Filling up the DagBag from /home/airflow/.local/lib/python3.12/site-packages/airflow/example_dags/example_kubernetes_executor.py
[2024-10-28T00:15:41.200+0000] {processor.py:925} INFO - DAG(s) 'example_kubernetes_executor' retrieved from /home/airflow/.local/lib/python3.12/site-packages/airflow/example_dags/example_kubernetes_executor.py
[2024-10-28T00:15:41.238+0000] {logging_mixin.py:190} INFO - [2024-10-28T00:15:41.238+0000] {dag.py:3239} INFO - Sync 1 DAGs
[2024-10-28T00:15:41.252+0000] {logging_mixin.py:190} INFO - [2024-10-28T00:15:41.251+0000] {dag.py:4180} INFO - Setting next_dagrun for example_kubernetes_executor to None, run_after=None
[2024-10-28T00:15:41.269+0000] {processor.py:208} INFO - Processing /home/airflow/.local/lib/python3.12/site-packages/airflow/example_dags/example_kubernetes_executor.py took 0.091 seconds
[2024-10-28T00:16:12.180+0000] {processor.py:186} INFO - Started process (PID=47506) to work on /home/airflow/.local/lib/python3.12/site-packages/airflow/example_dags/example_kubernetes_executor.py
[2024-10-28T00:16:12.182+0000] {processor.py:914} INFO - Processing file /home/airflow/.local/lib/python3.12/site-packages/airflow/example_dags/example_kubernetes_executor.py for tasks to queue
[2024-10-28T00:16:12.183+0000] {logging_mixin.py:190} INFO - [2024-10-28T00:16:12.183+0000] {dagbag.py:588} INFO - Filling up the DagBag from /home/airflow/.local/lib/python3.12/site-packages/airflow/example_dags/example_kubernetes_executor.py
[2024-10-28T00:16:12.197+0000] {processor.py:925} INFO - DAG(s) 'example_kubernetes_executor' retrieved from /home/airflow/.local/lib/python3.12/site-packages/airflow/example_dags/example_kubernetes_executor.py
[2024-10-28T00:16:12.236+0000] {logging_mixin.py:190} INFO - [2024-10-28T00:16:12.236+0000] {dag.py:3239} INFO - Sync 1 DAGs
[2024-10-28T00:16:12.251+0000] {logging_mixin.py:190} INFO - [2024-10-28T00:16:12.251+0000] {dag.py:4180} INFO - Setting next_dagrun for example_kubernetes_executor to None, run_after=None
[2024-10-28T00:16:12.270+0000] {processor.py:208} INFO - Processing /home/airflow/.local/lib/python3.12/site-packages/airflow/example_dags/example_kubernetes_executor.py took 0.095 seconds
[2024-10-28T00:16:43.093+0000] {processor.py:186} INFO - Started process (PID=47580) to work on /home/airflow/.local/lib/python3.12/site-packages/airflow/example_dags/example_kubernetes_executor.py
[2024-10-28T00:16:43.094+0000] {processor.py:914} INFO - Processing file /home/airflow/.local/lib/python3.12/site-packages/airflow/example_dags/example_kubernetes_executor.py for tasks to queue
[2024-10-28T00:16:43.095+0000] {logging_mixin.py:190} INFO - [2024-10-28T00:16:43.095+0000] {dagbag.py:588} INFO - Filling up the DagBag from /home/airflow/.local/lib/python3.12/site-packages/airflow/example_dags/example_kubernetes_executor.py
[2024-10-28T00:16:43.108+0000] {processor.py:925} INFO - DAG(s) 'example_kubernetes_executor' retrieved from /home/airflow/.local/lib/python3.12/site-packages/airflow/example_dags/example_kubernetes_executor.py
[2024-10-28T00:16:43.148+0000] {logging_mixin.py:190} INFO - [2024-10-28T00:16:43.147+0000] {dag.py:3239} INFO - Sync 1 DAGs
[2024-10-28T00:16:43.163+0000] {logging_mixin.py:190} INFO - [2024-10-28T00:16:43.163+0000] {dag.py:4180} INFO - Setting next_dagrun for example_kubernetes_executor to None, run_after=None
[2024-10-28T00:16:43.182+0000] {processor.py:208} INFO - Processing /home/airflow/.local/lib/python3.12/site-packages/airflow/example_dags/example_kubernetes_executor.py took 0.096 seconds
[2024-10-28T00:17:13.682+0000] {processor.py:186} INFO - Started process (PID=47654) to work on /home/airflow/.local/lib/python3.12/site-packages/airflow/example_dags/example_kubernetes_executor.py
[2024-10-28T00:17:13.683+0000] {processor.py:914} INFO - Processing file /home/airflow/.local/lib/python3.12/site-packages/airflow/example_dags/example_kubernetes_executor.py for tasks to queue
[2024-10-28T00:17:13.684+0000] {logging_mixin.py:190} INFO - [2024-10-28T00:17:13.684+0000] {dagbag.py:588} INFO - Filling up the DagBag from /home/airflow/.local/lib/python3.12/site-packages/airflow/example_dags/example_kubernetes_executor.py
[2024-10-28T00:17:13.697+0000] {processor.py:925} INFO - DAG(s) 'example_kubernetes_executor' retrieved from /home/airflow/.local/lib/python3.12/site-packages/airflow/example_dags/example_kubernetes_executor.py
[2024-10-28T00:17:13.733+0000] {logging_mixin.py:190} INFO - [2024-10-28T00:17:13.733+0000] {dag.py:3239} INFO - Sync 1 DAGs
[2024-10-28T00:17:13.747+0000] {logging_mixin.py:190} INFO - [2024-10-28T00:17:13.747+0000] {dag.py:4180} INFO - Setting next_dagrun for example_kubernetes_executor to None, run_after=None
[2024-10-28T00:17:13.765+0000] {processor.py:208} INFO - Processing /home/airflow/.local/lib/python3.12/site-packages/airflow/example_dags/example_kubernetes_executor.py took 0.088 seconds
[2024-10-28T00:17:44.661+0000] {processor.py:186} INFO - Started process (PID=47728) to work on /home/airflow/.local/lib/python3.12/site-packages/airflow/example_dags/example_kubernetes_executor.py
[2024-10-28T00:17:44.662+0000] {processor.py:914} INFO - Processing file /home/airflow/.local/lib/python3.12/site-packages/airflow/example_dags/example_kubernetes_executor.py for tasks to queue
[2024-10-28T00:17:44.664+0000] {logging_mixin.py:190} INFO - [2024-10-28T00:17:44.664+0000] {dagbag.py:588} INFO - Filling up the DagBag from /home/airflow/.local/lib/python3.12/site-packages/airflow/example_dags/example_kubernetes_executor.py
[2024-10-28T00:17:44.685+0000] {processor.py:925} INFO - DAG(s) 'example_kubernetes_executor' retrieved from /home/airflow/.local/lib/python3.12/site-packages/airflow/example_dags/example_kubernetes_executor.py
[2024-10-28T00:17:44.733+0000] {logging_mixin.py:190} INFO - [2024-10-28T00:17:44.733+0000] {dag.py:3239} INFO - Sync 1 DAGs
[2024-10-28T00:17:44.751+0000] {logging_mixin.py:190} INFO - [2024-10-28T00:17:44.751+0000] {dag.py:4180} INFO - Setting next_dagrun for example_kubernetes_executor to None, run_after=None
[2024-10-28T00:17:44.771+0000] {processor.py:208} INFO - Processing /home/airflow/.local/lib/python3.12/site-packages/airflow/example_dags/example_kubernetes_executor.py took 0.118 seconds
[2024-10-28T00:18:15.115+0000] {processor.py:186} INFO - Started process (PID=47802) to work on /home/airflow/.local/lib/python3.12/site-packages/airflow/example_dags/example_kubernetes_executor.py
[2024-10-28T00:18:15.116+0000] {processor.py:914} INFO - Processing file /home/airflow/.local/lib/python3.12/site-packages/airflow/example_dags/example_kubernetes_executor.py for tasks to queue
[2024-10-28T00:18:15.118+0000] {logging_mixin.py:190} INFO - [2024-10-28T00:18:15.117+0000] {dagbag.py:588} INFO - Filling up the DagBag from /home/airflow/.local/lib/python3.12/site-packages/airflow/example_dags/example_kubernetes_executor.py
[2024-10-28T00:18:15.131+0000] {processor.py:925} INFO - DAG(s) 'example_kubernetes_executor' retrieved from /home/airflow/.local/lib/python3.12/site-packages/airflow/example_dags/example_kubernetes_executor.py
[2024-10-28T00:18:15.170+0000] {logging_mixin.py:190} INFO - [2024-10-28T00:18:15.170+0000] {dag.py:3239} INFO - Sync 1 DAGs
[2024-10-28T00:18:15.186+0000] {logging_mixin.py:190} INFO - [2024-10-28T00:18:15.186+0000] {dag.py:4180} INFO - Setting next_dagrun for example_kubernetes_executor to None, run_after=None
[2024-10-28T00:18:15.205+0000] {processor.py:208} INFO - Processing /home/airflow/.local/lib/python3.12/site-packages/airflow/example_dags/example_kubernetes_executor.py took 0.095 seconds
[2024-10-28T00:18:46.706+0000] {processor.py:186} INFO - Started process (PID=47876) to work on /home/airflow/.local/lib/python3.12/site-packages/airflow/example_dags/example_kubernetes_executor.py
[2024-10-28T00:18:46.707+0000] {processor.py:914} INFO - Processing file /home/airflow/.local/lib/python3.12/site-packages/airflow/example_dags/example_kubernetes_executor.py for tasks to queue
[2024-10-28T00:18:46.708+0000] {logging_mixin.py:190} INFO - [2024-10-28T00:18:46.708+0000] {dagbag.py:588} INFO - Filling up the DagBag from /home/airflow/.local/lib/python3.12/site-packages/airflow/example_dags/example_kubernetes_executor.py
[2024-10-28T00:18:46.727+0000] {processor.py:925} INFO - DAG(s) 'example_kubernetes_executor' retrieved from /home/airflow/.local/lib/python3.12/site-packages/airflow/example_dags/example_kubernetes_executor.py
[2024-10-28T00:18:46.780+0000] {logging_mixin.py:190} INFO - [2024-10-28T00:18:46.780+0000] {dag.py:3239} INFO - Sync 1 DAGs
[2024-10-28T00:18:46.800+0000] {logging_mixin.py:190} INFO - [2024-10-28T00:18:46.800+0000] {dag.py:4180} INFO - Setting next_dagrun for example_kubernetes_executor to None, run_after=None
[2024-10-28T00:18:46.829+0000] {processor.py:208} INFO - Processing /home/airflow/.local/lib/python3.12/site-packages/airflow/example_dags/example_kubernetes_executor.py took 0.133 seconds
[2024-10-28T00:19:17.159+0000] {processor.py:186} INFO - Started process (PID=47950) to work on /home/airflow/.local/lib/python3.12/site-packages/airflow/example_dags/example_kubernetes_executor.py
[2024-10-28T00:19:17.161+0000] {processor.py:914} INFO - Processing file /home/airflow/.local/lib/python3.12/site-packages/airflow/example_dags/example_kubernetes_executor.py for tasks to queue
[2024-10-28T00:19:17.163+0000] {logging_mixin.py:190} INFO - [2024-10-28T00:19:17.163+0000] {dagbag.py:588} INFO - Filling up the DagBag from /home/airflow/.local/lib/python3.12/site-packages/airflow/example_dags/example_kubernetes_executor.py
[2024-10-28T00:19:17.179+0000] {processor.py:925} INFO - DAG(s) 'example_kubernetes_executor' retrieved from /home/airflow/.local/lib/python3.12/site-packages/airflow/example_dags/example_kubernetes_executor.py
[2024-10-28T00:19:17.228+0000] {logging_mixin.py:190} INFO - [2024-10-28T00:19:17.228+0000] {dag.py:3239} INFO - Sync 1 DAGs
[2024-10-28T00:19:17.247+0000] {logging_mixin.py:190} INFO - [2024-10-28T00:19:17.246+0000] {dag.py:4180} INFO - Setting next_dagrun for example_kubernetes_executor to None, run_after=None
[2024-10-28T00:19:17.272+0000] {processor.py:208} INFO - Processing /home/airflow/.local/lib/python3.12/site-packages/airflow/example_dags/example_kubernetes_executor.py took 0.119 seconds
[2024-10-28T00:19:48.192+0000] {processor.py:186} INFO - Started process (PID=48024) to work on /home/airflow/.local/lib/python3.12/site-packages/airflow/example_dags/example_kubernetes_executor.py
[2024-10-28T00:19:48.194+0000] {processor.py:914} INFO - Processing file /home/airflow/.local/lib/python3.12/site-packages/airflow/example_dags/example_kubernetes_executor.py for tasks to queue
[2024-10-28T00:19:48.196+0000] {logging_mixin.py:190} INFO - [2024-10-28T00:19:48.195+0000] {dagbag.py:588} INFO - Filling up the DagBag from /home/airflow/.local/lib/python3.12/site-packages/airflow/example_dags/example_kubernetes_executor.py
[2024-10-28T00:19:48.216+0000] {processor.py:925} INFO - DAG(s) 'example_kubernetes_executor' retrieved from /home/airflow/.local/lib/python3.12/site-packages/airflow/example_dags/example_kubernetes_executor.py
[2024-10-28T00:19:48.270+0000] {logging_mixin.py:190} INFO - [2024-10-28T00:19:48.270+0000] {dag.py:3239} INFO - Sync 1 DAGs
[2024-10-28T00:19:48.293+0000] {logging_mixin.py:190} INFO - [2024-10-28T00:19:48.292+0000] {dag.py:4180} INFO - Setting next_dagrun for example_kubernetes_executor to None, run_after=None
[2024-10-28T00:19:48.324+0000] {processor.py:208} INFO - Processing /home/airflow/.local/lib/python3.12/site-packages/airflow/example_dags/example_kubernetes_executor.py took 0.140 seconds
[2024-10-28T00:20:18.937+0000] {processor.py:186} INFO - Started process (PID=48098) to work on /home/airflow/.local/lib/python3.12/site-packages/airflow/example_dags/example_kubernetes_executor.py
[2024-10-28T00:20:18.939+0000] {processor.py:914} INFO - Processing file /home/airflow/.local/lib/python3.12/site-packages/airflow/example_dags/example_kubernetes_executor.py for tasks to queue
[2024-10-28T00:20:18.940+0000] {logging_mixin.py:190} INFO - [2024-10-28T00:20:18.940+0000] {dagbag.py:588} INFO - Filling up the DagBag from /home/airflow/.local/lib/python3.12/site-packages/airflow/example_dags/example_kubernetes_executor.py
[2024-10-28T00:20:18.955+0000] {processor.py:925} INFO - DAG(s) 'example_kubernetes_executor' retrieved from /home/airflow/.local/lib/python3.12/site-packages/airflow/example_dags/example_kubernetes_executor.py
[2024-10-28T00:20:19.000+0000] {logging_mixin.py:190} INFO - [2024-10-28T00:20:19.000+0000] {dag.py:3239} INFO - Sync 1 DAGs
[2024-10-28T00:20:19.018+0000] {logging_mixin.py:190} INFO - [2024-10-28T00:20:19.018+0000] {dag.py:4180} INFO - Setting next_dagrun for example_kubernetes_executor to None, run_after=None
[2024-10-28T00:20:19.042+0000] {processor.py:208} INFO - Processing /home/airflow/.local/lib/python3.12/site-packages/airflow/example_dags/example_kubernetes_executor.py took 0.111 seconds
[2024-10-28T00:20:49.780+0000] {processor.py:186} INFO - Started process (PID=48172) to work on /home/airflow/.local/lib/python3.12/site-packages/airflow/example_dags/example_kubernetes_executor.py
[2024-10-28T00:20:49.781+0000] {processor.py:914} INFO - Processing file /home/airflow/.local/lib/python3.12/site-packages/airflow/example_dags/example_kubernetes_executor.py for tasks to queue
[2024-10-28T00:20:49.783+0000] {logging_mixin.py:190} INFO - [2024-10-28T00:20:49.782+0000] {dagbag.py:588} INFO - Filling up the DagBag from /home/airflow/.local/lib/python3.12/site-packages/airflow/example_dags/example_kubernetes_executor.py
[2024-10-28T00:20:49.798+0000] {processor.py:925} INFO - DAG(s) 'example_kubernetes_executor' retrieved from /home/airflow/.local/lib/python3.12/site-packages/airflow/example_dags/example_kubernetes_executor.py
[2024-10-28T00:20:49.845+0000] {logging_mixin.py:190} INFO - [2024-10-28T00:20:49.845+0000] {dag.py:3239} INFO - Sync 1 DAGs
[2024-10-28T00:20:49.869+0000] {logging_mixin.py:190} INFO - [2024-10-28T00:20:49.869+0000] {dag.py:4180} INFO - Setting next_dagrun for example_kubernetes_executor to None, run_after=None
[2024-10-28T00:20:49.894+0000] {processor.py:208} INFO - Processing /home/airflow/.local/lib/python3.12/site-packages/airflow/example_dags/example_kubernetes_executor.py took 0.119 seconds
[2024-10-28T00:21:20.417+0000] {processor.py:186} INFO - Started process (PID=48246) to work on /home/airflow/.local/lib/python3.12/site-packages/airflow/example_dags/example_kubernetes_executor.py
[2024-10-28T00:21:20.418+0000] {processor.py:914} INFO - Processing file /home/airflow/.local/lib/python3.12/site-packages/airflow/example_dags/example_kubernetes_executor.py for tasks to queue
[2024-10-28T00:21:20.420+0000] {logging_mixin.py:190} INFO - [2024-10-28T00:21:20.420+0000] {dagbag.py:588} INFO - Filling up the DagBag from /home/airflow/.local/lib/python3.12/site-packages/airflow/example_dags/example_kubernetes_executor.py
[2024-10-28T00:21:20.439+0000] {processor.py:925} INFO - DAG(s) 'example_kubernetes_executor' retrieved from /home/airflow/.local/lib/python3.12/site-packages/airflow/example_dags/example_kubernetes_executor.py
[2024-10-28T00:21:20.489+0000] {logging_mixin.py:190} INFO - [2024-10-28T00:21:20.489+0000] {dag.py:3239} INFO - Sync 1 DAGs
[2024-10-28T00:21:20.508+0000] {logging_mixin.py:190} INFO - [2024-10-28T00:21:20.508+0000] {dag.py:4180} INFO - Setting next_dagrun for example_kubernetes_executor to None, run_after=None
[2024-10-28T00:21:20.531+0000] {processor.py:208} INFO - Processing /home/airflow/.local/lib/python3.12/site-packages/airflow/example_dags/example_kubernetes_executor.py took 0.125 seconds
[2024-10-28T00:21:51.075+0000] {processor.py:186} INFO - Started process (PID=48320) to work on /home/airflow/.local/lib/python3.12/site-packages/airflow/example_dags/example_kubernetes_executor.py
[2024-10-28T00:21:51.077+0000] {processor.py:914} INFO - Processing file /home/airflow/.local/lib/python3.12/site-packages/airflow/example_dags/example_kubernetes_executor.py for tasks to queue
[2024-10-28T00:21:51.079+0000] {logging_mixin.py:190} INFO - [2024-10-28T00:21:51.079+0000] {dagbag.py:588} INFO - Filling up the DagBag from /home/airflow/.local/lib/python3.12/site-packages/airflow/example_dags/example_kubernetes_executor.py
[2024-10-28T00:21:51.096+0000] {processor.py:925} INFO - DAG(s) 'example_kubernetes_executor' retrieved from /home/airflow/.local/lib/python3.12/site-packages/airflow/example_dags/example_kubernetes_executor.py
[2024-10-28T00:21:51.136+0000] {logging_mixin.py:190} INFO - [2024-10-28T00:21:51.136+0000] {dag.py:3239} INFO - Sync 1 DAGs
[2024-10-28T00:21:51.151+0000] {logging_mixin.py:190} INFO - [2024-10-28T00:21:51.151+0000] {dag.py:4180} INFO - Setting next_dagrun for example_kubernetes_executor to None, run_after=None
[2024-10-28T00:21:51.171+0000] {processor.py:208} INFO - Processing /home/airflow/.local/lib/python3.12/site-packages/airflow/example_dags/example_kubernetes_executor.py took 0.103 seconds
[2024-10-28T00:22:21.773+0000] {processor.py:186} INFO - Started process (PID=48394) to work on /home/airflow/.local/lib/python3.12/site-packages/airflow/example_dags/example_kubernetes_executor.py
[2024-10-28T00:22:21.774+0000] {processor.py:914} INFO - Processing file /home/airflow/.local/lib/python3.12/site-packages/airflow/example_dags/example_kubernetes_executor.py for tasks to queue
[2024-10-28T00:22:21.775+0000] {logging_mixin.py:190} INFO - [2024-10-28T00:22:21.775+0000] {dagbag.py:588} INFO - Filling up the DagBag from /home/airflow/.local/lib/python3.12/site-packages/airflow/example_dags/example_kubernetes_executor.py
[2024-10-28T00:22:21.792+0000] {processor.py:925} INFO - DAG(s) 'example_kubernetes_executor' retrieved from /home/airflow/.local/lib/python3.12/site-packages/airflow/example_dags/example_kubernetes_executor.py
[2024-10-28T00:22:21.833+0000] {logging_mixin.py:190} INFO - [2024-10-28T00:22:21.833+0000] {dag.py:3239} INFO - Sync 1 DAGs
[2024-10-28T00:22:21.852+0000] {logging_mixin.py:190} INFO - [2024-10-28T00:22:21.852+0000] {dag.py:4180} INFO - Setting next_dagrun for example_kubernetes_executor to None, run_after=None
[2024-10-28T00:22:21.874+0000] {processor.py:208} INFO - Processing /home/airflow/.local/lib/python3.12/site-packages/airflow/example_dags/example_kubernetes_executor.py took 0.108 seconds
[2024-10-28T00:22:52.530+0000] {processor.py:186} INFO - Started process (PID=48468) to work on /home/airflow/.local/lib/python3.12/site-packages/airflow/example_dags/example_kubernetes_executor.py
[2024-10-28T00:22:52.532+0000] {processor.py:914} INFO - Processing file /home/airflow/.local/lib/python3.12/site-packages/airflow/example_dags/example_kubernetes_executor.py for tasks to queue
[2024-10-28T00:22:52.535+0000] {logging_mixin.py:190} INFO - [2024-10-28T00:22:52.534+0000] {dagbag.py:588} INFO - Filling up the DagBag from /home/airflow/.local/lib/python3.12/site-packages/airflow/example_dags/example_kubernetes_executor.py
[2024-10-28T00:22:52.558+0000] {processor.py:925} INFO - DAG(s) 'example_kubernetes_executor' retrieved from /home/airflow/.local/lib/python3.12/site-packages/airflow/example_dags/example_kubernetes_executor.py
[2024-10-28T00:22:52.606+0000] {logging_mixin.py:190} INFO - [2024-10-28T00:22:52.605+0000] {dag.py:3239} INFO - Sync 1 DAGs
[2024-10-28T00:22:52.628+0000] {logging_mixin.py:190} INFO - [2024-10-28T00:22:52.628+0000] {dag.py:4180} INFO - Setting next_dagrun for example_kubernetes_executor to None, run_after=None
[2024-10-28T00:22:52.650+0000] {processor.py:208} INFO - Processing /home/airflow/.local/lib/python3.12/site-packages/airflow/example_dags/example_kubernetes_executor.py took 0.127 seconds
[2024-10-28T00:23:23.075+0000] {processor.py:186} INFO - Started process (PID=48542) to work on /home/airflow/.local/lib/python3.12/site-packages/airflow/example_dags/example_kubernetes_executor.py
[2024-10-28T00:23:23.076+0000] {processor.py:914} INFO - Processing file /home/airflow/.local/lib/python3.12/site-packages/airflow/example_dags/example_kubernetes_executor.py for tasks to queue
[2024-10-28T00:23:23.078+0000] {logging_mixin.py:190} INFO - [2024-10-28T00:23:23.077+0000] {dagbag.py:588} INFO - Filling up the DagBag from /home/airflow/.local/lib/python3.12/site-packages/airflow/example_dags/example_kubernetes_executor.py
[2024-10-28T00:23:23.091+0000] {processor.py:925} INFO - DAG(s) 'example_kubernetes_executor' retrieved from /home/airflow/.local/lib/python3.12/site-packages/airflow/example_dags/example_kubernetes_executor.py
[2024-10-28T00:23:23.133+0000] {logging_mixin.py:190} INFO - [2024-10-28T00:23:23.133+0000] {dag.py:3239} INFO - Sync 1 DAGs
[2024-10-28T00:23:23.151+0000] {logging_mixin.py:190} INFO - [2024-10-28T00:23:23.151+0000] {dag.py:4180} INFO - Setting next_dagrun for example_kubernetes_executor to None, run_after=None
[2024-10-28T00:23:23.172+0000] {processor.py:208} INFO - Processing /home/airflow/.local/lib/python3.12/site-packages/airflow/example_dags/example_kubernetes_executor.py took 0.102 seconds
[2024-10-28T00:23:54.954+0000] {processor.py:186} INFO - Started process (PID=48616) to work on /home/airflow/.local/lib/python3.12/site-packages/airflow/example_dags/example_kubernetes_executor.py
[2024-10-28T00:23:54.955+0000] {processor.py:914} INFO - Processing file /home/airflow/.local/lib/python3.12/site-packages/airflow/example_dags/example_kubernetes_executor.py for tasks to queue
[2024-10-28T00:23:54.956+0000] {logging_mixin.py:190} INFO - [2024-10-28T00:23:54.956+0000] {dagbag.py:588} INFO - Filling up the DagBag from /home/airflow/.local/lib/python3.12/site-packages/airflow/example_dags/example_kubernetes_executor.py
[2024-10-28T00:23:54.975+0000] {processor.py:925} INFO - DAG(s) 'example_kubernetes_executor' retrieved from /home/airflow/.local/lib/python3.12/site-packages/airflow/example_dags/example_kubernetes_executor.py
[2024-10-28T00:23:55.019+0000] {logging_mixin.py:190} INFO - [2024-10-28T00:23:55.019+0000] {dag.py:3239} INFO - Sync 1 DAGs
[2024-10-28T00:23:55.038+0000] {logging_mixin.py:190} INFO - [2024-10-28T00:23:55.038+0000] {dag.py:4180} INFO - Setting next_dagrun for example_kubernetes_executor to None, run_after=None
[2024-10-28T00:23:55.064+0000] {processor.py:208} INFO - Processing /home/airflow/.local/lib/python3.12/site-packages/airflow/example_dags/example_kubernetes_executor.py took 0.116 seconds
[2024-10-28T00:24:25.312+0000] {processor.py:186} INFO - Started process (PID=48690) to work on /home/airflow/.local/lib/python3.12/site-packages/airflow/example_dags/example_kubernetes_executor.py
[2024-10-28T00:24:25.313+0000] {processor.py:914} INFO - Processing file /home/airflow/.local/lib/python3.12/site-packages/airflow/example_dags/example_kubernetes_executor.py for tasks to queue
[2024-10-28T00:24:25.314+0000] {logging_mixin.py:190} INFO - [2024-10-28T00:24:25.314+0000] {dagbag.py:588} INFO - Filling up the DagBag from /home/airflow/.local/lib/python3.12/site-packages/airflow/example_dags/example_kubernetes_executor.py
[2024-10-28T00:24:25.329+0000] {processor.py:925} INFO - DAG(s) 'example_kubernetes_executor' retrieved from /home/airflow/.local/lib/python3.12/site-packages/airflow/example_dags/example_kubernetes_executor.py
[2024-10-28T00:24:25.370+0000] {logging_mixin.py:190} INFO - [2024-10-28T00:24:25.370+0000] {dag.py:3239} INFO - Sync 1 DAGs
[2024-10-28T00:24:25.384+0000] {logging_mixin.py:190} INFO - [2024-10-28T00:24:25.384+0000] {dag.py:4180} INFO - Setting next_dagrun for example_kubernetes_executor to None, run_after=None
[2024-10-28T00:24:25.404+0000] {processor.py:208} INFO - Processing /home/airflow/.local/lib/python3.12/site-packages/airflow/example_dags/example_kubernetes_executor.py took 0.098 seconds
[2024-10-28T00:24:55.902+0000] {processor.py:186} INFO - Started process (PID=48764) to work on /home/airflow/.local/lib/python3.12/site-packages/airflow/example_dags/example_kubernetes_executor.py
[2024-10-28T00:24:55.904+0000] {processor.py:914} INFO - Processing file /home/airflow/.local/lib/python3.12/site-packages/airflow/example_dags/example_kubernetes_executor.py for tasks to queue
[2024-10-28T00:24:55.906+0000] {logging_mixin.py:190} INFO - [2024-10-28T00:24:55.906+0000] {dagbag.py:588} INFO - Filling up the DagBag from /home/airflow/.local/lib/python3.12/site-packages/airflow/example_dags/example_kubernetes_executor.py
[2024-10-28T00:24:55.924+0000] {processor.py:925} INFO - DAG(s) 'example_kubernetes_executor' retrieved from /home/airflow/.local/lib/python3.12/site-packages/airflow/example_dags/example_kubernetes_executor.py
[2024-10-28T00:24:55.970+0000] {logging_mixin.py:190} INFO - [2024-10-28T00:24:55.970+0000] {dag.py:3239} INFO - Sync 1 DAGs
[2024-10-28T00:24:55.986+0000] {logging_mixin.py:190} INFO - [2024-10-28T00:24:55.986+0000] {dag.py:4180} INFO - Setting next_dagrun for example_kubernetes_executor to None, run_after=None
[2024-10-28T00:24:56.009+0000] {processor.py:208} INFO - Processing /home/airflow/.local/lib/python3.12/site-packages/airflow/example_dags/example_kubernetes_executor.py took 0.114 seconds
[2024-10-28T00:25:26.331+0000] {processor.py:186} INFO - Started process (PID=48838) to work on /home/airflow/.local/lib/python3.12/site-packages/airflow/example_dags/example_kubernetes_executor.py
[2024-10-28T00:25:26.332+0000] {processor.py:914} INFO - Processing file /home/airflow/.local/lib/python3.12/site-packages/airflow/example_dags/example_kubernetes_executor.py for tasks to queue
[2024-10-28T00:25:26.334+0000] {logging_mixin.py:190} INFO - [2024-10-28T00:25:26.333+0000] {dagbag.py:588} INFO - Filling up the DagBag from /home/airflow/.local/lib/python3.12/site-packages/airflow/example_dags/example_kubernetes_executor.py
[2024-10-28T00:25:26.347+0000] {processor.py:925} INFO - DAG(s) 'example_kubernetes_executor' retrieved from /home/airflow/.local/lib/python3.12/site-packages/airflow/example_dags/example_kubernetes_executor.py
[2024-10-28T00:25:26.384+0000] {logging_mixin.py:190} INFO - [2024-10-28T00:25:26.384+0000] {dag.py:3239} INFO - Sync 1 DAGs
[2024-10-28T00:25:26.398+0000] {logging_mixin.py:190} INFO - [2024-10-28T00:25:26.397+0000] {dag.py:4180} INFO - Setting next_dagrun for example_kubernetes_executor to None, run_after=None
[2024-10-28T00:25:26.417+0000] {processor.py:208} INFO - Processing /home/airflow/.local/lib/python3.12/site-packages/airflow/example_dags/example_kubernetes_executor.py took 0.091 seconds
[2024-10-28T00:25:56.828+0000] {processor.py:186} INFO - Started process (PID=48912) to work on /home/airflow/.local/lib/python3.12/site-packages/airflow/example_dags/example_kubernetes_executor.py
[2024-10-28T00:25:56.829+0000] {processor.py:914} INFO - Processing file /home/airflow/.local/lib/python3.12/site-packages/airflow/example_dags/example_kubernetes_executor.py for tasks to queue
[2024-10-28T00:25:56.831+0000] {logging_mixin.py:190} INFO - [2024-10-28T00:25:56.830+0000] {dagbag.py:588} INFO - Filling up the DagBag from /home/airflow/.local/lib/python3.12/site-packages/airflow/example_dags/example_kubernetes_executor.py
[2024-10-28T00:25:56.844+0000] {processor.py:925} INFO - DAG(s) 'example_kubernetes_executor' retrieved from /home/airflow/.local/lib/python3.12/site-packages/airflow/example_dags/example_kubernetes_executor.py
[2024-10-28T00:25:56.882+0000] {logging_mixin.py:190} INFO - [2024-10-28T00:25:56.882+0000] {dag.py:3239} INFO - Sync 1 DAGs
[2024-10-28T00:25:56.897+0000] {logging_mixin.py:190} INFO - [2024-10-28T00:25:56.896+0000] {dag.py:4180} INFO - Setting next_dagrun for example_kubernetes_executor to None, run_after=None
[2024-10-28T00:25:56.915+0000] {processor.py:208} INFO - Processing /home/airflow/.local/lib/python3.12/site-packages/airflow/example_dags/example_kubernetes_executor.py took 0.092 seconds
[2024-10-28T00:26:27.273+0000] {processor.py:186} INFO - Started process (PID=48986) to work on /home/airflow/.local/lib/python3.12/site-packages/airflow/example_dags/example_kubernetes_executor.py
[2024-10-28T00:26:27.274+0000] {processor.py:914} INFO - Processing file /home/airflow/.local/lib/python3.12/site-packages/airflow/example_dags/example_kubernetes_executor.py for tasks to queue
[2024-10-28T00:26:27.275+0000] {logging_mixin.py:190} INFO - [2024-10-28T00:26:27.275+0000] {dagbag.py:588} INFO - Filling up the DagBag from /home/airflow/.local/lib/python3.12/site-packages/airflow/example_dags/example_kubernetes_executor.py
[2024-10-28T00:26:27.290+0000] {processor.py:925} INFO - DAG(s) 'example_kubernetes_executor' retrieved from /home/airflow/.local/lib/python3.12/site-packages/airflow/example_dags/example_kubernetes_executor.py
[2024-10-28T00:26:27.332+0000] {logging_mixin.py:190} INFO - [2024-10-28T00:26:27.332+0000] {dag.py:3239} INFO - Sync 1 DAGs
[2024-10-28T00:26:27.347+0000] {logging_mixin.py:190} INFO - [2024-10-28T00:26:27.346+0000] {dag.py:4180} INFO - Setting next_dagrun for example_kubernetes_executor to None, run_after=None
[2024-10-28T00:26:27.368+0000] {processor.py:208} INFO - Processing /home/airflow/.local/lib/python3.12/site-packages/airflow/example_dags/example_kubernetes_executor.py took 0.102 seconds
[2024-10-28T00:26:57.709+0000] {processor.py:186} INFO - Started process (PID=49060) to work on /home/airflow/.local/lib/python3.12/site-packages/airflow/example_dags/example_kubernetes_executor.py
[2024-10-28T00:26:57.710+0000] {processor.py:914} INFO - Processing file /home/airflow/.local/lib/python3.12/site-packages/airflow/example_dags/example_kubernetes_executor.py for tasks to queue
[2024-10-28T00:26:57.712+0000] {logging_mixin.py:190} INFO - [2024-10-28T00:26:57.711+0000] {dagbag.py:588} INFO - Filling up the DagBag from /home/airflow/.local/lib/python3.12/site-packages/airflow/example_dags/example_kubernetes_executor.py
[2024-10-28T00:26:57.725+0000] {processor.py:925} INFO - DAG(s) 'example_kubernetes_executor' retrieved from /home/airflow/.local/lib/python3.12/site-packages/airflow/example_dags/example_kubernetes_executor.py
[2024-10-28T00:26:57.762+0000] {logging_mixin.py:190} INFO - [2024-10-28T00:26:57.762+0000] {dag.py:3239} INFO - Sync 1 DAGs
[2024-10-28T00:26:57.776+0000] {logging_mixin.py:190} INFO - [2024-10-28T00:26:57.775+0000] {dag.py:4180} INFO - Setting next_dagrun for example_kubernetes_executor to None, run_after=None
[2024-10-28T00:26:57.795+0000] {processor.py:208} INFO - Processing /home/airflow/.local/lib/python3.12/site-packages/airflow/example_dags/example_kubernetes_executor.py took 0.091 seconds
[2024-10-28T00:27:28.647+0000] {processor.py:186} INFO - Started process (PID=49134) to work on /home/airflow/.local/lib/python3.12/site-packages/airflow/example_dags/example_kubernetes_executor.py
[2024-10-28T00:27:28.649+0000] {processor.py:914} INFO - Processing file /home/airflow/.local/lib/python3.12/site-packages/airflow/example_dags/example_kubernetes_executor.py for tasks to queue
[2024-10-28T00:27:28.650+0000] {logging_mixin.py:190} INFO - [2024-10-28T00:27:28.650+0000] {dagbag.py:588} INFO - Filling up the DagBag from /home/airflow/.local/lib/python3.12/site-packages/airflow/example_dags/example_kubernetes_executor.py
[2024-10-28T00:27:28.664+0000] {processor.py:925} INFO - DAG(s) 'example_kubernetes_executor' retrieved from /home/airflow/.local/lib/python3.12/site-packages/airflow/example_dags/example_kubernetes_executor.py
[2024-10-28T00:27:28.701+0000] {logging_mixin.py:190} INFO - [2024-10-28T00:27:28.701+0000] {dag.py:3239} INFO - Sync 1 DAGs
[2024-10-28T00:27:28.717+0000] {logging_mixin.py:190} INFO - [2024-10-28T00:27:28.717+0000] {dag.py:4180} INFO - Setting next_dagrun for example_kubernetes_executor to None, run_after=None
[2024-10-28T00:27:28.736+0000] {processor.py:208} INFO - Processing /home/airflow/.local/lib/python3.12/site-packages/airflow/example_dags/example_kubernetes_executor.py took 0.095 seconds
[2024-10-28T00:27:59.608+0000] {processor.py:186} INFO - Started process (PID=49208) to work on /home/airflow/.local/lib/python3.12/site-packages/airflow/example_dags/example_kubernetes_executor.py
[2024-10-28T00:27:59.610+0000] {processor.py:914} INFO - Processing file /home/airflow/.local/lib/python3.12/site-packages/airflow/example_dags/example_kubernetes_executor.py for tasks to queue
[2024-10-28T00:27:59.611+0000] {logging_mixin.py:190} INFO - [2024-10-28T00:27:59.611+0000] {dagbag.py:588} INFO - Filling up the DagBag from /home/airflow/.local/lib/python3.12/site-packages/airflow/example_dags/example_kubernetes_executor.py
[2024-10-28T00:27:59.626+0000] {processor.py:925} INFO - DAG(s) 'example_kubernetes_executor' retrieved from /home/airflow/.local/lib/python3.12/site-packages/airflow/example_dags/example_kubernetes_executor.py
[2024-10-28T00:27:59.663+0000] {logging_mixin.py:190} INFO - [2024-10-28T00:27:59.663+0000] {dag.py:3239} INFO - Sync 1 DAGs
[2024-10-28T00:27:59.679+0000] {logging_mixin.py:190} INFO - [2024-10-28T00:27:59.678+0000] {dag.py:4180} INFO - Setting next_dagrun for example_kubernetes_executor to None, run_after=None
[2024-10-28T00:27:59.697+0000] {processor.py:208} INFO - Processing /home/airflow/.local/lib/python3.12/site-packages/airflow/example_dags/example_kubernetes_executor.py took 0.094 seconds
[2024-10-28T00:28:30.170+0000] {processor.py:186} INFO - Started process (PID=49282) to work on /home/airflow/.local/lib/python3.12/site-packages/airflow/example_dags/example_kubernetes_executor.py
[2024-10-28T00:28:30.171+0000] {processor.py:914} INFO - Processing file /home/airflow/.local/lib/python3.12/site-packages/airflow/example_dags/example_kubernetes_executor.py for tasks to queue
[2024-10-28T00:28:30.173+0000] {logging_mixin.py:190} INFO - [2024-10-28T00:28:30.172+0000] {dagbag.py:588} INFO - Filling up the DagBag from /home/airflow/.local/lib/python3.12/site-packages/airflow/example_dags/example_kubernetes_executor.py
[2024-10-28T00:28:30.187+0000] {processor.py:925} INFO - DAG(s) 'example_kubernetes_executor' retrieved from /home/airflow/.local/lib/python3.12/site-packages/airflow/example_dags/example_kubernetes_executor.py
[2024-10-28T00:28:30.226+0000] {logging_mixin.py:190} INFO - [2024-10-28T00:28:30.226+0000] {dag.py:3239} INFO - Sync 1 DAGs
[2024-10-28T00:28:30.242+0000] {logging_mixin.py:190} INFO - [2024-10-28T00:28:30.241+0000] {dag.py:4180} INFO - Setting next_dagrun for example_kubernetes_executor to None, run_after=None
[2024-10-28T00:28:30.263+0000] {processor.py:208} INFO - Processing /home/airflow/.local/lib/python3.12/site-packages/airflow/example_dags/example_kubernetes_executor.py took 0.099 seconds
[2024-10-28T00:29:00.960+0000] {processor.py:186} INFO - Started process (PID=49356) to work on /home/airflow/.local/lib/python3.12/site-packages/airflow/example_dags/example_kubernetes_executor.py
[2024-10-28T00:29:00.962+0000] {processor.py:914} INFO - Processing file /home/airflow/.local/lib/python3.12/site-packages/airflow/example_dags/example_kubernetes_executor.py for tasks to queue
[2024-10-28T00:29:00.963+0000] {logging_mixin.py:190} INFO - [2024-10-28T00:29:00.963+0000] {dagbag.py:588} INFO - Filling up the DagBag from /home/airflow/.local/lib/python3.12/site-packages/airflow/example_dags/example_kubernetes_executor.py
[2024-10-28T00:29:00.984+0000] {processor.py:925} INFO - DAG(s) 'example_kubernetes_executor' retrieved from /home/airflow/.local/lib/python3.12/site-packages/airflow/example_dags/example_kubernetes_executor.py
[2024-10-28T00:29:01.028+0000] {logging_mixin.py:190} INFO - [2024-10-28T00:29:01.028+0000] {dag.py:3239} INFO - Sync 1 DAGs
[2024-10-28T00:29:01.044+0000] {logging_mixin.py:190} INFO - [2024-10-28T00:29:01.044+0000] {dag.py:4180} INFO - Setting next_dagrun for example_kubernetes_executor to None, run_after=None
[2024-10-28T00:29:01.064+0000] {processor.py:208} INFO - Processing /home/airflow/.local/lib/python3.12/site-packages/airflow/example_dags/example_kubernetes_executor.py took 0.110 seconds
[2024-10-28T00:29:31.999+0000] {processor.py:186} INFO - Started process (PID=49430) to work on /home/airflow/.local/lib/python3.12/site-packages/airflow/example_dags/example_kubernetes_executor.py
[2024-10-28T00:29:32.000+0000] {processor.py:914} INFO - Processing file /home/airflow/.local/lib/python3.12/site-packages/airflow/example_dags/example_kubernetes_executor.py for tasks to queue
[2024-10-28T00:29:32.001+0000] {logging_mixin.py:190} INFO - [2024-10-28T00:29:32.001+0000] {dagbag.py:588} INFO - Filling up the DagBag from /home/airflow/.local/lib/python3.12/site-packages/airflow/example_dags/example_kubernetes_executor.py
[2024-10-28T00:29:32.018+0000] {processor.py:925} INFO - DAG(s) 'example_kubernetes_executor' retrieved from /home/airflow/.local/lib/python3.12/site-packages/airflow/example_dags/example_kubernetes_executor.py
[2024-10-28T00:29:32.058+0000] {logging_mixin.py:190} INFO - [2024-10-28T00:29:32.058+0000] {dag.py:3239} INFO - Sync 1 DAGs
[2024-10-28T00:29:32.073+0000] {logging_mixin.py:190} INFO - [2024-10-28T00:29:32.072+0000] {dag.py:4180} INFO - Setting next_dagrun for example_kubernetes_executor to None, run_after=None
[2024-10-28T00:29:32.092+0000] {processor.py:208} INFO - Processing /home/airflow/.local/lib/python3.12/site-packages/airflow/example_dags/example_kubernetes_executor.py took 0.099 seconds
[2024-10-28T00:30:02.822+0000] {processor.py:186} INFO - Started process (PID=49504) to work on /home/airflow/.local/lib/python3.12/site-packages/airflow/example_dags/example_kubernetes_executor.py
[2024-10-28T00:30:02.823+0000] {processor.py:914} INFO - Processing file /home/airflow/.local/lib/python3.12/site-packages/airflow/example_dags/example_kubernetes_executor.py for tasks to queue
[2024-10-28T00:30:02.825+0000] {logging_mixin.py:190} INFO - [2024-10-28T00:30:02.825+0000] {dagbag.py:588} INFO - Filling up the DagBag from /home/airflow/.local/lib/python3.12/site-packages/airflow/example_dags/example_kubernetes_executor.py
[2024-10-28T00:30:02.839+0000] {processor.py:925} INFO - DAG(s) 'example_kubernetes_executor' retrieved from /home/airflow/.local/lib/python3.12/site-packages/airflow/example_dags/example_kubernetes_executor.py
[2024-10-28T00:30:02.878+0000] {logging_mixin.py:190} INFO - [2024-10-28T00:30:02.878+0000] {dag.py:3239} INFO - Sync 1 DAGs
[2024-10-28T00:30:02.893+0000] {logging_mixin.py:190} INFO - [2024-10-28T00:30:02.892+0000] {dag.py:4180} INFO - Setting next_dagrun for example_kubernetes_executor to None, run_after=None
[2024-10-28T00:30:02.912+0000] {processor.py:208} INFO - Processing /home/airflow/.local/lib/python3.12/site-packages/airflow/example_dags/example_kubernetes_executor.py took 0.095 seconds
[2024-10-28T00:30:33.809+0000] {processor.py:186} INFO - Started process (PID=49578) to work on /home/airflow/.local/lib/python3.12/site-packages/airflow/example_dags/example_kubernetes_executor.py
[2024-10-28T00:30:33.810+0000] {processor.py:914} INFO - Processing file /home/airflow/.local/lib/python3.12/site-packages/airflow/example_dags/example_kubernetes_executor.py for tasks to queue
[2024-10-28T00:30:33.812+0000] {logging_mixin.py:190} INFO - [2024-10-28T00:30:33.812+0000] {dagbag.py:588} INFO - Filling up the DagBag from /home/airflow/.local/lib/python3.12/site-packages/airflow/example_dags/example_kubernetes_executor.py
[2024-10-28T00:30:33.827+0000] {processor.py:925} INFO - DAG(s) 'example_kubernetes_executor' retrieved from /home/airflow/.local/lib/python3.12/site-packages/airflow/example_dags/example_kubernetes_executor.py
[2024-10-28T00:30:33.871+0000] {logging_mixin.py:190} INFO - [2024-10-28T00:30:33.871+0000] {dag.py:3239} INFO - Sync 1 DAGs
[2024-10-28T00:30:33.887+0000] {logging_mixin.py:190} INFO - [2024-10-28T00:30:33.887+0000] {dag.py:4180} INFO - Setting next_dagrun for example_kubernetes_executor to None, run_after=None
[2024-10-28T00:30:33.909+0000] {processor.py:208} INFO - Processing /home/airflow/.local/lib/python3.12/site-packages/airflow/example_dags/example_kubernetes_executor.py took 0.106 seconds
[2024-10-28T00:31:04.551+0000] {processor.py:186} INFO - Started process (PID=49652) to work on /home/airflow/.local/lib/python3.12/site-packages/airflow/example_dags/example_kubernetes_executor.py
[2024-10-28T00:31:04.552+0000] {processor.py:914} INFO - Processing file /home/airflow/.local/lib/python3.12/site-packages/airflow/example_dags/example_kubernetes_executor.py for tasks to queue
[2024-10-28T00:31:04.553+0000] {logging_mixin.py:190} INFO - [2024-10-28T00:31:04.553+0000] {dagbag.py:588} INFO - Filling up the DagBag from /home/airflow/.local/lib/python3.12/site-packages/airflow/example_dags/example_kubernetes_executor.py
[2024-10-28T00:31:04.567+0000] {processor.py:925} INFO - DAG(s) 'example_kubernetes_executor' retrieved from /home/airflow/.local/lib/python3.12/site-packages/airflow/example_dags/example_kubernetes_executor.py
[2024-10-28T00:31:04.610+0000] {logging_mixin.py:190} INFO - [2024-10-28T00:31:04.610+0000] {dag.py:3239} INFO - Sync 1 DAGs
[2024-10-28T00:31:04.627+0000] {logging_mixin.py:190} INFO - [2024-10-28T00:31:04.627+0000] {dag.py:4180} INFO - Setting next_dagrun for example_kubernetes_executor to None, run_after=None
[2024-10-28T00:31:04.646+0000] {processor.py:208} INFO - Processing /home/airflow/.local/lib/python3.12/site-packages/airflow/example_dags/example_kubernetes_executor.py took 0.102 seconds
[2024-10-28T00:31:35.560+0000] {processor.py:186} INFO - Started process (PID=49726) to work on /home/airflow/.local/lib/python3.12/site-packages/airflow/example_dags/example_kubernetes_executor.py
[2024-10-28T00:31:35.561+0000] {processor.py:914} INFO - Processing file /home/airflow/.local/lib/python3.12/site-packages/airflow/example_dags/example_kubernetes_executor.py for tasks to queue
[2024-10-28T00:31:35.562+0000] {logging_mixin.py:190} INFO - [2024-10-28T00:31:35.562+0000] {dagbag.py:588} INFO - Filling up the DagBag from /home/airflow/.local/lib/python3.12/site-packages/airflow/example_dags/example_kubernetes_executor.py
[2024-10-28T00:31:35.575+0000] {processor.py:925} INFO - DAG(s) 'example_kubernetes_executor' retrieved from /home/airflow/.local/lib/python3.12/site-packages/airflow/example_dags/example_kubernetes_executor.py
[2024-10-28T00:31:35.611+0000] {logging_mixin.py:190} INFO - [2024-10-28T00:31:35.611+0000] {dag.py:3239} INFO - Sync 1 DAGs
[2024-10-28T00:31:35.625+0000] {logging_mixin.py:190} INFO - [2024-10-28T00:31:35.625+0000] {dag.py:4180} INFO - Setting next_dagrun for example_kubernetes_executor to None, run_after=None
[2024-10-28T00:31:35.642+0000] {processor.py:208} INFO - Processing /home/airflow/.local/lib/python3.12/site-packages/airflow/example_dags/example_kubernetes_executor.py took 0.088 seconds
[2024-10-28T00:32:06.540+0000] {processor.py:186} INFO - Started process (PID=49800) to work on /home/airflow/.local/lib/python3.12/site-packages/airflow/example_dags/example_kubernetes_executor.py
[2024-10-28T00:32:06.542+0000] {processor.py:914} INFO - Processing file /home/airflow/.local/lib/python3.12/site-packages/airflow/example_dags/example_kubernetes_executor.py for tasks to queue
[2024-10-28T00:32:06.543+0000] {logging_mixin.py:190} INFO - [2024-10-28T00:32:06.543+0000] {dagbag.py:588} INFO - Filling up the DagBag from /home/airflow/.local/lib/python3.12/site-packages/airflow/example_dags/example_kubernetes_executor.py
[2024-10-28T00:32:06.557+0000] {processor.py:925} INFO - DAG(s) 'example_kubernetes_executor' retrieved from /home/airflow/.local/lib/python3.12/site-packages/airflow/example_dags/example_kubernetes_executor.py
[2024-10-28T00:32:06.596+0000] {logging_mixin.py:190} INFO - [2024-10-28T00:32:06.596+0000] {dag.py:3239} INFO - Sync 1 DAGs
[2024-10-28T00:32:06.610+0000] {logging_mixin.py:190} INFO - [2024-10-28T00:32:06.610+0000] {dag.py:4180} INFO - Setting next_dagrun for example_kubernetes_executor to None, run_after=None
[2024-10-28T00:32:06.629+0000] {processor.py:208} INFO - Processing /home/airflow/.local/lib/python3.12/site-packages/airflow/example_dags/example_kubernetes_executor.py took 0.094 seconds
[2024-10-28T00:32:37.199+0000] {processor.py:186} INFO - Started process (PID=49874) to work on /home/airflow/.local/lib/python3.12/site-packages/airflow/example_dags/example_kubernetes_executor.py
[2024-10-28T00:32:37.200+0000] {processor.py:914} INFO - Processing file /home/airflow/.local/lib/python3.12/site-packages/airflow/example_dags/example_kubernetes_executor.py for tasks to queue
[2024-10-28T00:32:37.202+0000] {logging_mixin.py:190} INFO - [2024-10-28T00:32:37.201+0000] {dagbag.py:588} INFO - Filling up the DagBag from /home/airflow/.local/lib/python3.12/site-packages/airflow/example_dags/example_kubernetes_executor.py
[2024-10-28T00:32:37.215+0000] {processor.py:925} INFO - DAG(s) 'example_kubernetes_executor' retrieved from /home/airflow/.local/lib/python3.12/site-packages/airflow/example_dags/example_kubernetes_executor.py
[2024-10-28T00:32:37.255+0000] {logging_mixin.py:190} INFO - [2024-10-28T00:32:37.255+0000] {dag.py:3239} INFO - Sync 1 DAGs
[2024-10-28T00:32:37.268+0000] {logging_mixin.py:190} INFO - [2024-10-28T00:32:37.268+0000] {dag.py:4180} INFO - Setting next_dagrun for example_kubernetes_executor to None, run_after=None
[2024-10-28T00:32:37.287+0000] {processor.py:208} INFO - Processing /home/airflow/.local/lib/python3.12/site-packages/airflow/example_dags/example_kubernetes_executor.py took 0.093 seconds
[2024-10-28T00:33:07.956+0000] {processor.py:186} INFO - Started process (PID=49948) to work on /home/airflow/.local/lib/python3.12/site-packages/airflow/example_dags/example_kubernetes_executor.py
[2024-10-28T00:33:07.968+0000] {processor.py:914} INFO - Processing file /home/airflow/.local/lib/python3.12/site-packages/airflow/example_dags/example_kubernetes_executor.py for tasks to queue
[2024-10-28T00:33:07.969+0000] {logging_mixin.py:190} INFO - [2024-10-28T00:33:07.969+0000] {dagbag.py:588} INFO - Filling up the DagBag from /home/airflow/.local/lib/python3.12/site-packages/airflow/example_dags/example_kubernetes_executor.py
[2024-10-28T00:33:07.983+0000] {processor.py:925} INFO - DAG(s) 'example_kubernetes_executor' retrieved from /home/airflow/.local/lib/python3.12/site-packages/airflow/example_dags/example_kubernetes_executor.py
[2024-10-28T00:33:08.022+0000] {logging_mixin.py:190} INFO - [2024-10-28T00:33:08.022+0000] {dag.py:3239} INFO - Sync 1 DAGs
[2024-10-28T00:33:08.036+0000] {logging_mixin.py:190} INFO - [2024-10-28T00:33:08.036+0000] {dag.py:4180} INFO - Setting next_dagrun for example_kubernetes_executor to None, run_after=None
[2024-10-28T00:33:08.053+0000] {processor.py:208} INFO - Processing /home/airflow/.local/lib/python3.12/site-packages/airflow/example_dags/example_kubernetes_executor.py took 0.104 seconds
[2024-10-28T00:33:38.851+0000] {processor.py:186} INFO - Started process (PID=50028) to work on /home/airflow/.local/lib/python3.12/site-packages/airflow/example_dags/example_kubernetes_executor.py
[2024-10-28T00:33:38.852+0000] {processor.py:914} INFO - Processing file /home/airflow/.local/lib/python3.12/site-packages/airflow/example_dags/example_kubernetes_executor.py for tasks to queue
[2024-10-28T00:33:38.853+0000] {logging_mixin.py:190} INFO - [2024-10-28T00:33:38.853+0000] {dagbag.py:588} INFO - Filling up the DagBag from /home/airflow/.local/lib/python3.12/site-packages/airflow/example_dags/example_kubernetes_executor.py
[2024-10-28T00:33:38.867+0000] {processor.py:925} INFO - DAG(s) 'example_kubernetes_executor' retrieved from /home/airflow/.local/lib/python3.12/site-packages/airflow/example_dags/example_kubernetes_executor.py
[2024-10-28T00:33:38.905+0000] {logging_mixin.py:190} INFO - [2024-10-28T00:33:38.905+0000] {dag.py:3239} INFO - Sync 1 DAGs
[2024-10-28T00:33:38.918+0000] {logging_mixin.py:190} INFO - [2024-10-28T00:33:38.918+0000] {dag.py:4180} INFO - Setting next_dagrun for example_kubernetes_executor to None, run_after=None
[2024-10-28T00:33:38.935+0000] {processor.py:208} INFO - Processing /home/airflow/.local/lib/python3.12/site-packages/airflow/example_dags/example_kubernetes_executor.py took 0.089 seconds
