[2024-10-28T00:00:10.183+0000] {processor.py:186} INFO - Started process (PID=45180) to work on /home/airflow/.local/lib/python3.12/site-packages/airflow/example_dags/example_short_circuit_decorator.py
[2024-10-28T00:00:10.184+0000] {processor.py:914} INFO - Processing file /home/airflow/.local/lib/python3.12/site-packages/airflow/example_dags/example_short_circuit_decorator.py for tasks to queue
[2024-10-28T00:00:10.185+0000] {logging_mixin.py:190} INFO - [2024-10-28T00:00:10.185+0000] {dagbag.py:588} INFO - Filling up the DagBag from /home/airflow/.local/lib/python3.12/site-packages/airflow/example_dags/example_short_circuit_decorator.py
[2024-10-28T00:00:10.196+0000] {processor.py:925} INFO - DAG(s) 'example_short_circuit_decorator' retrieved from /home/airflow/.local/lib/python3.12/site-packages/airflow/example_dags/example_short_circuit_decorator.py
[2024-10-28T00:00:10.223+0000] {logging_mixin.py:190} INFO - [2024-10-28T00:00:10.223+0000] {dag.py:3239} INFO - Sync 1 DAGs
[2024-10-28T00:00:10.246+0000] {logging_mixin.py:190} INFO - [2024-10-28T00:00:10.246+0000] {dag.py:4180} INFO - Setting next_dagrun for example_short_circuit_decorator to None, run_after=None
[2024-10-28T00:00:10.268+0000] {processor.py:208} INFO - Processing /home/airflow/.local/lib/python3.12/site-packages/airflow/example_dags/example_short_circuit_decorator.py took 0.091 seconds
[2024-10-28T00:00:40.844+0000] {processor.py:186} INFO - Started process (PID=45254) to work on /home/airflow/.local/lib/python3.12/site-packages/airflow/example_dags/example_short_circuit_decorator.py
[2024-10-28T00:00:40.845+0000] {processor.py:914} INFO - Processing file /home/airflow/.local/lib/python3.12/site-packages/airflow/example_dags/example_short_circuit_decorator.py for tasks to queue
[2024-10-28T00:00:40.846+0000] {logging_mixin.py:190} INFO - [2024-10-28T00:00:40.845+0000] {dagbag.py:588} INFO - Filling up the DagBag from /home/airflow/.local/lib/python3.12/site-packages/airflow/example_dags/example_short_circuit_decorator.py
[2024-10-28T00:00:40.856+0000] {processor.py:925} INFO - DAG(s) 'example_short_circuit_decorator' retrieved from /home/airflow/.local/lib/python3.12/site-packages/airflow/example_dags/example_short_circuit_decorator.py
[2024-10-28T00:00:40.889+0000] {logging_mixin.py:190} INFO - [2024-10-28T00:00:40.888+0000] {dag.py:3239} INFO - Sync 1 DAGs
[2024-10-28T00:00:40.908+0000] {logging_mixin.py:190} INFO - [2024-10-28T00:00:40.908+0000] {dag.py:4180} INFO - Setting next_dagrun for example_short_circuit_decorator to None, run_after=None
[2024-10-28T00:00:40.931+0000] {processor.py:208} INFO - Processing /home/airflow/.local/lib/python3.12/site-packages/airflow/example_dags/example_short_circuit_decorator.py took 0.095 seconds
[2024-10-28T00:01:11.520+0000] {processor.py:186} INFO - Started process (PID=45328) to work on /home/airflow/.local/lib/python3.12/site-packages/airflow/example_dags/example_short_circuit_decorator.py
[2024-10-28T00:01:11.521+0000] {processor.py:914} INFO - Processing file /home/airflow/.local/lib/python3.12/site-packages/airflow/example_dags/example_short_circuit_decorator.py for tasks to queue
[2024-10-28T00:01:11.522+0000] {logging_mixin.py:190} INFO - [2024-10-28T00:01:11.522+0000] {dagbag.py:588} INFO - Filling up the DagBag from /home/airflow/.local/lib/python3.12/site-packages/airflow/example_dags/example_short_circuit_decorator.py
[2024-10-28T00:01:11.533+0000] {processor.py:925} INFO - DAG(s) 'example_short_circuit_decorator' retrieved from /home/airflow/.local/lib/python3.12/site-packages/airflow/example_dags/example_short_circuit_decorator.py
[2024-10-28T00:01:11.558+0000] {logging_mixin.py:190} INFO - [2024-10-28T00:01:11.557+0000] {dag.py:3239} INFO - Sync 1 DAGs
[2024-10-28T00:01:11.574+0000] {logging_mixin.py:190} INFO - [2024-10-28T00:01:11.573+0000] {dag.py:4180} INFO - Setting next_dagrun for example_short_circuit_decorator to None, run_after=None
[2024-10-28T00:01:11.596+0000] {processor.py:208} INFO - Processing /home/airflow/.local/lib/python3.12/site-packages/airflow/example_dags/example_short_circuit_decorator.py took 0.083 seconds
[2024-10-28T00:01:41.659+0000] {processor.py:186} INFO - Started process (PID=45401) to work on /home/airflow/.local/lib/python3.12/site-packages/airflow/example_dags/example_short_circuit_decorator.py
[2024-10-28T00:01:41.660+0000] {processor.py:914} INFO - Processing file /home/airflow/.local/lib/python3.12/site-packages/airflow/example_dags/example_short_circuit_decorator.py for tasks to queue
[2024-10-28T00:01:41.662+0000] {logging_mixin.py:190} INFO - [2024-10-28T00:01:41.662+0000] {dagbag.py:588} INFO - Filling up the DagBag from /home/airflow/.local/lib/python3.12/site-packages/airflow/example_dags/example_short_circuit_decorator.py
[2024-10-28T00:01:41.674+0000] {processor.py:925} INFO - DAG(s) 'example_short_circuit_decorator' retrieved from /home/airflow/.local/lib/python3.12/site-packages/airflow/example_dags/example_short_circuit_decorator.py
[2024-10-28T00:01:41.705+0000] {logging_mixin.py:190} INFO - [2024-10-28T00:01:41.705+0000] {dag.py:3239} INFO - Sync 1 DAGs
[2024-10-28T00:01:41.723+0000] {logging_mixin.py:190} INFO - [2024-10-28T00:01:41.723+0000] {dag.py:4180} INFO - Setting next_dagrun for example_short_circuit_decorator to None, run_after=None
[2024-10-28T00:01:41.748+0000] {processor.py:208} INFO - Processing /home/airflow/.local/lib/python3.12/site-packages/airflow/example_dags/example_short_circuit_decorator.py took 0.094 seconds
[2024-10-28T00:02:12.150+0000] {processor.py:186} INFO - Started process (PID=45476) to work on /home/airflow/.local/lib/python3.12/site-packages/airflow/example_dags/example_short_circuit_decorator.py
[2024-10-28T00:02:12.151+0000] {processor.py:914} INFO - Processing file /home/airflow/.local/lib/python3.12/site-packages/airflow/example_dags/example_short_circuit_decorator.py for tasks to queue
[2024-10-28T00:02:12.152+0000] {logging_mixin.py:190} INFO - [2024-10-28T00:02:12.152+0000] {dagbag.py:588} INFO - Filling up the DagBag from /home/airflow/.local/lib/python3.12/site-packages/airflow/example_dags/example_short_circuit_decorator.py
[2024-10-28T00:02:12.162+0000] {processor.py:925} INFO - DAG(s) 'example_short_circuit_decorator' retrieved from /home/airflow/.local/lib/python3.12/site-packages/airflow/example_dags/example_short_circuit_decorator.py
[2024-10-28T00:02:12.185+0000] {logging_mixin.py:190} INFO - [2024-10-28T00:02:12.185+0000] {dag.py:3239} INFO - Sync 1 DAGs
[2024-10-28T00:02:12.200+0000] {logging_mixin.py:190} INFO - [2024-10-28T00:02:12.200+0000] {dag.py:4180} INFO - Setting next_dagrun for example_short_circuit_decorator to None, run_after=None
[2024-10-28T00:02:12.219+0000] {processor.py:208} INFO - Processing /home/airflow/.local/lib/python3.12/site-packages/airflow/example_dags/example_short_circuit_decorator.py took 0.075 seconds
[2024-10-28T00:02:42.366+0000] {processor.py:186} INFO - Started process (PID=45550) to work on /home/airflow/.local/lib/python3.12/site-packages/airflow/example_dags/example_short_circuit_decorator.py
[2024-10-28T00:02:42.367+0000] {processor.py:914} INFO - Processing file /home/airflow/.local/lib/python3.12/site-packages/airflow/example_dags/example_short_circuit_decorator.py for tasks to queue
[2024-10-28T00:02:42.369+0000] {logging_mixin.py:190} INFO - [2024-10-28T00:02:42.368+0000] {dagbag.py:588} INFO - Filling up the DagBag from /home/airflow/.local/lib/python3.12/site-packages/airflow/example_dags/example_short_circuit_decorator.py
[2024-10-28T00:02:42.379+0000] {processor.py:925} INFO - DAG(s) 'example_short_circuit_decorator' retrieved from /home/airflow/.local/lib/python3.12/site-packages/airflow/example_dags/example_short_circuit_decorator.py
[2024-10-28T00:02:42.405+0000] {logging_mixin.py:190} INFO - [2024-10-28T00:02:42.404+0000] {dag.py:3239} INFO - Sync 1 DAGs
[2024-10-28T00:02:42.421+0000] {logging_mixin.py:190} INFO - [2024-10-28T00:02:42.421+0000] {dag.py:4180} INFO - Setting next_dagrun for example_short_circuit_decorator to None, run_after=None
[2024-10-28T00:02:42.441+0000] {processor.py:208} INFO - Processing /home/airflow/.local/lib/python3.12/site-packages/airflow/example_dags/example_short_circuit_decorator.py took 0.081 seconds
[2024-10-28T00:03:12.859+0000] {processor.py:186} INFO - Started process (PID=45624) to work on /home/airflow/.local/lib/python3.12/site-packages/airflow/example_dags/example_short_circuit_decorator.py
[2024-10-28T00:03:12.860+0000] {processor.py:914} INFO - Processing file /home/airflow/.local/lib/python3.12/site-packages/airflow/example_dags/example_short_circuit_decorator.py for tasks to queue
[2024-10-28T00:03:12.861+0000] {logging_mixin.py:190} INFO - [2024-10-28T00:03:12.861+0000] {dagbag.py:588} INFO - Filling up the DagBag from /home/airflow/.local/lib/python3.12/site-packages/airflow/example_dags/example_short_circuit_decorator.py
[2024-10-28T00:03:12.870+0000] {processor.py:925} INFO - DAG(s) 'example_short_circuit_decorator' retrieved from /home/airflow/.local/lib/python3.12/site-packages/airflow/example_dags/example_short_circuit_decorator.py
[2024-10-28T00:03:12.894+0000] {logging_mixin.py:190} INFO - [2024-10-28T00:03:12.894+0000] {dag.py:3239} INFO - Sync 1 DAGs
[2024-10-28T00:03:12.908+0000] {logging_mixin.py:190} INFO - [2024-10-28T00:03:12.908+0000] {dag.py:4180} INFO - Setting next_dagrun for example_short_circuit_decorator to None, run_after=None
[2024-10-28T00:03:12.928+0000] {processor.py:208} INFO - Processing /home/airflow/.local/lib/python3.12/site-packages/airflow/example_dags/example_short_circuit_decorator.py took 0.075 seconds
[2024-10-28T00:03:43.118+0000] {processor.py:186} INFO - Started process (PID=45698) to work on /home/airflow/.local/lib/python3.12/site-packages/airflow/example_dags/example_short_circuit_decorator.py
[2024-10-28T00:03:43.119+0000] {processor.py:914} INFO - Processing file /home/airflow/.local/lib/python3.12/site-packages/airflow/example_dags/example_short_circuit_decorator.py for tasks to queue
[2024-10-28T00:03:43.120+0000] {logging_mixin.py:190} INFO - [2024-10-28T00:03:43.120+0000] {dagbag.py:588} INFO - Filling up the DagBag from /home/airflow/.local/lib/python3.12/site-packages/airflow/example_dags/example_short_circuit_decorator.py
[2024-10-28T00:03:43.131+0000] {processor.py:925} INFO - DAG(s) 'example_short_circuit_decorator' retrieved from /home/airflow/.local/lib/python3.12/site-packages/airflow/example_dags/example_short_circuit_decorator.py
[2024-10-28T00:03:43.157+0000] {logging_mixin.py:190} INFO - [2024-10-28T00:03:43.157+0000] {dag.py:3239} INFO - Sync 1 DAGs
[2024-10-28T00:03:43.171+0000] {logging_mixin.py:190} INFO - [2024-10-28T00:03:43.171+0000] {dag.py:4180} INFO - Setting next_dagrun for example_short_circuit_decorator to None, run_after=None
[2024-10-28T00:03:43.192+0000] {processor.py:208} INFO - Processing /home/airflow/.local/lib/python3.12/site-packages/airflow/example_dags/example_short_circuit_decorator.py took 0.080 seconds
[2024-10-28T00:04:13.765+0000] {processor.py:186} INFO - Started process (PID=45772) to work on /home/airflow/.local/lib/python3.12/site-packages/airflow/example_dags/example_short_circuit_decorator.py
[2024-10-28T00:04:13.766+0000] {processor.py:914} INFO - Processing file /home/airflow/.local/lib/python3.12/site-packages/airflow/example_dags/example_short_circuit_decorator.py for tasks to queue
[2024-10-28T00:04:13.767+0000] {logging_mixin.py:190} INFO - [2024-10-28T00:04:13.767+0000] {dagbag.py:588} INFO - Filling up the DagBag from /home/airflow/.local/lib/python3.12/site-packages/airflow/example_dags/example_short_circuit_decorator.py
[2024-10-28T00:04:13.776+0000] {processor.py:925} INFO - DAG(s) 'example_short_circuit_decorator' retrieved from /home/airflow/.local/lib/python3.12/site-packages/airflow/example_dags/example_short_circuit_decorator.py
[2024-10-28T00:04:13.799+0000] {logging_mixin.py:190} INFO - [2024-10-28T00:04:13.799+0000] {dag.py:3239} INFO - Sync 1 DAGs
[2024-10-28T00:04:13.815+0000] {logging_mixin.py:190} INFO - [2024-10-28T00:04:13.815+0000] {dag.py:4180} INFO - Setting next_dagrun for example_short_circuit_decorator to None, run_after=None
[2024-10-28T00:04:13.835+0000] {processor.py:208} INFO - Processing /home/airflow/.local/lib/python3.12/site-packages/airflow/example_dags/example_short_circuit_decorator.py took 0.076 seconds
[2024-10-28T00:04:44.224+0000] {processor.py:186} INFO - Started process (PID=45846) to work on /home/airflow/.local/lib/python3.12/site-packages/airflow/example_dags/example_short_circuit_decorator.py
[2024-10-28T00:04:44.226+0000] {processor.py:914} INFO - Processing file /home/airflow/.local/lib/python3.12/site-packages/airflow/example_dags/example_short_circuit_decorator.py for tasks to queue
[2024-10-28T00:04:44.228+0000] {logging_mixin.py:190} INFO - [2024-10-28T00:04:44.228+0000] {dagbag.py:588} INFO - Filling up the DagBag from /home/airflow/.local/lib/python3.12/site-packages/airflow/example_dags/example_short_circuit_decorator.py
[2024-10-28T00:04:44.262+0000] {processor.py:925} INFO - DAG(s) 'example_short_circuit_decorator' retrieved from /home/airflow/.local/lib/python3.12/site-packages/airflow/example_dags/example_short_circuit_decorator.py
[2024-10-28T00:04:44.345+0000] {logging_mixin.py:190} INFO - [2024-10-28T00:04:44.345+0000] {dag.py:3239} INFO - Sync 1 DAGs
[2024-10-28T00:04:44.398+0000] {logging_mixin.py:190} INFO - [2024-10-28T00:04:44.398+0000] {dag.py:4180} INFO - Setting next_dagrun for example_short_circuit_decorator to None, run_after=None
[2024-10-28T00:04:44.479+0000] {processor.py:208} INFO - Processing /home/airflow/.local/lib/python3.12/site-packages/airflow/example_dags/example_short_circuit_decorator.py took 0.262 seconds
[2024-10-28T00:05:14.855+0000] {processor.py:186} INFO - Started process (PID=45920) to work on /home/airflow/.local/lib/python3.12/site-packages/airflow/example_dags/example_short_circuit_decorator.py
[2024-10-28T00:05:14.856+0000] {processor.py:914} INFO - Processing file /home/airflow/.local/lib/python3.12/site-packages/airflow/example_dags/example_short_circuit_decorator.py for tasks to queue
[2024-10-28T00:05:14.857+0000] {logging_mixin.py:190} INFO - [2024-10-28T00:05:14.857+0000] {dagbag.py:588} INFO - Filling up the DagBag from /home/airflow/.local/lib/python3.12/site-packages/airflow/example_dags/example_short_circuit_decorator.py
[2024-10-28T00:05:14.870+0000] {processor.py:925} INFO - DAG(s) 'example_short_circuit_decorator' retrieved from /home/airflow/.local/lib/python3.12/site-packages/airflow/example_dags/example_short_circuit_decorator.py
[2024-10-28T00:05:14.895+0000] {logging_mixin.py:190} INFO - [2024-10-28T00:05:14.895+0000] {dag.py:3239} INFO - Sync 1 DAGs
[2024-10-28T00:05:14.911+0000] {logging_mixin.py:190} INFO - [2024-10-28T00:05:14.911+0000] {dag.py:4180} INFO - Setting next_dagrun for example_short_circuit_decorator to None, run_after=None
[2024-10-28T00:05:14.932+0000] {processor.py:208} INFO - Processing /home/airflow/.local/lib/python3.12/site-packages/airflow/example_dags/example_short_circuit_decorator.py took 0.083 seconds
[2024-10-28T00:05:45.300+0000] {processor.py:186} INFO - Started process (PID=45994) to work on /home/airflow/.local/lib/python3.12/site-packages/airflow/example_dags/example_short_circuit_decorator.py
[2024-10-28T00:05:45.301+0000] {processor.py:914} INFO - Processing file /home/airflow/.local/lib/python3.12/site-packages/airflow/example_dags/example_short_circuit_decorator.py for tasks to queue
[2024-10-28T00:05:45.303+0000] {logging_mixin.py:190} INFO - [2024-10-28T00:05:45.302+0000] {dagbag.py:588} INFO - Filling up the DagBag from /home/airflow/.local/lib/python3.12/site-packages/airflow/example_dags/example_short_circuit_decorator.py
[2024-10-28T00:05:45.316+0000] {processor.py:925} INFO - DAG(s) 'example_short_circuit_decorator' retrieved from /home/airflow/.local/lib/python3.12/site-packages/airflow/example_dags/example_short_circuit_decorator.py
[2024-10-28T00:05:45.342+0000] {logging_mixin.py:190} INFO - [2024-10-28T00:05:45.342+0000] {dag.py:3239} INFO - Sync 1 DAGs
[2024-10-28T00:05:45.362+0000] {logging_mixin.py:190} INFO - [2024-10-28T00:05:45.361+0000] {dag.py:4180} INFO - Setting next_dagrun for example_short_circuit_decorator to None, run_after=None
[2024-10-28T00:05:45.386+0000] {processor.py:208} INFO - Processing /home/airflow/.local/lib/python3.12/site-packages/airflow/example_dags/example_short_circuit_decorator.py took 0.094 seconds
[2024-10-28T00:06:15.677+0000] {processor.py:186} INFO - Started process (PID=46068) to work on /home/airflow/.local/lib/python3.12/site-packages/airflow/example_dags/example_short_circuit_decorator.py
[2024-10-28T00:06:15.678+0000] {processor.py:914} INFO - Processing file /home/airflow/.local/lib/python3.12/site-packages/airflow/example_dags/example_short_circuit_decorator.py for tasks to queue
[2024-10-28T00:06:15.679+0000] {logging_mixin.py:190} INFO - [2024-10-28T00:06:15.679+0000] {dagbag.py:588} INFO - Filling up the DagBag from /home/airflow/.local/lib/python3.12/site-packages/airflow/example_dags/example_short_circuit_decorator.py
[2024-10-28T00:06:15.688+0000] {processor.py:925} INFO - DAG(s) 'example_short_circuit_decorator' retrieved from /home/airflow/.local/lib/python3.12/site-packages/airflow/example_dags/example_short_circuit_decorator.py
[2024-10-28T00:06:15.715+0000] {logging_mixin.py:190} INFO - [2024-10-28T00:06:15.715+0000] {dag.py:3239} INFO - Sync 1 DAGs
[2024-10-28T00:06:15.730+0000] {logging_mixin.py:190} INFO - [2024-10-28T00:06:15.730+0000] {dag.py:4180} INFO - Setting next_dagrun for example_short_circuit_decorator to None, run_after=None
[2024-10-28T00:06:15.750+0000] {processor.py:208} INFO - Processing /home/airflow/.local/lib/python3.12/site-packages/airflow/example_dags/example_short_circuit_decorator.py took 0.079 seconds
[2024-10-28T00:06:45.902+0000] {processor.py:186} INFO - Started process (PID=46142) to work on /home/airflow/.local/lib/python3.12/site-packages/airflow/example_dags/example_short_circuit_decorator.py
[2024-10-28T00:06:45.903+0000] {processor.py:914} INFO - Processing file /home/airflow/.local/lib/python3.12/site-packages/airflow/example_dags/example_short_circuit_decorator.py for tasks to queue
[2024-10-28T00:06:45.904+0000] {logging_mixin.py:190} INFO - [2024-10-28T00:06:45.904+0000] {dagbag.py:588} INFO - Filling up the DagBag from /home/airflow/.local/lib/python3.12/site-packages/airflow/example_dags/example_short_circuit_decorator.py
[2024-10-28T00:06:45.913+0000] {processor.py:925} INFO - DAG(s) 'example_short_circuit_decorator' retrieved from /home/airflow/.local/lib/python3.12/site-packages/airflow/example_dags/example_short_circuit_decorator.py
[2024-10-28T00:06:45.939+0000] {logging_mixin.py:190} INFO - [2024-10-28T00:06:45.938+0000] {dag.py:3239} INFO - Sync 1 DAGs
[2024-10-28T00:06:45.952+0000] {logging_mixin.py:190} INFO - [2024-10-28T00:06:45.952+0000] {dag.py:4180} INFO - Setting next_dagrun for example_short_circuit_decorator to None, run_after=None
[2024-10-28T00:06:45.972+0000] {processor.py:208} INFO - Processing /home/airflow/.local/lib/python3.12/site-packages/airflow/example_dags/example_short_circuit_decorator.py took 0.076 seconds
[2024-10-28T00:07:16.141+0000] {processor.py:186} INFO - Started process (PID=46216) to work on /home/airflow/.local/lib/python3.12/site-packages/airflow/example_dags/example_short_circuit_decorator.py
[2024-10-28T00:07:16.142+0000] {processor.py:914} INFO - Processing file /home/airflow/.local/lib/python3.12/site-packages/airflow/example_dags/example_short_circuit_decorator.py for tasks to queue
[2024-10-28T00:07:16.143+0000] {logging_mixin.py:190} INFO - [2024-10-28T00:07:16.143+0000] {dagbag.py:588} INFO - Filling up the DagBag from /home/airflow/.local/lib/python3.12/site-packages/airflow/example_dags/example_short_circuit_decorator.py
[2024-10-28T00:07:16.153+0000] {processor.py:925} INFO - DAG(s) 'example_short_circuit_decorator' retrieved from /home/airflow/.local/lib/python3.12/site-packages/airflow/example_dags/example_short_circuit_decorator.py
[2024-10-28T00:07:16.175+0000] {logging_mixin.py:190} INFO - [2024-10-28T00:07:16.175+0000] {dag.py:3239} INFO - Sync 1 DAGs
[2024-10-28T00:07:16.190+0000] {logging_mixin.py:190} INFO - [2024-10-28T00:07:16.190+0000] {dag.py:4180} INFO - Setting next_dagrun for example_short_circuit_decorator to None, run_after=None
[2024-10-28T00:07:16.208+0000] {processor.py:208} INFO - Processing /home/airflow/.local/lib/python3.12/site-packages/airflow/example_dags/example_short_circuit_decorator.py took 0.073 seconds
[2024-10-28T00:07:46.945+0000] {processor.py:186} INFO - Started process (PID=46291) to work on /home/airflow/.local/lib/python3.12/site-packages/airflow/example_dags/example_short_circuit_decorator.py
[2024-10-28T00:07:46.946+0000] {processor.py:914} INFO - Processing file /home/airflow/.local/lib/python3.12/site-packages/airflow/example_dags/example_short_circuit_decorator.py for tasks to queue
[2024-10-28T00:07:46.947+0000] {logging_mixin.py:190} INFO - [2024-10-28T00:07:46.947+0000] {dagbag.py:588} INFO - Filling up the DagBag from /home/airflow/.local/lib/python3.12/site-packages/airflow/example_dags/example_short_circuit_decorator.py
[2024-10-28T00:07:46.956+0000] {processor.py:925} INFO - DAG(s) 'example_short_circuit_decorator' retrieved from /home/airflow/.local/lib/python3.12/site-packages/airflow/example_dags/example_short_circuit_decorator.py
[2024-10-28T00:07:46.980+0000] {logging_mixin.py:190} INFO - [2024-10-28T00:07:46.980+0000] {dag.py:3239} INFO - Sync 1 DAGs
[2024-10-28T00:07:46.995+0000] {logging_mixin.py:190} INFO - [2024-10-28T00:07:46.995+0000] {dag.py:4180} INFO - Setting next_dagrun for example_short_circuit_decorator to None, run_after=None
[2024-10-28T00:07:47.017+0000] {processor.py:208} INFO - Processing /home/airflow/.local/lib/python3.12/site-packages/airflow/example_dags/example_short_circuit_decorator.py took 0.078 seconds
[2024-10-28T00:08:17.488+0000] {processor.py:186} INFO - Started process (PID=46365) to work on /home/airflow/.local/lib/python3.12/site-packages/airflow/example_dags/example_short_circuit_decorator.py
[2024-10-28T00:08:17.489+0000] {processor.py:914} INFO - Processing file /home/airflow/.local/lib/python3.12/site-packages/airflow/example_dags/example_short_circuit_decorator.py for tasks to queue
[2024-10-28T00:08:17.491+0000] {logging_mixin.py:190} INFO - [2024-10-28T00:08:17.491+0000] {dagbag.py:588} INFO - Filling up the DagBag from /home/airflow/.local/lib/python3.12/site-packages/airflow/example_dags/example_short_circuit_decorator.py
[2024-10-28T00:08:17.501+0000] {processor.py:925} INFO - DAG(s) 'example_short_circuit_decorator' retrieved from /home/airflow/.local/lib/python3.12/site-packages/airflow/example_dags/example_short_circuit_decorator.py
[2024-10-28T00:08:17.529+0000] {logging_mixin.py:190} INFO - [2024-10-28T00:08:17.528+0000] {dag.py:3239} INFO - Sync 1 DAGs
[2024-10-28T00:08:17.544+0000] {logging_mixin.py:190} INFO - [2024-10-28T00:08:17.544+0000] {dag.py:4180} INFO - Setting next_dagrun for example_short_circuit_decorator to None, run_after=None
[2024-10-28T00:08:17.568+0000] {processor.py:208} INFO - Processing /home/airflow/.local/lib/python3.12/site-packages/airflow/example_dags/example_short_circuit_decorator.py took 0.086 seconds
[2024-10-28T00:08:48.436+0000] {processor.py:186} INFO - Started process (PID=46439) to work on /home/airflow/.local/lib/python3.12/site-packages/airflow/example_dags/example_short_circuit_decorator.py
[2024-10-28T00:08:48.438+0000] {processor.py:914} INFO - Processing file /home/airflow/.local/lib/python3.12/site-packages/airflow/example_dags/example_short_circuit_decorator.py for tasks to queue
[2024-10-28T00:08:48.439+0000] {logging_mixin.py:190} INFO - [2024-10-28T00:08:48.439+0000] {dagbag.py:588} INFO - Filling up the DagBag from /home/airflow/.local/lib/python3.12/site-packages/airflow/example_dags/example_short_circuit_decorator.py
[2024-10-28T00:08:48.448+0000] {processor.py:925} INFO - DAG(s) 'example_short_circuit_decorator' retrieved from /home/airflow/.local/lib/python3.12/site-packages/airflow/example_dags/example_short_circuit_decorator.py
[2024-10-28T00:08:48.472+0000] {logging_mixin.py:190} INFO - [2024-10-28T00:08:48.472+0000] {dag.py:3239} INFO - Sync 1 DAGs
[2024-10-28T00:08:48.486+0000] {logging_mixin.py:190} INFO - [2024-10-28T00:08:48.486+0000] {dag.py:4180} INFO - Setting next_dagrun for example_short_circuit_decorator to None, run_after=None
[2024-10-28T00:08:48.506+0000] {processor.py:208} INFO - Processing /home/airflow/.local/lib/python3.12/site-packages/airflow/example_dags/example_short_circuit_decorator.py took 0.075 seconds
[2024-10-28T00:09:18.890+0000] {processor.py:186} INFO - Started process (PID=46513) to work on /home/airflow/.local/lib/python3.12/site-packages/airflow/example_dags/example_short_circuit_decorator.py
[2024-10-28T00:09:18.891+0000] {processor.py:914} INFO - Processing file /home/airflow/.local/lib/python3.12/site-packages/airflow/example_dags/example_short_circuit_decorator.py for tasks to queue
[2024-10-28T00:09:18.893+0000] {logging_mixin.py:190} INFO - [2024-10-28T00:09:18.892+0000] {dagbag.py:588} INFO - Filling up the DagBag from /home/airflow/.local/lib/python3.12/site-packages/airflow/example_dags/example_short_circuit_decorator.py
[2024-10-28T00:09:18.904+0000] {processor.py:925} INFO - DAG(s) 'example_short_circuit_decorator' retrieved from /home/airflow/.local/lib/python3.12/site-packages/airflow/example_dags/example_short_circuit_decorator.py
[2024-10-28T00:09:18.928+0000] {logging_mixin.py:190} INFO - [2024-10-28T00:09:18.927+0000] {dag.py:3239} INFO - Sync 1 DAGs
[2024-10-28T00:09:18.942+0000] {logging_mixin.py:190} INFO - [2024-10-28T00:09:18.941+0000] {dag.py:4180} INFO - Setting next_dagrun for example_short_circuit_decorator to None, run_after=None
[2024-10-28T00:09:18.959+0000] {processor.py:208} INFO - Processing /home/airflow/.local/lib/python3.12/site-packages/airflow/example_dags/example_short_circuit_decorator.py took 0.078 seconds
[2024-10-28T00:09:49.062+0000] {processor.py:186} INFO - Started process (PID=46587) to work on /home/airflow/.local/lib/python3.12/site-packages/airflow/example_dags/example_short_circuit_decorator.py
[2024-10-28T00:09:49.064+0000] {processor.py:914} INFO - Processing file /home/airflow/.local/lib/python3.12/site-packages/airflow/example_dags/example_short_circuit_decorator.py for tasks to queue
[2024-10-28T00:09:49.066+0000] {logging_mixin.py:190} INFO - [2024-10-28T00:09:49.066+0000] {dagbag.py:588} INFO - Filling up the DagBag from /home/airflow/.local/lib/python3.12/site-packages/airflow/example_dags/example_short_circuit_decorator.py
[2024-10-28T00:09:49.075+0000] {processor.py:925} INFO - DAG(s) 'example_short_circuit_decorator' retrieved from /home/airflow/.local/lib/python3.12/site-packages/airflow/example_dags/example_short_circuit_decorator.py
[2024-10-28T00:09:49.101+0000] {logging_mixin.py:190} INFO - [2024-10-28T00:09:49.100+0000] {dag.py:3239} INFO - Sync 1 DAGs
[2024-10-28T00:09:49.118+0000] {logging_mixin.py:190} INFO - [2024-10-28T00:09:49.118+0000] {dag.py:4180} INFO - Setting next_dagrun for example_short_circuit_decorator to None, run_after=None
[2024-10-28T00:09:49.140+0000] {processor.py:208} INFO - Processing /home/airflow/.local/lib/python3.12/site-packages/airflow/example_dags/example_short_circuit_decorator.py took 0.085 seconds
[2024-10-28T00:10:19.252+0000] {processor.py:186} INFO - Started process (PID=46661) to work on /home/airflow/.local/lib/python3.12/site-packages/airflow/example_dags/example_short_circuit_decorator.py
[2024-10-28T00:10:19.253+0000] {processor.py:914} INFO - Processing file /home/airflow/.local/lib/python3.12/site-packages/airflow/example_dags/example_short_circuit_decorator.py for tasks to queue
[2024-10-28T00:10:19.254+0000] {logging_mixin.py:190} INFO - [2024-10-28T00:10:19.254+0000] {dagbag.py:588} INFO - Filling up the DagBag from /home/airflow/.local/lib/python3.12/site-packages/airflow/example_dags/example_short_circuit_decorator.py
[2024-10-28T00:10:19.265+0000] {processor.py:925} INFO - DAG(s) 'example_short_circuit_decorator' retrieved from /home/airflow/.local/lib/python3.12/site-packages/airflow/example_dags/example_short_circuit_decorator.py
[2024-10-28T00:10:19.288+0000] {logging_mixin.py:190} INFO - [2024-10-28T00:10:19.288+0000] {dag.py:3239} INFO - Sync 1 DAGs
[2024-10-28T00:10:19.303+0000] {logging_mixin.py:190} INFO - [2024-10-28T00:10:19.302+0000] {dag.py:4180} INFO - Setting next_dagrun for example_short_circuit_decorator to None, run_after=None
[2024-10-28T00:10:19.323+0000] {processor.py:208} INFO - Processing /home/airflow/.local/lib/python3.12/site-packages/airflow/example_dags/example_short_circuit_decorator.py took 0.076 seconds
[2024-10-28T00:10:49.491+0000] {processor.py:186} INFO - Started process (PID=46735) to work on /home/airflow/.local/lib/python3.12/site-packages/airflow/example_dags/example_short_circuit_decorator.py
[2024-10-28T00:10:49.492+0000] {processor.py:914} INFO - Processing file /home/airflow/.local/lib/python3.12/site-packages/airflow/example_dags/example_short_circuit_decorator.py for tasks to queue
[2024-10-28T00:10:49.494+0000] {logging_mixin.py:190} INFO - [2024-10-28T00:10:49.494+0000] {dagbag.py:588} INFO - Filling up the DagBag from /home/airflow/.local/lib/python3.12/site-packages/airflow/example_dags/example_short_circuit_decorator.py
[2024-10-28T00:10:49.503+0000] {processor.py:925} INFO - DAG(s) 'example_short_circuit_decorator' retrieved from /home/airflow/.local/lib/python3.12/site-packages/airflow/example_dags/example_short_circuit_decorator.py
[2024-10-28T00:10:49.527+0000] {logging_mixin.py:190} INFO - [2024-10-28T00:10:49.527+0000] {dag.py:3239} INFO - Sync 1 DAGs
[2024-10-28T00:10:49.542+0000] {logging_mixin.py:190} INFO - [2024-10-28T00:10:49.542+0000] {dag.py:4180} INFO - Setting next_dagrun for example_short_circuit_decorator to None, run_after=None
[2024-10-28T00:10:49.560+0000] {processor.py:208} INFO - Processing /home/airflow/.local/lib/python3.12/site-packages/airflow/example_dags/example_short_circuit_decorator.py took 0.075 seconds
[2024-10-28T00:11:19.840+0000] {processor.py:186} INFO - Started process (PID=46809) to work on /home/airflow/.local/lib/python3.12/site-packages/airflow/example_dags/example_short_circuit_decorator.py
[2024-10-28T00:11:19.841+0000] {processor.py:914} INFO - Processing file /home/airflow/.local/lib/python3.12/site-packages/airflow/example_dags/example_short_circuit_decorator.py for tasks to queue
[2024-10-28T00:11:19.843+0000] {logging_mixin.py:190} INFO - [2024-10-28T00:11:19.842+0000] {dagbag.py:588} INFO - Filling up the DagBag from /home/airflow/.local/lib/python3.12/site-packages/airflow/example_dags/example_short_circuit_decorator.py
[2024-10-28T00:11:19.854+0000] {processor.py:925} INFO - DAG(s) 'example_short_circuit_decorator' retrieved from /home/airflow/.local/lib/python3.12/site-packages/airflow/example_dags/example_short_circuit_decorator.py
[2024-10-28T00:11:19.880+0000] {logging_mixin.py:190} INFO - [2024-10-28T00:11:19.880+0000] {dag.py:3239} INFO - Sync 1 DAGs
[2024-10-28T00:11:19.897+0000] {logging_mixin.py:190} INFO - [2024-10-28T00:11:19.897+0000] {dag.py:4180} INFO - Setting next_dagrun for example_short_circuit_decorator to None, run_after=None
[2024-10-28T00:11:19.920+0000] {processor.py:208} INFO - Processing /home/airflow/.local/lib/python3.12/site-packages/airflow/example_dags/example_short_circuit_decorator.py took 0.085 seconds
[2024-10-28T00:11:49.992+0000] {processor.py:186} INFO - Started process (PID=46871) to work on /home/airflow/.local/lib/python3.12/site-packages/airflow/example_dags/example_short_circuit_decorator.py
[2024-10-28T00:11:49.993+0000] {processor.py:914} INFO - Processing file /home/airflow/.local/lib/python3.12/site-packages/airflow/example_dags/example_short_circuit_decorator.py for tasks to queue
[2024-10-28T00:11:49.995+0000] {logging_mixin.py:190} INFO - [2024-10-28T00:11:49.994+0000] {dagbag.py:588} INFO - Filling up the DagBag from /home/airflow/.local/lib/python3.12/site-packages/airflow/example_dags/example_short_circuit_decorator.py
[2024-10-28T00:11:50.004+0000] {processor.py:925} INFO - DAG(s) 'example_short_circuit_decorator' retrieved from /home/airflow/.local/lib/python3.12/site-packages/airflow/example_dags/example_short_circuit_decorator.py
[2024-10-28T00:11:50.026+0000] {logging_mixin.py:190} INFO - [2024-10-28T00:11:50.025+0000] {dag.py:3239} INFO - Sync 1 DAGs
[2024-10-28T00:11:50.039+0000] {logging_mixin.py:190} INFO - [2024-10-28T00:11:50.039+0000] {dag.py:4180} INFO - Setting next_dagrun for example_short_circuit_decorator to None, run_after=None
[2024-10-28T00:11:50.057+0000] {processor.py:208} INFO - Processing /home/airflow/.local/lib/python3.12/site-packages/airflow/example_dags/example_short_circuit_decorator.py took 0.070 seconds
[2024-10-28T00:12:20.237+0000] {processor.py:186} INFO - Started process (PID=46945) to work on /home/airflow/.local/lib/python3.12/site-packages/airflow/example_dags/example_short_circuit_decorator.py
[2024-10-28T00:12:20.238+0000] {processor.py:914} INFO - Processing file /home/airflow/.local/lib/python3.12/site-packages/airflow/example_dags/example_short_circuit_decorator.py for tasks to queue
[2024-10-28T00:12:20.240+0000] {logging_mixin.py:190} INFO - [2024-10-28T00:12:20.239+0000] {dagbag.py:588} INFO - Filling up the DagBag from /home/airflow/.local/lib/python3.12/site-packages/airflow/example_dags/example_short_circuit_decorator.py
[2024-10-28T00:12:20.250+0000] {processor.py:925} INFO - DAG(s) 'example_short_circuit_decorator' retrieved from /home/airflow/.local/lib/python3.12/site-packages/airflow/example_dags/example_short_circuit_decorator.py
[2024-10-28T00:12:20.273+0000] {logging_mixin.py:190} INFO - [2024-10-28T00:12:20.272+0000] {dag.py:3239} INFO - Sync 1 DAGs
[2024-10-28T00:12:20.287+0000] {logging_mixin.py:190} INFO - [2024-10-28T00:12:20.287+0000] {dag.py:4180} INFO - Setting next_dagrun for example_short_circuit_decorator to None, run_after=None
[2024-10-28T00:12:20.305+0000] {processor.py:208} INFO - Processing /home/airflow/.local/lib/python3.12/site-packages/airflow/example_dags/example_short_circuit_decorator.py took 0.076 seconds
[2024-10-28T00:12:50.723+0000] {processor.py:186} INFO - Started process (PID=47019) to work on /home/airflow/.local/lib/python3.12/site-packages/airflow/example_dags/example_short_circuit_decorator.py
[2024-10-28T00:12:50.725+0000] {processor.py:914} INFO - Processing file /home/airflow/.local/lib/python3.12/site-packages/airflow/example_dags/example_short_circuit_decorator.py for tasks to queue
[2024-10-28T00:12:50.727+0000] {logging_mixin.py:190} INFO - [2024-10-28T00:12:50.726+0000] {dagbag.py:588} INFO - Filling up the DagBag from /home/airflow/.local/lib/python3.12/site-packages/airflow/example_dags/example_short_circuit_decorator.py
[2024-10-28T00:12:50.739+0000] {processor.py:925} INFO - DAG(s) 'example_short_circuit_decorator' retrieved from /home/airflow/.local/lib/python3.12/site-packages/airflow/example_dags/example_short_circuit_decorator.py
[2024-10-28T00:12:50.761+0000] {logging_mixin.py:190} INFO - [2024-10-28T00:12:50.761+0000] {dag.py:3239} INFO - Sync 1 DAGs
[2024-10-28T00:12:50.776+0000] {logging_mixin.py:190} INFO - [2024-10-28T00:12:50.776+0000] {dag.py:4180} INFO - Setting next_dagrun for example_short_circuit_decorator to None, run_after=None
[2024-10-28T00:12:50.795+0000] {processor.py:208} INFO - Processing /home/airflow/.local/lib/python3.12/site-packages/airflow/example_dags/example_short_circuit_decorator.py took 0.080 seconds
[2024-10-28T00:13:21.173+0000] {processor.py:186} INFO - Started process (PID=47093) to work on /home/airflow/.local/lib/python3.12/site-packages/airflow/example_dags/example_short_circuit_decorator.py
[2024-10-28T00:13:21.174+0000] {processor.py:914} INFO - Processing file /home/airflow/.local/lib/python3.12/site-packages/airflow/example_dags/example_short_circuit_decorator.py for tasks to queue
[2024-10-28T00:13:21.176+0000] {logging_mixin.py:190} INFO - [2024-10-28T00:13:21.175+0000] {dagbag.py:588} INFO - Filling up the DagBag from /home/airflow/.local/lib/python3.12/site-packages/airflow/example_dags/example_short_circuit_decorator.py
[2024-10-28T00:13:21.185+0000] {processor.py:925} INFO - DAG(s) 'example_short_circuit_decorator' retrieved from /home/airflow/.local/lib/python3.12/site-packages/airflow/example_dags/example_short_circuit_decorator.py
[2024-10-28T00:13:21.207+0000] {logging_mixin.py:190} INFO - [2024-10-28T00:13:21.207+0000] {dag.py:3239} INFO - Sync 1 DAGs
[2024-10-28T00:13:21.222+0000] {logging_mixin.py:190} INFO - [2024-10-28T00:13:21.221+0000] {dag.py:4180} INFO - Setting next_dagrun for example_short_circuit_decorator to None, run_after=None
[2024-10-28T00:13:21.239+0000] {processor.py:208} INFO - Processing /home/airflow/.local/lib/python3.12/site-packages/airflow/example_dags/example_short_circuit_decorator.py took 0.071 seconds
[2024-10-28T00:13:51.643+0000] {processor.py:186} INFO - Started process (PID=47167) to work on /home/airflow/.local/lib/python3.12/site-packages/airflow/example_dags/example_short_circuit_decorator.py
[2024-10-28T00:13:51.644+0000] {processor.py:914} INFO - Processing file /home/airflow/.local/lib/python3.12/site-packages/airflow/example_dags/example_short_circuit_decorator.py for tasks to queue
[2024-10-28T00:13:51.646+0000] {logging_mixin.py:190} INFO - [2024-10-28T00:13:51.645+0000] {dagbag.py:588} INFO - Filling up the DagBag from /home/airflow/.local/lib/python3.12/site-packages/airflow/example_dags/example_short_circuit_decorator.py
[2024-10-28T00:13:51.655+0000] {processor.py:925} INFO - DAG(s) 'example_short_circuit_decorator' retrieved from /home/airflow/.local/lib/python3.12/site-packages/airflow/example_dags/example_short_circuit_decorator.py
[2024-10-28T00:13:51.676+0000] {logging_mixin.py:190} INFO - [2024-10-28T00:13:51.676+0000] {dag.py:3239} INFO - Sync 1 DAGs
[2024-10-28T00:13:51.690+0000] {logging_mixin.py:190} INFO - [2024-10-28T00:13:51.690+0000] {dag.py:4180} INFO - Setting next_dagrun for example_short_circuit_decorator to None, run_after=None
[2024-10-28T00:13:51.707+0000] {processor.py:208} INFO - Processing /home/airflow/.local/lib/python3.12/site-packages/airflow/example_dags/example_short_circuit_decorator.py took 0.070 seconds
[2024-10-28T00:14:21.853+0000] {processor.py:186} INFO - Started process (PID=47241) to work on /home/airflow/.local/lib/python3.12/site-packages/airflow/example_dags/example_short_circuit_decorator.py
[2024-10-28T00:14:21.854+0000] {processor.py:914} INFO - Processing file /home/airflow/.local/lib/python3.12/site-packages/airflow/example_dags/example_short_circuit_decorator.py for tasks to queue
[2024-10-28T00:14:21.855+0000] {logging_mixin.py:190} INFO - [2024-10-28T00:14:21.855+0000] {dagbag.py:588} INFO - Filling up the DagBag from /home/airflow/.local/lib/python3.12/site-packages/airflow/example_dags/example_short_circuit_decorator.py
[2024-10-28T00:14:21.865+0000] {processor.py:925} INFO - DAG(s) 'example_short_circuit_decorator' retrieved from /home/airflow/.local/lib/python3.12/site-packages/airflow/example_dags/example_short_circuit_decorator.py
[2024-10-28T00:14:21.897+0000] {logging_mixin.py:190} INFO - [2024-10-28T00:14:21.897+0000] {dag.py:3239} INFO - Sync 1 DAGs
[2024-10-28T00:14:21.922+0000] {logging_mixin.py:190} INFO - [2024-10-28T00:14:21.921+0000] {dag.py:4180} INFO - Setting next_dagrun for example_short_circuit_decorator to None, run_after=None
[2024-10-28T00:14:21.947+0000] {processor.py:208} INFO - Processing /home/airflow/.local/lib/python3.12/site-packages/airflow/example_dags/example_short_circuit_decorator.py took 0.100 seconds
[2024-10-28T00:14:52.005+0000] {processor.py:186} INFO - Started process (PID=47315) to work on /home/airflow/.local/lib/python3.12/site-packages/airflow/example_dags/example_short_circuit_decorator.py
[2024-10-28T00:14:52.006+0000] {processor.py:914} INFO - Processing file /home/airflow/.local/lib/python3.12/site-packages/airflow/example_dags/example_short_circuit_decorator.py for tasks to queue
[2024-10-28T00:14:52.008+0000] {logging_mixin.py:190} INFO - [2024-10-28T00:14:52.007+0000] {dagbag.py:588} INFO - Filling up the DagBag from /home/airflow/.local/lib/python3.12/site-packages/airflow/example_dags/example_short_circuit_decorator.py
[2024-10-28T00:14:52.017+0000] {processor.py:925} INFO - DAG(s) 'example_short_circuit_decorator' retrieved from /home/airflow/.local/lib/python3.12/site-packages/airflow/example_dags/example_short_circuit_decorator.py
[2024-10-28T00:14:52.040+0000] {logging_mixin.py:190} INFO - [2024-10-28T00:14:52.040+0000] {dag.py:3239} INFO - Sync 1 DAGs
[2024-10-28T00:14:52.055+0000] {logging_mixin.py:190} INFO - [2024-10-28T00:14:52.054+0000] {dag.py:4180} INFO - Setting next_dagrun for example_short_circuit_decorator to None, run_after=None
[2024-10-28T00:14:52.073+0000] {processor.py:208} INFO - Processing /home/airflow/.local/lib/python3.12/site-packages/airflow/example_dags/example_short_circuit_decorator.py took 0.074 seconds
[2024-10-28T00:15:22.555+0000] {processor.py:186} INFO - Started process (PID=47389) to work on /home/airflow/.local/lib/python3.12/site-packages/airflow/example_dags/example_short_circuit_decorator.py
[2024-10-28T00:15:22.557+0000] {processor.py:914} INFO - Processing file /home/airflow/.local/lib/python3.12/site-packages/airflow/example_dags/example_short_circuit_decorator.py for tasks to queue
[2024-10-28T00:15:22.558+0000] {logging_mixin.py:190} INFO - [2024-10-28T00:15:22.558+0000] {dagbag.py:588} INFO - Filling up the DagBag from /home/airflow/.local/lib/python3.12/site-packages/airflow/example_dags/example_short_circuit_decorator.py
[2024-10-28T00:15:22.569+0000] {processor.py:925} INFO - DAG(s) 'example_short_circuit_decorator' retrieved from /home/airflow/.local/lib/python3.12/site-packages/airflow/example_dags/example_short_circuit_decorator.py
[2024-10-28T00:15:22.591+0000] {logging_mixin.py:190} INFO - [2024-10-28T00:15:22.591+0000] {dag.py:3239} INFO - Sync 1 DAGs
[2024-10-28T00:15:22.605+0000] {logging_mixin.py:190} INFO - [2024-10-28T00:15:22.605+0000] {dag.py:4180} INFO - Setting next_dagrun for example_short_circuit_decorator to None, run_after=None
[2024-10-28T00:15:22.623+0000] {processor.py:208} INFO - Processing /home/airflow/.local/lib/python3.12/site-packages/airflow/example_dags/example_short_circuit_decorator.py took 0.074 seconds
[2024-10-28T00:15:52.931+0000] {processor.py:186} INFO - Started process (PID=47463) to work on /home/airflow/.local/lib/python3.12/site-packages/airflow/example_dags/example_short_circuit_decorator.py
[2024-10-28T00:15:52.932+0000] {processor.py:914} INFO - Processing file /home/airflow/.local/lib/python3.12/site-packages/airflow/example_dags/example_short_circuit_decorator.py for tasks to queue
[2024-10-28T00:15:52.934+0000] {logging_mixin.py:190} INFO - [2024-10-28T00:15:52.933+0000] {dagbag.py:588} INFO - Filling up the DagBag from /home/airflow/.local/lib/python3.12/site-packages/airflow/example_dags/example_short_circuit_decorator.py
[2024-10-28T00:15:52.942+0000] {processor.py:925} INFO - DAG(s) 'example_short_circuit_decorator' retrieved from /home/airflow/.local/lib/python3.12/site-packages/airflow/example_dags/example_short_circuit_decorator.py
[2024-10-28T00:15:52.964+0000] {logging_mixin.py:190} INFO - [2024-10-28T00:15:52.964+0000] {dag.py:3239} INFO - Sync 1 DAGs
[2024-10-28T00:15:52.978+0000] {logging_mixin.py:190} INFO - [2024-10-28T00:15:52.978+0000] {dag.py:4180} INFO - Setting next_dagrun for example_short_circuit_decorator to None, run_after=None
[2024-10-28T00:15:52.995+0000] {processor.py:208} INFO - Processing /home/airflow/.local/lib/python3.12/site-packages/airflow/example_dags/example_short_circuit_decorator.py took 0.071 seconds
[2024-10-28T00:16:23.909+0000] {processor.py:186} INFO - Started process (PID=47537) to work on /home/airflow/.local/lib/python3.12/site-packages/airflow/example_dags/example_short_circuit_decorator.py
[2024-10-28T00:16:23.910+0000] {processor.py:914} INFO - Processing file /home/airflow/.local/lib/python3.12/site-packages/airflow/example_dags/example_short_circuit_decorator.py for tasks to queue
[2024-10-28T00:16:23.912+0000] {logging_mixin.py:190} INFO - [2024-10-28T00:16:23.911+0000] {dagbag.py:588} INFO - Filling up the DagBag from /home/airflow/.local/lib/python3.12/site-packages/airflow/example_dags/example_short_circuit_decorator.py
[2024-10-28T00:16:23.921+0000] {processor.py:925} INFO - DAG(s) 'example_short_circuit_decorator' retrieved from /home/airflow/.local/lib/python3.12/site-packages/airflow/example_dags/example_short_circuit_decorator.py
[2024-10-28T00:16:23.942+0000] {logging_mixin.py:190} INFO - [2024-10-28T00:16:23.942+0000] {dag.py:3239} INFO - Sync 1 DAGs
[2024-10-28T00:16:23.956+0000] {logging_mixin.py:190} INFO - [2024-10-28T00:16:23.955+0000] {dag.py:4180} INFO - Setting next_dagrun for example_short_circuit_decorator to None, run_after=None
[2024-10-28T00:16:23.972+0000] {processor.py:208} INFO - Processing /home/airflow/.local/lib/python3.12/site-packages/airflow/example_dags/example_short_circuit_decorator.py took 0.069 seconds
[2024-10-28T00:16:54.832+0000] {processor.py:186} INFO - Started process (PID=47611) to work on /home/airflow/.local/lib/python3.12/site-packages/airflow/example_dags/example_short_circuit_decorator.py
[2024-10-28T00:16:54.833+0000] {processor.py:914} INFO - Processing file /home/airflow/.local/lib/python3.12/site-packages/airflow/example_dags/example_short_circuit_decorator.py for tasks to queue
[2024-10-28T00:16:54.834+0000] {logging_mixin.py:190} INFO - [2024-10-28T00:16:54.834+0000] {dagbag.py:588} INFO - Filling up the DagBag from /home/airflow/.local/lib/python3.12/site-packages/airflow/example_dags/example_short_circuit_decorator.py
[2024-10-28T00:16:54.843+0000] {processor.py:925} INFO - DAG(s) 'example_short_circuit_decorator' retrieved from /home/airflow/.local/lib/python3.12/site-packages/airflow/example_dags/example_short_circuit_decorator.py
[2024-10-28T00:16:54.864+0000] {logging_mixin.py:190} INFO - [2024-10-28T00:16:54.864+0000] {dag.py:3239} INFO - Sync 1 DAGs
[2024-10-28T00:16:54.878+0000] {logging_mixin.py:190} INFO - [2024-10-28T00:16:54.878+0000] {dag.py:4180} INFO - Setting next_dagrun for example_short_circuit_decorator to None, run_after=None
[2024-10-28T00:16:54.895+0000] {processor.py:208} INFO - Processing /home/airflow/.local/lib/python3.12/site-packages/airflow/example_dags/example_short_circuit_decorator.py took 0.069 seconds
[2024-10-28T00:17:25.419+0000] {processor.py:186} INFO - Started process (PID=47685) to work on /home/airflow/.local/lib/python3.12/site-packages/airflow/example_dags/example_short_circuit_decorator.py
[2024-10-28T00:17:25.421+0000] {processor.py:914} INFO - Processing file /home/airflow/.local/lib/python3.12/site-packages/airflow/example_dags/example_short_circuit_decorator.py for tasks to queue
[2024-10-28T00:17:25.422+0000] {logging_mixin.py:190} INFO - [2024-10-28T00:17:25.422+0000] {dagbag.py:588} INFO - Filling up the DagBag from /home/airflow/.local/lib/python3.12/site-packages/airflow/example_dags/example_short_circuit_decorator.py
[2024-10-28T00:17:25.431+0000] {processor.py:925} INFO - DAG(s) 'example_short_circuit_decorator' retrieved from /home/airflow/.local/lib/python3.12/site-packages/airflow/example_dags/example_short_circuit_decorator.py
[2024-10-28T00:17:25.453+0000] {logging_mixin.py:190} INFO - [2024-10-28T00:17:25.452+0000] {dag.py:3239} INFO - Sync 1 DAGs
[2024-10-28T00:17:25.466+0000] {logging_mixin.py:190} INFO - [2024-10-28T00:17:25.466+0000] {dag.py:4180} INFO - Setting next_dagrun for example_short_circuit_decorator to None, run_after=None
[2024-10-28T00:17:25.482+0000] {processor.py:208} INFO - Processing /home/airflow/.local/lib/python3.12/site-packages/airflow/example_dags/example_short_circuit_decorator.py took 0.069 seconds
[2024-10-28T00:17:55.785+0000] {processor.py:186} INFO - Started process (PID=47759) to work on /home/airflow/.local/lib/python3.12/site-packages/airflow/example_dags/example_short_circuit_decorator.py
[2024-10-28T00:17:55.786+0000] {processor.py:914} INFO - Processing file /home/airflow/.local/lib/python3.12/site-packages/airflow/example_dags/example_short_circuit_decorator.py for tasks to queue
[2024-10-28T00:17:55.787+0000] {logging_mixin.py:190} INFO - [2024-10-28T00:17:55.787+0000] {dagbag.py:588} INFO - Filling up the DagBag from /home/airflow/.local/lib/python3.12/site-packages/airflow/example_dags/example_short_circuit_decorator.py
[2024-10-28T00:17:55.799+0000] {processor.py:925} INFO - DAG(s) 'example_short_circuit_decorator' retrieved from /home/airflow/.local/lib/python3.12/site-packages/airflow/example_dags/example_short_circuit_decorator.py
[2024-10-28T00:17:55.822+0000] {logging_mixin.py:190} INFO - [2024-10-28T00:17:55.822+0000] {dag.py:3239} INFO - Sync 1 DAGs
[2024-10-28T00:17:55.837+0000] {logging_mixin.py:190} INFO - [2024-10-28T00:17:55.837+0000] {dag.py:4180} INFO - Setting next_dagrun for example_short_circuit_decorator to None, run_after=None
[2024-10-28T00:17:55.857+0000] {processor.py:208} INFO - Processing /home/airflow/.local/lib/python3.12/site-packages/airflow/example_dags/example_short_circuit_decorator.py took 0.079 seconds
[2024-10-28T00:18:26.467+0000] {processor.py:186} INFO - Started process (PID=47833) to work on /home/airflow/.local/lib/python3.12/site-packages/airflow/example_dags/example_short_circuit_decorator.py
[2024-10-28T00:18:26.469+0000] {processor.py:914} INFO - Processing file /home/airflow/.local/lib/python3.12/site-packages/airflow/example_dags/example_short_circuit_decorator.py for tasks to queue
[2024-10-28T00:18:26.471+0000] {logging_mixin.py:190} INFO - [2024-10-28T00:18:26.471+0000] {dagbag.py:588} INFO - Filling up the DagBag from /home/airflow/.local/lib/python3.12/site-packages/airflow/example_dags/example_short_circuit_decorator.py
[2024-10-28T00:18:26.483+0000] {processor.py:925} INFO - DAG(s) 'example_short_circuit_decorator' retrieved from /home/airflow/.local/lib/python3.12/site-packages/airflow/example_dags/example_short_circuit_decorator.py
[2024-10-28T00:18:26.510+0000] {logging_mixin.py:190} INFO - [2024-10-28T00:18:26.509+0000] {dag.py:3239} INFO - Sync 1 DAGs
[2024-10-28T00:18:26.529+0000] {logging_mixin.py:190} INFO - [2024-10-28T00:18:26.529+0000] {dag.py:4180} INFO - Setting next_dagrun for example_short_circuit_decorator to None, run_after=None
[2024-10-28T00:18:26.549+0000] {processor.py:208} INFO - Processing /home/airflow/.local/lib/python3.12/site-packages/airflow/example_dags/example_short_circuit_decorator.py took 0.089 seconds
[2024-10-28T00:18:56.688+0000] {processor.py:186} INFO - Started process (PID=47907) to work on /home/airflow/.local/lib/python3.12/site-packages/airflow/example_dags/example_short_circuit_decorator.py
[2024-10-28T00:18:56.689+0000] {processor.py:914} INFO - Processing file /home/airflow/.local/lib/python3.12/site-packages/airflow/example_dags/example_short_circuit_decorator.py for tasks to queue
[2024-10-28T00:18:56.691+0000] {logging_mixin.py:190} INFO - [2024-10-28T00:18:56.690+0000] {dagbag.py:588} INFO - Filling up the DagBag from /home/airflow/.local/lib/python3.12/site-packages/airflow/example_dags/example_short_circuit_decorator.py
[2024-10-28T00:18:56.709+0000] {processor.py:925} INFO - DAG(s) 'example_short_circuit_decorator' retrieved from /home/airflow/.local/lib/python3.12/site-packages/airflow/example_dags/example_short_circuit_decorator.py
[2024-10-28T00:18:56.748+0000] {logging_mixin.py:190} INFO - [2024-10-28T00:18:56.748+0000] {dag.py:3239} INFO - Sync 1 DAGs
[2024-10-28T00:18:56.772+0000] {logging_mixin.py:190} INFO - [2024-10-28T00:18:56.772+0000] {dag.py:4180} INFO - Setting next_dagrun for example_short_circuit_decorator to None, run_after=None
[2024-10-28T00:18:56.800+0000] {processor.py:208} INFO - Processing /home/airflow/.local/lib/python3.12/site-packages/airflow/example_dags/example_short_circuit_decorator.py took 0.124 seconds
[2024-10-28T00:19:27.284+0000] {processor.py:186} INFO - Started process (PID=47981) to work on /home/airflow/.local/lib/python3.12/site-packages/airflow/example_dags/example_short_circuit_decorator.py
[2024-10-28T00:19:27.285+0000] {processor.py:914} INFO - Processing file /home/airflow/.local/lib/python3.12/site-packages/airflow/example_dags/example_short_circuit_decorator.py for tasks to queue
[2024-10-28T00:19:27.287+0000] {logging_mixin.py:190} INFO - [2024-10-28T00:19:27.286+0000] {dagbag.py:588} INFO - Filling up the DagBag from /home/airflow/.local/lib/python3.12/site-packages/airflow/example_dags/example_short_circuit_decorator.py
[2024-10-28T00:19:27.299+0000] {processor.py:925} INFO - DAG(s) 'example_short_circuit_decorator' retrieved from /home/airflow/.local/lib/python3.12/site-packages/airflow/example_dags/example_short_circuit_decorator.py
[2024-10-28T00:19:27.333+0000] {logging_mixin.py:190} INFO - [2024-10-28T00:19:27.333+0000] {dag.py:3239} INFO - Sync 1 DAGs
[2024-10-28T00:19:27.352+0000] {logging_mixin.py:190} INFO - [2024-10-28T00:19:27.352+0000] {dag.py:4180} INFO - Setting next_dagrun for example_short_circuit_decorator to None, run_after=None
[2024-10-28T00:19:27.375+0000] {processor.py:208} INFO - Processing /home/airflow/.local/lib/python3.12/site-packages/airflow/example_dags/example_short_circuit_decorator.py took 0.099 seconds
[2024-10-28T00:19:57.870+0000] {processor.py:186} INFO - Started process (PID=48055) to work on /home/airflow/.local/lib/python3.12/site-packages/airflow/example_dags/example_short_circuit_decorator.py
[2024-10-28T00:19:57.871+0000] {processor.py:914} INFO - Processing file /home/airflow/.local/lib/python3.12/site-packages/airflow/example_dags/example_short_circuit_decorator.py for tasks to queue
[2024-10-28T00:19:57.873+0000] {logging_mixin.py:190} INFO - [2024-10-28T00:19:57.872+0000] {dagbag.py:588} INFO - Filling up the DagBag from /home/airflow/.local/lib/python3.12/site-packages/airflow/example_dags/example_short_circuit_decorator.py
[2024-10-28T00:19:57.885+0000] {processor.py:925} INFO - DAG(s) 'example_short_circuit_decorator' retrieved from /home/airflow/.local/lib/python3.12/site-packages/airflow/example_dags/example_short_circuit_decorator.py
[2024-10-28T00:19:57.915+0000] {logging_mixin.py:190} INFO - [2024-10-28T00:19:57.915+0000] {dag.py:3239} INFO - Sync 1 DAGs
[2024-10-28T00:19:57.934+0000] {logging_mixin.py:190} INFO - [2024-10-28T00:19:57.934+0000] {dag.py:4180} INFO - Setting next_dagrun for example_short_circuit_decorator to None, run_after=None
[2024-10-28T00:19:57.960+0000] {processor.py:208} INFO - Processing /home/airflow/.local/lib/python3.12/site-packages/airflow/example_dags/example_short_circuit_decorator.py took 0.097 seconds
[2024-10-28T00:20:28.253+0000] {processor.py:186} INFO - Started process (PID=48129) to work on /home/airflow/.local/lib/python3.12/site-packages/airflow/example_dags/example_short_circuit_decorator.py
[2024-10-28T00:20:28.255+0000] {processor.py:914} INFO - Processing file /home/airflow/.local/lib/python3.12/site-packages/airflow/example_dags/example_short_circuit_decorator.py for tasks to queue
[2024-10-28T00:20:28.258+0000] {logging_mixin.py:190} INFO - [2024-10-28T00:20:28.257+0000] {dagbag.py:588} INFO - Filling up the DagBag from /home/airflow/.local/lib/python3.12/site-packages/airflow/example_dags/example_short_circuit_decorator.py
[2024-10-28T00:20:28.268+0000] {processor.py:925} INFO - DAG(s) 'example_short_circuit_decorator' retrieved from /home/airflow/.local/lib/python3.12/site-packages/airflow/example_dags/example_short_circuit_decorator.py
[2024-10-28T00:20:28.297+0000] {logging_mixin.py:190} INFO - [2024-10-28T00:20:28.297+0000] {dag.py:3239} INFO - Sync 1 DAGs
[2024-10-28T00:20:28.316+0000] {logging_mixin.py:190} INFO - [2024-10-28T00:20:28.315+0000] {dag.py:4180} INFO - Setting next_dagrun for example_short_circuit_decorator to None, run_after=None
[2024-10-28T00:20:28.339+0000] {processor.py:208} INFO - Processing /home/airflow/.local/lib/python3.12/site-packages/airflow/example_dags/example_short_circuit_decorator.py took 0.093 seconds
[2024-10-28T00:20:58.866+0000] {processor.py:186} INFO - Started process (PID=48203) to work on /home/airflow/.local/lib/python3.12/site-packages/airflow/example_dags/example_short_circuit_decorator.py
[2024-10-28T00:20:58.868+0000] {processor.py:914} INFO - Processing file /home/airflow/.local/lib/python3.12/site-packages/airflow/example_dags/example_short_circuit_decorator.py for tasks to queue
[2024-10-28T00:20:58.870+0000] {logging_mixin.py:190} INFO - [2024-10-28T00:20:58.870+0000] {dagbag.py:588} INFO - Filling up the DagBag from /home/airflow/.local/lib/python3.12/site-packages/airflow/example_dags/example_short_circuit_decorator.py
[2024-10-28T00:20:58.881+0000] {processor.py:925} INFO - DAG(s) 'example_short_circuit_decorator' retrieved from /home/airflow/.local/lib/python3.12/site-packages/airflow/example_dags/example_short_circuit_decorator.py
[2024-10-28T00:20:58.911+0000] {logging_mixin.py:190} INFO - [2024-10-28T00:20:58.911+0000] {dag.py:3239} INFO - Sync 1 DAGs
[2024-10-28T00:20:58.929+0000] {logging_mixin.py:190} INFO - [2024-10-28T00:20:58.928+0000] {dag.py:4180} INFO - Setting next_dagrun for example_short_circuit_decorator to None, run_after=None
[2024-10-28T00:20:58.953+0000] {processor.py:208} INFO - Processing /home/airflow/.local/lib/python3.12/site-packages/airflow/example_dags/example_short_circuit_decorator.py took 0.094 seconds
[2024-10-28T00:21:29.568+0000] {processor.py:186} INFO - Started process (PID=48277) to work on /home/airflow/.local/lib/python3.12/site-packages/airflow/example_dags/example_short_circuit_decorator.py
[2024-10-28T00:21:29.569+0000] {processor.py:914} INFO - Processing file /home/airflow/.local/lib/python3.12/site-packages/airflow/example_dags/example_short_circuit_decorator.py for tasks to queue
[2024-10-28T00:21:29.571+0000] {logging_mixin.py:190} INFO - [2024-10-28T00:21:29.571+0000] {dagbag.py:588} INFO - Filling up the DagBag from /home/airflow/.local/lib/python3.12/site-packages/airflow/example_dags/example_short_circuit_decorator.py
[2024-10-28T00:21:29.584+0000] {processor.py:925} INFO - DAG(s) 'example_short_circuit_decorator' retrieved from /home/airflow/.local/lib/python3.12/site-packages/airflow/example_dags/example_short_circuit_decorator.py
[2024-10-28T00:21:29.611+0000] {logging_mixin.py:190} INFO - [2024-10-28T00:21:29.611+0000] {dag.py:3239} INFO - Sync 1 DAGs
[2024-10-28T00:21:29.628+0000] {logging_mixin.py:190} INFO - [2024-10-28T00:21:29.628+0000] {dag.py:4180} INFO - Setting next_dagrun for example_short_circuit_decorator to None, run_after=None
[2024-10-28T00:21:29.650+0000] {processor.py:208} INFO - Processing /home/airflow/.local/lib/python3.12/site-packages/airflow/example_dags/example_short_circuit_decorator.py took 0.091 seconds
[2024-10-28T00:22:00.081+0000] {processor.py:186} INFO - Started process (PID=48351) to work on /home/airflow/.local/lib/python3.12/site-packages/airflow/example_dags/example_short_circuit_decorator.py
[2024-10-28T00:22:00.082+0000] {processor.py:914} INFO - Processing file /home/airflow/.local/lib/python3.12/site-packages/airflow/example_dags/example_short_circuit_decorator.py for tasks to queue
[2024-10-28T00:22:00.084+0000] {logging_mixin.py:190} INFO - [2024-10-28T00:22:00.084+0000] {dagbag.py:588} INFO - Filling up the DagBag from /home/airflow/.local/lib/python3.12/site-packages/airflow/example_dags/example_short_circuit_decorator.py
[2024-10-28T00:22:00.093+0000] {processor.py:925} INFO - DAG(s) 'example_short_circuit_decorator' retrieved from /home/airflow/.local/lib/python3.12/site-packages/airflow/example_dags/example_short_circuit_decorator.py
[2024-10-28T00:22:00.116+0000] {logging_mixin.py:190} INFO - [2024-10-28T00:22:00.116+0000] {dag.py:3239} INFO - Sync 1 DAGs
[2024-10-28T00:22:00.133+0000] {logging_mixin.py:190} INFO - [2024-10-28T00:22:00.133+0000] {dag.py:4180} INFO - Setting next_dagrun for example_short_circuit_decorator to None, run_after=None
[2024-10-28T00:22:00.153+0000] {processor.py:208} INFO - Processing /home/airflow/.local/lib/python3.12/site-packages/airflow/example_dags/example_short_circuit_decorator.py took 0.079 seconds
[2024-10-28T00:22:30.324+0000] {processor.py:186} INFO - Started process (PID=48425) to work on /home/airflow/.local/lib/python3.12/site-packages/airflow/example_dags/example_short_circuit_decorator.py
[2024-10-28T00:22:30.331+0000] {processor.py:914} INFO - Processing file /home/airflow/.local/lib/python3.12/site-packages/airflow/example_dags/example_short_circuit_decorator.py for tasks to queue
[2024-10-28T00:22:30.333+0000] {logging_mixin.py:190} INFO - [2024-10-28T00:22:30.332+0000] {dagbag.py:588} INFO - Filling up the DagBag from /home/airflow/.local/lib/python3.12/site-packages/airflow/example_dags/example_short_circuit_decorator.py
[2024-10-28T00:22:30.354+0000] {processor.py:925} INFO - DAG(s) 'example_short_circuit_decorator' retrieved from /home/airflow/.local/lib/python3.12/site-packages/airflow/example_dags/example_short_circuit_decorator.py
[2024-10-28T00:22:30.410+0000] {logging_mixin.py:190} INFO - [2024-10-28T00:22:30.409+0000] {dag.py:3239} INFO - Sync 1 DAGs
[2024-10-28T00:22:30.426+0000] {logging_mixin.py:190} INFO - [2024-10-28T00:22:30.426+0000] {dag.py:4180} INFO - Setting next_dagrun for example_short_circuit_decorator to None, run_after=None
[2024-10-28T00:22:30.451+0000] {processor.py:208} INFO - Processing /home/airflow/.local/lib/python3.12/site-packages/airflow/example_dags/example_short_circuit_decorator.py took 0.139 seconds
[2024-10-28T00:23:00.885+0000] {processor.py:186} INFO - Started process (PID=48499) to work on /home/airflow/.local/lib/python3.12/site-packages/airflow/example_dags/example_short_circuit_decorator.py
[2024-10-28T00:23:00.886+0000] {processor.py:914} INFO - Processing file /home/airflow/.local/lib/python3.12/site-packages/airflow/example_dags/example_short_circuit_decorator.py for tasks to queue
[2024-10-28T00:23:00.888+0000] {logging_mixin.py:190} INFO - [2024-10-28T00:23:00.888+0000] {dagbag.py:588} INFO - Filling up the DagBag from /home/airflow/.local/lib/python3.12/site-packages/airflow/example_dags/example_short_circuit_decorator.py
[2024-10-28T00:23:00.899+0000] {processor.py:925} INFO - DAG(s) 'example_short_circuit_decorator' retrieved from /home/airflow/.local/lib/python3.12/site-packages/airflow/example_dags/example_short_circuit_decorator.py
[2024-10-28T00:23:00.925+0000] {logging_mixin.py:190} INFO - [2024-10-28T00:23:00.925+0000] {dag.py:3239} INFO - Sync 1 DAGs
[2024-10-28T00:23:00.941+0000] {logging_mixin.py:190} INFO - [2024-10-28T00:23:00.941+0000] {dag.py:4180} INFO - Setting next_dagrun for example_short_circuit_decorator to None, run_after=None
[2024-10-28T00:23:00.961+0000] {processor.py:208} INFO - Processing /home/airflow/.local/lib/python3.12/site-packages/airflow/example_dags/example_short_circuit_decorator.py took 0.083 seconds
[2024-10-28T00:23:31.088+0000] {processor.py:186} INFO - Started process (PID=48573) to work on /home/airflow/.local/lib/python3.12/site-packages/airflow/example_dags/example_short_circuit_decorator.py
[2024-10-28T00:23:31.089+0000] {processor.py:914} INFO - Processing file /home/airflow/.local/lib/python3.12/site-packages/airflow/example_dags/example_short_circuit_decorator.py for tasks to queue
[2024-10-28T00:23:31.091+0000] {logging_mixin.py:190} INFO - [2024-10-28T00:23:31.091+0000] {dagbag.py:588} INFO - Filling up the DagBag from /home/airflow/.local/lib/python3.12/site-packages/airflow/example_dags/example_short_circuit_decorator.py
[2024-10-28T00:23:31.100+0000] {processor.py:925} INFO - DAG(s) 'example_short_circuit_decorator' retrieved from /home/airflow/.local/lib/python3.12/site-packages/airflow/example_dags/example_short_circuit_decorator.py
[2024-10-28T00:23:31.123+0000] {logging_mixin.py:190} INFO - [2024-10-28T00:23:31.123+0000] {dag.py:3239} INFO - Sync 1 DAGs
[2024-10-28T00:23:31.138+0000] {logging_mixin.py:190} INFO - [2024-10-28T00:23:31.138+0000] {dag.py:4180} INFO - Setting next_dagrun for example_short_circuit_decorator to None, run_after=None
[2024-10-28T00:23:31.157+0000] {processor.py:208} INFO - Processing /home/airflow/.local/lib/python3.12/site-packages/airflow/example_dags/example_short_circuit_decorator.py took 0.074 seconds
[2024-10-28T00:24:02.058+0000] {processor.py:186} INFO - Started process (PID=48647) to work on /home/airflow/.local/lib/python3.12/site-packages/airflow/example_dags/example_short_circuit_decorator.py
[2024-10-28T00:24:02.060+0000] {processor.py:914} INFO - Processing file /home/airflow/.local/lib/python3.12/site-packages/airflow/example_dags/example_short_circuit_decorator.py for tasks to queue
[2024-10-28T00:24:02.062+0000] {logging_mixin.py:190} INFO - [2024-10-28T00:24:02.061+0000] {dagbag.py:588} INFO - Filling up the DagBag from /home/airflow/.local/lib/python3.12/site-packages/airflow/example_dags/example_short_circuit_decorator.py
[2024-10-28T00:24:02.071+0000] {processor.py:925} INFO - DAG(s) 'example_short_circuit_decorator' retrieved from /home/airflow/.local/lib/python3.12/site-packages/airflow/example_dags/example_short_circuit_decorator.py
[2024-10-28T00:24:02.097+0000] {logging_mixin.py:190} INFO - [2024-10-28T00:24:02.097+0000] {dag.py:3239} INFO - Sync 1 DAGs
[2024-10-28T00:24:02.113+0000] {logging_mixin.py:190} INFO - [2024-10-28T00:24:02.113+0000] {dag.py:4180} INFO - Setting next_dagrun for example_short_circuit_decorator to None, run_after=None
[2024-10-28T00:24:02.134+0000] {processor.py:208} INFO - Processing /home/airflow/.local/lib/python3.12/site-packages/airflow/example_dags/example_short_circuit_decorator.py took 0.082 seconds
[2024-10-28T00:24:32.997+0000] {processor.py:186} INFO - Started process (PID=48721) to work on /home/airflow/.local/lib/python3.12/site-packages/airflow/example_dags/example_short_circuit_decorator.py
[2024-10-28T00:24:32.998+0000] {processor.py:914} INFO - Processing file /home/airflow/.local/lib/python3.12/site-packages/airflow/example_dags/example_short_circuit_decorator.py for tasks to queue
[2024-10-28T00:24:32.999+0000] {logging_mixin.py:190} INFO - [2024-10-28T00:24:32.999+0000] {dagbag.py:588} INFO - Filling up the DagBag from /home/airflow/.local/lib/python3.12/site-packages/airflow/example_dags/example_short_circuit_decorator.py
[2024-10-28T00:24:33.015+0000] {processor.py:925} INFO - DAG(s) 'example_short_circuit_decorator' retrieved from /home/airflow/.local/lib/python3.12/site-packages/airflow/example_dags/example_short_circuit_decorator.py
[2024-10-28T00:24:33.049+0000] {logging_mixin.py:190} INFO - [2024-10-28T00:24:33.049+0000] {dag.py:3239} INFO - Sync 1 DAGs
[2024-10-28T00:24:33.076+0000] {logging_mixin.py:190} INFO - [2024-10-28T00:24:33.076+0000] {dag.py:4180} INFO - Setting next_dagrun for example_short_circuit_decorator to None, run_after=None
[2024-10-28T00:24:33.098+0000] {processor.py:208} INFO - Processing /home/airflow/.local/lib/python3.12/site-packages/airflow/example_dags/example_short_circuit_decorator.py took 0.111 seconds
[2024-10-28T00:25:03.459+0000] {processor.py:186} INFO - Started process (PID=48795) to work on /home/airflow/.local/lib/python3.12/site-packages/airflow/example_dags/example_short_circuit_decorator.py
[2024-10-28T00:25:03.461+0000] {processor.py:914} INFO - Processing file /home/airflow/.local/lib/python3.12/site-packages/airflow/example_dags/example_short_circuit_decorator.py for tasks to queue
[2024-10-28T00:25:03.462+0000] {logging_mixin.py:190} INFO - [2024-10-28T00:25:03.462+0000] {dagbag.py:588} INFO - Filling up the DagBag from /home/airflow/.local/lib/python3.12/site-packages/airflow/example_dags/example_short_circuit_decorator.py
[2024-10-28T00:25:03.475+0000] {processor.py:925} INFO - DAG(s) 'example_short_circuit_decorator' retrieved from /home/airflow/.local/lib/python3.12/site-packages/airflow/example_dags/example_short_circuit_decorator.py
[2024-10-28T00:25:03.503+0000] {logging_mixin.py:190} INFO - [2024-10-28T00:25:03.503+0000] {dag.py:3239} INFO - Sync 1 DAGs
[2024-10-28T00:25:03.705+0000] {logging_mixin.py:190} INFO - [2024-10-28T00:25:03.704+0000] {dag.py:4180} INFO - Setting next_dagrun for example_short_circuit_decorator to None, run_after=None
[2024-10-28T00:25:03.729+0000] {processor.py:208} INFO - Processing /home/airflow/.local/lib/python3.12/site-packages/airflow/example_dags/example_short_circuit_decorator.py took 0.280 seconds
[2024-10-28T00:25:34.458+0000] {processor.py:186} INFO - Started process (PID=48869) to work on /home/airflow/.local/lib/python3.12/site-packages/airflow/example_dags/example_short_circuit_decorator.py
[2024-10-28T00:25:34.459+0000] {processor.py:914} INFO - Processing file /home/airflow/.local/lib/python3.12/site-packages/airflow/example_dags/example_short_circuit_decorator.py for tasks to queue
[2024-10-28T00:25:34.461+0000] {logging_mixin.py:190} INFO - [2024-10-28T00:25:34.461+0000] {dagbag.py:588} INFO - Filling up the DagBag from /home/airflow/.local/lib/python3.12/site-packages/airflow/example_dags/example_short_circuit_decorator.py
[2024-10-28T00:25:34.471+0000] {processor.py:925} INFO - DAG(s) 'example_short_circuit_decorator' retrieved from /home/airflow/.local/lib/python3.12/site-packages/airflow/example_dags/example_short_circuit_decorator.py
[2024-10-28T00:25:34.495+0000] {logging_mixin.py:190} INFO - [2024-10-28T00:25:34.495+0000] {dag.py:3239} INFO - Sync 1 DAGs
[2024-10-28T00:25:34.658+0000] {logging_mixin.py:190} INFO - [2024-10-28T00:25:34.658+0000] {dag.py:4180} INFO - Setting next_dagrun for example_short_circuit_decorator to None, run_after=None
[2024-10-28T00:25:34.683+0000] {processor.py:208} INFO - Processing /home/airflow/.local/lib/python3.12/site-packages/airflow/example_dags/example_short_circuit_decorator.py took 0.232 seconds
[2024-10-28T00:26:04.945+0000] {processor.py:186} INFO - Started process (PID=48943) to work on /home/airflow/.local/lib/python3.12/site-packages/airflow/example_dags/example_short_circuit_decorator.py
[2024-10-28T00:26:04.946+0000] {processor.py:914} INFO - Processing file /home/airflow/.local/lib/python3.12/site-packages/airflow/example_dags/example_short_circuit_decorator.py for tasks to queue
[2024-10-28T00:26:04.948+0000] {logging_mixin.py:190} INFO - [2024-10-28T00:26:04.947+0000] {dagbag.py:588} INFO - Filling up the DagBag from /home/airflow/.local/lib/python3.12/site-packages/airflow/example_dags/example_short_circuit_decorator.py
[2024-10-28T00:26:04.957+0000] {processor.py:925} INFO - DAG(s) 'example_short_circuit_decorator' retrieved from /home/airflow/.local/lib/python3.12/site-packages/airflow/example_dags/example_short_circuit_decorator.py
[2024-10-28T00:26:04.980+0000] {logging_mixin.py:190} INFO - [2024-10-28T00:26:04.980+0000] {dag.py:3239} INFO - Sync 1 DAGs
[2024-10-28T00:26:05.141+0000] {logging_mixin.py:190} INFO - [2024-10-28T00:26:05.140+0000] {dag.py:4180} INFO - Setting next_dagrun for example_short_circuit_decorator to None, run_after=None
[2024-10-28T00:26:05.163+0000] {processor.py:208} INFO - Processing /home/airflow/.local/lib/python3.12/site-packages/airflow/example_dags/example_short_circuit_decorator.py took 0.225 seconds
[2024-10-28T00:26:36.120+0000] {processor.py:186} INFO - Started process (PID=49017) to work on /home/airflow/.local/lib/python3.12/site-packages/airflow/example_dags/example_short_circuit_decorator.py
[2024-10-28T00:26:36.122+0000] {processor.py:914} INFO - Processing file /home/airflow/.local/lib/python3.12/site-packages/airflow/example_dags/example_short_circuit_decorator.py for tasks to queue
[2024-10-28T00:26:36.125+0000] {logging_mixin.py:190} INFO - [2024-10-28T00:26:36.124+0000] {dagbag.py:588} INFO - Filling up the DagBag from /home/airflow/.local/lib/python3.12/site-packages/airflow/example_dags/example_short_circuit_decorator.py
[2024-10-28T00:26:36.135+0000] {processor.py:925} INFO - DAG(s) 'example_short_circuit_decorator' retrieved from /home/airflow/.local/lib/python3.12/site-packages/airflow/example_dags/example_short_circuit_decorator.py
[2024-10-28T00:26:36.160+0000] {logging_mixin.py:190} INFO - [2024-10-28T00:26:36.160+0000] {dag.py:3239} INFO - Sync 1 DAGs
[2024-10-28T00:26:36.175+0000] {logging_mixin.py:190} INFO - [2024-10-28T00:26:36.175+0000] {dag.py:4180} INFO - Setting next_dagrun for example_short_circuit_decorator to None, run_after=None
[2024-10-28T00:26:36.194+0000] {processor.py:208} INFO - Processing /home/airflow/.local/lib/python3.12/site-packages/airflow/example_dags/example_short_circuit_decorator.py took 0.080 seconds
[2024-10-28T00:27:06.501+0000] {processor.py:186} INFO - Started process (PID=49091) to work on /home/airflow/.local/lib/python3.12/site-packages/airflow/example_dags/example_short_circuit_decorator.py
[2024-10-28T00:27:06.502+0000] {processor.py:914} INFO - Processing file /home/airflow/.local/lib/python3.12/site-packages/airflow/example_dags/example_short_circuit_decorator.py for tasks to queue
[2024-10-28T00:27:06.503+0000] {logging_mixin.py:190} INFO - [2024-10-28T00:27:06.503+0000] {dagbag.py:588} INFO - Filling up the DagBag from /home/airflow/.local/lib/python3.12/site-packages/airflow/example_dags/example_short_circuit_decorator.py
[2024-10-28T00:27:06.512+0000] {processor.py:925} INFO - DAG(s) 'example_short_circuit_decorator' retrieved from /home/airflow/.local/lib/python3.12/site-packages/airflow/example_dags/example_short_circuit_decorator.py
[2024-10-28T00:27:06.535+0000] {logging_mixin.py:190} INFO - [2024-10-28T00:27:06.535+0000] {dag.py:3239} INFO - Sync 1 DAGs
[2024-10-28T00:27:06.549+0000] {logging_mixin.py:190} INFO - [2024-10-28T00:27:06.548+0000] {dag.py:4180} INFO - Setting next_dagrun for example_short_circuit_decorator to None, run_after=None
[2024-10-28T00:27:06.567+0000] {processor.py:208} INFO - Processing /home/airflow/.local/lib/python3.12/site-packages/airflow/example_dags/example_short_circuit_decorator.py took 0.071 seconds
[2024-10-28T00:27:37.400+0000] {processor.py:186} INFO - Started process (PID=49165) to work on /home/airflow/.local/lib/python3.12/site-packages/airflow/example_dags/example_short_circuit_decorator.py
[2024-10-28T00:27:37.401+0000] {processor.py:914} INFO - Processing file /home/airflow/.local/lib/python3.12/site-packages/airflow/example_dags/example_short_circuit_decorator.py for tasks to queue
[2024-10-28T00:27:37.403+0000] {logging_mixin.py:190} INFO - [2024-10-28T00:27:37.402+0000] {dagbag.py:588} INFO - Filling up the DagBag from /home/airflow/.local/lib/python3.12/site-packages/airflow/example_dags/example_short_circuit_decorator.py
[2024-10-28T00:27:37.412+0000] {processor.py:925} INFO - DAG(s) 'example_short_circuit_decorator' retrieved from /home/airflow/.local/lib/python3.12/site-packages/airflow/example_dags/example_short_circuit_decorator.py
[2024-10-28T00:27:37.434+0000] {logging_mixin.py:190} INFO - [2024-10-28T00:27:37.434+0000] {dag.py:3239} INFO - Sync 1 DAGs
[2024-10-28T00:27:37.448+0000] {logging_mixin.py:190} INFO - [2024-10-28T00:27:37.448+0000] {dag.py:4180} INFO - Setting next_dagrun for example_short_circuit_decorator to None, run_after=None
[2024-10-28T00:27:37.468+0000] {processor.py:208} INFO - Processing /home/airflow/.local/lib/python3.12/site-packages/airflow/example_dags/example_short_circuit_decorator.py took 0.073 seconds
[2024-10-28T00:28:07.537+0000] {processor.py:186} INFO - Started process (PID=49239) to work on /home/airflow/.local/lib/python3.12/site-packages/airflow/example_dags/example_short_circuit_decorator.py
[2024-10-28T00:28:07.538+0000] {processor.py:914} INFO - Processing file /home/airflow/.local/lib/python3.12/site-packages/airflow/example_dags/example_short_circuit_decorator.py for tasks to queue
[2024-10-28T00:28:07.540+0000] {logging_mixin.py:190} INFO - [2024-10-28T00:28:07.540+0000] {dagbag.py:588} INFO - Filling up the DagBag from /home/airflow/.local/lib/python3.12/site-packages/airflow/example_dags/example_short_circuit_decorator.py
[2024-10-28T00:28:07.549+0000] {processor.py:925} INFO - DAG(s) 'example_short_circuit_decorator' retrieved from /home/airflow/.local/lib/python3.12/site-packages/airflow/example_dags/example_short_circuit_decorator.py
[2024-10-28T00:28:07.572+0000] {logging_mixin.py:190} INFO - [2024-10-28T00:28:07.572+0000] {dag.py:3239} INFO - Sync 1 DAGs
[2024-10-28T00:28:07.586+0000] {logging_mixin.py:190} INFO - [2024-10-28T00:28:07.586+0000] {dag.py:4180} INFO - Setting next_dagrun for example_short_circuit_decorator to None, run_after=None
[2024-10-28T00:28:07.606+0000] {processor.py:208} INFO - Processing /home/airflow/.local/lib/python3.12/site-packages/airflow/example_dags/example_short_circuit_decorator.py took 0.074 seconds
[2024-10-28T00:28:38.038+0000] {processor.py:186} INFO - Started process (PID=49313) to work on /home/airflow/.local/lib/python3.12/site-packages/airflow/example_dags/example_short_circuit_decorator.py
[2024-10-28T00:28:38.039+0000] {processor.py:914} INFO - Processing file /home/airflow/.local/lib/python3.12/site-packages/airflow/example_dags/example_short_circuit_decorator.py for tasks to queue
[2024-10-28T00:28:38.042+0000] {logging_mixin.py:190} INFO - [2024-10-28T00:28:38.041+0000] {dagbag.py:588} INFO - Filling up the DagBag from /home/airflow/.local/lib/python3.12/site-packages/airflow/example_dags/example_short_circuit_decorator.py
[2024-10-28T00:28:38.056+0000] {processor.py:925} INFO - DAG(s) 'example_short_circuit_decorator' retrieved from /home/airflow/.local/lib/python3.12/site-packages/airflow/example_dags/example_short_circuit_decorator.py
[2024-10-28T00:28:38.085+0000] {logging_mixin.py:190} INFO - [2024-10-28T00:28:38.084+0000] {dag.py:3239} INFO - Sync 1 DAGs
[2024-10-28T00:28:38.099+0000] {logging_mixin.py:190} INFO - [2024-10-28T00:28:38.099+0000] {dag.py:4180} INFO - Setting next_dagrun for example_short_circuit_decorator to None, run_after=None
[2024-10-28T00:28:38.118+0000] {processor.py:208} INFO - Processing /home/airflow/.local/lib/python3.12/site-packages/airflow/example_dags/example_short_circuit_decorator.py took 0.087 seconds
[2024-10-28T00:29:08.919+0000] {processor.py:186} INFO - Started process (PID=49393) to work on /home/airflow/.local/lib/python3.12/site-packages/airflow/example_dags/example_short_circuit_decorator.py
[2024-10-28T00:29:08.921+0000] {processor.py:914} INFO - Processing file /home/airflow/.local/lib/python3.12/site-packages/airflow/example_dags/example_short_circuit_decorator.py for tasks to queue
[2024-10-28T00:29:08.922+0000] {logging_mixin.py:190} INFO - [2024-10-28T00:29:08.922+0000] {dagbag.py:588} INFO - Filling up the DagBag from /home/airflow/.local/lib/python3.12/site-packages/airflow/example_dags/example_short_circuit_decorator.py
[2024-10-28T00:29:08.932+0000] {processor.py:925} INFO - DAG(s) 'example_short_circuit_decorator' retrieved from /home/airflow/.local/lib/python3.12/site-packages/airflow/example_dags/example_short_circuit_decorator.py
[2024-10-28T00:29:08.957+0000] {logging_mixin.py:190} INFO - [2024-10-28T00:29:08.956+0000] {dag.py:3239} INFO - Sync 1 DAGs
[2024-10-28T00:29:08.972+0000] {logging_mixin.py:190} INFO - [2024-10-28T00:29:08.971+0000] {dag.py:4180} INFO - Setting next_dagrun for example_short_circuit_decorator to None, run_after=None
[2024-10-28T00:29:08.990+0000] {processor.py:208} INFO - Processing /home/airflow/.local/lib/python3.12/site-packages/airflow/example_dags/example_short_circuit_decorator.py took 0.079 seconds
[2024-10-28T00:29:39.724+0000] {processor.py:186} INFO - Started process (PID=49467) to work on /home/airflow/.local/lib/python3.12/site-packages/airflow/example_dags/example_short_circuit_decorator.py
[2024-10-28T00:29:39.725+0000] {processor.py:914} INFO - Processing file /home/airflow/.local/lib/python3.12/site-packages/airflow/example_dags/example_short_circuit_decorator.py for tasks to queue
[2024-10-28T00:29:39.726+0000] {logging_mixin.py:190} INFO - [2024-10-28T00:29:39.726+0000] {dagbag.py:588} INFO - Filling up the DagBag from /home/airflow/.local/lib/python3.12/site-packages/airflow/example_dags/example_short_circuit_decorator.py
[2024-10-28T00:29:39.735+0000] {processor.py:925} INFO - DAG(s) 'example_short_circuit_decorator' retrieved from /home/airflow/.local/lib/python3.12/site-packages/airflow/example_dags/example_short_circuit_decorator.py
[2024-10-28T00:29:39.757+0000] {logging_mixin.py:190} INFO - [2024-10-28T00:29:39.757+0000] {dag.py:3239} INFO - Sync 1 DAGs
[2024-10-28T00:29:39.772+0000] {logging_mixin.py:190} INFO - [2024-10-28T00:29:39.772+0000] {dag.py:4180} INFO - Setting next_dagrun for example_short_circuit_decorator to None, run_after=None
[2024-10-28T00:29:39.791+0000] {processor.py:208} INFO - Processing /home/airflow/.local/lib/python3.12/site-packages/airflow/example_dags/example_short_circuit_decorator.py took 0.073 seconds
[2024-10-28T00:30:10.648+0000] {processor.py:186} INFO - Started process (PID=49541) to work on /home/airflow/.local/lib/python3.12/site-packages/airflow/example_dags/example_short_circuit_decorator.py
[2024-10-28T00:30:10.649+0000] {processor.py:914} INFO - Processing file /home/airflow/.local/lib/python3.12/site-packages/airflow/example_dags/example_short_circuit_decorator.py for tasks to queue
[2024-10-28T00:30:10.650+0000] {logging_mixin.py:190} INFO - [2024-10-28T00:30:10.650+0000] {dagbag.py:588} INFO - Filling up the DagBag from /home/airflow/.local/lib/python3.12/site-packages/airflow/example_dags/example_short_circuit_decorator.py
[2024-10-28T00:30:10.659+0000] {processor.py:925} INFO - DAG(s) 'example_short_circuit_decorator' retrieved from /home/airflow/.local/lib/python3.12/site-packages/airflow/example_dags/example_short_circuit_decorator.py
[2024-10-28T00:30:10.682+0000] {logging_mixin.py:190} INFO - [2024-10-28T00:30:10.681+0000] {dag.py:3239} INFO - Sync 1 DAGs
[2024-10-28T00:30:10.696+0000] {logging_mixin.py:190} INFO - [2024-10-28T00:30:10.695+0000] {dag.py:4180} INFO - Setting next_dagrun for example_short_circuit_decorator to None, run_after=None
[2024-10-28T00:30:10.717+0000] {processor.py:208} INFO - Processing /home/airflow/.local/lib/python3.12/site-packages/airflow/example_dags/example_short_circuit_decorator.py took 0.075 seconds
[2024-10-28T00:30:41.545+0000] {processor.py:186} INFO - Started process (PID=49615) to work on /home/airflow/.local/lib/python3.12/site-packages/airflow/example_dags/example_short_circuit_decorator.py
[2024-10-28T00:30:41.546+0000] {processor.py:914} INFO - Processing file /home/airflow/.local/lib/python3.12/site-packages/airflow/example_dags/example_short_circuit_decorator.py for tasks to queue
[2024-10-28T00:30:41.547+0000] {logging_mixin.py:190} INFO - [2024-10-28T00:30:41.547+0000] {dagbag.py:588} INFO - Filling up the DagBag from /home/airflow/.local/lib/python3.12/site-packages/airflow/example_dags/example_short_circuit_decorator.py
[2024-10-28T00:30:41.556+0000] {processor.py:925} INFO - DAG(s) 'example_short_circuit_decorator' retrieved from /home/airflow/.local/lib/python3.12/site-packages/airflow/example_dags/example_short_circuit_decorator.py
[2024-10-28T00:30:41.579+0000] {logging_mixin.py:190} INFO - [2024-10-28T00:30:41.578+0000] {dag.py:3239} INFO - Sync 1 DAGs
[2024-10-28T00:30:41.592+0000] {logging_mixin.py:190} INFO - [2024-10-28T00:30:41.592+0000] {dag.py:4180} INFO - Setting next_dagrun for example_short_circuit_decorator to None, run_after=None
[2024-10-28T00:30:41.611+0000] {processor.py:208} INFO - Processing /home/airflow/.local/lib/python3.12/site-packages/airflow/example_dags/example_short_circuit_decorator.py took 0.072 seconds
[2024-10-28T00:31:12.268+0000] {processor.py:186} INFO - Started process (PID=49689) to work on /home/airflow/.local/lib/python3.12/site-packages/airflow/example_dags/example_short_circuit_decorator.py
[2024-10-28T00:31:12.269+0000] {processor.py:914} INFO - Processing file /home/airflow/.local/lib/python3.12/site-packages/airflow/example_dags/example_short_circuit_decorator.py for tasks to queue
[2024-10-28T00:31:12.271+0000] {logging_mixin.py:190} INFO - [2024-10-28T00:31:12.270+0000] {dagbag.py:588} INFO - Filling up the DagBag from /home/airflow/.local/lib/python3.12/site-packages/airflow/example_dags/example_short_circuit_decorator.py
[2024-10-28T00:31:12.281+0000] {processor.py:925} INFO - DAG(s) 'example_short_circuit_decorator' retrieved from /home/airflow/.local/lib/python3.12/site-packages/airflow/example_dags/example_short_circuit_decorator.py
[2024-10-28T00:31:12.305+0000] {logging_mixin.py:190} INFO - [2024-10-28T00:31:12.305+0000] {dag.py:3239} INFO - Sync 1 DAGs
[2024-10-28T00:31:12.320+0000] {logging_mixin.py:190} INFO - [2024-10-28T00:31:12.319+0000] {dag.py:4180} INFO - Setting next_dagrun for example_short_circuit_decorator to None, run_after=None
[2024-10-28T00:31:12.339+0000] {processor.py:208} INFO - Processing /home/airflow/.local/lib/python3.12/site-packages/airflow/example_dags/example_short_circuit_decorator.py took 0.078 seconds
[2024-10-28T00:31:42.417+0000] {processor.py:186} INFO - Started process (PID=49763) to work on /home/airflow/.local/lib/python3.12/site-packages/airflow/example_dags/example_short_circuit_decorator.py
[2024-10-28T00:31:42.419+0000] {processor.py:914} INFO - Processing file /home/airflow/.local/lib/python3.12/site-packages/airflow/example_dags/example_short_circuit_decorator.py for tasks to queue
[2024-10-28T00:31:42.420+0000] {logging_mixin.py:190} INFO - [2024-10-28T00:31:42.420+0000] {dagbag.py:588} INFO - Filling up the DagBag from /home/airflow/.local/lib/python3.12/site-packages/airflow/example_dags/example_short_circuit_decorator.py
[2024-10-28T00:31:42.430+0000] {processor.py:925} INFO - DAG(s) 'example_short_circuit_decorator' retrieved from /home/airflow/.local/lib/python3.12/site-packages/airflow/example_dags/example_short_circuit_decorator.py
[2024-10-28T00:31:42.453+0000] {logging_mixin.py:190} INFO - [2024-10-28T00:31:42.453+0000] {dag.py:3239} INFO - Sync 1 DAGs
[2024-10-28T00:31:42.467+0000] {logging_mixin.py:190} INFO - [2024-10-28T00:31:42.467+0000] {dag.py:4180} INFO - Setting next_dagrun for example_short_circuit_decorator to None, run_after=None
[2024-10-28T00:31:42.486+0000] {processor.py:208} INFO - Processing /home/airflow/.local/lib/python3.12/site-packages/airflow/example_dags/example_short_circuit_decorator.py took 0.074 seconds
[2024-10-28T00:32:13.274+0000] {processor.py:186} INFO - Started process (PID=49837) to work on /home/airflow/.local/lib/python3.12/site-packages/airflow/example_dags/example_short_circuit_decorator.py
[2024-10-28T00:32:13.275+0000] {processor.py:914} INFO - Processing file /home/airflow/.local/lib/python3.12/site-packages/airflow/example_dags/example_short_circuit_decorator.py for tasks to queue
[2024-10-28T00:32:13.276+0000] {logging_mixin.py:190} INFO - [2024-10-28T00:32:13.276+0000] {dagbag.py:588} INFO - Filling up the DagBag from /home/airflow/.local/lib/python3.12/site-packages/airflow/example_dags/example_short_circuit_decorator.py
[2024-10-28T00:32:13.285+0000] {processor.py:925} INFO - DAG(s) 'example_short_circuit_decorator' retrieved from /home/airflow/.local/lib/python3.12/site-packages/airflow/example_dags/example_short_circuit_decorator.py
[2024-10-28T00:32:13.309+0000] {logging_mixin.py:190} INFO - [2024-10-28T00:32:13.309+0000] {dag.py:3239} INFO - Sync 1 DAGs
[2024-10-28T00:32:13.329+0000] {logging_mixin.py:190} INFO - [2024-10-28T00:32:13.328+0000] {dag.py:4180} INFO - Setting next_dagrun for example_short_circuit_decorator to None, run_after=None
[2024-10-28T00:32:13.351+0000] {processor.py:208} INFO - Processing /home/airflow/.local/lib/python3.12/site-packages/airflow/example_dags/example_short_circuit_decorator.py took 0.083 seconds
[2024-10-28T00:32:44.127+0000] {processor.py:186} INFO - Started process (PID=49911) to work on /home/airflow/.local/lib/python3.12/site-packages/airflow/example_dags/example_short_circuit_decorator.py
[2024-10-28T00:32:44.128+0000] {processor.py:914} INFO - Processing file /home/airflow/.local/lib/python3.12/site-packages/airflow/example_dags/example_short_circuit_decorator.py for tasks to queue
[2024-10-28T00:32:44.130+0000] {logging_mixin.py:190} INFO - [2024-10-28T00:32:44.129+0000] {dagbag.py:588} INFO - Filling up the DagBag from /home/airflow/.local/lib/python3.12/site-packages/airflow/example_dags/example_short_circuit_decorator.py
[2024-10-28T00:32:44.138+0000] {processor.py:925} INFO - DAG(s) 'example_short_circuit_decorator' retrieved from /home/airflow/.local/lib/python3.12/site-packages/airflow/example_dags/example_short_circuit_decorator.py
[2024-10-28T00:32:44.163+0000] {logging_mixin.py:190} INFO - [2024-10-28T00:32:44.162+0000] {dag.py:3239} INFO - Sync 1 DAGs
[2024-10-28T00:32:44.176+0000] {logging_mixin.py:190} INFO - [2024-10-28T00:32:44.176+0000] {dag.py:4180} INFO - Setting next_dagrun for example_short_circuit_decorator to None, run_after=None
[2024-10-28T00:32:44.196+0000] {processor.py:208} INFO - Processing /home/airflow/.local/lib/python3.12/site-packages/airflow/example_dags/example_short_circuit_decorator.py took 0.074 seconds
[2024-10-28T00:33:14.948+0000] {processor.py:186} INFO - Started process (PID=49985) to work on /home/airflow/.local/lib/python3.12/site-packages/airflow/example_dags/example_short_circuit_decorator.py
[2024-10-28T00:33:14.950+0000] {processor.py:914} INFO - Processing file /home/airflow/.local/lib/python3.12/site-packages/airflow/example_dags/example_short_circuit_decorator.py for tasks to queue
[2024-10-28T00:33:14.952+0000] {logging_mixin.py:190} INFO - [2024-10-28T00:33:14.952+0000] {dagbag.py:588} INFO - Filling up the DagBag from /home/airflow/.local/lib/python3.12/site-packages/airflow/example_dags/example_short_circuit_decorator.py
[2024-10-28T00:33:14.962+0000] {processor.py:925} INFO - DAG(s) 'example_short_circuit_decorator' retrieved from /home/airflow/.local/lib/python3.12/site-packages/airflow/example_dags/example_short_circuit_decorator.py
[2024-10-28T00:33:14.987+0000] {logging_mixin.py:190} INFO - [2024-10-28T00:33:14.987+0000] {dag.py:3239} INFO - Sync 1 DAGs
[2024-10-28T00:33:15.002+0000] {logging_mixin.py:190} INFO - [2024-10-28T00:33:15.002+0000] {dag.py:4180} INFO - Setting next_dagrun for example_short_circuit_decorator to None, run_after=None
[2024-10-28T00:33:15.033+0000] {processor.py:208} INFO - Processing /home/airflow/.local/lib/python3.12/site-packages/airflow/example_dags/example_short_circuit_decorator.py took 0.091 seconds
[2024-10-28T00:33:45.728+0000] {processor.py:186} INFO - Started process (PID=50059) to work on /home/airflow/.local/lib/python3.12/site-packages/airflow/example_dags/example_short_circuit_decorator.py
[2024-10-28T00:33:45.730+0000] {processor.py:914} INFO - Processing file /home/airflow/.local/lib/python3.12/site-packages/airflow/example_dags/example_short_circuit_decorator.py for tasks to queue
[2024-10-28T00:33:45.731+0000] {logging_mixin.py:190} INFO - [2024-10-28T00:33:45.731+0000] {dagbag.py:588} INFO - Filling up the DagBag from /home/airflow/.local/lib/python3.12/site-packages/airflow/example_dags/example_short_circuit_decorator.py
[2024-10-28T00:33:45.741+0000] {processor.py:925} INFO - DAG(s) 'example_short_circuit_decorator' retrieved from /home/airflow/.local/lib/python3.12/site-packages/airflow/example_dags/example_short_circuit_decorator.py
[2024-10-28T00:33:45.766+0000] {logging_mixin.py:190} INFO - [2024-10-28T00:33:45.766+0000] {dag.py:3239} INFO - Sync 1 DAGs
[2024-10-28T00:33:45.782+0000] {logging_mixin.py:190} INFO - [2024-10-28T00:33:45.782+0000] {dag.py:4180} INFO - Setting next_dagrun for example_short_circuit_decorator to None, run_after=None
[2024-10-28T00:33:45.802+0000] {processor.py:208} INFO - Processing /home/airflow/.local/lib/python3.12/site-packages/airflow/example_dags/example_short_circuit_decorator.py took 0.081 seconds
