[2024-10-28T00:00:16.337+0000] {processor.py:186} INFO - Started process (PID=45192) to work on /home/airflow/.local/lib/python3.12/site-packages/airflow/example_dags/example_trigger_target_dag.py
[2024-10-28T00:00:16.339+0000] {processor.py:914} INFO - Processing file /home/airflow/.local/lib/python3.12/site-packages/airflow/example_dags/example_trigger_target_dag.py for tasks to queue
[2024-10-28T00:00:16.341+0000] {logging_mixin.py:190} INFO - [2024-10-28T00:00:16.340+0000] {dagbag.py:588} INFO - Filling up the DagBag from /home/airflow/.local/lib/python3.12/site-packages/airflow/example_dags/example_trigger_target_dag.py
[2024-10-28T00:00:16.350+0000] {processor.py:925} INFO - DAG(s) 'example_trigger_target_dag' retrieved from /home/airflow/.local/lib/python3.12/site-packages/airflow/example_dags/example_trigger_target_dag.py
[2024-10-28T00:00:16.377+0000] {logging_mixin.py:190} INFO - [2024-10-28T00:00:16.376+0000] {dag.py:3239} INFO - Sync 1 DAGs
[2024-10-28T00:00:16.398+0000] {logging_mixin.py:190} INFO - [2024-10-28T00:00:16.398+0000] {dag.py:4180} INFO - Setting next_dagrun for example_trigger_target_dag to None, run_after=None
[2024-10-28T00:00:16.425+0000] {processor.py:208} INFO - Processing /home/airflow/.local/lib/python3.12/site-packages/airflow/example_dags/example_trigger_target_dag.py took 0.095 seconds
[2024-10-28T00:00:46.841+0000] {processor.py:186} INFO - Started process (PID=45266) to work on /home/airflow/.local/lib/python3.12/site-packages/airflow/example_dags/example_trigger_target_dag.py
[2024-10-28T00:00:46.842+0000] {processor.py:914} INFO - Processing file /home/airflow/.local/lib/python3.12/site-packages/airflow/example_dags/example_trigger_target_dag.py for tasks to queue
[2024-10-28T00:00:46.844+0000] {logging_mixin.py:190} INFO - [2024-10-28T00:00:46.844+0000] {dagbag.py:588} INFO - Filling up the DagBag from /home/airflow/.local/lib/python3.12/site-packages/airflow/example_dags/example_trigger_target_dag.py
[2024-10-28T00:00:46.853+0000] {processor.py:925} INFO - DAG(s) 'example_trigger_target_dag' retrieved from /home/airflow/.local/lib/python3.12/site-packages/airflow/example_dags/example_trigger_target_dag.py
[2024-10-28T00:00:46.877+0000] {logging_mixin.py:190} INFO - [2024-10-28T00:00:46.877+0000] {dag.py:3239} INFO - Sync 1 DAGs
[2024-10-28T00:00:46.901+0000] {logging_mixin.py:190} INFO - [2024-10-28T00:00:46.900+0000] {dag.py:4180} INFO - Setting next_dagrun for example_trigger_target_dag to None, run_after=None
[2024-10-28T00:00:46.927+0000] {processor.py:208} INFO - Processing /home/airflow/.local/lib/python3.12/site-packages/airflow/example_dags/example_trigger_target_dag.py took 0.093 seconds
[2024-10-28T00:01:17.584+0000] {processor.py:186} INFO - Started process (PID=45340) to work on /home/airflow/.local/lib/python3.12/site-packages/airflow/example_dags/example_trigger_target_dag.py
[2024-10-28T00:01:17.586+0000] {processor.py:914} INFO - Processing file /home/airflow/.local/lib/python3.12/site-packages/airflow/example_dags/example_trigger_target_dag.py for tasks to queue
[2024-10-28T00:01:17.589+0000] {logging_mixin.py:190} INFO - [2024-10-28T00:01:17.588+0000] {dagbag.py:588} INFO - Filling up the DagBag from /home/airflow/.local/lib/python3.12/site-packages/airflow/example_dags/example_trigger_target_dag.py
[2024-10-28T00:01:17.598+0000] {processor.py:925} INFO - DAG(s) 'example_trigger_target_dag' retrieved from /home/airflow/.local/lib/python3.12/site-packages/airflow/example_dags/example_trigger_target_dag.py
[2024-10-28T00:01:17.625+0000] {logging_mixin.py:190} INFO - [2024-10-28T00:01:17.625+0000] {dag.py:3239} INFO - Sync 1 DAGs
[2024-10-28T00:01:17.643+0000] {logging_mixin.py:190} INFO - [2024-10-28T00:01:17.643+0000] {dag.py:4180} INFO - Setting next_dagrun for example_trigger_target_dag to None, run_after=None
[2024-10-28T00:01:17.665+0000] {processor.py:208} INFO - Processing /home/airflow/.local/lib/python3.12/site-packages/airflow/example_dags/example_trigger_target_dag.py took 0.087 seconds
[2024-10-28T00:01:48.621+0000] {processor.py:186} INFO - Started process (PID=45414) to work on /home/airflow/.local/lib/python3.12/site-packages/airflow/example_dags/example_trigger_target_dag.py
[2024-10-28T00:01:48.622+0000] {processor.py:914} INFO - Processing file /home/airflow/.local/lib/python3.12/site-packages/airflow/example_dags/example_trigger_target_dag.py for tasks to queue
[2024-10-28T00:01:48.624+0000] {logging_mixin.py:190} INFO - [2024-10-28T00:01:48.623+0000] {dagbag.py:588} INFO - Filling up the DagBag from /home/airflow/.local/lib/python3.12/site-packages/airflow/example_dags/example_trigger_target_dag.py
[2024-10-28T00:01:48.631+0000] {processor.py:925} INFO - DAG(s) 'example_trigger_target_dag' retrieved from /home/airflow/.local/lib/python3.12/site-packages/airflow/example_dags/example_trigger_target_dag.py
[2024-10-28T00:01:48.649+0000] {logging_mixin.py:190} INFO - [2024-10-28T00:01:48.649+0000] {dag.py:3239} INFO - Sync 1 DAGs
[2024-10-28T00:01:48.664+0000] {logging_mixin.py:190} INFO - [2024-10-28T00:01:48.664+0000] {dag.py:4180} INFO - Setting next_dagrun for example_trigger_target_dag to None, run_after=None
[2024-10-28T00:01:48.682+0000] {processor.py:208} INFO - Processing /home/airflow/.local/lib/python3.12/site-packages/airflow/example_dags/example_trigger_target_dag.py took 0.066 seconds
[2024-10-28T00:02:18.731+0000] {processor.py:186} INFO - Started process (PID=45487) to work on /home/airflow/.local/lib/python3.12/site-packages/airflow/example_dags/example_trigger_target_dag.py
[2024-10-28T00:02:18.732+0000] {processor.py:914} INFO - Processing file /home/airflow/.local/lib/python3.12/site-packages/airflow/example_dags/example_trigger_target_dag.py for tasks to queue
[2024-10-28T00:02:18.734+0000] {logging_mixin.py:190} INFO - [2024-10-28T00:02:18.734+0000] {dagbag.py:588} INFO - Filling up the DagBag from /home/airflow/.local/lib/python3.12/site-packages/airflow/example_dags/example_trigger_target_dag.py
[2024-10-28T00:02:18.745+0000] {processor.py:925} INFO - DAG(s) 'example_trigger_target_dag' retrieved from /home/airflow/.local/lib/python3.12/site-packages/airflow/example_dags/example_trigger_target_dag.py
[2024-10-28T00:02:18.772+0000] {logging_mixin.py:190} INFO - [2024-10-28T00:02:18.771+0000] {dag.py:3239} INFO - Sync 1 DAGs
[2024-10-28T00:02:18.796+0000] {logging_mixin.py:190} INFO - [2024-10-28T00:02:18.796+0000] {dag.py:4180} INFO - Setting next_dagrun for example_trigger_target_dag to None, run_after=None
[2024-10-28T00:02:18.818+0000] {processor.py:208} INFO - Processing /home/airflow/.local/lib/python3.12/site-packages/airflow/example_dags/example_trigger_target_dag.py took 0.094 seconds
[2024-10-28T00:02:48.941+0000] {processor.py:186} INFO - Started process (PID=45561) to work on /home/airflow/.local/lib/python3.12/site-packages/airflow/example_dags/example_trigger_target_dag.py
[2024-10-28T00:02:48.942+0000] {processor.py:914} INFO - Processing file /home/airflow/.local/lib/python3.12/site-packages/airflow/example_dags/example_trigger_target_dag.py for tasks to queue
[2024-10-28T00:02:48.943+0000] {logging_mixin.py:190} INFO - [2024-10-28T00:02:48.943+0000] {dagbag.py:588} INFO - Filling up the DagBag from /home/airflow/.local/lib/python3.12/site-packages/airflow/example_dags/example_trigger_target_dag.py
[2024-10-28T00:02:48.949+0000] {processor.py:925} INFO - DAG(s) 'example_trigger_target_dag' retrieved from /home/airflow/.local/lib/python3.12/site-packages/airflow/example_dags/example_trigger_target_dag.py
[2024-10-28T00:02:48.971+0000] {logging_mixin.py:190} INFO - [2024-10-28T00:02:48.970+0000] {dag.py:3239} INFO - Sync 1 DAGs
[2024-10-28T00:02:48.987+0000] {logging_mixin.py:190} INFO - [2024-10-28T00:02:48.986+0000] {dag.py:4180} INFO - Setting next_dagrun for example_trigger_target_dag to None, run_after=None
[2024-10-28T00:02:49.007+0000] {processor.py:208} INFO - Processing /home/airflow/.local/lib/python3.12/site-packages/airflow/example_dags/example_trigger_target_dag.py took 0.072 seconds
[2024-10-28T00:03:19.468+0000] {processor.py:186} INFO - Started process (PID=45635) to work on /home/airflow/.local/lib/python3.12/site-packages/airflow/example_dags/example_trigger_target_dag.py
[2024-10-28T00:03:19.469+0000] {processor.py:914} INFO - Processing file /home/airflow/.local/lib/python3.12/site-packages/airflow/example_dags/example_trigger_target_dag.py for tasks to queue
[2024-10-28T00:03:19.471+0000] {logging_mixin.py:190} INFO - [2024-10-28T00:03:19.470+0000] {dagbag.py:588} INFO - Filling up the DagBag from /home/airflow/.local/lib/python3.12/site-packages/airflow/example_dags/example_trigger_target_dag.py
[2024-10-28T00:03:19.477+0000] {processor.py:925} INFO - DAG(s) 'example_trigger_target_dag' retrieved from /home/airflow/.local/lib/python3.12/site-packages/airflow/example_dags/example_trigger_target_dag.py
[2024-10-28T00:03:19.496+0000] {logging_mixin.py:190} INFO - [2024-10-28T00:03:19.496+0000] {dag.py:3239} INFO - Sync 1 DAGs
[2024-10-28T00:03:19.510+0000] {logging_mixin.py:190} INFO - [2024-10-28T00:03:19.510+0000] {dag.py:4180} INFO - Setting next_dagrun for example_trigger_target_dag to None, run_after=None
[2024-10-28T00:03:19.530+0000] {processor.py:208} INFO - Processing /home/airflow/.local/lib/python3.12/site-packages/airflow/example_dags/example_trigger_target_dag.py took 0.067 seconds
[2024-10-28T00:03:49.615+0000] {processor.py:186} INFO - Started process (PID=45709) to work on /home/airflow/.local/lib/python3.12/site-packages/airflow/example_dags/example_trigger_target_dag.py
[2024-10-28T00:03:49.615+0000] {processor.py:914} INFO - Processing file /home/airflow/.local/lib/python3.12/site-packages/airflow/example_dags/example_trigger_target_dag.py for tasks to queue
[2024-10-28T00:03:49.617+0000] {logging_mixin.py:190} INFO - [2024-10-28T00:03:49.617+0000] {dagbag.py:588} INFO - Filling up the DagBag from /home/airflow/.local/lib/python3.12/site-packages/airflow/example_dags/example_trigger_target_dag.py
[2024-10-28T00:03:49.624+0000] {processor.py:925} INFO - DAG(s) 'example_trigger_target_dag' retrieved from /home/airflow/.local/lib/python3.12/site-packages/airflow/example_dags/example_trigger_target_dag.py
[2024-10-28T00:03:49.644+0000] {logging_mixin.py:190} INFO - [2024-10-28T00:03:49.644+0000] {dag.py:3239} INFO - Sync 1 DAGs
[2024-10-28T00:03:49.658+0000] {logging_mixin.py:190} INFO - [2024-10-28T00:03:49.658+0000] {dag.py:4180} INFO - Setting next_dagrun for example_trigger_target_dag to None, run_after=None
[2024-10-28T00:03:49.679+0000] {processor.py:208} INFO - Processing /home/airflow/.local/lib/python3.12/site-packages/airflow/example_dags/example_trigger_target_dag.py took 0.070 seconds
[2024-10-28T00:04:20.346+0000] {processor.py:186} INFO - Started process (PID=45783) to work on /home/airflow/.local/lib/python3.12/site-packages/airflow/example_dags/example_trigger_target_dag.py
[2024-10-28T00:04:20.347+0000] {processor.py:914} INFO - Processing file /home/airflow/.local/lib/python3.12/site-packages/airflow/example_dags/example_trigger_target_dag.py for tasks to queue
[2024-10-28T00:04:20.348+0000] {logging_mixin.py:190} INFO - [2024-10-28T00:04:20.348+0000] {dagbag.py:588} INFO - Filling up the DagBag from /home/airflow/.local/lib/python3.12/site-packages/airflow/example_dags/example_trigger_target_dag.py
[2024-10-28T00:04:20.355+0000] {processor.py:925} INFO - DAG(s) 'example_trigger_target_dag' retrieved from /home/airflow/.local/lib/python3.12/site-packages/airflow/example_dags/example_trigger_target_dag.py
[2024-10-28T00:04:20.375+0000] {logging_mixin.py:190} INFO - [2024-10-28T00:04:20.374+0000] {dag.py:3239} INFO - Sync 1 DAGs
[2024-10-28T00:04:20.389+0000] {logging_mixin.py:190} INFO - [2024-10-28T00:04:20.389+0000] {dag.py:4180} INFO - Setting next_dagrun for example_trigger_target_dag to None, run_after=None
[2024-10-28T00:04:20.410+0000] {processor.py:208} INFO - Processing /home/airflow/.local/lib/python3.12/site-packages/airflow/example_dags/example_trigger_target_dag.py took 0.070 seconds
[2024-10-28T00:04:50.694+0000] {processor.py:186} INFO - Started process (PID=45857) to work on /home/airflow/.local/lib/python3.12/site-packages/airflow/example_dags/example_trigger_target_dag.py
[2024-10-28T00:04:50.695+0000] {processor.py:914} INFO - Processing file /home/airflow/.local/lib/python3.12/site-packages/airflow/example_dags/example_trigger_target_dag.py for tasks to queue
[2024-10-28T00:04:50.697+0000] {logging_mixin.py:190} INFO - [2024-10-28T00:04:50.696+0000] {dagbag.py:588} INFO - Filling up the DagBag from /home/airflow/.local/lib/python3.12/site-packages/airflow/example_dags/example_trigger_target_dag.py
[2024-10-28T00:04:50.709+0000] {processor.py:925} INFO - DAG(s) 'example_trigger_target_dag' retrieved from /home/airflow/.local/lib/python3.12/site-packages/airflow/example_dags/example_trigger_target_dag.py
[2024-10-28T00:04:50.734+0000] {logging_mixin.py:190} INFO - [2024-10-28T00:04:50.734+0000] {dag.py:3239} INFO - Sync 1 DAGs
[2024-10-28T00:04:50.755+0000] {logging_mixin.py:190} INFO - [2024-10-28T00:04:50.754+0000] {dag.py:4180} INFO - Setting next_dagrun for example_trigger_target_dag to None, run_after=None
[2024-10-28T00:04:50.780+0000] {processor.py:208} INFO - Processing /home/airflow/.local/lib/python3.12/site-packages/airflow/example_dags/example_trigger_target_dag.py took 0.094 seconds
[2024-10-28T00:05:21.574+0000] {processor.py:186} INFO - Started process (PID=45931) to work on /home/airflow/.local/lib/python3.12/site-packages/airflow/example_dags/example_trigger_target_dag.py
[2024-10-28T00:05:21.575+0000] {processor.py:914} INFO - Processing file /home/airflow/.local/lib/python3.12/site-packages/airflow/example_dags/example_trigger_target_dag.py for tasks to queue
[2024-10-28T00:05:21.576+0000] {logging_mixin.py:190} INFO - [2024-10-28T00:05:21.576+0000] {dagbag.py:588} INFO - Filling up the DagBag from /home/airflow/.local/lib/python3.12/site-packages/airflow/example_dags/example_trigger_target_dag.py
[2024-10-28T00:05:21.585+0000] {processor.py:925} INFO - DAG(s) 'example_trigger_target_dag' retrieved from /home/airflow/.local/lib/python3.12/site-packages/airflow/example_dags/example_trigger_target_dag.py
[2024-10-28T00:05:21.603+0000] {logging_mixin.py:190} INFO - [2024-10-28T00:05:21.602+0000] {dag.py:3239} INFO - Sync 1 DAGs
[2024-10-28T00:05:21.617+0000] {logging_mixin.py:190} INFO - [2024-10-28T00:05:21.617+0000] {dag.py:4180} INFO - Setting next_dagrun for example_trigger_target_dag to None, run_after=None
[2024-10-28T00:05:21.642+0000] {processor.py:208} INFO - Processing /home/airflow/.local/lib/python3.12/site-packages/airflow/example_dags/example_trigger_target_dag.py took 0.076 seconds
[2024-10-28T00:05:52.016+0000] {processor.py:186} INFO - Started process (PID=46005) to work on /home/airflow/.local/lib/python3.12/site-packages/airflow/example_dags/example_trigger_target_dag.py
[2024-10-28T00:05:52.017+0000] {processor.py:914} INFO - Processing file /home/airflow/.local/lib/python3.12/site-packages/airflow/example_dags/example_trigger_target_dag.py for tasks to queue
[2024-10-28T00:05:52.018+0000] {logging_mixin.py:190} INFO - [2024-10-28T00:05:52.018+0000] {dagbag.py:588} INFO - Filling up the DagBag from /home/airflow/.local/lib/python3.12/site-packages/airflow/example_dags/example_trigger_target_dag.py
[2024-10-28T00:05:52.027+0000] {processor.py:925} INFO - DAG(s) 'example_trigger_target_dag' retrieved from /home/airflow/.local/lib/python3.12/site-packages/airflow/example_dags/example_trigger_target_dag.py
[2024-10-28T00:05:52.048+0000] {logging_mixin.py:190} INFO - [2024-10-28T00:05:52.048+0000] {dag.py:3239} INFO - Sync 1 DAGs
[2024-10-28T00:05:52.066+0000] {logging_mixin.py:190} INFO - [2024-10-28T00:05:52.065+0000] {dag.py:4180} INFO - Setting next_dagrun for example_trigger_target_dag to None, run_after=None
[2024-10-28T00:05:52.087+0000] {processor.py:208} INFO - Processing /home/airflow/.local/lib/python3.12/site-packages/airflow/example_dags/example_trigger_target_dag.py took 0.078 seconds
[2024-10-28T00:06:22.453+0000] {processor.py:186} INFO - Started process (PID=46079) to work on /home/airflow/.local/lib/python3.12/site-packages/airflow/example_dags/example_trigger_target_dag.py
[2024-10-28T00:06:22.455+0000] {processor.py:914} INFO - Processing file /home/airflow/.local/lib/python3.12/site-packages/airflow/example_dags/example_trigger_target_dag.py for tasks to queue
[2024-10-28T00:06:22.457+0000] {logging_mixin.py:190} INFO - [2024-10-28T00:06:22.456+0000] {dagbag.py:588} INFO - Filling up the DagBag from /home/airflow/.local/lib/python3.12/site-packages/airflow/example_dags/example_trigger_target_dag.py
[2024-10-28T00:06:22.465+0000] {processor.py:925} INFO - DAG(s) 'example_trigger_target_dag' retrieved from /home/airflow/.local/lib/python3.12/site-packages/airflow/example_dags/example_trigger_target_dag.py
[2024-10-28T00:06:22.485+0000] {logging_mixin.py:190} INFO - [2024-10-28T00:06:22.484+0000] {dag.py:3239} INFO - Sync 1 DAGs
[2024-10-28T00:06:22.502+0000] {logging_mixin.py:190} INFO - [2024-10-28T00:06:22.502+0000] {dag.py:4180} INFO - Setting next_dagrun for example_trigger_target_dag to None, run_after=None
[2024-10-28T00:06:22.524+0000] {processor.py:208} INFO - Processing /home/airflow/.local/lib/python3.12/site-packages/airflow/example_dags/example_trigger_target_dag.py took 0.077 seconds
[2024-10-28T00:06:53.607+0000] {processor.py:186} INFO - Started process (PID=46154) to work on /home/airflow/.local/lib/python3.12/site-packages/airflow/example_dags/example_trigger_target_dag.py
[2024-10-28T00:06:53.608+0000] {processor.py:914} INFO - Processing file /home/airflow/.local/lib/python3.12/site-packages/airflow/example_dags/example_trigger_target_dag.py for tasks to queue
[2024-10-28T00:06:53.609+0000] {logging_mixin.py:190} INFO - [2024-10-28T00:06:53.609+0000] {dagbag.py:588} INFO - Filling up the DagBag from /home/airflow/.local/lib/python3.12/site-packages/airflow/example_dags/example_trigger_target_dag.py
[2024-10-28T00:06:53.616+0000] {processor.py:925} INFO - DAG(s) 'example_trigger_target_dag' retrieved from /home/airflow/.local/lib/python3.12/site-packages/airflow/example_dags/example_trigger_target_dag.py
[2024-10-28T00:06:53.634+0000] {logging_mixin.py:190} INFO - [2024-10-28T00:06:53.634+0000] {dag.py:3239} INFO - Sync 1 DAGs
[2024-10-28T00:06:53.648+0000] {logging_mixin.py:190} INFO - [2024-10-28T00:06:53.648+0000] {dag.py:4180} INFO - Setting next_dagrun for example_trigger_target_dag to None, run_after=None
[2024-10-28T00:06:53.665+0000] {processor.py:208} INFO - Processing /home/airflow/.local/lib/python3.12/site-packages/airflow/example_dags/example_trigger_target_dag.py took 0.063 seconds
[2024-10-28T00:07:24.095+0000] {processor.py:186} INFO - Started process (PID=46228) to work on /home/airflow/.local/lib/python3.12/site-packages/airflow/example_dags/example_trigger_target_dag.py
[2024-10-28T00:07:24.096+0000] {processor.py:914} INFO - Processing file /home/airflow/.local/lib/python3.12/site-packages/airflow/example_dags/example_trigger_target_dag.py for tasks to queue
[2024-10-28T00:07:24.098+0000] {logging_mixin.py:190} INFO - [2024-10-28T00:07:24.098+0000] {dagbag.py:588} INFO - Filling up the DagBag from /home/airflow/.local/lib/python3.12/site-packages/airflow/example_dags/example_trigger_target_dag.py
[2024-10-28T00:07:24.105+0000] {processor.py:925} INFO - DAG(s) 'example_trigger_target_dag' retrieved from /home/airflow/.local/lib/python3.12/site-packages/airflow/example_dags/example_trigger_target_dag.py
[2024-10-28T00:07:24.124+0000] {logging_mixin.py:190} INFO - [2024-10-28T00:07:24.123+0000] {dag.py:3239} INFO - Sync 1 DAGs
[2024-10-28T00:07:24.138+0000] {logging_mixin.py:190} INFO - [2024-10-28T00:07:24.138+0000] {dag.py:4180} INFO - Setting next_dagrun for example_trigger_target_dag to None, run_after=None
[2024-10-28T00:07:24.156+0000] {processor.py:208} INFO - Processing /home/airflow/.local/lib/python3.12/site-packages/airflow/example_dags/example_trigger_target_dag.py took 0.066 seconds
[2024-10-28T00:07:54.913+0000] {processor.py:186} INFO - Started process (PID=46303) to work on /home/airflow/.local/lib/python3.12/site-packages/airflow/example_dags/example_trigger_target_dag.py
[2024-10-28T00:07:54.914+0000] {processor.py:914} INFO - Processing file /home/airflow/.local/lib/python3.12/site-packages/airflow/example_dags/example_trigger_target_dag.py for tasks to queue
[2024-10-28T00:07:54.915+0000] {logging_mixin.py:190} INFO - [2024-10-28T00:07:54.915+0000] {dagbag.py:588} INFO - Filling up the DagBag from /home/airflow/.local/lib/python3.12/site-packages/airflow/example_dags/example_trigger_target_dag.py
[2024-10-28T00:07:54.923+0000] {processor.py:925} INFO - DAG(s) 'example_trigger_target_dag' retrieved from /home/airflow/.local/lib/python3.12/site-packages/airflow/example_dags/example_trigger_target_dag.py
[2024-10-28T00:07:54.942+0000] {logging_mixin.py:190} INFO - [2024-10-28T00:07:54.942+0000] {dag.py:3239} INFO - Sync 1 DAGs
[2024-10-28T00:07:54.957+0000] {logging_mixin.py:190} INFO - [2024-10-28T00:07:54.957+0000] {dag.py:4180} INFO - Setting next_dagrun for example_trigger_target_dag to None, run_after=None
[2024-10-28T00:07:54.976+0000] {processor.py:208} INFO - Processing /home/airflow/.local/lib/python3.12/site-packages/airflow/example_dags/example_trigger_target_dag.py took 0.070 seconds
[2024-10-28T00:08:25.424+0000] {processor.py:186} INFO - Started process (PID=46377) to work on /home/airflow/.local/lib/python3.12/site-packages/airflow/example_dags/example_trigger_target_dag.py
[2024-10-28T00:08:25.425+0000] {processor.py:914} INFO - Processing file /home/airflow/.local/lib/python3.12/site-packages/airflow/example_dags/example_trigger_target_dag.py for tasks to queue
[2024-10-28T00:08:25.426+0000] {logging_mixin.py:190} INFO - [2024-10-28T00:08:25.426+0000] {dagbag.py:588} INFO - Filling up the DagBag from /home/airflow/.local/lib/python3.12/site-packages/airflow/example_dags/example_trigger_target_dag.py
[2024-10-28T00:08:25.433+0000] {processor.py:925} INFO - DAG(s) 'example_trigger_target_dag' retrieved from /home/airflow/.local/lib/python3.12/site-packages/airflow/example_dags/example_trigger_target_dag.py
[2024-10-28T00:08:25.452+0000] {logging_mixin.py:190} INFO - [2024-10-28T00:08:25.452+0000] {dag.py:3239} INFO - Sync 1 DAGs
[2024-10-28T00:08:25.468+0000] {logging_mixin.py:190} INFO - [2024-10-28T00:08:25.468+0000] {dag.py:4180} INFO - Setting next_dagrun for example_trigger_target_dag to None, run_after=None
[2024-10-28T00:08:25.487+0000] {processor.py:208} INFO - Processing /home/airflow/.local/lib/python3.12/site-packages/airflow/example_dags/example_trigger_target_dag.py took 0.069 seconds
[2024-10-28T00:08:56.282+0000] {processor.py:186} INFO - Started process (PID=46451) to work on /home/airflow/.local/lib/python3.12/site-packages/airflow/example_dags/example_trigger_target_dag.py
[2024-10-28T00:08:56.283+0000] {processor.py:914} INFO - Processing file /home/airflow/.local/lib/python3.12/site-packages/airflow/example_dags/example_trigger_target_dag.py for tasks to queue
[2024-10-28T00:08:56.284+0000] {logging_mixin.py:190} INFO - [2024-10-28T00:08:56.284+0000] {dagbag.py:588} INFO - Filling up the DagBag from /home/airflow/.local/lib/python3.12/site-packages/airflow/example_dags/example_trigger_target_dag.py
[2024-10-28T00:08:56.295+0000] {processor.py:925} INFO - DAG(s) 'example_trigger_target_dag' retrieved from /home/airflow/.local/lib/python3.12/site-packages/airflow/example_dags/example_trigger_target_dag.py
[2024-10-28T00:08:56.315+0000] {logging_mixin.py:190} INFO - [2024-10-28T00:08:56.315+0000] {dag.py:3239} INFO - Sync 1 DAGs
[2024-10-28T00:08:56.331+0000] {logging_mixin.py:190} INFO - [2024-10-28T00:08:56.331+0000] {dag.py:4180} INFO - Setting next_dagrun for example_trigger_target_dag to None, run_after=None
[2024-10-28T00:08:56.350+0000] {processor.py:208} INFO - Processing /home/airflow/.local/lib/python3.12/site-packages/airflow/example_dags/example_trigger_target_dag.py took 0.074 seconds
[2024-10-28T00:09:26.711+0000] {processor.py:186} INFO - Started process (PID=46525) to work on /home/airflow/.local/lib/python3.12/site-packages/airflow/example_dags/example_trigger_target_dag.py
[2024-10-28T00:09:26.712+0000] {processor.py:914} INFO - Processing file /home/airflow/.local/lib/python3.12/site-packages/airflow/example_dags/example_trigger_target_dag.py for tasks to queue
[2024-10-28T00:09:26.713+0000] {logging_mixin.py:190} INFO - [2024-10-28T00:09:26.713+0000] {dagbag.py:588} INFO - Filling up the DagBag from /home/airflow/.local/lib/python3.12/site-packages/airflow/example_dags/example_trigger_target_dag.py
[2024-10-28T00:09:26.720+0000] {processor.py:925} INFO - DAG(s) 'example_trigger_target_dag' retrieved from /home/airflow/.local/lib/python3.12/site-packages/airflow/example_dags/example_trigger_target_dag.py
[2024-10-28T00:09:26.738+0000] {logging_mixin.py:190} INFO - [2024-10-28T00:09:26.738+0000] {dag.py:3239} INFO - Sync 1 DAGs
[2024-10-28T00:09:26.753+0000] {logging_mixin.py:190} INFO - [2024-10-28T00:09:26.753+0000] {dag.py:4180} INFO - Setting next_dagrun for example_trigger_target_dag to None, run_after=None
[2024-10-28T00:09:26.771+0000] {processor.py:208} INFO - Processing /home/airflow/.local/lib/python3.12/site-packages/airflow/example_dags/example_trigger_target_dag.py took 0.066 seconds
[2024-10-28T00:09:56.817+0000] {processor.py:186} INFO - Started process (PID=46598) to work on /home/airflow/.local/lib/python3.12/site-packages/airflow/example_dags/example_trigger_target_dag.py
[2024-10-28T00:09:56.818+0000] {processor.py:914} INFO - Processing file /home/airflow/.local/lib/python3.12/site-packages/airflow/example_dags/example_trigger_target_dag.py for tasks to queue
[2024-10-28T00:09:56.820+0000] {logging_mixin.py:190} INFO - [2024-10-28T00:09:56.819+0000] {dagbag.py:588} INFO - Filling up the DagBag from /home/airflow/.local/lib/python3.12/site-packages/airflow/example_dags/example_trigger_target_dag.py
[2024-10-28T00:09:56.828+0000] {processor.py:925} INFO - DAG(s) 'example_trigger_target_dag' retrieved from /home/airflow/.local/lib/python3.12/site-packages/airflow/example_dags/example_trigger_target_dag.py
[2024-10-28T00:09:56.852+0000] {logging_mixin.py:190} INFO - [2024-10-28T00:09:56.851+0000] {dag.py:3239} INFO - Sync 1 DAGs
[2024-10-28T00:09:56.868+0000] {logging_mixin.py:190} INFO - [2024-10-28T00:09:56.867+0000] {dag.py:4180} INFO - Setting next_dagrun for example_trigger_target_dag to None, run_after=None
[2024-10-28T00:09:56.891+0000] {processor.py:208} INFO - Processing /home/airflow/.local/lib/python3.12/site-packages/airflow/example_dags/example_trigger_target_dag.py took 0.081 seconds
[2024-10-28T00:10:26.971+0000] {processor.py:186} INFO - Started process (PID=46671) to work on /home/airflow/.local/lib/python3.12/site-packages/airflow/example_dags/example_trigger_target_dag.py
[2024-10-28T00:10:26.972+0000] {processor.py:914} INFO - Processing file /home/airflow/.local/lib/python3.12/site-packages/airflow/example_dags/example_trigger_target_dag.py for tasks to queue
[2024-10-28T00:10:26.974+0000] {logging_mixin.py:190} INFO - [2024-10-28T00:10:26.974+0000] {dagbag.py:588} INFO - Filling up the DagBag from /home/airflow/.local/lib/python3.12/site-packages/airflow/example_dags/example_trigger_target_dag.py
[2024-10-28T00:10:26.984+0000] {processor.py:925} INFO - DAG(s) 'example_trigger_target_dag' retrieved from /home/airflow/.local/lib/python3.12/site-packages/airflow/example_dags/example_trigger_target_dag.py
[2024-10-28T00:10:27.005+0000] {logging_mixin.py:190} INFO - [2024-10-28T00:10:27.005+0000] {dag.py:3239} INFO - Sync 1 DAGs
[2024-10-28T00:10:27.021+0000] {logging_mixin.py:190} INFO - [2024-10-28T00:10:27.021+0000] {dag.py:4180} INFO - Setting next_dagrun for example_trigger_target_dag to None, run_after=None
[2024-10-28T00:10:27.044+0000] {processor.py:208} INFO - Processing /home/airflow/.local/lib/python3.12/site-packages/airflow/example_dags/example_trigger_target_dag.py took 0.082 seconds
[2024-10-28T00:10:57.351+0000] {processor.py:186} INFO - Started process (PID=46746) to work on /home/airflow/.local/lib/python3.12/site-packages/airflow/example_dags/example_trigger_target_dag.py
[2024-10-28T00:10:57.353+0000] {processor.py:914} INFO - Processing file /home/airflow/.local/lib/python3.12/site-packages/airflow/example_dags/example_trigger_target_dag.py for tasks to queue
[2024-10-28T00:10:57.355+0000] {logging_mixin.py:190} INFO - [2024-10-28T00:10:57.355+0000] {dagbag.py:588} INFO - Filling up the DagBag from /home/airflow/.local/lib/python3.12/site-packages/airflow/example_dags/example_trigger_target_dag.py
[2024-10-28T00:10:57.365+0000] {processor.py:925} INFO - DAG(s) 'example_trigger_target_dag' retrieved from /home/airflow/.local/lib/python3.12/site-packages/airflow/example_dags/example_trigger_target_dag.py
[2024-10-28T00:10:57.389+0000] {logging_mixin.py:190} INFO - [2024-10-28T00:10:57.389+0000] {dag.py:3239} INFO - Sync 1 DAGs
[2024-10-28T00:10:57.409+0000] {logging_mixin.py:190} INFO - [2024-10-28T00:10:57.408+0000] {dag.py:4180} INFO - Setting next_dagrun for example_trigger_target_dag to None, run_after=None
[2024-10-28T00:10:57.431+0000] {processor.py:208} INFO - Processing /home/airflow/.local/lib/python3.12/site-packages/airflow/example_dags/example_trigger_target_dag.py took 0.090 seconds
[2024-10-28T00:11:27.537+0000] {processor.py:186} INFO - Started process (PID=46820) to work on /home/airflow/.local/lib/python3.12/site-packages/airflow/example_dags/example_trigger_target_dag.py
[2024-10-28T00:11:27.538+0000] {processor.py:914} INFO - Processing file /home/airflow/.local/lib/python3.12/site-packages/airflow/example_dags/example_trigger_target_dag.py for tasks to queue
[2024-10-28T00:11:27.540+0000] {logging_mixin.py:190} INFO - [2024-10-28T00:11:27.540+0000] {dagbag.py:588} INFO - Filling up the DagBag from /home/airflow/.local/lib/python3.12/site-packages/airflow/example_dags/example_trigger_target_dag.py
[2024-10-28T00:11:27.547+0000] {processor.py:925} INFO - DAG(s) 'example_trigger_target_dag' retrieved from /home/airflow/.local/lib/python3.12/site-packages/airflow/example_dags/example_trigger_target_dag.py
[2024-10-28T00:11:27.567+0000] {logging_mixin.py:190} INFO - [2024-10-28T00:11:27.566+0000] {dag.py:3239} INFO - Sync 1 DAGs
[2024-10-28T00:11:27.581+0000] {logging_mixin.py:190} INFO - [2024-10-28T00:11:27.581+0000] {dag.py:4180} INFO - Setting next_dagrun for example_trigger_target_dag to None, run_after=None
[2024-10-28T00:11:27.599+0000] {processor.py:208} INFO - Processing /home/airflow/.local/lib/python3.12/site-packages/airflow/example_dags/example_trigger_target_dag.py took 0.067 seconds
[2024-10-28T00:11:58.305+0000] {processor.py:186} INFO - Started process (PID=46894) to work on /home/airflow/.local/lib/python3.12/site-packages/airflow/example_dags/example_trigger_target_dag.py
[2024-10-28T00:11:58.306+0000] {processor.py:914} INFO - Processing file /home/airflow/.local/lib/python3.12/site-packages/airflow/example_dags/example_trigger_target_dag.py for tasks to queue
[2024-10-28T00:11:58.307+0000] {logging_mixin.py:190} INFO - [2024-10-28T00:11:58.307+0000] {dagbag.py:588} INFO - Filling up the DagBag from /home/airflow/.local/lib/python3.12/site-packages/airflow/example_dags/example_trigger_target_dag.py
[2024-10-28T00:11:58.315+0000] {processor.py:925} INFO - DAG(s) 'example_trigger_target_dag' retrieved from /home/airflow/.local/lib/python3.12/site-packages/airflow/example_dags/example_trigger_target_dag.py
[2024-10-28T00:11:58.333+0000] {logging_mixin.py:190} INFO - [2024-10-28T00:11:58.333+0000] {dag.py:3239} INFO - Sync 1 DAGs
[2024-10-28T00:11:58.348+0000] {logging_mixin.py:190} INFO - [2024-10-28T00:11:58.348+0000] {dag.py:4180} INFO - Setting next_dagrun for example_trigger_target_dag to None, run_after=None
[2024-10-28T00:11:58.367+0000] {processor.py:208} INFO - Processing /home/airflow/.local/lib/python3.12/site-packages/airflow/example_dags/example_trigger_target_dag.py took 0.068 seconds
[2024-10-28T00:12:28.434+0000] {processor.py:186} INFO - Started process (PID=46967) to work on /home/airflow/.local/lib/python3.12/site-packages/airflow/example_dags/example_trigger_target_dag.py
[2024-10-28T00:12:28.435+0000] {processor.py:914} INFO - Processing file /home/airflow/.local/lib/python3.12/site-packages/airflow/example_dags/example_trigger_target_dag.py for tasks to queue
[2024-10-28T00:12:28.436+0000] {logging_mixin.py:190} INFO - [2024-10-28T00:12:28.436+0000] {dagbag.py:588} INFO - Filling up the DagBag from /home/airflow/.local/lib/python3.12/site-packages/airflow/example_dags/example_trigger_target_dag.py
[2024-10-28T00:12:28.443+0000] {processor.py:925} INFO - DAG(s) 'example_trigger_target_dag' retrieved from /home/airflow/.local/lib/python3.12/site-packages/airflow/example_dags/example_trigger_target_dag.py
[2024-10-28T00:12:28.461+0000] {logging_mixin.py:190} INFO - [2024-10-28T00:12:28.461+0000] {dag.py:3239} INFO - Sync 1 DAGs
[2024-10-28T00:12:28.475+0000] {logging_mixin.py:190} INFO - [2024-10-28T00:12:28.475+0000] {dag.py:4180} INFO - Setting next_dagrun for example_trigger_target_dag to None, run_after=None
[2024-10-28T00:12:28.493+0000] {processor.py:208} INFO - Processing /home/airflow/.local/lib/python3.12/site-packages/airflow/example_dags/example_trigger_target_dag.py took 0.065 seconds
[2024-10-28T00:12:59.069+0000] {processor.py:186} INFO - Started process (PID=47042) to work on /home/airflow/.local/lib/python3.12/site-packages/airflow/example_dags/example_trigger_target_dag.py
[2024-10-28T00:12:59.070+0000] {processor.py:914} INFO - Processing file /home/airflow/.local/lib/python3.12/site-packages/airflow/example_dags/example_trigger_target_dag.py for tasks to queue
[2024-10-28T00:12:59.072+0000] {logging_mixin.py:190} INFO - [2024-10-28T00:12:59.071+0000] {dagbag.py:588} INFO - Filling up the DagBag from /home/airflow/.local/lib/python3.12/site-packages/airflow/example_dags/example_trigger_target_dag.py
[2024-10-28T00:12:59.078+0000] {processor.py:925} INFO - DAG(s) 'example_trigger_target_dag' retrieved from /home/airflow/.local/lib/python3.12/site-packages/airflow/example_dags/example_trigger_target_dag.py
[2024-10-28T00:12:59.096+0000] {logging_mixin.py:190} INFO - [2024-10-28T00:12:59.096+0000] {dag.py:3239} INFO - Sync 1 DAGs
[2024-10-28T00:12:59.111+0000] {logging_mixin.py:190} INFO - [2024-10-28T00:12:59.110+0000] {dag.py:4180} INFO - Setting next_dagrun for example_trigger_target_dag to None, run_after=None
[2024-10-28T00:12:59.129+0000] {processor.py:208} INFO - Processing /home/airflow/.local/lib/python3.12/site-packages/airflow/example_dags/example_trigger_target_dag.py took 0.066 seconds
[2024-10-28T00:13:29.416+0000] {processor.py:186} INFO - Started process (PID=47116) to work on /home/airflow/.local/lib/python3.12/site-packages/airflow/example_dags/example_trigger_target_dag.py
[2024-10-28T00:13:29.417+0000] {processor.py:914} INFO - Processing file /home/airflow/.local/lib/python3.12/site-packages/airflow/example_dags/example_trigger_target_dag.py for tasks to queue
[2024-10-28T00:13:29.419+0000] {logging_mixin.py:190} INFO - [2024-10-28T00:13:29.418+0000] {dagbag.py:588} INFO - Filling up the DagBag from /home/airflow/.local/lib/python3.12/site-packages/airflow/example_dags/example_trigger_target_dag.py
[2024-10-28T00:13:29.425+0000] {processor.py:925} INFO - DAG(s) 'example_trigger_target_dag' retrieved from /home/airflow/.local/lib/python3.12/site-packages/airflow/example_dags/example_trigger_target_dag.py
[2024-10-28T00:13:29.444+0000] {logging_mixin.py:190} INFO - [2024-10-28T00:13:29.444+0000] {dag.py:3239} INFO - Sync 1 DAGs
[2024-10-28T00:13:29.458+0000] {logging_mixin.py:190} INFO - [2024-10-28T00:13:29.457+0000] {dag.py:4180} INFO - Setting next_dagrun for example_trigger_target_dag to None, run_after=None
[2024-10-28T00:13:29.476+0000] {processor.py:208} INFO - Processing /home/airflow/.local/lib/python3.12/site-packages/airflow/example_dags/example_trigger_target_dag.py took 0.066 seconds
[2024-10-28T00:13:59.940+0000] {processor.py:186} INFO - Started process (PID=47190) to work on /home/airflow/.local/lib/python3.12/site-packages/airflow/example_dags/example_trigger_target_dag.py
[2024-10-28T00:13:59.941+0000] {processor.py:914} INFO - Processing file /home/airflow/.local/lib/python3.12/site-packages/airflow/example_dags/example_trigger_target_dag.py for tasks to queue
[2024-10-28T00:13:59.942+0000] {logging_mixin.py:190} INFO - [2024-10-28T00:13:59.942+0000] {dagbag.py:588} INFO - Filling up the DagBag from /home/airflow/.local/lib/python3.12/site-packages/airflow/example_dags/example_trigger_target_dag.py
[2024-10-28T00:13:59.949+0000] {processor.py:925} INFO - DAG(s) 'example_trigger_target_dag' retrieved from /home/airflow/.local/lib/python3.12/site-packages/airflow/example_dags/example_trigger_target_dag.py
[2024-10-28T00:13:59.967+0000] {logging_mixin.py:190} INFO - [2024-10-28T00:13:59.967+0000] {dag.py:3239} INFO - Sync 1 DAGs
[2024-10-28T00:13:59.981+0000] {logging_mixin.py:190} INFO - [2024-10-28T00:13:59.981+0000] {dag.py:4180} INFO - Setting next_dagrun for example_trigger_target_dag to None, run_after=None
[2024-10-28T00:14:00.000+0000] {processor.py:208} INFO - Processing /home/airflow/.local/lib/python3.12/site-packages/airflow/example_dags/example_trigger_target_dag.py took 0.065 seconds
[2024-10-28T00:14:30.209+0000] {processor.py:186} INFO - Started process (PID=47264) to work on /home/airflow/.local/lib/python3.12/site-packages/airflow/example_dags/example_trigger_target_dag.py
[2024-10-28T00:14:30.210+0000] {processor.py:914} INFO - Processing file /home/airflow/.local/lib/python3.12/site-packages/airflow/example_dags/example_trigger_target_dag.py for tasks to queue
[2024-10-28T00:14:30.212+0000] {logging_mixin.py:190} INFO - [2024-10-28T00:14:30.212+0000] {dagbag.py:588} INFO - Filling up the DagBag from /home/airflow/.local/lib/python3.12/site-packages/airflow/example_dags/example_trigger_target_dag.py
[2024-10-28T00:14:30.218+0000] {processor.py:925} INFO - DAG(s) 'example_trigger_target_dag' retrieved from /home/airflow/.local/lib/python3.12/site-packages/airflow/example_dags/example_trigger_target_dag.py
[2024-10-28T00:14:30.238+0000] {logging_mixin.py:190} INFO - [2024-10-28T00:14:30.237+0000] {dag.py:3239} INFO - Sync 1 DAGs
[2024-10-28T00:14:30.251+0000] {logging_mixin.py:190} INFO - [2024-10-28T00:14:30.251+0000] {dag.py:4180} INFO - Setting next_dagrun for example_trigger_target_dag to None, run_after=None
[2024-10-28T00:14:30.270+0000] {processor.py:208} INFO - Processing /home/airflow/.local/lib/python3.12/site-packages/airflow/example_dags/example_trigger_target_dag.py took 0.066 seconds
[2024-10-28T00:15:00.344+0000] {processor.py:186} INFO - Started process (PID=47338) to work on /home/airflow/.local/lib/python3.12/site-packages/airflow/example_dags/example_trigger_target_dag.py
[2024-10-28T00:15:00.345+0000] {processor.py:914} INFO - Processing file /home/airflow/.local/lib/python3.12/site-packages/airflow/example_dags/example_trigger_target_dag.py for tasks to queue
[2024-10-28T00:15:00.346+0000] {logging_mixin.py:190} INFO - [2024-10-28T00:15:00.346+0000] {dagbag.py:588} INFO - Filling up the DagBag from /home/airflow/.local/lib/python3.12/site-packages/airflow/example_dags/example_trigger_target_dag.py
[2024-10-28T00:15:00.353+0000] {processor.py:925} INFO - DAG(s) 'example_trigger_target_dag' retrieved from /home/airflow/.local/lib/python3.12/site-packages/airflow/example_dags/example_trigger_target_dag.py
[2024-10-28T00:15:00.371+0000] {logging_mixin.py:190} INFO - [2024-10-28T00:15:00.371+0000] {dag.py:3239} INFO - Sync 1 DAGs
[2024-10-28T00:15:00.385+0000] {logging_mixin.py:190} INFO - [2024-10-28T00:15:00.384+0000] {dag.py:4180} INFO - Setting next_dagrun for example_trigger_target_dag to None, run_after=None
[2024-10-28T00:15:00.406+0000] {processor.py:208} INFO - Processing /home/airflow/.local/lib/python3.12/site-packages/airflow/example_dags/example_trigger_target_dag.py took 0.068 seconds
[2024-10-28T00:15:31.152+0000] {processor.py:186} INFO - Started process (PID=47412) to work on /home/airflow/.local/lib/python3.12/site-packages/airflow/example_dags/example_trigger_target_dag.py
[2024-10-28T00:15:31.153+0000] {processor.py:914} INFO - Processing file /home/airflow/.local/lib/python3.12/site-packages/airflow/example_dags/example_trigger_target_dag.py for tasks to queue
[2024-10-28T00:15:31.155+0000] {logging_mixin.py:190} INFO - [2024-10-28T00:15:31.154+0000] {dagbag.py:588} INFO - Filling up the DagBag from /home/airflow/.local/lib/python3.12/site-packages/airflow/example_dags/example_trigger_target_dag.py
[2024-10-28T00:15:31.161+0000] {processor.py:925} INFO - DAG(s) 'example_trigger_target_dag' retrieved from /home/airflow/.local/lib/python3.12/site-packages/airflow/example_dags/example_trigger_target_dag.py
[2024-10-28T00:15:31.180+0000] {logging_mixin.py:190} INFO - [2024-10-28T00:15:31.180+0000] {dag.py:3239} INFO - Sync 1 DAGs
[2024-10-28T00:15:31.194+0000] {logging_mixin.py:190} INFO - [2024-10-28T00:15:31.194+0000] {dag.py:4180} INFO - Setting next_dagrun for example_trigger_target_dag to None, run_after=None
[2024-10-28T00:15:31.211+0000] {processor.py:208} INFO - Processing /home/airflow/.local/lib/python3.12/site-packages/airflow/example_dags/example_trigger_target_dag.py took 0.065 seconds
[2024-10-28T00:16:01.688+0000] {processor.py:186} INFO - Started process (PID=47486) to work on /home/airflow/.local/lib/python3.12/site-packages/airflow/example_dags/example_trigger_target_dag.py
[2024-10-28T00:16:01.689+0000] {processor.py:914} INFO - Processing file /home/airflow/.local/lib/python3.12/site-packages/airflow/example_dags/example_trigger_target_dag.py for tasks to queue
[2024-10-28T00:16:01.690+0000] {logging_mixin.py:190} INFO - [2024-10-28T00:16:01.690+0000] {dagbag.py:588} INFO - Filling up the DagBag from /home/airflow/.local/lib/python3.12/site-packages/airflow/example_dags/example_trigger_target_dag.py
[2024-10-28T00:16:01.697+0000] {processor.py:925} INFO - DAG(s) 'example_trigger_target_dag' retrieved from /home/airflow/.local/lib/python3.12/site-packages/airflow/example_dags/example_trigger_target_dag.py
[2024-10-28T00:16:01.714+0000] {logging_mixin.py:190} INFO - [2024-10-28T00:16:01.714+0000] {dag.py:3239} INFO - Sync 1 DAGs
[2024-10-28T00:16:01.729+0000] {logging_mixin.py:190} INFO - [2024-10-28T00:16:01.729+0000] {dag.py:4180} INFO - Setting next_dagrun for example_trigger_target_dag to None, run_after=None
[2024-10-28T00:16:01.746+0000] {processor.py:208} INFO - Processing /home/airflow/.local/lib/python3.12/site-packages/airflow/example_dags/example_trigger_target_dag.py took 0.064 seconds
[2024-10-28T00:16:31.870+0000] {processor.py:186} INFO - Started process (PID=47548) to work on /home/airflow/.local/lib/python3.12/site-packages/airflow/example_dags/example_trigger_target_dag.py
[2024-10-28T00:16:31.871+0000] {processor.py:914} INFO - Processing file /home/airflow/.local/lib/python3.12/site-packages/airflow/example_dags/example_trigger_target_dag.py for tasks to queue
[2024-10-28T00:16:31.872+0000] {logging_mixin.py:190} INFO - [2024-10-28T00:16:31.872+0000] {dagbag.py:588} INFO - Filling up the DagBag from /home/airflow/.local/lib/python3.12/site-packages/airflow/example_dags/example_trigger_target_dag.py
[2024-10-28T00:16:31.879+0000] {processor.py:925} INFO - DAG(s) 'example_trigger_target_dag' retrieved from /home/airflow/.local/lib/python3.12/site-packages/airflow/example_dags/example_trigger_target_dag.py
[2024-10-28T00:16:31.898+0000] {logging_mixin.py:190} INFO - [2024-10-28T00:16:31.898+0000] {dag.py:3239} INFO - Sync 1 DAGs
[2024-10-28T00:16:31.912+0000] {logging_mixin.py:190} INFO - [2024-10-28T00:16:31.912+0000] {dag.py:4180} INFO - Setting next_dagrun for example_trigger_target_dag to None, run_after=None
[2024-10-28T00:16:31.932+0000] {processor.py:208} INFO - Processing /home/airflow/.local/lib/python3.12/site-packages/airflow/example_dags/example_trigger_target_dag.py took 0.068 seconds
[2024-10-28T00:17:02.434+0000] {processor.py:186} INFO - Started process (PID=47622) to work on /home/airflow/.local/lib/python3.12/site-packages/airflow/example_dags/example_trigger_target_dag.py
[2024-10-28T00:17:02.435+0000] {processor.py:914} INFO - Processing file /home/airflow/.local/lib/python3.12/site-packages/airflow/example_dags/example_trigger_target_dag.py for tasks to queue
[2024-10-28T00:17:02.437+0000] {logging_mixin.py:190} INFO - [2024-10-28T00:17:02.436+0000] {dagbag.py:588} INFO - Filling up the DagBag from /home/airflow/.local/lib/python3.12/site-packages/airflow/example_dags/example_trigger_target_dag.py
[2024-10-28T00:17:02.443+0000] {processor.py:925} INFO - DAG(s) 'example_trigger_target_dag' retrieved from /home/airflow/.local/lib/python3.12/site-packages/airflow/example_dags/example_trigger_target_dag.py
[2024-10-28T00:17:02.461+0000] {logging_mixin.py:190} INFO - [2024-10-28T00:17:02.461+0000] {dag.py:3239} INFO - Sync 1 DAGs
[2024-10-28T00:17:02.475+0000] {logging_mixin.py:190} INFO - [2024-10-28T00:17:02.475+0000] {dag.py:4180} INFO - Setting next_dagrun for example_trigger_target_dag to None, run_after=None
[2024-10-28T00:17:02.493+0000] {processor.py:208} INFO - Processing /home/airflow/.local/lib/python3.12/site-packages/airflow/example_dags/example_trigger_target_dag.py took 0.064 seconds
[2024-10-28T00:17:33.050+0000] {processor.py:186} INFO - Started process (PID=47696) to work on /home/airflow/.local/lib/python3.12/site-packages/airflow/example_dags/example_trigger_target_dag.py
[2024-10-28T00:17:33.052+0000] {processor.py:914} INFO - Processing file /home/airflow/.local/lib/python3.12/site-packages/airflow/example_dags/example_trigger_target_dag.py for tasks to queue
[2024-10-28T00:17:33.053+0000] {logging_mixin.py:190} INFO - [2024-10-28T00:17:33.053+0000] {dagbag.py:588} INFO - Filling up the DagBag from /home/airflow/.local/lib/python3.12/site-packages/airflow/example_dags/example_trigger_target_dag.py
[2024-10-28T00:17:33.061+0000] {processor.py:925} INFO - DAG(s) 'example_trigger_target_dag' retrieved from /home/airflow/.local/lib/python3.12/site-packages/airflow/example_dags/example_trigger_target_dag.py
[2024-10-28T00:17:33.080+0000] {logging_mixin.py:190} INFO - [2024-10-28T00:17:33.079+0000] {dag.py:3239} INFO - Sync 1 DAGs
[2024-10-28T00:17:33.094+0000] {logging_mixin.py:190} INFO - [2024-10-28T00:17:33.094+0000] {dag.py:4180} INFO - Setting next_dagrun for example_trigger_target_dag to None, run_after=None
[2024-10-28T00:17:33.112+0000] {processor.py:208} INFO - Processing /home/airflow/.local/lib/python3.12/site-packages/airflow/example_dags/example_trigger_target_dag.py took 0.067 seconds
[2024-10-28T00:18:03.336+0000] {processor.py:186} INFO - Started process (PID=47769) to work on /home/airflow/.local/lib/python3.12/site-packages/airflow/example_dags/example_trigger_target_dag.py
[2024-10-28T00:18:03.338+0000] {processor.py:914} INFO - Processing file /home/airflow/.local/lib/python3.12/site-packages/airflow/example_dags/example_trigger_target_dag.py for tasks to queue
[2024-10-28T00:18:03.340+0000] {logging_mixin.py:190} INFO - [2024-10-28T00:18:03.339+0000] {dagbag.py:588} INFO - Filling up the DagBag from /home/airflow/.local/lib/python3.12/site-packages/airflow/example_dags/example_trigger_target_dag.py
[2024-10-28T00:18:03.350+0000] {processor.py:925} INFO - DAG(s) 'example_trigger_target_dag' retrieved from /home/airflow/.local/lib/python3.12/site-packages/airflow/example_dags/example_trigger_target_dag.py
[2024-10-28T00:18:03.370+0000] {logging_mixin.py:190} INFO - [2024-10-28T00:18:03.370+0000] {dag.py:3239} INFO - Sync 1 DAGs
[2024-10-28T00:18:03.393+0000] {logging_mixin.py:190} INFO - [2024-10-28T00:18:03.392+0000] {dag.py:4180} INFO - Setting next_dagrun for example_trigger_target_dag to None, run_after=None
[2024-10-28T00:18:03.433+0000] {processor.py:208} INFO - Processing /home/airflow/.local/lib/python3.12/site-packages/airflow/example_dags/example_trigger_target_dag.py took 0.106 seconds
[2024-10-28T00:18:34.024+0000] {processor.py:186} INFO - Started process (PID=47843) to work on /home/airflow/.local/lib/python3.12/site-packages/airflow/example_dags/example_trigger_target_dag.py
[2024-10-28T00:18:34.025+0000] {processor.py:914} INFO - Processing file /home/airflow/.local/lib/python3.12/site-packages/airflow/example_dags/example_trigger_target_dag.py for tasks to queue
[2024-10-28T00:18:34.027+0000] {logging_mixin.py:190} INFO - [2024-10-28T00:18:34.027+0000] {dagbag.py:588} INFO - Filling up the DagBag from /home/airflow/.local/lib/python3.12/site-packages/airflow/example_dags/example_trigger_target_dag.py
[2024-10-28T00:18:34.034+0000] {processor.py:925} INFO - DAG(s) 'example_trigger_target_dag' retrieved from /home/airflow/.local/lib/python3.12/site-packages/airflow/example_dags/example_trigger_target_dag.py
[2024-10-28T00:18:34.058+0000] {logging_mixin.py:190} INFO - [2024-10-28T00:18:34.058+0000] {dag.py:3239} INFO - Sync 1 DAGs
[2024-10-28T00:18:34.076+0000] {logging_mixin.py:190} INFO - [2024-10-28T00:18:34.075+0000] {dag.py:4180} INFO - Setting next_dagrun for example_trigger_target_dag to None, run_after=None
[2024-10-28T00:18:34.098+0000] {processor.py:208} INFO - Processing /home/airflow/.local/lib/python3.12/site-packages/airflow/example_dags/example_trigger_target_dag.py took 0.082 seconds
[2024-10-28T00:19:04.326+0000] {processor.py:186} INFO - Started process (PID=47917) to work on /home/airflow/.local/lib/python3.12/site-packages/airflow/example_dags/example_trigger_target_dag.py
[2024-10-28T00:19:04.328+0000] {processor.py:914} INFO - Processing file /home/airflow/.local/lib/python3.12/site-packages/airflow/example_dags/example_trigger_target_dag.py for tasks to queue
[2024-10-28T00:19:04.329+0000] {logging_mixin.py:190} INFO - [2024-10-28T00:19:04.329+0000] {dagbag.py:588} INFO - Filling up the DagBag from /home/airflow/.local/lib/python3.12/site-packages/airflow/example_dags/example_trigger_target_dag.py
[2024-10-28T00:19:04.338+0000] {processor.py:925} INFO - DAG(s) 'example_trigger_target_dag' retrieved from /home/airflow/.local/lib/python3.12/site-packages/airflow/example_dags/example_trigger_target_dag.py
[2024-10-28T00:19:04.358+0000] {logging_mixin.py:190} INFO - [2024-10-28T00:19:04.358+0000] {dag.py:3239} INFO - Sync 1 DAGs
[2024-10-28T00:19:04.377+0000] {logging_mixin.py:190} INFO - [2024-10-28T00:19:04.377+0000] {dag.py:4180} INFO - Setting next_dagrun for example_trigger_target_dag to None, run_after=None
[2024-10-28T00:19:04.402+0000] {processor.py:208} INFO - Processing /home/airflow/.local/lib/python3.12/site-packages/airflow/example_dags/example_trigger_target_dag.py took 0.081 seconds
[2024-10-28T00:19:34.700+0000] {processor.py:186} INFO - Started process (PID=47991) to work on /home/airflow/.local/lib/python3.12/site-packages/airflow/example_dags/example_trigger_target_dag.py
[2024-10-28T00:19:34.701+0000] {processor.py:914} INFO - Processing file /home/airflow/.local/lib/python3.12/site-packages/airflow/example_dags/example_trigger_target_dag.py for tasks to queue
[2024-10-28T00:19:34.702+0000] {logging_mixin.py:190} INFO - [2024-10-28T00:19:34.702+0000] {dagbag.py:588} INFO - Filling up the DagBag from /home/airflow/.local/lib/python3.12/site-packages/airflow/example_dags/example_trigger_target_dag.py
[2024-10-28T00:19:34.710+0000] {processor.py:925} INFO - DAG(s) 'example_trigger_target_dag' retrieved from /home/airflow/.local/lib/python3.12/site-packages/airflow/example_dags/example_trigger_target_dag.py
[2024-10-28T00:19:34.733+0000] {logging_mixin.py:190} INFO - [2024-10-28T00:19:34.732+0000] {dag.py:3239} INFO - Sync 1 DAGs
[2024-10-28T00:19:34.748+0000] {logging_mixin.py:190} INFO - [2024-10-28T00:19:34.748+0000] {dag.py:4180} INFO - Setting next_dagrun for example_trigger_target_dag to None, run_after=None
[2024-10-28T00:19:34.770+0000] {processor.py:208} INFO - Processing /home/airflow/.local/lib/python3.12/site-packages/airflow/example_dags/example_trigger_target_dag.py took 0.078 seconds
[2024-10-28T00:20:05.517+0000] {processor.py:186} INFO - Started process (PID=48065) to work on /home/airflow/.local/lib/python3.12/site-packages/airflow/example_dags/example_trigger_target_dag.py
[2024-10-28T00:20:05.518+0000] {processor.py:914} INFO - Processing file /home/airflow/.local/lib/python3.12/site-packages/airflow/example_dags/example_trigger_target_dag.py for tasks to queue
[2024-10-28T00:20:05.520+0000] {logging_mixin.py:190} INFO - [2024-10-28T00:20:05.520+0000] {dagbag.py:588} INFO - Filling up the DagBag from /home/airflow/.local/lib/python3.12/site-packages/airflow/example_dags/example_trigger_target_dag.py
[2024-10-28T00:20:05.531+0000] {processor.py:925} INFO - DAG(s) 'example_trigger_target_dag' retrieved from /home/airflow/.local/lib/python3.12/site-packages/airflow/example_dags/example_trigger_target_dag.py
[2024-10-28T00:20:05.553+0000] {logging_mixin.py:190} INFO - [2024-10-28T00:20:05.553+0000] {dag.py:3239} INFO - Sync 1 DAGs
[2024-10-28T00:20:05.570+0000] {logging_mixin.py:190} INFO - [2024-10-28T00:20:05.570+0000] {dag.py:4180} INFO - Setting next_dagrun for example_trigger_target_dag to None, run_after=None
[2024-10-28T00:20:05.597+0000] {processor.py:208} INFO - Processing /home/airflow/.local/lib/python3.12/site-packages/airflow/example_dags/example_trigger_target_dag.py took 0.087 seconds
[2024-10-28T00:20:35.824+0000] {processor.py:186} INFO - Started process (PID=48139) to work on /home/airflow/.local/lib/python3.12/site-packages/airflow/example_dags/example_trigger_target_dag.py
[2024-10-28T00:20:35.825+0000] {processor.py:914} INFO - Processing file /home/airflow/.local/lib/python3.12/site-packages/airflow/example_dags/example_trigger_target_dag.py for tasks to queue
[2024-10-28T00:20:35.827+0000] {logging_mixin.py:190} INFO - [2024-10-28T00:20:35.826+0000] {dagbag.py:588} INFO - Filling up the DagBag from /home/airflow/.local/lib/python3.12/site-packages/airflow/example_dags/example_trigger_target_dag.py
[2024-10-28T00:20:35.834+0000] {processor.py:925} INFO - DAG(s) 'example_trigger_target_dag' retrieved from /home/airflow/.local/lib/python3.12/site-packages/airflow/example_dags/example_trigger_target_dag.py
[2024-10-28T00:20:35.859+0000] {logging_mixin.py:190} INFO - [2024-10-28T00:20:35.859+0000] {dag.py:3239} INFO - Sync 1 DAGs
[2024-10-28T00:20:35.877+0000] {logging_mixin.py:190} INFO - [2024-10-28T00:20:35.877+0000] {dag.py:4180} INFO - Setting next_dagrun for example_trigger_target_dag to None, run_after=None
[2024-10-28T00:20:35.901+0000] {processor.py:208} INFO - Processing /home/airflow/.local/lib/python3.12/site-packages/airflow/example_dags/example_trigger_target_dag.py took 0.086 seconds
[2024-10-28T00:21:06.489+0000] {processor.py:186} INFO - Started process (PID=48213) to work on /home/airflow/.local/lib/python3.12/site-packages/airflow/example_dags/example_trigger_target_dag.py
[2024-10-28T00:21:06.490+0000] {processor.py:914} INFO - Processing file /home/airflow/.local/lib/python3.12/site-packages/airflow/example_dags/example_trigger_target_dag.py for tasks to queue
[2024-10-28T00:21:06.491+0000] {logging_mixin.py:190} INFO - [2024-10-28T00:21:06.491+0000] {dagbag.py:588} INFO - Filling up the DagBag from /home/airflow/.local/lib/python3.12/site-packages/airflow/example_dags/example_trigger_target_dag.py
[2024-10-28T00:21:06.501+0000] {processor.py:925} INFO - DAG(s) 'example_trigger_target_dag' retrieved from /home/airflow/.local/lib/python3.12/site-packages/airflow/example_dags/example_trigger_target_dag.py
[2024-10-28T00:21:06.524+0000] {logging_mixin.py:190} INFO - [2024-10-28T00:21:06.524+0000] {dag.py:3239} INFO - Sync 1 DAGs
[2024-10-28T00:21:06.541+0000] {logging_mixin.py:190} INFO - [2024-10-28T00:21:06.541+0000] {dag.py:4180} INFO - Setting next_dagrun for example_trigger_target_dag to None, run_after=None
[2024-10-28T00:21:06.562+0000] {processor.py:208} INFO - Processing /home/airflow/.local/lib/python3.12/site-packages/airflow/example_dags/example_trigger_target_dag.py took 0.080 seconds
[2024-10-28T00:21:37.114+0000] {processor.py:186} INFO - Started process (PID=48287) to work on /home/airflow/.local/lib/python3.12/site-packages/airflow/example_dags/example_trigger_target_dag.py
[2024-10-28T00:21:37.115+0000] {processor.py:914} INFO - Processing file /home/airflow/.local/lib/python3.12/site-packages/airflow/example_dags/example_trigger_target_dag.py for tasks to queue
[2024-10-28T00:21:37.117+0000] {logging_mixin.py:190} INFO - [2024-10-28T00:21:37.116+0000] {dagbag.py:588} INFO - Filling up the DagBag from /home/airflow/.local/lib/python3.12/site-packages/airflow/example_dags/example_trigger_target_dag.py
[2024-10-28T00:21:37.123+0000] {processor.py:925} INFO - DAG(s) 'example_trigger_target_dag' retrieved from /home/airflow/.local/lib/python3.12/site-packages/airflow/example_dags/example_trigger_target_dag.py
[2024-10-28T00:21:37.145+0000] {logging_mixin.py:190} INFO - [2024-10-28T00:21:37.145+0000] {dag.py:3239} INFO - Sync 1 DAGs
[2024-10-28T00:21:37.160+0000] {logging_mixin.py:190} INFO - [2024-10-28T00:21:37.160+0000] {dag.py:4180} INFO - Setting next_dagrun for example_trigger_target_dag to None, run_after=None
[2024-10-28T00:21:37.181+0000] {processor.py:208} INFO - Processing /home/airflow/.local/lib/python3.12/site-packages/airflow/example_dags/example_trigger_target_dag.py took 0.073 seconds
[2024-10-28T00:22:07.592+0000] {processor.py:186} INFO - Started process (PID=48367) to work on /home/airflow/.local/lib/python3.12/site-packages/airflow/example_dags/example_trigger_target_dag.py
[2024-10-28T00:22:07.593+0000] {processor.py:914} INFO - Processing file /home/airflow/.local/lib/python3.12/site-packages/airflow/example_dags/example_trigger_target_dag.py for tasks to queue
[2024-10-28T00:22:07.595+0000] {logging_mixin.py:190} INFO - [2024-10-28T00:22:07.594+0000] {dagbag.py:588} INFO - Filling up the DagBag from /home/airflow/.local/lib/python3.12/site-packages/airflow/example_dags/example_trigger_target_dag.py
[2024-10-28T00:22:07.601+0000] {processor.py:925} INFO - DAG(s) 'example_trigger_target_dag' retrieved from /home/airflow/.local/lib/python3.12/site-packages/airflow/example_dags/example_trigger_target_dag.py
[2024-10-28T00:22:07.623+0000] {logging_mixin.py:190} INFO - [2024-10-28T00:22:07.623+0000] {dag.py:3239} INFO - Sync 1 DAGs
[2024-10-28T00:22:07.639+0000] {logging_mixin.py:190} INFO - [2024-10-28T00:22:07.639+0000] {dag.py:4180} INFO - Setting next_dagrun for example_trigger_target_dag to None, run_after=None
[2024-10-28T00:22:07.659+0000] {processor.py:208} INFO - Processing /home/airflow/.local/lib/python3.12/site-packages/airflow/example_dags/example_trigger_target_dag.py took 0.073 seconds
[2024-10-28T00:22:37.959+0000] {processor.py:186} INFO - Started process (PID=48441) to work on /home/airflow/.local/lib/python3.12/site-packages/airflow/example_dags/example_trigger_target_dag.py
[2024-10-28T00:22:37.961+0000] {processor.py:914} INFO - Processing file /home/airflow/.local/lib/python3.12/site-packages/airflow/example_dags/example_trigger_target_dag.py for tasks to queue
[2024-10-28T00:22:37.963+0000] {logging_mixin.py:190} INFO - [2024-10-28T00:22:37.962+0000] {dagbag.py:588} INFO - Filling up the DagBag from /home/airflow/.local/lib/python3.12/site-packages/airflow/example_dags/example_trigger_target_dag.py
[2024-10-28T00:22:37.970+0000] {processor.py:925} INFO - DAG(s) 'example_trigger_target_dag' retrieved from /home/airflow/.local/lib/python3.12/site-packages/airflow/example_dags/example_trigger_target_dag.py
[2024-10-28T00:22:37.991+0000] {logging_mixin.py:190} INFO - [2024-10-28T00:22:37.990+0000] {dag.py:3239} INFO - Sync 1 DAGs
[2024-10-28T00:22:38.006+0000] {logging_mixin.py:190} INFO - [2024-10-28T00:22:38.006+0000] {dag.py:4180} INFO - Setting next_dagrun for example_trigger_target_dag to None, run_after=None
[2024-10-28T00:22:38.025+0000] {processor.py:208} INFO - Processing /home/airflow/.local/lib/python3.12/site-packages/airflow/example_dags/example_trigger_target_dag.py took 0.073 seconds
[2024-10-28T00:23:08.408+0000] {processor.py:186} INFO - Started process (PID=48515) to work on /home/airflow/.local/lib/python3.12/site-packages/airflow/example_dags/example_trigger_target_dag.py
[2024-10-28T00:23:08.409+0000] {processor.py:914} INFO - Processing file /home/airflow/.local/lib/python3.12/site-packages/airflow/example_dags/example_trigger_target_dag.py for tasks to queue
[2024-10-28T00:23:08.410+0000] {logging_mixin.py:190} INFO - [2024-10-28T00:23:08.410+0000] {dagbag.py:588} INFO - Filling up the DagBag from /home/airflow/.local/lib/python3.12/site-packages/airflow/example_dags/example_trigger_target_dag.py
[2024-10-28T00:23:08.418+0000] {processor.py:925} INFO - DAG(s) 'example_trigger_target_dag' retrieved from /home/airflow/.local/lib/python3.12/site-packages/airflow/example_dags/example_trigger_target_dag.py
[2024-10-28T00:23:08.438+0000] {logging_mixin.py:190} INFO - [2024-10-28T00:23:08.437+0000] {dag.py:3239} INFO - Sync 1 DAGs
[2024-10-28T00:23:08.452+0000] {logging_mixin.py:190} INFO - [2024-10-28T00:23:08.452+0000] {dag.py:4180} INFO - Setting next_dagrun for example_trigger_target_dag to None, run_after=None
[2024-10-28T00:23:08.472+0000] {processor.py:208} INFO - Processing /home/airflow/.local/lib/python3.12/site-packages/airflow/example_dags/example_trigger_target_dag.py took 0.069 seconds
[2024-10-28T00:23:38.641+0000] {processor.py:186} INFO - Started process (PID=48589) to work on /home/airflow/.local/lib/python3.12/site-packages/airflow/example_dags/example_trigger_target_dag.py
[2024-10-28T00:23:38.643+0000] {processor.py:914} INFO - Processing file /home/airflow/.local/lib/python3.12/site-packages/airflow/example_dags/example_trigger_target_dag.py for tasks to queue
[2024-10-28T00:23:38.645+0000] {logging_mixin.py:190} INFO - [2024-10-28T00:23:38.644+0000] {dagbag.py:588} INFO - Filling up the DagBag from /home/airflow/.local/lib/python3.12/site-packages/airflow/example_dags/example_trigger_target_dag.py
[2024-10-28T00:23:38.652+0000] {processor.py:925} INFO - DAG(s) 'example_trigger_target_dag' retrieved from /home/airflow/.local/lib/python3.12/site-packages/airflow/example_dags/example_trigger_target_dag.py
[2024-10-28T00:23:38.672+0000] {logging_mixin.py:190} INFO - [2024-10-28T00:23:38.671+0000] {dag.py:3239} INFO - Sync 1 DAGs
[2024-10-28T00:23:38.688+0000] {logging_mixin.py:190} INFO - [2024-10-28T00:23:38.688+0000] {dag.py:4180} INFO - Setting next_dagrun for example_trigger_target_dag to None, run_after=None
[2024-10-28T00:23:38.710+0000] {processor.py:208} INFO - Processing /home/airflow/.local/lib/python3.12/site-packages/airflow/example_dags/example_trigger_target_dag.py took 0.075 seconds
[2024-10-28T00:24:09.644+0000] {processor.py:186} INFO - Started process (PID=48663) to work on /home/airflow/.local/lib/python3.12/site-packages/airflow/example_dags/example_trigger_target_dag.py
[2024-10-28T00:24:09.647+0000] {processor.py:914} INFO - Processing file /home/airflow/.local/lib/python3.12/site-packages/airflow/example_dags/example_trigger_target_dag.py for tasks to queue
[2024-10-28T00:24:09.652+0000] {logging_mixin.py:190} INFO - [2024-10-28T00:24:09.651+0000] {dagbag.py:588} INFO - Filling up the DagBag from /home/airflow/.local/lib/python3.12/site-packages/airflow/example_dags/example_trigger_target_dag.py
[2024-10-28T00:24:09.668+0000] {processor.py:925} INFO - DAG(s) 'example_trigger_target_dag' retrieved from /home/airflow/.local/lib/python3.12/site-packages/airflow/example_dags/example_trigger_target_dag.py
[2024-10-28T00:24:09.700+0000] {logging_mixin.py:190} INFO - [2024-10-28T00:24:09.700+0000] {dag.py:3239} INFO - Sync 1 DAGs
[2024-10-28T00:24:09.724+0000] {logging_mixin.py:190} INFO - [2024-10-28T00:24:09.723+0000] {dag.py:4180} INFO - Setting next_dagrun for example_trigger_target_dag to None, run_after=None
[2024-10-28T00:24:09.754+0000] {processor.py:208} INFO - Processing /home/airflow/.local/lib/python3.12/site-packages/airflow/example_dags/example_trigger_target_dag.py took 0.121 seconds
[2024-10-28T00:24:40.623+0000] {processor.py:186} INFO - Started process (PID=48737) to work on /home/airflow/.local/lib/python3.12/site-packages/airflow/example_dags/example_trigger_target_dag.py
[2024-10-28T00:24:40.624+0000] {processor.py:914} INFO - Processing file /home/airflow/.local/lib/python3.12/site-packages/airflow/example_dags/example_trigger_target_dag.py for tasks to queue
[2024-10-28T00:24:40.626+0000] {logging_mixin.py:190} INFO - [2024-10-28T00:24:40.626+0000] {dagbag.py:588} INFO - Filling up the DagBag from /home/airflow/.local/lib/python3.12/site-packages/airflow/example_dags/example_trigger_target_dag.py
[2024-10-28T00:24:40.633+0000] {processor.py:925} INFO - DAG(s) 'example_trigger_target_dag' retrieved from /home/airflow/.local/lib/python3.12/site-packages/airflow/example_dags/example_trigger_target_dag.py
[2024-10-28T00:24:40.656+0000] {logging_mixin.py:190} INFO - [2024-10-28T00:24:40.655+0000] {dag.py:3239} INFO - Sync 1 DAGs
[2024-10-28T00:24:40.672+0000] {logging_mixin.py:190} INFO - [2024-10-28T00:24:40.671+0000] {dag.py:4180} INFO - Setting next_dagrun for example_trigger_target_dag to None, run_after=None
[2024-10-28T00:24:40.695+0000] {processor.py:208} INFO - Processing /home/airflow/.local/lib/python3.12/site-packages/airflow/example_dags/example_trigger_target_dag.py took 0.079 seconds
[2024-10-28T00:25:11.490+0000] {processor.py:186} INFO - Started process (PID=48811) to work on /home/airflow/.local/lib/python3.12/site-packages/airflow/example_dags/example_trigger_target_dag.py
[2024-10-28T00:25:11.491+0000] {processor.py:914} INFO - Processing file /home/airflow/.local/lib/python3.12/site-packages/airflow/example_dags/example_trigger_target_dag.py for tasks to queue
[2024-10-28T00:25:11.493+0000] {logging_mixin.py:190} INFO - [2024-10-28T00:25:11.492+0000] {dagbag.py:588} INFO - Filling up the DagBag from /home/airflow/.local/lib/python3.12/site-packages/airflow/example_dags/example_trigger_target_dag.py
[2024-10-28T00:25:11.500+0000] {processor.py:925} INFO - DAG(s) 'example_trigger_target_dag' retrieved from /home/airflow/.local/lib/python3.12/site-packages/airflow/example_dags/example_trigger_target_dag.py
[2024-10-28T00:25:11.522+0000] {logging_mixin.py:190} INFO - [2024-10-28T00:25:11.521+0000] {dag.py:3239} INFO - Sync 1 DAGs
[2024-10-28T00:25:11.539+0000] {logging_mixin.py:190} INFO - [2024-10-28T00:25:11.539+0000] {dag.py:4180} INFO - Setting next_dagrun for example_trigger_target_dag to None, run_after=None
[2024-10-28T00:25:11.559+0000] {processor.py:208} INFO - Processing /home/airflow/.local/lib/python3.12/site-packages/airflow/example_dags/example_trigger_target_dag.py took 0.076 seconds
[2024-10-28T00:25:41.685+0000] {processor.py:186} INFO - Started process (PID=48885) to work on /home/airflow/.local/lib/python3.12/site-packages/airflow/example_dags/example_trigger_target_dag.py
[2024-10-28T00:25:41.686+0000] {processor.py:914} INFO - Processing file /home/airflow/.local/lib/python3.12/site-packages/airflow/example_dags/example_trigger_target_dag.py for tasks to queue
[2024-10-28T00:25:41.688+0000] {logging_mixin.py:190} INFO - [2024-10-28T00:25:41.687+0000] {dagbag.py:588} INFO - Filling up the DagBag from /home/airflow/.local/lib/python3.12/site-packages/airflow/example_dags/example_trigger_target_dag.py
[2024-10-28T00:25:41.695+0000] {processor.py:925} INFO - DAG(s) 'example_trigger_target_dag' retrieved from /home/airflow/.local/lib/python3.12/site-packages/airflow/example_dags/example_trigger_target_dag.py
[2024-10-28T00:25:41.719+0000] {logging_mixin.py:190} INFO - [2024-10-28T00:25:41.719+0000] {dag.py:3239} INFO - Sync 1 DAGs
[2024-10-28T00:25:41.734+0000] {logging_mixin.py:190} INFO - [2024-10-28T00:25:41.734+0000] {dag.py:4180} INFO - Setting next_dagrun for example_trigger_target_dag to None, run_after=None
[2024-10-28T00:25:41.753+0000] {processor.py:208} INFO - Processing /home/airflow/.local/lib/python3.12/site-packages/airflow/example_dags/example_trigger_target_dag.py took 0.075 seconds
[2024-10-28T00:26:12.094+0000] {processor.py:186} INFO - Started process (PID=48959) to work on /home/airflow/.local/lib/python3.12/site-packages/airflow/example_dags/example_trigger_target_dag.py
[2024-10-28T00:26:12.095+0000] {processor.py:914} INFO - Processing file /home/airflow/.local/lib/python3.12/site-packages/airflow/example_dags/example_trigger_target_dag.py for tasks to queue
[2024-10-28T00:26:12.097+0000] {logging_mixin.py:190} INFO - [2024-10-28T00:26:12.096+0000] {dagbag.py:588} INFO - Filling up the DagBag from /home/airflow/.local/lib/python3.12/site-packages/airflow/example_dags/example_trigger_target_dag.py
[2024-10-28T00:26:12.103+0000] {processor.py:925} INFO - DAG(s) 'example_trigger_target_dag' retrieved from /home/airflow/.local/lib/python3.12/site-packages/airflow/example_dags/example_trigger_target_dag.py
[2024-10-28T00:26:12.122+0000] {logging_mixin.py:190} INFO - [2024-10-28T00:26:12.122+0000] {dag.py:3239} INFO - Sync 1 DAGs
[2024-10-28T00:26:12.288+0000] {logging_mixin.py:190} INFO - [2024-10-28T00:26:12.287+0000] {dag.py:4180} INFO - Setting next_dagrun for example_trigger_target_dag to None, run_after=None
[2024-10-28T00:26:12.310+0000] {processor.py:208} INFO - Processing /home/airflow/.local/lib/python3.12/site-packages/airflow/example_dags/example_trigger_target_dag.py took 0.221 seconds
[2024-10-28T00:26:42.545+0000] {processor.py:186} INFO - Started process (PID=49033) to work on /home/airflow/.local/lib/python3.12/site-packages/airflow/example_dags/example_trigger_target_dag.py
[2024-10-28T00:26:42.547+0000] {processor.py:914} INFO - Processing file /home/airflow/.local/lib/python3.12/site-packages/airflow/example_dags/example_trigger_target_dag.py for tasks to queue
[2024-10-28T00:26:42.548+0000] {logging_mixin.py:190} INFO - [2024-10-28T00:26:42.548+0000] {dagbag.py:588} INFO - Filling up the DagBag from /home/airflow/.local/lib/python3.12/site-packages/airflow/example_dags/example_trigger_target_dag.py
[2024-10-28T00:26:42.555+0000] {processor.py:925} INFO - DAG(s) 'example_trigger_target_dag' retrieved from /home/airflow/.local/lib/python3.12/site-packages/airflow/example_dags/example_trigger_target_dag.py
[2024-10-28T00:26:42.573+0000] {logging_mixin.py:190} INFO - [2024-10-28T00:26:42.573+0000] {dag.py:3239} INFO - Sync 1 DAGs
[2024-10-28T00:26:42.587+0000] {logging_mixin.py:190} INFO - [2024-10-28T00:26:42.587+0000] {dag.py:4180} INFO - Setting next_dagrun for example_trigger_target_dag to None, run_after=None
[2024-10-28T00:26:42.607+0000] {processor.py:208} INFO - Processing /home/airflow/.local/lib/python3.12/site-packages/airflow/example_dags/example_trigger_target_dag.py took 0.067 seconds
[2024-10-28T00:27:12.928+0000] {processor.py:186} INFO - Started process (PID=49107) to work on /home/airflow/.local/lib/python3.12/site-packages/airflow/example_dags/example_trigger_target_dag.py
[2024-10-28T00:27:12.929+0000] {processor.py:914} INFO - Processing file /home/airflow/.local/lib/python3.12/site-packages/airflow/example_dags/example_trigger_target_dag.py for tasks to queue
[2024-10-28T00:27:12.931+0000] {logging_mixin.py:190} INFO - [2024-10-28T00:27:12.931+0000] {dagbag.py:588} INFO - Filling up the DagBag from /home/airflow/.local/lib/python3.12/site-packages/airflow/example_dags/example_trigger_target_dag.py
[2024-10-28T00:27:12.938+0000] {processor.py:925} INFO - DAG(s) 'example_trigger_target_dag' retrieved from /home/airflow/.local/lib/python3.12/site-packages/airflow/example_dags/example_trigger_target_dag.py
[2024-10-28T00:27:12.958+0000] {logging_mixin.py:190} INFO - [2024-10-28T00:27:12.958+0000] {dag.py:3239} INFO - Sync 1 DAGs
[2024-10-28T00:27:12.977+0000] {logging_mixin.py:190} INFO - [2024-10-28T00:27:12.977+0000] {dag.py:4180} INFO - Setting next_dagrun for example_trigger_target_dag to None, run_after=None
[2024-10-28T00:27:13.006+0000] {processor.py:208} INFO - Processing /home/airflow/.local/lib/python3.12/site-packages/airflow/example_dags/example_trigger_target_dag.py took 0.083 seconds
[2024-10-28T00:27:43.835+0000] {processor.py:186} INFO - Started process (PID=49181) to work on /home/airflow/.local/lib/python3.12/site-packages/airflow/example_dags/example_trigger_target_dag.py
[2024-10-28T00:27:43.836+0000] {processor.py:914} INFO - Processing file /home/airflow/.local/lib/python3.12/site-packages/airflow/example_dags/example_trigger_target_dag.py for tasks to queue
[2024-10-28T00:27:43.837+0000] {logging_mixin.py:190} INFO - [2024-10-28T00:27:43.837+0000] {dagbag.py:588} INFO - Filling up the DagBag from /home/airflow/.local/lib/python3.12/site-packages/airflow/example_dags/example_trigger_target_dag.py
[2024-10-28T00:27:43.844+0000] {processor.py:925} INFO - DAG(s) 'example_trigger_target_dag' retrieved from /home/airflow/.local/lib/python3.12/site-packages/airflow/example_dags/example_trigger_target_dag.py
[2024-10-28T00:27:43.862+0000] {logging_mixin.py:190} INFO - [2024-10-28T00:27:43.862+0000] {dag.py:3239} INFO - Sync 1 DAGs
[2024-10-28T00:27:43.876+0000] {logging_mixin.py:190} INFO - [2024-10-28T00:27:43.876+0000] {dag.py:4180} INFO - Setting next_dagrun for example_trigger_target_dag to None, run_after=None
[2024-10-28T00:27:43.894+0000] {processor.py:208} INFO - Processing /home/airflow/.local/lib/python3.12/site-packages/airflow/example_dags/example_trigger_target_dag.py took 0.065 seconds
[2024-10-28T00:28:14.010+0000] {processor.py:186} INFO - Started process (PID=49255) to work on /home/airflow/.local/lib/python3.12/site-packages/airflow/example_dags/example_trigger_target_dag.py
[2024-10-28T00:28:14.011+0000] {processor.py:914} INFO - Processing file /home/airflow/.local/lib/python3.12/site-packages/airflow/example_dags/example_trigger_target_dag.py for tasks to queue
[2024-10-28T00:28:14.013+0000] {logging_mixin.py:190} INFO - [2024-10-28T00:28:14.013+0000] {dagbag.py:588} INFO - Filling up the DagBag from /home/airflow/.local/lib/python3.12/site-packages/airflow/example_dags/example_trigger_target_dag.py
[2024-10-28T00:28:14.020+0000] {processor.py:925} INFO - DAG(s) 'example_trigger_target_dag' retrieved from /home/airflow/.local/lib/python3.12/site-packages/airflow/example_dags/example_trigger_target_dag.py
[2024-10-28T00:28:14.047+0000] {logging_mixin.py:190} INFO - [2024-10-28T00:28:14.046+0000] {dag.py:3239} INFO - Sync 1 DAGs
[2024-10-28T00:28:14.065+0000] {logging_mixin.py:190} INFO - [2024-10-28T00:28:14.064+0000] {dag.py:4180} INFO - Setting next_dagrun for example_trigger_target_dag to None, run_after=None
[2024-10-28T00:28:14.087+0000] {processor.py:208} INFO - Processing /home/airflow/.local/lib/python3.12/site-packages/airflow/example_dags/example_trigger_target_dag.py took 0.084 seconds
[2024-10-28T00:28:44.508+0000] {processor.py:186} INFO - Started process (PID=49329) to work on /home/airflow/.local/lib/python3.12/site-packages/airflow/example_dags/example_trigger_target_dag.py
[2024-10-28T00:28:44.509+0000] {processor.py:914} INFO - Processing file /home/airflow/.local/lib/python3.12/site-packages/airflow/example_dags/example_trigger_target_dag.py for tasks to queue
[2024-10-28T00:28:44.511+0000] {logging_mixin.py:190} INFO - [2024-10-28T00:28:44.511+0000] {dagbag.py:588} INFO - Filling up the DagBag from /home/airflow/.local/lib/python3.12/site-packages/airflow/example_dags/example_trigger_target_dag.py
[2024-10-28T00:28:44.520+0000] {processor.py:925} INFO - DAG(s) 'example_trigger_target_dag' retrieved from /home/airflow/.local/lib/python3.12/site-packages/airflow/example_dags/example_trigger_target_dag.py
[2024-10-28T00:28:44.546+0000] {logging_mixin.py:190} INFO - [2024-10-28T00:28:44.545+0000] {dag.py:3239} INFO - Sync 1 DAGs
[2024-10-28T00:28:44.562+0000] {logging_mixin.py:190} INFO - [2024-10-28T00:28:44.562+0000] {dag.py:4180} INFO - Setting next_dagrun for example_trigger_target_dag to None, run_after=None
[2024-10-28T00:28:44.585+0000] {processor.py:208} INFO - Processing /home/airflow/.local/lib/python3.12/site-packages/airflow/example_dags/example_trigger_target_dag.py took 0.085 seconds
[2024-10-28T00:29:15.413+0000] {processor.py:186} INFO - Started process (PID=49403) to work on /home/airflow/.local/lib/python3.12/site-packages/airflow/example_dags/example_trigger_target_dag.py
[2024-10-28T00:29:15.414+0000] {processor.py:914} INFO - Processing file /home/airflow/.local/lib/python3.12/site-packages/airflow/example_dags/example_trigger_target_dag.py for tasks to queue
[2024-10-28T00:29:15.416+0000] {logging_mixin.py:190} INFO - [2024-10-28T00:29:15.416+0000] {dagbag.py:588} INFO - Filling up the DagBag from /home/airflow/.local/lib/python3.12/site-packages/airflow/example_dags/example_trigger_target_dag.py
[2024-10-28T00:29:15.423+0000] {processor.py:925} INFO - DAG(s) 'example_trigger_target_dag' retrieved from /home/airflow/.local/lib/python3.12/site-packages/airflow/example_dags/example_trigger_target_dag.py
[2024-10-28T00:29:15.442+0000] {logging_mixin.py:190} INFO - [2024-10-28T00:29:15.442+0000] {dag.py:3239} INFO - Sync 1 DAGs
[2024-10-28T00:29:15.456+0000] {logging_mixin.py:190} INFO - [2024-10-28T00:29:15.456+0000] {dag.py:4180} INFO - Setting next_dagrun for example_trigger_target_dag to None, run_after=None
[2024-10-28T00:29:15.476+0000] {processor.py:208} INFO - Processing /home/airflow/.local/lib/python3.12/site-packages/airflow/example_dags/example_trigger_target_dag.py took 0.068 seconds
[2024-10-28T00:29:46.237+0000] {processor.py:186} INFO - Started process (PID=49477) to work on /home/airflow/.local/lib/python3.12/site-packages/airflow/example_dags/example_trigger_target_dag.py
[2024-10-28T00:29:46.238+0000] {processor.py:914} INFO - Processing file /home/airflow/.local/lib/python3.12/site-packages/airflow/example_dags/example_trigger_target_dag.py for tasks to queue
[2024-10-28T00:29:46.239+0000] {logging_mixin.py:190} INFO - [2024-10-28T00:29:46.239+0000] {dagbag.py:588} INFO - Filling up the DagBag from /home/airflow/.local/lib/python3.12/site-packages/airflow/example_dags/example_trigger_target_dag.py
[2024-10-28T00:29:46.247+0000] {processor.py:925} INFO - DAG(s) 'example_trigger_target_dag' retrieved from /home/airflow/.local/lib/python3.12/site-packages/airflow/example_dags/example_trigger_target_dag.py
[2024-10-28T00:29:46.266+0000] {logging_mixin.py:190} INFO - [2024-10-28T00:29:46.266+0000] {dag.py:3239} INFO - Sync 1 DAGs
[2024-10-28T00:29:46.281+0000] {logging_mixin.py:190} INFO - [2024-10-28T00:29:46.280+0000] {dag.py:4180} INFO - Setting next_dagrun for example_trigger_target_dag to None, run_after=None
[2024-10-28T00:29:46.301+0000] {processor.py:208} INFO - Processing /home/airflow/.local/lib/python3.12/site-packages/airflow/example_dags/example_trigger_target_dag.py took 0.069 seconds
[2024-10-28T00:30:17.135+0000] {processor.py:186} INFO - Started process (PID=49551) to work on /home/airflow/.local/lib/python3.12/site-packages/airflow/example_dags/example_trigger_target_dag.py
[2024-10-28T00:30:17.136+0000] {processor.py:914} INFO - Processing file /home/airflow/.local/lib/python3.12/site-packages/airflow/example_dags/example_trigger_target_dag.py for tasks to queue
[2024-10-28T00:30:17.138+0000] {logging_mixin.py:190} INFO - [2024-10-28T00:30:17.137+0000] {dagbag.py:588} INFO - Filling up the DagBag from /home/airflow/.local/lib/python3.12/site-packages/airflow/example_dags/example_trigger_target_dag.py
[2024-10-28T00:30:17.146+0000] {processor.py:925} INFO - DAG(s) 'example_trigger_target_dag' retrieved from /home/airflow/.local/lib/python3.12/site-packages/airflow/example_dags/example_trigger_target_dag.py
[2024-10-28T00:30:17.164+0000] {logging_mixin.py:190} INFO - [2024-10-28T00:30:17.164+0000] {dag.py:3239} INFO - Sync 1 DAGs
[2024-10-28T00:30:17.179+0000] {logging_mixin.py:190} INFO - [2024-10-28T00:30:17.179+0000] {dag.py:4180} INFO - Setting next_dagrun for example_trigger_target_dag to None, run_after=None
[2024-10-28T00:30:17.201+0000] {processor.py:208} INFO - Processing /home/airflow/.local/lib/python3.12/site-packages/airflow/example_dags/example_trigger_target_dag.py took 0.071 seconds
[2024-10-28T00:30:48.041+0000] {processor.py:186} INFO - Started process (PID=49625) to work on /home/airflow/.local/lib/python3.12/site-packages/airflow/example_dags/example_trigger_target_dag.py
[2024-10-28T00:30:48.042+0000] {processor.py:914} INFO - Processing file /home/airflow/.local/lib/python3.12/site-packages/airflow/example_dags/example_trigger_target_dag.py for tasks to queue
[2024-10-28T00:30:48.043+0000] {logging_mixin.py:190} INFO - [2024-10-28T00:30:48.043+0000] {dagbag.py:588} INFO - Filling up the DagBag from /home/airflow/.local/lib/python3.12/site-packages/airflow/example_dags/example_trigger_target_dag.py
[2024-10-28T00:30:48.050+0000] {processor.py:925} INFO - DAG(s) 'example_trigger_target_dag' retrieved from /home/airflow/.local/lib/python3.12/site-packages/airflow/example_dags/example_trigger_target_dag.py
[2024-10-28T00:30:48.069+0000] {logging_mixin.py:190} INFO - [2024-10-28T00:30:48.068+0000] {dag.py:3239} INFO - Sync 1 DAGs
[2024-10-28T00:30:48.082+0000] {logging_mixin.py:190} INFO - [2024-10-28T00:30:48.082+0000] {dag.py:4180} INFO - Setting next_dagrun for example_trigger_target_dag to None, run_after=None
[2024-10-28T00:30:48.101+0000] {processor.py:208} INFO - Processing /home/airflow/.local/lib/python3.12/site-packages/airflow/example_dags/example_trigger_target_dag.py took 0.065 seconds
[2024-10-28T00:31:18.817+0000] {processor.py:186} INFO - Started process (PID=49699) to work on /home/airflow/.local/lib/python3.12/site-packages/airflow/example_dags/example_trigger_target_dag.py
[2024-10-28T00:31:18.818+0000] {processor.py:914} INFO - Processing file /home/airflow/.local/lib/python3.12/site-packages/airflow/example_dags/example_trigger_target_dag.py for tasks to queue
[2024-10-28T00:31:18.819+0000] {logging_mixin.py:190} INFO - [2024-10-28T00:31:18.819+0000] {dagbag.py:588} INFO - Filling up the DagBag from /home/airflow/.local/lib/python3.12/site-packages/airflow/example_dags/example_trigger_target_dag.py
[2024-10-28T00:31:18.828+0000] {processor.py:925} INFO - DAG(s) 'example_trigger_target_dag' retrieved from /home/airflow/.local/lib/python3.12/site-packages/airflow/example_dags/example_trigger_target_dag.py
[2024-10-28T00:31:18.857+0000] {logging_mixin.py:190} INFO - [2024-10-28T00:31:18.857+0000] {dag.py:3239} INFO - Sync 1 DAGs
[2024-10-28T00:31:18.877+0000] {logging_mixin.py:190} INFO - [2024-10-28T00:31:18.877+0000] {dag.py:4180} INFO - Setting next_dagrun for example_trigger_target_dag to None, run_after=None
[2024-10-28T00:31:18.903+0000] {processor.py:208} INFO - Processing /home/airflow/.local/lib/python3.12/site-packages/airflow/example_dags/example_trigger_target_dag.py took 0.094 seconds
[2024-10-28T00:31:49.016+0000] {processor.py:186} INFO - Started process (PID=49772) to work on /home/airflow/.local/lib/python3.12/site-packages/airflow/example_dags/example_trigger_target_dag.py
[2024-10-28T00:31:49.017+0000] {processor.py:914} INFO - Processing file /home/airflow/.local/lib/python3.12/site-packages/airflow/example_dags/example_trigger_target_dag.py for tasks to queue
[2024-10-28T00:31:49.019+0000] {logging_mixin.py:190} INFO - [2024-10-28T00:31:49.019+0000] {dagbag.py:588} INFO - Filling up the DagBag from /home/airflow/.local/lib/python3.12/site-packages/airflow/example_dags/example_trigger_target_dag.py
[2024-10-28T00:31:49.027+0000] {processor.py:925} INFO - DAG(s) 'example_trigger_target_dag' retrieved from /home/airflow/.local/lib/python3.12/site-packages/airflow/example_dags/example_trigger_target_dag.py
[2024-10-28T00:31:49.052+0000] {logging_mixin.py:190} INFO - [2024-10-28T00:31:49.052+0000] {dag.py:3239} INFO - Sync 1 DAGs
[2024-10-28T00:31:49.075+0000] {logging_mixin.py:190} INFO - [2024-10-28T00:31:49.074+0000] {dag.py:4180} INFO - Setting next_dagrun for example_trigger_target_dag to None, run_after=None
[2024-10-28T00:31:49.107+0000] {processor.py:208} INFO - Processing /home/airflow/.local/lib/python3.12/site-packages/airflow/example_dags/example_trigger_target_dag.py took 0.100 seconds
[2024-10-28T00:32:19.858+0000] {processor.py:186} INFO - Started process (PID=49847) to work on /home/airflow/.local/lib/python3.12/site-packages/airflow/example_dags/example_trigger_target_dag.py
[2024-10-28T00:32:19.859+0000] {processor.py:914} INFO - Processing file /home/airflow/.local/lib/python3.12/site-packages/airflow/example_dags/example_trigger_target_dag.py for tasks to queue
[2024-10-28T00:32:19.861+0000] {logging_mixin.py:190} INFO - [2024-10-28T00:32:19.861+0000] {dagbag.py:588} INFO - Filling up the DagBag from /home/airflow/.local/lib/python3.12/site-packages/airflow/example_dags/example_trigger_target_dag.py
[2024-10-28T00:32:19.874+0000] {processor.py:925} INFO - DAG(s) 'example_trigger_target_dag' retrieved from /home/airflow/.local/lib/python3.12/site-packages/airflow/example_dags/example_trigger_target_dag.py
[2024-10-28T00:32:19.898+0000] {logging_mixin.py:190} INFO - [2024-10-28T00:32:19.897+0000] {dag.py:3239} INFO - Sync 1 DAGs
[2024-10-28T00:32:19.912+0000] {logging_mixin.py:190} INFO - [2024-10-28T00:32:19.912+0000] {dag.py:4180} INFO - Setting next_dagrun for example_trigger_target_dag to None, run_after=None
[2024-10-28T00:32:19.929+0000] {processor.py:208} INFO - Processing /home/airflow/.local/lib/python3.12/site-packages/airflow/example_dags/example_trigger_target_dag.py took 0.089 seconds
[2024-10-28T00:32:50.638+0000] {processor.py:186} INFO - Started process (PID=49921) to work on /home/airflow/.local/lib/python3.12/site-packages/airflow/example_dags/example_trigger_target_dag.py
[2024-10-28T00:32:50.639+0000] {processor.py:914} INFO - Processing file /home/airflow/.local/lib/python3.12/site-packages/airflow/example_dags/example_trigger_target_dag.py for tasks to queue
[2024-10-28T00:32:50.641+0000] {logging_mixin.py:190} INFO - [2024-10-28T00:32:50.641+0000] {dagbag.py:588} INFO - Filling up the DagBag from /home/airflow/.local/lib/python3.12/site-packages/airflow/example_dags/example_trigger_target_dag.py
[2024-10-28T00:32:50.649+0000] {processor.py:925} INFO - DAG(s) 'example_trigger_target_dag' retrieved from /home/airflow/.local/lib/python3.12/site-packages/airflow/example_dags/example_trigger_target_dag.py
[2024-10-28T00:32:50.669+0000] {logging_mixin.py:190} INFO - [2024-10-28T00:32:50.668+0000] {dag.py:3239} INFO - Sync 1 DAGs
[2024-10-28T00:32:50.684+0000] {logging_mixin.py:190} INFO - [2024-10-28T00:32:50.684+0000] {dag.py:4180} INFO - Setting next_dagrun for example_trigger_target_dag to None, run_after=None
[2024-10-28T00:32:50.703+0000] {processor.py:208} INFO - Processing /home/airflow/.local/lib/python3.12/site-packages/airflow/example_dags/example_trigger_target_dag.py took 0.071 seconds
[2024-10-28T00:33:21.423+0000] {processor.py:186} INFO - Started process (PID=49995) to work on /home/airflow/.local/lib/python3.12/site-packages/airflow/example_dags/example_trigger_target_dag.py
[2024-10-28T00:33:21.424+0000] {processor.py:914} INFO - Processing file /home/airflow/.local/lib/python3.12/site-packages/airflow/example_dags/example_trigger_target_dag.py for tasks to queue
[2024-10-28T00:33:21.426+0000] {logging_mixin.py:190} INFO - [2024-10-28T00:33:21.425+0000] {dagbag.py:588} INFO - Filling up the DagBag from /home/airflow/.local/lib/python3.12/site-packages/airflow/example_dags/example_trigger_target_dag.py
[2024-10-28T00:33:21.433+0000] {processor.py:925} INFO - DAG(s) 'example_trigger_target_dag' retrieved from /home/airflow/.local/lib/python3.12/site-packages/airflow/example_dags/example_trigger_target_dag.py
[2024-10-28T00:33:21.455+0000] {logging_mixin.py:190} INFO - [2024-10-28T00:33:21.454+0000] {dag.py:3239} INFO - Sync 1 DAGs
[2024-10-28T00:33:21.475+0000] {logging_mixin.py:190} INFO - [2024-10-28T00:33:21.475+0000] {dag.py:4180} INFO - Setting next_dagrun for example_trigger_target_dag to None, run_after=None
[2024-10-28T00:33:21.496+0000] {processor.py:208} INFO - Processing /home/airflow/.local/lib/python3.12/site-packages/airflow/example_dags/example_trigger_target_dag.py took 0.078 seconds
[2024-10-28T00:33:52.243+0000] {processor.py:186} INFO - Started process (PID=50069) to work on /home/airflow/.local/lib/python3.12/site-packages/airflow/example_dags/example_trigger_target_dag.py
[2024-10-28T00:33:52.244+0000] {processor.py:914} INFO - Processing file /home/airflow/.local/lib/python3.12/site-packages/airflow/example_dags/example_trigger_target_dag.py for tasks to queue
[2024-10-28T00:33:52.245+0000] {logging_mixin.py:190} INFO - [2024-10-28T00:33:52.245+0000] {dagbag.py:588} INFO - Filling up the DagBag from /home/airflow/.local/lib/python3.12/site-packages/airflow/example_dags/example_trigger_target_dag.py
[2024-10-28T00:33:52.252+0000] {processor.py:925} INFO - DAG(s) 'example_trigger_target_dag' retrieved from /home/airflow/.local/lib/python3.12/site-packages/airflow/example_dags/example_trigger_target_dag.py
[2024-10-28T00:33:52.271+0000] {logging_mixin.py:190} INFO - [2024-10-28T00:33:52.271+0000] {dag.py:3239} INFO - Sync 1 DAGs
[2024-10-28T00:33:52.285+0000] {logging_mixin.py:190} INFO - [2024-10-28T00:33:52.284+0000] {dag.py:4180} INFO - Setting next_dagrun for example_trigger_target_dag to None, run_after=None
[2024-10-28T00:33:52.306+0000] {processor.py:208} INFO - Processing /home/airflow/.local/lib/python3.12/site-packages/airflow/example_dags/example_trigger_target_dag.py took 0.068 seconds
