[2024-10-28T00:00:03.779+0000] {processor.py:186} INFO - Started process (PID=45155) to work on /home/airflow/.local/lib/python3.12/site-packages/airflow/example_dags/example_sla_dag.py
[2024-10-28T00:00:03.780+0000] {processor.py:914} INFO - Processing file /home/airflow/.local/lib/python3.12/site-packages/airflow/example_dags/example_sla_dag.py for tasks to queue
[2024-10-28T00:00:03.782+0000] {logging_mixin.py:190} INFO - [2024-10-28T00:00:03.782+0000] {dagbag.py:588} INFO - Filling up the DagBag from /home/airflow/.local/lib/python3.12/site-packages/airflow/example_dags/example_sla_dag.py
[2024-10-28T00:00:03.793+0000] {processor.py:925} INFO - DAG(s) 'example_sla_dag' retrieved from /home/airflow/.local/lib/python3.12/site-packages/airflow/example_dags/example_sla_dag.py
[2024-10-28T00:00:03.813+0000] {logging_mixin.py:190} INFO - [2024-10-28T00:00:03.813+0000] {dag.py:3239} INFO - Sync 1 DAGs
[2024-10-28T00:00:03.842+0000] {logging_mixin.py:190} INFO - [2024-10-28T00:00:03.842+0000] {dag.py:4180} INFO - Setting next_dagrun for example_sla_dag to 2024-10-27 23:58:00+00:00, run_after=2024-10-28 00:00:00+00:00
[2024-10-28T00:00:03.867+0000] {processor.py:208} INFO - Processing /home/airflow/.local/lib/python3.12/site-packages/airflow/example_dags/example_sla_dag.py took 0.095 seconds
[2024-10-28T00:00:34.438+0000] {processor.py:186} INFO - Started process (PID=45229) to work on /home/airflow/.local/lib/python3.12/site-packages/airflow/example_dags/example_sla_dag.py
[2024-10-28T00:00:34.440+0000] {processor.py:914} INFO - Processing file /home/airflow/.local/lib/python3.12/site-packages/airflow/example_dags/example_sla_dag.py for tasks to queue
[2024-10-28T00:00:34.442+0000] {logging_mixin.py:190} INFO - [2024-10-28T00:00:34.442+0000] {dagbag.py:588} INFO - Filling up the DagBag from /home/airflow/.local/lib/python3.12/site-packages/airflow/example_dags/example_sla_dag.py
[2024-10-28T00:00:34.456+0000] {processor.py:925} INFO - DAG(s) 'example_sla_dag' retrieved from /home/airflow/.local/lib/python3.12/site-packages/airflow/example_dags/example_sla_dag.py
[2024-10-28T00:00:34.478+0000] {logging_mixin.py:190} INFO - [2024-10-28T00:00:34.478+0000] {dag.py:3239} INFO - Sync 1 DAGs
[2024-10-28T00:00:34.506+0000] {logging_mixin.py:190} INFO - [2024-10-28T00:00:34.506+0000] {dag.py:4180} INFO - Setting next_dagrun for example_sla_dag to 2024-10-27 23:58:00+00:00, run_after=2024-10-28 00:00:00+00:00
[2024-10-28T00:00:34.530+0000] {processor.py:208} INFO - Processing /home/airflow/.local/lib/python3.12/site-packages/airflow/example_dags/example_sla_dag.py took 0.098 seconds
[2024-10-28T00:01:05.055+0000] {processor.py:186} INFO - Started process (PID=45303) to work on /home/airflow/.local/lib/python3.12/site-packages/airflow/example_dags/example_sla_dag.py
[2024-10-28T00:01:05.056+0000] {processor.py:914} INFO - Processing file /home/airflow/.local/lib/python3.12/site-packages/airflow/example_dags/example_sla_dag.py for tasks to queue
[2024-10-28T00:01:05.057+0000] {logging_mixin.py:190} INFO - [2024-10-28T00:01:05.057+0000] {dagbag.py:588} INFO - Filling up the DagBag from /home/airflow/.local/lib/python3.12/site-packages/airflow/example_dags/example_sla_dag.py
[2024-10-28T00:01:05.071+0000] {processor.py:925} INFO - DAG(s) 'example_sla_dag' retrieved from /home/airflow/.local/lib/python3.12/site-packages/airflow/example_dags/example_sla_dag.py
[2024-10-28T00:01:05.092+0000] {logging_mixin.py:190} INFO - [2024-10-28T00:01:05.092+0000] {dag.py:3239} INFO - Sync 1 DAGs
[2024-10-28T00:01:05.125+0000] {logging_mixin.py:190} INFO - [2024-10-28T00:01:05.125+0000] {dag.py:4180} INFO - Setting next_dagrun for example_sla_dag to 2024-10-27 23:58:00+00:00, run_after=2024-10-28 00:00:00+00:00
[2024-10-28T00:01:05.148+0000] {processor.py:208} INFO - Processing /home/airflow/.local/lib/python3.12/site-packages/airflow/example_dags/example_sla_dag.py took 0.103 seconds
[2024-10-28T00:01:35.224+0000] {processor.py:186} INFO - Started process (PID=45377) to work on /home/airflow/.local/lib/python3.12/site-packages/airflow/example_dags/example_sla_dag.py
[2024-10-28T00:01:35.225+0000] {processor.py:914} INFO - Processing file /home/airflow/.local/lib/python3.12/site-packages/airflow/example_dags/example_sla_dag.py for tasks to queue
[2024-10-28T00:01:35.227+0000] {logging_mixin.py:190} INFO - [2024-10-28T00:01:35.226+0000] {dagbag.py:588} INFO - Filling up the DagBag from /home/airflow/.local/lib/python3.12/site-packages/airflow/example_dags/example_sla_dag.py
[2024-10-28T00:01:35.237+0000] {processor.py:925} INFO - DAG(s) 'example_sla_dag' retrieved from /home/airflow/.local/lib/python3.12/site-packages/airflow/example_dags/example_sla_dag.py
[2024-10-28T00:01:35.257+0000] {logging_mixin.py:190} INFO - [2024-10-28T00:01:35.257+0000] {dag.py:3239} INFO - Sync 1 DAGs
[2024-10-28T00:01:35.283+0000] {logging_mixin.py:190} INFO - [2024-10-28T00:01:35.283+0000] {dag.py:4180} INFO - Setting next_dagrun for example_sla_dag to 2024-10-27 23:58:00+00:00, run_after=2024-10-28 00:00:00+00:00
[2024-10-28T00:01:35.303+0000] {processor.py:208} INFO - Processing /home/airflow/.local/lib/python3.12/site-packages/airflow/example_dags/example_sla_dag.py took 0.085 seconds
[2024-10-28T00:02:06.053+0000] {processor.py:186} INFO - Started process (PID=45457) to work on /home/airflow/.local/lib/python3.12/site-packages/airflow/example_dags/example_sla_dag.py
[2024-10-28T00:02:06.054+0000] {processor.py:914} INFO - Processing file /home/airflow/.local/lib/python3.12/site-packages/airflow/example_dags/example_sla_dag.py for tasks to queue
[2024-10-28T00:02:06.055+0000] {logging_mixin.py:190} INFO - [2024-10-28T00:02:06.055+0000] {dagbag.py:588} INFO - Filling up the DagBag from /home/airflow/.local/lib/python3.12/site-packages/airflow/example_dags/example_sla_dag.py
[2024-10-28T00:02:06.066+0000] {processor.py:925} INFO - DAG(s) 'example_sla_dag' retrieved from /home/airflow/.local/lib/python3.12/site-packages/airflow/example_dags/example_sla_dag.py
[2024-10-28T00:02:06.085+0000] {logging_mixin.py:190} INFO - [2024-10-28T00:02:06.085+0000] {dag.py:3239} INFO - Sync 1 DAGs
[2024-10-28T00:02:06.111+0000] {logging_mixin.py:190} INFO - [2024-10-28T00:02:06.111+0000] {dag.py:4180} INFO - Setting next_dagrun for example_sla_dag to 2024-10-28 00:00:00+00:00, run_after=2024-10-28 00:02:00+00:00
[2024-10-28T00:02:06.129+0000] {processor.py:208} INFO - Processing /home/airflow/.local/lib/python3.12/site-packages/airflow/example_dags/example_sla_dag.py took 0.082 seconds
[2024-10-28T00:02:36.185+0000] {processor.py:186} INFO - Started process (PID=45531) to work on /home/airflow/.local/lib/python3.12/site-packages/airflow/example_dags/example_sla_dag.py
[2024-10-28T00:02:36.187+0000] {processor.py:914} INFO - Processing file /home/airflow/.local/lib/python3.12/site-packages/airflow/example_dags/example_sla_dag.py for tasks to queue
[2024-10-28T00:02:36.188+0000] {logging_mixin.py:190} INFO - [2024-10-28T00:02:36.188+0000] {dagbag.py:588} INFO - Filling up the DagBag from /home/airflow/.local/lib/python3.12/site-packages/airflow/example_dags/example_sla_dag.py
[2024-10-28T00:02:36.198+0000] {processor.py:925} INFO - DAG(s) 'example_sla_dag' retrieved from /home/airflow/.local/lib/python3.12/site-packages/airflow/example_dags/example_sla_dag.py
[2024-10-28T00:02:36.216+0000] {logging_mixin.py:190} INFO - [2024-10-28T00:02:36.216+0000] {dag.py:3239} INFO - Sync 1 DAGs
[2024-10-28T00:02:36.242+0000] {logging_mixin.py:190} INFO - [2024-10-28T00:02:36.242+0000] {dag.py:4180} INFO - Setting next_dagrun for example_sla_dag to 2024-10-28 00:00:00+00:00, run_after=2024-10-28 00:02:00+00:00
[2024-10-28T00:02:36.269+0000] {processor.py:208} INFO - Processing /home/airflow/.local/lib/python3.12/site-packages/airflow/example_dags/example_sla_dag.py took 0.090 seconds
[2024-10-28T00:03:06.767+0000] {processor.py:186} INFO - Started process (PID=45605) to work on /home/airflow/.local/lib/python3.12/site-packages/airflow/example_dags/example_sla_dag.py
[2024-10-28T00:03:06.768+0000] {processor.py:914} INFO - Processing file /home/airflow/.local/lib/python3.12/site-packages/airflow/example_dags/example_sla_dag.py for tasks to queue
[2024-10-28T00:03:06.770+0000] {logging_mixin.py:190} INFO - [2024-10-28T00:03:06.769+0000] {dagbag.py:588} INFO - Filling up the DagBag from /home/airflow/.local/lib/python3.12/site-packages/airflow/example_dags/example_sla_dag.py
[2024-10-28T00:03:06.779+0000] {processor.py:925} INFO - DAG(s) 'example_sla_dag' retrieved from /home/airflow/.local/lib/python3.12/site-packages/airflow/example_dags/example_sla_dag.py
[2024-10-28T00:03:06.799+0000] {logging_mixin.py:190} INFO - [2024-10-28T00:03:06.799+0000] {dag.py:3239} INFO - Sync 1 DAGs
[2024-10-28T00:03:06.825+0000] {logging_mixin.py:190} INFO - [2024-10-28T00:03:06.824+0000] {dag.py:4180} INFO - Setting next_dagrun for example_sla_dag to 2024-10-28 00:00:00+00:00, run_after=2024-10-28 00:02:00+00:00
[2024-10-28T00:03:06.843+0000] {processor.py:208} INFO - Processing /home/airflow/.local/lib/python3.12/site-packages/airflow/example_dags/example_sla_dag.py took 0.081 seconds
[2024-10-28T00:03:36.969+0000] {processor.py:186} INFO - Started process (PID=45679) to work on /home/airflow/.local/lib/python3.12/site-packages/airflow/example_dags/example_sla_dag.py
[2024-10-28T00:03:36.970+0000] {processor.py:914} INFO - Processing file /home/airflow/.local/lib/python3.12/site-packages/airflow/example_dags/example_sla_dag.py for tasks to queue
[2024-10-28T00:03:36.972+0000] {logging_mixin.py:190} INFO - [2024-10-28T00:03:36.971+0000] {dagbag.py:588} INFO - Filling up the DagBag from /home/airflow/.local/lib/python3.12/site-packages/airflow/example_dags/example_sla_dag.py
[2024-10-28T00:03:36.983+0000] {processor.py:925} INFO - DAG(s) 'example_sla_dag' retrieved from /home/airflow/.local/lib/python3.12/site-packages/airflow/example_dags/example_sla_dag.py
[2024-10-28T00:03:37.002+0000] {logging_mixin.py:190} INFO - [2024-10-28T00:03:37.001+0000] {dag.py:3239} INFO - Sync 1 DAGs
[2024-10-28T00:03:37.029+0000] {logging_mixin.py:190} INFO - [2024-10-28T00:03:37.029+0000] {dag.py:4180} INFO - Setting next_dagrun for example_sla_dag to 2024-10-28 00:00:00+00:00, run_after=2024-10-28 00:02:00+00:00
[2024-10-28T00:03:37.048+0000] {processor.py:208} INFO - Processing /home/airflow/.local/lib/python3.12/site-packages/airflow/example_dags/example_sla_dag.py took 0.085 seconds
[2024-10-28T00:04:07.740+0000] {processor.py:186} INFO - Started process (PID=45753) to work on /home/airflow/.local/lib/python3.12/site-packages/airflow/example_dags/example_sla_dag.py
[2024-10-28T00:04:07.741+0000] {processor.py:914} INFO - Processing file /home/airflow/.local/lib/python3.12/site-packages/airflow/example_dags/example_sla_dag.py for tasks to queue
[2024-10-28T00:04:07.743+0000] {logging_mixin.py:190} INFO - [2024-10-28T00:04:07.742+0000] {dagbag.py:588} INFO - Filling up the DagBag from /home/airflow/.local/lib/python3.12/site-packages/airflow/example_dags/example_sla_dag.py
[2024-10-28T00:04:07.752+0000] {processor.py:925} INFO - DAG(s) 'example_sla_dag' retrieved from /home/airflow/.local/lib/python3.12/site-packages/airflow/example_dags/example_sla_dag.py
[2024-10-28T00:04:07.771+0000] {logging_mixin.py:190} INFO - [2024-10-28T00:04:07.771+0000] {dag.py:3239} INFO - Sync 1 DAGs
[2024-10-28T00:04:07.798+0000] {logging_mixin.py:190} INFO - [2024-10-28T00:04:07.798+0000] {dag.py:4180} INFO - Setting next_dagrun for example_sla_dag to 2024-10-28 00:02:00+00:00, run_after=2024-10-28 00:04:00+00:00
[2024-10-28T00:04:07.817+0000] {processor.py:208} INFO - Processing /home/airflow/.local/lib/python3.12/site-packages/airflow/example_dags/example_sla_dag.py took 0.083 seconds
[2024-10-28T00:04:37.982+0000] {processor.py:186} INFO - Started process (PID=45827) to work on /home/airflow/.local/lib/python3.12/site-packages/airflow/example_dags/example_sla_dag.py
[2024-10-28T00:04:37.983+0000] {processor.py:914} INFO - Processing file /home/airflow/.local/lib/python3.12/site-packages/airflow/example_dags/example_sla_dag.py for tasks to queue
[2024-10-28T00:04:37.985+0000] {logging_mixin.py:190} INFO - [2024-10-28T00:04:37.984+0000] {dagbag.py:588} INFO - Filling up the DagBag from /home/airflow/.local/lib/python3.12/site-packages/airflow/example_dags/example_sla_dag.py
[2024-10-28T00:04:37.996+0000] {processor.py:925} INFO - DAG(s) 'example_sla_dag' retrieved from /home/airflow/.local/lib/python3.12/site-packages/airflow/example_dags/example_sla_dag.py
[2024-10-28T00:04:38.018+0000] {logging_mixin.py:190} INFO - [2024-10-28T00:04:38.017+0000] {dag.py:3239} INFO - Sync 1 DAGs
[2024-10-28T00:04:38.046+0000] {logging_mixin.py:190} INFO - [2024-10-28T00:04:38.046+0000] {dag.py:4180} INFO - Setting next_dagrun for example_sla_dag to 2024-10-28 00:02:00+00:00, run_after=2024-10-28 00:04:00+00:00
[2024-10-28T00:04:38.067+0000] {processor.py:208} INFO - Processing /home/airflow/.local/lib/python3.12/site-packages/airflow/example_dags/example_sla_dag.py took 0.091 seconds
[2024-10-28T00:05:08.634+0000] {processor.py:186} INFO - Started process (PID=45901) to work on /home/airflow/.local/lib/python3.12/site-packages/airflow/example_dags/example_sla_dag.py
[2024-10-28T00:05:08.636+0000] {processor.py:914} INFO - Processing file /home/airflow/.local/lib/python3.12/site-packages/airflow/example_dags/example_sla_dag.py for tasks to queue
[2024-10-28T00:05:08.637+0000] {logging_mixin.py:190} INFO - [2024-10-28T00:05:08.637+0000] {dagbag.py:588} INFO - Filling up the DagBag from /home/airflow/.local/lib/python3.12/site-packages/airflow/example_dags/example_sla_dag.py
[2024-10-28T00:05:08.647+0000] {processor.py:925} INFO - DAG(s) 'example_sla_dag' retrieved from /home/airflow/.local/lib/python3.12/site-packages/airflow/example_dags/example_sla_dag.py
[2024-10-28T00:05:08.669+0000] {logging_mixin.py:190} INFO - [2024-10-28T00:05:08.669+0000] {dag.py:3239} INFO - Sync 1 DAGs
[2024-10-28T00:05:08.700+0000] {logging_mixin.py:190} INFO - [2024-10-28T00:05:08.700+0000] {dag.py:4180} INFO - Setting next_dagrun for example_sla_dag to 2024-10-28 00:02:00+00:00, run_after=2024-10-28 00:04:00+00:00
[2024-10-28T00:05:08.721+0000] {processor.py:208} INFO - Processing /home/airflow/.local/lib/python3.12/site-packages/airflow/example_dags/example_sla_dag.py took 0.094 seconds
[2024-10-28T00:05:38.929+0000] {processor.py:186} INFO - Started process (PID=45975) to work on /home/airflow/.local/lib/python3.12/site-packages/airflow/example_dags/example_sla_dag.py
[2024-10-28T00:05:38.930+0000] {processor.py:914} INFO - Processing file /home/airflow/.local/lib/python3.12/site-packages/airflow/example_dags/example_sla_dag.py for tasks to queue
[2024-10-28T00:05:38.932+0000] {logging_mixin.py:190} INFO - [2024-10-28T00:05:38.932+0000] {dagbag.py:588} INFO - Filling up the DagBag from /home/airflow/.local/lib/python3.12/site-packages/airflow/example_dags/example_sla_dag.py
[2024-10-28T00:05:38.942+0000] {processor.py:925} INFO - DAG(s) 'example_sla_dag' retrieved from /home/airflow/.local/lib/python3.12/site-packages/airflow/example_dags/example_sla_dag.py
[2024-10-28T00:05:38.964+0000] {logging_mixin.py:190} INFO - [2024-10-28T00:05:38.964+0000] {dag.py:3239} INFO - Sync 1 DAGs
[2024-10-28T00:05:38.991+0000] {logging_mixin.py:190} INFO - [2024-10-28T00:05:38.991+0000] {dag.py:4180} INFO - Setting next_dagrun for example_sla_dag to 2024-10-28 00:02:00+00:00, run_after=2024-10-28 00:04:00+00:00
[2024-10-28T00:05:39.014+0000] {processor.py:208} INFO - Processing /home/airflow/.local/lib/python3.12/site-packages/airflow/example_dags/example_sla_dag.py took 0.091 seconds
[2024-10-28T00:06:09.356+0000] {processor.py:186} INFO - Started process (PID=46049) to work on /home/airflow/.local/lib/python3.12/site-packages/airflow/example_dags/example_sla_dag.py
[2024-10-28T00:06:09.357+0000] {processor.py:914} INFO - Processing file /home/airflow/.local/lib/python3.12/site-packages/airflow/example_dags/example_sla_dag.py for tasks to queue
[2024-10-28T00:06:09.360+0000] {logging_mixin.py:190} INFO - [2024-10-28T00:06:09.359+0000] {dagbag.py:588} INFO - Filling up the DagBag from /home/airflow/.local/lib/python3.12/site-packages/airflow/example_dags/example_sla_dag.py
[2024-10-28T00:06:09.369+0000] {processor.py:925} INFO - DAG(s) 'example_sla_dag' retrieved from /home/airflow/.local/lib/python3.12/site-packages/airflow/example_dags/example_sla_dag.py
[2024-10-28T00:06:09.390+0000] {logging_mixin.py:190} INFO - [2024-10-28T00:06:09.390+0000] {dag.py:3239} INFO - Sync 1 DAGs
[2024-10-28T00:06:09.419+0000] {logging_mixin.py:190} INFO - [2024-10-28T00:06:09.419+0000] {dag.py:4180} INFO - Setting next_dagrun for example_sla_dag to 2024-10-28 00:04:00+00:00, run_after=2024-10-28 00:06:00+00:00
[2024-10-28T00:06:09.438+0000] {processor.py:208} INFO - Processing /home/airflow/.local/lib/python3.12/site-packages/airflow/example_dags/example_sla_dag.py took 0.090 seconds
[2024-10-28T00:06:39.678+0000] {processor.py:186} INFO - Started process (PID=46123) to work on /home/airflow/.local/lib/python3.12/site-packages/airflow/example_dags/example_sla_dag.py
[2024-10-28T00:06:39.679+0000] {processor.py:914} INFO - Processing file /home/airflow/.local/lib/python3.12/site-packages/airflow/example_dags/example_sla_dag.py for tasks to queue
[2024-10-28T00:06:39.680+0000] {logging_mixin.py:190} INFO - [2024-10-28T00:06:39.680+0000] {dagbag.py:588} INFO - Filling up the DagBag from /home/airflow/.local/lib/python3.12/site-packages/airflow/example_dags/example_sla_dag.py
[2024-10-28T00:06:39.691+0000] {processor.py:925} INFO - DAG(s) 'example_sla_dag' retrieved from /home/airflow/.local/lib/python3.12/site-packages/airflow/example_dags/example_sla_dag.py
[2024-10-28T00:06:39.710+0000] {logging_mixin.py:190} INFO - [2024-10-28T00:06:39.709+0000] {dag.py:3239} INFO - Sync 1 DAGs
[2024-10-28T00:06:39.735+0000] {logging_mixin.py:190} INFO - [2024-10-28T00:06:39.735+0000] {dag.py:4180} INFO - Setting next_dagrun for example_sla_dag to 2024-10-28 00:04:00+00:00, run_after=2024-10-28 00:06:00+00:00
[2024-10-28T00:06:39.753+0000] {processor.py:208} INFO - Processing /home/airflow/.local/lib/python3.12/site-packages/airflow/example_dags/example_sla_dag.py took 0.081 seconds
[2024-10-28T00:07:10.448+0000] {processor.py:186} INFO - Started process (PID=46186) to work on /home/airflow/.local/lib/python3.12/site-packages/airflow/example_dags/example_sla_dag.py
[2024-10-28T00:07:10.449+0000] {processor.py:914} INFO - Processing file /home/airflow/.local/lib/python3.12/site-packages/airflow/example_dags/example_sla_dag.py for tasks to queue
[2024-10-28T00:07:10.451+0000] {logging_mixin.py:190} INFO - [2024-10-28T00:07:10.450+0000] {dagbag.py:588} INFO - Filling up the DagBag from /home/airflow/.local/lib/python3.12/site-packages/airflow/example_dags/example_sla_dag.py
[2024-10-28T00:07:10.460+0000] {processor.py:925} INFO - DAG(s) 'example_sla_dag' retrieved from /home/airflow/.local/lib/python3.12/site-packages/airflow/example_dags/example_sla_dag.py
[2024-10-28T00:07:10.479+0000] {logging_mixin.py:190} INFO - [2024-10-28T00:07:10.479+0000] {dag.py:3239} INFO - Sync 1 DAGs
[2024-10-28T00:07:10.505+0000] {logging_mixin.py:190} INFO - [2024-10-28T00:07:10.504+0000] {dag.py:4180} INFO - Setting next_dagrun for example_sla_dag to 2024-10-28 00:04:00+00:00, run_after=2024-10-28 00:06:00+00:00
[2024-10-28T00:07:10.525+0000] {processor.py:208} INFO - Processing /home/airflow/.local/lib/python3.12/site-packages/airflow/example_dags/example_sla_dag.py took 0.082 seconds
[2024-10-28T00:07:41.336+0000] {processor.py:186} INFO - Started process (PID=46261) to work on /home/airflow/.local/lib/python3.12/site-packages/airflow/example_dags/example_sla_dag.py
[2024-10-28T00:07:41.337+0000] {processor.py:914} INFO - Processing file /home/airflow/.local/lib/python3.12/site-packages/airflow/example_dags/example_sla_dag.py for tasks to queue
[2024-10-28T00:07:41.338+0000] {logging_mixin.py:190} INFO - [2024-10-28T00:07:41.338+0000] {dagbag.py:588} INFO - Filling up the DagBag from /home/airflow/.local/lib/python3.12/site-packages/airflow/example_dags/example_sla_dag.py
[2024-10-28T00:07:41.347+0000] {processor.py:925} INFO - DAG(s) 'example_sla_dag' retrieved from /home/airflow/.local/lib/python3.12/site-packages/airflow/example_dags/example_sla_dag.py
[2024-10-28T00:07:41.365+0000] {logging_mixin.py:190} INFO - [2024-10-28T00:07:41.365+0000] {dag.py:3239} INFO - Sync 1 DAGs
[2024-10-28T00:07:41.390+0000] {logging_mixin.py:190} INFO - [2024-10-28T00:07:41.390+0000] {dag.py:4180} INFO - Setting next_dagrun for example_sla_dag to 2024-10-28 00:04:00+00:00, run_after=2024-10-28 00:06:00+00:00
[2024-10-28T00:07:41.410+0000] {processor.py:208} INFO - Processing /home/airflow/.local/lib/python3.12/site-packages/airflow/example_dags/example_sla_dag.py took 0.080 seconds
[2024-10-28T00:08:11.816+0000] {processor.py:186} INFO - Started process (PID=46334) to work on /home/airflow/.local/lib/python3.12/site-packages/airflow/example_dags/example_sla_dag.py
[2024-10-28T00:08:11.817+0000] {processor.py:914} INFO - Processing file /home/airflow/.local/lib/python3.12/site-packages/airflow/example_dags/example_sla_dag.py for tasks to queue
[2024-10-28T00:08:11.818+0000] {logging_mixin.py:190} INFO - [2024-10-28T00:08:11.818+0000] {dagbag.py:588} INFO - Filling up the DagBag from /home/airflow/.local/lib/python3.12/site-packages/airflow/example_dags/example_sla_dag.py
[2024-10-28T00:08:11.827+0000] {processor.py:925} INFO - DAG(s) 'example_sla_dag' retrieved from /home/airflow/.local/lib/python3.12/site-packages/airflow/example_dags/example_sla_dag.py
[2024-10-28T00:08:11.845+0000] {logging_mixin.py:190} INFO - [2024-10-28T00:08:11.845+0000] {dag.py:3239} INFO - Sync 1 DAGs
[2024-10-28T00:08:11.869+0000] {logging_mixin.py:190} INFO - [2024-10-28T00:08:11.869+0000] {dag.py:4180} INFO - Setting next_dagrun for example_sla_dag to 2024-10-28 00:06:00+00:00, run_after=2024-10-28 00:08:00+00:00
[2024-10-28T00:08:11.887+0000] {processor.py:208} INFO - Processing /home/airflow/.local/lib/python3.12/site-packages/airflow/example_dags/example_sla_dag.py took 0.077 seconds
[2024-10-28T00:08:42.478+0000] {processor.py:186} INFO - Started process (PID=46408) to work on /home/airflow/.local/lib/python3.12/site-packages/airflow/example_dags/example_sla_dag.py
[2024-10-28T00:08:42.480+0000] {processor.py:914} INFO - Processing file /home/airflow/.local/lib/python3.12/site-packages/airflow/example_dags/example_sla_dag.py for tasks to queue
[2024-10-28T00:08:42.481+0000] {logging_mixin.py:190} INFO - [2024-10-28T00:08:42.481+0000] {dagbag.py:588} INFO - Filling up the DagBag from /home/airflow/.local/lib/python3.12/site-packages/airflow/example_dags/example_sla_dag.py
[2024-10-28T00:08:42.490+0000] {processor.py:925} INFO - DAG(s) 'example_sla_dag' retrieved from /home/airflow/.local/lib/python3.12/site-packages/airflow/example_dags/example_sla_dag.py
[2024-10-28T00:08:42.510+0000] {logging_mixin.py:190} INFO - [2024-10-28T00:08:42.509+0000] {dag.py:3239} INFO - Sync 1 DAGs
[2024-10-28T00:08:42.533+0000] {logging_mixin.py:190} INFO - [2024-10-28T00:08:42.533+0000] {dag.py:4180} INFO - Setting next_dagrun for example_sla_dag to 2024-10-28 00:06:00+00:00, run_after=2024-10-28 00:08:00+00:00
[2024-10-28T00:08:42.551+0000] {processor.py:208} INFO - Processing /home/airflow/.local/lib/python3.12/site-packages/airflow/example_dags/example_sla_dag.py took 0.077 seconds
[2024-10-28T00:09:13.247+0000] {processor.py:186} INFO - Started process (PID=46482) to work on /home/airflow/.local/lib/python3.12/site-packages/airflow/example_dags/example_sla_dag.py
[2024-10-28T00:09:13.248+0000] {processor.py:914} INFO - Processing file /home/airflow/.local/lib/python3.12/site-packages/airflow/example_dags/example_sla_dag.py for tasks to queue
[2024-10-28T00:09:13.250+0000] {logging_mixin.py:190} INFO - [2024-10-28T00:09:13.250+0000] {dagbag.py:588} INFO - Filling up the DagBag from /home/airflow/.local/lib/python3.12/site-packages/airflow/example_dags/example_sla_dag.py
[2024-10-28T00:09:13.263+0000] {processor.py:925} INFO - DAG(s) 'example_sla_dag' retrieved from /home/airflow/.local/lib/python3.12/site-packages/airflow/example_dags/example_sla_dag.py
[2024-10-28T00:09:13.285+0000] {logging_mixin.py:190} INFO - [2024-10-28T00:09:13.284+0000] {dag.py:3239} INFO - Sync 1 DAGs
[2024-10-28T00:09:13.311+0000] {logging_mixin.py:190} INFO - [2024-10-28T00:09:13.310+0000] {dag.py:4180} INFO - Setting next_dagrun for example_sla_dag to 2024-10-28 00:06:00+00:00, run_after=2024-10-28 00:08:00+00:00
[2024-10-28T00:09:13.328+0000] {processor.py:208} INFO - Processing /home/airflow/.local/lib/python3.12/site-packages/airflow/example_dags/example_sla_dag.py took 0.098 seconds
[2024-10-28T00:09:43.913+0000] {processor.py:186} INFO - Started process (PID=46556) to work on /home/airflow/.local/lib/python3.12/site-packages/airflow/example_dags/example_sla_dag.py
[2024-10-28T00:09:43.915+0000] {processor.py:914} INFO - Processing file /home/airflow/.local/lib/python3.12/site-packages/airflow/example_dags/example_sla_dag.py for tasks to queue
[2024-10-28T00:09:43.917+0000] {logging_mixin.py:190} INFO - [2024-10-28T00:09:43.916+0000] {dagbag.py:588} INFO - Filling up the DagBag from /home/airflow/.local/lib/python3.12/site-packages/airflow/example_dags/example_sla_dag.py
[2024-10-28T00:09:43.927+0000] {processor.py:925} INFO - DAG(s) 'example_sla_dag' retrieved from /home/airflow/.local/lib/python3.12/site-packages/airflow/example_dags/example_sla_dag.py
[2024-10-28T00:09:43.948+0000] {logging_mixin.py:190} INFO - [2024-10-28T00:09:43.948+0000] {dag.py:3239} INFO - Sync 1 DAGs
[2024-10-28T00:09:43.975+0000] {logging_mixin.py:190} INFO - [2024-10-28T00:09:43.975+0000] {dag.py:4180} INFO - Setting next_dagrun for example_sla_dag to 2024-10-28 00:06:00+00:00, run_after=2024-10-28 00:08:00+00:00
[2024-10-28T00:09:43.997+0000] {processor.py:208} INFO - Processing /home/airflow/.local/lib/python3.12/site-packages/airflow/example_dags/example_sla_dag.py took 0.091 seconds
[2024-10-28T00:10:14.173+0000] {processor.py:186} INFO - Started process (PID=46630) to work on /home/airflow/.local/lib/python3.12/site-packages/airflow/example_dags/example_sla_dag.py
[2024-10-28T00:10:14.175+0000] {processor.py:914} INFO - Processing file /home/airflow/.local/lib/python3.12/site-packages/airflow/example_dags/example_sla_dag.py for tasks to queue
[2024-10-28T00:10:14.177+0000] {logging_mixin.py:190} INFO - [2024-10-28T00:10:14.176+0000] {dagbag.py:588} INFO - Filling up the DagBag from /home/airflow/.local/lib/python3.12/site-packages/airflow/example_dags/example_sla_dag.py
[2024-10-28T00:10:14.187+0000] {processor.py:925} INFO - DAG(s) 'example_sla_dag' retrieved from /home/airflow/.local/lib/python3.12/site-packages/airflow/example_dags/example_sla_dag.py
[2024-10-28T00:10:14.207+0000] {logging_mixin.py:190} INFO - [2024-10-28T00:10:14.207+0000] {dag.py:3239} INFO - Sync 1 DAGs
[2024-10-28T00:10:14.235+0000] {logging_mixin.py:190} INFO - [2024-10-28T00:10:14.235+0000] {dag.py:4180} INFO - Setting next_dagrun for example_sla_dag to 2024-10-28 00:08:00+00:00, run_after=2024-10-28 00:10:00+00:00
[2024-10-28T00:10:14.253+0000] {processor.py:208} INFO - Processing /home/airflow/.local/lib/python3.12/site-packages/airflow/example_dags/example_sla_dag.py took 0.086 seconds
[2024-10-28T00:10:44.463+0000] {processor.py:186} INFO - Started process (PID=46704) to work on /home/airflow/.local/lib/python3.12/site-packages/airflow/example_dags/example_sla_dag.py
[2024-10-28T00:10:44.464+0000] {processor.py:914} INFO - Processing file /home/airflow/.local/lib/python3.12/site-packages/airflow/example_dags/example_sla_dag.py for tasks to queue
[2024-10-28T00:10:44.466+0000] {logging_mixin.py:190} INFO - [2024-10-28T00:10:44.465+0000] {dagbag.py:588} INFO - Filling up the DagBag from /home/airflow/.local/lib/python3.12/site-packages/airflow/example_dags/example_sla_dag.py
[2024-10-28T00:10:44.476+0000] {processor.py:925} INFO - DAG(s) 'example_sla_dag' retrieved from /home/airflow/.local/lib/python3.12/site-packages/airflow/example_dags/example_sla_dag.py
[2024-10-28T00:10:44.495+0000] {logging_mixin.py:190} INFO - [2024-10-28T00:10:44.495+0000] {dag.py:3239} INFO - Sync 1 DAGs
[2024-10-28T00:10:44.521+0000] {logging_mixin.py:190} INFO - [2024-10-28T00:10:44.521+0000] {dag.py:4180} INFO - Setting next_dagrun for example_sla_dag to 2024-10-28 00:08:00+00:00, run_after=2024-10-28 00:10:00+00:00
[2024-10-28T00:10:44.542+0000] {processor.py:208} INFO - Processing /home/airflow/.local/lib/python3.12/site-packages/airflow/example_dags/example_sla_dag.py took 0.087 seconds
[2024-10-28T00:11:15.473+0000] {processor.py:186} INFO - Started process (PID=46778) to work on /home/airflow/.local/lib/python3.12/site-packages/airflow/example_dags/example_sla_dag.py
[2024-10-28T00:11:15.474+0000] {processor.py:914} INFO - Processing file /home/airflow/.local/lib/python3.12/site-packages/airflow/example_dags/example_sla_dag.py for tasks to queue
[2024-10-28T00:11:15.475+0000] {logging_mixin.py:190} INFO - [2024-10-28T00:11:15.475+0000] {dagbag.py:588} INFO - Filling up the DagBag from /home/airflow/.local/lib/python3.12/site-packages/airflow/example_dags/example_sla_dag.py
[2024-10-28T00:11:15.487+0000] {processor.py:925} INFO - DAG(s) 'example_sla_dag' retrieved from /home/airflow/.local/lib/python3.12/site-packages/airflow/example_dags/example_sla_dag.py
[2024-10-28T00:11:15.506+0000] {logging_mixin.py:190} INFO - [2024-10-28T00:11:15.506+0000] {dag.py:3239} INFO - Sync 1 DAGs
[2024-10-28T00:11:15.532+0000] {logging_mixin.py:190} INFO - [2024-10-28T00:11:15.531+0000] {dag.py:4180} INFO - Setting next_dagrun for example_sla_dag to 2024-10-28 00:08:00+00:00, run_after=2024-10-28 00:10:00+00:00
[2024-10-28T00:11:15.556+0000] {processor.py:208} INFO - Processing /home/airflow/.local/lib/python3.12/site-packages/airflow/example_dags/example_sla_dag.py took 0.089 seconds
[2024-10-28T00:11:45.697+0000] {processor.py:186} INFO - Started process (PID=46852) to work on /home/airflow/.local/lib/python3.12/site-packages/airflow/example_dags/example_sla_dag.py
[2024-10-28T00:11:45.698+0000] {processor.py:914} INFO - Processing file /home/airflow/.local/lib/python3.12/site-packages/airflow/example_dags/example_sla_dag.py for tasks to queue
[2024-10-28T00:11:45.699+0000] {logging_mixin.py:190} INFO - [2024-10-28T00:11:45.699+0000] {dagbag.py:588} INFO - Filling up the DagBag from /home/airflow/.local/lib/python3.12/site-packages/airflow/example_dags/example_sla_dag.py
[2024-10-28T00:11:45.708+0000] {processor.py:925} INFO - DAG(s) 'example_sla_dag' retrieved from /home/airflow/.local/lib/python3.12/site-packages/airflow/example_dags/example_sla_dag.py
[2024-10-28T00:11:45.727+0000] {logging_mixin.py:190} INFO - [2024-10-28T00:11:45.727+0000] {dag.py:3239} INFO - Sync 1 DAGs
[2024-10-28T00:11:45.752+0000] {logging_mixin.py:190} INFO - [2024-10-28T00:11:45.752+0000] {dag.py:4180} INFO - Setting next_dagrun for example_sla_dag to 2024-10-28 00:08:00+00:00, run_after=2024-10-28 00:10:00+00:00
[2024-10-28T00:11:45.770+0000] {processor.py:208} INFO - Processing /home/airflow/.local/lib/python3.12/site-packages/airflow/example_dags/example_sla_dag.py took 0.078 seconds
[2024-10-28T00:12:16.206+0000] {processor.py:186} INFO - Started process (PID=46926) to work on /home/airflow/.local/lib/python3.12/site-packages/airflow/example_dags/example_sla_dag.py
[2024-10-28T00:12:16.207+0000] {processor.py:914} INFO - Processing file /home/airflow/.local/lib/python3.12/site-packages/airflow/example_dags/example_sla_dag.py for tasks to queue
[2024-10-28T00:12:16.209+0000] {logging_mixin.py:190} INFO - [2024-10-28T00:12:16.208+0000] {dagbag.py:588} INFO - Filling up the DagBag from /home/airflow/.local/lib/python3.12/site-packages/airflow/example_dags/example_sla_dag.py
[2024-10-28T00:12:16.218+0000] {processor.py:925} INFO - DAG(s) 'example_sla_dag' retrieved from /home/airflow/.local/lib/python3.12/site-packages/airflow/example_dags/example_sla_dag.py
[2024-10-28T00:12:16.237+0000] {logging_mixin.py:190} INFO - [2024-10-28T00:12:16.237+0000] {dag.py:3239} INFO - Sync 1 DAGs
[2024-10-28T00:12:16.261+0000] {logging_mixin.py:190} INFO - [2024-10-28T00:12:16.261+0000] {dag.py:4180} INFO - Setting next_dagrun for example_sla_dag to 2024-10-28 00:10:00+00:00, run_after=2024-10-28 00:12:00+00:00
[2024-10-28T00:12:16.283+0000] {processor.py:208} INFO - Processing /home/airflow/.local/lib/python3.12/site-packages/airflow/example_dags/example_sla_dag.py took 0.083 seconds
[2024-10-28T00:12:46.629+0000] {processor.py:186} INFO - Started process (PID=47000) to work on /home/airflow/.local/lib/python3.12/site-packages/airflow/example_dags/example_sla_dag.py
[2024-10-28T00:12:46.630+0000] {processor.py:914} INFO - Processing file /home/airflow/.local/lib/python3.12/site-packages/airflow/example_dags/example_sla_dag.py for tasks to queue
[2024-10-28T00:12:46.632+0000] {logging_mixin.py:190} INFO - [2024-10-28T00:12:46.632+0000] {dagbag.py:588} INFO - Filling up the DagBag from /home/airflow/.local/lib/python3.12/site-packages/airflow/example_dags/example_sla_dag.py
[2024-10-28T00:12:46.641+0000] {processor.py:925} INFO - DAG(s) 'example_sla_dag' retrieved from /home/airflow/.local/lib/python3.12/site-packages/airflow/example_dags/example_sla_dag.py
[2024-10-28T00:12:46.660+0000] {logging_mixin.py:190} INFO - [2024-10-28T00:12:46.660+0000] {dag.py:3239} INFO - Sync 1 DAGs
[2024-10-28T00:12:46.684+0000] {logging_mixin.py:190} INFO - [2024-10-28T00:12:46.684+0000] {dag.py:4180} INFO - Setting next_dagrun for example_sla_dag to 2024-10-28 00:10:00+00:00, run_after=2024-10-28 00:12:00+00:00
[2024-10-28T00:12:46.702+0000] {processor.py:208} INFO - Processing /home/airflow/.local/lib/python3.12/site-packages/airflow/example_dags/example_sla_dag.py took 0.077 seconds
[2024-10-28T00:13:17.013+0000] {processor.py:186} INFO - Started process (PID=47074) to work on /home/airflow/.local/lib/python3.12/site-packages/airflow/example_dags/example_sla_dag.py
[2024-10-28T00:13:17.014+0000] {processor.py:914} INFO - Processing file /home/airflow/.local/lib/python3.12/site-packages/airflow/example_dags/example_sla_dag.py for tasks to queue
[2024-10-28T00:13:17.016+0000] {logging_mixin.py:190} INFO - [2024-10-28T00:13:17.016+0000] {dagbag.py:588} INFO - Filling up the DagBag from /home/airflow/.local/lib/python3.12/site-packages/airflow/example_dags/example_sla_dag.py
[2024-10-28T00:13:17.025+0000] {processor.py:925} INFO - DAG(s) 'example_sla_dag' retrieved from /home/airflow/.local/lib/python3.12/site-packages/airflow/example_dags/example_sla_dag.py
[2024-10-28T00:13:17.043+0000] {logging_mixin.py:190} INFO - [2024-10-28T00:13:17.043+0000] {dag.py:3239} INFO - Sync 1 DAGs
[2024-10-28T00:13:17.067+0000] {logging_mixin.py:190} INFO - [2024-10-28T00:13:17.067+0000] {dag.py:4180} INFO - Setting next_dagrun for example_sla_dag to 2024-10-28 00:10:00+00:00, run_after=2024-10-28 00:12:00+00:00
[2024-10-28T00:13:17.084+0000] {processor.py:208} INFO - Processing /home/airflow/.local/lib/python3.12/site-packages/airflow/example_dags/example_sla_dag.py took 0.075 seconds
[2024-10-28T00:13:47.418+0000] {processor.py:186} INFO - Started process (PID=47148) to work on /home/airflow/.local/lib/python3.12/site-packages/airflow/example_dags/example_sla_dag.py
[2024-10-28T00:13:47.419+0000] {processor.py:914} INFO - Processing file /home/airflow/.local/lib/python3.12/site-packages/airflow/example_dags/example_sla_dag.py for tasks to queue
[2024-10-28T00:13:47.421+0000] {logging_mixin.py:190} INFO - [2024-10-28T00:13:47.420+0000] {dagbag.py:588} INFO - Filling up the DagBag from /home/airflow/.local/lib/python3.12/site-packages/airflow/example_dags/example_sla_dag.py
[2024-10-28T00:13:47.433+0000] {processor.py:925} INFO - DAG(s) 'example_sla_dag' retrieved from /home/airflow/.local/lib/python3.12/site-packages/airflow/example_dags/example_sla_dag.py
[2024-10-28T00:13:47.452+0000] {logging_mixin.py:190} INFO - [2024-10-28T00:13:47.452+0000] {dag.py:3239} INFO - Sync 1 DAGs
[2024-10-28T00:13:47.477+0000] {logging_mixin.py:190} INFO - [2024-10-28T00:13:47.476+0000] {dag.py:4180} INFO - Setting next_dagrun for example_sla_dag to 2024-10-28 00:10:00+00:00, run_after=2024-10-28 00:12:00+00:00
[2024-10-28T00:13:47.496+0000] {processor.py:208} INFO - Processing /home/airflow/.local/lib/python3.12/site-packages/airflow/example_dags/example_sla_dag.py took 0.083 seconds
[2024-10-28T00:14:17.705+0000] {processor.py:186} INFO - Started process (PID=47222) to work on /home/airflow/.local/lib/python3.12/site-packages/airflow/example_dags/example_sla_dag.py
[2024-10-28T00:14:17.706+0000] {processor.py:914} INFO - Processing file /home/airflow/.local/lib/python3.12/site-packages/airflow/example_dags/example_sla_dag.py for tasks to queue
[2024-10-28T00:14:17.707+0000] {logging_mixin.py:190} INFO - [2024-10-28T00:14:17.707+0000] {dagbag.py:588} INFO - Filling up the DagBag from /home/airflow/.local/lib/python3.12/site-packages/airflow/example_dags/example_sla_dag.py
[2024-10-28T00:14:17.718+0000] {processor.py:925} INFO - DAG(s) 'example_sla_dag' retrieved from /home/airflow/.local/lib/python3.12/site-packages/airflow/example_dags/example_sla_dag.py
[2024-10-28T00:14:17.736+0000] {logging_mixin.py:190} INFO - [2024-10-28T00:14:17.736+0000] {dag.py:3239} INFO - Sync 1 DAGs
[2024-10-28T00:14:17.760+0000] {logging_mixin.py:190} INFO - [2024-10-28T00:14:17.759+0000] {dag.py:4180} INFO - Setting next_dagrun for example_sla_dag to 2024-10-28 00:12:00+00:00, run_after=2024-10-28 00:14:00+00:00
[2024-10-28T00:14:17.778+0000] {processor.py:208} INFO - Processing /home/airflow/.local/lib/python3.12/site-packages/airflow/example_dags/example_sla_dag.py took 0.079 seconds
[2024-10-28T00:14:47.868+0000] {processor.py:186} INFO - Started process (PID=47296) to work on /home/airflow/.local/lib/python3.12/site-packages/airflow/example_dags/example_sla_dag.py
[2024-10-28T00:14:47.869+0000] {processor.py:914} INFO - Processing file /home/airflow/.local/lib/python3.12/site-packages/airflow/example_dags/example_sla_dag.py for tasks to queue
[2024-10-28T00:14:47.871+0000] {logging_mixin.py:190} INFO - [2024-10-28T00:14:47.870+0000] {dagbag.py:588} INFO - Filling up the DagBag from /home/airflow/.local/lib/python3.12/site-packages/airflow/example_dags/example_sla_dag.py
[2024-10-28T00:14:47.880+0000] {processor.py:925} INFO - DAG(s) 'example_sla_dag' retrieved from /home/airflow/.local/lib/python3.12/site-packages/airflow/example_dags/example_sla_dag.py
[2024-10-28T00:14:47.897+0000] {logging_mixin.py:190} INFO - [2024-10-28T00:14:47.897+0000] {dag.py:3239} INFO - Sync 1 DAGs
[2024-10-28T00:14:47.920+0000] {logging_mixin.py:190} INFO - [2024-10-28T00:14:47.920+0000] {dag.py:4180} INFO - Setting next_dagrun for example_sla_dag to 2024-10-28 00:12:00+00:00, run_after=2024-10-28 00:14:00+00:00
[2024-10-28T00:14:47.938+0000] {processor.py:208} INFO - Processing /home/airflow/.local/lib/python3.12/site-packages/airflow/example_dags/example_sla_dag.py took 0.075 seconds
[2024-10-28T00:15:18.420+0000] {processor.py:186} INFO - Started process (PID=47370) to work on /home/airflow/.local/lib/python3.12/site-packages/airflow/example_dags/example_sla_dag.py
[2024-10-28T00:15:18.421+0000] {processor.py:914} INFO - Processing file /home/airflow/.local/lib/python3.12/site-packages/airflow/example_dags/example_sla_dag.py for tasks to queue
[2024-10-28T00:15:18.422+0000] {logging_mixin.py:190} INFO - [2024-10-28T00:15:18.422+0000] {dagbag.py:588} INFO - Filling up the DagBag from /home/airflow/.local/lib/python3.12/site-packages/airflow/example_dags/example_sla_dag.py
[2024-10-28T00:15:18.431+0000] {processor.py:925} INFO - DAG(s) 'example_sla_dag' retrieved from /home/airflow/.local/lib/python3.12/site-packages/airflow/example_dags/example_sla_dag.py
[2024-10-28T00:15:18.450+0000] {logging_mixin.py:190} INFO - [2024-10-28T00:15:18.450+0000] {dag.py:3239} INFO - Sync 1 DAGs
[2024-10-28T00:15:18.475+0000] {logging_mixin.py:190} INFO - [2024-10-28T00:15:18.475+0000] {dag.py:4180} INFO - Setting next_dagrun for example_sla_dag to 2024-10-28 00:12:00+00:00, run_after=2024-10-28 00:14:00+00:00
[2024-10-28T00:15:18.494+0000] {processor.py:208} INFO - Processing /home/airflow/.local/lib/python3.12/site-packages/airflow/example_dags/example_sla_dag.py took 0.080 seconds
[2024-10-28T00:15:48.860+0000] {processor.py:186} INFO - Started process (PID=47444) to work on /home/airflow/.local/lib/python3.12/site-packages/airflow/example_dags/example_sla_dag.py
[2024-10-28T00:15:48.861+0000] {processor.py:914} INFO - Processing file /home/airflow/.local/lib/python3.12/site-packages/airflow/example_dags/example_sla_dag.py for tasks to queue
[2024-10-28T00:15:48.863+0000] {logging_mixin.py:190} INFO - [2024-10-28T00:15:48.862+0000] {dagbag.py:588} INFO - Filling up the DagBag from /home/airflow/.local/lib/python3.12/site-packages/airflow/example_dags/example_sla_dag.py
[2024-10-28T00:15:48.872+0000] {processor.py:925} INFO - DAG(s) 'example_sla_dag' retrieved from /home/airflow/.local/lib/python3.12/site-packages/airflow/example_dags/example_sla_dag.py
[2024-10-28T00:15:48.890+0000] {logging_mixin.py:190} INFO - [2024-10-28T00:15:48.890+0000] {dag.py:3239} INFO - Sync 1 DAGs
[2024-10-28T00:15:48.915+0000] {logging_mixin.py:190} INFO - [2024-10-28T00:15:48.915+0000] {dag.py:4180} INFO - Setting next_dagrun for example_sla_dag to 2024-10-28 00:12:00+00:00, run_after=2024-10-28 00:14:00+00:00
[2024-10-28T00:15:48.936+0000] {processor.py:208} INFO - Processing /home/airflow/.local/lib/python3.12/site-packages/airflow/example_dags/example_sla_dag.py took 0.081 seconds
[2024-10-28T00:16:19.781+0000] {processor.py:186} INFO - Started process (PID=47518) to work on /home/airflow/.local/lib/python3.12/site-packages/airflow/example_dags/example_sla_dag.py
[2024-10-28T00:16:19.782+0000] {processor.py:914} INFO - Processing file /home/airflow/.local/lib/python3.12/site-packages/airflow/example_dags/example_sla_dag.py for tasks to queue
[2024-10-28T00:16:19.783+0000] {logging_mixin.py:190} INFO - [2024-10-28T00:16:19.783+0000] {dagbag.py:588} INFO - Filling up the DagBag from /home/airflow/.local/lib/python3.12/site-packages/airflow/example_dags/example_sla_dag.py
[2024-10-28T00:16:19.792+0000] {processor.py:925} INFO - DAG(s) 'example_sla_dag' retrieved from /home/airflow/.local/lib/python3.12/site-packages/airflow/example_dags/example_sla_dag.py
[2024-10-28T00:16:19.811+0000] {logging_mixin.py:190} INFO - [2024-10-28T00:16:19.810+0000] {dag.py:3239} INFO - Sync 1 DAGs
[2024-10-28T00:16:19.835+0000] {logging_mixin.py:190} INFO - [2024-10-28T00:16:19.834+0000] {dag.py:4180} INFO - Setting next_dagrun for example_sla_dag to 2024-10-28 00:14:00+00:00, run_after=2024-10-28 00:16:00+00:00
[2024-10-28T00:16:19.854+0000] {processor.py:208} INFO - Processing /home/airflow/.local/lib/python3.12/site-packages/airflow/example_dags/example_sla_dag.py took 0.079 seconds
[2024-10-28T00:16:50.682+0000] {processor.py:186} INFO - Started process (PID=47592) to work on /home/airflow/.local/lib/python3.12/site-packages/airflow/example_dags/example_sla_dag.py
[2024-10-28T00:16:50.683+0000] {processor.py:914} INFO - Processing file /home/airflow/.local/lib/python3.12/site-packages/airflow/example_dags/example_sla_dag.py for tasks to queue
[2024-10-28T00:16:50.684+0000] {logging_mixin.py:190} INFO - [2024-10-28T00:16:50.684+0000] {dagbag.py:588} INFO - Filling up the DagBag from /home/airflow/.local/lib/python3.12/site-packages/airflow/example_dags/example_sla_dag.py
[2024-10-28T00:16:50.694+0000] {processor.py:925} INFO - DAG(s) 'example_sla_dag' retrieved from /home/airflow/.local/lib/python3.12/site-packages/airflow/example_dags/example_sla_dag.py
[2024-10-28T00:16:50.712+0000] {logging_mixin.py:190} INFO - [2024-10-28T00:16:50.711+0000] {dag.py:3239} INFO - Sync 1 DAGs
[2024-10-28T00:16:50.737+0000] {logging_mixin.py:190} INFO - [2024-10-28T00:16:50.737+0000] {dag.py:4180} INFO - Setting next_dagrun for example_sla_dag to 2024-10-28 00:14:00+00:00, run_after=2024-10-28 00:16:00+00:00
[2024-10-28T00:16:50.754+0000] {processor.py:208} INFO - Processing /home/airflow/.local/lib/python3.12/site-packages/airflow/example_dags/example_sla_dag.py took 0.079 seconds
[2024-10-28T00:17:21.261+0000] {processor.py:186} INFO - Started process (PID=47666) to work on /home/airflow/.local/lib/python3.12/site-packages/airflow/example_dags/example_sla_dag.py
[2024-10-28T00:17:21.262+0000] {processor.py:914} INFO - Processing file /home/airflow/.local/lib/python3.12/site-packages/airflow/example_dags/example_sla_dag.py for tasks to queue
[2024-10-28T00:17:21.264+0000] {logging_mixin.py:190} INFO - [2024-10-28T00:17:21.263+0000] {dagbag.py:588} INFO - Filling up the DagBag from /home/airflow/.local/lib/python3.12/site-packages/airflow/example_dags/example_sla_dag.py
[2024-10-28T00:17:21.272+0000] {processor.py:925} INFO - DAG(s) 'example_sla_dag' retrieved from /home/airflow/.local/lib/python3.12/site-packages/airflow/example_dags/example_sla_dag.py
[2024-10-28T00:17:21.290+0000] {logging_mixin.py:190} INFO - [2024-10-28T00:17:21.290+0000] {dag.py:3239} INFO - Sync 1 DAGs
[2024-10-28T00:17:21.314+0000] {logging_mixin.py:190} INFO - [2024-10-28T00:17:21.313+0000] {dag.py:4180} INFO - Setting next_dagrun for example_sla_dag to 2024-10-28 00:14:00+00:00, run_after=2024-10-28 00:16:00+00:00
[2024-10-28T00:17:21.330+0000] {processor.py:208} INFO - Processing /home/airflow/.local/lib/python3.12/site-packages/airflow/example_dags/example_sla_dag.py took 0.074 seconds
[2024-10-28T00:17:51.518+0000] {processor.py:186} INFO - Started process (PID=47740) to work on /home/airflow/.local/lib/python3.12/site-packages/airflow/example_dags/example_sla_dag.py
[2024-10-28T00:17:51.519+0000] {processor.py:914} INFO - Processing file /home/airflow/.local/lib/python3.12/site-packages/airflow/example_dags/example_sla_dag.py for tasks to queue
[2024-10-28T00:17:51.521+0000] {logging_mixin.py:190} INFO - [2024-10-28T00:17:51.521+0000] {dagbag.py:588} INFO - Filling up the DagBag from /home/airflow/.local/lib/python3.12/site-packages/airflow/example_dags/example_sla_dag.py
[2024-10-28T00:17:51.532+0000] {processor.py:925} INFO - DAG(s) 'example_sla_dag' retrieved from /home/airflow/.local/lib/python3.12/site-packages/airflow/example_dags/example_sla_dag.py
[2024-10-28T00:17:51.550+0000] {logging_mixin.py:190} INFO - [2024-10-28T00:17:51.550+0000] {dag.py:3239} INFO - Sync 1 DAGs
[2024-10-28T00:17:51.577+0000] {logging_mixin.py:190} INFO - [2024-10-28T00:17:51.576+0000] {dag.py:4180} INFO - Setting next_dagrun for example_sla_dag to 2024-10-28 00:14:00+00:00, run_after=2024-10-28 00:16:00+00:00
[2024-10-28T00:17:51.597+0000] {processor.py:208} INFO - Processing /home/airflow/.local/lib/python3.12/site-packages/airflow/example_dags/example_sla_dag.py took 0.084 seconds
[2024-10-28T00:18:21.765+0000] {processor.py:186} INFO - Started process (PID=47814) to work on /home/airflow/.local/lib/python3.12/site-packages/airflow/example_dags/example_sla_dag.py
[2024-10-28T00:18:21.767+0000] {processor.py:914} INFO - Processing file /home/airflow/.local/lib/python3.12/site-packages/airflow/example_dags/example_sla_dag.py for tasks to queue
[2024-10-28T00:18:21.769+0000] {logging_mixin.py:190} INFO - [2024-10-28T00:18:21.768+0000] {dagbag.py:588} INFO - Filling up the DagBag from /home/airflow/.local/lib/python3.12/site-packages/airflow/example_dags/example_sla_dag.py
[2024-10-28T00:18:21.782+0000] {processor.py:925} INFO - DAG(s) 'example_sla_dag' retrieved from /home/airflow/.local/lib/python3.12/site-packages/airflow/example_dags/example_sla_dag.py
[2024-10-28T00:18:21.807+0000] {logging_mixin.py:190} INFO - [2024-10-28T00:18:21.806+0000] {dag.py:3239} INFO - Sync 1 DAGs
[2024-10-28T00:18:21.842+0000] {logging_mixin.py:190} INFO - [2024-10-28T00:18:21.842+0000] {dag.py:4180} INFO - Setting next_dagrun for example_sla_dag to 2024-10-28 00:16:00+00:00, run_after=2024-10-28 00:18:00+00:00
[2024-10-28T00:18:21.865+0000] {processor.py:208} INFO - Processing /home/airflow/.local/lib/python3.12/site-packages/airflow/example_dags/example_sla_dag.py took 0.106 seconds
[2024-10-28T00:18:52.428+0000] {processor.py:186} INFO - Started process (PID=47888) to work on /home/airflow/.local/lib/python3.12/site-packages/airflow/example_dags/example_sla_dag.py
[2024-10-28T00:18:52.429+0000] {processor.py:914} INFO - Processing file /home/airflow/.local/lib/python3.12/site-packages/airflow/example_dags/example_sla_dag.py for tasks to queue
[2024-10-28T00:18:52.430+0000] {logging_mixin.py:190} INFO - [2024-10-28T00:18:52.430+0000] {dagbag.py:588} INFO - Filling up the DagBag from /home/airflow/.local/lib/python3.12/site-packages/airflow/example_dags/example_sla_dag.py
[2024-10-28T00:18:52.439+0000] {processor.py:925} INFO - DAG(s) 'example_sla_dag' retrieved from /home/airflow/.local/lib/python3.12/site-packages/airflow/example_dags/example_sla_dag.py
[2024-10-28T00:18:52.458+0000] {logging_mixin.py:190} INFO - [2024-10-28T00:18:52.458+0000] {dag.py:3239} INFO - Sync 1 DAGs
[2024-10-28T00:18:52.482+0000] {logging_mixin.py:190} INFO - [2024-10-28T00:18:52.482+0000] {dag.py:4180} INFO - Setting next_dagrun for example_sla_dag to 2024-10-28 00:16:00+00:00, run_after=2024-10-28 00:18:00+00:00
[2024-10-28T00:18:52.501+0000] {processor.py:208} INFO - Processing /home/airflow/.local/lib/python3.12/site-packages/airflow/example_dags/example_sla_dag.py took 0.079 seconds
[2024-10-28T00:19:22.969+0000] {processor.py:186} INFO - Started process (PID=47962) to work on /home/airflow/.local/lib/python3.12/site-packages/airflow/example_dags/example_sla_dag.py
[2024-10-28T00:19:22.970+0000] {processor.py:914} INFO - Processing file /home/airflow/.local/lib/python3.12/site-packages/airflow/example_dags/example_sla_dag.py for tasks to queue
[2024-10-28T00:19:22.971+0000] {logging_mixin.py:190} INFO - [2024-10-28T00:19:22.971+0000] {dagbag.py:588} INFO - Filling up the DagBag from /home/airflow/.local/lib/python3.12/site-packages/airflow/example_dags/example_sla_dag.py
[2024-10-28T00:19:22.985+0000] {processor.py:925} INFO - DAG(s) 'example_sla_dag' retrieved from /home/airflow/.local/lib/python3.12/site-packages/airflow/example_dags/example_sla_dag.py
[2024-10-28T00:19:23.008+0000] {logging_mixin.py:190} INFO - [2024-10-28T00:19:23.007+0000] {dag.py:3239} INFO - Sync 1 DAGs
[2024-10-28T00:19:23.040+0000] {logging_mixin.py:190} INFO - [2024-10-28T00:19:23.040+0000] {dag.py:4180} INFO - Setting next_dagrun for example_sla_dag to 2024-10-28 00:16:00+00:00, run_after=2024-10-28 00:18:00+00:00
[2024-10-28T00:19:23.062+0000] {processor.py:208} INFO - Processing /home/airflow/.local/lib/python3.12/site-packages/airflow/example_dags/example_sla_dag.py took 0.100 seconds
[2024-10-28T00:19:53.153+0000] {processor.py:186} INFO - Started process (PID=48036) to work on /home/airflow/.local/lib/python3.12/site-packages/airflow/example_dags/example_sla_dag.py
[2024-10-28T00:19:53.154+0000] {processor.py:914} INFO - Processing file /home/airflow/.local/lib/python3.12/site-packages/airflow/example_dags/example_sla_dag.py for tasks to queue
[2024-10-28T00:19:53.156+0000] {logging_mixin.py:190} INFO - [2024-10-28T00:19:53.155+0000] {dagbag.py:588} INFO - Filling up the DagBag from /home/airflow/.local/lib/python3.12/site-packages/airflow/example_dags/example_sla_dag.py
[2024-10-28T00:19:53.167+0000] {processor.py:925} INFO - DAG(s) 'example_sla_dag' retrieved from /home/airflow/.local/lib/python3.12/site-packages/airflow/example_dags/example_sla_dag.py
[2024-10-28T00:19:53.191+0000] {logging_mixin.py:190} INFO - [2024-10-28T00:19:53.190+0000] {dag.py:3239} INFO - Sync 1 DAGs
[2024-10-28T00:19:53.222+0000] {logging_mixin.py:190} INFO - [2024-10-28T00:19:53.222+0000] {dag.py:4180} INFO - Setting next_dagrun for example_sla_dag to 2024-10-28 00:16:00+00:00, run_after=2024-10-28 00:18:00+00:00
[2024-10-28T00:19:53.251+0000] {processor.py:208} INFO - Processing /home/airflow/.local/lib/python3.12/site-packages/airflow/example_dags/example_sla_dag.py took 0.104 seconds
[2024-10-28T00:20:23.712+0000] {processor.py:186} INFO - Started process (PID=48110) to work on /home/airflow/.local/lib/python3.12/site-packages/airflow/example_dags/example_sla_dag.py
[2024-10-28T00:20:23.713+0000] {processor.py:914} INFO - Processing file /home/airflow/.local/lib/python3.12/site-packages/airflow/example_dags/example_sla_dag.py for tasks to queue
[2024-10-28T00:20:23.715+0000] {logging_mixin.py:190} INFO - [2024-10-28T00:20:23.714+0000] {dagbag.py:588} INFO - Filling up the DagBag from /home/airflow/.local/lib/python3.12/site-packages/airflow/example_dags/example_sla_dag.py
[2024-10-28T00:20:23.726+0000] {processor.py:925} INFO - DAG(s) 'example_sla_dag' retrieved from /home/airflow/.local/lib/python3.12/site-packages/airflow/example_dags/example_sla_dag.py
[2024-10-28T00:20:23.747+0000] {logging_mixin.py:190} INFO - [2024-10-28T00:20:23.747+0000] {dag.py:3239} INFO - Sync 1 DAGs
[2024-10-28T00:20:23.777+0000] {logging_mixin.py:190} INFO - [2024-10-28T00:20:23.777+0000] {dag.py:4180} INFO - Setting next_dagrun for example_sla_dag to 2024-10-28 00:18:00+00:00, run_after=2024-10-28 00:20:00+00:00
[2024-10-28T00:20:23.800+0000] {processor.py:208} INFO - Processing /home/airflow/.local/lib/python3.12/site-packages/airflow/example_dags/example_sla_dag.py took 0.096 seconds
[2024-10-28T00:20:54.526+0000] {processor.py:186} INFO - Started process (PID=48184) to work on /home/airflow/.local/lib/python3.12/site-packages/airflow/example_dags/example_sla_dag.py
[2024-10-28T00:20:54.527+0000] {processor.py:914} INFO - Processing file /home/airflow/.local/lib/python3.12/site-packages/airflow/example_dags/example_sla_dag.py for tasks to queue
[2024-10-28T00:20:54.529+0000] {logging_mixin.py:190} INFO - [2024-10-28T00:20:54.528+0000] {dagbag.py:588} INFO - Filling up the DagBag from /home/airflow/.local/lib/python3.12/site-packages/airflow/example_dags/example_sla_dag.py
[2024-10-28T00:20:54.538+0000] {processor.py:925} INFO - DAG(s) 'example_sla_dag' retrieved from /home/airflow/.local/lib/python3.12/site-packages/airflow/example_dags/example_sla_dag.py
[2024-10-28T00:20:54.558+0000] {logging_mixin.py:190} INFO - [2024-10-28T00:20:54.558+0000] {dag.py:3239} INFO - Sync 1 DAGs
[2024-10-28T00:20:54.584+0000] {logging_mixin.py:190} INFO - [2024-10-28T00:20:54.584+0000] {dag.py:4180} INFO - Setting next_dagrun for example_sla_dag to 2024-10-28 00:18:00+00:00, run_after=2024-10-28 00:20:00+00:00
[2024-10-28T00:20:54.603+0000] {processor.py:208} INFO - Processing /home/airflow/.local/lib/python3.12/site-packages/airflow/example_dags/example_sla_dag.py took 0.083 seconds
[2024-10-28T00:21:25.327+0000] {processor.py:186} INFO - Started process (PID=48258) to work on /home/airflow/.local/lib/python3.12/site-packages/airflow/example_dags/example_sla_dag.py
[2024-10-28T00:21:25.328+0000] {processor.py:914} INFO - Processing file /home/airflow/.local/lib/python3.12/site-packages/airflow/example_dags/example_sla_dag.py for tasks to queue
[2024-10-28T00:21:25.330+0000] {logging_mixin.py:190} INFO - [2024-10-28T00:21:25.329+0000] {dagbag.py:588} INFO - Filling up the DagBag from /home/airflow/.local/lib/python3.12/site-packages/airflow/example_dags/example_sla_dag.py
[2024-10-28T00:21:25.340+0000] {processor.py:925} INFO - DAG(s) 'example_sla_dag' retrieved from /home/airflow/.local/lib/python3.12/site-packages/airflow/example_dags/example_sla_dag.py
[2024-10-28T00:21:25.364+0000] {logging_mixin.py:190} INFO - [2024-10-28T00:21:25.364+0000] {dag.py:3239} INFO - Sync 1 DAGs
[2024-10-28T00:21:25.391+0000] {logging_mixin.py:190} INFO - [2024-10-28T00:21:25.391+0000] {dag.py:4180} INFO - Setting next_dagrun for example_sla_dag to 2024-10-28 00:18:00+00:00, run_after=2024-10-28 00:20:00+00:00
[2024-10-28T00:21:25.410+0000] {processor.py:208} INFO - Processing /home/airflow/.local/lib/python3.12/site-packages/airflow/example_dags/example_sla_dag.py took 0.090 seconds
[2024-10-28T00:21:55.870+0000] {processor.py:186} INFO - Started process (PID=48332) to work on /home/airflow/.local/lib/python3.12/site-packages/airflow/example_dags/example_sla_dag.py
[2024-10-28T00:21:55.871+0000] {processor.py:914} INFO - Processing file /home/airflow/.local/lib/python3.12/site-packages/airflow/example_dags/example_sla_dag.py for tasks to queue
[2024-10-28T00:21:55.873+0000] {logging_mixin.py:190} INFO - [2024-10-28T00:21:55.873+0000] {dagbag.py:588} INFO - Filling up the DagBag from /home/airflow/.local/lib/python3.12/site-packages/airflow/example_dags/example_sla_dag.py
[2024-10-28T00:21:55.884+0000] {processor.py:925} INFO - DAG(s) 'example_sla_dag' retrieved from /home/airflow/.local/lib/python3.12/site-packages/airflow/example_dags/example_sla_dag.py
[2024-10-28T00:21:55.904+0000] {logging_mixin.py:190} INFO - [2024-10-28T00:21:55.904+0000] {dag.py:3239} INFO - Sync 1 DAGs
[2024-10-28T00:21:55.930+0000] {logging_mixin.py:190} INFO - [2024-10-28T00:21:55.930+0000] {dag.py:4180} INFO - Setting next_dagrun for example_sla_dag to 2024-10-28 00:18:00+00:00, run_after=2024-10-28 00:20:00+00:00
[2024-10-28T00:21:55.951+0000] {processor.py:208} INFO - Processing /home/airflow/.local/lib/python3.12/site-packages/airflow/example_dags/example_sla_dag.py took 0.087 seconds
[2024-10-28T00:22:26.687+0000] {processor.py:186} INFO - Started process (PID=48406) to work on /home/airflow/.local/lib/python3.12/site-packages/airflow/example_dags/example_sla_dag.py
[2024-10-28T00:22:26.688+0000] {processor.py:914} INFO - Processing file /home/airflow/.local/lib/python3.12/site-packages/airflow/example_dags/example_sla_dag.py for tasks to queue
[2024-10-28T00:22:26.690+0000] {logging_mixin.py:190} INFO - [2024-10-28T00:22:26.689+0000] {dagbag.py:588} INFO - Filling up the DagBag from /home/airflow/.local/lib/python3.12/site-packages/airflow/example_dags/example_sla_dag.py
[2024-10-28T00:22:26.699+0000] {processor.py:925} INFO - DAG(s) 'example_sla_dag' retrieved from /home/airflow/.local/lib/python3.12/site-packages/airflow/example_dags/example_sla_dag.py
[2024-10-28T00:22:26.719+0000] {logging_mixin.py:190} INFO - [2024-10-28T00:22:26.718+0000] {dag.py:3239} INFO - Sync 1 DAGs
[2024-10-28T00:22:26.773+0000] {logging_mixin.py:190} INFO - [2024-10-28T00:22:26.773+0000] {dag.py:4180} INFO - Setting next_dagrun for example_sla_dag to 2024-10-28 00:20:00+00:00, run_after=2024-10-28 00:22:00+00:00
[2024-10-28T00:22:26.803+0000] {processor.py:208} INFO - Processing /home/airflow/.local/lib/python3.12/site-packages/airflow/example_dags/example_sla_dag.py took 0.122 seconds
[2024-10-28T00:22:57.280+0000] {processor.py:186} INFO - Started process (PID=48480) to work on /home/airflow/.local/lib/python3.12/site-packages/airflow/example_dags/example_sla_dag.py
[2024-10-28T00:22:57.281+0000] {processor.py:914} INFO - Processing file /home/airflow/.local/lib/python3.12/site-packages/airflow/example_dags/example_sla_dag.py for tasks to queue
[2024-10-28T00:22:57.282+0000] {logging_mixin.py:190} INFO - [2024-10-28T00:22:57.282+0000] {dagbag.py:588} INFO - Filling up the DagBag from /home/airflow/.local/lib/python3.12/site-packages/airflow/example_dags/example_sla_dag.py
[2024-10-28T00:22:57.293+0000] {processor.py:925} INFO - DAG(s) 'example_sla_dag' retrieved from /home/airflow/.local/lib/python3.12/site-packages/airflow/example_dags/example_sla_dag.py
[2024-10-28T00:22:57.319+0000] {logging_mixin.py:190} INFO - [2024-10-28T00:22:57.318+0000] {dag.py:3239} INFO - Sync 1 DAGs
[2024-10-28T00:22:57.361+0000] {logging_mixin.py:190} INFO - [2024-10-28T00:22:57.361+0000] {dag.py:4180} INFO - Setting next_dagrun for example_sla_dag to 2024-10-28 00:20:00+00:00, run_after=2024-10-28 00:22:00+00:00
[2024-10-28T00:22:57.393+0000] {processor.py:208} INFO - Processing /home/airflow/.local/lib/python3.12/site-packages/airflow/example_dags/example_sla_dag.py took 0.119 seconds
[2024-10-28T00:23:27.763+0000] {processor.py:186} INFO - Started process (PID=48554) to work on /home/airflow/.local/lib/python3.12/site-packages/airflow/example_dags/example_sla_dag.py
[2024-10-28T00:23:27.764+0000] {processor.py:914} INFO - Processing file /home/airflow/.local/lib/python3.12/site-packages/airflow/example_dags/example_sla_dag.py for tasks to queue
[2024-10-28T00:23:27.766+0000] {logging_mixin.py:190} INFO - [2024-10-28T00:23:27.766+0000] {dagbag.py:588} INFO - Filling up the DagBag from /home/airflow/.local/lib/python3.12/site-packages/airflow/example_dags/example_sla_dag.py
[2024-10-28T00:23:27.775+0000] {processor.py:925} INFO - DAG(s) 'example_sla_dag' retrieved from /home/airflow/.local/lib/python3.12/site-packages/airflow/example_dags/example_sla_dag.py
[2024-10-28T00:23:27.794+0000] {logging_mixin.py:190} INFO - [2024-10-28T00:23:27.794+0000] {dag.py:3239} INFO - Sync 1 DAGs
[2024-10-28T00:23:27.820+0000] {logging_mixin.py:190} INFO - [2024-10-28T00:23:27.820+0000] {dag.py:4180} INFO - Setting next_dagrun for example_sla_dag to 2024-10-28 00:20:00+00:00, run_after=2024-10-28 00:22:00+00:00
[2024-10-28T00:23:27.837+0000] {processor.py:208} INFO - Processing /home/airflow/.local/lib/python3.12/site-packages/airflow/example_dags/example_sla_dag.py took 0.080 seconds
[2024-10-28T00:23:58.717+0000] {processor.py:186} INFO - Started process (PID=48628) to work on /home/airflow/.local/lib/python3.12/site-packages/airflow/example_dags/example_sla_dag.py
[2024-10-28T00:23:58.718+0000] {processor.py:914} INFO - Processing file /home/airflow/.local/lib/python3.12/site-packages/airflow/example_dags/example_sla_dag.py for tasks to queue
[2024-10-28T00:23:58.720+0000] {logging_mixin.py:190} INFO - [2024-10-28T00:23:58.719+0000] {dagbag.py:588} INFO - Filling up the DagBag from /home/airflow/.local/lib/python3.12/site-packages/airflow/example_dags/example_sla_dag.py
[2024-10-28T00:23:58.733+0000] {processor.py:925} INFO - DAG(s) 'example_sla_dag' retrieved from /home/airflow/.local/lib/python3.12/site-packages/airflow/example_dags/example_sla_dag.py
[2024-10-28T00:23:58.759+0000] {logging_mixin.py:190} INFO - [2024-10-28T00:23:58.758+0000] {dag.py:3239} INFO - Sync 1 DAGs
[2024-10-28T00:23:58.798+0000] {logging_mixin.py:190} INFO - [2024-10-28T00:23:58.797+0000] {dag.py:4180} INFO - Setting next_dagrun for example_sla_dag to 2024-10-28 00:20:00+00:00, run_after=2024-10-28 00:22:00+00:00
[2024-10-28T00:23:58.817+0000] {processor.py:208} INFO - Processing /home/airflow/.local/lib/python3.12/site-packages/airflow/example_dags/example_sla_dag.py took 0.107 seconds
[2024-10-28T00:24:28.961+0000] {processor.py:186} INFO - Started process (PID=48702) to work on /home/airflow/.local/lib/python3.12/site-packages/airflow/example_dags/example_sla_dag.py
[2024-10-28T00:24:28.962+0000] {processor.py:914} INFO - Processing file /home/airflow/.local/lib/python3.12/site-packages/airflow/example_dags/example_sla_dag.py for tasks to queue
[2024-10-28T00:24:28.964+0000] {logging_mixin.py:190} INFO - [2024-10-28T00:24:28.963+0000] {dagbag.py:588} INFO - Filling up the DagBag from /home/airflow/.local/lib/python3.12/site-packages/airflow/example_dags/example_sla_dag.py
[2024-10-28T00:24:28.973+0000] {processor.py:925} INFO - DAG(s) 'example_sla_dag' retrieved from /home/airflow/.local/lib/python3.12/site-packages/airflow/example_dags/example_sla_dag.py
[2024-10-28T00:24:28.991+0000] {logging_mixin.py:190} INFO - [2024-10-28T00:24:28.991+0000] {dag.py:3239} INFO - Sync 1 DAGs
[2024-10-28T00:24:29.014+0000] {logging_mixin.py:190} INFO - [2024-10-28T00:24:29.014+0000] {dag.py:4180} INFO - Setting next_dagrun for example_sla_dag to 2024-10-28 00:22:00+00:00, run_after=2024-10-28 00:24:00+00:00
[2024-10-28T00:24:29.180+0000] {processor.py:208} INFO - Processing /home/airflow/.local/lib/python3.12/site-packages/airflow/example_dags/example_sla_dag.py took 0.224 seconds
[2024-10-28T00:24:59.608+0000] {processor.py:186} INFO - Started process (PID=48776) to work on /home/airflow/.local/lib/python3.12/site-packages/airflow/example_dags/example_sla_dag.py
[2024-10-28T00:24:59.609+0000] {processor.py:914} INFO - Processing file /home/airflow/.local/lib/python3.12/site-packages/airflow/example_dags/example_sla_dag.py for tasks to queue
[2024-10-28T00:24:59.611+0000] {logging_mixin.py:190} INFO - [2024-10-28T00:24:59.610+0000] {dagbag.py:588} INFO - Filling up the DagBag from /home/airflow/.local/lib/python3.12/site-packages/airflow/example_dags/example_sla_dag.py
[2024-10-28T00:24:59.621+0000] {processor.py:925} INFO - DAG(s) 'example_sla_dag' retrieved from /home/airflow/.local/lib/python3.12/site-packages/airflow/example_dags/example_sla_dag.py
[2024-10-28T00:24:59.643+0000] {logging_mixin.py:190} INFO - [2024-10-28T00:24:59.643+0000] {dag.py:3239} INFO - Sync 1 DAGs
[2024-10-28T00:24:59.672+0000] {logging_mixin.py:190} INFO - [2024-10-28T00:24:59.672+0000] {dag.py:4180} INFO - Setting next_dagrun for example_sla_dag to 2024-10-28 00:22:00+00:00, run_after=2024-10-28 00:24:00+00:00
[2024-10-28T00:24:59.854+0000] {processor.py:208} INFO - Processing /home/airflow/.local/lib/python3.12/site-packages/airflow/example_dags/example_sla_dag.py took 0.251 seconds
[2024-10-28T00:25:29.933+0000] {processor.py:186} INFO - Started process (PID=48850) to work on /home/airflow/.local/lib/python3.12/site-packages/airflow/example_dags/example_sla_dag.py
[2024-10-28T00:25:29.934+0000] {processor.py:914} INFO - Processing file /home/airflow/.local/lib/python3.12/site-packages/airflow/example_dags/example_sla_dag.py for tasks to queue
[2024-10-28T00:25:29.936+0000] {logging_mixin.py:190} INFO - [2024-10-28T00:25:29.935+0000] {dagbag.py:588} INFO - Filling up the DagBag from /home/airflow/.local/lib/python3.12/site-packages/airflow/example_dags/example_sla_dag.py
[2024-10-28T00:25:29.945+0000] {processor.py:925} INFO - DAG(s) 'example_sla_dag' retrieved from /home/airflow/.local/lib/python3.12/site-packages/airflow/example_dags/example_sla_dag.py
[2024-10-28T00:25:29.962+0000] {logging_mixin.py:190} INFO - [2024-10-28T00:25:29.962+0000] {dag.py:3239} INFO - Sync 1 DAGs
[2024-10-28T00:25:29.986+0000] {logging_mixin.py:190} INFO - [2024-10-28T00:25:29.986+0000] {dag.py:4180} INFO - Setting next_dagrun for example_sla_dag to 2024-10-28 00:22:00+00:00, run_after=2024-10-28 00:24:00+00:00
[2024-10-28T00:25:30.144+0000] {processor.py:208} INFO - Processing /home/airflow/.local/lib/python3.12/site-packages/airflow/example_dags/example_sla_dag.py took 0.217 seconds
[2024-10-28T00:26:00.520+0000] {processor.py:186} INFO - Started process (PID=48924) to work on /home/airflow/.local/lib/python3.12/site-packages/airflow/example_dags/example_sla_dag.py
[2024-10-28T00:26:00.521+0000] {processor.py:914} INFO - Processing file /home/airflow/.local/lib/python3.12/site-packages/airflow/example_dags/example_sla_dag.py for tasks to queue
[2024-10-28T00:26:00.523+0000] {logging_mixin.py:190} INFO - [2024-10-28T00:26:00.523+0000] {dagbag.py:588} INFO - Filling up the DagBag from /home/airflow/.local/lib/python3.12/site-packages/airflow/example_dags/example_sla_dag.py
[2024-10-28T00:26:00.533+0000] {processor.py:925} INFO - DAG(s) 'example_sla_dag' retrieved from /home/airflow/.local/lib/python3.12/site-packages/airflow/example_dags/example_sla_dag.py
[2024-10-28T00:26:00.556+0000] {logging_mixin.py:190} INFO - [2024-10-28T00:26:00.556+0000] {dag.py:3239} INFO - Sync 1 DAGs
[2024-10-28T00:26:00.582+0000] {logging_mixin.py:190} INFO - [2024-10-28T00:26:00.582+0000] {dag.py:4180} INFO - Setting next_dagrun for example_sla_dag to 2024-10-28 00:24:00+00:00, run_after=2024-10-28 00:26:00+00:00
[2024-10-28T00:26:00.755+0000] {processor.py:208} INFO - Processing /home/airflow/.local/lib/python3.12/site-packages/airflow/example_dags/example_sla_dag.py took 0.240 seconds
[2024-10-28T00:26:31.084+0000] {processor.py:186} INFO - Started process (PID=48998) to work on /home/airflow/.local/lib/python3.12/site-packages/airflow/example_dags/example_sla_dag.py
[2024-10-28T00:26:31.085+0000] {processor.py:914} INFO - Processing file /home/airflow/.local/lib/python3.12/site-packages/airflow/example_dags/example_sla_dag.py for tasks to queue
[2024-10-28T00:26:31.087+0000] {logging_mixin.py:190} INFO - [2024-10-28T00:26:31.086+0000] {dagbag.py:588} INFO - Filling up the DagBag from /home/airflow/.local/lib/python3.12/site-packages/airflow/example_dags/example_sla_dag.py
[2024-10-28T00:26:31.096+0000] {processor.py:925} INFO - DAG(s) 'example_sla_dag' retrieved from /home/airflow/.local/lib/python3.12/site-packages/airflow/example_dags/example_sla_dag.py
[2024-10-28T00:26:31.115+0000] {logging_mixin.py:190} INFO - [2024-10-28T00:26:31.115+0000] {dag.py:3239} INFO - Sync 1 DAGs
[2024-10-28T00:26:31.139+0000] {logging_mixin.py:190} INFO - [2024-10-28T00:26:31.139+0000] {dag.py:4180} INFO - Setting next_dagrun for example_sla_dag to 2024-10-28 00:24:00+00:00, run_after=2024-10-28 00:26:00+00:00
[2024-10-28T00:26:31.157+0000] {processor.py:208} INFO - Processing /home/airflow/.local/lib/python3.12/site-packages/airflow/example_dags/example_sla_dag.py took 0.078 seconds
[2024-10-28T00:27:01.452+0000] {processor.py:186} INFO - Started process (PID=49072) to work on /home/airflow/.local/lib/python3.12/site-packages/airflow/example_dags/example_sla_dag.py
[2024-10-28T00:27:01.453+0000] {processor.py:914} INFO - Processing file /home/airflow/.local/lib/python3.12/site-packages/airflow/example_dags/example_sla_dag.py for tasks to queue
[2024-10-28T00:27:01.455+0000] {logging_mixin.py:190} INFO - [2024-10-28T00:27:01.455+0000] {dagbag.py:588} INFO - Filling up the DagBag from /home/airflow/.local/lib/python3.12/site-packages/airflow/example_dags/example_sla_dag.py
[2024-10-28T00:27:01.466+0000] {processor.py:925} INFO - DAG(s) 'example_sla_dag' retrieved from /home/airflow/.local/lib/python3.12/site-packages/airflow/example_dags/example_sla_dag.py
[2024-10-28T00:27:01.488+0000] {logging_mixin.py:190} INFO - [2024-10-28T00:27:01.487+0000] {dag.py:3239} INFO - Sync 1 DAGs
[2024-10-28T00:27:01.517+0000] {logging_mixin.py:190} INFO - [2024-10-28T00:27:01.517+0000] {dag.py:4180} INFO - Setting next_dagrun for example_sla_dag to 2024-10-28 00:24:00+00:00, run_after=2024-10-28 00:26:00+00:00
[2024-10-28T00:27:01.538+0000] {processor.py:208} INFO - Processing /home/airflow/.local/lib/python3.12/site-packages/airflow/example_dags/example_sla_dag.py took 0.093 seconds
[2024-10-28T00:27:32.356+0000] {processor.py:186} INFO - Started process (PID=49146) to work on /home/airflow/.local/lib/python3.12/site-packages/airflow/example_dags/example_sla_dag.py
[2024-10-28T00:27:32.357+0000] {processor.py:914} INFO - Processing file /home/airflow/.local/lib/python3.12/site-packages/airflow/example_dags/example_sla_dag.py for tasks to queue
[2024-10-28T00:27:32.358+0000] {logging_mixin.py:190} INFO - [2024-10-28T00:27:32.358+0000] {dagbag.py:588} INFO - Filling up the DagBag from /home/airflow/.local/lib/python3.12/site-packages/airflow/example_dags/example_sla_dag.py
[2024-10-28T00:27:32.368+0000] {processor.py:925} INFO - DAG(s) 'example_sla_dag' retrieved from /home/airflow/.local/lib/python3.12/site-packages/airflow/example_dags/example_sla_dag.py
[2024-10-28T00:27:32.387+0000] {logging_mixin.py:190} INFO - [2024-10-28T00:27:32.387+0000] {dag.py:3239} INFO - Sync 1 DAGs
[2024-10-28T00:27:32.412+0000] {logging_mixin.py:190} INFO - [2024-10-28T00:27:32.412+0000] {dag.py:4180} INFO - Setting next_dagrun for example_sla_dag to 2024-10-28 00:24:00+00:00, run_after=2024-10-28 00:26:00+00:00
[2024-10-28T00:27:32.431+0000] {processor.py:208} INFO - Processing /home/airflow/.local/lib/python3.12/site-packages/airflow/example_dags/example_sla_dag.py took 0.081 seconds
[2024-10-28T00:28:03.272+0000] {processor.py:186} INFO - Started process (PID=49220) to work on /home/airflow/.local/lib/python3.12/site-packages/airflow/example_dags/example_sla_dag.py
[2024-10-28T00:28:03.273+0000] {processor.py:914} INFO - Processing file /home/airflow/.local/lib/python3.12/site-packages/airflow/example_dags/example_sla_dag.py for tasks to queue
[2024-10-28T00:28:03.275+0000] {logging_mixin.py:190} INFO - [2024-10-28T00:28:03.274+0000] {dagbag.py:588} INFO - Filling up the DagBag from /home/airflow/.local/lib/python3.12/site-packages/airflow/example_dags/example_sla_dag.py
[2024-10-28T00:28:03.284+0000] {processor.py:925} INFO - DAG(s) 'example_sla_dag' retrieved from /home/airflow/.local/lib/python3.12/site-packages/airflow/example_dags/example_sla_dag.py
[2024-10-28T00:28:03.302+0000] {logging_mixin.py:190} INFO - [2024-10-28T00:28:03.302+0000] {dag.py:3239} INFO - Sync 1 DAGs
[2024-10-28T00:28:03.327+0000] {logging_mixin.py:190} INFO - [2024-10-28T00:28:03.326+0000] {dag.py:4180} INFO - Setting next_dagrun for example_sla_dag to 2024-10-28 00:26:00+00:00, run_after=2024-10-28 00:28:00+00:00
[2024-10-28T00:28:03.347+0000] {processor.py:208} INFO - Processing /home/airflow/.local/lib/python3.12/site-packages/airflow/example_dags/example_sla_dag.py took 0.081 seconds
[2024-10-28T00:28:33.828+0000] {processor.py:186} INFO - Started process (PID=49294) to work on /home/airflow/.local/lib/python3.12/site-packages/airflow/example_dags/example_sla_dag.py
[2024-10-28T00:28:33.829+0000] {processor.py:914} INFO - Processing file /home/airflow/.local/lib/python3.12/site-packages/airflow/example_dags/example_sla_dag.py for tasks to queue
[2024-10-28T00:28:33.831+0000] {logging_mixin.py:190} INFO - [2024-10-28T00:28:33.831+0000] {dagbag.py:588} INFO - Filling up the DagBag from /home/airflow/.local/lib/python3.12/site-packages/airflow/example_dags/example_sla_dag.py
[2024-10-28T00:28:33.843+0000] {processor.py:925} INFO - DAG(s) 'example_sla_dag' retrieved from /home/airflow/.local/lib/python3.12/site-packages/airflow/example_dags/example_sla_dag.py
[2024-10-28T00:28:33.865+0000] {logging_mixin.py:190} INFO - [2024-10-28T00:28:33.865+0000] {dag.py:3239} INFO - Sync 1 DAGs
[2024-10-28T00:28:33.898+0000] {logging_mixin.py:190} INFO - [2024-10-28T00:28:33.897+0000] {dag.py:4180} INFO - Setting next_dagrun for example_sla_dag to 2024-10-28 00:26:00+00:00, run_after=2024-10-28 00:28:00+00:00
[2024-10-28T00:28:33.923+0000] {processor.py:208} INFO - Processing /home/airflow/.local/lib/python3.12/site-packages/airflow/example_dags/example_sla_dag.py took 0.102 seconds
[2024-10-28T00:29:04.651+0000] {processor.py:186} INFO - Started process (PID=49368) to work on /home/airflow/.local/lib/python3.12/site-packages/airflow/example_dags/example_sla_dag.py
[2024-10-28T00:29:04.653+0000] {processor.py:914} INFO - Processing file /home/airflow/.local/lib/python3.12/site-packages/airflow/example_dags/example_sla_dag.py for tasks to queue
[2024-10-28T00:29:04.654+0000] {logging_mixin.py:190} INFO - [2024-10-28T00:29:04.654+0000] {dagbag.py:588} INFO - Filling up the DagBag from /home/airflow/.local/lib/python3.12/site-packages/airflow/example_dags/example_sla_dag.py
[2024-10-28T00:29:04.664+0000] {processor.py:925} INFO - DAG(s) 'example_sla_dag' retrieved from /home/airflow/.local/lib/python3.12/site-packages/airflow/example_dags/example_sla_dag.py
[2024-10-28T00:29:04.686+0000] {logging_mixin.py:190} INFO - [2024-10-28T00:29:04.686+0000] {dag.py:3239} INFO - Sync 1 DAGs
[2024-10-28T00:29:04.713+0000] {logging_mixin.py:190} INFO - [2024-10-28T00:29:04.713+0000] {dag.py:4180} INFO - Setting next_dagrun for example_sla_dag to 2024-10-28 00:26:00+00:00, run_after=2024-10-28 00:28:00+00:00
[2024-10-28T00:29:04.739+0000] {processor.py:208} INFO - Processing /home/airflow/.local/lib/python3.12/site-packages/airflow/example_dags/example_sla_dag.py took 0.095 seconds
[2024-10-28T00:29:35.691+0000] {processor.py:186} INFO - Started process (PID=49442) to work on /home/airflow/.local/lib/python3.12/site-packages/airflow/example_dags/example_sla_dag.py
[2024-10-28T00:29:35.692+0000] {processor.py:914} INFO - Processing file /home/airflow/.local/lib/python3.12/site-packages/airflow/example_dags/example_sla_dag.py for tasks to queue
[2024-10-28T00:29:35.693+0000] {logging_mixin.py:190} INFO - [2024-10-28T00:29:35.693+0000] {dagbag.py:588} INFO - Filling up the DagBag from /home/airflow/.local/lib/python3.12/site-packages/airflow/example_dags/example_sla_dag.py
[2024-10-28T00:29:35.703+0000] {processor.py:925} INFO - DAG(s) 'example_sla_dag' retrieved from /home/airflow/.local/lib/python3.12/site-packages/airflow/example_dags/example_sla_dag.py
[2024-10-28T00:29:35.721+0000] {logging_mixin.py:190} INFO - [2024-10-28T00:29:35.720+0000] {dag.py:3239} INFO - Sync 1 DAGs
[2024-10-28T00:29:35.745+0000] {logging_mixin.py:190} INFO - [2024-10-28T00:29:35.745+0000] {dag.py:4180} INFO - Setting next_dagrun for example_sla_dag to 2024-10-28 00:26:00+00:00, run_after=2024-10-28 00:28:00+00:00
[2024-10-28T00:29:35.766+0000] {processor.py:208} INFO - Processing /home/airflow/.local/lib/python3.12/site-packages/airflow/example_dags/example_sla_dag.py took 0.080 seconds
[2024-10-28T00:30:06.494+0000] {processor.py:186} INFO - Started process (PID=49516) to work on /home/airflow/.local/lib/python3.12/site-packages/airflow/example_dags/example_sla_dag.py
[2024-10-28T00:30:06.495+0000] {processor.py:914} INFO - Processing file /home/airflow/.local/lib/python3.12/site-packages/airflow/example_dags/example_sla_dag.py for tasks to queue
[2024-10-28T00:30:06.497+0000] {logging_mixin.py:190} INFO - [2024-10-28T00:30:06.497+0000] {dagbag.py:588} INFO - Filling up the DagBag from /home/airflow/.local/lib/python3.12/site-packages/airflow/example_dags/example_sla_dag.py
[2024-10-28T00:30:06.513+0000] {processor.py:925} INFO - DAG(s) 'example_sla_dag' retrieved from /home/airflow/.local/lib/python3.12/site-packages/airflow/example_dags/example_sla_dag.py
[2024-10-28T00:30:06.539+0000] {logging_mixin.py:190} INFO - [2024-10-28T00:30:06.539+0000] {dag.py:3239} INFO - Sync 1 DAGs
[2024-10-28T00:30:06.574+0000] {logging_mixin.py:190} INFO - [2024-10-28T00:30:06.573+0000] {dag.py:4180} INFO - Setting next_dagrun for example_sla_dag to 2024-10-28 00:28:00+00:00, run_after=2024-10-28 00:30:00+00:00
[2024-10-28T00:30:06.595+0000] {processor.py:208} INFO - Processing /home/airflow/.local/lib/python3.12/site-packages/airflow/example_dags/example_sla_dag.py took 0.107 seconds
[2024-10-28T00:30:37.475+0000] {processor.py:186} INFO - Started process (PID=49590) to work on /home/airflow/.local/lib/python3.12/site-packages/airflow/example_dags/example_sla_dag.py
[2024-10-28T00:30:37.476+0000] {processor.py:914} INFO - Processing file /home/airflow/.local/lib/python3.12/site-packages/airflow/example_dags/example_sla_dag.py for tasks to queue
[2024-10-28T00:30:37.477+0000] {logging_mixin.py:190} INFO - [2024-10-28T00:30:37.477+0000] {dagbag.py:588} INFO - Filling up the DagBag from /home/airflow/.local/lib/python3.12/site-packages/airflow/example_dags/example_sla_dag.py
[2024-10-28T00:30:37.487+0000] {processor.py:925} INFO - DAG(s) 'example_sla_dag' retrieved from /home/airflow/.local/lib/python3.12/site-packages/airflow/example_dags/example_sla_dag.py
[2024-10-28T00:30:37.507+0000] {logging_mixin.py:190} INFO - [2024-10-28T00:30:37.506+0000] {dag.py:3239} INFO - Sync 1 DAGs
[2024-10-28T00:30:37.532+0000] {logging_mixin.py:190} INFO - [2024-10-28T00:30:37.532+0000] {dag.py:4180} INFO - Setting next_dagrun for example_sla_dag to 2024-10-28 00:28:00+00:00, run_after=2024-10-28 00:30:00+00:00
[2024-10-28T00:30:37.551+0000] {processor.py:208} INFO - Processing /home/airflow/.local/lib/python3.12/site-packages/airflow/example_dags/example_sla_dag.py took 0.082 seconds
[2024-10-28T00:31:08.222+0000] {processor.py:186} INFO - Started process (PID=49664) to work on /home/airflow/.local/lib/python3.12/site-packages/airflow/example_dags/example_sla_dag.py
[2024-10-28T00:31:08.223+0000] {processor.py:914} INFO - Processing file /home/airflow/.local/lib/python3.12/site-packages/airflow/example_dags/example_sla_dag.py for tasks to queue
[2024-10-28T00:31:08.225+0000] {logging_mixin.py:190} INFO - [2024-10-28T00:31:08.225+0000] {dagbag.py:588} INFO - Filling up the DagBag from /home/airflow/.local/lib/python3.12/site-packages/airflow/example_dags/example_sla_dag.py
[2024-10-28T00:31:08.236+0000] {processor.py:925} INFO - DAG(s) 'example_sla_dag' retrieved from /home/airflow/.local/lib/python3.12/site-packages/airflow/example_dags/example_sla_dag.py
[2024-10-28T00:31:08.262+0000] {logging_mixin.py:190} INFO - [2024-10-28T00:31:08.261+0000] {dag.py:3239} INFO - Sync 1 DAGs
[2024-10-28T00:31:08.292+0000] {logging_mixin.py:190} INFO - [2024-10-28T00:31:08.292+0000] {dag.py:4180} INFO - Setting next_dagrun for example_sla_dag to 2024-10-28 00:28:00+00:00, run_after=2024-10-28 00:30:00+00:00
[2024-10-28T00:31:08.311+0000] {processor.py:208} INFO - Processing /home/airflow/.local/lib/python3.12/site-packages/airflow/example_dags/example_sla_dag.py took 0.094 seconds
[2024-10-28T00:31:39.313+0000] {processor.py:186} INFO - Started process (PID=49744) to work on /home/airflow/.local/lib/python3.12/site-packages/airflow/example_dags/example_sla_dag.py
[2024-10-28T00:31:39.314+0000] {processor.py:914} INFO - Processing file /home/airflow/.local/lib/python3.12/site-packages/airflow/example_dags/example_sla_dag.py for tasks to queue
[2024-10-28T00:31:39.316+0000] {logging_mixin.py:190} INFO - [2024-10-28T00:31:39.315+0000] {dagbag.py:588} INFO - Filling up the DagBag from /home/airflow/.local/lib/python3.12/site-packages/airflow/example_dags/example_sla_dag.py
[2024-10-28T00:31:39.325+0000] {processor.py:925} INFO - DAG(s) 'example_sla_dag' retrieved from /home/airflow/.local/lib/python3.12/site-packages/airflow/example_dags/example_sla_dag.py
[2024-10-28T00:31:39.344+0000] {logging_mixin.py:190} INFO - [2024-10-28T00:31:39.344+0000] {dag.py:3239} INFO - Sync 1 DAGs
[2024-10-28T00:31:39.368+0000] {logging_mixin.py:190} INFO - [2024-10-28T00:31:39.367+0000] {dag.py:4180} INFO - Setting next_dagrun for example_sla_dag to 2024-10-28 00:28:00+00:00, run_after=2024-10-28 00:30:00+00:00
[2024-10-28T00:31:39.386+0000] {processor.py:208} INFO - Processing /home/airflow/.local/lib/python3.12/site-packages/airflow/example_dags/example_sla_dag.py took 0.078 seconds
[2024-10-28T00:32:10.137+0000] {processor.py:186} INFO - Started process (PID=49818) to work on /home/airflow/.local/lib/python3.12/site-packages/airflow/example_dags/example_sla_dag.py
[2024-10-28T00:32:10.138+0000] {processor.py:914} INFO - Processing file /home/airflow/.local/lib/python3.12/site-packages/airflow/example_dags/example_sla_dag.py for tasks to queue
[2024-10-28T00:32:10.140+0000] {logging_mixin.py:190} INFO - [2024-10-28T00:32:10.140+0000] {dagbag.py:588} INFO - Filling up the DagBag from /home/airflow/.local/lib/python3.12/site-packages/airflow/example_dags/example_sla_dag.py
[2024-10-28T00:32:10.149+0000] {processor.py:925} INFO - DAG(s) 'example_sla_dag' retrieved from /home/airflow/.local/lib/python3.12/site-packages/airflow/example_dags/example_sla_dag.py
[2024-10-28T00:32:10.169+0000] {logging_mixin.py:190} INFO - [2024-10-28T00:32:10.168+0000] {dag.py:3239} INFO - Sync 1 DAGs
[2024-10-28T00:32:10.193+0000] {logging_mixin.py:190} INFO - [2024-10-28T00:32:10.193+0000] {dag.py:4180} INFO - Setting next_dagrun for example_sla_dag to 2024-10-28 00:30:00+00:00, run_after=2024-10-28 00:32:00+00:00
[2024-10-28T00:32:10.213+0000] {processor.py:208} INFO - Processing /home/airflow/.local/lib/python3.12/site-packages/airflow/example_dags/example_sla_dag.py took 0.082 seconds
[2024-10-28T00:32:41.023+0000] {processor.py:186} INFO - Started process (PID=49892) to work on /home/airflow/.local/lib/python3.12/site-packages/airflow/example_dags/example_sla_dag.py
[2024-10-28T00:32:41.024+0000] {processor.py:914} INFO - Processing file /home/airflow/.local/lib/python3.12/site-packages/airflow/example_dags/example_sla_dag.py for tasks to queue
[2024-10-28T00:32:41.026+0000] {logging_mixin.py:190} INFO - [2024-10-28T00:32:41.025+0000] {dagbag.py:588} INFO - Filling up the DagBag from /home/airflow/.local/lib/python3.12/site-packages/airflow/example_dags/example_sla_dag.py
[2024-10-28T00:32:41.035+0000] {processor.py:925} INFO - DAG(s) 'example_sla_dag' retrieved from /home/airflow/.local/lib/python3.12/site-packages/airflow/example_dags/example_sla_dag.py
[2024-10-28T00:32:41.054+0000] {logging_mixin.py:190} INFO - [2024-10-28T00:32:41.053+0000] {dag.py:3239} INFO - Sync 1 DAGs
[2024-10-28T00:32:41.077+0000] {logging_mixin.py:190} INFO - [2024-10-28T00:32:41.077+0000] {dag.py:4180} INFO - Setting next_dagrun for example_sla_dag to 2024-10-28 00:30:00+00:00, run_after=2024-10-28 00:32:00+00:00
[2024-10-28T00:32:41.094+0000] {processor.py:208} INFO - Processing /home/airflow/.local/lib/python3.12/site-packages/airflow/example_dags/example_sla_dag.py took 0.077 seconds
[2024-10-28T00:33:11.901+0000] {processor.py:186} INFO - Started process (PID=49966) to work on /home/airflow/.local/lib/python3.12/site-packages/airflow/example_dags/example_sla_dag.py
[2024-10-28T00:33:11.902+0000] {processor.py:914} INFO - Processing file /home/airflow/.local/lib/python3.12/site-packages/airflow/example_dags/example_sla_dag.py for tasks to queue
[2024-10-28T00:33:11.903+0000] {logging_mixin.py:190} INFO - [2024-10-28T00:33:11.903+0000] {dagbag.py:588} INFO - Filling up the DagBag from /home/airflow/.local/lib/python3.12/site-packages/airflow/example_dags/example_sla_dag.py
[2024-10-28T00:33:11.912+0000] {processor.py:925} INFO - DAG(s) 'example_sla_dag' retrieved from /home/airflow/.local/lib/python3.12/site-packages/airflow/example_dags/example_sla_dag.py
[2024-10-28T00:33:11.931+0000] {logging_mixin.py:190} INFO - [2024-10-28T00:33:11.931+0000] {dag.py:3239} INFO - Sync 1 DAGs
[2024-10-28T00:33:11.955+0000] {logging_mixin.py:190} INFO - [2024-10-28T00:33:11.955+0000] {dag.py:4180} INFO - Setting next_dagrun for example_sla_dag to 2024-10-28 00:30:00+00:00, run_after=2024-10-28 00:32:00+00:00
[2024-10-28T00:33:11.972+0000] {processor.py:208} INFO - Processing /home/airflow/.local/lib/python3.12/site-packages/airflow/example_dags/example_sla_dag.py took 0.078 seconds
[2024-10-28T00:33:42.665+0000] {processor.py:186} INFO - Started process (PID=50040) to work on /home/airflow/.local/lib/python3.12/site-packages/airflow/example_dags/example_sla_dag.py
[2024-10-28T00:33:42.666+0000] {processor.py:914} INFO - Processing file /home/airflow/.local/lib/python3.12/site-packages/airflow/example_dags/example_sla_dag.py for tasks to queue
[2024-10-28T00:33:42.668+0000] {logging_mixin.py:190} INFO - [2024-10-28T00:33:42.668+0000] {dagbag.py:588} INFO - Filling up the DagBag from /home/airflow/.local/lib/python3.12/site-packages/airflow/example_dags/example_sla_dag.py
[2024-10-28T00:33:42.681+0000] {processor.py:925} INFO - DAG(s) 'example_sla_dag' retrieved from /home/airflow/.local/lib/python3.12/site-packages/airflow/example_dags/example_sla_dag.py
[2024-10-28T00:33:42.700+0000] {logging_mixin.py:190} INFO - [2024-10-28T00:33:42.700+0000] {dag.py:3239} INFO - Sync 1 DAGs
[2024-10-28T00:33:42.725+0000] {logging_mixin.py:190} INFO - [2024-10-28T00:33:42.725+0000] {dag.py:4180} INFO - Setting next_dagrun for example_sla_dag to 2024-10-28 00:30:00+00:00, run_after=2024-10-28 00:32:00+00:00
[2024-10-28T00:33:42.744+0000] {processor.py:208} INFO - Processing /home/airflow/.local/lib/python3.12/site-packages/airflow/example_dags/example_sla_dag.py took 0.085 seconds
