[2024-10-28T00:00:25.303+0000] {processor.py:186} INFO - Started process (PID=45214) to work on /home/airflow/.local/lib/python3.12/site-packages/airflow/example_dags/example_latest_only_with_trigger.py
[2024-10-28T00:00:25.305+0000] {processor.py:914} INFO - Processing file /home/airflow/.local/lib/python3.12/site-packages/airflow/example_dags/example_latest_only_with_trigger.py for tasks to queue
[2024-10-28T00:00:25.306+0000] {logging_mixin.py:190} INFO - [2024-10-28T00:00:25.306+0000] {dagbag.py:588} INFO - Filling up the DagBag from /home/airflow/.local/lib/python3.12/site-packages/airflow/example_dags/example_latest_only_with_trigger.py
[2024-10-28T00:00:25.314+0000] {processor.py:925} INFO - DAG(s) 'latest_only_with_trigger' retrieved from /home/airflow/.local/lib/python3.12/site-packages/airflow/example_dags/example_latest_only_with_trigger.py
[2024-10-28T00:00:25.335+0000] {logging_mixin.py:190} INFO - [2024-10-28T00:00:25.334+0000] {dag.py:3239} INFO - Sync 1 DAGs
[2024-10-28T00:00:25.358+0000] {logging_mixin.py:190} INFO - [2024-10-28T00:00:25.358+0000] {dag.py:4180} INFO - Setting next_dagrun for latest_only_with_trigger to 2024-10-27 20:00:00+00:00, run_after=2024-10-28 00:00:00+00:00
[2024-10-28T00:00:25.377+0000] {processor.py:208} INFO - Processing /home/airflow/.local/lib/python3.12/site-packages/airflow/example_dags/example_latest_only_with_trigger.py took 0.079 seconds
[2024-10-28T00:00:55.959+0000] {processor.py:186} INFO - Started process (PID=45288) to work on /home/airflow/.local/lib/python3.12/site-packages/airflow/example_dags/example_latest_only_with_trigger.py
[2024-10-28T00:00:55.960+0000] {processor.py:914} INFO - Processing file /home/airflow/.local/lib/python3.12/site-packages/airflow/example_dags/example_latest_only_with_trigger.py for tasks to queue
[2024-10-28T00:00:55.962+0000] {logging_mixin.py:190} INFO - [2024-10-28T00:00:55.962+0000] {dagbag.py:588} INFO - Filling up the DagBag from /home/airflow/.local/lib/python3.12/site-packages/airflow/example_dags/example_latest_only_with_trigger.py
[2024-10-28T00:00:55.973+0000] {processor.py:925} INFO - DAG(s) 'latest_only_with_trigger' retrieved from /home/airflow/.local/lib/python3.12/site-packages/airflow/example_dags/example_latest_only_with_trigger.py
[2024-10-28T00:00:55.992+0000] {logging_mixin.py:190} INFO - [2024-10-28T00:00:55.992+0000] {dag.py:3239} INFO - Sync 1 DAGs
[2024-10-28T00:00:56.014+0000] {logging_mixin.py:190} INFO - [2024-10-28T00:00:56.014+0000] {dag.py:4180} INFO - Setting next_dagrun for latest_only_with_trigger to 2024-10-27 20:00:00+00:00, run_after=2024-10-28 00:00:00+00:00
[2024-10-28T00:00:56.032+0000] {processor.py:208} INFO - Processing /home/airflow/.local/lib/python3.12/site-packages/airflow/example_dags/example_latest_only_with_trigger.py took 0.078 seconds
[2024-10-28T00:01:27.097+0000] {processor.py:186} INFO - Started process (PID=45362) to work on /home/airflow/.local/lib/python3.12/site-packages/airflow/example_dags/example_latest_only_with_trigger.py
[2024-10-28T00:01:27.098+0000] {processor.py:914} INFO - Processing file /home/airflow/.local/lib/python3.12/site-packages/airflow/example_dags/example_latest_only_with_trigger.py for tasks to queue
[2024-10-28T00:01:27.100+0000] {logging_mixin.py:190} INFO - [2024-10-28T00:01:27.099+0000] {dagbag.py:588} INFO - Filling up the DagBag from /home/airflow/.local/lib/python3.12/site-packages/airflow/example_dags/example_latest_only_with_trigger.py
[2024-10-28T00:01:27.108+0000] {processor.py:925} INFO - DAG(s) 'latest_only_with_trigger' retrieved from /home/airflow/.local/lib/python3.12/site-packages/airflow/example_dags/example_latest_only_with_trigger.py
[2024-10-28T00:01:27.134+0000] {logging_mixin.py:190} INFO - [2024-10-28T00:01:27.134+0000] {dag.py:3239} INFO - Sync 1 DAGs
[2024-10-28T00:01:27.160+0000] {logging_mixin.py:190} INFO - [2024-10-28T00:01:27.159+0000] {dag.py:4180} INFO - Setting next_dagrun for latest_only_with_trigger to 2024-10-27 20:00:00+00:00, run_after=2024-10-28 00:00:00+00:00
[2024-10-28T00:01:27.187+0000] {processor.py:208} INFO - Processing /home/airflow/.local/lib/python3.12/site-packages/airflow/example_dags/example_latest_only_with_trigger.py took 0.097 seconds
[2024-10-28T00:01:57.616+0000] {processor.py:186} INFO - Started process (PID=45424) to work on /home/airflow/.local/lib/python3.12/site-packages/airflow/example_dags/example_latest_only_with_trigger.py
[2024-10-28T00:01:57.617+0000] {processor.py:914} INFO - Processing file /home/airflow/.local/lib/python3.12/site-packages/airflow/example_dags/example_latest_only_with_trigger.py for tasks to queue
[2024-10-28T00:01:57.618+0000] {logging_mixin.py:190} INFO - [2024-10-28T00:01:57.618+0000] {dagbag.py:588} INFO - Filling up the DagBag from /home/airflow/.local/lib/python3.12/site-packages/airflow/example_dags/example_latest_only_with_trigger.py
[2024-10-28T00:01:57.626+0000] {processor.py:925} INFO - DAG(s) 'latest_only_with_trigger' retrieved from /home/airflow/.local/lib/python3.12/site-packages/airflow/example_dags/example_latest_only_with_trigger.py
[2024-10-28T00:01:57.646+0000] {logging_mixin.py:190} INFO - [2024-10-28T00:01:57.646+0000] {dag.py:3239} INFO - Sync 1 DAGs
[2024-10-28T00:01:57.667+0000] {logging_mixin.py:190} INFO - [2024-10-28T00:01:57.666+0000] {dag.py:4180} INFO - Setting next_dagrun for latest_only_with_trigger to 2024-10-27 20:00:00+00:00, run_after=2024-10-28 00:00:00+00:00
[2024-10-28T00:01:57.686+0000] {processor.py:208} INFO - Processing /home/airflow/.local/lib/python3.12/site-packages/airflow/example_dags/example_latest_only_with_trigger.py took 0.076 seconds
[2024-10-28T00:02:27.814+0000] {processor.py:186} INFO - Started process (PID=45498) to work on /home/airflow/.local/lib/python3.12/site-packages/airflow/example_dags/example_latest_only_with_trigger.py
[2024-10-28T00:02:27.815+0000] {processor.py:914} INFO - Processing file /home/airflow/.local/lib/python3.12/site-packages/airflow/example_dags/example_latest_only_with_trigger.py for tasks to queue
[2024-10-28T00:02:27.816+0000] {logging_mixin.py:190} INFO - [2024-10-28T00:02:27.816+0000] {dagbag.py:588} INFO - Filling up the DagBag from /home/airflow/.local/lib/python3.12/site-packages/airflow/example_dags/example_latest_only_with_trigger.py
[2024-10-28T00:02:27.823+0000] {processor.py:925} INFO - DAG(s) 'latest_only_with_trigger' retrieved from /home/airflow/.local/lib/python3.12/site-packages/airflow/example_dags/example_latest_only_with_trigger.py
[2024-10-28T00:02:27.842+0000] {logging_mixin.py:190} INFO - [2024-10-28T00:02:27.842+0000] {dag.py:3239} INFO - Sync 1 DAGs
[2024-10-28T00:02:27.863+0000] {logging_mixin.py:190} INFO - [2024-10-28T00:02:27.863+0000] {dag.py:4180} INFO - Setting next_dagrun for latest_only_with_trigger to 2024-10-27 20:00:00+00:00, run_after=2024-10-28 00:00:00+00:00
[2024-10-28T00:02:27.882+0000] {processor.py:208} INFO - Processing /home/airflow/.local/lib/python3.12/site-packages/airflow/example_dags/example_latest_only_with_trigger.py took 0.074 seconds
[2024-10-28T00:02:58.177+0000] {processor.py:186} INFO - Started process (PID=45572) to work on /home/airflow/.local/lib/python3.12/site-packages/airflow/example_dags/example_latest_only_with_trigger.py
[2024-10-28T00:02:58.178+0000] {processor.py:914} INFO - Processing file /home/airflow/.local/lib/python3.12/site-packages/airflow/example_dags/example_latest_only_with_trigger.py for tasks to queue
[2024-10-28T00:02:58.180+0000] {logging_mixin.py:190} INFO - [2024-10-28T00:02:58.179+0000] {dagbag.py:588} INFO - Filling up the DagBag from /home/airflow/.local/lib/python3.12/site-packages/airflow/example_dags/example_latest_only_with_trigger.py
[2024-10-28T00:02:58.187+0000] {processor.py:925} INFO - DAG(s) 'latest_only_with_trigger' retrieved from /home/airflow/.local/lib/python3.12/site-packages/airflow/example_dags/example_latest_only_with_trigger.py
[2024-10-28T00:02:58.206+0000] {logging_mixin.py:190} INFO - [2024-10-28T00:02:58.206+0000] {dag.py:3239} INFO - Sync 1 DAGs
[2024-10-28T00:02:58.228+0000] {logging_mixin.py:190} INFO - [2024-10-28T00:02:58.228+0000] {dag.py:4180} INFO - Setting next_dagrun for latest_only_with_trigger to 2024-10-27 20:00:00+00:00, run_after=2024-10-28 00:00:00+00:00
[2024-10-28T00:02:58.247+0000] {processor.py:208} INFO - Processing /home/airflow/.local/lib/python3.12/site-packages/airflow/example_dags/example_latest_only_with_trigger.py took 0.075 seconds
[2024-10-28T00:03:28.497+0000] {processor.py:186} INFO - Started process (PID=45646) to work on /home/airflow/.local/lib/python3.12/site-packages/airflow/example_dags/example_latest_only_with_trigger.py
[2024-10-28T00:03:28.498+0000] {processor.py:914} INFO - Processing file /home/airflow/.local/lib/python3.12/site-packages/airflow/example_dags/example_latest_only_with_trigger.py for tasks to queue
[2024-10-28T00:03:28.500+0000] {logging_mixin.py:190} INFO - [2024-10-28T00:03:28.500+0000] {dagbag.py:588} INFO - Filling up the DagBag from /home/airflow/.local/lib/python3.12/site-packages/airflow/example_dags/example_latest_only_with_trigger.py
[2024-10-28T00:03:28.508+0000] {processor.py:925} INFO - DAG(s) 'latest_only_with_trigger' retrieved from /home/airflow/.local/lib/python3.12/site-packages/airflow/example_dags/example_latest_only_with_trigger.py
[2024-10-28T00:03:28.528+0000] {logging_mixin.py:190} INFO - [2024-10-28T00:03:28.528+0000] {dag.py:3239} INFO - Sync 1 DAGs
[2024-10-28T00:03:28.551+0000] {logging_mixin.py:190} INFO - [2024-10-28T00:03:28.550+0000] {dag.py:4180} INFO - Setting next_dagrun for latest_only_with_trigger to 2024-10-27 20:00:00+00:00, run_after=2024-10-28 00:00:00+00:00
[2024-10-28T00:03:28.569+0000] {processor.py:208} INFO - Processing /home/airflow/.local/lib/python3.12/site-packages/airflow/example_dags/example_latest_only_with_trigger.py took 0.079 seconds
[2024-10-28T00:03:58.833+0000] {processor.py:186} INFO - Started process (PID=45720) to work on /home/airflow/.local/lib/python3.12/site-packages/airflow/example_dags/example_latest_only_with_trigger.py
[2024-10-28T00:03:58.834+0000] {processor.py:914} INFO - Processing file /home/airflow/.local/lib/python3.12/site-packages/airflow/example_dags/example_latest_only_with_trigger.py for tasks to queue
[2024-10-28T00:03:58.835+0000] {logging_mixin.py:190} INFO - [2024-10-28T00:03:58.835+0000] {dagbag.py:588} INFO - Filling up the DagBag from /home/airflow/.local/lib/python3.12/site-packages/airflow/example_dags/example_latest_only_with_trigger.py
[2024-10-28T00:03:58.843+0000] {processor.py:925} INFO - DAG(s) 'latest_only_with_trigger' retrieved from /home/airflow/.local/lib/python3.12/site-packages/airflow/example_dags/example_latest_only_with_trigger.py
[2024-10-28T00:03:58.863+0000] {logging_mixin.py:190} INFO - [2024-10-28T00:03:58.863+0000] {dag.py:3239} INFO - Sync 1 DAGs
[2024-10-28T00:03:58.887+0000] {logging_mixin.py:190} INFO - [2024-10-28T00:03:58.886+0000] {dag.py:4180} INFO - Setting next_dagrun for latest_only_with_trigger to 2024-10-27 20:00:00+00:00, run_after=2024-10-28 00:00:00+00:00
[2024-10-28T00:03:58.905+0000] {processor.py:208} INFO - Processing /home/airflow/.local/lib/python3.12/site-packages/airflow/example_dags/example_latest_only_with_trigger.py took 0.078 seconds
[2024-10-28T00:04:28.977+0000] {processor.py:186} INFO - Started process (PID=45793) to work on /home/airflow/.local/lib/python3.12/site-packages/airflow/example_dags/example_latest_only_with_trigger.py
[2024-10-28T00:04:28.978+0000] {processor.py:914} INFO - Processing file /home/airflow/.local/lib/python3.12/site-packages/airflow/example_dags/example_latest_only_with_trigger.py for tasks to queue
[2024-10-28T00:04:28.979+0000] {logging_mixin.py:190} INFO - [2024-10-28T00:04:28.979+0000] {dagbag.py:588} INFO - Filling up the DagBag from /home/airflow/.local/lib/python3.12/site-packages/airflow/example_dags/example_latest_only_with_trigger.py
[2024-10-28T00:04:28.987+0000] {processor.py:925} INFO - DAG(s) 'latest_only_with_trigger' retrieved from /home/airflow/.local/lib/python3.12/site-packages/airflow/example_dags/example_latest_only_with_trigger.py
[2024-10-28T00:04:29.006+0000] {logging_mixin.py:190} INFO - [2024-10-28T00:04:29.006+0000] {dag.py:3239} INFO - Sync 1 DAGs
[2024-10-28T00:04:29.027+0000] {logging_mixin.py:190} INFO - [2024-10-28T00:04:29.026+0000] {dag.py:4180} INFO - Setting next_dagrun for latest_only_with_trigger to 2024-10-27 20:00:00+00:00, run_after=2024-10-28 00:00:00+00:00
[2024-10-28T00:04:29.043+0000] {processor.py:208} INFO - Processing /home/airflow/.local/lib/python3.12/site-packages/airflow/example_dags/example_latest_only_with_trigger.py took 0.072 seconds
[2024-10-28T00:04:59.479+0000] {processor.py:186} INFO - Started process (PID=45867) to work on /home/airflow/.local/lib/python3.12/site-packages/airflow/example_dags/example_latest_only_with_trigger.py
[2024-10-28T00:04:59.480+0000] {processor.py:914} INFO - Processing file /home/airflow/.local/lib/python3.12/site-packages/airflow/example_dags/example_latest_only_with_trigger.py for tasks to queue
[2024-10-28T00:04:59.481+0000] {logging_mixin.py:190} INFO - [2024-10-28T00:04:59.481+0000] {dagbag.py:588} INFO - Filling up the DagBag from /home/airflow/.local/lib/python3.12/site-packages/airflow/example_dags/example_latest_only_with_trigger.py
[2024-10-28T00:04:59.491+0000] {processor.py:925} INFO - DAG(s) 'latest_only_with_trigger' retrieved from /home/airflow/.local/lib/python3.12/site-packages/airflow/example_dags/example_latest_only_with_trigger.py
[2024-10-28T00:04:59.514+0000] {logging_mixin.py:190} INFO - [2024-10-28T00:04:59.514+0000] {dag.py:3239} INFO - Sync 1 DAGs
[2024-10-28T00:04:59.544+0000] {logging_mixin.py:190} INFO - [2024-10-28T00:04:59.544+0000] {dag.py:4180} INFO - Setting next_dagrun for latest_only_with_trigger to 2024-10-27 20:00:00+00:00, run_after=2024-10-28 00:00:00+00:00
[2024-10-28T00:04:59.563+0000] {processor.py:208} INFO - Processing /home/airflow/.local/lib/python3.12/site-packages/airflow/example_dags/example_latest_only_with_trigger.py took 0.090 seconds
[2024-10-28T00:05:29.693+0000] {processor.py:186} INFO - Started process (PID=45941) to work on /home/airflow/.local/lib/python3.12/site-packages/airflow/example_dags/example_latest_only_with_trigger.py
[2024-10-28T00:05:29.695+0000] {processor.py:914} INFO - Processing file /home/airflow/.local/lib/python3.12/site-packages/airflow/example_dags/example_latest_only_with_trigger.py for tasks to queue
[2024-10-28T00:05:29.697+0000] {logging_mixin.py:190} INFO - [2024-10-28T00:05:29.696+0000] {dagbag.py:588} INFO - Filling up the DagBag from /home/airflow/.local/lib/python3.12/site-packages/airflow/example_dags/example_latest_only_with_trigger.py
[2024-10-28T00:05:29.708+0000] {processor.py:925} INFO - DAG(s) 'latest_only_with_trigger' retrieved from /home/airflow/.local/lib/python3.12/site-packages/airflow/example_dags/example_latest_only_with_trigger.py
[2024-10-28T00:05:29.737+0000] {logging_mixin.py:190} INFO - [2024-10-28T00:05:29.737+0000] {dag.py:3239} INFO - Sync 1 DAGs
[2024-10-28T00:05:29.768+0000] {logging_mixin.py:190} INFO - [2024-10-28T00:05:29.768+0000] {dag.py:4180} INFO - Setting next_dagrun for latest_only_with_trigger to 2024-10-27 20:00:00+00:00, run_after=2024-10-28 00:00:00+00:00
[2024-10-28T00:05:29.789+0000] {processor.py:208} INFO - Processing /home/airflow/.local/lib/python3.12/site-packages/airflow/example_dags/example_latest_only_with_trigger.py took 0.103 seconds
[2024-10-28T00:05:59.907+0000] {processor.py:186} INFO - Started process (PID=46014) to work on /home/airflow/.local/lib/python3.12/site-packages/airflow/example_dags/example_latest_only_with_trigger.py
[2024-10-28T00:05:59.908+0000] {processor.py:914} INFO - Processing file /home/airflow/.local/lib/python3.12/site-packages/airflow/example_dags/example_latest_only_with_trigger.py for tasks to queue
[2024-10-28T00:05:59.909+0000] {logging_mixin.py:190} INFO - [2024-10-28T00:05:59.909+0000] {dagbag.py:588} INFO - Filling up the DagBag from /home/airflow/.local/lib/python3.12/site-packages/airflow/example_dags/example_latest_only_with_trigger.py
[2024-10-28T00:05:59.918+0000] {processor.py:925} INFO - DAG(s) 'latest_only_with_trigger' retrieved from /home/airflow/.local/lib/python3.12/site-packages/airflow/example_dags/example_latest_only_with_trigger.py
[2024-10-28T00:05:59.941+0000] {logging_mixin.py:190} INFO - [2024-10-28T00:05:59.941+0000] {dag.py:3239} INFO - Sync 1 DAGs
[2024-10-28T00:05:59.967+0000] {logging_mixin.py:190} INFO - [2024-10-28T00:05:59.966+0000] {dag.py:4180} INFO - Setting next_dagrun for latest_only_with_trigger to 2024-10-27 20:00:00+00:00, run_after=2024-10-28 00:00:00+00:00
[2024-10-28T00:05:59.989+0000] {processor.py:208} INFO - Processing /home/airflow/.local/lib/python3.12/site-packages/airflow/example_dags/example_latest_only_with_trigger.py took 0.088 seconds
[2024-10-28T00:06:30.309+0000] {processor.py:186} INFO - Started process (PID=46088) to work on /home/airflow/.local/lib/python3.12/site-packages/airflow/example_dags/example_latest_only_with_trigger.py
[2024-10-28T00:06:30.311+0000] {processor.py:914} INFO - Processing file /home/airflow/.local/lib/python3.12/site-packages/airflow/example_dags/example_latest_only_with_trigger.py for tasks to queue
[2024-10-28T00:06:30.313+0000] {logging_mixin.py:190} INFO - [2024-10-28T00:06:30.312+0000] {dagbag.py:588} INFO - Filling up the DagBag from /home/airflow/.local/lib/python3.12/site-packages/airflow/example_dags/example_latest_only_with_trigger.py
[2024-10-28T00:06:30.321+0000] {processor.py:925} INFO - DAG(s) 'latest_only_with_trigger' retrieved from /home/airflow/.local/lib/python3.12/site-packages/airflow/example_dags/example_latest_only_with_trigger.py
[2024-10-28T00:06:30.347+0000] {logging_mixin.py:190} INFO - [2024-10-28T00:06:30.346+0000] {dag.py:3239} INFO - Sync 1 DAGs
[2024-10-28T00:06:30.373+0000] {logging_mixin.py:190} INFO - [2024-10-28T00:06:30.373+0000] {dag.py:4180} INFO - Setting next_dagrun for latest_only_with_trigger to 2024-10-27 20:00:00+00:00, run_after=2024-10-28 00:00:00+00:00
[2024-10-28T00:06:30.398+0000] {processor.py:208} INFO - Processing /home/airflow/.local/lib/python3.12/site-packages/airflow/example_dags/example_latest_only_with_trigger.py took 0.098 seconds
[2024-10-28T00:07:01.558+0000] {processor.py:186} INFO - Started process (PID=46164) to work on /home/airflow/.local/lib/python3.12/site-packages/airflow/example_dags/example_latest_only_with_trigger.py
[2024-10-28T00:07:01.559+0000] {processor.py:914} INFO - Processing file /home/airflow/.local/lib/python3.12/site-packages/airflow/example_dags/example_latest_only_with_trigger.py for tasks to queue
[2024-10-28T00:07:01.560+0000] {logging_mixin.py:190} INFO - [2024-10-28T00:07:01.560+0000] {dagbag.py:588} INFO - Filling up the DagBag from /home/airflow/.local/lib/python3.12/site-packages/airflow/example_dags/example_latest_only_with_trigger.py
[2024-10-28T00:07:01.568+0000] {processor.py:925} INFO - DAG(s) 'latest_only_with_trigger' retrieved from /home/airflow/.local/lib/python3.12/site-packages/airflow/example_dags/example_latest_only_with_trigger.py
[2024-10-28T00:07:01.587+0000] {logging_mixin.py:190} INFO - [2024-10-28T00:07:01.587+0000] {dag.py:3239} INFO - Sync 1 DAGs
[2024-10-28T00:07:01.608+0000] {logging_mixin.py:190} INFO - [2024-10-28T00:07:01.608+0000] {dag.py:4180} INFO - Setting next_dagrun for latest_only_with_trigger to 2024-10-27 20:00:00+00:00, run_after=2024-10-28 00:00:00+00:00
[2024-10-28T00:07:01.625+0000] {processor.py:208} INFO - Processing /home/airflow/.local/lib/python3.12/site-packages/airflow/example_dags/example_latest_only_with_trigger.py took 0.072 seconds
[2024-10-28T00:07:32.111+0000] {processor.py:186} INFO - Started process (PID=46238) to work on /home/airflow/.local/lib/python3.12/site-packages/airflow/example_dags/example_latest_only_with_trigger.py
[2024-10-28T00:07:32.112+0000] {processor.py:914} INFO - Processing file /home/airflow/.local/lib/python3.12/site-packages/airflow/example_dags/example_latest_only_with_trigger.py for tasks to queue
[2024-10-28T00:07:32.115+0000] {logging_mixin.py:190} INFO - [2024-10-28T00:07:32.114+0000] {dagbag.py:588} INFO - Filling up the DagBag from /home/airflow/.local/lib/python3.12/site-packages/airflow/example_dags/example_latest_only_with_trigger.py
[2024-10-28T00:07:32.124+0000] {processor.py:925} INFO - DAG(s) 'latest_only_with_trigger' retrieved from /home/airflow/.local/lib/python3.12/site-packages/airflow/example_dags/example_latest_only_with_trigger.py
[2024-10-28T00:07:32.147+0000] {logging_mixin.py:190} INFO - [2024-10-28T00:07:32.146+0000] {dag.py:3239} INFO - Sync 1 DAGs
[2024-10-28T00:07:32.172+0000] {logging_mixin.py:190} INFO - [2024-10-28T00:07:32.171+0000] {dag.py:4180} INFO - Setting next_dagrun for latest_only_with_trigger to 2024-10-27 20:00:00+00:00, run_after=2024-10-28 00:00:00+00:00
[2024-10-28T00:07:32.192+0000] {processor.py:208} INFO - Processing /home/airflow/.local/lib/python3.12/site-packages/airflow/example_dags/example_latest_only_with_trigger.py took 0.086 seconds
[2024-10-28T00:08:02.906+0000] {processor.py:186} INFO - Started process (PID=46313) to work on /home/airflow/.local/lib/python3.12/site-packages/airflow/example_dags/example_latest_only_with_trigger.py
[2024-10-28T00:08:02.907+0000] {processor.py:914} INFO - Processing file /home/airflow/.local/lib/python3.12/site-packages/airflow/example_dags/example_latest_only_with_trigger.py for tasks to queue
[2024-10-28T00:08:02.909+0000] {logging_mixin.py:190} INFO - [2024-10-28T00:08:02.908+0000] {dagbag.py:588} INFO - Filling up the DagBag from /home/airflow/.local/lib/python3.12/site-packages/airflow/example_dags/example_latest_only_with_trigger.py
[2024-10-28T00:08:02.916+0000] {processor.py:925} INFO - DAG(s) 'latest_only_with_trigger' retrieved from /home/airflow/.local/lib/python3.12/site-packages/airflow/example_dags/example_latest_only_with_trigger.py
[2024-10-28T00:08:02.935+0000] {logging_mixin.py:190} INFO - [2024-10-28T00:08:02.935+0000] {dag.py:3239} INFO - Sync 1 DAGs
[2024-10-28T00:08:02.956+0000] {logging_mixin.py:190} INFO - [2024-10-28T00:08:02.956+0000] {dag.py:4180} INFO - Setting next_dagrun for latest_only_with_trigger to 2024-10-27 20:00:00+00:00, run_after=2024-10-28 00:00:00+00:00
[2024-10-28T00:08:02.975+0000] {processor.py:208} INFO - Processing /home/airflow/.local/lib/python3.12/site-packages/airflow/example_dags/example_latest_only_with_trigger.py took 0.074 seconds
[2024-10-28T00:08:33.418+0000] {processor.py:186} INFO - Started process (PID=46387) to work on /home/airflow/.local/lib/python3.12/site-packages/airflow/example_dags/example_latest_only_with_trigger.py
[2024-10-28T00:08:33.419+0000] {processor.py:914} INFO - Processing file /home/airflow/.local/lib/python3.12/site-packages/airflow/example_dags/example_latest_only_with_trigger.py for tasks to queue
[2024-10-28T00:08:33.420+0000] {logging_mixin.py:190} INFO - [2024-10-28T00:08:33.420+0000] {dagbag.py:588} INFO - Filling up the DagBag from /home/airflow/.local/lib/python3.12/site-packages/airflow/example_dags/example_latest_only_with_trigger.py
[2024-10-28T00:08:33.428+0000] {processor.py:925} INFO - DAG(s) 'latest_only_with_trigger' retrieved from /home/airflow/.local/lib/python3.12/site-packages/airflow/example_dags/example_latest_only_with_trigger.py
[2024-10-28T00:08:33.446+0000] {logging_mixin.py:190} INFO - [2024-10-28T00:08:33.446+0000] {dag.py:3239} INFO - Sync 1 DAGs
[2024-10-28T00:08:33.467+0000] {logging_mixin.py:190} INFO - [2024-10-28T00:08:33.466+0000] {dag.py:4180} INFO - Setting next_dagrun for latest_only_with_trigger to 2024-10-27 20:00:00+00:00, run_after=2024-10-28 00:00:00+00:00
[2024-10-28T00:08:33.484+0000] {processor.py:208} INFO - Processing /home/airflow/.local/lib/python3.12/site-packages/airflow/example_dags/example_latest_only_with_trigger.py took 0.072 seconds
[2024-10-28T00:09:04.272+0000] {processor.py:186} INFO - Started process (PID=46461) to work on /home/airflow/.local/lib/python3.12/site-packages/airflow/example_dags/example_latest_only_with_trigger.py
[2024-10-28T00:09:04.272+0000] {processor.py:914} INFO - Processing file /home/airflow/.local/lib/python3.12/site-packages/airflow/example_dags/example_latest_only_with_trigger.py for tasks to queue
[2024-10-28T00:09:04.274+0000] {logging_mixin.py:190} INFO - [2024-10-28T00:09:04.273+0000] {dagbag.py:588} INFO - Filling up the DagBag from /home/airflow/.local/lib/python3.12/site-packages/airflow/example_dags/example_latest_only_with_trigger.py
[2024-10-28T00:09:04.281+0000] {processor.py:925} INFO - DAG(s) 'latest_only_with_trigger' retrieved from /home/airflow/.local/lib/python3.12/site-packages/airflow/example_dags/example_latest_only_with_trigger.py
[2024-10-28T00:09:04.300+0000] {logging_mixin.py:190} INFO - [2024-10-28T00:09:04.299+0000] {dag.py:3239} INFO - Sync 1 DAGs
[2024-10-28T00:09:04.322+0000] {logging_mixin.py:190} INFO - [2024-10-28T00:09:04.322+0000] {dag.py:4180} INFO - Setting next_dagrun for latest_only_with_trigger to 2024-10-27 20:00:00+00:00, run_after=2024-10-28 00:00:00+00:00
[2024-10-28T00:09:04.341+0000] {processor.py:208} INFO - Processing /home/airflow/.local/lib/python3.12/site-packages/airflow/example_dags/example_latest_only_with_trigger.py took 0.076 seconds
[2024-10-28T00:09:34.744+0000] {processor.py:186} INFO - Started process (PID=46535) to work on /home/airflow/.local/lib/python3.12/site-packages/airflow/example_dags/example_latest_only_with_trigger.py
[2024-10-28T00:09:34.745+0000] {processor.py:914} INFO - Processing file /home/airflow/.local/lib/python3.12/site-packages/airflow/example_dags/example_latest_only_with_trigger.py for tasks to queue
[2024-10-28T00:09:34.747+0000] {logging_mixin.py:190} INFO - [2024-10-28T00:09:34.747+0000] {dagbag.py:588} INFO - Filling up the DagBag from /home/airflow/.local/lib/python3.12/site-packages/airflow/example_dags/example_latest_only_with_trigger.py
[2024-10-28T00:09:34.761+0000] {processor.py:925} INFO - DAG(s) 'latest_only_with_trigger' retrieved from /home/airflow/.local/lib/python3.12/site-packages/airflow/example_dags/example_latest_only_with_trigger.py
[2024-10-28T00:09:34.789+0000] {logging_mixin.py:190} INFO - [2024-10-28T00:09:34.789+0000] {dag.py:3239} INFO - Sync 1 DAGs
[2024-10-28T00:09:34.824+0000] {logging_mixin.py:190} INFO - [2024-10-28T00:09:34.824+0000] {dag.py:4180} INFO - Setting next_dagrun for latest_only_with_trigger to 2024-10-27 20:00:00+00:00, run_after=2024-10-28 00:00:00+00:00
[2024-10-28T00:09:34.854+0000] {processor.py:208} INFO - Processing /home/airflow/.local/lib/python3.12/site-packages/airflow/example_dags/example_latest_only_with_trigger.py took 0.120 seconds
[2024-10-28T00:10:06.027+0000] {processor.py:186} INFO - Started process (PID=46609) to work on /home/airflow/.local/lib/python3.12/site-packages/airflow/example_dags/example_latest_only_with_trigger.py
[2024-10-28T00:10:06.029+0000] {processor.py:914} INFO - Processing file /home/airflow/.local/lib/python3.12/site-packages/airflow/example_dags/example_latest_only_with_trigger.py for tasks to queue
[2024-10-28T00:10:06.032+0000] {logging_mixin.py:190} INFO - [2024-10-28T00:10:06.031+0000] {dagbag.py:588} INFO - Filling up the DagBag from /home/airflow/.local/lib/python3.12/site-packages/airflow/example_dags/example_latest_only_with_trigger.py
[2024-10-28T00:10:06.048+0000] {processor.py:925} INFO - DAG(s) 'latest_only_with_trigger' retrieved from /home/airflow/.local/lib/python3.12/site-packages/airflow/example_dags/example_latest_only_with_trigger.py
[2024-10-28T00:10:06.077+0000] {logging_mixin.py:190} INFO - [2024-10-28T00:10:06.076+0000] {dag.py:3239} INFO - Sync 1 DAGs
[2024-10-28T00:10:06.110+0000] {logging_mixin.py:190} INFO - [2024-10-28T00:10:06.109+0000] {dag.py:4180} INFO - Setting next_dagrun for latest_only_with_trigger to 2024-10-27 20:00:00+00:00, run_after=2024-10-28 00:00:00+00:00
[2024-10-28T00:10:06.137+0000] {processor.py:208} INFO - Processing /home/airflow/.local/lib/python3.12/site-packages/airflow/example_dags/example_latest_only_with_trigger.py took 0.117 seconds
[2024-10-28T00:10:36.332+0000] {processor.py:186} INFO - Started process (PID=46683) to work on /home/airflow/.local/lib/python3.12/site-packages/airflow/example_dags/example_latest_only_with_trigger.py
[2024-10-28T00:10:36.333+0000] {processor.py:914} INFO - Processing file /home/airflow/.local/lib/python3.12/site-packages/airflow/example_dags/example_latest_only_with_trigger.py for tasks to queue
[2024-10-28T00:10:36.334+0000] {logging_mixin.py:190} INFO - [2024-10-28T00:10:36.334+0000] {dagbag.py:588} INFO - Filling up the DagBag from /home/airflow/.local/lib/python3.12/site-packages/airflow/example_dags/example_latest_only_with_trigger.py
[2024-10-28T00:10:36.345+0000] {processor.py:925} INFO - DAG(s) 'latest_only_with_trigger' retrieved from /home/airflow/.local/lib/python3.12/site-packages/airflow/example_dags/example_latest_only_with_trigger.py
[2024-10-28T00:10:36.366+0000] {logging_mixin.py:190} INFO - [2024-10-28T00:10:36.365+0000] {dag.py:3239} INFO - Sync 1 DAGs
[2024-10-28T00:10:36.388+0000] {logging_mixin.py:190} INFO - [2024-10-28T00:10:36.388+0000] {dag.py:4180} INFO - Setting next_dagrun for latest_only_with_trigger to 2024-10-27 20:00:00+00:00, run_after=2024-10-28 00:00:00+00:00
[2024-10-28T00:10:36.409+0000] {processor.py:208} INFO - Processing /home/airflow/.local/lib/python3.12/site-packages/airflow/example_dags/example_latest_only_with_trigger.py took 0.083 seconds
[2024-10-28T00:11:07.556+0000] {processor.py:186} INFO - Started process (PID=46764) to work on /home/airflow/.local/lib/python3.12/site-packages/airflow/example_dags/example_latest_only_with_trigger.py
[2024-10-28T00:11:07.557+0000] {processor.py:914} INFO - Processing file /home/airflow/.local/lib/python3.12/site-packages/airflow/example_dags/example_latest_only_with_trigger.py for tasks to queue
[2024-10-28T00:11:07.558+0000] {logging_mixin.py:190} INFO - [2024-10-28T00:11:07.558+0000] {dagbag.py:588} INFO - Filling up the DagBag from /home/airflow/.local/lib/python3.12/site-packages/airflow/example_dags/example_latest_only_with_trigger.py
[2024-10-28T00:11:07.566+0000] {processor.py:925} INFO - DAG(s) 'latest_only_with_trigger' retrieved from /home/airflow/.local/lib/python3.12/site-packages/airflow/example_dags/example_latest_only_with_trigger.py
[2024-10-28T00:11:07.589+0000] {logging_mixin.py:190} INFO - [2024-10-28T00:11:07.588+0000] {dag.py:3239} INFO - Sync 1 DAGs
[2024-10-28T00:11:07.612+0000] {logging_mixin.py:190} INFO - [2024-10-28T00:11:07.612+0000] {dag.py:4180} INFO - Setting next_dagrun for latest_only_with_trigger to 2024-10-27 20:00:00+00:00, run_after=2024-10-28 00:00:00+00:00
[2024-10-28T00:11:07.631+0000] {processor.py:208} INFO - Processing /home/airflow/.local/lib/python3.12/site-packages/airflow/example_dags/example_latest_only_with_trigger.py took 0.082 seconds
[2024-10-28T00:11:37.813+0000] {processor.py:186} INFO - Started process (PID=46838) to work on /home/airflow/.local/lib/python3.12/site-packages/airflow/example_dags/example_latest_only_with_trigger.py
[2024-10-28T00:11:37.814+0000] {processor.py:914} INFO - Processing file /home/airflow/.local/lib/python3.12/site-packages/airflow/example_dags/example_latest_only_with_trigger.py for tasks to queue
[2024-10-28T00:11:37.816+0000] {logging_mixin.py:190} INFO - [2024-10-28T00:11:37.815+0000] {dagbag.py:588} INFO - Filling up the DagBag from /home/airflow/.local/lib/python3.12/site-packages/airflow/example_dags/example_latest_only_with_trigger.py
[2024-10-28T00:11:37.824+0000] {processor.py:925} INFO - DAG(s) 'latest_only_with_trigger' retrieved from /home/airflow/.local/lib/python3.12/site-packages/airflow/example_dags/example_latest_only_with_trigger.py
[2024-10-28T00:11:37.843+0000] {logging_mixin.py:190} INFO - [2024-10-28T00:11:37.843+0000] {dag.py:3239} INFO - Sync 1 DAGs
[2024-10-28T00:11:37.864+0000] {logging_mixin.py:190} INFO - [2024-10-28T00:11:37.864+0000] {dag.py:4180} INFO - Setting next_dagrun for latest_only_with_trigger to 2024-10-27 20:00:00+00:00, run_after=2024-10-28 00:00:00+00:00
[2024-10-28T00:11:37.882+0000] {processor.py:208} INFO - Processing /home/airflow/.local/lib/python3.12/site-packages/airflow/example_dags/example_latest_only_with_trigger.py took 0.074 seconds
[2024-10-28T00:12:08.264+0000] {processor.py:186} INFO - Started process (PID=46912) to work on /home/airflow/.local/lib/python3.12/site-packages/airflow/example_dags/example_latest_only_with_trigger.py
[2024-10-28T00:12:08.265+0000] {processor.py:914} INFO - Processing file /home/airflow/.local/lib/python3.12/site-packages/airflow/example_dags/example_latest_only_with_trigger.py for tasks to queue
[2024-10-28T00:12:08.266+0000] {logging_mixin.py:190} INFO - [2024-10-28T00:12:08.266+0000] {dagbag.py:588} INFO - Filling up the DagBag from /home/airflow/.local/lib/python3.12/site-packages/airflow/example_dags/example_latest_only_with_trigger.py
[2024-10-28T00:12:08.274+0000] {processor.py:925} INFO - DAG(s) 'latest_only_with_trigger' retrieved from /home/airflow/.local/lib/python3.12/site-packages/airflow/example_dags/example_latest_only_with_trigger.py
[2024-10-28T00:12:08.294+0000] {logging_mixin.py:190} INFO - [2024-10-28T00:12:08.294+0000] {dag.py:3239} INFO - Sync 1 DAGs
[2024-10-28T00:12:08.317+0000] {logging_mixin.py:190} INFO - [2024-10-28T00:12:08.316+0000] {dag.py:4180} INFO - Setting next_dagrun for latest_only_with_trigger to 2024-10-27 20:00:00+00:00, run_after=2024-10-28 00:00:00+00:00
[2024-10-28T00:12:08.336+0000] {processor.py:208} INFO - Processing /home/airflow/.local/lib/python3.12/site-packages/airflow/example_dags/example_latest_only_with_trigger.py took 0.078 seconds
[2024-10-28T00:12:38.685+0000] {processor.py:186} INFO - Started process (PID=46986) to work on /home/airflow/.local/lib/python3.12/site-packages/airflow/example_dags/example_latest_only_with_trigger.py
[2024-10-28T00:12:38.686+0000] {processor.py:914} INFO - Processing file /home/airflow/.local/lib/python3.12/site-packages/airflow/example_dags/example_latest_only_with_trigger.py for tasks to queue
[2024-10-28T00:12:38.687+0000] {logging_mixin.py:190} INFO - [2024-10-28T00:12:38.687+0000] {dagbag.py:588} INFO - Filling up the DagBag from /home/airflow/.local/lib/python3.12/site-packages/airflow/example_dags/example_latest_only_with_trigger.py
[2024-10-28T00:12:38.695+0000] {processor.py:925} INFO - DAG(s) 'latest_only_with_trigger' retrieved from /home/airflow/.local/lib/python3.12/site-packages/airflow/example_dags/example_latest_only_with_trigger.py
[2024-10-28T00:12:38.714+0000] {logging_mixin.py:190} INFO - [2024-10-28T00:12:38.714+0000] {dag.py:3239} INFO - Sync 1 DAGs
[2024-10-28T00:12:38.735+0000] {logging_mixin.py:190} INFO - [2024-10-28T00:12:38.735+0000] {dag.py:4180} INFO - Setting next_dagrun for latest_only_with_trigger to 2024-10-27 20:00:00+00:00, run_after=2024-10-28 00:00:00+00:00
[2024-10-28T00:12:38.753+0000] {processor.py:208} INFO - Processing /home/airflow/.local/lib/python3.12/site-packages/airflow/example_dags/example_latest_only_with_trigger.py took 0.073 seconds
[2024-10-28T00:13:09.033+0000] {processor.py:186} INFO - Started process (PID=47059) to work on /home/airflow/.local/lib/python3.12/site-packages/airflow/example_dags/example_latest_only_with_trigger.py
[2024-10-28T00:13:09.034+0000] {processor.py:914} INFO - Processing file /home/airflow/.local/lib/python3.12/site-packages/airflow/example_dags/example_latest_only_with_trigger.py for tasks to queue
[2024-10-28T00:13:09.035+0000] {logging_mixin.py:190} INFO - [2024-10-28T00:13:09.035+0000] {dagbag.py:588} INFO - Filling up the DagBag from /home/airflow/.local/lib/python3.12/site-packages/airflow/example_dags/example_latest_only_with_trigger.py
[2024-10-28T00:13:09.043+0000] {processor.py:925} INFO - DAG(s) 'latest_only_with_trigger' retrieved from /home/airflow/.local/lib/python3.12/site-packages/airflow/example_dags/example_latest_only_with_trigger.py
[2024-10-28T00:13:09.062+0000] {logging_mixin.py:190} INFO - [2024-10-28T00:13:09.061+0000] {dag.py:3239} INFO - Sync 1 DAGs
[2024-10-28T00:13:09.082+0000] {logging_mixin.py:190} INFO - [2024-10-28T00:13:09.082+0000] {dag.py:4180} INFO - Setting next_dagrun for latest_only_with_trigger to 2024-10-27 20:00:00+00:00, run_after=2024-10-28 00:00:00+00:00
[2024-10-28T00:13:09.101+0000] {processor.py:208} INFO - Processing /home/airflow/.local/lib/python3.12/site-packages/airflow/example_dags/example_latest_only_with_trigger.py took 0.073 seconds
[2024-10-28T00:13:39.481+0000] {processor.py:186} INFO - Started process (PID=47133) to work on /home/airflow/.local/lib/python3.12/site-packages/airflow/example_dags/example_latest_only_with_trigger.py
[2024-10-28T00:13:39.482+0000] {processor.py:914} INFO - Processing file /home/airflow/.local/lib/python3.12/site-packages/airflow/example_dags/example_latest_only_with_trigger.py for tasks to queue
[2024-10-28T00:13:39.484+0000] {logging_mixin.py:190} INFO - [2024-10-28T00:13:39.483+0000] {dagbag.py:588} INFO - Filling up the DagBag from /home/airflow/.local/lib/python3.12/site-packages/airflow/example_dags/example_latest_only_with_trigger.py
[2024-10-28T00:13:39.491+0000] {processor.py:925} INFO - DAG(s) 'latest_only_with_trigger' retrieved from /home/airflow/.local/lib/python3.12/site-packages/airflow/example_dags/example_latest_only_with_trigger.py
[2024-10-28T00:13:39.510+0000] {logging_mixin.py:190} INFO - [2024-10-28T00:13:39.509+0000] {dag.py:3239} INFO - Sync 1 DAGs
[2024-10-28T00:13:39.531+0000] {logging_mixin.py:190} INFO - [2024-10-28T00:13:39.531+0000] {dag.py:4180} INFO - Setting next_dagrun for latest_only_with_trigger to 2024-10-27 20:00:00+00:00, run_after=2024-10-28 00:00:00+00:00
[2024-10-28T00:13:39.549+0000] {processor.py:208} INFO - Processing /home/airflow/.local/lib/python3.12/site-packages/airflow/example_dags/example_latest_only_with_trigger.py took 0.073 seconds
[2024-10-28T00:14:09.803+0000] {processor.py:186} INFO - Started process (PID=47207) to work on /home/airflow/.local/lib/python3.12/site-packages/airflow/example_dags/example_latest_only_with_trigger.py
[2024-10-28T00:14:09.805+0000] {processor.py:914} INFO - Processing file /home/airflow/.local/lib/python3.12/site-packages/airflow/example_dags/example_latest_only_with_trigger.py for tasks to queue
[2024-10-28T00:14:09.806+0000] {logging_mixin.py:190} INFO - [2024-10-28T00:14:09.806+0000] {dagbag.py:588} INFO - Filling up the DagBag from /home/airflow/.local/lib/python3.12/site-packages/airflow/example_dags/example_latest_only_with_trigger.py
[2024-10-28T00:14:09.813+0000] {processor.py:925} INFO - DAG(s) 'latest_only_with_trigger' retrieved from /home/airflow/.local/lib/python3.12/site-packages/airflow/example_dags/example_latest_only_with_trigger.py
[2024-10-28T00:14:09.833+0000] {logging_mixin.py:190} INFO - [2024-10-28T00:14:09.833+0000] {dag.py:3239} INFO - Sync 1 DAGs
[2024-10-28T00:14:09.854+0000] {logging_mixin.py:190} INFO - [2024-10-28T00:14:09.854+0000] {dag.py:4180} INFO - Setting next_dagrun for latest_only_with_trigger to 2024-10-27 20:00:00+00:00, run_after=2024-10-28 00:00:00+00:00
[2024-10-28T00:14:09.871+0000] {processor.py:208} INFO - Processing /home/airflow/.local/lib/python3.12/site-packages/airflow/example_dags/example_latest_only_with_trigger.py took 0.073 seconds
[2024-10-28T00:14:40.069+0000] {processor.py:186} INFO - Started process (PID=47281) to work on /home/airflow/.local/lib/python3.12/site-packages/airflow/example_dags/example_latest_only_with_trigger.py
[2024-10-28T00:14:40.070+0000] {processor.py:914} INFO - Processing file /home/airflow/.local/lib/python3.12/site-packages/airflow/example_dags/example_latest_only_with_trigger.py for tasks to queue
[2024-10-28T00:14:40.071+0000] {logging_mixin.py:190} INFO - [2024-10-28T00:14:40.071+0000] {dagbag.py:588} INFO - Filling up the DagBag from /home/airflow/.local/lib/python3.12/site-packages/airflow/example_dags/example_latest_only_with_trigger.py
[2024-10-28T00:14:40.079+0000] {processor.py:925} INFO - DAG(s) 'latest_only_with_trigger' retrieved from /home/airflow/.local/lib/python3.12/site-packages/airflow/example_dags/example_latest_only_with_trigger.py
[2024-10-28T00:14:40.098+0000] {logging_mixin.py:190} INFO - [2024-10-28T00:14:40.098+0000] {dag.py:3239} INFO - Sync 1 DAGs
[2024-10-28T00:14:40.119+0000] {logging_mixin.py:190} INFO - [2024-10-28T00:14:40.119+0000] {dag.py:4180} INFO - Setting next_dagrun for latest_only_with_trigger to 2024-10-27 20:00:00+00:00, run_after=2024-10-28 00:00:00+00:00
[2024-10-28T00:14:40.137+0000] {processor.py:208} INFO - Processing /home/airflow/.local/lib/python3.12/site-packages/airflow/example_dags/example_latest_only_with_trigger.py took 0.073 seconds
[2024-10-28T00:15:10.482+0000] {processor.py:186} INFO - Started process (PID=47356) to work on /home/airflow/.local/lib/python3.12/site-packages/airflow/example_dags/example_latest_only_with_trigger.py
[2024-10-28T00:15:10.483+0000] {processor.py:914} INFO - Processing file /home/airflow/.local/lib/python3.12/site-packages/airflow/example_dags/example_latest_only_with_trigger.py for tasks to queue
[2024-10-28T00:15:10.484+0000] {logging_mixin.py:190} INFO - [2024-10-28T00:15:10.484+0000] {dagbag.py:588} INFO - Filling up the DagBag from /home/airflow/.local/lib/python3.12/site-packages/airflow/example_dags/example_latest_only_with_trigger.py
[2024-10-28T00:15:10.492+0000] {processor.py:925} INFO - DAG(s) 'latest_only_with_trigger' retrieved from /home/airflow/.local/lib/python3.12/site-packages/airflow/example_dags/example_latest_only_with_trigger.py
[2024-10-28T00:15:10.511+0000] {logging_mixin.py:190} INFO - [2024-10-28T00:15:10.510+0000] {dag.py:3239} INFO - Sync 1 DAGs
[2024-10-28T00:15:10.532+0000] {logging_mixin.py:190} INFO - [2024-10-28T00:15:10.531+0000] {dag.py:4180} INFO - Setting next_dagrun for latest_only_with_trigger to 2024-10-27 20:00:00+00:00, run_after=2024-10-28 00:00:00+00:00
[2024-10-28T00:15:10.550+0000] {processor.py:208} INFO - Processing /home/airflow/.local/lib/python3.12/site-packages/airflow/example_dags/example_latest_only_with_trigger.py took 0.073 seconds
[2024-10-28T00:15:40.952+0000] {processor.py:186} INFO - Started process (PID=47429) to work on /home/airflow/.local/lib/python3.12/site-packages/airflow/example_dags/example_latest_only_with_trigger.py
[2024-10-28T00:15:40.953+0000] {processor.py:914} INFO - Processing file /home/airflow/.local/lib/python3.12/site-packages/airflow/example_dags/example_latest_only_with_trigger.py for tasks to queue
[2024-10-28T00:15:40.954+0000] {logging_mixin.py:190} INFO - [2024-10-28T00:15:40.954+0000] {dagbag.py:588} INFO - Filling up the DagBag from /home/airflow/.local/lib/python3.12/site-packages/airflow/example_dags/example_latest_only_with_trigger.py
[2024-10-28T00:15:40.962+0000] {processor.py:925} INFO - DAG(s) 'latest_only_with_trigger' retrieved from /home/airflow/.local/lib/python3.12/site-packages/airflow/example_dags/example_latest_only_with_trigger.py
[2024-10-28T00:15:40.981+0000] {logging_mixin.py:190} INFO - [2024-10-28T00:15:40.980+0000] {dag.py:3239} INFO - Sync 1 DAGs
[2024-10-28T00:15:41.002+0000] {logging_mixin.py:190} INFO - [2024-10-28T00:15:41.002+0000] {dag.py:4180} INFO - Setting next_dagrun for latest_only_with_trigger to 2024-10-27 20:00:00+00:00, run_after=2024-10-28 00:00:00+00:00
[2024-10-28T00:15:41.021+0000] {processor.py:208} INFO - Processing /home/airflow/.local/lib/python3.12/site-packages/airflow/example_dags/example_latest_only_with_trigger.py took 0.074 seconds
[2024-10-28T00:16:11.939+0000] {processor.py:186} INFO - Started process (PID=47504) to work on /home/airflow/.local/lib/python3.12/site-packages/airflow/example_dags/example_latest_only_with_trigger.py
[2024-10-28T00:16:11.940+0000] {processor.py:914} INFO - Processing file /home/airflow/.local/lib/python3.12/site-packages/airflow/example_dags/example_latest_only_with_trigger.py for tasks to queue
[2024-10-28T00:16:11.941+0000] {logging_mixin.py:190} INFO - [2024-10-28T00:16:11.941+0000] {dagbag.py:588} INFO - Filling up the DagBag from /home/airflow/.local/lib/python3.12/site-packages/airflow/example_dags/example_latest_only_with_trigger.py
[2024-10-28T00:16:11.949+0000] {processor.py:925} INFO - DAG(s) 'latest_only_with_trigger' retrieved from /home/airflow/.local/lib/python3.12/site-packages/airflow/example_dags/example_latest_only_with_trigger.py
[2024-10-28T00:16:11.967+0000] {logging_mixin.py:190} INFO - [2024-10-28T00:16:11.967+0000] {dag.py:3239} INFO - Sync 1 DAGs
[2024-10-28T00:16:11.988+0000] {logging_mixin.py:190} INFO - [2024-10-28T00:16:11.988+0000] {dag.py:4180} INFO - Setting next_dagrun for latest_only_with_trigger to 2024-10-27 20:00:00+00:00, run_after=2024-10-28 00:00:00+00:00
[2024-10-28T00:16:12.006+0000] {processor.py:208} INFO - Processing /home/airflow/.local/lib/python3.12/site-packages/airflow/example_dags/example_latest_only_with_trigger.py took 0.073 seconds
[2024-10-28T00:16:42.865+0000] {processor.py:186} INFO - Started process (PID=47578) to work on /home/airflow/.local/lib/python3.12/site-packages/airflow/example_dags/example_latest_only_with_trigger.py
[2024-10-28T00:16:42.866+0000] {processor.py:914} INFO - Processing file /home/airflow/.local/lib/python3.12/site-packages/airflow/example_dags/example_latest_only_with_trigger.py for tasks to queue
[2024-10-28T00:16:42.867+0000] {logging_mixin.py:190} INFO - [2024-10-28T00:16:42.867+0000] {dagbag.py:588} INFO - Filling up the DagBag from /home/airflow/.local/lib/python3.12/site-packages/airflow/example_dags/example_latest_only_with_trigger.py
[2024-10-28T00:16:42.874+0000] {processor.py:925} INFO - DAG(s) 'latest_only_with_trigger' retrieved from /home/airflow/.local/lib/python3.12/site-packages/airflow/example_dags/example_latest_only_with_trigger.py
[2024-10-28T00:16:42.893+0000] {logging_mixin.py:190} INFO - [2024-10-28T00:16:42.893+0000] {dag.py:3239} INFO - Sync 1 DAGs
[2024-10-28T00:16:42.914+0000] {logging_mixin.py:190} INFO - [2024-10-28T00:16:42.914+0000] {dag.py:4180} INFO - Setting next_dagrun for latest_only_with_trigger to 2024-10-27 20:00:00+00:00, run_after=2024-10-28 00:00:00+00:00
[2024-10-28T00:16:42.932+0000] {processor.py:208} INFO - Processing /home/airflow/.local/lib/python3.12/site-packages/airflow/example_dags/example_latest_only_with_trigger.py took 0.072 seconds
[2024-10-28T00:17:13.457+0000] {processor.py:186} INFO - Started process (PID=47652) to work on /home/airflow/.local/lib/python3.12/site-packages/airflow/example_dags/example_latest_only_with_trigger.py
[2024-10-28T00:17:13.458+0000] {processor.py:914} INFO - Processing file /home/airflow/.local/lib/python3.12/site-packages/airflow/example_dags/example_latest_only_with_trigger.py for tasks to queue
[2024-10-28T00:17:13.459+0000] {logging_mixin.py:190} INFO - [2024-10-28T00:17:13.459+0000] {dagbag.py:588} INFO - Filling up the DagBag from /home/airflow/.local/lib/python3.12/site-packages/airflow/example_dags/example_latest_only_with_trigger.py
[2024-10-28T00:17:13.466+0000] {processor.py:925} INFO - DAG(s) 'latest_only_with_trigger' retrieved from /home/airflow/.local/lib/python3.12/site-packages/airflow/example_dags/example_latest_only_with_trigger.py
[2024-10-28T00:17:13.485+0000] {logging_mixin.py:190} INFO - [2024-10-28T00:17:13.485+0000] {dag.py:3239} INFO - Sync 1 DAGs
[2024-10-28T00:17:13.505+0000] {logging_mixin.py:190} INFO - [2024-10-28T00:17:13.505+0000] {dag.py:4180} INFO - Setting next_dagrun for latest_only_with_trigger to 2024-10-27 20:00:00+00:00, run_after=2024-10-28 00:00:00+00:00
[2024-10-28T00:17:13.523+0000] {processor.py:208} INFO - Processing /home/airflow/.local/lib/python3.12/site-packages/airflow/example_dags/example_latest_only_with_trigger.py took 0.071 seconds
[2024-10-28T00:17:44.374+0000] {processor.py:186} INFO - Started process (PID=47726) to work on /home/airflow/.local/lib/python3.12/site-packages/airflow/example_dags/example_latest_only_with_trigger.py
[2024-10-28T00:17:44.376+0000] {processor.py:914} INFO - Processing file /home/airflow/.local/lib/python3.12/site-packages/airflow/example_dags/example_latest_only_with_trigger.py for tasks to queue
[2024-10-28T00:17:44.377+0000] {logging_mixin.py:190} INFO - [2024-10-28T00:17:44.377+0000] {dagbag.py:588} INFO - Filling up the DagBag from /home/airflow/.local/lib/python3.12/site-packages/airflow/example_dags/example_latest_only_with_trigger.py
[2024-10-28T00:17:44.385+0000] {processor.py:925} INFO - DAG(s) 'latest_only_with_trigger' retrieved from /home/airflow/.local/lib/python3.12/site-packages/airflow/example_dags/example_latest_only_with_trigger.py
[2024-10-28T00:17:44.409+0000] {logging_mixin.py:190} INFO - [2024-10-28T00:17:44.408+0000] {dag.py:3239} INFO - Sync 1 DAGs
[2024-10-28T00:17:44.435+0000] {logging_mixin.py:190} INFO - [2024-10-28T00:17:44.434+0000] {dag.py:4180} INFO - Setting next_dagrun for latest_only_with_trigger to 2024-10-27 20:00:00+00:00, run_after=2024-10-28 00:00:00+00:00
[2024-10-28T00:17:44.459+0000] {processor.py:208} INFO - Processing /home/airflow/.local/lib/python3.12/site-packages/airflow/example_dags/example_latest_only_with_trigger.py took 0.092 seconds
[2024-10-28T00:18:14.880+0000] {processor.py:186} INFO - Started process (PID=47800) to work on /home/airflow/.local/lib/python3.12/site-packages/airflow/example_dags/example_latest_only_with_trigger.py
[2024-10-28T00:18:14.881+0000] {processor.py:914} INFO - Processing file /home/airflow/.local/lib/python3.12/site-packages/airflow/example_dags/example_latest_only_with_trigger.py for tasks to queue
[2024-10-28T00:18:14.882+0000] {logging_mixin.py:190} INFO - [2024-10-28T00:18:14.882+0000] {dagbag.py:588} INFO - Filling up the DagBag from /home/airflow/.local/lib/python3.12/site-packages/airflow/example_dags/example_latest_only_with_trigger.py
[2024-10-28T00:18:14.891+0000] {processor.py:925} INFO - DAG(s) 'latest_only_with_trigger' retrieved from /home/airflow/.local/lib/python3.12/site-packages/airflow/example_dags/example_latest_only_with_trigger.py
[2024-10-28T00:18:14.912+0000] {logging_mixin.py:190} INFO - [2024-10-28T00:18:14.912+0000] {dag.py:3239} INFO - Sync 1 DAGs
[2024-10-28T00:18:14.935+0000] {logging_mixin.py:190} INFO - [2024-10-28T00:18:14.935+0000] {dag.py:4180} INFO - Setting next_dagrun for latest_only_with_trigger to 2024-10-27 20:00:00+00:00, run_after=2024-10-28 00:00:00+00:00
[2024-10-28T00:18:14.954+0000] {processor.py:208} INFO - Processing /home/airflow/.local/lib/python3.12/site-packages/airflow/example_dags/example_latest_only_with_trigger.py took 0.080 seconds
[2024-10-28T00:18:46.400+0000] {processor.py:186} INFO - Started process (PID=47874) to work on /home/airflow/.local/lib/python3.12/site-packages/airflow/example_dags/example_latest_only_with_trigger.py
[2024-10-28T00:18:46.401+0000] {processor.py:914} INFO - Processing file /home/airflow/.local/lib/python3.12/site-packages/airflow/example_dags/example_latest_only_with_trigger.py for tasks to queue
[2024-10-28T00:18:46.403+0000] {logging_mixin.py:190} INFO - [2024-10-28T00:18:46.402+0000] {dagbag.py:588} INFO - Filling up the DagBag from /home/airflow/.local/lib/python3.12/site-packages/airflow/example_dags/example_latest_only_with_trigger.py
[2024-10-28T00:18:46.413+0000] {processor.py:925} INFO - DAG(s) 'latest_only_with_trigger' retrieved from /home/airflow/.local/lib/python3.12/site-packages/airflow/example_dags/example_latest_only_with_trigger.py
[2024-10-28T00:18:46.438+0000] {logging_mixin.py:190} INFO - [2024-10-28T00:18:46.438+0000] {dag.py:3239} INFO - Sync 1 DAGs
[2024-10-28T00:18:46.462+0000] {logging_mixin.py:190} INFO - [2024-10-28T00:18:46.462+0000] {dag.py:4180} INFO - Setting next_dagrun for latest_only_with_trigger to 2024-10-27 20:00:00+00:00, run_after=2024-10-28 00:00:00+00:00
[2024-10-28T00:18:46.489+0000] {processor.py:208} INFO - Processing /home/airflow/.local/lib/python3.12/site-packages/airflow/example_dags/example_latest_only_with_trigger.py took 0.096 seconds
[2024-10-28T00:19:16.897+0000] {processor.py:186} INFO - Started process (PID=47948) to work on /home/airflow/.local/lib/python3.12/site-packages/airflow/example_dags/example_latest_only_with_trigger.py
[2024-10-28T00:19:16.898+0000] {processor.py:914} INFO - Processing file /home/airflow/.local/lib/python3.12/site-packages/airflow/example_dags/example_latest_only_with_trigger.py for tasks to queue
[2024-10-28T00:19:16.899+0000] {logging_mixin.py:190} INFO - [2024-10-28T00:19:16.899+0000] {dagbag.py:588} INFO - Filling up the DagBag from /home/airflow/.local/lib/python3.12/site-packages/airflow/example_dags/example_latest_only_with_trigger.py
[2024-10-28T00:19:16.908+0000] {processor.py:925} INFO - DAG(s) 'latest_only_with_trigger' retrieved from /home/airflow/.local/lib/python3.12/site-packages/airflow/example_dags/example_latest_only_with_trigger.py
[2024-10-28T00:19:16.929+0000] {logging_mixin.py:190} INFO - [2024-10-28T00:19:16.928+0000] {dag.py:3239} INFO - Sync 1 DAGs
[2024-10-28T00:19:16.954+0000] {logging_mixin.py:190} INFO - [2024-10-28T00:19:16.953+0000] {dag.py:4180} INFO - Setting next_dagrun for latest_only_with_trigger to 2024-10-27 20:00:00+00:00, run_after=2024-10-28 00:00:00+00:00
[2024-10-28T00:19:16.974+0000] {processor.py:208} INFO - Processing /home/airflow/.local/lib/python3.12/site-packages/airflow/example_dags/example_latest_only_with_trigger.py took 0.084 seconds
[2024-10-28T00:19:47.846+0000] {processor.py:186} INFO - Started process (PID=48021) to work on /home/airflow/.local/lib/python3.12/site-packages/airflow/example_dags/example_latest_only_with_trigger.py
[2024-10-28T00:19:47.847+0000] {processor.py:914} INFO - Processing file /home/airflow/.local/lib/python3.12/site-packages/airflow/example_dags/example_latest_only_with_trigger.py for tasks to queue
[2024-10-28T00:19:47.849+0000] {logging_mixin.py:190} INFO - [2024-10-28T00:19:47.848+0000] {dagbag.py:588} INFO - Filling up the DagBag from /home/airflow/.local/lib/python3.12/site-packages/airflow/example_dags/example_latest_only_with_trigger.py
[2024-10-28T00:19:47.858+0000] {processor.py:925} INFO - DAG(s) 'latest_only_with_trigger' retrieved from /home/airflow/.local/lib/python3.12/site-packages/airflow/example_dags/example_latest_only_with_trigger.py
[2024-10-28T00:19:47.880+0000] {logging_mixin.py:190} INFO - [2024-10-28T00:19:47.880+0000] {dag.py:3239} INFO - Sync 1 DAGs
[2024-10-28T00:19:47.928+0000] {logging_mixin.py:190} INFO - [2024-10-28T00:19:47.928+0000] {dag.py:4180} INFO - Setting next_dagrun for latest_only_with_trigger to 2024-10-27 20:00:00+00:00, run_after=2024-10-28 00:00:00+00:00
[2024-10-28T00:19:47.958+0000] {processor.py:208} INFO - Processing /home/airflow/.local/lib/python3.12/site-packages/airflow/example_dags/example_latest_only_with_trigger.py took 0.118 seconds
[2024-10-28T00:20:18.654+0000] {processor.py:186} INFO - Started process (PID=48095) to work on /home/airflow/.local/lib/python3.12/site-packages/airflow/example_dags/example_latest_only_with_trigger.py
[2024-10-28T00:20:18.656+0000] {processor.py:914} INFO - Processing file /home/airflow/.local/lib/python3.12/site-packages/airflow/example_dags/example_latest_only_with_trigger.py for tasks to queue
[2024-10-28T00:20:18.658+0000] {logging_mixin.py:190} INFO - [2024-10-28T00:20:18.658+0000] {dagbag.py:588} INFO - Filling up the DagBag from /home/airflow/.local/lib/python3.12/site-packages/airflow/example_dags/example_latest_only_with_trigger.py
[2024-10-28T00:20:18.666+0000] {processor.py:925} INFO - DAG(s) 'latest_only_with_trigger' retrieved from /home/airflow/.local/lib/python3.12/site-packages/airflow/example_dags/example_latest_only_with_trigger.py
[2024-10-28T00:20:18.689+0000] {logging_mixin.py:190} INFO - [2024-10-28T00:20:18.689+0000] {dag.py:3239} INFO - Sync 1 DAGs
[2024-10-28T00:20:18.716+0000] {logging_mixin.py:190} INFO - [2024-10-28T00:20:18.715+0000] {dag.py:4180} INFO - Setting next_dagrun for latest_only_with_trigger to 2024-10-27 20:00:00+00:00, run_after=2024-10-28 00:00:00+00:00
[2024-10-28T00:20:18.742+0000] {processor.py:208} INFO - Processing /home/airflow/.local/lib/python3.12/site-packages/airflow/example_dags/example_latest_only_with_trigger.py took 0.094 seconds
[2024-10-28T00:20:49.533+0000] {processor.py:186} INFO - Started process (PID=48169) to work on /home/airflow/.local/lib/python3.12/site-packages/airflow/example_dags/example_latest_only_with_trigger.py
[2024-10-28T00:20:49.535+0000] {processor.py:914} INFO - Processing file /home/airflow/.local/lib/python3.12/site-packages/airflow/example_dags/example_latest_only_with_trigger.py for tasks to queue
[2024-10-28T00:20:49.537+0000] {logging_mixin.py:190} INFO - [2024-10-28T00:20:49.536+0000] {dagbag.py:588} INFO - Filling up the DagBag from /home/airflow/.local/lib/python3.12/site-packages/airflow/example_dags/example_latest_only_with_trigger.py
[2024-10-28T00:20:49.545+0000] {processor.py:925} INFO - DAG(s) 'latest_only_with_trigger' retrieved from /home/airflow/.local/lib/python3.12/site-packages/airflow/example_dags/example_latest_only_with_trigger.py
[2024-10-28T00:20:49.570+0000] {logging_mixin.py:190} INFO - [2024-10-28T00:20:49.570+0000] {dag.py:3239} INFO - Sync 1 DAGs
[2024-10-28T00:20:49.595+0000] {logging_mixin.py:190} INFO - [2024-10-28T00:20:49.595+0000] {dag.py:4180} INFO - Setting next_dagrun for latest_only_with_trigger to 2024-10-27 20:00:00+00:00, run_after=2024-10-28 00:00:00+00:00
[2024-10-28T00:20:49.619+0000] {processor.py:208} INFO - Processing /home/airflow/.local/lib/python3.12/site-packages/airflow/example_dags/example_latest_only_with_trigger.py took 0.092 seconds
[2024-10-28T00:21:20.154+0000] {processor.py:186} INFO - Started process (PID=48243) to work on /home/airflow/.local/lib/python3.12/site-packages/airflow/example_dags/example_latest_only_with_trigger.py
[2024-10-28T00:21:20.155+0000] {processor.py:914} INFO - Processing file /home/airflow/.local/lib/python3.12/site-packages/airflow/example_dags/example_latest_only_with_trigger.py for tasks to queue
[2024-10-28T00:21:20.157+0000] {logging_mixin.py:190} INFO - [2024-10-28T00:21:20.156+0000] {dagbag.py:588} INFO - Filling up the DagBag from /home/airflow/.local/lib/python3.12/site-packages/airflow/example_dags/example_latest_only_with_trigger.py
[2024-10-28T00:21:20.166+0000] {processor.py:925} INFO - DAG(s) 'latest_only_with_trigger' retrieved from /home/airflow/.local/lib/python3.12/site-packages/airflow/example_dags/example_latest_only_with_trigger.py
[2024-10-28T00:21:20.187+0000] {logging_mixin.py:190} INFO - [2024-10-28T00:21:20.187+0000] {dag.py:3239} INFO - Sync 1 DAGs
[2024-10-28T00:21:20.209+0000] {logging_mixin.py:190} INFO - [2024-10-28T00:21:20.209+0000] {dag.py:4180} INFO - Setting next_dagrun for latest_only_with_trigger to 2024-10-27 20:00:00+00:00, run_after=2024-10-28 00:00:00+00:00
[2024-10-28T00:21:20.235+0000] {processor.py:208} INFO - Processing /home/airflow/.local/lib/python3.12/site-packages/airflow/example_dags/example_latest_only_with_trigger.py took 0.086 seconds
[2024-10-28T00:21:50.824+0000] {processor.py:186} INFO - Started process (PID=48318) to work on /home/airflow/.local/lib/python3.12/site-packages/airflow/example_dags/example_latest_only_with_trigger.py
[2024-10-28T00:21:50.825+0000] {processor.py:914} INFO - Processing file /home/airflow/.local/lib/python3.12/site-packages/airflow/example_dags/example_latest_only_with_trigger.py for tasks to queue
[2024-10-28T00:21:50.827+0000] {logging_mixin.py:190} INFO - [2024-10-28T00:21:50.826+0000] {dagbag.py:588} INFO - Filling up the DagBag from /home/airflow/.local/lib/python3.12/site-packages/airflow/example_dags/example_latest_only_with_trigger.py
[2024-10-28T00:21:50.834+0000] {processor.py:925} INFO - DAG(s) 'latest_only_with_trigger' retrieved from /home/airflow/.local/lib/python3.12/site-packages/airflow/example_dags/example_latest_only_with_trigger.py
[2024-10-28T00:21:50.855+0000] {logging_mixin.py:190} INFO - [2024-10-28T00:21:50.855+0000] {dag.py:3239} INFO - Sync 1 DAGs
[2024-10-28T00:21:50.879+0000] {logging_mixin.py:190} INFO - [2024-10-28T00:21:50.878+0000] {dag.py:4180} INFO - Setting next_dagrun for latest_only_with_trigger to 2024-10-27 20:00:00+00:00, run_after=2024-10-28 00:00:00+00:00
[2024-10-28T00:21:50.898+0000] {processor.py:208} INFO - Processing /home/airflow/.local/lib/python3.12/site-packages/airflow/example_dags/example_latest_only_with_trigger.py took 0.080 seconds
[2024-10-28T00:22:21.492+0000] {processor.py:186} INFO - Started process (PID=48392) to work on /home/airflow/.local/lib/python3.12/site-packages/airflow/example_dags/example_latest_only_with_trigger.py
[2024-10-28T00:22:21.493+0000] {processor.py:914} INFO - Processing file /home/airflow/.local/lib/python3.12/site-packages/airflow/example_dags/example_latest_only_with_trigger.py for tasks to queue
[2024-10-28T00:22:21.495+0000] {logging_mixin.py:190} INFO - [2024-10-28T00:22:21.494+0000] {dagbag.py:588} INFO - Filling up the DagBag from /home/airflow/.local/lib/python3.12/site-packages/airflow/example_dags/example_latest_only_with_trigger.py
[2024-10-28T00:22:21.503+0000] {processor.py:925} INFO - DAG(s) 'latest_only_with_trigger' retrieved from /home/airflow/.local/lib/python3.12/site-packages/airflow/example_dags/example_latest_only_with_trigger.py
[2024-10-28T00:22:21.528+0000] {logging_mixin.py:190} INFO - [2024-10-28T00:22:21.528+0000] {dag.py:3239} INFO - Sync 1 DAGs
[2024-10-28T00:22:21.552+0000] {logging_mixin.py:190} INFO - [2024-10-28T00:22:21.552+0000] {dag.py:4180} INFO - Setting next_dagrun for latest_only_with_trigger to 2024-10-27 20:00:00+00:00, run_after=2024-10-28 00:00:00+00:00
[2024-10-28T00:22:21.577+0000] {processor.py:208} INFO - Processing /home/airflow/.local/lib/python3.12/site-packages/airflow/example_dags/example_latest_only_with_trigger.py took 0.090 seconds
[2024-10-28T00:22:52.205+0000] {processor.py:186} INFO - Started process (PID=48466) to work on /home/airflow/.local/lib/python3.12/site-packages/airflow/example_dags/example_latest_only_with_trigger.py
[2024-10-28T00:22:52.206+0000] {processor.py:914} INFO - Processing file /home/airflow/.local/lib/python3.12/site-packages/airflow/example_dags/example_latest_only_with_trigger.py for tasks to queue
[2024-10-28T00:22:52.208+0000] {logging_mixin.py:190} INFO - [2024-10-28T00:22:52.207+0000] {dagbag.py:588} INFO - Filling up the DagBag from /home/airflow/.local/lib/python3.12/site-packages/airflow/example_dags/example_latest_only_with_trigger.py
[2024-10-28T00:22:52.216+0000] {processor.py:925} INFO - DAG(s) 'latest_only_with_trigger' retrieved from /home/airflow/.local/lib/python3.12/site-packages/airflow/example_dags/example_latest_only_with_trigger.py
[2024-10-28T00:22:52.246+0000] {logging_mixin.py:190} INFO - [2024-10-28T00:22:52.246+0000] {dag.py:3239} INFO - Sync 1 DAGs
[2024-10-28T00:22:52.294+0000] {logging_mixin.py:190} INFO - [2024-10-28T00:22:52.292+0000] {dag.py:4180} INFO - Setting next_dagrun for latest_only_with_trigger to 2024-10-27 20:00:00+00:00, run_after=2024-10-28 00:00:00+00:00
[2024-10-28T00:22:52.341+0000] {processor.py:208} INFO - Processing /home/airflow/.local/lib/python3.12/site-packages/airflow/example_dags/example_latest_only_with_trigger.py took 0.143 seconds
[2024-10-28T00:23:22.831+0000] {processor.py:186} INFO - Started process (PID=48539) to work on /home/airflow/.local/lib/python3.12/site-packages/airflow/example_dags/example_latest_only_with_trigger.py
[2024-10-28T00:23:22.832+0000] {processor.py:914} INFO - Processing file /home/airflow/.local/lib/python3.12/site-packages/airflow/example_dags/example_latest_only_with_trigger.py for tasks to queue
[2024-10-28T00:23:22.833+0000] {logging_mixin.py:190} INFO - [2024-10-28T00:23:22.833+0000] {dagbag.py:588} INFO - Filling up the DagBag from /home/airflow/.local/lib/python3.12/site-packages/airflow/example_dags/example_latest_only_with_trigger.py
[2024-10-28T00:23:22.841+0000] {processor.py:925} INFO - DAG(s) 'latest_only_with_trigger' retrieved from /home/airflow/.local/lib/python3.12/site-packages/airflow/example_dags/example_latest_only_with_trigger.py
[2024-10-28T00:23:22.860+0000] {logging_mixin.py:190} INFO - [2024-10-28T00:23:22.860+0000] {dag.py:3239} INFO - Sync 1 DAGs
[2024-10-28T00:23:22.883+0000] {logging_mixin.py:190} INFO - [2024-10-28T00:23:22.883+0000] {dag.py:4180} INFO - Setting next_dagrun for latest_only_with_trigger to 2024-10-27 20:00:00+00:00, run_after=2024-10-28 00:00:00+00:00
[2024-10-28T00:23:22.903+0000] {processor.py:208} INFO - Processing /home/airflow/.local/lib/python3.12/site-packages/airflow/example_dags/example_latest_only_with_trigger.py took 0.078 seconds
[2024-10-28T00:23:54.673+0000] {processor.py:186} INFO - Started process (PID=48614) to work on /home/airflow/.local/lib/python3.12/site-packages/airflow/example_dags/example_latest_only_with_trigger.py
[2024-10-28T00:23:54.675+0000] {processor.py:914} INFO - Processing file /home/airflow/.local/lib/python3.12/site-packages/airflow/example_dags/example_latest_only_with_trigger.py for tasks to queue
[2024-10-28T00:23:54.677+0000] {logging_mixin.py:190} INFO - [2024-10-28T00:23:54.676+0000] {dagbag.py:588} INFO - Filling up the DagBag from /home/airflow/.local/lib/python3.12/site-packages/airflow/example_dags/example_latest_only_with_trigger.py
[2024-10-28T00:23:54.686+0000] {processor.py:925} INFO - DAG(s) 'latest_only_with_trigger' retrieved from /home/airflow/.local/lib/python3.12/site-packages/airflow/example_dags/example_latest_only_with_trigger.py
[2024-10-28T00:23:54.712+0000] {logging_mixin.py:190} INFO - [2024-10-28T00:23:54.711+0000] {dag.py:3239} INFO - Sync 1 DAGs
[2024-10-28T00:23:54.738+0000] {logging_mixin.py:190} INFO - [2024-10-28T00:23:54.738+0000] {dag.py:4180} INFO - Setting next_dagrun for latest_only_with_trigger to 2024-10-27 20:00:00+00:00, run_after=2024-10-28 00:00:00+00:00
[2024-10-28T00:23:54.764+0000] {processor.py:208} INFO - Processing /home/airflow/.local/lib/python3.12/site-packages/airflow/example_dags/example_latest_only_with_trigger.py took 0.097 seconds
[2024-10-28T00:24:25.062+0000] {processor.py:186} INFO - Started process (PID=48688) to work on /home/airflow/.local/lib/python3.12/site-packages/airflow/example_dags/example_latest_only_with_trigger.py
[2024-10-28T00:24:25.063+0000] {processor.py:914} INFO - Processing file /home/airflow/.local/lib/python3.12/site-packages/airflow/example_dags/example_latest_only_with_trigger.py for tasks to queue
[2024-10-28T00:24:25.065+0000] {logging_mixin.py:190} INFO - [2024-10-28T00:24:25.064+0000] {dagbag.py:588} INFO - Filling up the DagBag from /home/airflow/.local/lib/python3.12/site-packages/airflow/example_dags/example_latest_only_with_trigger.py
[2024-10-28T00:24:25.072+0000] {processor.py:925} INFO - DAG(s) 'latest_only_with_trigger' retrieved from /home/airflow/.local/lib/python3.12/site-packages/airflow/example_dags/example_latest_only_with_trigger.py
[2024-10-28T00:24:25.091+0000] {logging_mixin.py:190} INFO - [2024-10-28T00:24:25.090+0000] {dag.py:3239} INFO - Sync 1 DAGs
[2024-10-28T00:24:25.112+0000] {logging_mixin.py:190} INFO - [2024-10-28T00:24:25.111+0000] {dag.py:4180} INFO - Setting next_dagrun for latest_only_with_trigger to 2024-10-27 20:00:00+00:00, run_after=2024-10-28 00:00:00+00:00
[2024-10-28T00:24:25.129+0000] {processor.py:208} INFO - Processing /home/airflow/.local/lib/python3.12/site-packages/airflow/example_dags/example_latest_only_with_trigger.py took 0.072 seconds
[2024-10-28T00:24:55.639+0000] {processor.py:186} INFO - Started process (PID=48762) to work on /home/airflow/.local/lib/python3.12/site-packages/airflow/example_dags/example_latest_only_with_trigger.py
[2024-10-28T00:24:55.640+0000] {processor.py:914} INFO - Processing file /home/airflow/.local/lib/python3.12/site-packages/airflow/example_dags/example_latest_only_with_trigger.py for tasks to queue
[2024-10-28T00:24:55.642+0000] {logging_mixin.py:190} INFO - [2024-10-28T00:24:55.641+0000] {dagbag.py:588} INFO - Filling up the DagBag from /home/airflow/.local/lib/python3.12/site-packages/airflow/example_dags/example_latest_only_with_trigger.py
[2024-10-28T00:24:55.649+0000] {processor.py:925} INFO - DAG(s) 'latest_only_with_trigger' retrieved from /home/airflow/.local/lib/python3.12/site-packages/airflow/example_dags/example_latest_only_with_trigger.py
[2024-10-28T00:24:55.671+0000] {logging_mixin.py:190} INFO - [2024-10-28T00:24:55.671+0000] {dag.py:3239} INFO - Sync 1 DAGs
[2024-10-28T00:24:55.693+0000] {logging_mixin.py:190} INFO - [2024-10-28T00:24:55.693+0000] {dag.py:4180} INFO - Setting next_dagrun for latest_only_with_trigger to 2024-10-27 20:00:00+00:00, run_after=2024-10-28 00:00:00+00:00
[2024-10-28T00:24:55.712+0000] {processor.py:208} INFO - Processing /home/airflow/.local/lib/python3.12/site-packages/airflow/example_dags/example_latest_only_with_trigger.py took 0.080 seconds
[2024-10-28T00:25:26.095+0000] {processor.py:186} INFO - Started process (PID=48836) to work on /home/airflow/.local/lib/python3.12/site-packages/airflow/example_dags/example_latest_only_with_trigger.py
[2024-10-28T00:25:26.096+0000] {processor.py:914} INFO - Processing file /home/airflow/.local/lib/python3.12/site-packages/airflow/example_dags/example_latest_only_with_trigger.py for tasks to queue
[2024-10-28T00:25:26.098+0000] {logging_mixin.py:190} INFO - [2024-10-28T00:25:26.097+0000] {dagbag.py:588} INFO - Filling up the DagBag from /home/airflow/.local/lib/python3.12/site-packages/airflow/example_dags/example_latest_only_with_trigger.py
[2024-10-28T00:25:26.105+0000] {processor.py:925} INFO - DAG(s) 'latest_only_with_trigger' retrieved from /home/airflow/.local/lib/python3.12/site-packages/airflow/example_dags/example_latest_only_with_trigger.py
[2024-10-28T00:25:26.125+0000] {logging_mixin.py:190} INFO - [2024-10-28T00:25:26.124+0000] {dag.py:3239} INFO - Sync 1 DAGs
[2024-10-28T00:25:26.145+0000] {logging_mixin.py:190} INFO - [2024-10-28T00:25:26.145+0000] {dag.py:4180} INFO - Setting next_dagrun for latest_only_with_trigger to 2024-10-27 20:00:00+00:00, run_after=2024-10-28 00:00:00+00:00
[2024-10-28T00:25:26.164+0000] {processor.py:208} INFO - Processing /home/airflow/.local/lib/python3.12/site-packages/airflow/example_dags/example_latest_only_with_trigger.py took 0.075 seconds
[2024-10-28T00:25:56.611+0000] {processor.py:186} INFO - Started process (PID=48909) to work on /home/airflow/.local/lib/python3.12/site-packages/airflow/example_dags/example_latest_only_with_trigger.py
[2024-10-28T00:25:56.612+0000] {processor.py:914} INFO - Processing file /home/airflow/.local/lib/python3.12/site-packages/airflow/example_dags/example_latest_only_with_trigger.py for tasks to queue
[2024-10-28T00:25:56.613+0000] {logging_mixin.py:190} INFO - [2024-10-28T00:25:56.613+0000] {dagbag.py:588} INFO - Filling up the DagBag from /home/airflow/.local/lib/python3.12/site-packages/airflow/example_dags/example_latest_only_with_trigger.py
[2024-10-28T00:25:56.620+0000] {processor.py:925} INFO - DAG(s) 'latest_only_with_trigger' retrieved from /home/airflow/.local/lib/python3.12/site-packages/airflow/example_dags/example_latest_only_with_trigger.py
[2024-10-28T00:25:56.638+0000] {logging_mixin.py:190} INFO - [2024-10-28T00:25:56.638+0000] {dag.py:3239} INFO - Sync 1 DAGs
[2024-10-28T00:25:56.661+0000] {logging_mixin.py:190} INFO - [2024-10-28T00:25:56.661+0000] {dag.py:4180} INFO - Setting next_dagrun for latest_only_with_trigger to 2024-10-27 20:00:00+00:00, run_after=2024-10-28 00:00:00+00:00
[2024-10-28T00:25:56.679+0000] {processor.py:208} INFO - Processing /home/airflow/.local/lib/python3.12/site-packages/airflow/example_dags/example_latest_only_with_trigger.py took 0.074 seconds
[2024-10-28T00:26:27.142+0000] {processor.py:186} INFO - Started process (PID=48984) to work on /home/airflow/.local/lib/python3.12/site-packages/airflow/example_dags/example_latest_only_with_trigger.py
[2024-10-28T00:26:27.143+0000] {processor.py:914} INFO - Processing file /home/airflow/.local/lib/python3.12/site-packages/airflow/example_dags/example_latest_only_with_trigger.py for tasks to queue
[2024-10-28T00:26:27.145+0000] {logging_mixin.py:190} INFO - [2024-10-28T00:26:27.144+0000] {dagbag.py:588} INFO - Filling up the DagBag from /home/airflow/.local/lib/python3.12/site-packages/airflow/example_dags/example_latest_only_with_trigger.py
[2024-10-28T00:26:27.152+0000] {processor.py:925} INFO - DAG(s) 'latest_only_with_trigger' retrieved from /home/airflow/.local/lib/python3.12/site-packages/airflow/example_dags/example_latest_only_with_trigger.py
[2024-10-28T00:26:27.174+0000] {logging_mixin.py:190} INFO - [2024-10-28T00:26:27.174+0000] {dag.py:3239} INFO - Sync 1 DAGs
[2024-10-28T00:26:27.197+0000] {logging_mixin.py:190} INFO - [2024-10-28T00:26:27.196+0000] {dag.py:4180} INFO - Setting next_dagrun for latest_only_with_trigger to 2024-10-27 20:00:00+00:00, run_after=2024-10-28 00:00:00+00:00
[2024-10-28T00:26:27.217+0000] {processor.py:208} INFO - Processing /home/airflow/.local/lib/python3.12/site-packages/airflow/example_dags/example_latest_only_with_trigger.py took 0.081 seconds
[2024-10-28T00:26:57.474+0000] {processor.py:186} INFO - Started process (PID=49058) to work on /home/airflow/.local/lib/python3.12/site-packages/airflow/example_dags/example_latest_only_with_trigger.py
[2024-10-28T00:26:57.475+0000] {processor.py:914} INFO - Processing file /home/airflow/.local/lib/python3.12/site-packages/airflow/example_dags/example_latest_only_with_trigger.py for tasks to queue
[2024-10-28T00:26:57.477+0000] {logging_mixin.py:190} INFO - [2024-10-28T00:26:57.476+0000] {dagbag.py:588} INFO - Filling up the DagBag from /home/airflow/.local/lib/python3.12/site-packages/airflow/example_dags/example_latest_only_with_trigger.py
[2024-10-28T00:26:57.486+0000] {processor.py:925} INFO - DAG(s) 'latest_only_with_trigger' retrieved from /home/airflow/.local/lib/python3.12/site-packages/airflow/example_dags/example_latest_only_with_trigger.py
[2024-10-28T00:26:57.509+0000] {logging_mixin.py:190} INFO - [2024-10-28T00:26:57.509+0000] {dag.py:3239} INFO - Sync 1 DAGs
[2024-10-28T00:26:57.531+0000] {logging_mixin.py:190} INFO - [2024-10-28T00:26:57.531+0000] {dag.py:4180} INFO - Setting next_dagrun for latest_only_with_trigger to 2024-10-27 20:00:00+00:00, run_after=2024-10-28 00:00:00+00:00
[2024-10-28T00:26:57.548+0000] {processor.py:208} INFO - Processing /home/airflow/.local/lib/python3.12/site-packages/airflow/example_dags/example_latest_only_with_trigger.py took 0.081 seconds
[2024-10-28T00:27:28.540+0000] {processor.py:186} INFO - Started process (PID=49132) to work on /home/airflow/.local/lib/python3.12/site-packages/airflow/example_dags/example_latest_only_with_trigger.py
[2024-10-28T00:27:28.541+0000] {processor.py:914} INFO - Processing file /home/airflow/.local/lib/python3.12/site-packages/airflow/example_dags/example_latest_only_with_trigger.py for tasks to queue
[2024-10-28T00:27:28.543+0000] {logging_mixin.py:190} INFO - [2024-10-28T00:27:28.542+0000] {dagbag.py:588} INFO - Filling up the DagBag from /home/airflow/.local/lib/python3.12/site-packages/airflow/example_dags/example_latest_only_with_trigger.py
[2024-10-28T00:27:28.550+0000] {processor.py:925} INFO - DAG(s) 'latest_only_with_trigger' retrieved from /home/airflow/.local/lib/python3.12/site-packages/airflow/example_dags/example_latest_only_with_trigger.py
[2024-10-28T00:27:28.570+0000] {logging_mixin.py:190} INFO - [2024-10-28T00:27:28.569+0000] {dag.py:3239} INFO - Sync 1 DAGs
[2024-10-28T00:27:28.590+0000] {logging_mixin.py:190} INFO - [2024-10-28T00:27:28.590+0000] {dag.py:4180} INFO - Setting next_dagrun for latest_only_with_trigger to 2024-10-27 20:00:00+00:00, run_after=2024-10-28 00:00:00+00:00
[2024-10-28T00:27:28.609+0000] {processor.py:208} INFO - Processing /home/airflow/.local/lib/python3.12/site-packages/airflow/example_dags/example_latest_only_with_trigger.py took 0.074 seconds
[2024-10-28T00:27:59.510+0000] {processor.py:186} INFO - Started process (PID=49206) to work on /home/airflow/.local/lib/python3.12/site-packages/airflow/example_dags/example_latest_only_with_trigger.py
[2024-10-28T00:27:59.511+0000] {processor.py:914} INFO - Processing file /home/airflow/.local/lib/python3.12/site-packages/airflow/example_dags/example_latest_only_with_trigger.py for tasks to queue
[2024-10-28T00:27:59.512+0000] {logging_mixin.py:190} INFO - [2024-10-28T00:27:59.512+0000] {dagbag.py:588} INFO - Filling up the DagBag from /home/airflow/.local/lib/python3.12/site-packages/airflow/example_dags/example_latest_only_with_trigger.py
[2024-10-28T00:27:59.520+0000] {processor.py:925} INFO - DAG(s) 'latest_only_with_trigger' retrieved from /home/airflow/.local/lib/python3.12/site-packages/airflow/example_dags/example_latest_only_with_trigger.py
[2024-10-28T00:27:59.538+0000] {logging_mixin.py:190} INFO - [2024-10-28T00:27:59.538+0000] {dag.py:3239} INFO - Sync 1 DAGs
[2024-10-28T00:27:59.559+0000] {logging_mixin.py:190} INFO - [2024-10-28T00:27:59.559+0000] {dag.py:4180} INFO - Setting next_dagrun for latest_only_with_trigger to 2024-10-27 20:00:00+00:00, run_after=2024-10-28 00:00:00+00:00
[2024-10-28T00:27:59.576+0000] {processor.py:208} INFO - Processing /home/airflow/.local/lib/python3.12/site-packages/airflow/example_dags/example_latest_only_with_trigger.py took 0.072 seconds
[2024-10-28T00:28:30.064+0000] {processor.py:186} INFO - Started process (PID=49280) to work on /home/airflow/.local/lib/python3.12/site-packages/airflow/example_dags/example_latest_only_with_trigger.py
[2024-10-28T00:28:30.065+0000] {processor.py:914} INFO - Processing file /home/airflow/.local/lib/python3.12/site-packages/airflow/example_dags/example_latest_only_with_trigger.py for tasks to queue
[2024-10-28T00:28:30.067+0000] {logging_mixin.py:190} INFO - [2024-10-28T00:28:30.066+0000] {dagbag.py:588} INFO - Filling up the DagBag from /home/airflow/.local/lib/python3.12/site-packages/airflow/example_dags/example_latest_only_with_trigger.py
[2024-10-28T00:28:30.074+0000] {processor.py:925} INFO - DAG(s) 'latest_only_with_trigger' retrieved from /home/airflow/.local/lib/python3.12/site-packages/airflow/example_dags/example_latest_only_with_trigger.py
[2024-10-28T00:28:30.093+0000] {logging_mixin.py:190} INFO - [2024-10-28T00:28:30.093+0000] {dag.py:3239} INFO - Sync 1 DAGs
[2024-10-28T00:28:30.117+0000] {logging_mixin.py:190} INFO - [2024-10-28T00:28:30.117+0000] {dag.py:4180} INFO - Setting next_dagrun for latest_only_with_trigger to 2024-10-27 20:00:00+00:00, run_after=2024-10-28 00:00:00+00:00
[2024-10-28T00:28:30.136+0000] {processor.py:208} INFO - Processing /home/airflow/.local/lib/python3.12/site-packages/airflow/example_dags/example_latest_only_with_trigger.py took 0.077 seconds
[2024-10-28T00:29:00.657+0000] {processor.py:186} INFO - Started process (PID=49354) to work on /home/airflow/.local/lib/python3.12/site-packages/airflow/example_dags/example_latest_only_with_trigger.py
[2024-10-28T00:29:00.659+0000] {processor.py:914} INFO - Processing file /home/airflow/.local/lib/python3.12/site-packages/airflow/example_dags/example_latest_only_with_trigger.py for tasks to queue
[2024-10-28T00:29:00.661+0000] {logging_mixin.py:190} INFO - [2024-10-28T00:29:00.661+0000] {dagbag.py:588} INFO - Filling up the DagBag from /home/airflow/.local/lib/python3.12/site-packages/airflow/example_dags/example_latest_only_with_trigger.py
[2024-10-28T00:29:00.671+0000] {processor.py:925} INFO - DAG(s) 'latest_only_with_trigger' retrieved from /home/airflow/.local/lib/python3.12/site-packages/airflow/example_dags/example_latest_only_with_trigger.py
[2024-10-28T00:29:00.696+0000] {logging_mixin.py:190} INFO - [2024-10-28T00:29:00.696+0000] {dag.py:3239} INFO - Sync 1 DAGs
[2024-10-28T00:29:00.724+0000] {logging_mixin.py:190} INFO - [2024-10-28T00:29:00.724+0000] {dag.py:4180} INFO - Setting next_dagrun for latest_only_with_trigger to 2024-10-27 20:00:00+00:00, run_after=2024-10-28 00:00:00+00:00
[2024-10-28T00:29:00.746+0000] {processor.py:208} INFO - Processing /home/airflow/.local/lib/python3.12/site-packages/airflow/example_dags/example_latest_only_with_trigger.py took 0.096 seconds
[2024-10-28T00:29:31.747+0000] {processor.py:186} INFO - Started process (PID=49428) to work on /home/airflow/.local/lib/python3.12/site-packages/airflow/example_dags/example_latest_only_with_trigger.py
[2024-10-28T00:29:31.748+0000] {processor.py:914} INFO - Processing file /home/airflow/.local/lib/python3.12/site-packages/airflow/example_dags/example_latest_only_with_trigger.py for tasks to queue
[2024-10-28T00:29:31.750+0000] {logging_mixin.py:190} INFO - [2024-10-28T00:29:31.749+0000] {dagbag.py:588} INFO - Filling up the DagBag from /home/airflow/.local/lib/python3.12/site-packages/airflow/example_dags/example_latest_only_with_trigger.py
[2024-10-28T00:29:31.757+0000] {processor.py:925} INFO - DAG(s) 'latest_only_with_trigger' retrieved from /home/airflow/.local/lib/python3.12/site-packages/airflow/example_dags/example_latest_only_with_trigger.py
[2024-10-28T00:29:31.777+0000] {logging_mixin.py:190} INFO - [2024-10-28T00:29:31.777+0000] {dag.py:3239} INFO - Sync 1 DAGs
[2024-10-28T00:29:31.801+0000] {logging_mixin.py:190} INFO - [2024-10-28T00:29:31.800+0000] {dag.py:4180} INFO - Setting next_dagrun for latest_only_with_trigger to 2024-10-27 20:00:00+00:00, run_after=2024-10-28 00:00:00+00:00
[2024-10-28T00:29:31.821+0000] {processor.py:208} INFO - Processing /home/airflow/.local/lib/python3.12/site-packages/airflow/example_dags/example_latest_only_with_trigger.py took 0.079 seconds
[2024-10-28T00:30:02.587+0000] {processor.py:186} INFO - Started process (PID=49502) to work on /home/airflow/.local/lib/python3.12/site-packages/airflow/example_dags/example_latest_only_with_trigger.py
[2024-10-28T00:30:02.588+0000] {processor.py:914} INFO - Processing file /home/airflow/.local/lib/python3.12/site-packages/airflow/example_dags/example_latest_only_with_trigger.py for tasks to queue
[2024-10-28T00:30:02.590+0000] {logging_mixin.py:190} INFO - [2024-10-28T00:30:02.590+0000] {dagbag.py:588} INFO - Filling up the DagBag from /home/airflow/.local/lib/python3.12/site-packages/airflow/example_dags/example_latest_only_with_trigger.py
[2024-10-28T00:30:02.599+0000] {processor.py:925} INFO - DAG(s) 'latest_only_with_trigger' retrieved from /home/airflow/.local/lib/python3.12/site-packages/airflow/example_dags/example_latest_only_with_trigger.py
[2024-10-28T00:30:02.617+0000] {logging_mixin.py:190} INFO - [2024-10-28T00:30:02.617+0000] {dag.py:3239} INFO - Sync 1 DAGs
[2024-10-28T00:30:02.637+0000] {logging_mixin.py:190} INFO - [2024-10-28T00:30:02.637+0000] {dag.py:4180} INFO - Setting next_dagrun for latest_only_with_trigger to 2024-10-27 20:00:00+00:00, run_after=2024-10-28 00:00:00+00:00
[2024-10-28T00:30:02.655+0000] {processor.py:208} INFO - Processing /home/airflow/.local/lib/python3.12/site-packages/airflow/example_dags/example_latest_only_with_trigger.py took 0.073 seconds
[2024-10-28T00:30:33.551+0000] {processor.py:186} INFO - Started process (PID=49576) to work on /home/airflow/.local/lib/python3.12/site-packages/airflow/example_dags/example_latest_only_with_trigger.py
[2024-10-28T00:30:33.551+0000] {processor.py:914} INFO - Processing file /home/airflow/.local/lib/python3.12/site-packages/airflow/example_dags/example_latest_only_with_trigger.py for tasks to queue
[2024-10-28T00:30:33.553+0000] {logging_mixin.py:190} INFO - [2024-10-28T00:30:33.552+0000] {dagbag.py:588} INFO - Filling up the DagBag from /home/airflow/.local/lib/python3.12/site-packages/airflow/example_dags/example_latest_only_with_trigger.py
[2024-10-28T00:30:33.561+0000] {processor.py:925} INFO - DAG(s) 'latest_only_with_trigger' retrieved from /home/airflow/.local/lib/python3.12/site-packages/airflow/example_dags/example_latest_only_with_trigger.py
[2024-10-28T00:30:33.584+0000] {logging_mixin.py:190} INFO - [2024-10-28T00:30:33.583+0000] {dag.py:3239} INFO - Sync 1 DAGs
[2024-10-28T00:30:33.609+0000] {logging_mixin.py:190} INFO - [2024-10-28T00:30:33.608+0000] {dag.py:4180} INFO - Setting next_dagrun for latest_only_with_trigger to 2024-10-27 20:00:00+00:00, run_after=2024-10-28 00:00:00+00:00
[2024-10-28T00:30:33.629+0000] {processor.py:208} INFO - Processing /home/airflow/.local/lib/python3.12/site-packages/airflow/example_dags/example_latest_only_with_trigger.py took 0.084 seconds
[2024-10-28T00:31:04.306+0000] {processor.py:186} INFO - Started process (PID=49650) to work on /home/airflow/.local/lib/python3.12/site-packages/airflow/example_dags/example_latest_only_with_trigger.py
[2024-10-28T00:31:04.307+0000] {processor.py:914} INFO - Processing file /home/airflow/.local/lib/python3.12/site-packages/airflow/example_dags/example_latest_only_with_trigger.py for tasks to queue
[2024-10-28T00:31:04.308+0000] {logging_mixin.py:190} INFO - [2024-10-28T00:31:04.308+0000] {dagbag.py:588} INFO - Filling up the DagBag from /home/airflow/.local/lib/python3.12/site-packages/airflow/example_dags/example_latest_only_with_trigger.py
[2024-10-28T00:31:04.316+0000] {processor.py:925} INFO - DAG(s) 'latest_only_with_trigger' retrieved from /home/airflow/.local/lib/python3.12/site-packages/airflow/example_dags/example_latest_only_with_trigger.py
[2024-10-28T00:31:04.336+0000] {logging_mixin.py:190} INFO - [2024-10-28T00:31:04.336+0000] {dag.py:3239} INFO - Sync 1 DAGs
[2024-10-28T00:31:04.358+0000] {logging_mixin.py:190} INFO - [2024-10-28T00:31:04.358+0000] {dag.py:4180} INFO - Setting next_dagrun for latest_only_with_trigger to 2024-10-27 20:00:00+00:00, run_after=2024-10-28 00:00:00+00:00
[2024-10-28T00:31:04.377+0000] {processor.py:208} INFO - Processing /home/airflow/.local/lib/python3.12/site-packages/airflow/example_dags/example_latest_only_with_trigger.py took 0.078 seconds
[2024-10-28T00:31:35.332+0000] {processor.py:186} INFO - Started process (PID=49724) to work on /home/airflow/.local/lib/python3.12/site-packages/airflow/example_dags/example_latest_only_with_trigger.py
[2024-10-28T00:31:35.333+0000] {processor.py:914} INFO - Processing file /home/airflow/.local/lib/python3.12/site-packages/airflow/example_dags/example_latest_only_with_trigger.py for tasks to queue
[2024-10-28T00:31:35.335+0000] {logging_mixin.py:190} INFO - [2024-10-28T00:31:35.334+0000] {dagbag.py:588} INFO - Filling up the DagBag from /home/airflow/.local/lib/python3.12/site-packages/airflow/example_dags/example_latest_only_with_trigger.py
[2024-10-28T00:31:35.342+0000] {processor.py:925} INFO - DAG(s) 'latest_only_with_trigger' retrieved from /home/airflow/.local/lib/python3.12/site-packages/airflow/example_dags/example_latest_only_with_trigger.py
[2024-10-28T00:31:35.361+0000] {logging_mixin.py:190} INFO - [2024-10-28T00:31:35.361+0000] {dag.py:3239} INFO - Sync 1 DAGs
[2024-10-28T00:31:35.383+0000] {logging_mixin.py:190} INFO - [2024-10-28T00:31:35.383+0000] {dag.py:4180} INFO - Setting next_dagrun for latest_only_with_trigger to 2024-10-27 20:00:00+00:00, run_after=2024-10-28 00:00:00+00:00
[2024-10-28T00:31:35.400+0000] {processor.py:208} INFO - Processing /home/airflow/.local/lib/python3.12/site-packages/airflow/example_dags/example_latest_only_with_trigger.py took 0.074 seconds
[2024-10-28T00:32:05.522+0000] {processor.py:186} INFO - Started process (PID=49786) to work on /home/airflow/.local/lib/python3.12/site-packages/airflow/example_dags/example_latest_only_with_trigger.py
[2024-10-28T00:32:05.523+0000] {processor.py:914} INFO - Processing file /home/airflow/.local/lib/python3.12/site-packages/airflow/example_dags/example_latest_only_with_trigger.py for tasks to queue
[2024-10-28T00:32:05.524+0000] {logging_mixin.py:190} INFO - [2024-10-28T00:32:05.524+0000] {dagbag.py:588} INFO - Filling up the DagBag from /home/airflow/.local/lib/python3.12/site-packages/airflow/example_dags/example_latest_only_with_trigger.py
[2024-10-28T00:32:05.531+0000] {processor.py:925} INFO - DAG(s) 'latest_only_with_trigger' retrieved from /home/airflow/.local/lib/python3.12/site-packages/airflow/example_dags/example_latest_only_with_trigger.py
[2024-10-28T00:32:05.550+0000] {logging_mixin.py:190} INFO - [2024-10-28T00:32:05.550+0000] {dag.py:3239} INFO - Sync 1 DAGs
[2024-10-28T00:32:05.572+0000] {logging_mixin.py:190} INFO - [2024-10-28T00:32:05.572+0000] {dag.py:4180} INFO - Setting next_dagrun for latest_only_with_trigger to 2024-10-27 20:00:00+00:00, run_after=2024-10-28 00:00:00+00:00
[2024-10-28T00:32:05.590+0000] {processor.py:208} INFO - Processing /home/airflow/.local/lib/python3.12/site-packages/airflow/example_dags/example_latest_only_with_trigger.py took 0.073 seconds
[2024-10-28T00:32:35.879+0000] {processor.py:186} INFO - Started process (PID=49860) to work on /home/airflow/.local/lib/python3.12/site-packages/airflow/example_dags/example_latest_only_with_trigger.py
[2024-10-28T00:32:35.880+0000] {processor.py:914} INFO - Processing file /home/airflow/.local/lib/python3.12/site-packages/airflow/example_dags/example_latest_only_with_trigger.py for tasks to queue
[2024-10-28T00:32:35.881+0000] {logging_mixin.py:190} INFO - [2024-10-28T00:32:35.881+0000] {dagbag.py:588} INFO - Filling up the DagBag from /home/airflow/.local/lib/python3.12/site-packages/airflow/example_dags/example_latest_only_with_trigger.py
[2024-10-28T00:32:35.888+0000] {processor.py:925} INFO - DAG(s) 'latest_only_with_trigger' retrieved from /home/airflow/.local/lib/python3.12/site-packages/airflow/example_dags/example_latest_only_with_trigger.py
[2024-10-28T00:32:35.907+0000] {logging_mixin.py:190} INFO - [2024-10-28T00:32:35.907+0000] {dag.py:3239} INFO - Sync 1 DAGs
[2024-10-28T00:32:35.928+0000] {logging_mixin.py:190} INFO - [2024-10-28T00:32:35.928+0000] {dag.py:4180} INFO - Setting next_dagrun for latest_only_with_trigger to 2024-10-27 20:00:00+00:00, run_after=2024-10-28 00:00:00+00:00
[2024-10-28T00:32:35.947+0000] {processor.py:208} INFO - Processing /home/airflow/.local/lib/python3.12/site-packages/airflow/example_dags/example_latest_only_with_trigger.py took 0.074 seconds
[2024-10-28T00:33:06.662+0000] {processor.py:186} INFO - Started process (PID=49934) to work on /home/airflow/.local/lib/python3.12/site-packages/airflow/example_dags/example_latest_only_with_trigger.py
[2024-10-28T00:33:06.663+0000] {processor.py:914} INFO - Processing file /home/airflow/.local/lib/python3.12/site-packages/airflow/example_dags/example_latest_only_with_trigger.py for tasks to queue
[2024-10-28T00:33:06.664+0000] {logging_mixin.py:190} INFO - [2024-10-28T00:33:06.664+0000] {dagbag.py:588} INFO - Filling up the DagBag from /home/airflow/.local/lib/python3.12/site-packages/airflow/example_dags/example_latest_only_with_trigger.py
[2024-10-28T00:33:06.672+0000] {processor.py:925} INFO - DAG(s) 'latest_only_with_trigger' retrieved from /home/airflow/.local/lib/python3.12/site-packages/airflow/example_dags/example_latest_only_with_trigger.py
[2024-10-28T00:33:06.693+0000] {logging_mixin.py:190} INFO - [2024-10-28T00:33:06.692+0000] {dag.py:3239} INFO - Sync 1 DAGs
[2024-10-28T00:33:06.716+0000] {logging_mixin.py:190} INFO - [2024-10-28T00:33:06.716+0000] {dag.py:4180} INFO - Setting next_dagrun for latest_only_with_trigger to 2024-10-27 20:00:00+00:00, run_after=2024-10-28 00:00:00+00:00
[2024-10-28T00:33:06.735+0000] {processor.py:208} INFO - Processing /home/airflow/.local/lib/python3.12/site-packages/airflow/example_dags/example_latest_only_with_trigger.py took 0.078 seconds
[2024-10-28T00:33:37.496+0000] {processor.py:186} INFO - Started process (PID=50008) to work on /home/airflow/.local/lib/python3.12/site-packages/airflow/example_dags/example_latest_only_with_trigger.py
[2024-10-28T00:33:37.497+0000] {processor.py:914} INFO - Processing file /home/airflow/.local/lib/python3.12/site-packages/airflow/example_dags/example_latest_only_with_trigger.py for tasks to queue
[2024-10-28T00:33:37.499+0000] {logging_mixin.py:190} INFO - [2024-10-28T00:33:37.498+0000] {dagbag.py:588} INFO - Filling up the DagBag from /home/airflow/.local/lib/python3.12/site-packages/airflow/example_dags/example_latest_only_with_trigger.py
[2024-10-28T00:33:37.509+0000] {processor.py:925} INFO - DAG(s) 'latest_only_with_trigger' retrieved from /home/airflow/.local/lib/python3.12/site-packages/airflow/example_dags/example_latest_only_with_trigger.py
[2024-10-28T00:33:37.533+0000] {logging_mixin.py:190} INFO - [2024-10-28T00:33:37.533+0000] {dag.py:3239} INFO - Sync 1 DAGs
[2024-10-28T00:33:37.557+0000] {logging_mixin.py:190} INFO - [2024-10-28T00:33:37.556+0000] {dag.py:4180} INFO - Setting next_dagrun for latest_only_with_trigger to 2024-10-27 20:00:00+00:00, run_after=2024-10-28 00:00:00+00:00
[2024-10-28T00:33:37.575+0000] {processor.py:208} INFO - Processing /home/airflow/.local/lib/python3.12/site-packages/airflow/example_dags/example_latest_only_with_trigger.py took 0.085 seconds
