[2024-10-28T00:00:05.827+0000] {processor.py:186} INFO - Started process (PID=45175) to work on /home/airflow/.local/lib/python3.12/site-packages/airflow/example_dags/example_bash_operator.py
[2024-10-28T00:00:05.828+0000] {processor.py:914} INFO - Processing file /home/airflow/.local/lib/python3.12/site-packages/airflow/example_dags/example_bash_operator.py for tasks to queue
[2024-10-28T00:00:05.829+0000] {logging_mixin.py:190} INFO - [2024-10-28T00:00:05.829+0000] {dagbag.py:588} INFO - Filling up the DagBag from /home/airflow/.local/lib/python3.12/site-packages/airflow/example_dags/example_bash_operator.py
[2024-10-28T00:00:05.843+0000] {processor.py:925} INFO - DAG(s) 'example_bash_operator' retrieved from /home/airflow/.local/lib/python3.12/site-packages/airflow/example_dags/example_bash_operator.py
[2024-10-28T00:00:05.874+0000] {logging_mixin.py:190} INFO - [2024-10-28T00:00:05.874+0000] {dag.py:3239} INFO - Sync 1 DAGs
[2024-10-28T00:00:05.906+0000] {logging_mixin.py:190} INFO - [2024-10-28T00:00:05.906+0000] {dag.py:4180} INFO - Setting next_dagrun for example_bash_operator to 2024-10-27 00:00:00+00:00, run_after=2024-10-28 00:00:00+00:00
[2024-10-28T00:00:05.927+0000] {processor.py:208} INFO - Processing /home/airflow/.local/lib/python3.12/site-packages/airflow/example_dags/example_bash_operator.py took 0.107 seconds
[2024-10-28T00:00:36.518+0000] {processor.py:186} INFO - Started process (PID=45249) to work on /home/airflow/.local/lib/python3.12/site-packages/airflow/example_dags/example_bash_operator.py
[2024-10-28T00:00:36.519+0000] {processor.py:914} INFO - Processing file /home/airflow/.local/lib/python3.12/site-packages/airflow/example_dags/example_bash_operator.py for tasks to queue
[2024-10-28T00:00:36.521+0000] {logging_mixin.py:190} INFO - [2024-10-28T00:00:36.521+0000] {dagbag.py:588} INFO - Filling up the DagBag from /home/airflow/.local/lib/python3.12/site-packages/airflow/example_dags/example_bash_operator.py
[2024-10-28T00:00:36.535+0000] {processor.py:925} INFO - DAG(s) 'example_bash_operator' retrieved from /home/airflow/.local/lib/python3.12/site-packages/airflow/example_dags/example_bash_operator.py
[2024-10-28T00:00:36.576+0000] {logging_mixin.py:190} INFO - [2024-10-28T00:00:36.575+0000] {dag.py:3239} INFO - Sync 1 DAGs
[2024-10-28T00:00:36.614+0000] {logging_mixin.py:190} INFO - [2024-10-28T00:00:36.614+0000] {dag.py:4180} INFO - Setting next_dagrun for example_bash_operator to 2024-10-27 00:00:00+00:00, run_after=2024-10-28 00:00:00+00:00
[2024-10-28T00:00:36.638+0000] {processor.py:208} INFO - Processing /home/airflow/.local/lib/python3.12/site-packages/airflow/example_dags/example_bash_operator.py took 0.127 seconds
[2024-10-28T00:01:07.138+0000] {processor.py:186} INFO - Started process (PID=45323) to work on /home/airflow/.local/lib/python3.12/site-packages/airflow/example_dags/example_bash_operator.py
[2024-10-28T00:01:07.139+0000] {processor.py:914} INFO - Processing file /home/airflow/.local/lib/python3.12/site-packages/airflow/example_dags/example_bash_operator.py for tasks to queue
[2024-10-28T00:01:07.141+0000] {logging_mixin.py:190} INFO - [2024-10-28T00:01:07.140+0000] {dagbag.py:588} INFO - Filling up the DagBag from /home/airflow/.local/lib/python3.12/site-packages/airflow/example_dags/example_bash_operator.py
[2024-10-28T00:01:07.159+0000] {processor.py:925} INFO - DAG(s) 'example_bash_operator' retrieved from /home/airflow/.local/lib/python3.12/site-packages/airflow/example_dags/example_bash_operator.py
[2024-10-28T00:01:07.193+0000] {logging_mixin.py:190} INFO - [2024-10-28T00:01:07.193+0000] {dag.py:3239} INFO - Sync 1 DAGs
[2024-10-28T00:01:07.223+0000] {logging_mixin.py:190} INFO - [2024-10-28T00:01:07.223+0000] {dag.py:4180} INFO - Setting next_dagrun for example_bash_operator to 2024-10-27 00:00:00+00:00, run_after=2024-10-28 00:00:00+00:00
[2024-10-28T00:01:07.246+0000] {processor.py:208} INFO - Processing /home/airflow/.local/lib/python3.12/site-packages/airflow/example_dags/example_bash_operator.py took 0.116 seconds
[2024-10-28T00:01:37.338+0000] {processor.py:186} INFO - Started process (PID=45397) to work on /home/airflow/.local/lib/python3.12/site-packages/airflow/example_dags/example_bash_operator.py
[2024-10-28T00:01:37.340+0000] {processor.py:914} INFO - Processing file /home/airflow/.local/lib/python3.12/site-packages/airflow/example_dags/example_bash_operator.py for tasks to queue
[2024-10-28T00:01:37.341+0000] {logging_mixin.py:190} INFO - [2024-10-28T00:01:37.341+0000] {dagbag.py:588} INFO - Filling up the DagBag from /home/airflow/.local/lib/python3.12/site-packages/airflow/example_dags/example_bash_operator.py
[2024-10-28T00:01:37.357+0000] {processor.py:925} INFO - DAG(s) 'example_bash_operator' retrieved from /home/airflow/.local/lib/python3.12/site-packages/airflow/example_dags/example_bash_operator.py
[2024-10-28T00:01:37.391+0000] {logging_mixin.py:190} INFO - [2024-10-28T00:01:37.390+0000] {dag.py:3239} INFO - Sync 1 DAGs
[2024-10-28T00:01:37.416+0000] {logging_mixin.py:190} INFO - [2024-10-28T00:01:37.416+0000] {dag.py:4180} INFO - Setting next_dagrun for example_bash_operator to 2024-10-27 00:00:00+00:00, run_after=2024-10-28 00:00:00+00:00
[2024-10-28T00:01:37.434+0000] {processor.py:208} INFO - Processing /home/airflow/.local/lib/python3.12/site-packages/airflow/example_dags/example_bash_operator.py took 0.101 seconds
[2024-10-28T00:02:07.966+0000] {processor.py:186} INFO - Started process (PID=45471) to work on /home/airflow/.local/lib/python3.12/site-packages/airflow/example_dags/example_bash_operator.py
[2024-10-28T00:02:07.967+0000] {processor.py:914} INFO - Processing file /home/airflow/.local/lib/python3.12/site-packages/airflow/example_dags/example_bash_operator.py for tasks to queue
[2024-10-28T00:02:07.969+0000] {logging_mixin.py:190} INFO - [2024-10-28T00:02:07.969+0000] {dagbag.py:588} INFO - Filling up the DagBag from /home/airflow/.local/lib/python3.12/site-packages/airflow/example_dags/example_bash_operator.py
[2024-10-28T00:02:07.982+0000] {processor.py:925} INFO - DAG(s) 'example_bash_operator' retrieved from /home/airflow/.local/lib/python3.12/site-packages/airflow/example_dags/example_bash_operator.py
[2024-10-28T00:02:08.009+0000] {logging_mixin.py:190} INFO - [2024-10-28T00:02:08.009+0000] {dag.py:3239} INFO - Sync 1 DAGs
[2024-10-28T00:02:08.033+0000] {logging_mixin.py:190} INFO - [2024-10-28T00:02:08.033+0000] {dag.py:4180} INFO - Setting next_dagrun for example_bash_operator to 2024-10-27 00:00:00+00:00, run_after=2024-10-28 00:00:00+00:00
[2024-10-28T00:02:08.053+0000] {processor.py:208} INFO - Processing /home/airflow/.local/lib/python3.12/site-packages/airflow/example_dags/example_bash_operator.py took 0.092 seconds
[2024-10-28T00:02:38.176+0000] {processor.py:186} INFO - Started process (PID=45545) to work on /home/airflow/.local/lib/python3.12/site-packages/airflow/example_dags/example_bash_operator.py
[2024-10-28T00:02:38.178+0000] {processor.py:914} INFO - Processing file /home/airflow/.local/lib/python3.12/site-packages/airflow/example_dags/example_bash_operator.py for tasks to queue
[2024-10-28T00:02:38.179+0000] {logging_mixin.py:190} INFO - [2024-10-28T00:02:38.179+0000] {dagbag.py:588} INFO - Filling up the DagBag from /home/airflow/.local/lib/python3.12/site-packages/airflow/example_dags/example_bash_operator.py
[2024-10-28T00:02:38.191+0000] {processor.py:925} INFO - DAG(s) 'example_bash_operator' retrieved from /home/airflow/.local/lib/python3.12/site-packages/airflow/example_dags/example_bash_operator.py
[2024-10-28T00:02:38.217+0000] {logging_mixin.py:190} INFO - [2024-10-28T00:02:38.217+0000] {dag.py:3239} INFO - Sync 1 DAGs
[2024-10-28T00:02:38.240+0000] {logging_mixin.py:190} INFO - [2024-10-28T00:02:38.240+0000] {dag.py:4180} INFO - Setting next_dagrun for example_bash_operator to 2024-10-27 00:00:00+00:00, run_after=2024-10-28 00:00:00+00:00
[2024-10-28T00:02:38.259+0000] {processor.py:208} INFO - Processing /home/airflow/.local/lib/python3.12/site-packages/airflow/example_dags/example_bash_operator.py took 0.088 seconds
[2024-10-28T00:03:08.685+0000] {processor.py:186} INFO - Started process (PID=45619) to work on /home/airflow/.local/lib/python3.12/site-packages/airflow/example_dags/example_bash_operator.py
[2024-10-28T00:03:08.686+0000] {processor.py:914} INFO - Processing file /home/airflow/.local/lib/python3.12/site-packages/airflow/example_dags/example_bash_operator.py for tasks to queue
[2024-10-28T00:03:08.687+0000] {logging_mixin.py:190} INFO - [2024-10-28T00:03:08.687+0000] {dagbag.py:588} INFO - Filling up the DagBag from /home/airflow/.local/lib/python3.12/site-packages/airflow/example_dags/example_bash_operator.py
[2024-10-28T00:03:08.699+0000] {processor.py:925} INFO - DAG(s) 'example_bash_operator' retrieved from /home/airflow/.local/lib/python3.12/site-packages/airflow/example_dags/example_bash_operator.py
[2024-10-28T00:03:08.726+0000] {logging_mixin.py:190} INFO - [2024-10-28T00:03:08.725+0000] {dag.py:3239} INFO - Sync 1 DAGs
[2024-10-28T00:03:08.751+0000] {logging_mixin.py:190} INFO - [2024-10-28T00:03:08.751+0000] {dag.py:4180} INFO - Setting next_dagrun for example_bash_operator to 2024-10-27 00:00:00+00:00, run_after=2024-10-28 00:00:00+00:00
[2024-10-28T00:03:08.770+0000] {processor.py:208} INFO - Processing /home/airflow/.local/lib/python3.12/site-packages/airflow/example_dags/example_bash_operator.py took 0.092 seconds
[2024-10-28T00:03:38.913+0000] {processor.py:186} INFO - Started process (PID=45693) to work on /home/airflow/.local/lib/python3.12/site-packages/airflow/example_dags/example_bash_operator.py
[2024-10-28T00:03:38.914+0000] {processor.py:914} INFO - Processing file /home/airflow/.local/lib/python3.12/site-packages/airflow/example_dags/example_bash_operator.py for tasks to queue
[2024-10-28T00:03:38.916+0000] {logging_mixin.py:190} INFO - [2024-10-28T00:03:38.915+0000] {dagbag.py:588} INFO - Filling up the DagBag from /home/airflow/.local/lib/python3.12/site-packages/airflow/example_dags/example_bash_operator.py
[2024-10-28T00:03:38.928+0000] {processor.py:925} INFO - DAG(s) 'example_bash_operator' retrieved from /home/airflow/.local/lib/python3.12/site-packages/airflow/example_dags/example_bash_operator.py
[2024-10-28T00:03:38.955+0000] {logging_mixin.py:190} INFO - [2024-10-28T00:03:38.954+0000] {dag.py:3239} INFO - Sync 1 DAGs
[2024-10-28T00:03:38.979+0000] {logging_mixin.py:190} INFO - [2024-10-28T00:03:38.979+0000] {dag.py:4180} INFO - Setting next_dagrun for example_bash_operator to 2024-10-27 00:00:00+00:00, run_after=2024-10-28 00:00:00+00:00
[2024-10-28T00:03:39.008+0000] {processor.py:208} INFO - Processing /home/airflow/.local/lib/python3.12/site-packages/airflow/example_dags/example_bash_operator.py took 0.101 seconds
[2024-10-28T00:04:09.708+0000] {processor.py:186} INFO - Started process (PID=45767) to work on /home/airflow/.local/lib/python3.12/site-packages/airflow/example_dags/example_bash_operator.py
[2024-10-28T00:04:09.710+0000] {processor.py:914} INFO - Processing file /home/airflow/.local/lib/python3.12/site-packages/airflow/example_dags/example_bash_operator.py for tasks to queue
[2024-10-28T00:04:09.712+0000] {logging_mixin.py:190} INFO - [2024-10-28T00:04:09.711+0000] {dagbag.py:588} INFO - Filling up the DagBag from /home/airflow/.local/lib/python3.12/site-packages/airflow/example_dags/example_bash_operator.py
[2024-10-28T00:04:09.725+0000] {processor.py:925} INFO - DAG(s) 'example_bash_operator' retrieved from /home/airflow/.local/lib/python3.12/site-packages/airflow/example_dags/example_bash_operator.py
[2024-10-28T00:04:09.755+0000] {logging_mixin.py:190} INFO - [2024-10-28T00:04:09.754+0000] {dag.py:3239} INFO - Sync 1 DAGs
[2024-10-28T00:04:09.783+0000] {logging_mixin.py:190} INFO - [2024-10-28T00:04:09.782+0000] {dag.py:4180} INFO - Setting next_dagrun for example_bash_operator to 2024-10-27 00:00:00+00:00, run_after=2024-10-28 00:00:00+00:00
[2024-10-28T00:04:09.805+0000] {processor.py:208} INFO - Processing /home/airflow/.local/lib/python3.12/site-packages/airflow/example_dags/example_bash_operator.py took 0.103 seconds
[2024-10-28T00:04:40.032+0000] {processor.py:186} INFO - Started process (PID=45841) to work on /home/airflow/.local/lib/python3.12/site-packages/airflow/example_dags/example_bash_operator.py
[2024-10-28T00:04:40.033+0000] {processor.py:914} INFO - Processing file /home/airflow/.local/lib/python3.12/site-packages/airflow/example_dags/example_bash_operator.py for tasks to queue
[2024-10-28T00:04:40.035+0000] {logging_mixin.py:190} INFO - [2024-10-28T00:04:40.034+0000] {dagbag.py:588} INFO - Filling up the DagBag from /home/airflow/.local/lib/python3.12/site-packages/airflow/example_dags/example_bash_operator.py
[2024-10-28T00:04:40.049+0000] {processor.py:925} INFO - DAG(s) 'example_bash_operator' retrieved from /home/airflow/.local/lib/python3.12/site-packages/airflow/example_dags/example_bash_operator.py
[2024-10-28T00:04:40.077+0000] {logging_mixin.py:190} INFO - [2024-10-28T00:04:40.077+0000] {dag.py:3239} INFO - Sync 1 DAGs
[2024-10-28T00:04:40.099+0000] {logging_mixin.py:190} INFO - [2024-10-28T00:04:40.099+0000] {dag.py:4180} INFO - Setting next_dagrun for example_bash_operator to 2024-10-27 00:00:00+00:00, run_after=2024-10-28 00:00:00+00:00
[2024-10-28T00:04:40.118+0000] {processor.py:208} INFO - Processing /home/airflow/.local/lib/python3.12/site-packages/airflow/example_dags/example_bash_operator.py took 0.091 seconds
[2024-10-28T00:05:10.528+0000] {processor.py:186} INFO - Started process (PID=45915) to work on /home/airflow/.local/lib/python3.12/site-packages/airflow/example_dags/example_bash_operator.py
[2024-10-28T00:05:10.529+0000] {processor.py:914} INFO - Processing file /home/airflow/.local/lib/python3.12/site-packages/airflow/example_dags/example_bash_operator.py for tasks to queue
[2024-10-28T00:05:10.530+0000] {logging_mixin.py:190} INFO - [2024-10-28T00:05:10.530+0000] {dagbag.py:588} INFO - Filling up the DagBag from /home/airflow/.local/lib/python3.12/site-packages/airflow/example_dags/example_bash_operator.py
[2024-10-28T00:05:10.545+0000] {processor.py:925} INFO - DAG(s) 'example_bash_operator' retrieved from /home/airflow/.local/lib/python3.12/site-packages/airflow/example_dags/example_bash_operator.py
[2024-10-28T00:05:10.580+0000] {logging_mixin.py:190} INFO - [2024-10-28T00:05:10.580+0000] {dag.py:3239} INFO - Sync 1 DAGs
[2024-10-28T00:05:10.613+0000] {logging_mixin.py:190} INFO - [2024-10-28T00:05:10.613+0000] {dag.py:4180} INFO - Setting next_dagrun for example_bash_operator to 2024-10-27 00:00:00+00:00, run_after=2024-10-28 00:00:00+00:00
[2024-10-28T00:05:10.641+0000] {processor.py:208} INFO - Processing /home/airflow/.local/lib/python3.12/site-packages/airflow/example_dags/example_bash_operator.py took 0.119 seconds
[2024-10-28T00:05:40.978+0000] {processor.py:186} INFO - Started process (PID=45989) to work on /home/airflow/.local/lib/python3.12/site-packages/airflow/example_dags/example_bash_operator.py
[2024-10-28T00:05:40.980+0000] {processor.py:914} INFO - Processing file /home/airflow/.local/lib/python3.12/site-packages/airflow/example_dags/example_bash_operator.py for tasks to queue
[2024-10-28T00:05:40.982+0000] {logging_mixin.py:190} INFO - [2024-10-28T00:05:40.981+0000] {dagbag.py:588} INFO - Filling up the DagBag from /home/airflow/.local/lib/python3.12/site-packages/airflow/example_dags/example_bash_operator.py
[2024-10-28T00:05:40.999+0000] {processor.py:925} INFO - DAG(s) 'example_bash_operator' retrieved from /home/airflow/.local/lib/python3.12/site-packages/airflow/example_dags/example_bash_operator.py
[2024-10-28T00:05:41.035+0000] {logging_mixin.py:190} INFO - [2024-10-28T00:05:41.035+0000] {dag.py:3239} INFO - Sync 1 DAGs
[2024-10-28T00:05:41.068+0000] {logging_mixin.py:190} INFO - [2024-10-28T00:05:41.068+0000] {dag.py:4180} INFO - Setting next_dagrun for example_bash_operator to 2024-10-27 00:00:00+00:00, run_after=2024-10-28 00:00:00+00:00
[2024-10-28T00:05:41.091+0000] {processor.py:208} INFO - Processing /home/airflow/.local/lib/python3.12/site-packages/airflow/example_dags/example_bash_operator.py took 0.120 seconds
[2024-10-28T00:06:11.344+0000] {processor.py:186} INFO - Started process (PID=46063) to work on /home/airflow/.local/lib/python3.12/site-packages/airflow/example_dags/example_bash_operator.py
[2024-10-28T00:06:11.345+0000] {processor.py:914} INFO - Processing file /home/airflow/.local/lib/python3.12/site-packages/airflow/example_dags/example_bash_operator.py for tasks to queue
[2024-10-28T00:06:11.347+0000] {logging_mixin.py:190} INFO - [2024-10-28T00:06:11.346+0000] {dagbag.py:588} INFO - Filling up the DagBag from /home/airflow/.local/lib/python3.12/site-packages/airflow/example_dags/example_bash_operator.py
[2024-10-28T00:06:11.361+0000] {processor.py:925} INFO - DAG(s) 'example_bash_operator' retrieved from /home/airflow/.local/lib/python3.12/site-packages/airflow/example_dags/example_bash_operator.py
[2024-10-28T00:06:11.392+0000] {logging_mixin.py:190} INFO - [2024-10-28T00:06:11.391+0000] {dag.py:3239} INFO - Sync 1 DAGs
[2024-10-28T00:06:11.420+0000] {logging_mixin.py:190} INFO - [2024-10-28T00:06:11.420+0000] {dag.py:4180} INFO - Setting next_dagrun for example_bash_operator to 2024-10-27 00:00:00+00:00, run_after=2024-10-28 00:00:00+00:00
[2024-10-28T00:06:11.442+0000] {processor.py:208} INFO - Processing /home/airflow/.local/lib/python3.12/site-packages/airflow/example_dags/example_bash_operator.py took 0.106 seconds
[2024-10-28T00:06:41.736+0000] {processor.py:186} INFO - Started process (PID=46137) to work on /home/airflow/.local/lib/python3.12/site-packages/airflow/example_dags/example_bash_operator.py
[2024-10-28T00:06:41.738+0000] {processor.py:914} INFO - Processing file /home/airflow/.local/lib/python3.12/site-packages/airflow/example_dags/example_bash_operator.py for tasks to queue
[2024-10-28T00:06:41.739+0000] {logging_mixin.py:190} INFO - [2024-10-28T00:06:41.739+0000] {dagbag.py:588} INFO - Filling up the DagBag from /home/airflow/.local/lib/python3.12/site-packages/airflow/example_dags/example_bash_operator.py
[2024-10-28T00:06:41.752+0000] {processor.py:925} INFO - DAG(s) 'example_bash_operator' retrieved from /home/airflow/.local/lib/python3.12/site-packages/airflow/example_dags/example_bash_operator.py
[2024-10-28T00:06:41.780+0000] {logging_mixin.py:190} INFO - [2024-10-28T00:06:41.780+0000] {dag.py:3239} INFO - Sync 1 DAGs
[2024-10-28T00:06:41.806+0000] {logging_mixin.py:190} INFO - [2024-10-28T00:06:41.805+0000] {dag.py:4180} INFO - Setting next_dagrun for example_bash_operator to 2024-10-27 00:00:00+00:00, run_after=2024-10-28 00:00:00+00:00
[2024-10-28T00:06:41.824+0000] {processor.py:208} INFO - Processing /home/airflow/.local/lib/python3.12/site-packages/airflow/example_dags/example_bash_operator.py took 0.093 seconds
[2024-10-28T00:07:11.858+0000] {processor.py:186} INFO - Started process (PID=46211) to work on /home/airflow/.local/lib/python3.12/site-packages/airflow/example_dags/example_bash_operator.py
[2024-10-28T00:07:11.859+0000] {processor.py:914} INFO - Processing file /home/airflow/.local/lib/python3.12/site-packages/airflow/example_dags/example_bash_operator.py for tasks to queue
[2024-10-28T00:07:11.860+0000] {logging_mixin.py:190} INFO - [2024-10-28T00:07:11.860+0000] {dagbag.py:588} INFO - Filling up the DagBag from /home/airflow/.local/lib/python3.12/site-packages/airflow/example_dags/example_bash_operator.py
[2024-10-28T00:07:11.873+0000] {processor.py:925} INFO - DAG(s) 'example_bash_operator' retrieved from /home/airflow/.local/lib/python3.12/site-packages/airflow/example_dags/example_bash_operator.py
[2024-10-28T00:07:11.902+0000] {logging_mixin.py:190} INFO - [2024-10-28T00:07:11.902+0000] {dag.py:3239} INFO - Sync 1 DAGs
[2024-10-28T00:07:11.926+0000] {logging_mixin.py:190} INFO - [2024-10-28T00:07:11.925+0000] {dag.py:4180} INFO - Setting next_dagrun for example_bash_operator to 2024-10-27 00:00:00+00:00, run_after=2024-10-28 00:00:00+00:00
[2024-10-28T00:07:11.943+0000] {processor.py:208} INFO - Processing /home/airflow/.local/lib/python3.12/site-packages/airflow/example_dags/example_bash_operator.py took 0.092 seconds
[2024-10-28T00:07:42.578+0000] {processor.py:186} INFO - Started process (PID=46286) to work on /home/airflow/.local/lib/python3.12/site-packages/airflow/example_dags/example_bash_operator.py
[2024-10-28T00:07:42.579+0000] {processor.py:914} INFO - Processing file /home/airflow/.local/lib/python3.12/site-packages/airflow/example_dags/example_bash_operator.py for tasks to queue
[2024-10-28T00:07:42.580+0000] {logging_mixin.py:190} INFO - [2024-10-28T00:07:42.580+0000] {dagbag.py:588} INFO - Filling up the DagBag from /home/airflow/.local/lib/python3.12/site-packages/airflow/example_dags/example_bash_operator.py
[2024-10-28T00:07:42.593+0000] {processor.py:925} INFO - DAG(s) 'example_bash_operator' retrieved from /home/airflow/.local/lib/python3.12/site-packages/airflow/example_dags/example_bash_operator.py
[2024-10-28T00:07:42.619+0000] {logging_mixin.py:190} INFO - [2024-10-28T00:07:42.619+0000] {dag.py:3239} INFO - Sync 1 DAGs
[2024-10-28T00:07:42.643+0000] {logging_mixin.py:190} INFO - [2024-10-28T00:07:42.642+0000] {dag.py:4180} INFO - Setting next_dagrun for example_bash_operator to 2024-10-27 00:00:00+00:00, run_after=2024-10-28 00:00:00+00:00
[2024-10-28T00:07:42.661+0000] {processor.py:208} INFO - Processing /home/airflow/.local/lib/python3.12/site-packages/airflow/example_dags/example_bash_operator.py took 0.089 seconds
[2024-10-28T00:08:13.185+0000] {processor.py:186} INFO - Started process (PID=46360) to work on /home/airflow/.local/lib/python3.12/site-packages/airflow/example_dags/example_bash_operator.py
[2024-10-28T00:08:13.186+0000] {processor.py:914} INFO - Processing file /home/airflow/.local/lib/python3.12/site-packages/airflow/example_dags/example_bash_operator.py for tasks to queue
[2024-10-28T00:08:13.187+0000] {logging_mixin.py:190} INFO - [2024-10-28T00:08:13.187+0000] {dagbag.py:588} INFO - Filling up the DagBag from /home/airflow/.local/lib/python3.12/site-packages/airflow/example_dags/example_bash_operator.py
[2024-10-28T00:08:13.204+0000] {processor.py:925} INFO - DAG(s) 'example_bash_operator' retrieved from /home/airflow/.local/lib/python3.12/site-packages/airflow/example_dags/example_bash_operator.py
[2024-10-28T00:08:13.241+0000] {logging_mixin.py:190} INFO - [2024-10-28T00:08:13.241+0000] {dag.py:3239} INFO - Sync 1 DAGs
[2024-10-28T00:08:13.270+0000] {logging_mixin.py:190} INFO - [2024-10-28T00:08:13.270+0000] {dag.py:4180} INFO - Setting next_dagrun for example_bash_operator to 2024-10-27 00:00:00+00:00, run_after=2024-10-28 00:00:00+00:00
[2024-10-28T00:08:13.292+0000] {processor.py:208} INFO - Processing /home/airflow/.local/lib/python3.12/site-packages/airflow/example_dags/example_bash_operator.py took 0.114 seconds
[2024-10-28T00:08:44.135+0000] {processor.py:186} INFO - Started process (PID=46434) to work on /home/airflow/.local/lib/python3.12/site-packages/airflow/example_dags/example_bash_operator.py
[2024-10-28T00:08:44.136+0000] {processor.py:914} INFO - Processing file /home/airflow/.local/lib/python3.12/site-packages/airflow/example_dags/example_bash_operator.py for tasks to queue
[2024-10-28T00:08:44.139+0000] {logging_mixin.py:190} INFO - [2024-10-28T00:08:44.138+0000] {dagbag.py:588} INFO - Filling up the DagBag from /home/airflow/.local/lib/python3.12/site-packages/airflow/example_dags/example_bash_operator.py
[2024-10-28T00:08:44.153+0000] {processor.py:925} INFO - DAG(s) 'example_bash_operator' retrieved from /home/airflow/.local/lib/python3.12/site-packages/airflow/example_dags/example_bash_operator.py
[2024-10-28T00:08:44.184+0000] {logging_mixin.py:190} INFO - [2024-10-28T00:08:44.183+0000] {dag.py:3239} INFO - Sync 1 DAGs
[2024-10-28T00:08:44.212+0000] {logging_mixin.py:190} INFO - [2024-10-28T00:08:44.211+0000] {dag.py:4180} INFO - Setting next_dagrun for example_bash_operator to 2024-10-27 00:00:00+00:00, run_after=2024-10-28 00:00:00+00:00
[2024-10-28T00:08:44.233+0000] {processor.py:208} INFO - Processing /home/airflow/.local/lib/python3.12/site-packages/airflow/example_dags/example_bash_operator.py took 0.104 seconds
[2024-10-28T00:09:14.667+0000] {processor.py:186} INFO - Started process (PID=46508) to work on /home/airflow/.local/lib/python3.12/site-packages/airflow/example_dags/example_bash_operator.py
[2024-10-28T00:09:14.669+0000] {processor.py:914} INFO - Processing file /home/airflow/.local/lib/python3.12/site-packages/airflow/example_dags/example_bash_operator.py for tasks to queue
[2024-10-28T00:09:14.670+0000] {logging_mixin.py:190} INFO - [2024-10-28T00:09:14.670+0000] {dagbag.py:588} INFO - Filling up the DagBag from /home/airflow/.local/lib/python3.12/site-packages/airflow/example_dags/example_bash_operator.py
[2024-10-28T00:09:14.686+0000] {processor.py:925} INFO - DAG(s) 'example_bash_operator' retrieved from /home/airflow/.local/lib/python3.12/site-packages/airflow/example_dags/example_bash_operator.py
[2024-10-28T00:09:14.723+0000] {logging_mixin.py:190} INFO - [2024-10-28T00:09:14.723+0000] {dag.py:3239} INFO - Sync 1 DAGs
[2024-10-28T00:09:14.756+0000] {logging_mixin.py:190} INFO - [2024-10-28T00:09:14.756+0000] {dag.py:4180} INFO - Setting next_dagrun for example_bash_operator to 2024-10-27 00:00:00+00:00, run_after=2024-10-28 00:00:00+00:00
[2024-10-28T00:09:14.781+0000] {processor.py:208} INFO - Processing /home/airflow/.local/lib/python3.12/site-packages/airflow/example_dags/example_bash_operator.py took 0.120 seconds
[2024-10-28T00:09:45.074+0000] {processor.py:186} INFO - Started process (PID=46570) to work on /home/airflow/.local/lib/python3.12/site-packages/airflow/example_dags/example_bash_operator.py
[2024-10-28T00:09:45.076+0000] {processor.py:914} INFO - Processing file /home/airflow/.local/lib/python3.12/site-packages/airflow/example_dags/example_bash_operator.py for tasks to queue
[2024-10-28T00:09:45.078+0000] {logging_mixin.py:190} INFO - [2024-10-28T00:09:45.077+0000] {dagbag.py:588} INFO - Filling up the DagBag from /home/airflow/.local/lib/python3.12/site-packages/airflow/example_dags/example_bash_operator.py
[2024-10-28T00:09:45.092+0000] {processor.py:925} INFO - DAG(s) 'example_bash_operator' retrieved from /home/airflow/.local/lib/python3.12/site-packages/airflow/example_dags/example_bash_operator.py
[2024-10-28T00:09:45.126+0000] {logging_mixin.py:190} INFO - [2024-10-28T00:09:45.126+0000] {dag.py:3239} INFO - Sync 1 DAGs
[2024-10-28T00:09:45.153+0000] {logging_mixin.py:190} INFO - [2024-10-28T00:09:45.153+0000] {dag.py:4180} INFO - Setting next_dagrun for example_bash_operator to 2024-10-27 00:00:00+00:00, run_after=2024-10-28 00:00:00+00:00
[2024-10-28T00:09:45.173+0000] {processor.py:208} INFO - Processing /home/airflow/.local/lib/python3.12/site-packages/airflow/example_dags/example_bash_operator.py took 0.104 seconds
[2024-10-28T00:10:15.252+0000] {processor.py:186} INFO - Started process (PID=46644) to work on /home/airflow/.local/lib/python3.12/site-packages/airflow/example_dags/example_bash_operator.py
[2024-10-28T00:10:15.253+0000] {processor.py:914} INFO - Processing file /home/airflow/.local/lib/python3.12/site-packages/airflow/example_dags/example_bash_operator.py for tasks to queue
[2024-10-28T00:10:15.255+0000] {logging_mixin.py:190} INFO - [2024-10-28T00:10:15.254+0000] {dagbag.py:588} INFO - Filling up the DagBag from /home/airflow/.local/lib/python3.12/site-packages/airflow/example_dags/example_bash_operator.py
[2024-10-28T00:10:15.270+0000] {processor.py:925} INFO - DAG(s) 'example_bash_operator' retrieved from /home/airflow/.local/lib/python3.12/site-packages/airflow/example_dags/example_bash_operator.py
[2024-10-28T00:10:15.303+0000] {logging_mixin.py:190} INFO - [2024-10-28T00:10:15.302+0000] {dag.py:3239} INFO - Sync 1 DAGs
[2024-10-28T00:10:15.329+0000] {logging_mixin.py:190} INFO - [2024-10-28T00:10:15.329+0000] {dag.py:4180} INFO - Setting next_dagrun for example_bash_operator to 2024-10-27 00:00:00+00:00, run_after=2024-10-28 00:00:00+00:00
[2024-10-28T00:10:15.350+0000] {processor.py:208} INFO - Processing /home/airflow/.local/lib/python3.12/site-packages/airflow/example_dags/example_bash_operator.py took 0.103 seconds
[2024-10-28T00:10:45.463+0000] {processor.py:186} INFO - Started process (PID=46718) to work on /home/airflow/.local/lib/python3.12/site-packages/airflow/example_dags/example_bash_operator.py
[2024-10-28T00:10:45.464+0000] {processor.py:914} INFO - Processing file /home/airflow/.local/lib/python3.12/site-packages/airflow/example_dags/example_bash_operator.py for tasks to queue
[2024-10-28T00:10:45.466+0000] {logging_mixin.py:190} INFO - [2024-10-28T00:10:45.465+0000] {dagbag.py:588} INFO - Filling up the DagBag from /home/airflow/.local/lib/python3.12/site-packages/airflow/example_dags/example_bash_operator.py
[2024-10-28T00:10:45.479+0000] {processor.py:925} INFO - DAG(s) 'example_bash_operator' retrieved from /home/airflow/.local/lib/python3.12/site-packages/airflow/example_dags/example_bash_operator.py
[2024-10-28T00:10:45.514+0000] {logging_mixin.py:190} INFO - [2024-10-28T00:10:45.514+0000] {dag.py:3239} INFO - Sync 1 DAGs
[2024-10-28T00:10:45.541+0000] {logging_mixin.py:190} INFO - [2024-10-28T00:10:45.540+0000] {dag.py:4180} INFO - Setting next_dagrun for example_bash_operator to 2024-10-27 00:00:00+00:00, run_after=2024-10-28 00:00:00+00:00
[2024-10-28T00:10:45.561+0000] {processor.py:208} INFO - Processing /home/airflow/.local/lib/python3.12/site-packages/airflow/example_dags/example_bash_operator.py took 0.104 seconds
[2024-10-28T00:11:16.346+0000] {processor.py:186} INFO - Started process (PID=46792) to work on /home/airflow/.local/lib/python3.12/site-packages/airflow/example_dags/example_bash_operator.py
[2024-10-28T00:11:16.347+0000] {processor.py:914} INFO - Processing file /home/airflow/.local/lib/python3.12/site-packages/airflow/example_dags/example_bash_operator.py for tasks to queue
[2024-10-28T00:11:16.350+0000] {logging_mixin.py:190} INFO - [2024-10-28T00:11:16.349+0000] {dagbag.py:588} INFO - Filling up the DagBag from /home/airflow/.local/lib/python3.12/site-packages/airflow/example_dags/example_bash_operator.py
[2024-10-28T00:11:16.364+0000] {processor.py:925} INFO - DAG(s) 'example_bash_operator' retrieved from /home/airflow/.local/lib/python3.12/site-packages/airflow/example_dags/example_bash_operator.py
[2024-10-28T00:11:16.392+0000] {logging_mixin.py:190} INFO - [2024-10-28T00:11:16.392+0000] {dag.py:3239} INFO - Sync 1 DAGs
[2024-10-28T00:11:16.419+0000] {logging_mixin.py:190} INFO - [2024-10-28T00:11:16.418+0000] {dag.py:4180} INFO - Setting next_dagrun for example_bash_operator to 2024-10-27 00:00:00+00:00, run_after=2024-10-28 00:00:00+00:00
[2024-10-28T00:11:16.437+0000] {processor.py:208} INFO - Processing /home/airflow/.local/lib/python3.12/site-packages/airflow/example_dags/example_bash_operator.py took 0.096 seconds
[2024-10-28T00:11:46.599+0000] {processor.py:186} INFO - Started process (PID=46866) to work on /home/airflow/.local/lib/python3.12/site-packages/airflow/example_dags/example_bash_operator.py
[2024-10-28T00:11:46.600+0000] {processor.py:914} INFO - Processing file /home/airflow/.local/lib/python3.12/site-packages/airflow/example_dags/example_bash_operator.py for tasks to queue
[2024-10-28T00:11:46.601+0000] {logging_mixin.py:190} INFO - [2024-10-28T00:11:46.601+0000] {dagbag.py:588} INFO - Filling up the DagBag from /home/airflow/.local/lib/python3.12/site-packages/airflow/example_dags/example_bash_operator.py
[2024-10-28T00:11:46.614+0000] {processor.py:925} INFO - DAG(s) 'example_bash_operator' retrieved from /home/airflow/.local/lib/python3.12/site-packages/airflow/example_dags/example_bash_operator.py
[2024-10-28T00:11:46.641+0000] {logging_mixin.py:190} INFO - [2024-10-28T00:11:46.640+0000] {dag.py:3239} INFO - Sync 1 DAGs
[2024-10-28T00:11:46.664+0000] {logging_mixin.py:190} INFO - [2024-10-28T00:11:46.664+0000] {dag.py:4180} INFO - Setting next_dagrun for example_bash_operator to 2024-10-27 00:00:00+00:00, run_after=2024-10-28 00:00:00+00:00
[2024-10-28T00:11:46.682+0000] {processor.py:208} INFO - Processing /home/airflow/.local/lib/python3.12/site-packages/airflow/example_dags/example_bash_operator.py took 0.089 seconds
[2024-10-28T00:12:16.956+0000] {processor.py:186} INFO - Started process (PID=46940) to work on /home/airflow/.local/lib/python3.12/site-packages/airflow/example_dags/example_bash_operator.py
[2024-10-28T00:12:16.957+0000] {processor.py:914} INFO - Processing file /home/airflow/.local/lib/python3.12/site-packages/airflow/example_dags/example_bash_operator.py for tasks to queue
[2024-10-28T00:12:16.958+0000] {logging_mixin.py:190} INFO - [2024-10-28T00:12:16.958+0000] {dagbag.py:588} INFO - Filling up the DagBag from /home/airflow/.local/lib/python3.12/site-packages/airflow/example_dags/example_bash_operator.py
[2024-10-28T00:12:16.971+0000] {processor.py:925} INFO - DAG(s) 'example_bash_operator' retrieved from /home/airflow/.local/lib/python3.12/site-packages/airflow/example_dags/example_bash_operator.py
[2024-10-28T00:12:16.997+0000] {logging_mixin.py:190} INFO - [2024-10-28T00:12:16.997+0000] {dag.py:3239} INFO - Sync 1 DAGs
[2024-10-28T00:12:17.019+0000] {logging_mixin.py:190} INFO - [2024-10-28T00:12:17.019+0000] {dag.py:4180} INFO - Setting next_dagrun for example_bash_operator to 2024-10-27 00:00:00+00:00, run_after=2024-10-28 00:00:00+00:00
[2024-10-28T00:12:17.035+0000] {processor.py:208} INFO - Processing /home/airflow/.local/lib/python3.12/site-packages/airflow/example_dags/example_bash_operator.py took 0.085 seconds
[2024-10-28T00:12:47.409+0000] {processor.py:186} INFO - Started process (PID=47014) to work on /home/airflow/.local/lib/python3.12/site-packages/airflow/example_dags/example_bash_operator.py
[2024-10-28T00:12:47.410+0000] {processor.py:914} INFO - Processing file /home/airflow/.local/lib/python3.12/site-packages/airflow/example_dags/example_bash_operator.py for tasks to queue
[2024-10-28T00:12:47.412+0000] {logging_mixin.py:190} INFO - [2024-10-28T00:12:47.411+0000] {dagbag.py:588} INFO - Filling up the DagBag from /home/airflow/.local/lib/python3.12/site-packages/airflow/example_dags/example_bash_operator.py
[2024-10-28T00:12:47.424+0000] {processor.py:925} INFO - DAG(s) 'example_bash_operator' retrieved from /home/airflow/.local/lib/python3.12/site-packages/airflow/example_dags/example_bash_operator.py
[2024-10-28T00:12:47.456+0000] {logging_mixin.py:190} INFO - [2024-10-28T00:12:47.456+0000] {dag.py:3239} INFO - Sync 1 DAGs
[2024-10-28T00:12:47.481+0000] {logging_mixin.py:190} INFO - [2024-10-28T00:12:47.481+0000] {dag.py:4180} INFO - Setting next_dagrun for example_bash_operator to 2024-10-27 00:00:00+00:00, run_after=2024-10-28 00:00:00+00:00
[2024-10-28T00:12:47.499+0000] {processor.py:208} INFO - Processing /home/airflow/.local/lib/python3.12/site-packages/airflow/example_dags/example_bash_operator.py took 0.096 seconds
[2024-10-28T00:13:17.873+0000] {processor.py:186} INFO - Started process (PID=47088) to work on /home/airflow/.local/lib/python3.12/site-packages/airflow/example_dags/example_bash_operator.py
[2024-10-28T00:13:17.875+0000] {processor.py:914} INFO - Processing file /home/airflow/.local/lib/python3.12/site-packages/airflow/example_dags/example_bash_operator.py for tasks to queue
[2024-10-28T00:13:17.876+0000] {logging_mixin.py:190} INFO - [2024-10-28T00:13:17.876+0000] {dagbag.py:588} INFO - Filling up the DagBag from /home/airflow/.local/lib/python3.12/site-packages/airflow/example_dags/example_bash_operator.py
[2024-10-28T00:13:17.889+0000] {processor.py:925} INFO - DAG(s) 'example_bash_operator' retrieved from /home/airflow/.local/lib/python3.12/site-packages/airflow/example_dags/example_bash_operator.py
[2024-10-28T00:13:17.915+0000] {logging_mixin.py:190} INFO - [2024-10-28T00:13:17.915+0000] {dag.py:3239} INFO - Sync 1 DAGs
[2024-10-28T00:13:17.938+0000] {logging_mixin.py:190} INFO - [2024-10-28T00:13:17.938+0000] {dag.py:4180} INFO - Setting next_dagrun for example_bash_operator to 2024-10-27 00:00:00+00:00, run_after=2024-10-28 00:00:00+00:00
[2024-10-28T00:13:17.954+0000] {processor.py:208} INFO - Processing /home/airflow/.local/lib/python3.12/site-packages/airflow/example_dags/example_bash_operator.py took 0.086 seconds
[2024-10-28T00:13:48.342+0000] {processor.py:186} INFO - Started process (PID=47162) to work on /home/airflow/.local/lib/python3.12/site-packages/airflow/example_dags/example_bash_operator.py
[2024-10-28T00:13:48.343+0000] {processor.py:914} INFO - Processing file /home/airflow/.local/lib/python3.12/site-packages/airflow/example_dags/example_bash_operator.py for tasks to queue
[2024-10-28T00:13:48.345+0000] {logging_mixin.py:190} INFO - [2024-10-28T00:13:48.345+0000] {dagbag.py:588} INFO - Filling up the DagBag from /home/airflow/.local/lib/python3.12/site-packages/airflow/example_dags/example_bash_operator.py
[2024-10-28T00:13:48.360+0000] {processor.py:925} INFO - DAG(s) 'example_bash_operator' retrieved from /home/airflow/.local/lib/python3.12/site-packages/airflow/example_dags/example_bash_operator.py
[2024-10-28T00:13:48.391+0000] {logging_mixin.py:190} INFO - [2024-10-28T00:13:48.390+0000] {dag.py:3239} INFO - Sync 1 DAGs
[2024-10-28T00:13:48.418+0000] {logging_mixin.py:190} INFO - [2024-10-28T00:13:48.417+0000] {dag.py:4180} INFO - Setting next_dagrun for example_bash_operator to 2024-10-27 00:00:00+00:00, run_after=2024-10-28 00:00:00+00:00
[2024-10-28T00:13:48.435+0000] {processor.py:208} INFO - Processing /home/airflow/.local/lib/python3.12/site-packages/airflow/example_dags/example_bash_operator.py took 0.099 seconds
[2024-10-28T00:14:18.588+0000] {processor.py:186} INFO - Started process (PID=47236) to work on /home/airflow/.local/lib/python3.12/site-packages/airflow/example_dags/example_bash_operator.py
[2024-10-28T00:14:18.590+0000] {processor.py:914} INFO - Processing file /home/airflow/.local/lib/python3.12/site-packages/airflow/example_dags/example_bash_operator.py for tasks to queue
[2024-10-28T00:14:18.591+0000] {logging_mixin.py:190} INFO - [2024-10-28T00:14:18.591+0000] {dagbag.py:588} INFO - Filling up the DagBag from /home/airflow/.local/lib/python3.12/site-packages/airflow/example_dags/example_bash_operator.py
[2024-10-28T00:14:18.604+0000] {processor.py:925} INFO - DAG(s) 'example_bash_operator' retrieved from /home/airflow/.local/lib/python3.12/site-packages/airflow/example_dags/example_bash_operator.py
[2024-10-28T00:14:18.630+0000] {logging_mixin.py:190} INFO - [2024-10-28T00:14:18.630+0000] {dag.py:3239} INFO - Sync 1 DAGs
[2024-10-28T00:14:18.654+0000] {logging_mixin.py:190} INFO - [2024-10-28T00:14:18.654+0000] {dag.py:4180} INFO - Setting next_dagrun for example_bash_operator to 2024-10-27 00:00:00+00:00, run_after=2024-10-28 00:00:00+00:00
[2024-10-28T00:14:18.671+0000] {processor.py:208} INFO - Processing /home/airflow/.local/lib/python3.12/site-packages/airflow/example_dags/example_bash_operator.py took 0.089 seconds
[2024-10-28T00:14:48.723+0000] {processor.py:186} INFO - Started process (PID=47310) to work on /home/airflow/.local/lib/python3.12/site-packages/airflow/example_dags/example_bash_operator.py
[2024-10-28T00:14:48.724+0000] {processor.py:914} INFO - Processing file /home/airflow/.local/lib/python3.12/site-packages/airflow/example_dags/example_bash_operator.py for tasks to queue
[2024-10-28T00:14:48.725+0000] {logging_mixin.py:190} INFO - [2024-10-28T00:14:48.725+0000] {dagbag.py:588} INFO - Filling up the DagBag from /home/airflow/.local/lib/python3.12/site-packages/airflow/example_dags/example_bash_operator.py
[2024-10-28T00:14:48.738+0000] {processor.py:925} INFO - DAG(s) 'example_bash_operator' retrieved from /home/airflow/.local/lib/python3.12/site-packages/airflow/example_dags/example_bash_operator.py
[2024-10-28T00:14:48.768+0000] {logging_mixin.py:190} INFO - [2024-10-28T00:14:48.768+0000] {dag.py:3239} INFO - Sync 1 DAGs
[2024-10-28T00:14:48.792+0000] {logging_mixin.py:190} INFO - [2024-10-28T00:14:48.792+0000] {dag.py:4180} INFO - Setting next_dagrun for example_bash_operator to 2024-10-27 00:00:00+00:00, run_after=2024-10-28 00:00:00+00:00
[2024-10-28T00:14:48.810+0000] {processor.py:208} INFO - Processing /home/airflow/.local/lib/python3.12/site-packages/airflow/example_dags/example_bash_operator.py took 0.093 seconds
[2024-10-28T00:15:19.298+0000] {processor.py:186} INFO - Started process (PID=47384) to work on /home/airflow/.local/lib/python3.12/site-packages/airflow/example_dags/example_bash_operator.py
[2024-10-28T00:15:19.299+0000] {processor.py:914} INFO - Processing file /home/airflow/.local/lib/python3.12/site-packages/airflow/example_dags/example_bash_operator.py for tasks to queue
[2024-10-28T00:15:19.301+0000] {logging_mixin.py:190} INFO - [2024-10-28T00:15:19.301+0000] {dagbag.py:588} INFO - Filling up the DagBag from /home/airflow/.local/lib/python3.12/site-packages/airflow/example_dags/example_bash_operator.py
[2024-10-28T00:15:19.313+0000] {processor.py:925} INFO - DAG(s) 'example_bash_operator' retrieved from /home/airflow/.local/lib/python3.12/site-packages/airflow/example_dags/example_bash_operator.py
[2024-10-28T00:15:19.339+0000] {logging_mixin.py:190} INFO - [2024-10-28T00:15:19.339+0000] {dag.py:3239} INFO - Sync 1 DAGs
[2024-10-28T00:15:19.361+0000] {logging_mixin.py:190} INFO - [2024-10-28T00:15:19.361+0000] {dag.py:4180} INFO - Setting next_dagrun for example_bash_operator to 2024-10-27 00:00:00+00:00, run_after=2024-10-28 00:00:00+00:00
[2024-10-28T00:15:19.379+0000] {processor.py:208} INFO - Processing /home/airflow/.local/lib/python3.12/site-packages/airflow/example_dags/example_bash_operator.py took 0.088 seconds
[2024-10-28T00:15:49.631+0000] {processor.py:186} INFO - Started process (PID=47458) to work on /home/airflow/.local/lib/python3.12/site-packages/airflow/example_dags/example_bash_operator.py
[2024-10-28T00:15:49.632+0000] {processor.py:914} INFO - Processing file /home/airflow/.local/lib/python3.12/site-packages/airflow/example_dags/example_bash_operator.py for tasks to queue
[2024-10-28T00:15:49.633+0000] {logging_mixin.py:190} INFO - [2024-10-28T00:15:49.633+0000] {dagbag.py:588} INFO - Filling up the DagBag from /home/airflow/.local/lib/python3.12/site-packages/airflow/example_dags/example_bash_operator.py
[2024-10-28T00:15:49.646+0000] {processor.py:925} INFO - DAG(s) 'example_bash_operator' retrieved from /home/airflow/.local/lib/python3.12/site-packages/airflow/example_dags/example_bash_operator.py
[2024-10-28T00:15:49.672+0000] {logging_mixin.py:190} INFO - [2024-10-28T00:15:49.671+0000] {dag.py:3239} INFO - Sync 1 DAGs
[2024-10-28T00:15:49.694+0000] {logging_mixin.py:190} INFO - [2024-10-28T00:15:49.694+0000] {dag.py:4180} INFO - Setting next_dagrun for example_bash_operator to 2024-10-27 00:00:00+00:00, run_after=2024-10-28 00:00:00+00:00
[2024-10-28T00:15:49.712+0000] {processor.py:208} INFO - Processing /home/airflow/.local/lib/python3.12/site-packages/airflow/example_dags/example_bash_operator.py took 0.087 seconds
[2024-10-28T00:16:20.578+0000] {processor.py:186} INFO - Started process (PID=47532) to work on /home/airflow/.local/lib/python3.12/site-packages/airflow/example_dags/example_bash_operator.py
[2024-10-28T00:16:20.579+0000] {processor.py:914} INFO - Processing file /home/airflow/.local/lib/python3.12/site-packages/airflow/example_dags/example_bash_operator.py for tasks to queue
[2024-10-28T00:16:20.580+0000] {logging_mixin.py:190} INFO - [2024-10-28T00:16:20.580+0000] {dagbag.py:588} INFO - Filling up the DagBag from /home/airflow/.local/lib/python3.12/site-packages/airflow/example_dags/example_bash_operator.py
[2024-10-28T00:16:20.593+0000] {processor.py:925} INFO - DAG(s) 'example_bash_operator' retrieved from /home/airflow/.local/lib/python3.12/site-packages/airflow/example_dags/example_bash_operator.py
[2024-10-28T00:16:20.619+0000] {logging_mixin.py:190} INFO - [2024-10-28T00:16:20.619+0000] {dag.py:3239} INFO - Sync 1 DAGs
[2024-10-28T00:16:20.642+0000] {logging_mixin.py:190} INFO - [2024-10-28T00:16:20.641+0000] {dag.py:4180} INFO - Setting next_dagrun for example_bash_operator to 2024-10-27 00:00:00+00:00, run_after=2024-10-28 00:00:00+00:00
[2024-10-28T00:16:20.658+0000] {processor.py:208} INFO - Processing /home/airflow/.local/lib/python3.12/site-packages/airflow/example_dags/example_bash_operator.py took 0.086 seconds
[2024-10-28T00:16:51.586+0000] {processor.py:186} INFO - Started process (PID=47606) to work on /home/airflow/.local/lib/python3.12/site-packages/airflow/example_dags/example_bash_operator.py
[2024-10-28T00:16:51.587+0000] {processor.py:914} INFO - Processing file /home/airflow/.local/lib/python3.12/site-packages/airflow/example_dags/example_bash_operator.py for tasks to queue
[2024-10-28T00:16:51.588+0000] {logging_mixin.py:190} INFO - [2024-10-28T00:16:51.588+0000] {dagbag.py:588} INFO - Filling up the DagBag from /home/airflow/.local/lib/python3.12/site-packages/airflow/example_dags/example_bash_operator.py
[2024-10-28T00:16:51.600+0000] {processor.py:925} INFO - DAG(s) 'example_bash_operator' retrieved from /home/airflow/.local/lib/python3.12/site-packages/airflow/example_dags/example_bash_operator.py
[2024-10-28T00:16:51.626+0000] {logging_mixin.py:190} INFO - [2024-10-28T00:16:51.625+0000] {dag.py:3239} INFO - Sync 1 DAGs
[2024-10-28T00:16:51.648+0000] {logging_mixin.py:190} INFO - [2024-10-28T00:16:51.648+0000] {dag.py:4180} INFO - Setting next_dagrun for example_bash_operator to 2024-10-27 00:00:00+00:00, run_after=2024-10-28 00:00:00+00:00
[2024-10-28T00:16:51.665+0000] {processor.py:208} INFO - Processing /home/airflow/.local/lib/python3.12/site-packages/airflow/example_dags/example_bash_operator.py took 0.085 seconds
[2024-10-28T00:17:22.181+0000] {processor.py:186} INFO - Started process (PID=47680) to work on /home/airflow/.local/lib/python3.12/site-packages/airflow/example_dags/example_bash_operator.py
[2024-10-28T00:17:22.182+0000] {processor.py:914} INFO - Processing file /home/airflow/.local/lib/python3.12/site-packages/airflow/example_dags/example_bash_operator.py for tasks to queue
[2024-10-28T00:17:22.183+0000] {logging_mixin.py:190} INFO - [2024-10-28T00:17:22.183+0000] {dagbag.py:588} INFO - Filling up the DagBag from /home/airflow/.local/lib/python3.12/site-packages/airflow/example_dags/example_bash_operator.py
[2024-10-28T00:17:22.194+0000] {processor.py:925} INFO - DAG(s) 'example_bash_operator' retrieved from /home/airflow/.local/lib/python3.12/site-packages/airflow/example_dags/example_bash_operator.py
[2024-10-28T00:17:22.221+0000] {logging_mixin.py:190} INFO - [2024-10-28T00:17:22.220+0000] {dag.py:3239} INFO - Sync 1 DAGs
[2024-10-28T00:17:22.245+0000] {logging_mixin.py:190} INFO - [2024-10-28T00:17:22.244+0000] {dag.py:4180} INFO - Setting next_dagrun for example_bash_operator to 2024-10-27 00:00:00+00:00, run_after=2024-10-28 00:00:00+00:00
[2024-10-28T00:17:22.264+0000] {processor.py:208} INFO - Processing /home/airflow/.local/lib/python3.12/site-packages/airflow/example_dags/example_bash_operator.py took 0.088 seconds
[2024-10-28T00:17:52.431+0000] {processor.py:186} INFO - Started process (PID=47754) to work on /home/airflow/.local/lib/python3.12/site-packages/airflow/example_dags/example_bash_operator.py
[2024-10-28T00:17:52.432+0000] {processor.py:914} INFO - Processing file /home/airflow/.local/lib/python3.12/site-packages/airflow/example_dags/example_bash_operator.py for tasks to queue
[2024-10-28T00:17:52.433+0000] {logging_mixin.py:190} INFO - [2024-10-28T00:17:52.433+0000] {dagbag.py:588} INFO - Filling up the DagBag from /home/airflow/.local/lib/python3.12/site-packages/airflow/example_dags/example_bash_operator.py
[2024-10-28T00:17:52.448+0000] {processor.py:925} INFO - DAG(s) 'example_bash_operator' retrieved from /home/airflow/.local/lib/python3.12/site-packages/airflow/example_dags/example_bash_operator.py
[2024-10-28T00:17:52.477+0000] {logging_mixin.py:190} INFO - [2024-10-28T00:17:52.477+0000] {dag.py:3239} INFO - Sync 1 DAGs
[2024-10-28T00:17:52.501+0000] {logging_mixin.py:190} INFO - [2024-10-28T00:17:52.500+0000] {dag.py:4180} INFO - Setting next_dagrun for example_bash_operator to 2024-10-27 00:00:00+00:00, run_after=2024-10-28 00:00:00+00:00
[2024-10-28T00:17:52.519+0000] {processor.py:208} INFO - Processing /home/airflow/.local/lib/python3.12/site-packages/airflow/example_dags/example_bash_operator.py took 0.094 seconds
[2024-10-28T00:18:23.104+0000] {processor.py:186} INFO - Started process (PID=47828) to work on /home/airflow/.local/lib/python3.12/site-packages/airflow/example_dags/example_bash_operator.py
[2024-10-28T00:18:23.107+0000] {processor.py:914} INFO - Processing file /home/airflow/.local/lib/python3.12/site-packages/airflow/example_dags/example_bash_operator.py for tasks to queue
[2024-10-28T00:18:23.109+0000] {logging_mixin.py:190} INFO - [2024-10-28T00:18:23.109+0000] {dagbag.py:588} INFO - Filling up the DagBag from /home/airflow/.local/lib/python3.12/site-packages/airflow/example_dags/example_bash_operator.py
[2024-10-28T00:18:23.127+0000] {processor.py:925} INFO - DAG(s) 'example_bash_operator' retrieved from /home/airflow/.local/lib/python3.12/site-packages/airflow/example_dags/example_bash_operator.py
[2024-10-28T00:18:23.162+0000] {logging_mixin.py:190} INFO - [2024-10-28T00:18:23.162+0000] {dag.py:3239} INFO - Sync 1 DAGs
[2024-10-28T00:18:23.196+0000] {logging_mixin.py:190} INFO - [2024-10-28T00:18:23.195+0000] {dag.py:4180} INFO - Setting next_dagrun for example_bash_operator to 2024-10-27 00:00:00+00:00, run_after=2024-10-28 00:00:00+00:00
[2024-10-28T00:18:23.219+0000] {processor.py:208} INFO - Processing /home/airflow/.local/lib/python3.12/site-packages/airflow/example_dags/example_bash_operator.py took 0.124 seconds
[2024-10-28T00:18:53.282+0000] {processor.py:186} INFO - Started process (PID=47902) to work on /home/airflow/.local/lib/python3.12/site-packages/airflow/example_dags/example_bash_operator.py
[2024-10-28T00:18:53.284+0000] {processor.py:914} INFO - Processing file /home/airflow/.local/lib/python3.12/site-packages/airflow/example_dags/example_bash_operator.py for tasks to queue
[2024-10-28T00:18:53.285+0000] {logging_mixin.py:190} INFO - [2024-10-28T00:18:53.285+0000] {dagbag.py:588} INFO - Filling up the DagBag from /home/airflow/.local/lib/python3.12/site-packages/airflow/example_dags/example_bash_operator.py
[2024-10-28T00:18:53.297+0000] {processor.py:925} INFO - DAG(s) 'example_bash_operator' retrieved from /home/airflow/.local/lib/python3.12/site-packages/airflow/example_dags/example_bash_operator.py
[2024-10-28T00:18:53.323+0000] {logging_mixin.py:190} INFO - [2024-10-28T00:18:53.323+0000] {dag.py:3239} INFO - Sync 1 DAGs
[2024-10-28T00:18:53.346+0000] {logging_mixin.py:190} INFO - [2024-10-28T00:18:53.346+0000] {dag.py:4180} INFO - Setting next_dagrun for example_bash_operator to 2024-10-27 00:00:00+00:00, run_after=2024-10-28 00:00:00+00:00
[2024-10-28T00:18:53.364+0000] {processor.py:208} INFO - Processing /home/airflow/.local/lib/python3.12/site-packages/airflow/example_dags/example_bash_operator.py took 0.087 seconds
[2024-10-28T00:19:23.926+0000] {processor.py:186} INFO - Started process (PID=47976) to work on /home/airflow/.local/lib/python3.12/site-packages/airflow/example_dags/example_bash_operator.py
[2024-10-28T00:19:23.929+0000] {processor.py:914} INFO - Processing file /home/airflow/.local/lib/python3.12/site-packages/airflow/example_dags/example_bash_operator.py for tasks to queue
[2024-10-28T00:19:23.932+0000] {logging_mixin.py:190} INFO - [2024-10-28T00:19:23.931+0000] {dagbag.py:588} INFO - Filling up the DagBag from /home/airflow/.local/lib/python3.12/site-packages/airflow/example_dags/example_bash_operator.py
[2024-10-28T00:19:23.947+0000] {processor.py:925} INFO - DAG(s) 'example_bash_operator' retrieved from /home/airflow/.local/lib/python3.12/site-packages/airflow/example_dags/example_bash_operator.py
[2024-10-28T00:19:23.978+0000] {logging_mixin.py:190} INFO - [2024-10-28T00:19:23.978+0000] {dag.py:3239} INFO - Sync 1 DAGs
[2024-10-28T00:19:24.012+0000] {logging_mixin.py:190} INFO - [2024-10-28T00:19:24.011+0000] {dag.py:4180} INFO - Setting next_dagrun for example_bash_operator to 2024-10-27 00:00:00+00:00, run_after=2024-10-28 00:00:00+00:00
[2024-10-28T00:19:24.035+0000] {processor.py:208} INFO - Processing /home/airflow/.local/lib/python3.12/site-packages/airflow/example_dags/example_bash_operator.py took 0.116 seconds
[2024-10-28T00:19:54.501+0000] {processor.py:186} INFO - Started process (PID=48050) to work on /home/airflow/.local/lib/python3.12/site-packages/airflow/example_dags/example_bash_operator.py
[2024-10-28T00:19:54.502+0000] {processor.py:914} INFO - Processing file /home/airflow/.local/lib/python3.12/site-packages/airflow/example_dags/example_bash_operator.py for tasks to queue
[2024-10-28T00:19:54.503+0000] {logging_mixin.py:190} INFO - [2024-10-28T00:19:54.503+0000] {dagbag.py:588} INFO - Filling up the DagBag from /home/airflow/.local/lib/python3.12/site-packages/airflow/example_dags/example_bash_operator.py
[2024-10-28T00:19:54.519+0000] {processor.py:925} INFO - DAG(s) 'example_bash_operator' retrieved from /home/airflow/.local/lib/python3.12/site-packages/airflow/example_dags/example_bash_operator.py
[2024-10-28T00:19:54.554+0000] {logging_mixin.py:190} INFO - [2024-10-28T00:19:54.553+0000] {dag.py:3239} INFO - Sync 1 DAGs
[2024-10-28T00:19:54.587+0000] {logging_mixin.py:190} INFO - [2024-10-28T00:19:54.587+0000] {dag.py:4180} INFO - Setting next_dagrun for example_bash_operator to 2024-10-27 00:00:00+00:00, run_after=2024-10-28 00:00:00+00:00
[2024-10-28T00:19:54.615+0000] {processor.py:208} INFO - Processing /home/airflow/.local/lib/python3.12/site-packages/airflow/example_dags/example_bash_operator.py took 0.121 seconds
[2024-10-28T00:20:24.921+0000] {processor.py:186} INFO - Started process (PID=48124) to work on /home/airflow/.local/lib/python3.12/site-packages/airflow/example_dags/example_bash_operator.py
[2024-10-28T00:20:24.923+0000] {processor.py:914} INFO - Processing file /home/airflow/.local/lib/python3.12/site-packages/airflow/example_dags/example_bash_operator.py for tasks to queue
[2024-10-28T00:20:24.925+0000] {logging_mixin.py:190} INFO - [2024-10-28T00:20:24.924+0000] {dagbag.py:588} INFO - Filling up the DagBag from /home/airflow/.local/lib/python3.12/site-packages/airflow/example_dags/example_bash_operator.py
[2024-10-28T00:20:24.939+0000] {processor.py:925} INFO - DAG(s) 'example_bash_operator' retrieved from /home/airflow/.local/lib/python3.12/site-packages/airflow/example_dags/example_bash_operator.py
[2024-10-28T00:20:24.975+0000] {logging_mixin.py:190} INFO - [2024-10-28T00:20:24.974+0000] {dag.py:3239} INFO - Sync 1 DAGs
[2024-10-28T00:20:25.001+0000] {logging_mixin.py:190} INFO - [2024-10-28T00:20:25.001+0000] {dag.py:4180} INFO - Setting next_dagrun for example_bash_operator to 2024-10-27 00:00:00+00:00, run_after=2024-10-28 00:00:00+00:00
[2024-10-28T00:20:25.027+0000] {processor.py:208} INFO - Processing /home/airflow/.local/lib/python3.12/site-packages/airflow/example_dags/example_bash_operator.py took 0.115 seconds
[2024-10-28T00:20:55.500+0000] {processor.py:186} INFO - Started process (PID=48198) to work on /home/airflow/.local/lib/python3.12/site-packages/airflow/example_dags/example_bash_operator.py
[2024-10-28T00:20:55.501+0000] {processor.py:914} INFO - Processing file /home/airflow/.local/lib/python3.12/site-packages/airflow/example_dags/example_bash_operator.py for tasks to queue
[2024-10-28T00:20:55.503+0000] {logging_mixin.py:190} INFO - [2024-10-28T00:20:55.503+0000] {dagbag.py:588} INFO - Filling up the DagBag from /home/airflow/.local/lib/python3.12/site-packages/airflow/example_dags/example_bash_operator.py
[2024-10-28T00:20:55.517+0000] {processor.py:925} INFO - DAG(s) 'example_bash_operator' retrieved from /home/airflow/.local/lib/python3.12/site-packages/airflow/example_dags/example_bash_operator.py
[2024-10-28T00:20:55.547+0000] {logging_mixin.py:190} INFO - [2024-10-28T00:20:55.547+0000] {dag.py:3239} INFO - Sync 1 DAGs
[2024-10-28T00:20:55.573+0000] {logging_mixin.py:190} INFO - [2024-10-28T00:20:55.572+0000] {dag.py:4180} INFO - Setting next_dagrun for example_bash_operator to 2024-10-27 00:00:00+00:00, run_after=2024-10-28 00:00:00+00:00
[2024-10-28T00:20:55.593+0000] {processor.py:208} INFO - Processing /home/airflow/.local/lib/python3.12/site-packages/airflow/example_dags/example_bash_operator.py took 0.099 seconds
[2024-10-28T00:21:26.245+0000] {processor.py:186} INFO - Started process (PID=48272) to work on /home/airflow/.local/lib/python3.12/site-packages/airflow/example_dags/example_bash_operator.py
[2024-10-28T00:21:26.247+0000] {processor.py:914} INFO - Processing file /home/airflow/.local/lib/python3.12/site-packages/airflow/example_dags/example_bash_operator.py for tasks to queue
[2024-10-28T00:21:26.248+0000] {logging_mixin.py:190} INFO - [2024-10-28T00:21:26.248+0000] {dagbag.py:588} INFO - Filling up the DagBag from /home/airflow/.local/lib/python3.12/site-packages/airflow/example_dags/example_bash_operator.py
[2024-10-28T00:21:26.261+0000] {processor.py:925} INFO - DAG(s) 'example_bash_operator' retrieved from /home/airflow/.local/lib/python3.12/site-packages/airflow/example_dags/example_bash_operator.py
[2024-10-28T00:21:26.288+0000] {logging_mixin.py:190} INFO - [2024-10-28T00:21:26.288+0000] {dag.py:3239} INFO - Sync 1 DAGs
[2024-10-28T00:21:26.313+0000] {logging_mixin.py:190} INFO - [2024-10-28T00:21:26.313+0000] {dag.py:4180} INFO - Setting next_dagrun for example_bash_operator to 2024-10-27 00:00:00+00:00, run_after=2024-10-28 00:00:00+00:00
[2024-10-28T00:21:26.334+0000] {processor.py:208} INFO - Processing /home/airflow/.local/lib/python3.12/site-packages/airflow/example_dags/example_bash_operator.py took 0.096 seconds
[2024-10-28T00:21:56.761+0000] {processor.py:186} INFO - Started process (PID=48346) to work on /home/airflow/.local/lib/python3.12/site-packages/airflow/example_dags/example_bash_operator.py
[2024-10-28T00:21:56.763+0000] {processor.py:914} INFO - Processing file /home/airflow/.local/lib/python3.12/site-packages/airflow/example_dags/example_bash_operator.py for tasks to queue
[2024-10-28T00:21:56.765+0000] {logging_mixin.py:190} INFO - [2024-10-28T00:21:56.764+0000] {dagbag.py:588} INFO - Filling up the DagBag from /home/airflow/.local/lib/python3.12/site-packages/airflow/example_dags/example_bash_operator.py
[2024-10-28T00:21:56.780+0000] {processor.py:925} INFO - DAG(s) 'example_bash_operator' retrieved from /home/airflow/.local/lib/python3.12/site-packages/airflow/example_dags/example_bash_operator.py
[2024-10-28T00:21:56.811+0000] {logging_mixin.py:190} INFO - [2024-10-28T00:21:56.811+0000] {dag.py:3239} INFO - Sync 1 DAGs
[2024-10-28T00:21:56.836+0000] {logging_mixin.py:190} INFO - [2024-10-28T00:21:56.835+0000] {dag.py:4180} INFO - Setting next_dagrun for example_bash_operator to 2024-10-27 00:00:00+00:00, run_after=2024-10-28 00:00:00+00:00
[2024-10-28T00:21:56.857+0000] {processor.py:208} INFO - Processing /home/airflow/.local/lib/python3.12/site-packages/airflow/example_dags/example_bash_operator.py took 0.103 seconds
[2024-10-28T00:22:27.883+0000] {processor.py:186} INFO - Started process (PID=48420) to work on /home/airflow/.local/lib/python3.12/site-packages/airflow/example_dags/example_bash_operator.py
[2024-10-28T00:22:27.884+0000] {processor.py:914} INFO - Processing file /home/airflow/.local/lib/python3.12/site-packages/airflow/example_dags/example_bash_operator.py for tasks to queue
[2024-10-28T00:22:27.885+0000] {logging_mixin.py:190} INFO - [2024-10-28T00:22:27.885+0000] {dagbag.py:588} INFO - Filling up the DagBag from /home/airflow/.local/lib/python3.12/site-packages/airflow/example_dags/example_bash_operator.py
[2024-10-28T00:22:27.899+0000] {processor.py:925} INFO - DAG(s) 'example_bash_operator' retrieved from /home/airflow/.local/lib/python3.12/site-packages/airflow/example_dags/example_bash_operator.py
[2024-10-28T00:22:27.929+0000] {logging_mixin.py:190} INFO - [2024-10-28T00:22:27.929+0000] {dag.py:3239} INFO - Sync 1 DAGs
[2024-10-28T00:22:27.960+0000] {logging_mixin.py:190} INFO - [2024-10-28T00:22:27.959+0000] {dag.py:4180} INFO - Setting next_dagrun for example_bash_operator to 2024-10-27 00:00:00+00:00, run_after=2024-10-28 00:00:00+00:00
[2024-10-28T00:22:27.979+0000] {processor.py:208} INFO - Processing /home/airflow/.local/lib/python3.12/site-packages/airflow/example_dags/example_bash_operator.py took 0.103 seconds
[2024-10-28T00:22:58.537+0000] {processor.py:186} INFO - Started process (PID=48494) to work on /home/airflow/.local/lib/python3.12/site-packages/airflow/example_dags/example_bash_operator.py
[2024-10-28T00:22:58.539+0000] {processor.py:914} INFO - Processing file /home/airflow/.local/lib/python3.12/site-packages/airflow/example_dags/example_bash_operator.py for tasks to queue
[2024-10-28T00:22:58.542+0000] {logging_mixin.py:190} INFO - [2024-10-28T00:22:58.541+0000] {dagbag.py:588} INFO - Filling up the DagBag from /home/airflow/.local/lib/python3.12/site-packages/airflow/example_dags/example_bash_operator.py
[2024-10-28T00:22:58.560+0000] {processor.py:925} INFO - DAG(s) 'example_bash_operator' retrieved from /home/airflow/.local/lib/python3.12/site-packages/airflow/example_dags/example_bash_operator.py
[2024-10-28T00:22:58.597+0000] {logging_mixin.py:190} INFO - [2024-10-28T00:22:58.597+0000] {dag.py:3239} INFO - Sync 1 DAGs
[2024-10-28T00:22:58.627+0000] {logging_mixin.py:190} INFO - [2024-10-28T00:22:58.627+0000] {dag.py:4180} INFO - Setting next_dagrun for example_bash_operator to 2024-10-27 00:00:00+00:00, run_after=2024-10-28 00:00:00+00:00
[2024-10-28T00:22:58.653+0000] {processor.py:208} INFO - Processing /home/airflow/.local/lib/python3.12/site-packages/airflow/example_dags/example_bash_operator.py took 0.125 seconds
[2024-10-28T00:23:28.723+0000] {processor.py:186} INFO - Started process (PID=48568) to work on /home/airflow/.local/lib/python3.12/site-packages/airflow/example_dags/example_bash_operator.py
[2024-10-28T00:23:28.724+0000] {processor.py:914} INFO - Processing file /home/airflow/.local/lib/python3.12/site-packages/airflow/example_dags/example_bash_operator.py for tasks to queue
[2024-10-28T00:23:28.725+0000] {logging_mixin.py:190} INFO - [2024-10-28T00:23:28.725+0000] {dagbag.py:588} INFO - Filling up the DagBag from /home/airflow/.local/lib/python3.12/site-packages/airflow/example_dags/example_bash_operator.py
[2024-10-28T00:23:28.737+0000] {processor.py:925} INFO - DAG(s) 'example_bash_operator' retrieved from /home/airflow/.local/lib/python3.12/site-packages/airflow/example_dags/example_bash_operator.py
[2024-10-28T00:23:28.764+0000] {logging_mixin.py:190} INFO - [2024-10-28T00:23:28.764+0000] {dag.py:3239} INFO - Sync 1 DAGs
[2024-10-28T00:23:28.789+0000] {logging_mixin.py:190} INFO - [2024-10-28T00:23:28.788+0000] {dag.py:4180} INFO - Setting next_dagrun for example_bash_operator to 2024-10-27 00:00:00+00:00, run_after=2024-10-28 00:00:00+00:00
[2024-10-28T00:23:28.808+0000] {processor.py:208} INFO - Processing /home/airflow/.local/lib/python3.12/site-packages/airflow/example_dags/example_bash_operator.py took 0.091 seconds
[2024-10-28T00:23:59.737+0000] {processor.py:186} INFO - Started process (PID=48642) to work on /home/airflow/.local/lib/python3.12/site-packages/airflow/example_dags/example_bash_operator.py
[2024-10-28T00:23:59.738+0000] {processor.py:914} INFO - Processing file /home/airflow/.local/lib/python3.12/site-packages/airflow/example_dags/example_bash_operator.py for tasks to queue
[2024-10-28T00:23:59.741+0000] {logging_mixin.py:190} INFO - [2024-10-28T00:23:59.740+0000] {dagbag.py:588} INFO - Filling up the DagBag from /home/airflow/.local/lib/python3.12/site-packages/airflow/example_dags/example_bash_operator.py
[2024-10-28T00:23:59.758+0000] {processor.py:925} INFO - DAG(s) 'example_bash_operator' retrieved from /home/airflow/.local/lib/python3.12/site-packages/airflow/example_dags/example_bash_operator.py
[2024-10-28T00:23:59.799+0000] {logging_mixin.py:190} INFO - [2024-10-28T00:23:59.799+0000] {dag.py:3239} INFO - Sync 1 DAGs
[2024-10-28T00:23:59.828+0000] {logging_mixin.py:190} INFO - [2024-10-28T00:23:59.828+0000] {dag.py:4180} INFO - Setting next_dagrun for example_bash_operator to 2024-10-27 00:00:00+00:00, run_after=2024-10-28 00:00:00+00:00
[2024-10-28T00:23:59.850+0000] {processor.py:208} INFO - Processing /home/airflow/.local/lib/python3.12/site-packages/airflow/example_dags/example_bash_operator.py took 0.121 seconds
[2024-10-28T00:24:30.331+0000] {processor.py:186} INFO - Started process (PID=48716) to work on /home/airflow/.local/lib/python3.12/site-packages/airflow/example_dags/example_bash_operator.py
[2024-10-28T00:24:30.332+0000] {processor.py:914} INFO - Processing file /home/airflow/.local/lib/python3.12/site-packages/airflow/example_dags/example_bash_operator.py for tasks to queue
[2024-10-28T00:24:30.334+0000] {logging_mixin.py:190} INFO - [2024-10-28T00:24:30.333+0000] {dagbag.py:588} INFO - Filling up the DagBag from /home/airflow/.local/lib/python3.12/site-packages/airflow/example_dags/example_bash_operator.py
[2024-10-28T00:24:30.346+0000] {processor.py:925} INFO - DAG(s) 'example_bash_operator' retrieved from /home/airflow/.local/lib/python3.12/site-packages/airflow/example_dags/example_bash_operator.py
[2024-10-28T00:24:30.372+0000] {logging_mixin.py:190} INFO - [2024-10-28T00:24:30.372+0000] {dag.py:3239} INFO - Sync 1 DAGs
[2024-10-28T00:24:30.546+0000] {logging_mixin.py:190} INFO - [2024-10-28T00:24:30.546+0000] {dag.py:4180} INFO - Setting next_dagrun for example_bash_operator to 2024-10-27 00:00:00+00:00, run_after=2024-10-28 00:00:00+00:00
[2024-10-28T00:24:30.566+0000] {processor.py:208} INFO - Processing /home/airflow/.local/lib/python3.12/site-packages/airflow/example_dags/example_bash_operator.py took 0.241 seconds
[2024-10-28T00:25:01.764+0000] {processor.py:186} INFO - Started process (PID=48790) to work on /home/airflow/.local/lib/python3.12/site-packages/airflow/example_dags/example_bash_operator.py
[2024-10-28T00:25:01.765+0000] {processor.py:914} INFO - Processing file /home/airflow/.local/lib/python3.12/site-packages/airflow/example_dags/example_bash_operator.py for tasks to queue
[2024-10-28T00:25:01.768+0000] {logging_mixin.py:190} INFO - [2024-10-28T00:25:01.767+0000] {dagbag.py:588} INFO - Filling up the DagBag from /home/airflow/.local/lib/python3.12/site-packages/airflow/example_dags/example_bash_operator.py
[2024-10-28T00:25:01.784+0000] {processor.py:925} INFO - DAG(s) 'example_bash_operator' retrieved from /home/airflow/.local/lib/python3.12/site-packages/airflow/example_dags/example_bash_operator.py
[2024-10-28T00:25:01.820+0000] {logging_mixin.py:190} INFO - [2024-10-28T00:25:01.820+0000] {dag.py:3239} INFO - Sync 1 DAGs
[2024-10-28T00:25:02.017+0000] {logging_mixin.py:190} INFO - [2024-10-28T00:25:02.016+0000] {dag.py:4180} INFO - Setting next_dagrun for example_bash_operator to 2024-10-27 00:00:00+00:00, run_after=2024-10-28 00:00:00+00:00
[2024-10-28T00:25:02.040+0000] {processor.py:208} INFO - Processing /home/airflow/.local/lib/python3.12/site-packages/airflow/example_dags/example_bash_operator.py took 0.282 seconds
[2024-10-28T00:25:32.878+0000] {processor.py:186} INFO - Started process (PID=48864) to work on /home/airflow/.local/lib/python3.12/site-packages/airflow/example_dags/example_bash_operator.py
[2024-10-28T00:25:32.879+0000] {processor.py:914} INFO - Processing file /home/airflow/.local/lib/python3.12/site-packages/airflow/example_dags/example_bash_operator.py for tasks to queue
[2024-10-28T00:25:32.881+0000] {logging_mixin.py:190} INFO - [2024-10-28T00:25:32.881+0000] {dagbag.py:588} INFO - Filling up the DagBag from /home/airflow/.local/lib/python3.12/site-packages/airflow/example_dags/example_bash_operator.py
[2024-10-28T00:25:32.894+0000] {processor.py:925} INFO - DAG(s) 'example_bash_operator' retrieved from /home/airflow/.local/lib/python3.12/site-packages/airflow/example_dags/example_bash_operator.py
[2024-10-28T00:25:32.925+0000] {logging_mixin.py:190} INFO - [2024-10-28T00:25:32.925+0000] {dag.py:3239} INFO - Sync 1 DAGs
[2024-10-28T00:25:33.113+0000] {logging_mixin.py:190} INFO - [2024-10-28T00:25:33.113+0000] {dag.py:4180} INFO - Setting next_dagrun for example_bash_operator to 2024-10-27 00:00:00+00:00, run_after=2024-10-28 00:00:00+00:00
[2024-10-28T00:25:33.133+0000] {processor.py:208} INFO - Processing /home/airflow/.local/lib/python3.12/site-packages/airflow/example_dags/example_bash_operator.py took 0.261 seconds
[2024-10-28T00:26:03.363+0000] {processor.py:186} INFO - Started process (PID=48938) to work on /home/airflow/.local/lib/python3.12/site-packages/airflow/example_dags/example_bash_operator.py
[2024-10-28T00:26:03.365+0000] {processor.py:914} INFO - Processing file /home/airflow/.local/lib/python3.12/site-packages/airflow/example_dags/example_bash_operator.py for tasks to queue
[2024-10-28T00:26:03.366+0000] {logging_mixin.py:190} INFO - [2024-10-28T00:26:03.366+0000] {dagbag.py:588} INFO - Filling up the DagBag from /home/airflow/.local/lib/python3.12/site-packages/airflow/example_dags/example_bash_operator.py
[2024-10-28T00:26:03.379+0000] {processor.py:925} INFO - DAG(s) 'example_bash_operator' retrieved from /home/airflow/.local/lib/python3.12/site-packages/airflow/example_dags/example_bash_operator.py
[2024-10-28T00:26:03.406+0000] {logging_mixin.py:190} INFO - [2024-10-28T00:26:03.406+0000] {dag.py:3239} INFO - Sync 1 DAGs
[2024-10-28T00:26:03.583+0000] {logging_mixin.py:190} INFO - [2024-10-28T00:26:03.582+0000] {dag.py:4180} INFO - Setting next_dagrun for example_bash_operator to 2024-10-27 00:00:00+00:00, run_after=2024-10-28 00:00:00+00:00
[2024-10-28T00:26:03.602+0000] {processor.py:208} INFO - Processing /home/airflow/.local/lib/python3.12/site-packages/airflow/example_dags/example_bash_operator.py took 0.244 seconds
[2024-10-28T00:26:33.833+0000] {processor.py:186} INFO - Started process (PID=49012) to work on /home/airflow/.local/lib/python3.12/site-packages/airflow/example_dags/example_bash_operator.py
[2024-10-28T00:26:33.835+0000] {processor.py:914} INFO - Processing file /home/airflow/.local/lib/python3.12/site-packages/airflow/example_dags/example_bash_operator.py for tasks to queue
[2024-10-28T00:26:33.836+0000] {logging_mixin.py:190} INFO - [2024-10-28T00:26:33.836+0000] {dagbag.py:588} INFO - Filling up the DagBag from /home/airflow/.local/lib/python3.12/site-packages/airflow/example_dags/example_bash_operator.py
[2024-10-28T00:26:33.849+0000] {processor.py:925} INFO - DAG(s) 'example_bash_operator' retrieved from /home/airflow/.local/lib/python3.12/site-packages/airflow/example_dags/example_bash_operator.py
[2024-10-28T00:26:33.877+0000] {logging_mixin.py:190} INFO - [2024-10-28T00:26:33.877+0000] {dag.py:3239} INFO - Sync 1 DAGs
[2024-10-28T00:26:33.901+0000] {logging_mixin.py:190} INFO - [2024-10-28T00:26:33.900+0000] {dag.py:4180} INFO - Setting next_dagrun for example_bash_operator to 2024-10-27 00:00:00+00:00, run_after=2024-10-28 00:00:00+00:00
[2024-10-28T00:26:33.918+0000] {processor.py:208} INFO - Processing /home/airflow/.local/lib/python3.12/site-packages/airflow/example_dags/example_bash_operator.py took 0.090 seconds
[2024-10-28T00:27:04.215+0000] {processor.py:186} INFO - Started process (PID=49086) to work on /home/airflow/.local/lib/python3.12/site-packages/airflow/example_dags/example_bash_operator.py
[2024-10-28T00:27:04.216+0000] {processor.py:914} INFO - Processing file /home/airflow/.local/lib/python3.12/site-packages/airflow/example_dags/example_bash_operator.py for tasks to queue
[2024-10-28T00:27:04.217+0000] {logging_mixin.py:190} INFO - [2024-10-28T00:27:04.217+0000] {dagbag.py:588} INFO - Filling up the DagBag from /home/airflow/.local/lib/python3.12/site-packages/airflow/example_dags/example_bash_operator.py
[2024-10-28T00:27:04.230+0000] {processor.py:925} INFO - DAG(s) 'example_bash_operator' retrieved from /home/airflow/.local/lib/python3.12/site-packages/airflow/example_dags/example_bash_operator.py
[2024-10-28T00:27:04.259+0000] {logging_mixin.py:190} INFO - [2024-10-28T00:27:04.259+0000] {dag.py:3239} INFO - Sync 1 DAGs
[2024-10-28T00:27:04.283+0000] {logging_mixin.py:190} INFO - [2024-10-28T00:27:04.283+0000] {dag.py:4180} INFO - Setting next_dagrun for example_bash_operator to 2024-10-27 00:00:00+00:00, run_after=2024-10-28 00:00:00+00:00
[2024-10-28T00:27:04.301+0000] {processor.py:208} INFO - Processing /home/airflow/.local/lib/python3.12/site-packages/airflow/example_dags/example_bash_operator.py took 0.091 seconds
[2024-10-28T00:27:35.104+0000] {processor.py:186} INFO - Started process (PID=49160) to work on /home/airflow/.local/lib/python3.12/site-packages/airflow/example_dags/example_bash_operator.py
[2024-10-28T00:27:35.105+0000] {processor.py:914} INFO - Processing file /home/airflow/.local/lib/python3.12/site-packages/airflow/example_dags/example_bash_operator.py for tasks to queue
[2024-10-28T00:27:35.106+0000] {logging_mixin.py:190} INFO - [2024-10-28T00:27:35.106+0000] {dagbag.py:588} INFO - Filling up the DagBag from /home/airflow/.local/lib/python3.12/site-packages/airflow/example_dags/example_bash_operator.py
[2024-10-28T00:27:35.119+0000] {processor.py:925} INFO - DAG(s) 'example_bash_operator' retrieved from /home/airflow/.local/lib/python3.12/site-packages/airflow/example_dags/example_bash_operator.py
[2024-10-28T00:27:35.148+0000] {logging_mixin.py:190} INFO - [2024-10-28T00:27:35.147+0000] {dag.py:3239} INFO - Sync 1 DAGs
[2024-10-28T00:27:35.172+0000] {logging_mixin.py:190} INFO - [2024-10-28T00:27:35.171+0000] {dag.py:4180} INFO - Setting next_dagrun for example_bash_operator to 2024-10-27 00:00:00+00:00, run_after=2024-10-28 00:00:00+00:00
[2024-10-28T00:27:35.190+0000] {processor.py:208} INFO - Processing /home/airflow/.local/lib/python3.12/site-packages/airflow/example_dags/example_bash_operator.py took 0.092 seconds
[2024-10-28T00:28:06.142+0000] {processor.py:186} INFO - Started process (PID=49234) to work on /home/airflow/.local/lib/python3.12/site-packages/airflow/example_dags/example_bash_operator.py
[2024-10-28T00:28:06.143+0000] {processor.py:914} INFO - Processing file /home/airflow/.local/lib/python3.12/site-packages/airflow/example_dags/example_bash_operator.py for tasks to queue
[2024-10-28T00:28:06.145+0000] {logging_mixin.py:190} INFO - [2024-10-28T00:28:06.144+0000] {dagbag.py:588} INFO - Filling up the DagBag from /home/airflow/.local/lib/python3.12/site-packages/airflow/example_dags/example_bash_operator.py
[2024-10-28T00:28:06.157+0000] {processor.py:925} INFO - DAG(s) 'example_bash_operator' retrieved from /home/airflow/.local/lib/python3.12/site-packages/airflow/example_dags/example_bash_operator.py
[2024-10-28T00:28:06.187+0000] {logging_mixin.py:190} INFO - [2024-10-28T00:28:06.187+0000] {dag.py:3239} INFO - Sync 1 DAGs
[2024-10-28T00:28:06.214+0000] {logging_mixin.py:190} INFO - [2024-10-28T00:28:06.214+0000] {dag.py:4180} INFO - Setting next_dagrun for example_bash_operator to 2024-10-27 00:00:00+00:00, run_after=2024-10-28 00:00:00+00:00
[2024-10-28T00:28:06.239+0000] {processor.py:208} INFO - Processing /home/airflow/.local/lib/python3.12/site-packages/airflow/example_dags/example_bash_operator.py took 0.102 seconds
[2024-10-28T00:28:36.719+0000] {processor.py:186} INFO - Started process (PID=49308) to work on /home/airflow/.local/lib/python3.12/site-packages/airflow/example_dags/example_bash_operator.py
[2024-10-28T00:28:36.721+0000] {processor.py:914} INFO - Processing file /home/airflow/.local/lib/python3.12/site-packages/airflow/example_dags/example_bash_operator.py for tasks to queue
[2024-10-28T00:28:36.724+0000] {logging_mixin.py:190} INFO - [2024-10-28T00:28:36.723+0000] {dagbag.py:588} INFO - Filling up the DagBag from /home/airflow/.local/lib/python3.12/site-packages/airflow/example_dags/example_bash_operator.py
[2024-10-28T00:28:36.741+0000] {processor.py:925} INFO - DAG(s) 'example_bash_operator' retrieved from /home/airflow/.local/lib/python3.12/site-packages/airflow/example_dags/example_bash_operator.py
[2024-10-28T00:28:36.774+0000] {logging_mixin.py:190} INFO - [2024-10-28T00:28:36.773+0000] {dag.py:3239} INFO - Sync 1 DAGs
[2024-10-28T00:28:36.804+0000] {logging_mixin.py:190} INFO - [2024-10-28T00:28:36.804+0000] {dag.py:4180} INFO - Setting next_dagrun for example_bash_operator to 2024-10-27 00:00:00+00:00, run_after=2024-10-28 00:00:00+00:00
[2024-10-28T00:28:36.830+0000] {processor.py:208} INFO - Processing /home/airflow/.local/lib/python3.12/site-packages/airflow/example_dags/example_bash_operator.py took 0.117 seconds
[2024-10-28T00:29:07.603+0000] {processor.py:186} INFO - Started process (PID=49382) to work on /home/airflow/.local/lib/python3.12/site-packages/airflow/example_dags/example_bash_operator.py
[2024-10-28T00:29:07.604+0000] {processor.py:914} INFO - Processing file /home/airflow/.local/lib/python3.12/site-packages/airflow/example_dags/example_bash_operator.py for tasks to queue
[2024-10-28T00:29:07.606+0000] {logging_mixin.py:190} INFO - [2024-10-28T00:29:07.606+0000] {dagbag.py:588} INFO - Filling up the DagBag from /home/airflow/.local/lib/python3.12/site-packages/airflow/example_dags/example_bash_operator.py
[2024-10-28T00:29:07.622+0000] {processor.py:925} INFO - DAG(s) 'example_bash_operator' retrieved from /home/airflow/.local/lib/python3.12/site-packages/airflow/example_dags/example_bash_operator.py
[2024-10-28T00:29:07.653+0000] {logging_mixin.py:190} INFO - [2024-10-28T00:29:07.652+0000] {dag.py:3239} INFO - Sync 1 DAGs
[2024-10-28T00:29:07.677+0000] {logging_mixin.py:190} INFO - [2024-10-28T00:29:07.677+0000] {dag.py:4180} INFO - Setting next_dagrun for example_bash_operator to 2024-10-27 00:00:00+00:00, run_after=2024-10-28 00:00:00+00:00
[2024-10-28T00:29:07.696+0000] {processor.py:208} INFO - Processing /home/airflow/.local/lib/python3.12/site-packages/airflow/example_dags/example_bash_operator.py took 0.102 seconds
[2024-10-28T00:29:38.444+0000] {processor.py:186} INFO - Started process (PID=49462) to work on /home/airflow/.local/lib/python3.12/site-packages/airflow/example_dags/example_bash_operator.py
[2024-10-28T00:29:38.445+0000] {processor.py:914} INFO - Processing file /home/airflow/.local/lib/python3.12/site-packages/airflow/example_dags/example_bash_operator.py for tasks to queue
[2024-10-28T00:29:38.447+0000] {logging_mixin.py:190} INFO - [2024-10-28T00:29:38.447+0000] {dagbag.py:588} INFO - Filling up the DagBag from /home/airflow/.local/lib/python3.12/site-packages/airflow/example_dags/example_bash_operator.py
[2024-10-28T00:29:38.460+0000] {processor.py:925} INFO - DAG(s) 'example_bash_operator' retrieved from /home/airflow/.local/lib/python3.12/site-packages/airflow/example_dags/example_bash_operator.py
[2024-10-28T00:29:38.488+0000] {logging_mixin.py:190} INFO - [2024-10-28T00:29:38.488+0000] {dag.py:3239} INFO - Sync 1 DAGs
[2024-10-28T00:29:38.512+0000] {logging_mixin.py:190} INFO - [2024-10-28T00:29:38.512+0000] {dag.py:4180} INFO - Setting next_dagrun for example_bash_operator to 2024-10-27 00:00:00+00:00, run_after=2024-10-28 00:00:00+00:00
[2024-10-28T00:29:38.530+0000] {processor.py:208} INFO - Processing /home/airflow/.local/lib/python3.12/site-packages/airflow/example_dags/example_bash_operator.py took 0.092 seconds
[2024-10-28T00:30:09.362+0000] {processor.py:186} INFO - Started process (PID=49536) to work on /home/airflow/.local/lib/python3.12/site-packages/airflow/example_dags/example_bash_operator.py
[2024-10-28T00:30:09.363+0000] {processor.py:914} INFO - Processing file /home/airflow/.local/lib/python3.12/site-packages/airflow/example_dags/example_bash_operator.py for tasks to queue
[2024-10-28T00:30:09.365+0000] {logging_mixin.py:190} INFO - [2024-10-28T00:30:09.365+0000] {dagbag.py:588} INFO - Filling up the DagBag from /home/airflow/.local/lib/python3.12/site-packages/airflow/example_dags/example_bash_operator.py
[2024-10-28T00:30:09.377+0000] {processor.py:925} INFO - DAG(s) 'example_bash_operator' retrieved from /home/airflow/.local/lib/python3.12/site-packages/airflow/example_dags/example_bash_operator.py
[2024-10-28T00:30:09.404+0000] {logging_mixin.py:190} INFO - [2024-10-28T00:30:09.404+0000] {dag.py:3239} INFO - Sync 1 DAGs
[2024-10-28T00:30:09.429+0000] {logging_mixin.py:190} INFO - [2024-10-28T00:30:09.429+0000] {dag.py:4180} INFO - Setting next_dagrun for example_bash_operator to 2024-10-27 00:00:00+00:00, run_after=2024-10-28 00:00:00+00:00
[2024-10-28T00:30:09.451+0000] {processor.py:208} INFO - Processing /home/airflow/.local/lib/python3.12/site-packages/airflow/example_dags/example_bash_operator.py took 0.094 seconds
[2024-10-28T00:30:40.254+0000] {processor.py:186} INFO - Started process (PID=49610) to work on /home/airflow/.local/lib/python3.12/site-packages/airflow/example_dags/example_bash_operator.py
[2024-10-28T00:30:40.255+0000] {processor.py:914} INFO - Processing file /home/airflow/.local/lib/python3.12/site-packages/airflow/example_dags/example_bash_operator.py for tasks to queue
[2024-10-28T00:30:40.257+0000] {logging_mixin.py:190} INFO - [2024-10-28T00:30:40.256+0000] {dagbag.py:588} INFO - Filling up the DagBag from /home/airflow/.local/lib/python3.12/site-packages/airflow/example_dags/example_bash_operator.py
[2024-10-28T00:30:40.270+0000] {processor.py:925} INFO - DAG(s) 'example_bash_operator' retrieved from /home/airflow/.local/lib/python3.12/site-packages/airflow/example_dags/example_bash_operator.py
[2024-10-28T00:30:40.299+0000] {logging_mixin.py:190} INFO - [2024-10-28T00:30:40.299+0000] {dag.py:3239} INFO - Sync 1 DAGs
[2024-10-28T00:30:40.323+0000] {logging_mixin.py:190} INFO - [2024-10-28T00:30:40.323+0000] {dag.py:4180} INFO - Setting next_dagrun for example_bash_operator to 2024-10-27 00:00:00+00:00, run_after=2024-10-28 00:00:00+00:00
[2024-10-28T00:30:40.342+0000] {processor.py:208} INFO - Processing /home/airflow/.local/lib/python3.12/site-packages/airflow/example_dags/example_bash_operator.py took 0.094 seconds
[2024-10-28T00:31:10.996+0000] {processor.py:186} INFO - Started process (PID=49684) to work on /home/airflow/.local/lib/python3.12/site-packages/airflow/example_dags/example_bash_operator.py
[2024-10-28T00:31:10.997+0000] {processor.py:914} INFO - Processing file /home/airflow/.local/lib/python3.12/site-packages/airflow/example_dags/example_bash_operator.py for tasks to queue
[2024-10-28T00:31:10.998+0000] {logging_mixin.py:190} INFO - [2024-10-28T00:31:10.998+0000] {dagbag.py:588} INFO - Filling up the DagBag from /home/airflow/.local/lib/python3.12/site-packages/airflow/example_dags/example_bash_operator.py
[2024-10-28T00:31:11.011+0000] {processor.py:925} INFO - DAG(s) 'example_bash_operator' retrieved from /home/airflow/.local/lib/python3.12/site-packages/airflow/example_dags/example_bash_operator.py
[2024-10-28T00:31:11.040+0000] {logging_mixin.py:190} INFO - [2024-10-28T00:31:11.039+0000] {dag.py:3239} INFO - Sync 1 DAGs
[2024-10-28T00:31:11.063+0000] {logging_mixin.py:190} INFO - [2024-10-28T00:31:11.063+0000] {dag.py:4180} INFO - Setting next_dagrun for example_bash_operator to 2024-10-27 00:00:00+00:00, run_after=2024-10-28 00:00:00+00:00
[2024-10-28T00:31:11.081+0000] {processor.py:208} INFO - Processing /home/airflow/.local/lib/python3.12/site-packages/airflow/example_dags/example_bash_operator.py took 0.091 seconds
[2024-10-28T00:31:41.131+0000] {processor.py:186} INFO - Started process (PID=49758) to work on /home/airflow/.local/lib/python3.12/site-packages/airflow/example_dags/example_bash_operator.py
[2024-10-28T00:31:41.132+0000] {processor.py:914} INFO - Processing file /home/airflow/.local/lib/python3.12/site-packages/airflow/example_dags/example_bash_operator.py for tasks to queue
[2024-10-28T00:31:41.133+0000] {logging_mixin.py:190} INFO - [2024-10-28T00:31:41.132+0000] {dagbag.py:588} INFO - Filling up the DagBag from /home/airflow/.local/lib/python3.12/site-packages/airflow/example_dags/example_bash_operator.py
[2024-10-28T00:31:41.145+0000] {processor.py:925} INFO - DAG(s) 'example_bash_operator' retrieved from /home/airflow/.local/lib/python3.12/site-packages/airflow/example_dags/example_bash_operator.py
[2024-10-28T00:31:41.170+0000] {logging_mixin.py:190} INFO - [2024-10-28T00:31:41.170+0000] {dag.py:3239} INFO - Sync 1 DAGs
[2024-10-28T00:31:41.198+0000] {logging_mixin.py:190} INFO - [2024-10-28T00:31:41.197+0000] {dag.py:4180} INFO - Setting next_dagrun for example_bash_operator to 2024-10-27 00:00:00+00:00, run_after=2024-10-28 00:00:00+00:00
[2024-10-28T00:31:41.214+0000] {processor.py:208} INFO - Processing /home/airflow/.local/lib/python3.12/site-packages/airflow/example_dags/example_bash_operator.py took 0.089 seconds
[2024-10-28T00:32:11.973+0000] {processor.py:186} INFO - Started process (PID=49832) to work on /home/airflow/.local/lib/python3.12/site-packages/airflow/example_dags/example_bash_operator.py
[2024-10-28T00:32:11.974+0000] {processor.py:914} INFO - Processing file /home/airflow/.local/lib/python3.12/site-packages/airflow/example_dags/example_bash_operator.py for tasks to queue
[2024-10-28T00:32:11.976+0000] {logging_mixin.py:190} INFO - [2024-10-28T00:32:11.975+0000] {dagbag.py:588} INFO - Filling up the DagBag from /home/airflow/.local/lib/python3.12/site-packages/airflow/example_dags/example_bash_operator.py
[2024-10-28T00:32:11.989+0000] {processor.py:925} INFO - DAG(s) 'example_bash_operator' retrieved from /home/airflow/.local/lib/python3.12/site-packages/airflow/example_dags/example_bash_operator.py
[2024-10-28T00:32:12.016+0000] {logging_mixin.py:190} INFO - [2024-10-28T00:32:12.016+0000] {dag.py:3239} INFO - Sync 1 DAGs
[2024-10-28T00:32:12.041+0000] {logging_mixin.py:190} INFO - [2024-10-28T00:32:12.041+0000] {dag.py:4180} INFO - Setting next_dagrun for example_bash_operator to 2024-10-27 00:00:00+00:00, run_after=2024-10-28 00:00:00+00:00
[2024-10-28T00:32:12.062+0000] {processor.py:208} INFO - Processing /home/airflow/.local/lib/python3.12/site-packages/airflow/example_dags/example_bash_operator.py took 0.095 seconds
[2024-10-28T00:32:42.834+0000] {processor.py:186} INFO - Started process (PID=49906) to work on /home/airflow/.local/lib/python3.12/site-packages/airflow/example_dags/example_bash_operator.py
[2024-10-28T00:32:42.835+0000] {processor.py:914} INFO - Processing file /home/airflow/.local/lib/python3.12/site-packages/airflow/example_dags/example_bash_operator.py for tasks to queue
[2024-10-28T00:32:42.837+0000] {logging_mixin.py:190} INFO - [2024-10-28T00:32:42.836+0000] {dagbag.py:588} INFO - Filling up the DagBag from /home/airflow/.local/lib/python3.12/site-packages/airflow/example_dags/example_bash_operator.py
[2024-10-28T00:32:42.848+0000] {processor.py:925} INFO - DAG(s) 'example_bash_operator' retrieved from /home/airflow/.local/lib/python3.12/site-packages/airflow/example_dags/example_bash_operator.py
[2024-10-28T00:32:42.875+0000] {logging_mixin.py:190} INFO - [2024-10-28T00:32:42.875+0000] {dag.py:3239} INFO - Sync 1 DAGs
[2024-10-28T00:32:42.898+0000] {logging_mixin.py:190} INFO - [2024-10-28T00:32:42.898+0000] {dag.py:4180} INFO - Setting next_dagrun for example_bash_operator to 2024-10-27 00:00:00+00:00, run_after=2024-10-28 00:00:00+00:00
[2024-10-28T00:32:42.918+0000] {processor.py:208} INFO - Processing /home/airflow/.local/lib/python3.12/site-packages/airflow/example_dags/example_bash_operator.py took 0.089 seconds
[2024-10-28T00:33:13.665+0000] {processor.py:186} INFO - Started process (PID=49980) to work on /home/airflow/.local/lib/python3.12/site-packages/airflow/example_dags/example_bash_operator.py
[2024-10-28T00:33:13.666+0000] {processor.py:914} INFO - Processing file /home/airflow/.local/lib/python3.12/site-packages/airflow/example_dags/example_bash_operator.py for tasks to queue
[2024-10-28T00:33:13.668+0000] {logging_mixin.py:190} INFO - [2024-10-28T00:33:13.667+0000] {dagbag.py:588} INFO - Filling up the DagBag from /home/airflow/.local/lib/python3.12/site-packages/airflow/example_dags/example_bash_operator.py
[2024-10-28T00:33:13.680+0000] {processor.py:925} INFO - DAG(s) 'example_bash_operator' retrieved from /home/airflow/.local/lib/python3.12/site-packages/airflow/example_dags/example_bash_operator.py
[2024-10-28T00:33:13.708+0000] {logging_mixin.py:190} INFO - [2024-10-28T00:33:13.707+0000] {dag.py:3239} INFO - Sync 1 DAGs
[2024-10-28T00:33:13.732+0000] {logging_mixin.py:190} INFO - [2024-10-28T00:33:13.732+0000] {dag.py:4180} INFO - Setting next_dagrun for example_bash_operator to 2024-10-27 00:00:00+00:00, run_after=2024-10-28 00:00:00+00:00
[2024-10-28T00:33:13.750+0000] {processor.py:208} INFO - Processing /home/airflow/.local/lib/python3.12/site-packages/airflow/example_dags/example_bash_operator.py took 0.090 seconds
[2024-10-28T00:33:44.449+0000] {processor.py:186} INFO - Started process (PID=50054) to work on /home/airflow/.local/lib/python3.12/site-packages/airflow/example_dags/example_bash_operator.py
[2024-10-28T00:33:44.450+0000] {processor.py:914} INFO - Processing file /home/airflow/.local/lib/python3.12/site-packages/airflow/example_dags/example_bash_operator.py for tasks to queue
[2024-10-28T00:33:44.452+0000] {logging_mixin.py:190} INFO - [2024-10-28T00:33:44.451+0000] {dagbag.py:588} INFO - Filling up the DagBag from /home/airflow/.local/lib/python3.12/site-packages/airflow/example_dags/example_bash_operator.py
[2024-10-28T00:33:44.465+0000] {processor.py:925} INFO - DAG(s) 'example_bash_operator' retrieved from /home/airflow/.local/lib/python3.12/site-packages/airflow/example_dags/example_bash_operator.py
[2024-10-28T00:33:44.495+0000] {logging_mixin.py:190} INFO - [2024-10-28T00:33:44.495+0000] {dag.py:3239} INFO - Sync 1 DAGs
[2024-10-28T00:33:44.520+0000] {logging_mixin.py:190} INFO - [2024-10-28T00:33:44.520+0000] {dag.py:4180} INFO - Setting next_dagrun for example_bash_operator to 2024-10-27 00:00:00+00:00, run_after=2024-10-28 00:00:00+00:00
[2024-10-28T00:33:44.538+0000] {processor.py:208} INFO - Processing /home/airflow/.local/lib/python3.12/site-packages/airflow/example_dags/example_bash_operator.py took 0.095 seconds
