[2024-10-28T00:00:05.275+0000] {processor.py:186} INFO - Started process (PID=45161) to work on /home/airflow/.local/lib/python3.12/site-packages/airflow/example_dags/example_workday_timetable.py
[2024-10-28T00:00:05.276+0000] {processor.py:914} INFO - Processing file /home/airflow/.local/lib/python3.12/site-packages/airflow/example_dags/example_workday_timetable.py for tasks to queue
[2024-10-28T00:00:05.278+0000] {logging_mixin.py:190} INFO - [2024-10-28T00:00:05.278+0000] {dagbag.py:588} INFO - Filling up the DagBag from /home/airflow/.local/lib/python3.12/site-packages/airflow/example_dags/example_workday_timetable.py
[2024-10-28T00:00:05.284+0000] {processor.py:925} INFO - DAG(s) 'example_workday_timetable' retrieved from /home/airflow/.local/lib/python3.12/site-packages/airflow/example_dags/example_workday_timetable.py
[2024-10-28T00:00:05.307+0000] {logging_mixin.py:190} INFO - [2024-10-28T00:00:05.307+0000] {dag.py:3239} INFO - Sync 1 DAGs
[2024-10-28T00:00:05.390+0000] {logging_mixin.py:190} INFO - [2024-10-28T00:00:05.389+0000] {dag.py:4180} INFO - Setting next_dagrun for example_workday_timetable to 2021-01-04 00:00:00+00:00, run_after=2021-01-05 00:00:00+00:00
[2024-10-28T00:00:05.409+0000] {processor.py:208} INFO - Processing /home/airflow/.local/lib/python3.12/site-packages/airflow/example_dags/example_workday_timetable.py took 0.141 seconds
[2024-10-28T00:00:35.929+0000] {processor.py:186} INFO - Started process (PID=45241) to work on /home/airflow/.local/lib/python3.12/site-packages/airflow/example_dags/example_workday_timetable.py
[2024-10-28T00:00:35.931+0000] {processor.py:914} INFO - Processing file /home/airflow/.local/lib/python3.12/site-packages/airflow/example_dags/example_workday_timetable.py for tasks to queue
[2024-10-28T00:00:35.933+0000] {logging_mixin.py:190} INFO - [2024-10-28T00:00:35.932+0000] {dagbag.py:588} INFO - Filling up the DagBag from /home/airflow/.local/lib/python3.12/site-packages/airflow/example_dags/example_workday_timetable.py
[2024-10-28T00:00:35.940+0000] {processor.py:925} INFO - DAG(s) 'example_workday_timetable' retrieved from /home/airflow/.local/lib/python3.12/site-packages/airflow/example_dags/example_workday_timetable.py
[2024-10-28T00:00:35.962+0000] {logging_mixin.py:190} INFO - [2024-10-28T00:00:35.962+0000] {dag.py:3239} INFO - Sync 1 DAGs
[2024-10-28T00:00:36.036+0000] {logging_mixin.py:190} INFO - [2024-10-28T00:00:36.036+0000] {dag.py:4180} INFO - Setting next_dagrun for example_workday_timetable to 2021-01-04 00:00:00+00:00, run_after=2021-01-05 00:00:00+00:00
[2024-10-28T00:00:36.060+0000] {processor.py:208} INFO - Processing /home/airflow/.local/lib/python3.12/site-packages/airflow/example_dags/example_workday_timetable.py took 0.139 seconds
[2024-10-28T00:01:06.577+0000] {processor.py:186} INFO - Started process (PID=45315) to work on /home/airflow/.local/lib/python3.12/site-packages/airflow/example_dags/example_workday_timetable.py
[2024-10-28T00:01:06.578+0000] {processor.py:914} INFO - Processing file /home/airflow/.local/lib/python3.12/site-packages/airflow/example_dags/example_workday_timetable.py for tasks to queue
[2024-10-28T00:01:06.580+0000] {logging_mixin.py:190} INFO - [2024-10-28T00:01:06.580+0000] {dagbag.py:588} INFO - Filling up the DagBag from /home/airflow/.local/lib/python3.12/site-packages/airflow/example_dags/example_workday_timetable.py
[2024-10-28T00:01:06.590+0000] {processor.py:925} INFO - DAG(s) 'example_workday_timetable' retrieved from /home/airflow/.local/lib/python3.12/site-packages/airflow/example_dags/example_workday_timetable.py
[2024-10-28T00:01:06.619+0000] {logging_mixin.py:190} INFO - [2024-10-28T00:01:06.618+0000] {dag.py:3239} INFO - Sync 1 DAGs
[2024-10-28T00:01:06.722+0000] {logging_mixin.py:190} INFO - [2024-10-28T00:01:06.722+0000] {dag.py:4180} INFO - Setting next_dagrun for example_workday_timetable to 2021-01-04 00:00:00+00:00, run_after=2021-01-05 00:00:00+00:00
[2024-10-28T00:01:06.743+0000] {processor.py:208} INFO - Processing /home/airflow/.local/lib/python3.12/site-packages/airflow/example_dags/example_workday_timetable.py took 0.174 seconds
[2024-10-28T00:01:36.852+0000] {processor.py:186} INFO - Started process (PID=45390) to work on /home/airflow/.local/lib/python3.12/site-packages/airflow/example_dags/example_workday_timetable.py
[2024-10-28T00:01:36.853+0000] {processor.py:914} INFO - Processing file /home/airflow/.local/lib/python3.12/site-packages/airflow/example_dags/example_workday_timetable.py for tasks to queue
[2024-10-28T00:01:36.855+0000] {logging_mixin.py:190} INFO - [2024-10-28T00:01:36.854+0000] {dagbag.py:588} INFO - Filling up the DagBag from /home/airflow/.local/lib/python3.12/site-packages/airflow/example_dags/example_workday_timetable.py
[2024-10-28T00:01:36.861+0000] {processor.py:925} INFO - DAG(s) 'example_workday_timetable' retrieved from /home/airflow/.local/lib/python3.12/site-packages/airflow/example_dags/example_workday_timetable.py
[2024-10-28T00:01:36.884+0000] {logging_mixin.py:190} INFO - [2024-10-28T00:01:36.884+0000] {dag.py:3239} INFO - Sync 1 DAGs
[2024-10-28T00:01:36.953+0000] {logging_mixin.py:190} INFO - [2024-10-28T00:01:36.953+0000] {dag.py:4180} INFO - Setting next_dagrun for example_workday_timetable to 2021-01-04 00:00:00+00:00, run_after=2021-01-05 00:00:00+00:00
[2024-10-28T00:01:36.972+0000] {processor.py:208} INFO - Processing /home/airflow/.local/lib/python3.12/site-packages/airflow/example_dags/example_workday_timetable.py took 0.128 seconds
[2024-10-28T00:02:07.401+0000] {processor.py:186} INFO - Started process (PID=45463) to work on /home/airflow/.local/lib/python3.12/site-packages/airflow/example_dags/example_workday_timetable.py
[2024-10-28T00:02:07.402+0000] {processor.py:914} INFO - Processing file /home/airflow/.local/lib/python3.12/site-packages/airflow/example_dags/example_workday_timetable.py for tasks to queue
[2024-10-28T00:02:07.403+0000] {logging_mixin.py:190} INFO - [2024-10-28T00:02:07.403+0000] {dagbag.py:588} INFO - Filling up the DagBag from /home/airflow/.local/lib/python3.12/site-packages/airflow/example_dags/example_workday_timetable.py
[2024-10-28T00:02:07.409+0000] {processor.py:925} INFO - DAG(s) 'example_workday_timetable' retrieved from /home/airflow/.local/lib/python3.12/site-packages/airflow/example_dags/example_workday_timetable.py
[2024-10-28T00:02:07.429+0000] {logging_mixin.py:190} INFO - [2024-10-28T00:02:07.429+0000] {dag.py:3239} INFO - Sync 1 DAGs
[2024-10-28T00:02:07.499+0000] {logging_mixin.py:190} INFO - [2024-10-28T00:02:07.499+0000] {dag.py:4180} INFO - Setting next_dagrun for example_workday_timetable to 2021-01-04 00:00:00+00:00, run_after=2021-01-05 00:00:00+00:00
[2024-10-28T00:02:07.517+0000] {processor.py:208} INFO - Processing /home/airflow/.local/lib/python3.12/site-packages/airflow/example_dags/example_workday_timetable.py took 0.122 seconds
[2024-10-28T00:02:37.638+0000] {processor.py:186} INFO - Started process (PID=45537) to work on /home/airflow/.local/lib/python3.12/site-packages/airflow/example_dags/example_workday_timetable.py
[2024-10-28T00:02:37.639+0000] {processor.py:914} INFO - Processing file /home/airflow/.local/lib/python3.12/site-packages/airflow/example_dags/example_workday_timetable.py for tasks to queue
[2024-10-28T00:02:37.640+0000] {logging_mixin.py:190} INFO - [2024-10-28T00:02:37.640+0000] {dagbag.py:588} INFO - Filling up the DagBag from /home/airflow/.local/lib/python3.12/site-packages/airflow/example_dags/example_workday_timetable.py
[2024-10-28T00:02:37.645+0000] {processor.py:925} INFO - DAG(s) 'example_workday_timetable' retrieved from /home/airflow/.local/lib/python3.12/site-packages/airflow/example_dags/example_workday_timetable.py
[2024-10-28T00:02:37.665+0000] {logging_mixin.py:190} INFO - [2024-10-28T00:02:37.665+0000] {dag.py:3239} INFO - Sync 1 DAGs
[2024-10-28T00:02:37.727+0000] {logging_mixin.py:190} INFO - [2024-10-28T00:02:37.727+0000] {dag.py:4180} INFO - Setting next_dagrun for example_workday_timetable to 2021-01-04 00:00:00+00:00, run_after=2021-01-05 00:00:00+00:00
[2024-10-28T00:02:37.744+0000] {processor.py:208} INFO - Processing /home/airflow/.local/lib/python3.12/site-packages/airflow/example_dags/example_workday_timetable.py took 0.112 seconds
[2024-10-28T00:03:08.112+0000] {processor.py:186} INFO - Started process (PID=45611) to work on /home/airflow/.local/lib/python3.12/site-packages/airflow/example_dags/example_workday_timetable.py
[2024-10-28T00:03:08.113+0000] {processor.py:914} INFO - Processing file /home/airflow/.local/lib/python3.12/site-packages/airflow/example_dags/example_workday_timetable.py for tasks to queue
[2024-10-28T00:03:08.115+0000] {logging_mixin.py:190} INFO - [2024-10-28T00:03:08.114+0000] {dagbag.py:588} INFO - Filling up the DagBag from /home/airflow/.local/lib/python3.12/site-packages/airflow/example_dags/example_workday_timetable.py
[2024-10-28T00:03:08.120+0000] {processor.py:925} INFO - DAG(s) 'example_workday_timetable' retrieved from /home/airflow/.local/lib/python3.12/site-packages/airflow/example_dags/example_workday_timetable.py
[2024-10-28T00:03:08.140+0000] {logging_mixin.py:190} INFO - [2024-10-28T00:03:08.139+0000] {dag.py:3239} INFO - Sync 1 DAGs
[2024-10-28T00:03:08.204+0000] {logging_mixin.py:190} INFO - [2024-10-28T00:03:08.204+0000] {dag.py:4180} INFO - Setting next_dagrun for example_workday_timetable to 2021-01-04 00:00:00+00:00, run_after=2021-01-05 00:00:00+00:00
[2024-10-28T00:03:08.223+0000] {processor.py:208} INFO - Processing /home/airflow/.local/lib/python3.12/site-packages/airflow/example_dags/example_workday_timetable.py took 0.116 seconds
[2024-10-28T00:03:38.322+0000] {processor.py:186} INFO - Started process (PID=45685) to work on /home/airflow/.local/lib/python3.12/site-packages/airflow/example_dags/example_workday_timetable.py
[2024-10-28T00:03:38.323+0000] {processor.py:914} INFO - Processing file /home/airflow/.local/lib/python3.12/site-packages/airflow/example_dags/example_workday_timetable.py for tasks to queue
[2024-10-28T00:03:38.324+0000] {logging_mixin.py:190} INFO - [2024-10-28T00:03:38.324+0000] {dagbag.py:588} INFO - Filling up the DagBag from /home/airflow/.local/lib/python3.12/site-packages/airflow/example_dags/example_workday_timetable.py
[2024-10-28T00:03:38.330+0000] {processor.py:925} INFO - DAG(s) 'example_workday_timetable' retrieved from /home/airflow/.local/lib/python3.12/site-packages/airflow/example_dags/example_workday_timetable.py
[2024-10-28T00:03:38.351+0000] {logging_mixin.py:190} INFO - [2024-10-28T00:03:38.351+0000] {dag.py:3239} INFO - Sync 1 DAGs
[2024-10-28T00:03:38.416+0000] {logging_mixin.py:190} INFO - [2024-10-28T00:03:38.416+0000] {dag.py:4180} INFO - Setting next_dagrun for example_workday_timetable to 2021-01-04 00:00:00+00:00, run_after=2021-01-05 00:00:00+00:00
[2024-10-28T00:03:38.436+0000] {processor.py:208} INFO - Processing /home/airflow/.local/lib/python3.12/site-packages/airflow/example_dags/example_workday_timetable.py took 0.120 seconds
[2024-10-28T00:04:09.071+0000] {processor.py:186} INFO - Started process (PID=45759) to work on /home/airflow/.local/lib/python3.12/site-packages/airflow/example_dags/example_workday_timetable.py
[2024-10-28T00:04:09.073+0000] {processor.py:914} INFO - Processing file /home/airflow/.local/lib/python3.12/site-packages/airflow/example_dags/example_workday_timetable.py for tasks to queue
[2024-10-28T00:04:09.074+0000] {logging_mixin.py:190} INFO - [2024-10-28T00:04:09.074+0000] {dagbag.py:588} INFO - Filling up the DagBag from /home/airflow/.local/lib/python3.12/site-packages/airflow/example_dags/example_workday_timetable.py
[2024-10-28T00:04:09.080+0000] {processor.py:925} INFO - DAG(s) 'example_workday_timetable' retrieved from /home/airflow/.local/lib/python3.12/site-packages/airflow/example_dags/example_workday_timetable.py
[2024-10-28T00:04:09.100+0000] {logging_mixin.py:190} INFO - [2024-10-28T00:04:09.100+0000] {dag.py:3239} INFO - Sync 1 DAGs
[2024-10-28T00:04:09.179+0000] {logging_mixin.py:190} INFO - [2024-10-28T00:04:09.179+0000] {dag.py:4180} INFO - Setting next_dagrun for example_workday_timetable to 2021-01-04 00:00:00+00:00, run_after=2021-01-05 00:00:00+00:00
[2024-10-28T00:04:09.202+0000] {processor.py:208} INFO - Processing /home/airflow/.local/lib/python3.12/site-packages/airflow/example_dags/example_workday_timetable.py took 0.136 seconds
[2024-10-28T00:04:39.486+0000] {processor.py:186} INFO - Started process (PID=45833) to work on /home/airflow/.local/lib/python3.12/site-packages/airflow/example_dags/example_workday_timetable.py
[2024-10-28T00:04:39.487+0000] {processor.py:914} INFO - Processing file /home/airflow/.local/lib/python3.12/site-packages/airflow/example_dags/example_workday_timetable.py for tasks to queue
[2024-10-28T00:04:39.489+0000] {logging_mixin.py:190} INFO - [2024-10-28T00:04:39.489+0000] {dagbag.py:588} INFO - Filling up the DagBag from /home/airflow/.local/lib/python3.12/site-packages/airflow/example_dags/example_workday_timetable.py
[2024-10-28T00:04:39.494+0000] {processor.py:925} INFO - DAG(s) 'example_workday_timetable' retrieved from /home/airflow/.local/lib/python3.12/site-packages/airflow/example_dags/example_workday_timetable.py
[2024-10-28T00:04:39.512+0000] {logging_mixin.py:190} INFO - [2024-10-28T00:04:39.512+0000] {dag.py:3239} INFO - Sync 1 DAGs
[2024-10-28T00:04:39.576+0000] {logging_mixin.py:190} INFO - [2024-10-28T00:04:39.576+0000] {dag.py:4180} INFO - Setting next_dagrun for example_workday_timetable to 2021-01-04 00:00:00+00:00, run_after=2021-01-05 00:00:00+00:00
[2024-10-28T00:04:39.594+0000] {processor.py:208} INFO - Processing /home/airflow/.local/lib/python3.12/site-packages/airflow/example_dags/example_workday_timetable.py took 0.113 seconds
[2024-10-28T00:05:10.021+0000] {processor.py:186} INFO - Started process (PID=45907) to work on /home/airflow/.local/lib/python3.12/site-packages/airflow/example_dags/example_workday_timetable.py
[2024-10-28T00:05:10.022+0000] {processor.py:914} INFO - Processing file /home/airflow/.local/lib/python3.12/site-packages/airflow/example_dags/example_workday_timetable.py for tasks to queue
[2024-10-28T00:05:10.024+0000] {logging_mixin.py:190} INFO - [2024-10-28T00:05:10.024+0000] {dagbag.py:588} INFO - Filling up the DagBag from /home/airflow/.local/lib/python3.12/site-packages/airflow/example_dags/example_workday_timetable.py
[2024-10-28T00:05:10.029+0000] {processor.py:925} INFO - DAG(s) 'example_workday_timetable' retrieved from /home/airflow/.local/lib/python3.12/site-packages/airflow/example_dags/example_workday_timetable.py
[2024-10-28T00:05:10.050+0000] {logging_mixin.py:190} INFO - [2024-10-28T00:05:10.049+0000] {dag.py:3239} INFO - Sync 1 DAGs
[2024-10-28T00:05:10.124+0000] {logging_mixin.py:190} INFO - [2024-10-28T00:05:10.123+0000] {dag.py:4180} INFO - Setting next_dagrun for example_workday_timetable to 2021-01-04 00:00:00+00:00, run_after=2021-01-05 00:00:00+00:00
[2024-10-28T00:05:10.142+0000] {processor.py:208} INFO - Processing /home/airflow/.local/lib/python3.12/site-packages/airflow/example_dags/example_workday_timetable.py took 0.129 seconds
[2024-10-28T00:05:40.451+0000] {processor.py:186} INFO - Started process (PID=45981) to work on /home/airflow/.local/lib/python3.12/site-packages/airflow/example_dags/example_workday_timetable.py
[2024-10-28T00:05:40.452+0000] {processor.py:914} INFO - Processing file /home/airflow/.local/lib/python3.12/site-packages/airflow/example_dags/example_workday_timetable.py for tasks to queue
[2024-10-28T00:05:40.454+0000] {logging_mixin.py:190} INFO - [2024-10-28T00:05:40.453+0000] {dagbag.py:588} INFO - Filling up the DagBag from /home/airflow/.local/lib/python3.12/site-packages/airflow/example_dags/example_workday_timetable.py
[2024-10-28T00:05:40.459+0000] {processor.py:925} INFO - DAG(s) 'example_workday_timetable' retrieved from /home/airflow/.local/lib/python3.12/site-packages/airflow/example_dags/example_workday_timetable.py
[2024-10-28T00:05:40.484+0000] {logging_mixin.py:190} INFO - [2024-10-28T00:05:40.484+0000] {dag.py:3239} INFO - Sync 1 DAGs
[2024-10-28T00:05:40.564+0000] {logging_mixin.py:190} INFO - [2024-10-28T00:05:40.563+0000] {dag.py:4180} INFO - Setting next_dagrun for example_workday_timetable to 2021-01-04 00:00:00+00:00, run_after=2021-01-05 00:00:00+00:00
[2024-10-28T00:05:40.585+0000] {processor.py:208} INFO - Processing /home/airflow/.local/lib/python3.12/site-packages/airflow/example_dags/example_workday_timetable.py took 0.140 seconds
[2024-10-28T00:06:10.822+0000] {processor.py:186} INFO - Started process (PID=46055) to work on /home/airflow/.local/lib/python3.12/site-packages/airflow/example_dags/example_workday_timetable.py
[2024-10-28T00:06:10.824+0000] {processor.py:914} INFO - Processing file /home/airflow/.local/lib/python3.12/site-packages/airflow/example_dags/example_workday_timetable.py for tasks to queue
[2024-10-28T00:06:10.825+0000] {logging_mixin.py:190} INFO - [2024-10-28T00:06:10.825+0000] {dagbag.py:588} INFO - Filling up the DagBag from /home/airflow/.local/lib/python3.12/site-packages/airflow/example_dags/example_workday_timetable.py
[2024-10-28T00:06:10.831+0000] {processor.py:925} INFO - DAG(s) 'example_workday_timetable' retrieved from /home/airflow/.local/lib/python3.12/site-packages/airflow/example_dags/example_workday_timetable.py
[2024-10-28T00:06:10.852+0000] {logging_mixin.py:190} INFO - [2024-10-28T00:06:10.852+0000] {dag.py:3239} INFO - Sync 1 DAGs
[2024-10-28T00:06:10.925+0000] {logging_mixin.py:190} INFO - [2024-10-28T00:06:10.925+0000] {dag.py:4180} INFO - Setting next_dagrun for example_workday_timetable to 2021-01-04 00:00:00+00:00, run_after=2021-01-05 00:00:00+00:00
[2024-10-28T00:06:10.949+0000] {processor.py:208} INFO - Processing /home/airflow/.local/lib/python3.12/site-packages/airflow/example_dags/example_workday_timetable.py took 0.132 seconds
[2024-10-28T00:06:41.135+0000] {processor.py:186} INFO - Started process (PID=46129) to work on /home/airflow/.local/lib/python3.12/site-packages/airflow/example_dags/example_workday_timetable.py
[2024-10-28T00:06:41.136+0000] {processor.py:914} INFO - Processing file /home/airflow/.local/lib/python3.12/site-packages/airflow/example_dags/example_workday_timetable.py for tasks to queue
[2024-10-28T00:06:41.138+0000] {logging_mixin.py:190} INFO - [2024-10-28T00:06:41.138+0000] {dagbag.py:588} INFO - Filling up the DagBag from /home/airflow/.local/lib/python3.12/site-packages/airflow/example_dags/example_workday_timetable.py
[2024-10-28T00:06:41.145+0000] {processor.py:925} INFO - DAG(s) 'example_workday_timetable' retrieved from /home/airflow/.local/lib/python3.12/site-packages/airflow/example_dags/example_workday_timetable.py
[2024-10-28T00:06:41.169+0000] {logging_mixin.py:190} INFO - [2024-10-28T00:06:41.169+0000] {dag.py:3239} INFO - Sync 1 DAGs
[2024-10-28T00:06:41.244+0000] {logging_mixin.py:190} INFO - [2024-10-28T00:06:41.244+0000] {dag.py:4180} INFO - Setting next_dagrun for example_workday_timetable to 2021-01-04 00:00:00+00:00, run_after=2021-01-05 00:00:00+00:00
[2024-10-28T00:06:41.267+0000] {processor.py:208} INFO - Processing /home/airflow/.local/lib/python3.12/site-packages/airflow/example_dags/example_workday_timetable.py took 0.139 seconds
[2024-10-28T00:07:11.394+0000] {processor.py:186} INFO - Started process (PID=46204) to work on /home/airflow/.local/lib/python3.12/site-packages/airflow/example_dags/example_workday_timetable.py
[2024-10-28T00:07:11.395+0000] {processor.py:914} INFO - Processing file /home/airflow/.local/lib/python3.12/site-packages/airflow/example_dags/example_workday_timetable.py for tasks to queue
[2024-10-28T00:07:11.396+0000] {logging_mixin.py:190} INFO - [2024-10-28T00:07:11.396+0000] {dagbag.py:588} INFO - Filling up the DagBag from /home/airflow/.local/lib/python3.12/site-packages/airflow/example_dags/example_workday_timetable.py
[2024-10-28T00:07:11.402+0000] {processor.py:925} INFO - DAG(s) 'example_workday_timetable' retrieved from /home/airflow/.local/lib/python3.12/site-packages/airflow/example_dags/example_workday_timetable.py
[2024-10-28T00:07:11.421+0000] {logging_mixin.py:190} INFO - [2024-10-28T00:07:11.421+0000] {dag.py:3239} INFO - Sync 1 DAGs
[2024-10-28T00:07:11.485+0000] {logging_mixin.py:190} INFO - [2024-10-28T00:07:11.485+0000] {dag.py:4180} INFO - Setting next_dagrun for example_workday_timetable to 2021-01-04 00:00:00+00:00, run_after=2021-01-05 00:00:00+00:00
[2024-10-28T00:07:11.503+0000] {processor.py:208} INFO - Processing /home/airflow/.local/lib/python3.12/site-packages/airflow/example_dags/example_workday_timetable.py took 0.114 seconds
[2024-10-28T00:07:42.083+0000] {processor.py:186} INFO - Started process (PID=46278) to work on /home/airflow/.local/lib/python3.12/site-packages/airflow/example_dags/example_workday_timetable.py
[2024-10-28T00:07:42.084+0000] {processor.py:914} INFO - Processing file /home/airflow/.local/lib/python3.12/site-packages/airflow/example_dags/example_workday_timetable.py for tasks to queue
[2024-10-28T00:07:42.086+0000] {logging_mixin.py:190} INFO - [2024-10-28T00:07:42.085+0000] {dagbag.py:588} INFO - Filling up the DagBag from /home/airflow/.local/lib/python3.12/site-packages/airflow/example_dags/example_workday_timetable.py
[2024-10-28T00:07:42.091+0000] {processor.py:925} INFO - DAG(s) 'example_workday_timetable' retrieved from /home/airflow/.local/lib/python3.12/site-packages/airflow/example_dags/example_workday_timetable.py
[2024-10-28T00:07:42.111+0000] {logging_mixin.py:190} INFO - [2024-10-28T00:07:42.111+0000] {dag.py:3239} INFO - Sync 1 DAGs
[2024-10-28T00:07:42.176+0000] {logging_mixin.py:190} INFO - [2024-10-28T00:07:42.176+0000] {dag.py:4180} INFO - Setting next_dagrun for example_workday_timetable to 2021-01-04 00:00:00+00:00, run_after=2021-01-05 00:00:00+00:00
[2024-10-28T00:07:42.194+0000] {processor.py:208} INFO - Processing /home/airflow/.local/lib/python3.12/site-packages/airflow/example_dags/example_workday_timetable.py took 0.117 seconds
[2024-10-28T00:08:12.241+0000] {processor.py:186} INFO - Started process (PID=46341) to work on /home/airflow/.local/lib/python3.12/site-packages/airflow/example_dags/example_workday_timetable.py
[2024-10-28T00:08:12.242+0000] {processor.py:914} INFO - Processing file /home/airflow/.local/lib/python3.12/site-packages/airflow/example_dags/example_workday_timetable.py for tasks to queue
[2024-10-28T00:08:12.244+0000] {logging_mixin.py:190} INFO - [2024-10-28T00:08:12.244+0000] {dagbag.py:588} INFO - Filling up the DagBag from /home/airflow/.local/lib/python3.12/site-packages/airflow/example_dags/example_workday_timetable.py
[2024-10-28T00:08:12.249+0000] {processor.py:925} INFO - DAG(s) 'example_workday_timetable' retrieved from /home/airflow/.local/lib/python3.12/site-packages/airflow/example_dags/example_workday_timetable.py
[2024-10-28T00:08:12.269+0000] {logging_mixin.py:190} INFO - [2024-10-28T00:08:12.269+0000] {dag.py:3239} INFO - Sync 1 DAGs
[2024-10-28T00:08:12.352+0000] {logging_mixin.py:190} INFO - [2024-10-28T00:08:12.351+0000] {dag.py:4180} INFO - Setting next_dagrun for example_workday_timetable to 2021-01-04 00:00:00+00:00, run_after=2021-01-05 00:00:00+00:00
[2024-10-28T00:08:12.371+0000] {processor.py:208} INFO - Processing /home/airflow/.local/lib/python3.12/site-packages/airflow/example_dags/example_workday_timetable.py took 0.136 seconds
[2024-10-28T00:08:42.807+0000] {processor.py:186} INFO - Started process (PID=46414) to work on /home/airflow/.local/lib/python3.12/site-packages/airflow/example_dags/example_workday_timetable.py
[2024-10-28T00:08:42.808+0000] {processor.py:914} INFO - Processing file /home/airflow/.local/lib/python3.12/site-packages/airflow/example_dags/example_workday_timetable.py for tasks to queue
[2024-10-28T00:08:42.810+0000] {logging_mixin.py:190} INFO - [2024-10-28T00:08:42.809+0000] {dagbag.py:588} INFO - Filling up the DagBag from /home/airflow/.local/lib/python3.12/site-packages/airflow/example_dags/example_workday_timetable.py
[2024-10-28T00:08:42.814+0000] {processor.py:925} INFO - DAG(s) 'example_workday_timetable' retrieved from /home/airflow/.local/lib/python3.12/site-packages/airflow/example_dags/example_workday_timetable.py
[2024-10-28T00:08:42.833+0000] {logging_mixin.py:190} INFO - [2024-10-28T00:08:42.833+0000] {dag.py:3239} INFO - Sync 1 DAGs
[2024-10-28T00:08:42.900+0000] {logging_mixin.py:190} INFO - [2024-10-28T00:08:42.900+0000] {dag.py:4180} INFO - Setting next_dagrun for example_workday_timetable to 2021-01-04 00:00:00+00:00, run_after=2021-01-05 00:00:00+00:00
[2024-10-28T00:08:42.919+0000] {processor.py:208} INFO - Processing /home/airflow/.local/lib/python3.12/site-packages/airflow/example_dags/example_workday_timetable.py took 0.118 seconds
[2024-10-28T00:09:13.756+0000] {processor.py:186} INFO - Started process (PID=46488) to work on /home/airflow/.local/lib/python3.12/site-packages/airflow/example_dags/example_workday_timetable.py
[2024-10-28T00:09:13.758+0000] {processor.py:914} INFO - Processing file /home/airflow/.local/lib/python3.12/site-packages/airflow/example_dags/example_workday_timetable.py for tasks to queue
[2024-10-28T00:09:13.762+0000] {logging_mixin.py:190} INFO - [2024-10-28T00:09:13.760+0000] {dagbag.py:588} INFO - Filling up the DagBag from /home/airflow/.local/lib/python3.12/site-packages/airflow/example_dags/example_workday_timetable.py
[2024-10-28T00:09:13.774+0000] {processor.py:925} INFO - DAG(s) 'example_workday_timetable' retrieved from /home/airflow/.local/lib/python3.12/site-packages/airflow/example_dags/example_workday_timetable.py
[2024-10-28T00:09:13.823+0000] {logging_mixin.py:190} INFO - [2024-10-28T00:09:13.823+0000] {dag.py:3239} INFO - Sync 1 DAGs
[2024-10-28T00:09:13.949+0000] {logging_mixin.py:190} INFO - [2024-10-28T00:09:13.949+0000] {dag.py:4180} INFO - Setting next_dagrun for example_workday_timetable to 2021-01-04 00:00:00+00:00, run_after=2021-01-05 00:00:00+00:00
[2024-10-28T00:09:13.975+0000] {processor.py:208} INFO - Processing /home/airflow/.local/lib/python3.12/site-packages/airflow/example_dags/example_workday_timetable.py took 0.228 seconds
[2024-10-28T00:09:44.426+0000] {processor.py:186} INFO - Started process (PID=46562) to work on /home/airflow/.local/lib/python3.12/site-packages/airflow/example_dags/example_workday_timetable.py
[2024-10-28T00:09:44.427+0000] {processor.py:914} INFO - Processing file /home/airflow/.local/lib/python3.12/site-packages/airflow/example_dags/example_workday_timetable.py for tasks to queue
[2024-10-28T00:09:44.429+0000] {logging_mixin.py:190} INFO - [2024-10-28T00:09:44.428+0000] {dagbag.py:588} INFO - Filling up the DagBag from /home/airflow/.local/lib/python3.12/site-packages/airflow/example_dags/example_workday_timetable.py
[2024-10-28T00:09:44.436+0000] {processor.py:925} INFO - DAG(s) 'example_workday_timetable' retrieved from /home/airflow/.local/lib/python3.12/site-packages/airflow/example_dags/example_workday_timetable.py
[2024-10-28T00:09:44.457+0000] {logging_mixin.py:190} INFO - [2024-10-28T00:09:44.457+0000] {dag.py:3239} INFO - Sync 1 DAGs
[2024-10-28T00:09:44.541+0000] {logging_mixin.py:190} INFO - [2024-10-28T00:09:44.541+0000] {dag.py:4180} INFO - Setting next_dagrun for example_workday_timetable to 2021-01-04 00:00:00+00:00, run_after=2021-01-05 00:00:00+00:00
[2024-10-28T00:09:44.566+0000] {processor.py:208} INFO - Processing /home/airflow/.local/lib/python3.12/site-packages/airflow/example_dags/example_workday_timetable.py took 0.146 seconds
[2024-10-28T00:10:14.638+0000] {processor.py:186} INFO - Started process (PID=46636) to work on /home/airflow/.local/lib/python3.12/site-packages/airflow/example_dags/example_workday_timetable.py
[2024-10-28T00:10:14.639+0000] {processor.py:914} INFO - Processing file /home/airflow/.local/lib/python3.12/site-packages/airflow/example_dags/example_workday_timetable.py for tasks to queue
[2024-10-28T00:10:14.641+0000] {logging_mixin.py:190} INFO - [2024-10-28T00:10:14.641+0000] {dagbag.py:588} INFO - Filling up the DagBag from /home/airflow/.local/lib/python3.12/site-packages/airflow/example_dags/example_workday_timetable.py
[2024-10-28T00:10:14.647+0000] {processor.py:925} INFO - DAG(s) 'example_workday_timetable' retrieved from /home/airflow/.local/lib/python3.12/site-packages/airflow/example_dags/example_workday_timetable.py
[2024-10-28T00:10:14.666+0000] {logging_mixin.py:190} INFO - [2024-10-28T00:10:14.666+0000] {dag.py:3239} INFO - Sync 1 DAGs
[2024-10-28T00:10:14.731+0000] {logging_mixin.py:190} INFO - [2024-10-28T00:10:14.731+0000] {dag.py:4180} INFO - Setting next_dagrun for example_workday_timetable to 2021-01-04 00:00:00+00:00, run_after=2021-01-05 00:00:00+00:00
[2024-10-28T00:10:14.751+0000] {processor.py:208} INFO - Processing /home/airflow/.local/lib/python3.12/site-packages/airflow/example_dags/example_workday_timetable.py took 0.119 seconds
[2024-10-28T00:10:44.815+0000] {processor.py:186} INFO - Started process (PID=46710) to work on /home/airflow/.local/lib/python3.12/site-packages/airflow/example_dags/example_workday_timetable.py
[2024-10-28T00:10:44.816+0000] {processor.py:914} INFO - Processing file /home/airflow/.local/lib/python3.12/site-packages/airflow/example_dags/example_workday_timetable.py for tasks to queue
[2024-10-28T00:10:44.817+0000] {logging_mixin.py:190} INFO - [2024-10-28T00:10:44.817+0000] {dagbag.py:588} INFO - Filling up the DagBag from /home/airflow/.local/lib/python3.12/site-packages/airflow/example_dags/example_workday_timetable.py
[2024-10-28T00:10:44.824+0000] {processor.py:925} INFO - DAG(s) 'example_workday_timetable' retrieved from /home/airflow/.local/lib/python3.12/site-packages/airflow/example_dags/example_workday_timetable.py
[2024-10-28T00:10:44.847+0000] {logging_mixin.py:190} INFO - [2024-10-28T00:10:44.847+0000] {dag.py:3239} INFO - Sync 1 DAGs
[2024-10-28T00:10:44.924+0000] {logging_mixin.py:190} INFO - [2024-10-28T00:10:44.923+0000] {dag.py:4180} INFO - Setting next_dagrun for example_workday_timetable to 2021-01-04 00:00:00+00:00, run_after=2021-01-05 00:00:00+00:00
[2024-10-28T00:10:44.944+0000] {processor.py:208} INFO - Processing /home/airflow/.local/lib/python3.12/site-packages/airflow/example_dags/example_workday_timetable.py took 0.135 seconds
[2024-10-28T00:11:15.823+0000] {processor.py:186} INFO - Started process (PID=46784) to work on /home/airflow/.local/lib/python3.12/site-packages/airflow/example_dags/example_workday_timetable.py
[2024-10-28T00:11:15.824+0000] {processor.py:914} INFO - Processing file /home/airflow/.local/lib/python3.12/site-packages/airflow/example_dags/example_workday_timetable.py for tasks to queue
[2024-10-28T00:11:15.826+0000] {logging_mixin.py:190} INFO - [2024-10-28T00:11:15.825+0000] {dagbag.py:588} INFO - Filling up the DagBag from /home/airflow/.local/lib/python3.12/site-packages/airflow/example_dags/example_workday_timetable.py
[2024-10-28T00:11:15.831+0000] {processor.py:925} INFO - DAG(s) 'example_workday_timetable' retrieved from /home/airflow/.local/lib/python3.12/site-packages/airflow/example_dags/example_workday_timetable.py
[2024-10-28T00:11:15.850+0000] {logging_mixin.py:190} INFO - [2024-10-28T00:11:15.849+0000] {dag.py:3239} INFO - Sync 1 DAGs
[2024-10-28T00:11:15.923+0000] {logging_mixin.py:190} INFO - [2024-10-28T00:11:15.923+0000] {dag.py:4180} INFO - Setting next_dagrun for example_workday_timetable to 2021-01-04 00:00:00+00:00, run_after=2021-01-05 00:00:00+00:00
[2024-10-28T00:11:15.943+0000] {processor.py:208} INFO - Processing /home/airflow/.local/lib/python3.12/site-packages/airflow/example_dags/example_workday_timetable.py took 0.126 seconds
[2024-10-28T00:11:46.111+0000] {processor.py:186} INFO - Started process (PID=46858) to work on /home/airflow/.local/lib/python3.12/site-packages/airflow/example_dags/example_workday_timetable.py
[2024-10-28T00:11:46.112+0000] {processor.py:914} INFO - Processing file /home/airflow/.local/lib/python3.12/site-packages/airflow/example_dags/example_workday_timetable.py for tasks to queue
[2024-10-28T00:11:46.114+0000] {logging_mixin.py:190} INFO - [2024-10-28T00:11:46.114+0000] {dagbag.py:588} INFO - Filling up the DagBag from /home/airflow/.local/lib/python3.12/site-packages/airflow/example_dags/example_workday_timetable.py
[2024-10-28T00:11:46.119+0000] {processor.py:925} INFO - DAG(s) 'example_workday_timetable' retrieved from /home/airflow/.local/lib/python3.12/site-packages/airflow/example_dags/example_workday_timetable.py
[2024-10-28T00:11:46.137+0000] {logging_mixin.py:190} INFO - [2024-10-28T00:11:46.137+0000] {dag.py:3239} INFO - Sync 1 DAGs
[2024-10-28T00:11:46.201+0000] {logging_mixin.py:190} INFO - [2024-10-28T00:11:46.201+0000] {dag.py:4180} INFO - Setting next_dagrun for example_workday_timetable to 2021-01-04 00:00:00+00:00, run_after=2021-01-05 00:00:00+00:00
[2024-10-28T00:11:46.219+0000] {processor.py:208} INFO - Processing /home/airflow/.local/lib/python3.12/site-packages/airflow/example_dags/example_workday_timetable.py took 0.114 seconds
[2024-10-28T00:12:16.524+0000] {processor.py:186} INFO - Started process (PID=46932) to work on /home/airflow/.local/lib/python3.12/site-packages/airflow/example_dags/example_workday_timetable.py
[2024-10-28T00:12:16.525+0000] {processor.py:914} INFO - Processing file /home/airflow/.local/lib/python3.12/site-packages/airflow/example_dags/example_workday_timetable.py for tasks to queue
[2024-10-28T00:12:16.527+0000] {logging_mixin.py:190} INFO - [2024-10-28T00:12:16.526+0000] {dagbag.py:588} INFO - Filling up the DagBag from /home/airflow/.local/lib/python3.12/site-packages/airflow/example_dags/example_workday_timetable.py
[2024-10-28T00:12:16.532+0000] {processor.py:925} INFO - DAG(s) 'example_workday_timetable' retrieved from /home/airflow/.local/lib/python3.12/site-packages/airflow/example_dags/example_workday_timetable.py
[2024-10-28T00:12:16.549+0000] {logging_mixin.py:190} INFO - [2024-10-28T00:12:16.549+0000] {dag.py:3239} INFO - Sync 1 DAGs
[2024-10-28T00:12:16.612+0000] {logging_mixin.py:190} INFO - [2024-10-28T00:12:16.612+0000] {dag.py:4180} INFO - Setting next_dagrun for example_workday_timetable to 2021-01-04 00:00:00+00:00, run_after=2021-01-05 00:00:00+00:00
[2024-10-28T00:12:16.629+0000] {processor.py:208} INFO - Processing /home/airflow/.local/lib/python3.12/site-packages/airflow/example_dags/example_workday_timetable.py took 0.110 seconds
[2024-10-28T00:12:46.938+0000] {processor.py:186} INFO - Started process (PID=47006) to work on /home/airflow/.local/lib/python3.12/site-packages/airflow/example_dags/example_workday_timetable.py
[2024-10-28T00:12:46.939+0000] {processor.py:914} INFO - Processing file /home/airflow/.local/lib/python3.12/site-packages/airflow/example_dags/example_workday_timetable.py for tasks to queue
[2024-10-28T00:12:46.940+0000] {logging_mixin.py:190} INFO - [2024-10-28T00:12:46.940+0000] {dagbag.py:588} INFO - Filling up the DagBag from /home/airflow/.local/lib/python3.12/site-packages/airflow/example_dags/example_workday_timetable.py
[2024-10-28T00:12:46.945+0000] {processor.py:925} INFO - DAG(s) 'example_workday_timetable' retrieved from /home/airflow/.local/lib/python3.12/site-packages/airflow/example_dags/example_workday_timetable.py
[2024-10-28T00:12:46.962+0000] {logging_mixin.py:190} INFO - [2024-10-28T00:12:46.962+0000] {dag.py:3239} INFO - Sync 1 DAGs
[2024-10-28T00:12:47.022+0000] {logging_mixin.py:190} INFO - [2024-10-28T00:12:47.022+0000] {dag.py:4180} INFO - Setting next_dagrun for example_workday_timetable to 2021-01-04 00:00:00+00:00, run_after=2021-01-05 00:00:00+00:00
[2024-10-28T00:12:47.039+0000] {processor.py:208} INFO - Processing /home/airflow/.local/lib/python3.12/site-packages/airflow/example_dags/example_workday_timetable.py took 0.108 seconds
[2024-10-28T00:13:17.413+0000] {processor.py:186} INFO - Started process (PID=47080) to work on /home/airflow/.local/lib/python3.12/site-packages/airflow/example_dags/example_workday_timetable.py
[2024-10-28T00:13:17.414+0000] {processor.py:914} INFO - Processing file /home/airflow/.local/lib/python3.12/site-packages/airflow/example_dags/example_workday_timetable.py for tasks to queue
[2024-10-28T00:13:17.416+0000] {logging_mixin.py:190} INFO - [2024-10-28T00:13:17.415+0000] {dagbag.py:588} INFO - Filling up the DagBag from /home/airflow/.local/lib/python3.12/site-packages/airflow/example_dags/example_workday_timetable.py
[2024-10-28T00:13:17.421+0000] {processor.py:925} INFO - DAG(s) 'example_workday_timetable' retrieved from /home/airflow/.local/lib/python3.12/site-packages/airflow/example_dags/example_workday_timetable.py
[2024-10-28T00:13:17.440+0000] {logging_mixin.py:190} INFO - [2024-10-28T00:13:17.439+0000] {dag.py:3239} INFO - Sync 1 DAGs
[2024-10-28T00:13:17.503+0000] {logging_mixin.py:190} INFO - [2024-10-28T00:13:17.503+0000] {dag.py:4180} INFO - Setting next_dagrun for example_workday_timetable to 2021-01-04 00:00:00+00:00, run_after=2021-01-05 00:00:00+00:00
[2024-10-28T00:13:17.523+0000] {processor.py:208} INFO - Processing /home/airflow/.local/lib/python3.12/site-packages/airflow/example_dags/example_workday_timetable.py took 0.116 seconds
[2024-10-28T00:13:47.849+0000] {processor.py:186} INFO - Started process (PID=47154) to work on /home/airflow/.local/lib/python3.12/site-packages/airflow/example_dags/example_workday_timetable.py
[2024-10-28T00:13:47.850+0000] {processor.py:914} INFO - Processing file /home/airflow/.local/lib/python3.12/site-packages/airflow/example_dags/example_workday_timetable.py for tasks to queue
[2024-10-28T00:13:47.851+0000] {logging_mixin.py:190} INFO - [2024-10-28T00:13:47.851+0000] {dagbag.py:588} INFO - Filling up the DagBag from /home/airflow/.local/lib/python3.12/site-packages/airflow/example_dags/example_workday_timetable.py
[2024-10-28T00:13:47.856+0000] {processor.py:925} INFO - DAG(s) 'example_workday_timetable' retrieved from /home/airflow/.local/lib/python3.12/site-packages/airflow/example_dags/example_workday_timetable.py
[2024-10-28T00:13:47.875+0000] {logging_mixin.py:190} INFO - [2024-10-28T00:13:47.875+0000] {dag.py:3239} INFO - Sync 1 DAGs
[2024-10-28T00:13:47.943+0000] {logging_mixin.py:190} INFO - [2024-10-28T00:13:47.942+0000] {dag.py:4180} INFO - Setting next_dagrun for example_workday_timetable to 2021-01-04 00:00:00+00:00, run_after=2021-01-05 00:00:00+00:00
[2024-10-28T00:13:47.961+0000] {processor.py:208} INFO - Processing /home/airflow/.local/lib/python3.12/site-packages/airflow/example_dags/example_workday_timetable.py took 0.118 seconds
[2024-10-28T00:14:18.017+0000] {processor.py:186} INFO - Started process (PID=47228) to work on /home/airflow/.local/lib/python3.12/site-packages/airflow/example_dags/example_workday_timetable.py
[2024-10-28T00:14:18.018+0000] {processor.py:914} INFO - Processing file /home/airflow/.local/lib/python3.12/site-packages/airflow/example_dags/example_workday_timetable.py for tasks to queue
[2024-10-28T00:14:18.019+0000] {logging_mixin.py:190} INFO - [2024-10-28T00:14:18.019+0000] {dagbag.py:588} INFO - Filling up the DagBag from /home/airflow/.local/lib/python3.12/site-packages/airflow/example_dags/example_workday_timetable.py
[2024-10-28T00:14:18.024+0000] {processor.py:925} INFO - DAG(s) 'example_workday_timetable' retrieved from /home/airflow/.local/lib/python3.12/site-packages/airflow/example_dags/example_workday_timetable.py
[2024-10-28T00:14:18.042+0000] {logging_mixin.py:190} INFO - [2024-10-28T00:14:18.042+0000] {dag.py:3239} INFO - Sync 1 DAGs
[2024-10-28T00:14:18.102+0000] {logging_mixin.py:190} INFO - [2024-10-28T00:14:18.102+0000] {dag.py:4180} INFO - Setting next_dagrun for example_workday_timetable to 2021-01-04 00:00:00+00:00, run_after=2021-01-05 00:00:00+00:00
[2024-10-28T00:14:18.119+0000] {processor.py:208} INFO - Processing /home/airflow/.local/lib/python3.12/site-packages/airflow/example_dags/example_workday_timetable.py took 0.109 seconds
[2024-10-28T00:14:48.270+0000] {processor.py:186} INFO - Started process (PID=47302) to work on /home/airflow/.local/lib/python3.12/site-packages/airflow/example_dags/example_workday_timetable.py
[2024-10-28T00:14:48.271+0000] {processor.py:914} INFO - Processing file /home/airflow/.local/lib/python3.12/site-packages/airflow/example_dags/example_workday_timetable.py for tasks to queue
[2024-10-28T00:14:48.273+0000] {logging_mixin.py:190} INFO - [2024-10-28T00:14:48.272+0000] {dagbag.py:588} INFO - Filling up the DagBag from /home/airflow/.local/lib/python3.12/site-packages/airflow/example_dags/example_workday_timetable.py
[2024-10-28T00:14:48.278+0000] {processor.py:925} INFO - DAG(s) 'example_workday_timetable' retrieved from /home/airflow/.local/lib/python3.12/site-packages/airflow/example_dags/example_workday_timetable.py
[2024-10-28T00:14:48.296+0000] {logging_mixin.py:190} INFO - [2024-10-28T00:14:48.295+0000] {dag.py:3239} INFO - Sync 1 DAGs
[2024-10-28T00:14:48.355+0000] {logging_mixin.py:190} INFO - [2024-10-28T00:14:48.354+0000] {dag.py:4180} INFO - Setting next_dagrun for example_workday_timetable to 2021-01-04 00:00:00+00:00, run_after=2021-01-05 00:00:00+00:00
[2024-10-28T00:14:48.372+0000] {processor.py:208} INFO - Processing /home/airflow/.local/lib/python3.12/site-packages/airflow/example_dags/example_workday_timetable.py took 0.107 seconds
[2024-10-28T00:15:18.728+0000] {processor.py:186} INFO - Started process (PID=47376) to work on /home/airflow/.local/lib/python3.12/site-packages/airflow/example_dags/example_workday_timetable.py
[2024-10-28T00:15:18.730+0000] {processor.py:914} INFO - Processing file /home/airflow/.local/lib/python3.12/site-packages/airflow/example_dags/example_workday_timetable.py for tasks to queue
[2024-10-28T00:15:18.731+0000] {logging_mixin.py:190} INFO - [2024-10-28T00:15:18.731+0000] {dagbag.py:588} INFO - Filling up the DagBag from /home/airflow/.local/lib/python3.12/site-packages/airflow/example_dags/example_workday_timetable.py
[2024-10-28T00:15:18.736+0000] {processor.py:925} INFO - DAG(s) 'example_workday_timetable' retrieved from /home/airflow/.local/lib/python3.12/site-packages/airflow/example_dags/example_workday_timetable.py
[2024-10-28T00:15:18.754+0000] {logging_mixin.py:190} INFO - [2024-10-28T00:15:18.753+0000] {dag.py:3239} INFO - Sync 1 DAGs
[2024-10-28T00:15:18.814+0000] {logging_mixin.py:190} INFO - [2024-10-28T00:15:18.814+0000] {dag.py:4180} INFO - Setting next_dagrun for example_workday_timetable to 2021-01-04 00:00:00+00:00, run_after=2021-01-05 00:00:00+00:00
[2024-10-28T00:15:18.832+0000] {processor.py:208} INFO - Processing /home/airflow/.local/lib/python3.12/site-packages/airflow/example_dags/example_workday_timetable.py took 0.109 seconds
[2024-10-28T00:15:49.173+0000] {processor.py:186} INFO - Started process (PID=47450) to work on /home/airflow/.local/lib/python3.12/site-packages/airflow/example_dags/example_workday_timetable.py
[2024-10-28T00:15:49.174+0000] {processor.py:914} INFO - Processing file /home/airflow/.local/lib/python3.12/site-packages/airflow/example_dags/example_workday_timetable.py for tasks to queue
[2024-10-28T00:15:49.175+0000] {logging_mixin.py:190} INFO - [2024-10-28T00:15:49.175+0000] {dagbag.py:588} INFO - Filling up the DagBag from /home/airflow/.local/lib/python3.12/site-packages/airflow/example_dags/example_workday_timetable.py
[2024-10-28T00:15:49.180+0000] {processor.py:925} INFO - DAG(s) 'example_workday_timetable' retrieved from /home/airflow/.local/lib/python3.12/site-packages/airflow/example_dags/example_workday_timetable.py
[2024-10-28T00:15:49.198+0000] {logging_mixin.py:190} INFO - [2024-10-28T00:15:49.198+0000] {dag.py:3239} INFO - Sync 1 DAGs
[2024-10-28T00:15:49.261+0000] {logging_mixin.py:190} INFO - [2024-10-28T00:15:49.260+0000] {dag.py:4180} INFO - Setting next_dagrun for example_workday_timetable to 2021-01-04 00:00:00+00:00, run_after=2021-01-05 00:00:00+00:00
[2024-10-28T00:15:49.278+0000] {processor.py:208} INFO - Processing /home/airflow/.local/lib/python3.12/site-packages/airflow/example_dags/example_workday_timetable.py took 0.111 seconds
[2024-10-28T00:16:20.088+0000] {processor.py:186} INFO - Started process (PID=47524) to work on /home/airflow/.local/lib/python3.12/site-packages/airflow/example_dags/example_workday_timetable.py
[2024-10-28T00:16:20.089+0000] {processor.py:914} INFO - Processing file /home/airflow/.local/lib/python3.12/site-packages/airflow/example_dags/example_workday_timetable.py for tasks to queue
[2024-10-28T00:16:20.091+0000] {logging_mixin.py:190} INFO - [2024-10-28T00:16:20.090+0000] {dagbag.py:588} INFO - Filling up the DagBag from /home/airflow/.local/lib/python3.12/site-packages/airflow/example_dags/example_workday_timetable.py
[2024-10-28T00:16:20.095+0000] {processor.py:925} INFO - DAG(s) 'example_workday_timetable' retrieved from /home/airflow/.local/lib/python3.12/site-packages/airflow/example_dags/example_workday_timetable.py
[2024-10-28T00:16:20.113+0000] {logging_mixin.py:190} INFO - [2024-10-28T00:16:20.112+0000] {dag.py:3239} INFO - Sync 1 DAGs
[2024-10-28T00:16:20.174+0000] {logging_mixin.py:190} INFO - [2024-10-28T00:16:20.173+0000] {dag.py:4180} INFO - Setting next_dagrun for example_workday_timetable to 2021-01-04 00:00:00+00:00, run_after=2021-01-05 00:00:00+00:00
[2024-10-28T00:16:20.192+0000] {processor.py:208} INFO - Processing /home/airflow/.local/lib/python3.12/site-packages/airflow/example_dags/example_workday_timetable.py took 0.109 seconds
[2024-10-28T00:16:51.065+0000] {processor.py:186} INFO - Started process (PID=47598) to work on /home/airflow/.local/lib/python3.12/site-packages/airflow/example_dags/example_workday_timetable.py
[2024-10-28T00:16:51.066+0000] {processor.py:914} INFO - Processing file /home/airflow/.local/lib/python3.12/site-packages/airflow/example_dags/example_workday_timetable.py for tasks to queue
[2024-10-28T00:16:51.067+0000] {logging_mixin.py:190} INFO - [2024-10-28T00:16:51.067+0000] {dagbag.py:588} INFO - Filling up the DagBag from /home/airflow/.local/lib/python3.12/site-packages/airflow/example_dags/example_workday_timetable.py
[2024-10-28T00:16:51.072+0000] {processor.py:925} INFO - DAG(s) 'example_workday_timetable' retrieved from /home/airflow/.local/lib/python3.12/site-packages/airflow/example_dags/example_workday_timetable.py
[2024-10-28T00:16:51.089+0000] {logging_mixin.py:190} INFO - [2024-10-28T00:16:51.088+0000] {dag.py:3239} INFO - Sync 1 DAGs
[2024-10-28T00:16:51.148+0000] {logging_mixin.py:190} INFO - [2024-10-28T00:16:51.148+0000] {dag.py:4180} INFO - Setting next_dagrun for example_workday_timetable to 2021-01-04 00:00:00+00:00, run_after=2021-01-05 00:00:00+00:00
[2024-10-28T00:16:51.166+0000] {processor.py:208} INFO - Processing /home/airflow/.local/lib/python3.12/site-packages/airflow/example_dags/example_workday_timetable.py took 0.106 seconds
[2024-10-28T00:17:21.560+0000] {processor.py:186} INFO - Started process (PID=47672) to work on /home/airflow/.local/lib/python3.12/site-packages/airflow/example_dags/example_workday_timetable.py
[2024-10-28T00:17:21.561+0000] {processor.py:914} INFO - Processing file /home/airflow/.local/lib/python3.12/site-packages/airflow/example_dags/example_workday_timetable.py for tasks to queue
[2024-10-28T00:17:21.563+0000] {logging_mixin.py:190} INFO - [2024-10-28T00:17:21.562+0000] {dagbag.py:588} INFO - Filling up the DagBag from /home/airflow/.local/lib/python3.12/site-packages/airflow/example_dags/example_workday_timetable.py
[2024-10-28T00:17:21.568+0000] {processor.py:925} INFO - DAG(s) 'example_workday_timetable' retrieved from /home/airflow/.local/lib/python3.12/site-packages/airflow/example_dags/example_workday_timetable.py
[2024-10-28T00:17:21.585+0000] {logging_mixin.py:190} INFO - [2024-10-28T00:17:21.585+0000] {dag.py:3239} INFO - Sync 1 DAGs
[2024-10-28T00:17:21.644+0000] {logging_mixin.py:190} INFO - [2024-10-28T00:17:21.644+0000] {dag.py:4180} INFO - Setting next_dagrun for example_workday_timetable to 2021-01-04 00:00:00+00:00, run_after=2021-01-05 00:00:00+00:00
[2024-10-28T00:17:21.661+0000] {processor.py:208} INFO - Processing /home/airflow/.local/lib/python3.12/site-packages/airflow/example_dags/example_workday_timetable.py took 0.106 seconds
[2024-10-28T00:17:51.939+0000] {processor.py:186} INFO - Started process (PID=47746) to work on /home/airflow/.local/lib/python3.12/site-packages/airflow/example_dags/example_workday_timetable.py
[2024-10-28T00:17:51.940+0000] {processor.py:914} INFO - Processing file /home/airflow/.local/lib/python3.12/site-packages/airflow/example_dags/example_workday_timetable.py for tasks to queue
[2024-10-28T00:17:51.942+0000] {logging_mixin.py:190} INFO - [2024-10-28T00:17:51.941+0000] {dagbag.py:588} INFO - Filling up the DagBag from /home/airflow/.local/lib/python3.12/site-packages/airflow/example_dags/example_workday_timetable.py
[2024-10-28T00:17:51.947+0000] {processor.py:925} INFO - DAG(s) 'example_workday_timetable' retrieved from /home/airflow/.local/lib/python3.12/site-packages/airflow/example_dags/example_workday_timetable.py
[2024-10-28T00:17:51.966+0000] {logging_mixin.py:190} INFO - [2024-10-28T00:17:51.966+0000] {dag.py:3239} INFO - Sync 1 DAGs
[2024-10-28T00:17:52.034+0000] {logging_mixin.py:190} INFO - [2024-10-28T00:17:52.033+0000] {dag.py:4180} INFO - Setting next_dagrun for example_workday_timetable to 2021-01-04 00:00:00+00:00, run_after=2021-01-05 00:00:00+00:00
[2024-10-28T00:17:52.060+0000] {processor.py:208} INFO - Processing /home/airflow/.local/lib/python3.12/site-packages/airflow/example_dags/example_workday_timetable.py took 0.126 seconds
[2024-10-28T00:18:22.481+0000] {processor.py:186} INFO - Started process (PID=47820) to work on /home/airflow/.local/lib/python3.12/site-packages/airflow/example_dags/example_workday_timetable.py
[2024-10-28T00:18:22.483+0000] {processor.py:914} INFO - Processing file /home/airflow/.local/lib/python3.12/site-packages/airflow/example_dags/example_workday_timetable.py for tasks to queue
[2024-10-28T00:18:22.485+0000] {logging_mixin.py:190} INFO - [2024-10-28T00:18:22.484+0000] {dagbag.py:588} INFO - Filling up the DagBag from /home/airflow/.local/lib/python3.12/site-packages/airflow/example_dags/example_workday_timetable.py
[2024-10-28T00:18:22.494+0000] {processor.py:925} INFO - DAG(s) 'example_workday_timetable' retrieved from /home/airflow/.local/lib/python3.12/site-packages/airflow/example_dags/example_workday_timetable.py
[2024-10-28T00:18:22.517+0000] {logging_mixin.py:190} INFO - [2024-10-28T00:18:22.517+0000] {dag.py:3239} INFO - Sync 1 DAGs
[2024-10-28T00:18:22.611+0000] {logging_mixin.py:190} INFO - [2024-10-28T00:18:22.611+0000] {dag.py:4180} INFO - Setting next_dagrun for example_workday_timetable to 2021-01-04 00:00:00+00:00, run_after=2021-01-05 00:00:00+00:00
[2024-10-28T00:18:22.636+0000] {processor.py:208} INFO - Processing /home/airflow/.local/lib/python3.12/site-packages/airflow/example_dags/example_workday_timetable.py took 0.163 seconds
[2024-10-28T00:18:52.812+0000] {processor.py:186} INFO - Started process (PID=47895) to work on /home/airflow/.local/lib/python3.12/site-packages/airflow/example_dags/example_workday_timetable.py
[2024-10-28T00:18:52.813+0000] {processor.py:914} INFO - Processing file /home/airflow/.local/lib/python3.12/site-packages/airflow/example_dags/example_workday_timetable.py for tasks to queue
[2024-10-28T00:18:52.815+0000] {logging_mixin.py:190} INFO - [2024-10-28T00:18:52.814+0000] {dagbag.py:588} INFO - Filling up the DagBag from /home/airflow/.local/lib/python3.12/site-packages/airflow/example_dags/example_workday_timetable.py
[2024-10-28T00:18:52.820+0000] {processor.py:925} INFO - DAG(s) 'example_workday_timetable' retrieved from /home/airflow/.local/lib/python3.12/site-packages/airflow/example_dags/example_workday_timetable.py
[2024-10-28T00:18:52.838+0000] {logging_mixin.py:190} INFO - [2024-10-28T00:18:52.838+0000] {dag.py:3239} INFO - Sync 1 DAGs
[2024-10-28T00:18:52.900+0000] {logging_mixin.py:190} INFO - [2024-10-28T00:18:52.900+0000] {dag.py:4180} INFO - Setting next_dagrun for example_workday_timetable to 2021-01-04 00:00:00+00:00, run_after=2021-01-05 00:00:00+00:00
[2024-10-28T00:18:52.919+0000] {processor.py:208} INFO - Processing /home/airflow/.local/lib/python3.12/site-packages/airflow/example_dags/example_workday_timetable.py took 0.113 seconds
[2024-10-28T00:19:23.375+0000] {processor.py:186} INFO - Started process (PID=47968) to work on /home/airflow/.local/lib/python3.12/site-packages/airflow/example_dags/example_workday_timetable.py
[2024-10-28T00:19:23.376+0000] {processor.py:914} INFO - Processing file /home/airflow/.local/lib/python3.12/site-packages/airflow/example_dags/example_workday_timetable.py for tasks to queue
[2024-10-28T00:19:23.378+0000] {logging_mixin.py:190} INFO - [2024-10-28T00:19:23.377+0000] {dagbag.py:588} INFO - Filling up the DagBag from /home/airflow/.local/lib/python3.12/site-packages/airflow/example_dags/example_workday_timetable.py
[2024-10-28T00:19:23.386+0000] {processor.py:925} INFO - DAG(s) 'example_workday_timetable' retrieved from /home/airflow/.local/lib/python3.12/site-packages/airflow/example_dags/example_workday_timetable.py
[2024-10-28T00:19:23.407+0000] {logging_mixin.py:190} INFO - [2024-10-28T00:19:23.407+0000] {dag.py:3239} INFO - Sync 1 DAGs
[2024-10-28T00:19:23.490+0000] {logging_mixin.py:190} INFO - [2024-10-28T00:19:23.490+0000] {dag.py:4180} INFO - Setting next_dagrun for example_workday_timetable to 2021-01-04 00:00:00+00:00, run_after=2021-01-05 00:00:00+00:00
[2024-10-28T00:19:23.515+0000] {processor.py:208} INFO - Processing /home/airflow/.local/lib/python3.12/site-packages/airflow/example_dags/example_workday_timetable.py took 0.147 seconds
[2024-10-28T00:19:53.704+0000] {processor.py:186} INFO - Started process (PID=48042) to work on /home/airflow/.local/lib/python3.12/site-packages/airflow/example_dags/example_workday_timetable.py
[2024-10-28T00:19:53.706+0000] {processor.py:914} INFO - Processing file /home/airflow/.local/lib/python3.12/site-packages/airflow/example_dags/example_workday_timetable.py for tasks to queue
[2024-10-28T00:19:53.708+0000] {logging_mixin.py:190} INFO - [2024-10-28T00:19:53.707+0000] {dagbag.py:588} INFO - Filling up the DagBag from /home/airflow/.local/lib/python3.12/site-packages/airflow/example_dags/example_workday_timetable.py
[2024-10-28T00:19:53.716+0000] {processor.py:925} INFO - DAG(s) 'example_workday_timetable' retrieved from /home/airflow/.local/lib/python3.12/site-packages/airflow/example_dags/example_workday_timetable.py
[2024-10-28T00:19:53.738+0000] {logging_mixin.py:190} INFO - [2024-10-28T00:19:53.738+0000] {dag.py:3239} INFO - Sync 1 DAGs
[2024-10-28T00:19:53.812+0000] {logging_mixin.py:190} INFO - [2024-10-28T00:19:53.812+0000] {dag.py:4180} INFO - Setting next_dagrun for example_workday_timetable to 2021-01-04 00:00:00+00:00, run_after=2021-01-05 00:00:00+00:00
[2024-10-28T00:19:53.834+0000] {processor.py:208} INFO - Processing /home/airflow/.local/lib/python3.12/site-packages/airflow/example_dags/example_workday_timetable.py took 0.136 seconds
[2024-10-28T00:20:24.207+0000] {processor.py:186} INFO - Started process (PID=48116) to work on /home/airflow/.local/lib/python3.12/site-packages/airflow/example_dags/example_workday_timetable.py
[2024-10-28T00:20:24.208+0000] {processor.py:914} INFO - Processing file /home/airflow/.local/lib/python3.12/site-packages/airflow/example_dags/example_workday_timetable.py for tasks to queue
[2024-10-28T00:20:24.210+0000] {logging_mixin.py:190} INFO - [2024-10-28T00:20:24.210+0000] {dagbag.py:588} INFO - Filling up the DagBag from /home/airflow/.local/lib/python3.12/site-packages/airflow/example_dags/example_workday_timetable.py
[2024-10-28T00:20:24.216+0000] {processor.py:925} INFO - DAG(s) 'example_workday_timetable' retrieved from /home/airflow/.local/lib/python3.12/site-packages/airflow/example_dags/example_workday_timetable.py
[2024-10-28T00:20:24.242+0000] {logging_mixin.py:190} INFO - [2024-10-28T00:20:24.242+0000] {dag.py:3239} INFO - Sync 1 DAGs
[2024-10-28T00:20:24.317+0000] {logging_mixin.py:190} INFO - [2024-10-28T00:20:24.317+0000] {dag.py:4180} INFO - Setting next_dagrun for example_workday_timetable to 2021-01-04 00:00:00+00:00, run_after=2021-01-05 00:00:00+00:00
[2024-10-28T00:20:24.342+0000] {processor.py:208} INFO - Processing /home/airflow/.local/lib/python3.12/site-packages/airflow/example_dags/example_workday_timetable.py took 0.141 seconds
[2024-10-28T00:20:54.999+0000] {processor.py:186} INFO - Started process (PID=48190) to work on /home/airflow/.local/lib/python3.12/site-packages/airflow/example_dags/example_workday_timetable.py
[2024-10-28T00:20:55.001+0000] {processor.py:914} INFO - Processing file /home/airflow/.local/lib/python3.12/site-packages/airflow/example_dags/example_workday_timetable.py for tasks to queue
[2024-10-28T00:20:55.003+0000] {logging_mixin.py:190} INFO - [2024-10-28T00:20:55.003+0000] {dagbag.py:588} INFO - Filling up the DagBag from /home/airflow/.local/lib/python3.12/site-packages/airflow/example_dags/example_workday_timetable.py
[2024-10-28T00:20:55.009+0000] {processor.py:925} INFO - DAG(s) 'example_workday_timetable' retrieved from /home/airflow/.local/lib/python3.12/site-packages/airflow/example_dags/example_workday_timetable.py
[2024-10-28T00:20:55.030+0000] {logging_mixin.py:190} INFO - [2024-10-28T00:20:55.030+0000] {dag.py:3239} INFO - Sync 1 DAGs
[2024-10-28T00:20:55.115+0000] {logging_mixin.py:190} INFO - [2024-10-28T00:20:55.114+0000] {dag.py:4180} INFO - Setting next_dagrun for example_workday_timetable to 2021-01-04 00:00:00+00:00, run_after=2021-01-05 00:00:00+00:00
[2024-10-28T00:20:55.139+0000] {processor.py:208} INFO - Processing /home/airflow/.local/lib/python3.12/site-packages/airflow/example_dags/example_workday_timetable.py took 0.147 seconds
[2024-10-28T00:21:25.787+0000] {processor.py:186} INFO - Started process (PID=48264) to work on /home/airflow/.local/lib/python3.12/site-packages/airflow/example_dags/example_workday_timetable.py
[2024-10-28T00:21:25.788+0000] {processor.py:914} INFO - Processing file /home/airflow/.local/lib/python3.12/site-packages/airflow/example_dags/example_workday_timetable.py for tasks to queue
[2024-10-28T00:21:25.790+0000] {logging_mixin.py:190} INFO - [2024-10-28T00:21:25.789+0000] {dagbag.py:588} INFO - Filling up the DagBag from /home/airflow/.local/lib/python3.12/site-packages/airflow/example_dags/example_workday_timetable.py
[2024-10-28T00:21:25.796+0000] {processor.py:925} INFO - DAG(s) 'example_workday_timetable' retrieved from /home/airflow/.local/lib/python3.12/site-packages/airflow/example_dags/example_workday_timetable.py
[2024-10-28T00:21:25.815+0000] {logging_mixin.py:190} INFO - [2024-10-28T00:21:25.815+0000] {dag.py:3239} INFO - Sync 1 DAGs
[2024-10-28T00:21:25.887+0000] {logging_mixin.py:190} INFO - [2024-10-28T00:21:25.887+0000] {dag.py:4180} INFO - Setting next_dagrun for example_workday_timetable to 2021-01-04 00:00:00+00:00, run_after=2021-01-05 00:00:00+00:00
[2024-10-28T00:21:25.907+0000] {processor.py:208} INFO - Processing /home/airflow/.local/lib/python3.12/site-packages/airflow/example_dags/example_workday_timetable.py took 0.127 seconds
[2024-10-28T00:21:56.223+0000] {processor.py:186} INFO - Started process (PID=48338) to work on /home/airflow/.local/lib/python3.12/site-packages/airflow/example_dags/example_workday_timetable.py
[2024-10-28T00:21:56.225+0000] {processor.py:914} INFO - Processing file /home/airflow/.local/lib/python3.12/site-packages/airflow/example_dags/example_workday_timetable.py for tasks to queue
[2024-10-28T00:21:56.226+0000] {logging_mixin.py:190} INFO - [2024-10-28T00:21:56.226+0000] {dagbag.py:588} INFO - Filling up the DagBag from /home/airflow/.local/lib/python3.12/site-packages/airflow/example_dags/example_workday_timetable.py
[2024-10-28T00:21:56.232+0000] {processor.py:925} INFO - DAG(s) 'example_workday_timetable' retrieved from /home/airflow/.local/lib/python3.12/site-packages/airflow/example_dags/example_workday_timetable.py
[2024-10-28T00:21:56.252+0000] {logging_mixin.py:190} INFO - [2024-10-28T00:21:56.252+0000] {dag.py:3239} INFO - Sync 1 DAGs
[2024-10-28T00:21:56.319+0000] {logging_mixin.py:190} INFO - [2024-10-28T00:21:56.319+0000] {dag.py:4180} INFO - Setting next_dagrun for example_workday_timetable to 2021-01-04 00:00:00+00:00, run_after=2021-01-05 00:00:00+00:00
[2024-10-28T00:21:56.340+0000] {processor.py:208} INFO - Processing /home/airflow/.local/lib/python3.12/site-packages/airflow/example_dags/example_workday_timetable.py took 0.123 seconds
[2024-10-28T00:22:27.162+0000] {processor.py:186} INFO - Started process (PID=48412) to work on /home/airflow/.local/lib/python3.12/site-packages/airflow/example_dags/example_workday_timetable.py
[2024-10-28T00:22:27.164+0000] {processor.py:914} INFO - Processing file /home/airflow/.local/lib/python3.12/site-packages/airflow/example_dags/example_workday_timetable.py for tasks to queue
[2024-10-28T00:22:27.165+0000] {logging_mixin.py:190} INFO - [2024-10-28T00:22:27.165+0000] {dagbag.py:588} INFO - Filling up the DagBag from /home/airflow/.local/lib/python3.12/site-packages/airflow/example_dags/example_workday_timetable.py
[2024-10-28T00:22:27.172+0000] {processor.py:925} INFO - DAG(s) 'example_workday_timetable' retrieved from /home/airflow/.local/lib/python3.12/site-packages/airflow/example_dags/example_workday_timetable.py
[2024-10-28T00:22:27.194+0000] {logging_mixin.py:190} INFO - [2024-10-28T00:22:27.194+0000] {dag.py:3239} INFO - Sync 1 DAGs
[2024-10-28T00:22:27.274+0000] {logging_mixin.py:190} INFO - [2024-10-28T00:22:27.274+0000] {dag.py:4180} INFO - Setting next_dagrun for example_workday_timetable to 2021-01-04 00:00:00+00:00, run_after=2021-01-05 00:00:00+00:00
[2024-10-28T00:22:27.294+0000] {processor.py:208} INFO - Processing /home/airflow/.local/lib/python3.12/site-packages/airflow/example_dags/example_workday_timetable.py took 0.140 seconds
[2024-10-28T00:22:57.800+0000] {processor.py:186} INFO - Started process (PID=48486) to work on /home/airflow/.local/lib/python3.12/site-packages/airflow/example_dags/example_workday_timetable.py
[2024-10-28T00:22:57.801+0000] {processor.py:914} INFO - Processing file /home/airflow/.local/lib/python3.12/site-packages/airflow/example_dags/example_workday_timetable.py for tasks to queue
[2024-10-28T00:22:57.803+0000] {logging_mixin.py:190} INFO - [2024-10-28T00:22:57.802+0000] {dagbag.py:588} INFO - Filling up the DagBag from /home/airflow/.local/lib/python3.12/site-packages/airflow/example_dags/example_workday_timetable.py
[2024-10-28T00:22:57.808+0000] {processor.py:925} INFO - DAG(s) 'example_workday_timetable' retrieved from /home/airflow/.local/lib/python3.12/site-packages/airflow/example_dags/example_workday_timetable.py
[2024-10-28T00:22:57.831+0000] {logging_mixin.py:190} INFO - [2024-10-28T00:22:57.831+0000] {dag.py:3239} INFO - Sync 1 DAGs
[2024-10-28T00:22:57.911+0000] {logging_mixin.py:190} INFO - [2024-10-28T00:22:57.911+0000] {dag.py:4180} INFO - Setting next_dagrun for example_workday_timetable to 2021-01-04 00:00:00+00:00, run_after=2021-01-05 00:00:00+00:00
[2024-10-28T00:22:57.939+0000] {processor.py:208} INFO - Processing /home/airflow/.local/lib/python3.12/site-packages/airflow/example_dags/example_workday_timetable.py took 0.145 seconds
[2024-10-28T00:23:28.173+0000] {processor.py:186} INFO - Started process (PID=48560) to work on /home/airflow/.local/lib/python3.12/site-packages/airflow/example_dags/example_workday_timetable.py
[2024-10-28T00:23:28.174+0000] {processor.py:914} INFO - Processing file /home/airflow/.local/lib/python3.12/site-packages/airflow/example_dags/example_workday_timetable.py for tasks to queue
[2024-10-28T00:23:28.175+0000] {logging_mixin.py:190} INFO - [2024-10-28T00:23:28.175+0000] {dagbag.py:588} INFO - Filling up the DagBag from /home/airflow/.local/lib/python3.12/site-packages/airflow/example_dags/example_workday_timetable.py
[2024-10-28T00:23:28.181+0000] {processor.py:925} INFO - DAG(s) 'example_workday_timetable' retrieved from /home/airflow/.local/lib/python3.12/site-packages/airflow/example_dags/example_workday_timetable.py
[2024-10-28T00:23:28.199+0000] {logging_mixin.py:190} INFO - [2024-10-28T00:23:28.199+0000] {dag.py:3239} INFO - Sync 1 DAGs
[2024-10-28T00:23:28.260+0000] {logging_mixin.py:190} INFO - [2024-10-28T00:23:28.260+0000] {dag.py:4180} INFO - Setting next_dagrun for example_workday_timetable to 2021-01-04 00:00:00+00:00, run_after=2021-01-05 00:00:00+00:00
[2024-10-28T00:23:28.279+0000] {processor.py:208} INFO - Processing /home/airflow/.local/lib/python3.12/site-packages/airflow/example_dags/example_workday_timetable.py took 0.111 seconds
[2024-10-28T00:23:59.138+0000] {processor.py:186} INFO - Started process (PID=48634) to work on /home/airflow/.local/lib/python3.12/site-packages/airflow/example_dags/example_workday_timetable.py
[2024-10-28T00:23:59.139+0000] {processor.py:914} INFO - Processing file /home/airflow/.local/lib/python3.12/site-packages/airflow/example_dags/example_workday_timetable.py for tasks to queue
[2024-10-28T00:23:59.142+0000] {logging_mixin.py:190} INFO - [2024-10-28T00:23:59.141+0000] {dagbag.py:588} INFO - Filling up the DagBag from /home/airflow/.local/lib/python3.12/site-packages/airflow/example_dags/example_workday_timetable.py
[2024-10-28T00:23:59.157+0000] {processor.py:925} INFO - DAG(s) 'example_workday_timetable' retrieved from /home/airflow/.local/lib/python3.12/site-packages/airflow/example_dags/example_workday_timetable.py
[2024-10-28T00:23:59.190+0000] {logging_mixin.py:190} INFO - [2024-10-28T00:23:59.190+0000] {dag.py:3239} INFO - Sync 1 DAGs
[2024-10-28T00:23:59.282+0000] {logging_mixin.py:190} INFO - [2024-10-28T00:23:59.282+0000] {dag.py:4180} INFO - Setting next_dagrun for example_workday_timetable to 2021-01-04 00:00:00+00:00, run_after=2021-01-05 00:00:00+00:00
[2024-10-28T00:23:59.303+0000] {processor.py:208} INFO - Processing /home/airflow/.local/lib/python3.12/site-packages/airflow/example_dags/example_workday_timetable.py took 0.174 seconds
[2024-10-28T00:24:29.524+0000] {processor.py:186} INFO - Started process (PID=48708) to work on /home/airflow/.local/lib/python3.12/site-packages/airflow/example_dags/example_workday_timetable.py
[2024-10-28T00:24:29.525+0000] {processor.py:914} INFO - Processing file /home/airflow/.local/lib/python3.12/site-packages/airflow/example_dags/example_workday_timetable.py for tasks to queue
[2024-10-28T00:24:29.527+0000] {logging_mixin.py:190} INFO - [2024-10-28T00:24:29.527+0000] {dagbag.py:588} INFO - Filling up the DagBag from /home/airflow/.local/lib/python3.12/site-packages/airflow/example_dags/example_workday_timetable.py
[2024-10-28T00:24:29.532+0000] {processor.py:925} INFO - DAG(s) 'example_workday_timetable' retrieved from /home/airflow/.local/lib/python3.12/site-packages/airflow/example_dags/example_workday_timetable.py
[2024-10-28T00:24:29.551+0000] {logging_mixin.py:190} INFO - [2024-10-28T00:24:29.551+0000] {dag.py:3239} INFO - Sync 1 DAGs
[2024-10-28T00:24:29.616+0000] {logging_mixin.py:190} INFO - [2024-10-28T00:24:29.616+0000] {dag.py:4180} INFO - Setting next_dagrun for example_workday_timetable to 2021-01-04 00:00:00+00:00, run_after=2021-01-05 00:00:00+00:00
[2024-10-28T00:24:29.786+0000] {processor.py:208} INFO - Processing /home/airflow/.local/lib/python3.12/site-packages/airflow/example_dags/example_workday_timetable.py took 0.267 seconds
[2024-10-28T00:25:00.130+0000] {processor.py:186} INFO - Started process (PID=48782) to work on /home/airflow/.local/lib/python3.12/site-packages/airflow/example_dags/example_workday_timetable.py
[2024-10-28T00:25:00.131+0000] {processor.py:914} INFO - Processing file /home/airflow/.local/lib/python3.12/site-packages/airflow/example_dags/example_workday_timetable.py for tasks to queue
[2024-10-28T00:25:00.134+0000] {logging_mixin.py:190} INFO - [2024-10-28T00:25:00.133+0000] {dagbag.py:588} INFO - Filling up the DagBag from /home/airflow/.local/lib/python3.12/site-packages/airflow/example_dags/example_workday_timetable.py
[2024-10-28T00:25:00.140+0000] {processor.py:925} INFO - DAG(s) 'example_workday_timetable' retrieved from /home/airflow/.local/lib/python3.12/site-packages/airflow/example_dags/example_workday_timetable.py
[2024-10-28T00:25:00.165+0000] {logging_mixin.py:190} INFO - [2024-10-28T00:25:00.164+0000] {dag.py:3239} INFO - Sync 1 DAGs
[2024-10-28T00:25:00.445+0000] {logging_mixin.py:190} INFO - [2024-10-28T00:25:00.444+0000] {dag.py:4180} INFO - Setting next_dagrun for example_workday_timetable to 2021-01-04 00:00:00+00:00, run_after=2021-01-05 00:00:00+00:00
[2024-10-28T00:25:00.470+0000] {processor.py:208} INFO - Processing /home/airflow/.local/lib/python3.12/site-packages/airflow/example_dags/example_workday_timetable.py took 0.347 seconds
[2024-10-28T00:25:31.499+0000] {processor.py:186} INFO - Started process (PID=48856) to work on /home/airflow/.local/lib/python3.12/site-packages/airflow/example_dags/example_workday_timetable.py
[2024-10-28T00:25:31.500+0000] {processor.py:914} INFO - Processing file /home/airflow/.local/lib/python3.12/site-packages/airflow/example_dags/example_workday_timetable.py for tasks to queue
[2024-10-28T00:25:31.501+0000] {logging_mixin.py:190} INFO - [2024-10-28T00:25:31.501+0000] {dagbag.py:588} INFO - Filling up the DagBag from /home/airflow/.local/lib/python3.12/site-packages/airflow/example_dags/example_workday_timetable.py
[2024-10-28T00:25:31.506+0000] {processor.py:925} INFO - DAG(s) 'example_workday_timetable' retrieved from /home/airflow/.local/lib/python3.12/site-packages/airflow/example_dags/example_workday_timetable.py
[2024-10-28T00:25:31.527+0000] {logging_mixin.py:190} INFO - [2024-10-28T00:25:31.526+0000] {dag.py:3239} INFO - Sync 1 DAGs
[2024-10-28T00:25:31.741+0000] {logging_mixin.py:190} INFO - [2024-10-28T00:25:31.741+0000] {dag.py:4180} INFO - Setting next_dagrun for example_workday_timetable to 2021-01-04 00:00:00+00:00, run_after=2021-01-05 00:00:00+00:00
[2024-10-28T00:25:31.763+0000] {processor.py:208} INFO - Processing /home/airflow/.local/lib/python3.12/site-packages/airflow/example_dags/example_workday_timetable.py took 0.273 seconds
[2024-10-28T00:26:02.030+0000] {processor.py:186} INFO - Started process (PID=48930) to work on /home/airflow/.local/lib/python3.12/site-packages/airflow/example_dags/example_workday_timetable.py
[2024-10-28T00:26:02.031+0000] {processor.py:914} INFO - Processing file /home/airflow/.local/lib/python3.12/site-packages/airflow/example_dags/example_workday_timetable.py for tasks to queue
[2024-10-28T00:26:02.032+0000] {logging_mixin.py:190} INFO - [2024-10-28T00:26:02.032+0000] {dagbag.py:588} INFO - Filling up the DagBag from /home/airflow/.local/lib/python3.12/site-packages/airflow/example_dags/example_workday_timetable.py
[2024-10-28T00:26:02.037+0000] {processor.py:925} INFO - DAG(s) 'example_workday_timetable' retrieved from /home/airflow/.local/lib/python3.12/site-packages/airflow/example_dags/example_workday_timetable.py
[2024-10-28T00:26:02.056+0000] {logging_mixin.py:190} INFO - [2024-10-28T00:26:02.056+0000] {dag.py:3239} INFO - Sync 1 DAGs
[2024-10-28T00:26:02.266+0000] {logging_mixin.py:190} INFO - [2024-10-28T00:26:02.266+0000] {dag.py:4180} INFO - Setting next_dagrun for example_workday_timetable to 2021-01-04 00:00:00+00:00, run_after=2021-01-05 00:00:00+00:00
[2024-10-28T00:26:02.287+0000] {processor.py:208} INFO - Processing /home/airflow/.local/lib/python3.12/site-packages/airflow/example_dags/example_workday_timetable.py took 0.263 seconds
[2024-10-28T00:26:32.418+0000] {processor.py:186} INFO - Started process (PID=49004) to work on /home/airflow/.local/lib/python3.12/site-packages/airflow/example_dags/example_workday_timetable.py
[2024-10-28T00:26:32.419+0000] {processor.py:914} INFO - Processing file /home/airflow/.local/lib/python3.12/site-packages/airflow/example_dags/example_workday_timetable.py for tasks to queue
[2024-10-28T00:26:32.420+0000] {logging_mixin.py:190} INFO - [2024-10-28T00:26:32.420+0000] {dagbag.py:588} INFO - Filling up the DagBag from /home/airflow/.local/lib/python3.12/site-packages/airflow/example_dags/example_workday_timetable.py
[2024-10-28T00:26:32.426+0000] {processor.py:925} INFO - DAG(s) 'example_workday_timetable' retrieved from /home/airflow/.local/lib/python3.12/site-packages/airflow/example_dags/example_workday_timetable.py
[2024-10-28T00:26:32.444+0000] {logging_mixin.py:190} INFO - [2024-10-28T00:26:32.444+0000] {dag.py:3239} INFO - Sync 1 DAGs
[2024-10-28T00:26:32.506+0000] {logging_mixin.py:190} INFO - [2024-10-28T00:26:32.506+0000] {dag.py:4180} INFO - Setting next_dagrun for example_workday_timetable to 2021-01-04 00:00:00+00:00, run_after=2021-01-05 00:00:00+00:00
[2024-10-28T00:26:32.524+0000] {processor.py:208} INFO - Processing /home/airflow/.local/lib/python3.12/site-packages/airflow/example_dags/example_workday_timetable.py took 0.111 seconds
[2024-10-28T00:27:02.801+0000] {processor.py:186} INFO - Started process (PID=49078) to work on /home/airflow/.local/lib/python3.12/site-packages/airflow/example_dags/example_workday_timetable.py
[2024-10-28T00:27:02.803+0000] {processor.py:914} INFO - Processing file /home/airflow/.local/lib/python3.12/site-packages/airflow/example_dags/example_workday_timetable.py for tasks to queue
[2024-10-28T00:27:02.804+0000] {logging_mixin.py:190} INFO - [2024-10-28T00:27:02.804+0000] {dagbag.py:588} INFO - Filling up the DagBag from /home/airflow/.local/lib/python3.12/site-packages/airflow/example_dags/example_workday_timetable.py
[2024-10-28T00:27:02.809+0000] {processor.py:925} INFO - DAG(s) 'example_workday_timetable' retrieved from /home/airflow/.local/lib/python3.12/site-packages/airflow/example_dags/example_workday_timetable.py
[2024-10-28T00:27:02.828+0000] {logging_mixin.py:190} INFO - [2024-10-28T00:27:02.828+0000] {dag.py:3239} INFO - Sync 1 DAGs
[2024-10-28T00:27:02.893+0000] {logging_mixin.py:190} INFO - [2024-10-28T00:27:02.893+0000] {dag.py:4180} INFO - Setting next_dagrun for example_workday_timetable to 2021-01-04 00:00:00+00:00, run_after=2021-01-05 00:00:00+00:00
[2024-10-28T00:27:02.911+0000] {processor.py:208} INFO - Processing /home/airflow/.local/lib/python3.12/site-packages/airflow/example_dags/example_workday_timetable.py took 0.115 seconds
[2024-10-28T00:27:33.692+0000] {processor.py:186} INFO - Started process (PID=49152) to work on /home/airflow/.local/lib/python3.12/site-packages/airflow/example_dags/example_workday_timetable.py
[2024-10-28T00:27:33.693+0000] {processor.py:914} INFO - Processing file /home/airflow/.local/lib/python3.12/site-packages/airflow/example_dags/example_workday_timetable.py for tasks to queue
[2024-10-28T00:27:33.694+0000] {logging_mixin.py:190} INFO - [2024-10-28T00:27:33.694+0000] {dagbag.py:588} INFO - Filling up the DagBag from /home/airflow/.local/lib/python3.12/site-packages/airflow/example_dags/example_workday_timetable.py
[2024-10-28T00:27:33.700+0000] {processor.py:925} INFO - DAG(s) 'example_workday_timetable' retrieved from /home/airflow/.local/lib/python3.12/site-packages/airflow/example_dags/example_workday_timetable.py
[2024-10-28T00:27:33.720+0000] {logging_mixin.py:190} INFO - [2024-10-28T00:27:33.720+0000] {dag.py:3239} INFO - Sync 1 DAGs
[2024-10-28T00:27:33.787+0000] {logging_mixin.py:190} INFO - [2024-10-28T00:27:33.787+0000] {dag.py:4180} INFO - Setting next_dagrun for example_workday_timetable to 2021-01-04 00:00:00+00:00, run_after=2021-01-05 00:00:00+00:00
[2024-10-28T00:27:33.806+0000] {processor.py:208} INFO - Processing /home/airflow/.local/lib/python3.12/site-packages/airflow/example_dags/example_workday_timetable.py took 0.119 seconds
[2024-10-28T00:28:04.720+0000] {processor.py:186} INFO - Started process (PID=49226) to work on /home/airflow/.local/lib/python3.12/site-packages/airflow/example_dags/example_workday_timetable.py
[2024-10-28T00:28:04.721+0000] {processor.py:914} INFO - Processing file /home/airflow/.local/lib/python3.12/site-packages/airflow/example_dags/example_workday_timetable.py for tasks to queue
[2024-10-28T00:28:04.722+0000] {logging_mixin.py:190} INFO - [2024-10-28T00:28:04.722+0000] {dagbag.py:588} INFO - Filling up the DagBag from /home/airflow/.local/lib/python3.12/site-packages/airflow/example_dags/example_workday_timetable.py
[2024-10-28T00:28:04.728+0000] {processor.py:925} INFO - DAG(s) 'example_workday_timetable' retrieved from /home/airflow/.local/lib/python3.12/site-packages/airflow/example_dags/example_workday_timetable.py
[2024-10-28T00:28:04.748+0000] {logging_mixin.py:190} INFO - [2024-10-28T00:28:04.747+0000] {dag.py:3239} INFO - Sync 1 DAGs
[2024-10-28T00:28:04.815+0000] {logging_mixin.py:190} INFO - [2024-10-28T00:28:04.814+0000] {dag.py:4180} INFO - Setting next_dagrun for example_workday_timetable to 2021-01-04 00:00:00+00:00, run_after=2021-01-05 00:00:00+00:00
[2024-10-28T00:28:04.834+0000] {processor.py:208} INFO - Processing /home/airflow/.local/lib/python3.12/site-packages/airflow/example_dags/example_workday_timetable.py took 0.119 seconds
[2024-10-28T00:28:35.271+0000] {processor.py:186} INFO - Started process (PID=49300) to work on /home/airflow/.local/lib/python3.12/site-packages/airflow/example_dags/example_workday_timetable.py
[2024-10-28T00:28:35.272+0000] {processor.py:914} INFO - Processing file /home/airflow/.local/lib/python3.12/site-packages/airflow/example_dags/example_workday_timetable.py for tasks to queue
[2024-10-28T00:28:35.275+0000] {logging_mixin.py:190} INFO - [2024-10-28T00:28:35.274+0000] {dagbag.py:588} INFO - Filling up the DagBag from /home/airflow/.local/lib/python3.12/site-packages/airflow/example_dags/example_workday_timetable.py
[2024-10-28T00:28:35.281+0000] {processor.py:925} INFO - DAG(s) 'example_workday_timetable' retrieved from /home/airflow/.local/lib/python3.12/site-packages/airflow/example_dags/example_workday_timetable.py
[2024-10-28T00:28:35.302+0000] {logging_mixin.py:190} INFO - [2024-10-28T00:28:35.302+0000] {dag.py:3239} INFO - Sync 1 DAGs
[2024-10-28T00:28:35.381+0000] {logging_mixin.py:190} INFO - [2024-10-28T00:28:35.381+0000] {dag.py:4180} INFO - Setting next_dagrun for example_workday_timetable to 2021-01-04 00:00:00+00:00, run_after=2021-01-05 00:00:00+00:00
[2024-10-28T00:28:35.399+0000] {processor.py:208} INFO - Processing /home/airflow/.local/lib/python3.12/site-packages/airflow/example_dags/example_workday_timetable.py took 0.135 seconds
[2024-10-28T00:29:06.124+0000] {processor.py:186} INFO - Started process (PID=49374) to work on /home/airflow/.local/lib/python3.12/site-packages/airflow/example_dags/example_workday_timetable.py
[2024-10-28T00:29:06.125+0000] {processor.py:914} INFO - Processing file /home/airflow/.local/lib/python3.12/site-packages/airflow/example_dags/example_workday_timetable.py for tasks to queue
[2024-10-28T00:29:06.127+0000] {logging_mixin.py:190} INFO - [2024-10-28T00:29:06.126+0000] {dagbag.py:588} INFO - Filling up the DagBag from /home/airflow/.local/lib/python3.12/site-packages/airflow/example_dags/example_workday_timetable.py
[2024-10-28T00:29:06.133+0000] {processor.py:925} INFO - DAG(s) 'example_workday_timetable' retrieved from /home/airflow/.local/lib/python3.12/site-packages/airflow/example_dags/example_workday_timetable.py
[2024-10-28T00:29:06.156+0000] {logging_mixin.py:190} INFO - [2024-10-28T00:29:06.156+0000] {dag.py:3239} INFO - Sync 1 DAGs
[2024-10-28T00:29:06.224+0000] {logging_mixin.py:190} INFO - [2024-10-28T00:29:06.223+0000] {dag.py:4180} INFO - Setting next_dagrun for example_workday_timetable to 2021-01-04 00:00:00+00:00, run_after=2021-01-05 00:00:00+00:00
[2024-10-28T00:29:06.242+0000] {processor.py:208} INFO - Processing /home/airflow/.local/lib/python3.12/site-packages/airflow/example_dags/example_workday_timetable.py took 0.125 seconds
[2024-10-28T00:29:37.021+0000] {processor.py:186} INFO - Started process (PID=49448) to work on /home/airflow/.local/lib/python3.12/site-packages/airflow/example_dags/example_workday_timetable.py
[2024-10-28T00:29:37.022+0000] {processor.py:914} INFO - Processing file /home/airflow/.local/lib/python3.12/site-packages/airflow/example_dags/example_workday_timetable.py for tasks to queue
[2024-10-28T00:29:37.023+0000] {logging_mixin.py:190} INFO - [2024-10-28T00:29:37.023+0000] {dagbag.py:588} INFO - Filling up the DagBag from /home/airflow/.local/lib/python3.12/site-packages/airflow/example_dags/example_workday_timetable.py
[2024-10-28T00:29:37.029+0000] {processor.py:925} INFO - DAG(s) 'example_workday_timetable' retrieved from /home/airflow/.local/lib/python3.12/site-packages/airflow/example_dags/example_workday_timetable.py
[2024-10-28T00:29:37.048+0000] {logging_mixin.py:190} INFO - [2024-10-28T00:29:37.048+0000] {dag.py:3239} INFO - Sync 1 DAGs
[2024-10-28T00:29:37.109+0000] {logging_mixin.py:190} INFO - [2024-10-28T00:29:37.109+0000] {dag.py:4180} INFO - Setting next_dagrun for example_workday_timetable to 2021-01-04 00:00:00+00:00, run_after=2021-01-05 00:00:00+00:00
[2024-10-28T00:29:37.130+0000] {processor.py:208} INFO - Processing /home/airflow/.local/lib/python3.12/site-packages/airflow/example_dags/example_workday_timetable.py took 0.115 seconds
[2024-10-28T00:30:07.951+0000] {processor.py:186} INFO - Started process (PID=49522) to work on /home/airflow/.local/lib/python3.12/site-packages/airflow/example_dags/example_workday_timetable.py
[2024-10-28T00:30:07.952+0000] {processor.py:914} INFO - Processing file /home/airflow/.local/lib/python3.12/site-packages/airflow/example_dags/example_workday_timetable.py for tasks to queue
[2024-10-28T00:30:07.953+0000] {logging_mixin.py:190} INFO - [2024-10-28T00:30:07.953+0000] {dagbag.py:588} INFO - Filling up the DagBag from /home/airflow/.local/lib/python3.12/site-packages/airflow/example_dags/example_workday_timetable.py
[2024-10-28T00:30:07.959+0000] {processor.py:925} INFO - DAG(s) 'example_workday_timetable' retrieved from /home/airflow/.local/lib/python3.12/site-packages/airflow/example_dags/example_workday_timetable.py
[2024-10-28T00:30:07.977+0000] {logging_mixin.py:190} INFO - [2024-10-28T00:30:07.977+0000] {dag.py:3239} INFO - Sync 1 DAGs
[2024-10-28T00:30:08.039+0000] {logging_mixin.py:190} INFO - [2024-10-28T00:30:08.039+0000] {dag.py:4180} INFO - Setting next_dagrun for example_workday_timetable to 2021-01-04 00:00:00+00:00, run_after=2021-01-05 00:00:00+00:00
[2024-10-28T00:30:08.057+0000] {processor.py:208} INFO - Processing /home/airflow/.local/lib/python3.12/site-packages/airflow/example_dags/example_workday_timetable.py took 0.111 seconds
[2024-10-28T00:30:38.830+0000] {processor.py:186} INFO - Started process (PID=49602) to work on /home/airflow/.local/lib/python3.12/site-packages/airflow/example_dags/example_workday_timetable.py
[2024-10-28T00:30:38.832+0000] {processor.py:914} INFO - Processing file /home/airflow/.local/lib/python3.12/site-packages/airflow/example_dags/example_workday_timetable.py for tasks to queue
[2024-10-28T00:30:38.833+0000] {logging_mixin.py:190} INFO - [2024-10-28T00:30:38.833+0000] {dagbag.py:588} INFO - Filling up the DagBag from /home/airflow/.local/lib/python3.12/site-packages/airflow/example_dags/example_workday_timetable.py
[2024-10-28T00:30:38.839+0000] {processor.py:925} INFO - DAG(s) 'example_workday_timetable' retrieved from /home/airflow/.local/lib/python3.12/site-packages/airflow/example_dags/example_workday_timetable.py
[2024-10-28T00:30:38.858+0000] {logging_mixin.py:190} INFO - [2024-10-28T00:30:38.858+0000] {dag.py:3239} INFO - Sync 1 DAGs
[2024-10-28T00:30:38.924+0000] {logging_mixin.py:190} INFO - [2024-10-28T00:30:38.924+0000] {dag.py:4180} INFO - Setting next_dagrun for example_workday_timetable to 2021-01-04 00:00:00+00:00, run_after=2021-01-05 00:00:00+00:00
[2024-10-28T00:30:38.942+0000] {processor.py:208} INFO - Processing /home/airflow/.local/lib/python3.12/site-packages/airflow/example_dags/example_workday_timetable.py took 0.117 seconds
[2024-10-28T00:31:09.581+0000] {processor.py:186} INFO - Started process (PID=49676) to work on /home/airflow/.local/lib/python3.12/site-packages/airflow/example_dags/example_workday_timetable.py
[2024-10-28T00:31:09.582+0000] {processor.py:914} INFO - Processing file /home/airflow/.local/lib/python3.12/site-packages/airflow/example_dags/example_workday_timetable.py for tasks to queue
[2024-10-28T00:31:09.584+0000] {logging_mixin.py:190} INFO - [2024-10-28T00:31:09.583+0000] {dagbag.py:588} INFO - Filling up the DagBag from /home/airflow/.local/lib/python3.12/site-packages/airflow/example_dags/example_workday_timetable.py
[2024-10-28T00:31:09.589+0000] {processor.py:925} INFO - DAG(s) 'example_workday_timetable' retrieved from /home/airflow/.local/lib/python3.12/site-packages/airflow/example_dags/example_workday_timetable.py
[2024-10-28T00:31:09.609+0000] {logging_mixin.py:190} INFO - [2024-10-28T00:31:09.608+0000] {dag.py:3239} INFO - Sync 1 DAGs
[2024-10-28T00:31:09.677+0000] {logging_mixin.py:190} INFO - [2024-10-28T00:31:09.677+0000] {dag.py:4180} INFO - Setting next_dagrun for example_workday_timetable to 2021-01-04 00:00:00+00:00, run_after=2021-01-05 00:00:00+00:00
[2024-10-28T00:31:09.694+0000] {processor.py:208} INFO - Processing /home/airflow/.local/lib/python3.12/site-packages/airflow/example_dags/example_workday_timetable.py took 0.119 seconds
[2024-10-28T00:31:39.826+0000] {processor.py:186} INFO - Started process (PID=49751) to work on /home/airflow/.local/lib/python3.12/site-packages/airflow/example_dags/example_workday_timetable.py
[2024-10-28T00:31:39.827+0000] {processor.py:914} INFO - Processing file /home/airflow/.local/lib/python3.12/site-packages/airflow/example_dags/example_workday_timetable.py for tasks to queue
[2024-10-28T00:31:39.828+0000] {logging_mixin.py:190} INFO - [2024-10-28T00:31:39.828+0000] {dagbag.py:588} INFO - Filling up the DagBag from /home/airflow/.local/lib/python3.12/site-packages/airflow/example_dags/example_workday_timetable.py
[2024-10-28T00:31:39.833+0000] {processor.py:925} INFO - DAG(s) 'example_workday_timetable' retrieved from /home/airflow/.local/lib/python3.12/site-packages/airflow/example_dags/example_workday_timetable.py
[2024-10-28T00:31:39.850+0000] {logging_mixin.py:190} INFO - [2024-10-28T00:31:39.850+0000] {dag.py:3239} INFO - Sync 1 DAGs
[2024-10-28T00:31:39.906+0000] {logging_mixin.py:190} INFO - [2024-10-28T00:31:39.906+0000] {dag.py:4180} INFO - Setting next_dagrun for example_workday_timetable to 2021-01-04 00:00:00+00:00, run_after=2021-01-05 00:00:00+00:00
[2024-10-28T00:31:39.924+0000] {processor.py:208} INFO - Processing /home/airflow/.local/lib/python3.12/site-packages/airflow/example_dags/example_workday_timetable.py took 0.104 seconds
[2024-10-28T00:32:10.552+0000] {processor.py:186} INFO - Started process (PID=49824) to work on /home/airflow/.local/lib/python3.12/site-packages/airflow/example_dags/example_workday_timetable.py
[2024-10-28T00:32:10.553+0000] {processor.py:914} INFO - Processing file /home/airflow/.local/lib/python3.12/site-packages/airflow/example_dags/example_workday_timetable.py for tasks to queue
[2024-10-28T00:32:10.554+0000] {logging_mixin.py:190} INFO - [2024-10-28T00:32:10.554+0000] {dagbag.py:588} INFO - Filling up the DagBag from /home/airflow/.local/lib/python3.12/site-packages/airflow/example_dags/example_workday_timetable.py
[2024-10-28T00:32:10.560+0000] {processor.py:925} INFO - DAG(s) 'example_workday_timetable' retrieved from /home/airflow/.local/lib/python3.12/site-packages/airflow/example_dags/example_workday_timetable.py
[2024-10-28T00:32:10.578+0000] {logging_mixin.py:190} INFO - [2024-10-28T00:32:10.578+0000] {dag.py:3239} INFO - Sync 1 DAGs
[2024-10-28T00:32:10.642+0000] {logging_mixin.py:190} INFO - [2024-10-28T00:32:10.641+0000] {dag.py:4180} INFO - Setting next_dagrun for example_workday_timetable to 2021-01-04 00:00:00+00:00, run_after=2021-01-05 00:00:00+00:00
[2024-10-28T00:32:10.661+0000] {processor.py:208} INFO - Processing /home/airflow/.local/lib/python3.12/site-packages/airflow/example_dags/example_workday_timetable.py took 0.114 seconds
[2024-10-28T00:32:41.417+0000] {processor.py:186} INFO - Started process (PID=49898) to work on /home/airflow/.local/lib/python3.12/site-packages/airflow/example_dags/example_workday_timetable.py
[2024-10-28T00:32:41.418+0000] {processor.py:914} INFO - Processing file /home/airflow/.local/lib/python3.12/site-packages/airflow/example_dags/example_workday_timetable.py for tasks to queue
[2024-10-28T00:32:41.419+0000] {logging_mixin.py:190} INFO - [2024-10-28T00:32:41.419+0000] {dagbag.py:588} INFO - Filling up the DagBag from /home/airflow/.local/lib/python3.12/site-packages/airflow/example_dags/example_workday_timetable.py
[2024-10-28T00:32:41.424+0000] {processor.py:925} INFO - DAG(s) 'example_workday_timetable' retrieved from /home/airflow/.local/lib/python3.12/site-packages/airflow/example_dags/example_workday_timetable.py
[2024-10-28T00:32:41.442+0000] {logging_mixin.py:190} INFO - [2024-10-28T00:32:41.442+0000] {dag.py:3239} INFO - Sync 1 DAGs
[2024-10-28T00:32:41.508+0000] {logging_mixin.py:190} INFO - [2024-10-28T00:32:41.508+0000] {dag.py:4180} INFO - Setting next_dagrun for example_workday_timetable to 2021-01-04 00:00:00+00:00, run_after=2021-01-05 00:00:00+00:00
[2024-10-28T00:32:41.528+0000] {processor.py:208} INFO - Processing /home/airflow/.local/lib/python3.12/site-packages/airflow/example_dags/example_workday_timetable.py took 0.117 seconds
[2024-10-28T00:33:12.204+0000] {processor.py:186} INFO - Started process (PID=49972) to work on /home/airflow/.local/lib/python3.12/site-packages/airflow/example_dags/example_workday_timetable.py
[2024-10-28T00:33:12.205+0000] {processor.py:914} INFO - Processing file /home/airflow/.local/lib/python3.12/site-packages/airflow/example_dags/example_workday_timetable.py for tasks to queue
[2024-10-28T00:33:12.207+0000] {logging_mixin.py:190} INFO - [2024-10-28T00:33:12.206+0000] {dagbag.py:588} INFO - Filling up the DagBag from /home/airflow/.local/lib/python3.12/site-packages/airflow/example_dags/example_workday_timetable.py
[2024-10-28T00:33:12.212+0000] {processor.py:925} INFO - DAG(s) 'example_workday_timetable' retrieved from /home/airflow/.local/lib/python3.12/site-packages/airflow/example_dags/example_workday_timetable.py
[2024-10-28T00:33:12.230+0000] {logging_mixin.py:190} INFO - [2024-10-28T00:33:12.229+0000] {dag.py:3239} INFO - Sync 1 DAGs
[2024-10-28T00:33:12.291+0000] {logging_mixin.py:190} INFO - [2024-10-28T00:33:12.291+0000] {dag.py:4180} INFO - Setting next_dagrun for example_workday_timetable to 2021-01-04 00:00:00+00:00, run_after=2021-01-05 00:00:00+00:00
[2024-10-28T00:33:12.309+0000] {processor.py:208} INFO - Processing /home/airflow/.local/lib/python3.12/site-packages/airflow/example_dags/example_workday_timetable.py took 0.110 seconds
[2024-10-28T00:33:42.992+0000] {processor.py:186} INFO - Started process (PID=50046) to work on /home/airflow/.local/lib/python3.12/site-packages/airflow/example_dags/example_workday_timetable.py
[2024-10-28T00:33:42.993+0000] {processor.py:914} INFO - Processing file /home/airflow/.local/lib/python3.12/site-packages/airflow/example_dags/example_workday_timetable.py for tasks to queue
[2024-10-28T00:33:42.995+0000] {logging_mixin.py:190} INFO - [2024-10-28T00:33:42.994+0000] {dagbag.py:588} INFO - Filling up the DagBag from /home/airflow/.local/lib/python3.12/site-packages/airflow/example_dags/example_workday_timetable.py
[2024-10-28T00:33:43.001+0000] {processor.py:925} INFO - DAG(s) 'example_workday_timetable' retrieved from /home/airflow/.local/lib/python3.12/site-packages/airflow/example_dags/example_workday_timetable.py
[2024-10-28T00:33:43.019+0000] {logging_mixin.py:190} INFO - [2024-10-28T00:33:43.019+0000] {dag.py:3239} INFO - Sync 1 DAGs
[2024-10-28T00:33:43.081+0000] {logging_mixin.py:190} INFO - [2024-10-28T00:33:43.081+0000] {dag.py:4180} INFO - Setting next_dagrun for example_workday_timetable to 2021-01-04 00:00:00+00:00, run_after=2021-01-05 00:00:00+00:00
[2024-10-28T00:33:43.099+0000] {processor.py:208} INFO - Processing /home/airflow/.local/lib/python3.12/site-packages/airflow/example_dags/example_workday_timetable.py took 0.113 seconds
