[2024-10-28T00:00:15.871+0000] {processor.py:186} INFO - Started process (PID=45190) to work on /home/airflow/.local/lib/python3.12/site-packages/airflow/example_dags/example_dynamic_task_mapping.py
[2024-10-28T00:00:15.873+0000] {processor.py:914} INFO - Processing file /home/airflow/.local/lib/python3.12/site-packages/airflow/example_dags/example_dynamic_task_mapping.py for tasks to queue
[2024-10-28T00:00:15.875+0000] {logging_mixin.py:190} INFO - [2024-10-28T00:00:15.875+0000] {dagbag.py:588} INFO - Filling up the DagBag from /home/airflow/.local/lib/python3.12/site-packages/airflow/example_dags/example_dynamic_task_mapping.py
[2024-10-28T00:00:15.887+0000] {processor.py:925} INFO - DAG(s) 'example_dynamic_task_mapping' retrieved from /home/airflow/.local/lib/python3.12/site-packages/airflow/example_dags/example_dynamic_task_mapping.py
[2024-10-28T00:00:15.916+0000] {logging_mixin.py:190} INFO - [2024-10-28T00:00:15.916+0000] {dag.py:3239} INFO - Sync 1 DAGs
[2024-10-28T00:00:15.935+0000] {logging_mixin.py:190} INFO - [2024-10-28T00:00:15.935+0000] {dag.py:4180} INFO - Setting next_dagrun for example_dynamic_task_mapping to None, run_after=None
[2024-10-28T00:00:15.961+0000] {processor.py:208} INFO - Processing /home/airflow/.local/lib/python3.12/site-packages/airflow/example_dags/example_dynamic_task_mapping.py took 0.098 seconds
[2024-10-28T00:00:46.515+0000] {processor.py:186} INFO - Started process (PID=45264) to work on /home/airflow/.local/lib/python3.12/site-packages/airflow/example_dags/example_dynamic_task_mapping.py
[2024-10-28T00:00:46.517+0000] {processor.py:914} INFO - Processing file /home/airflow/.local/lib/python3.12/site-packages/airflow/example_dags/example_dynamic_task_mapping.py for tasks to queue
[2024-10-28T00:00:46.520+0000] {logging_mixin.py:190} INFO - [2024-10-28T00:00:46.519+0000] {dagbag.py:588} INFO - Filling up the DagBag from /home/airflow/.local/lib/python3.12/site-packages/airflow/example_dags/example_dynamic_task_mapping.py
[2024-10-28T00:00:46.532+0000] {processor.py:925} INFO - DAG(s) 'example_dynamic_task_mapping' retrieved from /home/airflow/.local/lib/python3.12/site-packages/airflow/example_dags/example_dynamic_task_mapping.py
[2024-10-28T00:00:46.568+0000] {logging_mixin.py:190} INFO - [2024-10-28T00:00:46.568+0000] {dag.py:3239} INFO - Sync 1 DAGs
[2024-10-28T00:00:46.593+0000] {logging_mixin.py:190} INFO - [2024-10-28T00:00:46.593+0000] {dag.py:4180} INFO - Setting next_dagrun for example_dynamic_task_mapping to None, run_after=None
[2024-10-28T00:00:46.623+0000] {processor.py:208} INFO - Processing /home/airflow/.local/lib/python3.12/site-packages/airflow/example_dags/example_dynamic_task_mapping.py took 0.117 seconds
[2024-10-28T00:01:17.233+0000] {processor.py:186} INFO - Started process (PID=45338) to work on /home/airflow/.local/lib/python3.12/site-packages/airflow/example_dags/example_dynamic_task_mapping.py
[2024-10-28T00:01:17.234+0000] {processor.py:914} INFO - Processing file /home/airflow/.local/lib/python3.12/site-packages/airflow/example_dags/example_dynamic_task_mapping.py for tasks to queue
[2024-10-28T00:01:17.235+0000] {logging_mixin.py:190} INFO - [2024-10-28T00:01:17.235+0000] {dagbag.py:588} INFO - Filling up the DagBag from /home/airflow/.local/lib/python3.12/site-packages/airflow/example_dags/example_dynamic_task_mapping.py
[2024-10-28T00:01:17.244+0000] {processor.py:925} INFO - DAG(s) 'example_dynamic_task_mapping' retrieved from /home/airflow/.local/lib/python3.12/site-packages/airflow/example_dags/example_dynamic_task_mapping.py
[2024-10-28T00:01:17.267+0000] {logging_mixin.py:190} INFO - [2024-10-28T00:01:17.266+0000] {dag.py:3239} INFO - Sync 1 DAGs
[2024-10-28T00:01:17.281+0000] {logging_mixin.py:190} INFO - [2024-10-28T00:01:17.281+0000] {dag.py:4180} INFO - Setting next_dagrun for example_dynamic_task_mapping to None, run_after=None
[2024-10-28T00:01:17.306+0000] {processor.py:208} INFO - Processing /home/airflow/.local/lib/python3.12/site-packages/airflow/example_dags/example_dynamic_task_mapping.py took 0.080 seconds
[2024-10-28T00:01:47.380+0000] {processor.py:186} INFO - Started process (PID=45411) to work on /home/airflow/.local/lib/python3.12/site-packages/airflow/example_dags/example_dynamic_task_mapping.py
[2024-10-28T00:01:47.381+0000] {processor.py:914} INFO - Processing file /home/airflow/.local/lib/python3.12/site-packages/airflow/example_dags/example_dynamic_task_mapping.py for tasks to queue
[2024-10-28T00:01:47.382+0000] {logging_mixin.py:190} INFO - [2024-10-28T00:01:47.382+0000] {dagbag.py:588} INFO - Filling up the DagBag from /home/airflow/.local/lib/python3.12/site-packages/airflow/example_dags/example_dynamic_task_mapping.py
[2024-10-28T00:01:47.391+0000] {processor.py:925} INFO - DAG(s) 'example_dynamic_task_mapping' retrieved from /home/airflow/.local/lib/python3.12/site-packages/airflow/example_dags/example_dynamic_task_mapping.py
[2024-10-28T00:01:47.412+0000] {logging_mixin.py:190} INFO - [2024-10-28T00:01:47.412+0000] {dag.py:3239} INFO - Sync 1 DAGs
[2024-10-28T00:01:47.429+0000] {logging_mixin.py:190} INFO - [2024-10-28T00:01:47.429+0000] {dag.py:4180} INFO - Setting next_dagrun for example_dynamic_task_mapping to None, run_after=None
[2024-10-28T00:01:47.452+0000] {processor.py:208} INFO - Processing /home/airflow/.local/lib/python3.12/site-packages/airflow/example_dags/example_dynamic_task_mapping.py took 0.078 seconds
[2024-10-28T00:02:17.624+0000] {processor.py:186} INFO - Started process (PID=45485) to work on /home/airflow/.local/lib/python3.12/site-packages/airflow/example_dags/example_dynamic_task_mapping.py
[2024-10-28T00:02:17.626+0000] {processor.py:914} INFO - Processing file /home/airflow/.local/lib/python3.12/site-packages/airflow/example_dags/example_dynamic_task_mapping.py for tasks to queue
[2024-10-28T00:02:17.627+0000] {logging_mixin.py:190} INFO - [2024-10-28T00:02:17.627+0000] {dagbag.py:588} INFO - Filling up the DagBag from /home/airflow/.local/lib/python3.12/site-packages/airflow/example_dags/example_dynamic_task_mapping.py
[2024-10-28T00:02:17.635+0000] {processor.py:925} INFO - DAG(s) 'example_dynamic_task_mapping' retrieved from /home/airflow/.local/lib/python3.12/site-packages/airflow/example_dags/example_dynamic_task_mapping.py
[2024-10-28T00:02:17.653+0000] {logging_mixin.py:190} INFO - [2024-10-28T00:02:17.653+0000] {dag.py:3239} INFO - Sync 1 DAGs
[2024-10-28T00:02:17.666+0000] {logging_mixin.py:190} INFO - [2024-10-28T00:02:17.666+0000] {dag.py:4180} INFO - Setting next_dagrun for example_dynamic_task_mapping to None, run_after=None
[2024-10-28T00:02:17.684+0000] {processor.py:208} INFO - Processing /home/airflow/.local/lib/python3.12/site-packages/airflow/example_dags/example_dynamic_task_mapping.py took 0.066 seconds
[2024-10-28T00:02:47.839+0000] {processor.py:186} INFO - Started process (PID=45559) to work on /home/airflow/.local/lib/python3.12/site-packages/airflow/example_dags/example_dynamic_task_mapping.py
[2024-10-28T00:02:47.840+0000] {processor.py:914} INFO - Processing file /home/airflow/.local/lib/python3.12/site-packages/airflow/example_dags/example_dynamic_task_mapping.py for tasks to queue
[2024-10-28T00:02:47.841+0000] {logging_mixin.py:190} INFO - [2024-10-28T00:02:47.841+0000] {dagbag.py:588} INFO - Filling up the DagBag from /home/airflow/.local/lib/python3.12/site-packages/airflow/example_dags/example_dynamic_task_mapping.py
[2024-10-28T00:02:47.849+0000] {processor.py:925} INFO - DAG(s) 'example_dynamic_task_mapping' retrieved from /home/airflow/.local/lib/python3.12/site-packages/airflow/example_dags/example_dynamic_task_mapping.py
[2024-10-28T00:02:47.868+0000] {logging_mixin.py:190} INFO - [2024-10-28T00:02:47.867+0000] {dag.py:3239} INFO - Sync 1 DAGs
[2024-10-28T00:02:47.881+0000] {logging_mixin.py:190} INFO - [2024-10-28T00:02:47.881+0000] {dag.py:4180} INFO - Setting next_dagrun for example_dynamic_task_mapping to None, run_after=None
[2024-10-28T00:02:47.904+0000] {processor.py:208} INFO - Processing /home/airflow/.local/lib/python3.12/site-packages/airflow/example_dags/example_dynamic_task_mapping.py took 0.071 seconds
[2024-10-28T00:03:18.446+0000] {processor.py:186} INFO - Started process (PID=45633) to work on /home/airflow/.local/lib/python3.12/site-packages/airflow/example_dags/example_dynamic_task_mapping.py
[2024-10-28T00:03:18.447+0000] {processor.py:914} INFO - Processing file /home/airflow/.local/lib/python3.12/site-packages/airflow/example_dags/example_dynamic_task_mapping.py for tasks to queue
[2024-10-28T00:03:18.449+0000] {logging_mixin.py:190} INFO - [2024-10-28T00:03:18.448+0000] {dagbag.py:588} INFO - Filling up the DagBag from /home/airflow/.local/lib/python3.12/site-packages/airflow/example_dags/example_dynamic_task_mapping.py
[2024-10-28T00:03:18.457+0000] {processor.py:925} INFO - DAG(s) 'example_dynamic_task_mapping' retrieved from /home/airflow/.local/lib/python3.12/site-packages/airflow/example_dags/example_dynamic_task_mapping.py
[2024-10-28T00:03:18.475+0000] {logging_mixin.py:190} INFO - [2024-10-28T00:03:18.474+0000] {dag.py:3239} INFO - Sync 1 DAGs
[2024-10-28T00:03:18.488+0000] {logging_mixin.py:190} INFO - [2024-10-28T00:03:18.488+0000] {dag.py:4180} INFO - Setting next_dagrun for example_dynamic_task_mapping to None, run_after=None
[2024-10-28T00:03:18.506+0000] {processor.py:208} INFO - Processing /home/airflow/.local/lib/python3.12/site-packages/airflow/example_dags/example_dynamic_task_mapping.py took 0.066 seconds
[2024-10-28T00:03:48.599+0000] {processor.py:186} INFO - Started process (PID=45707) to work on /home/airflow/.local/lib/python3.12/site-packages/airflow/example_dags/example_dynamic_task_mapping.py
[2024-10-28T00:03:48.600+0000] {processor.py:914} INFO - Processing file /home/airflow/.local/lib/python3.12/site-packages/airflow/example_dags/example_dynamic_task_mapping.py for tasks to queue
[2024-10-28T00:03:48.601+0000] {logging_mixin.py:190} INFO - [2024-10-28T00:03:48.601+0000] {dagbag.py:588} INFO - Filling up the DagBag from /home/airflow/.local/lib/python3.12/site-packages/airflow/example_dags/example_dynamic_task_mapping.py
[2024-10-28T00:03:48.610+0000] {processor.py:925} INFO - DAG(s) 'example_dynamic_task_mapping' retrieved from /home/airflow/.local/lib/python3.12/site-packages/airflow/example_dags/example_dynamic_task_mapping.py
[2024-10-28T00:03:48.630+0000] {logging_mixin.py:190} INFO - [2024-10-28T00:03:48.629+0000] {dag.py:3239} INFO - Sync 1 DAGs
[2024-10-28T00:03:48.644+0000] {logging_mixin.py:190} INFO - [2024-10-28T00:03:48.643+0000] {dag.py:4180} INFO - Setting next_dagrun for example_dynamic_task_mapping to None, run_after=None
[2024-10-28T00:03:48.662+0000] {processor.py:208} INFO - Processing /home/airflow/.local/lib/python3.12/site-packages/airflow/example_dags/example_dynamic_task_mapping.py took 0.069 seconds
[2024-10-28T00:04:19.235+0000] {processor.py:186} INFO - Started process (PID=45781) to work on /home/airflow/.local/lib/python3.12/site-packages/airflow/example_dags/example_dynamic_task_mapping.py
[2024-10-28T00:04:19.237+0000] {processor.py:914} INFO - Processing file /home/airflow/.local/lib/python3.12/site-packages/airflow/example_dags/example_dynamic_task_mapping.py for tasks to queue
[2024-10-28T00:04:19.238+0000] {logging_mixin.py:190} INFO - [2024-10-28T00:04:19.238+0000] {dagbag.py:588} INFO - Filling up the DagBag from /home/airflow/.local/lib/python3.12/site-packages/airflow/example_dags/example_dynamic_task_mapping.py
[2024-10-28T00:04:19.246+0000] {processor.py:925} INFO - DAG(s) 'example_dynamic_task_mapping' retrieved from /home/airflow/.local/lib/python3.12/site-packages/airflow/example_dags/example_dynamic_task_mapping.py
[2024-10-28T00:04:19.266+0000] {logging_mixin.py:190} INFO - [2024-10-28T00:04:19.266+0000] {dag.py:3239} INFO - Sync 1 DAGs
[2024-10-28T00:04:19.281+0000] {logging_mixin.py:190} INFO - [2024-10-28T00:04:19.281+0000] {dag.py:4180} INFO - Setting next_dagrun for example_dynamic_task_mapping to None, run_after=None
[2024-10-28T00:04:19.300+0000] {processor.py:208} INFO - Processing /home/airflow/.local/lib/python3.12/site-packages/airflow/example_dags/example_dynamic_task_mapping.py took 0.070 seconds
[2024-10-28T00:04:49.593+0000] {processor.py:186} INFO - Started process (PID=45855) to work on /home/airflow/.local/lib/python3.12/site-packages/airflow/example_dags/example_dynamic_task_mapping.py
[2024-10-28T00:04:49.594+0000] {processor.py:914} INFO - Processing file /home/airflow/.local/lib/python3.12/site-packages/airflow/example_dags/example_dynamic_task_mapping.py for tasks to queue
[2024-10-28T00:04:49.596+0000] {logging_mixin.py:190} INFO - [2024-10-28T00:04:49.595+0000] {dagbag.py:588} INFO - Filling up the DagBag from /home/airflow/.local/lib/python3.12/site-packages/airflow/example_dags/example_dynamic_task_mapping.py
[2024-10-28T00:04:49.607+0000] {processor.py:925} INFO - DAG(s) 'example_dynamic_task_mapping' retrieved from /home/airflow/.local/lib/python3.12/site-packages/airflow/example_dags/example_dynamic_task_mapping.py
[2024-10-28T00:04:49.630+0000] {logging_mixin.py:190} INFO - [2024-10-28T00:04:49.630+0000] {dag.py:3239} INFO - Sync 1 DAGs
[2024-10-28T00:04:49.648+0000] {logging_mixin.py:190} INFO - [2024-10-28T00:04:49.648+0000] {dag.py:4180} INFO - Setting next_dagrun for example_dynamic_task_mapping to None, run_after=None
[2024-10-28T00:04:49.676+0000] {processor.py:208} INFO - Processing /home/airflow/.local/lib/python3.12/site-packages/airflow/example_dags/example_dynamic_task_mapping.py took 0.091 seconds
[2024-10-28T00:05:20.482+0000] {processor.py:186} INFO - Started process (PID=45929) to work on /home/airflow/.local/lib/python3.12/site-packages/airflow/example_dags/example_dynamic_task_mapping.py
[2024-10-28T00:05:20.484+0000] {processor.py:914} INFO - Processing file /home/airflow/.local/lib/python3.12/site-packages/airflow/example_dags/example_dynamic_task_mapping.py for tasks to queue
[2024-10-28T00:05:20.485+0000] {logging_mixin.py:190} INFO - [2024-10-28T00:05:20.485+0000] {dagbag.py:588} INFO - Filling up the DagBag from /home/airflow/.local/lib/python3.12/site-packages/airflow/example_dags/example_dynamic_task_mapping.py
[2024-10-28T00:05:20.493+0000] {processor.py:925} INFO - DAG(s) 'example_dynamic_task_mapping' retrieved from /home/airflow/.local/lib/python3.12/site-packages/airflow/example_dags/example_dynamic_task_mapping.py
[2024-10-28T00:05:20.516+0000] {logging_mixin.py:190} INFO - [2024-10-28T00:05:20.515+0000] {dag.py:3239} INFO - Sync 1 DAGs
[2024-10-28T00:05:20.531+0000] {logging_mixin.py:190} INFO - [2024-10-28T00:05:20.530+0000] {dag.py:4180} INFO - Setting next_dagrun for example_dynamic_task_mapping to None, run_after=None
[2024-10-28T00:05:20.553+0000] {processor.py:208} INFO - Processing /home/airflow/.local/lib/python3.12/site-packages/airflow/example_dags/example_dynamic_task_mapping.py took 0.077 seconds
[2024-10-28T00:05:50.943+0000] {processor.py:186} INFO - Started process (PID=46003) to work on /home/airflow/.local/lib/python3.12/site-packages/airflow/example_dags/example_dynamic_task_mapping.py
[2024-10-28T00:05:50.944+0000] {processor.py:914} INFO - Processing file /home/airflow/.local/lib/python3.12/site-packages/airflow/example_dags/example_dynamic_task_mapping.py for tasks to queue
[2024-10-28T00:05:50.946+0000] {logging_mixin.py:190} INFO - [2024-10-28T00:05:50.946+0000] {dagbag.py:588} INFO - Filling up the DagBag from /home/airflow/.local/lib/python3.12/site-packages/airflow/example_dags/example_dynamic_task_mapping.py
[2024-10-28T00:05:50.955+0000] {processor.py:925} INFO - DAG(s) 'example_dynamic_task_mapping' retrieved from /home/airflow/.local/lib/python3.12/site-packages/airflow/example_dags/example_dynamic_task_mapping.py
[2024-10-28T00:05:50.973+0000] {logging_mixin.py:190} INFO - [2024-10-28T00:05:50.973+0000] {dag.py:3239} INFO - Sync 1 DAGs
[2024-10-28T00:05:50.986+0000] {logging_mixin.py:190} INFO - [2024-10-28T00:05:50.986+0000] {dag.py:4180} INFO - Setting next_dagrun for example_dynamic_task_mapping to None, run_after=None
[2024-10-28T00:05:51.009+0000] {processor.py:208} INFO - Processing /home/airflow/.local/lib/python3.12/site-packages/airflow/example_dags/example_dynamic_task_mapping.py took 0.071 seconds
[2024-10-28T00:06:21.332+0000] {processor.py:186} INFO - Started process (PID=46077) to work on /home/airflow/.local/lib/python3.12/site-packages/airflow/example_dags/example_dynamic_task_mapping.py
[2024-10-28T00:06:21.333+0000] {processor.py:914} INFO - Processing file /home/airflow/.local/lib/python3.12/site-packages/airflow/example_dags/example_dynamic_task_mapping.py for tasks to queue
[2024-10-28T00:06:21.335+0000] {logging_mixin.py:190} INFO - [2024-10-28T00:06:21.334+0000] {dagbag.py:588} INFO - Filling up the DagBag from /home/airflow/.local/lib/python3.12/site-packages/airflow/example_dags/example_dynamic_task_mapping.py
[2024-10-28T00:06:21.347+0000] {processor.py:925} INFO - DAG(s) 'example_dynamic_task_mapping' retrieved from /home/airflow/.local/lib/python3.12/site-packages/airflow/example_dags/example_dynamic_task_mapping.py
[2024-10-28T00:06:21.366+0000] {logging_mixin.py:190} INFO - [2024-10-28T00:06:21.365+0000] {dag.py:3239} INFO - Sync 1 DAGs
[2024-10-28T00:06:21.383+0000] {logging_mixin.py:190} INFO - [2024-10-28T00:06:21.383+0000] {dag.py:4180} INFO - Setting next_dagrun for example_dynamic_task_mapping to None, run_after=None
[2024-10-28T00:06:21.406+0000] {processor.py:208} INFO - Processing /home/airflow/.local/lib/python3.12/site-packages/airflow/example_dags/example_dynamic_task_mapping.py took 0.080 seconds
[2024-10-28T00:06:51.456+0000] {processor.py:186} INFO - Started process (PID=46151) to work on /home/airflow/.local/lib/python3.12/site-packages/airflow/example_dags/example_dynamic_task_mapping.py
[2024-10-28T00:06:51.457+0000] {processor.py:914} INFO - Processing file /home/airflow/.local/lib/python3.12/site-packages/airflow/example_dags/example_dynamic_task_mapping.py for tasks to queue
[2024-10-28T00:06:51.459+0000] {logging_mixin.py:190} INFO - [2024-10-28T00:06:51.458+0000] {dagbag.py:588} INFO - Filling up the DagBag from /home/airflow/.local/lib/python3.12/site-packages/airflow/example_dags/example_dynamic_task_mapping.py
[2024-10-28T00:06:51.467+0000] {processor.py:925} INFO - DAG(s) 'example_dynamic_task_mapping' retrieved from /home/airflow/.local/lib/python3.12/site-packages/airflow/example_dags/example_dynamic_task_mapping.py
[2024-10-28T00:06:51.485+0000] {logging_mixin.py:190} INFO - [2024-10-28T00:06:51.485+0000] {dag.py:3239} INFO - Sync 1 DAGs
[2024-10-28T00:06:51.498+0000] {logging_mixin.py:190} INFO - [2024-10-28T00:06:51.498+0000] {dag.py:4180} INFO - Setting next_dagrun for example_dynamic_task_mapping to None, run_after=None
[2024-10-28T00:06:51.517+0000] {processor.py:208} INFO - Processing /home/airflow/.local/lib/python3.12/site-packages/airflow/example_dags/example_dynamic_task_mapping.py took 0.067 seconds
[2024-10-28T00:07:21.906+0000] {processor.py:186} INFO - Started process (PID=46225) to work on /home/airflow/.local/lib/python3.12/site-packages/airflow/example_dags/example_dynamic_task_mapping.py
[2024-10-28T00:07:21.907+0000] {processor.py:914} INFO - Processing file /home/airflow/.local/lib/python3.12/site-packages/airflow/example_dags/example_dynamic_task_mapping.py for tasks to queue
[2024-10-28T00:07:21.909+0000] {logging_mixin.py:190} INFO - [2024-10-28T00:07:21.909+0000] {dagbag.py:588} INFO - Filling up the DagBag from /home/airflow/.local/lib/python3.12/site-packages/airflow/example_dags/example_dynamic_task_mapping.py
[2024-10-28T00:07:21.922+0000] {processor.py:925} INFO - DAG(s) 'example_dynamic_task_mapping' retrieved from /home/airflow/.local/lib/python3.12/site-packages/airflow/example_dags/example_dynamic_task_mapping.py
[2024-10-28T00:07:21.946+0000] {logging_mixin.py:190} INFO - [2024-10-28T00:07:21.945+0000] {dag.py:3239} INFO - Sync 1 DAGs
[2024-10-28T00:07:21.967+0000] {logging_mixin.py:190} INFO - [2024-10-28T00:07:21.967+0000] {dag.py:4180} INFO - Setting next_dagrun for example_dynamic_task_mapping to None, run_after=None
[2024-10-28T00:07:21.994+0000] {processor.py:208} INFO - Processing /home/airflow/.local/lib/python3.12/site-packages/airflow/example_dags/example_dynamic_task_mapping.py took 0.097 seconds
[2024-10-28T00:07:52.674+0000] {processor.py:186} INFO - Started process (PID=46300) to work on /home/airflow/.local/lib/python3.12/site-packages/airflow/example_dags/example_dynamic_task_mapping.py
[2024-10-28T00:07:52.676+0000] {processor.py:914} INFO - Processing file /home/airflow/.local/lib/python3.12/site-packages/airflow/example_dags/example_dynamic_task_mapping.py for tasks to queue
[2024-10-28T00:07:52.677+0000] {logging_mixin.py:190} INFO - [2024-10-28T00:07:52.677+0000] {dagbag.py:588} INFO - Filling up the DagBag from /home/airflow/.local/lib/python3.12/site-packages/airflow/example_dags/example_dynamic_task_mapping.py
[2024-10-28T00:07:52.685+0000] {processor.py:925} INFO - DAG(s) 'example_dynamic_task_mapping' retrieved from /home/airflow/.local/lib/python3.12/site-packages/airflow/example_dags/example_dynamic_task_mapping.py
[2024-10-28T00:07:52.704+0000] {logging_mixin.py:190} INFO - [2024-10-28T00:07:52.703+0000] {dag.py:3239} INFO - Sync 1 DAGs
[2024-10-28T00:07:52.718+0000] {logging_mixin.py:190} INFO - [2024-10-28T00:07:52.718+0000] {dag.py:4180} INFO - Setting next_dagrun for example_dynamic_task_mapping to None, run_after=None
[2024-10-28T00:07:52.736+0000] {processor.py:208} INFO - Processing /home/airflow/.local/lib/python3.12/site-packages/airflow/example_dags/example_dynamic_task_mapping.py took 0.067 seconds
[2024-10-28T00:08:23.229+0000] {processor.py:186} INFO - Started process (PID=46374) to work on /home/airflow/.local/lib/python3.12/site-packages/airflow/example_dags/example_dynamic_task_mapping.py
[2024-10-28T00:08:23.230+0000] {processor.py:914} INFO - Processing file /home/airflow/.local/lib/python3.12/site-packages/airflow/example_dags/example_dynamic_task_mapping.py for tasks to queue
[2024-10-28T00:08:23.231+0000] {logging_mixin.py:190} INFO - [2024-10-28T00:08:23.231+0000] {dagbag.py:588} INFO - Filling up the DagBag from /home/airflow/.local/lib/python3.12/site-packages/airflow/example_dags/example_dynamic_task_mapping.py
[2024-10-28T00:08:23.239+0000] {processor.py:925} INFO - DAG(s) 'example_dynamic_task_mapping' retrieved from /home/airflow/.local/lib/python3.12/site-packages/airflow/example_dags/example_dynamic_task_mapping.py
[2024-10-28T00:08:23.257+0000] {logging_mixin.py:190} INFO - [2024-10-28T00:08:23.257+0000] {dag.py:3239} INFO - Sync 1 DAGs
[2024-10-28T00:08:23.271+0000] {logging_mixin.py:190} INFO - [2024-10-28T00:08:23.271+0000] {dag.py:4180} INFO - Setting next_dagrun for example_dynamic_task_mapping to None, run_after=None
[2024-10-28T00:08:23.288+0000] {processor.py:208} INFO - Processing /home/airflow/.local/lib/python3.12/site-packages/airflow/example_dags/example_dynamic_task_mapping.py took 0.065 seconds
[2024-10-28T00:08:54.076+0000] {processor.py:186} INFO - Started process (PID=46448) to work on /home/airflow/.local/lib/python3.12/site-packages/airflow/example_dags/example_dynamic_task_mapping.py
[2024-10-28T00:08:54.077+0000] {processor.py:914} INFO - Processing file /home/airflow/.local/lib/python3.12/site-packages/airflow/example_dags/example_dynamic_task_mapping.py for tasks to queue
[2024-10-28T00:08:54.078+0000] {logging_mixin.py:190} INFO - [2024-10-28T00:08:54.078+0000] {dagbag.py:588} INFO - Filling up the DagBag from /home/airflow/.local/lib/python3.12/site-packages/airflow/example_dags/example_dynamic_task_mapping.py
[2024-10-28T00:08:54.086+0000] {processor.py:925} INFO - DAG(s) 'example_dynamic_task_mapping' retrieved from /home/airflow/.local/lib/python3.12/site-packages/airflow/example_dags/example_dynamic_task_mapping.py
[2024-10-28T00:08:54.104+0000] {logging_mixin.py:190} INFO - [2024-10-28T00:08:54.103+0000] {dag.py:3239} INFO - Sync 1 DAGs
[2024-10-28T00:08:54.117+0000] {logging_mixin.py:190} INFO - [2024-10-28T00:08:54.117+0000] {dag.py:4180} INFO - Setting next_dagrun for example_dynamic_task_mapping to None, run_after=None
[2024-10-28T00:08:54.135+0000] {processor.py:208} INFO - Processing /home/airflow/.local/lib/python3.12/site-packages/airflow/example_dags/example_dynamic_task_mapping.py took 0.064 seconds
[2024-10-28T00:09:24.541+0000] {processor.py:186} INFO - Started process (PID=46522) to work on /home/airflow/.local/lib/python3.12/site-packages/airflow/example_dags/example_dynamic_task_mapping.py
[2024-10-28T00:09:24.542+0000] {processor.py:914} INFO - Processing file /home/airflow/.local/lib/python3.12/site-packages/airflow/example_dags/example_dynamic_task_mapping.py for tasks to queue
[2024-10-28T00:09:24.543+0000] {logging_mixin.py:190} INFO - [2024-10-28T00:09:24.543+0000] {dagbag.py:588} INFO - Filling up the DagBag from /home/airflow/.local/lib/python3.12/site-packages/airflow/example_dags/example_dynamic_task_mapping.py
[2024-10-28T00:09:24.554+0000] {processor.py:925} INFO - DAG(s) 'example_dynamic_task_mapping' retrieved from /home/airflow/.local/lib/python3.12/site-packages/airflow/example_dags/example_dynamic_task_mapping.py
[2024-10-28T00:09:24.572+0000] {logging_mixin.py:190} INFO - [2024-10-28T00:09:24.572+0000] {dag.py:3239} INFO - Sync 1 DAGs
[2024-10-28T00:09:24.586+0000] {logging_mixin.py:190} INFO - [2024-10-28T00:09:24.586+0000] {dag.py:4180} INFO - Setting next_dagrun for example_dynamic_task_mapping to None, run_after=None
[2024-10-28T00:09:24.605+0000] {processor.py:208} INFO - Processing /home/airflow/.local/lib/python3.12/site-packages/airflow/example_dags/example_dynamic_task_mapping.py took 0.070 seconds
[2024-10-28T00:09:54.677+0000] {processor.py:186} INFO - Started process (PID=46596) to work on /home/airflow/.local/lib/python3.12/site-packages/airflow/example_dags/example_dynamic_task_mapping.py
[2024-10-28T00:09:54.678+0000] {processor.py:914} INFO - Processing file /home/airflow/.local/lib/python3.12/site-packages/airflow/example_dags/example_dynamic_task_mapping.py for tasks to queue
[2024-10-28T00:09:54.680+0000] {logging_mixin.py:190} INFO - [2024-10-28T00:09:54.680+0000] {dagbag.py:588} INFO - Filling up the DagBag from /home/airflow/.local/lib/python3.12/site-packages/airflow/example_dags/example_dynamic_task_mapping.py
[2024-10-28T00:09:54.688+0000] {processor.py:925} INFO - DAG(s) 'example_dynamic_task_mapping' retrieved from /home/airflow/.local/lib/python3.12/site-packages/airflow/example_dags/example_dynamic_task_mapping.py
[2024-10-28T00:09:54.708+0000] {logging_mixin.py:190} INFO - [2024-10-28T00:09:54.707+0000] {dag.py:3239} INFO - Sync 1 DAGs
[2024-10-28T00:09:54.722+0000] {logging_mixin.py:190} INFO - [2024-10-28T00:09:54.722+0000] {dag.py:4180} INFO - Setting next_dagrun for example_dynamic_task_mapping to None, run_after=None
[2024-10-28T00:09:54.749+0000] {processor.py:208} INFO - Processing /home/airflow/.local/lib/python3.12/site-packages/airflow/example_dags/example_dynamic_task_mapping.py took 0.078 seconds
[2024-10-28T00:10:24.832+0000] {processor.py:186} INFO - Started process (PID=46670) to work on /home/airflow/.local/lib/python3.12/site-packages/airflow/example_dags/example_dynamic_task_mapping.py
[2024-10-28T00:10:24.833+0000] {processor.py:914} INFO - Processing file /home/airflow/.local/lib/python3.12/site-packages/airflow/example_dags/example_dynamic_task_mapping.py for tasks to queue
[2024-10-28T00:10:24.835+0000] {logging_mixin.py:190} INFO - [2024-10-28T00:10:24.835+0000] {dagbag.py:588} INFO - Filling up the DagBag from /home/airflow/.local/lib/python3.12/site-packages/airflow/example_dags/example_dynamic_task_mapping.py
[2024-10-28T00:10:24.844+0000] {processor.py:925} INFO - DAG(s) 'example_dynamic_task_mapping' retrieved from /home/airflow/.local/lib/python3.12/site-packages/airflow/example_dags/example_dynamic_task_mapping.py
[2024-10-28T00:10:24.866+0000] {logging_mixin.py:190} INFO - [2024-10-28T00:10:24.866+0000] {dag.py:3239} INFO - Sync 1 DAGs
[2024-10-28T00:10:24.882+0000] {logging_mixin.py:190} INFO - [2024-10-28T00:10:24.882+0000] {dag.py:4180} INFO - Setting next_dagrun for example_dynamic_task_mapping to None, run_after=None
[2024-10-28T00:10:24.902+0000] {processor.py:208} INFO - Processing /home/airflow/.local/lib/python3.12/site-packages/airflow/example_dags/example_dynamic_task_mapping.py took 0.076 seconds
[2024-10-28T00:10:54.956+0000] {processor.py:186} INFO - Started process (PID=46743) to work on /home/airflow/.local/lib/python3.12/site-packages/airflow/example_dags/example_dynamic_task_mapping.py
[2024-10-28T00:10:54.957+0000] {processor.py:914} INFO - Processing file /home/airflow/.local/lib/python3.12/site-packages/airflow/example_dags/example_dynamic_task_mapping.py for tasks to queue
[2024-10-28T00:10:54.958+0000] {logging_mixin.py:190} INFO - [2024-10-28T00:10:54.958+0000] {dagbag.py:588} INFO - Filling up the DagBag from /home/airflow/.local/lib/python3.12/site-packages/airflow/example_dags/example_dynamic_task_mapping.py
[2024-10-28T00:10:54.966+0000] {processor.py:925} INFO - DAG(s) 'example_dynamic_task_mapping' retrieved from /home/airflow/.local/lib/python3.12/site-packages/airflow/example_dags/example_dynamic_task_mapping.py
[2024-10-28T00:10:54.987+0000] {logging_mixin.py:190} INFO - [2024-10-28T00:10:54.987+0000] {dag.py:3239} INFO - Sync 1 DAGs
[2024-10-28T00:10:55.000+0000] {logging_mixin.py:190} INFO - [2024-10-28T00:10:55.000+0000] {dag.py:4180} INFO - Setting next_dagrun for example_dynamic_task_mapping to None, run_after=None
[2024-10-28T00:10:55.022+0000] {processor.py:208} INFO - Processing /home/airflow/.local/lib/python3.12/site-packages/airflow/example_dags/example_dynamic_task_mapping.py took 0.072 seconds
[2024-10-28T00:11:25.410+0000] {processor.py:186} INFO - Started process (PID=46818) to work on /home/airflow/.local/lib/python3.12/site-packages/airflow/example_dags/example_dynamic_task_mapping.py
[2024-10-28T00:11:25.411+0000] {processor.py:914} INFO - Processing file /home/airflow/.local/lib/python3.12/site-packages/airflow/example_dags/example_dynamic_task_mapping.py for tasks to queue
[2024-10-28T00:11:25.413+0000] {logging_mixin.py:190} INFO - [2024-10-28T00:11:25.412+0000] {dagbag.py:588} INFO - Filling up the DagBag from /home/airflow/.local/lib/python3.12/site-packages/airflow/example_dags/example_dynamic_task_mapping.py
[2024-10-28T00:11:25.424+0000] {processor.py:925} INFO - DAG(s) 'example_dynamic_task_mapping' retrieved from /home/airflow/.local/lib/python3.12/site-packages/airflow/example_dags/example_dynamic_task_mapping.py
[2024-10-28T00:11:25.444+0000] {logging_mixin.py:190} INFO - [2024-10-28T00:11:25.444+0000] {dag.py:3239} INFO - Sync 1 DAGs
[2024-10-28T00:11:25.458+0000] {logging_mixin.py:190} INFO - [2024-10-28T00:11:25.457+0000] {dag.py:4180} INFO - Setting next_dagrun for example_dynamic_task_mapping to None, run_after=None
[2024-10-28T00:11:25.476+0000] {processor.py:208} INFO - Processing /home/airflow/.local/lib/python3.12/site-packages/airflow/example_dags/example_dynamic_task_mapping.py took 0.073 seconds
[2024-10-28T00:11:56.180+0000] {processor.py:186} INFO - Started process (PID=46892) to work on /home/airflow/.local/lib/python3.12/site-packages/airflow/example_dags/example_dynamic_task_mapping.py
[2024-10-28T00:11:56.181+0000] {processor.py:914} INFO - Processing file /home/airflow/.local/lib/python3.12/site-packages/airflow/example_dags/example_dynamic_task_mapping.py for tasks to queue
[2024-10-28T00:11:56.183+0000] {logging_mixin.py:190} INFO - [2024-10-28T00:11:56.182+0000] {dagbag.py:588} INFO - Filling up the DagBag from /home/airflow/.local/lib/python3.12/site-packages/airflow/example_dags/example_dynamic_task_mapping.py
[2024-10-28T00:11:56.191+0000] {processor.py:925} INFO - DAG(s) 'example_dynamic_task_mapping' retrieved from /home/airflow/.local/lib/python3.12/site-packages/airflow/example_dags/example_dynamic_task_mapping.py
[2024-10-28T00:11:56.209+0000] {logging_mixin.py:190} INFO - [2024-10-28T00:11:56.209+0000] {dag.py:3239} INFO - Sync 1 DAGs
[2024-10-28T00:11:56.222+0000] {logging_mixin.py:190} INFO - [2024-10-28T00:11:56.222+0000] {dag.py:4180} INFO - Setting next_dagrun for example_dynamic_task_mapping to None, run_after=None
[2024-10-28T00:11:56.240+0000] {processor.py:208} INFO - Processing /home/airflow/.local/lib/python3.12/site-packages/airflow/example_dags/example_dynamic_task_mapping.py took 0.066 seconds
[2024-10-28T00:12:26.288+0000] {processor.py:186} INFO - Started process (PID=46965) to work on /home/airflow/.local/lib/python3.12/site-packages/airflow/example_dags/example_dynamic_task_mapping.py
[2024-10-28T00:12:26.289+0000] {processor.py:914} INFO - Processing file /home/airflow/.local/lib/python3.12/site-packages/airflow/example_dags/example_dynamic_task_mapping.py for tasks to queue
[2024-10-28T00:12:26.291+0000] {logging_mixin.py:190} INFO - [2024-10-28T00:12:26.290+0000] {dagbag.py:588} INFO - Filling up the DagBag from /home/airflow/.local/lib/python3.12/site-packages/airflow/example_dags/example_dynamic_task_mapping.py
[2024-10-28T00:12:26.299+0000] {processor.py:925} INFO - DAG(s) 'example_dynamic_task_mapping' retrieved from /home/airflow/.local/lib/python3.12/site-packages/airflow/example_dags/example_dynamic_task_mapping.py
[2024-10-28T00:12:26.316+0000] {logging_mixin.py:190} INFO - [2024-10-28T00:12:26.316+0000] {dag.py:3239} INFO - Sync 1 DAGs
[2024-10-28T00:12:26.330+0000] {logging_mixin.py:190} INFO - [2024-10-28T00:12:26.329+0000] {dag.py:4180} INFO - Setting next_dagrun for example_dynamic_task_mapping to None, run_after=None
[2024-10-28T00:12:26.357+0000] {processor.py:208} INFO - Processing /home/airflow/.local/lib/python3.12/site-packages/airflow/example_dags/example_dynamic_task_mapping.py took 0.074 seconds
[2024-10-28T00:12:56.941+0000] {processor.py:186} INFO - Started process (PID=47039) to work on /home/airflow/.local/lib/python3.12/site-packages/airflow/example_dags/example_dynamic_task_mapping.py
[2024-10-28T00:12:56.942+0000] {processor.py:914} INFO - Processing file /home/airflow/.local/lib/python3.12/site-packages/airflow/example_dags/example_dynamic_task_mapping.py for tasks to queue
[2024-10-28T00:12:56.943+0000] {logging_mixin.py:190} INFO - [2024-10-28T00:12:56.943+0000] {dagbag.py:588} INFO - Filling up the DagBag from /home/airflow/.local/lib/python3.12/site-packages/airflow/example_dags/example_dynamic_task_mapping.py
[2024-10-28T00:12:56.951+0000] {processor.py:925} INFO - DAG(s) 'example_dynamic_task_mapping' retrieved from /home/airflow/.local/lib/python3.12/site-packages/airflow/example_dags/example_dynamic_task_mapping.py
[2024-10-28T00:12:56.969+0000] {logging_mixin.py:190} INFO - [2024-10-28T00:12:56.968+0000] {dag.py:3239} INFO - Sync 1 DAGs
[2024-10-28T00:12:56.982+0000] {logging_mixin.py:190} INFO - [2024-10-28T00:12:56.982+0000] {dag.py:4180} INFO - Setting next_dagrun for example_dynamic_task_mapping to None, run_after=None
[2024-10-28T00:12:57.001+0000] {processor.py:208} INFO - Processing /home/airflow/.local/lib/python3.12/site-packages/airflow/example_dags/example_dynamic_task_mapping.py took 0.065 seconds
[2024-10-28T00:13:27.299+0000] {processor.py:186} INFO - Started process (PID=47113) to work on /home/airflow/.local/lib/python3.12/site-packages/airflow/example_dags/example_dynamic_task_mapping.py
[2024-10-28T00:13:27.300+0000] {processor.py:914} INFO - Processing file /home/airflow/.local/lib/python3.12/site-packages/airflow/example_dags/example_dynamic_task_mapping.py for tasks to queue
[2024-10-28T00:13:27.301+0000] {logging_mixin.py:190} INFO - [2024-10-28T00:13:27.301+0000] {dagbag.py:588} INFO - Filling up the DagBag from /home/airflow/.local/lib/python3.12/site-packages/airflow/example_dags/example_dynamic_task_mapping.py
[2024-10-28T00:13:27.309+0000] {processor.py:925} INFO - DAG(s) 'example_dynamic_task_mapping' retrieved from /home/airflow/.local/lib/python3.12/site-packages/airflow/example_dags/example_dynamic_task_mapping.py
[2024-10-28T00:13:27.327+0000] {logging_mixin.py:190} INFO - [2024-10-28T00:13:27.327+0000] {dag.py:3239} INFO - Sync 1 DAGs
[2024-10-28T00:13:27.340+0000] {logging_mixin.py:190} INFO - [2024-10-28T00:13:27.340+0000] {dag.py:4180} INFO - Setting next_dagrun for example_dynamic_task_mapping to None, run_after=None
[2024-10-28T00:13:27.358+0000] {processor.py:208} INFO - Processing /home/airflow/.local/lib/python3.12/site-packages/airflow/example_dags/example_dynamic_task_mapping.py took 0.064 seconds
[2024-10-28T00:13:57.813+0000] {processor.py:186} INFO - Started process (PID=47187) to work on /home/airflow/.local/lib/python3.12/site-packages/airflow/example_dags/example_dynamic_task_mapping.py
[2024-10-28T00:13:57.814+0000] {processor.py:914} INFO - Processing file /home/airflow/.local/lib/python3.12/site-packages/airflow/example_dags/example_dynamic_task_mapping.py for tasks to queue
[2024-10-28T00:13:57.816+0000] {logging_mixin.py:190} INFO - [2024-10-28T00:13:57.816+0000] {dagbag.py:588} INFO - Filling up the DagBag from /home/airflow/.local/lib/python3.12/site-packages/airflow/example_dags/example_dynamic_task_mapping.py
[2024-10-28T00:13:57.824+0000] {processor.py:925} INFO - DAG(s) 'example_dynamic_task_mapping' retrieved from /home/airflow/.local/lib/python3.12/site-packages/airflow/example_dags/example_dynamic_task_mapping.py
[2024-10-28T00:13:57.842+0000] {logging_mixin.py:190} INFO - [2024-10-28T00:13:57.842+0000] {dag.py:3239} INFO - Sync 1 DAGs
[2024-10-28T00:13:57.856+0000] {logging_mixin.py:190} INFO - [2024-10-28T00:13:57.855+0000] {dag.py:4180} INFO - Setting next_dagrun for example_dynamic_task_mapping to None, run_after=None
[2024-10-28T00:13:57.874+0000] {processor.py:208} INFO - Processing /home/airflow/.local/lib/python3.12/site-packages/airflow/example_dags/example_dynamic_task_mapping.py took 0.066 seconds
[2024-10-28T00:14:28.413+0000] {processor.py:186} INFO - Started process (PID=47250) to work on /home/airflow/.local/lib/python3.12/site-packages/airflow/example_dags/example_dynamic_task_mapping.py
[2024-10-28T00:14:28.415+0000] {processor.py:914} INFO - Processing file /home/airflow/.local/lib/python3.12/site-packages/airflow/example_dags/example_dynamic_task_mapping.py for tasks to queue
[2024-10-28T00:14:28.416+0000] {logging_mixin.py:190} INFO - [2024-10-28T00:14:28.416+0000] {dagbag.py:588} INFO - Filling up the DagBag from /home/airflow/.local/lib/python3.12/site-packages/airflow/example_dags/example_dynamic_task_mapping.py
[2024-10-28T00:14:28.425+0000] {processor.py:925} INFO - DAG(s) 'example_dynamic_task_mapping' retrieved from /home/airflow/.local/lib/python3.12/site-packages/airflow/example_dags/example_dynamic_task_mapping.py
[2024-10-28T00:14:28.444+0000] {logging_mixin.py:190} INFO - [2024-10-28T00:14:28.443+0000] {dag.py:3239} INFO - Sync 1 DAGs
[2024-10-28T00:14:28.457+0000] {logging_mixin.py:190} INFO - [2024-10-28T00:14:28.457+0000] {dag.py:4180} INFO - Setting next_dagrun for example_dynamic_task_mapping to None, run_after=None
[2024-10-28T00:14:28.475+0000] {processor.py:208} INFO - Processing /home/airflow/.local/lib/python3.12/site-packages/airflow/example_dags/example_dynamic_task_mapping.py took 0.068 seconds
[2024-10-28T00:14:58.547+0000] {processor.py:186} INFO - Started process (PID=47323) to work on /home/airflow/.local/lib/python3.12/site-packages/airflow/example_dags/example_dynamic_task_mapping.py
[2024-10-28T00:14:58.548+0000] {processor.py:914} INFO - Processing file /home/airflow/.local/lib/python3.12/site-packages/airflow/example_dags/example_dynamic_task_mapping.py for tasks to queue
[2024-10-28T00:14:58.550+0000] {logging_mixin.py:190} INFO - [2024-10-28T00:14:58.549+0000] {dagbag.py:588} INFO - Filling up the DagBag from /home/airflow/.local/lib/python3.12/site-packages/airflow/example_dags/example_dynamic_task_mapping.py
[2024-10-28T00:14:58.558+0000] {processor.py:925} INFO - DAG(s) 'example_dynamic_task_mapping' retrieved from /home/airflow/.local/lib/python3.12/site-packages/airflow/example_dags/example_dynamic_task_mapping.py
[2024-10-28T00:14:58.576+0000] {logging_mixin.py:190} INFO - [2024-10-28T00:14:58.576+0000] {dag.py:3239} INFO - Sync 1 DAGs
[2024-10-28T00:14:58.590+0000] {logging_mixin.py:190} INFO - [2024-10-28T00:14:58.590+0000] {dag.py:4180} INFO - Setting next_dagrun for example_dynamic_task_mapping to None, run_after=None
[2024-10-28T00:14:58.610+0000] {processor.py:208} INFO - Processing /home/airflow/.local/lib/python3.12/site-packages/airflow/example_dags/example_dynamic_task_mapping.py took 0.068 seconds
[2024-10-28T00:15:28.961+0000] {processor.py:186} INFO - Started process (PID=47397) to work on /home/airflow/.local/lib/python3.12/site-packages/airflow/example_dags/example_dynamic_task_mapping.py
[2024-10-28T00:15:28.962+0000] {processor.py:914} INFO - Processing file /home/airflow/.local/lib/python3.12/site-packages/airflow/example_dags/example_dynamic_task_mapping.py for tasks to queue
[2024-10-28T00:15:28.963+0000] {logging_mixin.py:190} INFO - [2024-10-28T00:15:28.963+0000] {dagbag.py:588} INFO - Filling up the DagBag from /home/airflow/.local/lib/python3.12/site-packages/airflow/example_dags/example_dynamic_task_mapping.py
[2024-10-28T00:15:28.971+0000] {processor.py:925} INFO - DAG(s) 'example_dynamic_task_mapping' retrieved from /home/airflow/.local/lib/python3.12/site-packages/airflow/example_dags/example_dynamic_task_mapping.py
[2024-10-28T00:15:28.989+0000] {logging_mixin.py:190} INFO - [2024-10-28T00:15:28.989+0000] {dag.py:3239} INFO - Sync 1 DAGs
[2024-10-28T00:15:29.002+0000] {logging_mixin.py:190} INFO - [2024-10-28T00:15:29.002+0000] {dag.py:4180} INFO - Setting next_dagrun for example_dynamic_task_mapping to None, run_after=None
[2024-10-28T00:15:29.020+0000] {processor.py:208} INFO - Processing /home/airflow/.local/lib/python3.12/site-packages/airflow/example_dags/example_dynamic_task_mapping.py took 0.065 seconds
[2024-10-28T00:15:59.359+0000] {processor.py:186} INFO - Started process (PID=47471) to work on /home/airflow/.local/lib/python3.12/site-packages/airflow/example_dags/example_dynamic_task_mapping.py
[2024-10-28T00:15:59.360+0000] {processor.py:914} INFO - Processing file /home/airflow/.local/lib/python3.12/site-packages/airflow/example_dags/example_dynamic_task_mapping.py for tasks to queue
[2024-10-28T00:15:59.362+0000] {logging_mixin.py:190} INFO - [2024-10-28T00:15:59.361+0000] {dagbag.py:588} INFO - Filling up the DagBag from /home/airflow/.local/lib/python3.12/site-packages/airflow/example_dags/example_dynamic_task_mapping.py
[2024-10-28T00:15:59.371+0000] {processor.py:925} INFO - DAG(s) 'example_dynamic_task_mapping' retrieved from /home/airflow/.local/lib/python3.12/site-packages/airflow/example_dags/example_dynamic_task_mapping.py
[2024-10-28T00:15:59.391+0000] {logging_mixin.py:190} INFO - [2024-10-28T00:15:59.390+0000] {dag.py:3239} INFO - Sync 1 DAGs
[2024-10-28T00:15:59.409+0000] {logging_mixin.py:190} INFO - [2024-10-28T00:15:59.408+0000] {dag.py:4180} INFO - Setting next_dagrun for example_dynamic_task_mapping to None, run_after=None
[2024-10-28T00:15:59.429+0000] {processor.py:208} INFO - Processing /home/airflow/.local/lib/python3.12/site-packages/airflow/example_dags/example_dynamic_task_mapping.py took 0.076 seconds
[2024-10-28T00:16:30.361+0000] {processor.py:186} INFO - Started process (PID=47545) to work on /home/airflow/.local/lib/python3.12/site-packages/airflow/example_dags/example_dynamic_task_mapping.py
[2024-10-28T00:16:30.362+0000] {processor.py:914} INFO - Processing file /home/airflow/.local/lib/python3.12/site-packages/airflow/example_dags/example_dynamic_task_mapping.py for tasks to queue
[2024-10-28T00:16:30.364+0000] {logging_mixin.py:190} INFO - [2024-10-28T00:16:30.363+0000] {dagbag.py:588} INFO - Filling up the DagBag from /home/airflow/.local/lib/python3.12/site-packages/airflow/example_dags/example_dynamic_task_mapping.py
[2024-10-28T00:16:30.371+0000] {processor.py:925} INFO - DAG(s) 'example_dynamic_task_mapping' retrieved from /home/airflow/.local/lib/python3.12/site-packages/airflow/example_dags/example_dynamic_task_mapping.py
[2024-10-28T00:16:30.389+0000] {logging_mixin.py:190} INFO - [2024-10-28T00:16:30.389+0000] {dag.py:3239} INFO - Sync 1 DAGs
[2024-10-28T00:16:30.402+0000] {logging_mixin.py:190} INFO - [2024-10-28T00:16:30.402+0000] {dag.py:4180} INFO - Setting next_dagrun for example_dynamic_task_mapping to None, run_after=None
[2024-10-28T00:16:30.420+0000] {processor.py:208} INFO - Processing /home/airflow/.local/lib/python3.12/site-packages/airflow/example_dags/example_dynamic_task_mapping.py took 0.064 seconds
[2024-10-28T00:17:01.285+0000] {processor.py:186} INFO - Started process (PID=47619) to work on /home/airflow/.local/lib/python3.12/site-packages/airflow/example_dags/example_dynamic_task_mapping.py
[2024-10-28T00:17:01.286+0000] {processor.py:914} INFO - Processing file /home/airflow/.local/lib/python3.12/site-packages/airflow/example_dags/example_dynamic_task_mapping.py for tasks to queue
[2024-10-28T00:17:01.287+0000] {logging_mixin.py:190} INFO - [2024-10-28T00:17:01.287+0000] {dagbag.py:588} INFO - Filling up the DagBag from /home/airflow/.local/lib/python3.12/site-packages/airflow/example_dags/example_dynamic_task_mapping.py
[2024-10-28T00:17:01.295+0000] {processor.py:925} INFO - DAG(s) 'example_dynamic_task_mapping' retrieved from /home/airflow/.local/lib/python3.12/site-packages/airflow/example_dags/example_dynamic_task_mapping.py
[2024-10-28T00:17:01.313+0000] {logging_mixin.py:190} INFO - [2024-10-28T00:17:01.313+0000] {dag.py:3239} INFO - Sync 1 DAGs
[2024-10-28T00:17:01.325+0000] {logging_mixin.py:190} INFO - [2024-10-28T00:17:01.325+0000] {dag.py:4180} INFO - Setting next_dagrun for example_dynamic_task_mapping to None, run_after=None
[2024-10-28T00:17:01.342+0000] {processor.py:208} INFO - Processing /home/airflow/.local/lib/python3.12/site-packages/airflow/example_dags/example_dynamic_task_mapping.py took 0.063 seconds
[2024-10-28T00:17:31.891+0000] {processor.py:186} INFO - Started process (PID=47693) to work on /home/airflow/.local/lib/python3.12/site-packages/airflow/example_dags/example_dynamic_task_mapping.py
[2024-10-28T00:17:31.893+0000] {processor.py:914} INFO - Processing file /home/airflow/.local/lib/python3.12/site-packages/airflow/example_dags/example_dynamic_task_mapping.py for tasks to queue
[2024-10-28T00:17:31.895+0000] {logging_mixin.py:190} INFO - [2024-10-28T00:17:31.894+0000] {dagbag.py:588} INFO - Filling up the DagBag from /home/airflow/.local/lib/python3.12/site-packages/airflow/example_dags/example_dynamic_task_mapping.py
[2024-10-28T00:17:31.906+0000] {processor.py:925} INFO - DAG(s) 'example_dynamic_task_mapping' retrieved from /home/airflow/.local/lib/python3.12/site-packages/airflow/example_dags/example_dynamic_task_mapping.py
[2024-10-28T00:17:31.930+0000] {logging_mixin.py:190} INFO - [2024-10-28T00:17:31.930+0000] {dag.py:3239} INFO - Sync 1 DAGs
[2024-10-28T00:17:31.948+0000] {logging_mixin.py:190} INFO - [2024-10-28T00:17:31.948+0000] {dag.py:4180} INFO - Setting next_dagrun for example_dynamic_task_mapping to None, run_after=None
[2024-10-28T00:17:31.973+0000] {processor.py:208} INFO - Processing /home/airflow/.local/lib/python3.12/site-packages/airflow/example_dags/example_dynamic_task_mapping.py took 0.088 seconds
[2024-10-28T00:18:02.214+0000] {processor.py:186} INFO - Started process (PID=47767) to work on /home/airflow/.local/lib/python3.12/site-packages/airflow/example_dags/example_dynamic_task_mapping.py
[2024-10-28T00:18:02.215+0000] {processor.py:914} INFO - Processing file /home/airflow/.local/lib/python3.12/site-packages/airflow/example_dags/example_dynamic_task_mapping.py for tasks to queue
[2024-10-28T00:18:02.217+0000] {logging_mixin.py:190} INFO - [2024-10-28T00:18:02.217+0000] {dagbag.py:588} INFO - Filling up the DagBag from /home/airflow/.local/lib/python3.12/site-packages/airflow/example_dags/example_dynamic_task_mapping.py
[2024-10-28T00:18:02.227+0000] {processor.py:925} INFO - DAG(s) 'example_dynamic_task_mapping' retrieved from /home/airflow/.local/lib/python3.12/site-packages/airflow/example_dags/example_dynamic_task_mapping.py
[2024-10-28T00:18:02.250+0000] {logging_mixin.py:190} INFO - [2024-10-28T00:18:02.249+0000] {dag.py:3239} INFO - Sync 1 DAGs
[2024-10-28T00:18:02.268+0000] {logging_mixin.py:190} INFO - [2024-10-28T00:18:02.268+0000] {dag.py:4180} INFO - Setting next_dagrun for example_dynamic_task_mapping to None, run_after=None
[2024-10-28T00:18:02.294+0000] {processor.py:208} INFO - Processing /home/airflow/.local/lib/python3.12/site-packages/airflow/example_dags/example_dynamic_task_mapping.py took 0.087 seconds
[2024-10-28T00:18:32.916+0000] {processor.py:186} INFO - Started process (PID=47841) to work on /home/airflow/.local/lib/python3.12/site-packages/airflow/example_dags/example_dynamic_task_mapping.py
[2024-10-28T00:18:32.919+0000] {processor.py:914} INFO - Processing file /home/airflow/.local/lib/python3.12/site-packages/airflow/example_dags/example_dynamic_task_mapping.py for tasks to queue
[2024-10-28T00:18:32.921+0000] {logging_mixin.py:190} INFO - [2024-10-28T00:18:32.920+0000] {dagbag.py:588} INFO - Filling up the DagBag from /home/airflow/.local/lib/python3.12/site-packages/airflow/example_dags/example_dynamic_task_mapping.py
[2024-10-28T00:18:32.928+0000] {processor.py:925} INFO - DAG(s) 'example_dynamic_task_mapping' retrieved from /home/airflow/.local/lib/python3.12/site-packages/airflow/example_dags/example_dynamic_task_mapping.py
[2024-10-28T00:18:32.949+0000] {logging_mixin.py:190} INFO - [2024-10-28T00:18:32.949+0000] {dag.py:3239} INFO - Sync 1 DAGs
[2024-10-28T00:18:32.964+0000] {logging_mixin.py:190} INFO - [2024-10-28T00:18:32.964+0000] {dag.py:4180} INFO - Setting next_dagrun for example_dynamic_task_mapping to None, run_after=None
[2024-10-28T00:18:32.985+0000] {processor.py:208} INFO - Processing /home/airflow/.local/lib/python3.12/site-packages/airflow/example_dags/example_dynamic_task_mapping.py took 0.077 seconds
[2024-10-28T00:19:03.223+0000] {processor.py:186} INFO - Started process (PID=47915) to work on /home/airflow/.local/lib/python3.12/site-packages/airflow/example_dags/example_dynamic_task_mapping.py
[2024-10-28T00:19:03.224+0000] {processor.py:914} INFO - Processing file /home/airflow/.local/lib/python3.12/site-packages/airflow/example_dags/example_dynamic_task_mapping.py for tasks to queue
[2024-10-28T00:19:03.225+0000] {logging_mixin.py:190} INFO - [2024-10-28T00:19:03.225+0000] {dagbag.py:588} INFO - Filling up the DagBag from /home/airflow/.local/lib/python3.12/site-packages/airflow/example_dags/example_dynamic_task_mapping.py
[2024-10-28T00:19:03.236+0000] {processor.py:925} INFO - DAG(s) 'example_dynamic_task_mapping' retrieved from /home/airflow/.local/lib/python3.12/site-packages/airflow/example_dags/example_dynamic_task_mapping.py
[2024-10-28T00:19:03.258+0000] {logging_mixin.py:190} INFO - [2024-10-28T00:19:03.258+0000] {dag.py:3239} INFO - Sync 1 DAGs
[2024-10-28T00:19:03.272+0000] {logging_mixin.py:190} INFO - [2024-10-28T00:19:03.272+0000] {dag.py:4180} INFO - Setting next_dagrun for example_dynamic_task_mapping to None, run_after=None
[2024-10-28T00:19:03.291+0000] {processor.py:208} INFO - Processing /home/airflow/.local/lib/python3.12/site-packages/airflow/example_dags/example_dynamic_task_mapping.py took 0.076 seconds
[2024-10-28T00:19:33.684+0000] {processor.py:186} INFO - Started process (PID=47989) to work on /home/airflow/.local/lib/python3.12/site-packages/airflow/example_dags/example_dynamic_task_mapping.py
[2024-10-28T00:19:33.686+0000] {processor.py:914} INFO - Processing file /home/airflow/.local/lib/python3.12/site-packages/airflow/example_dags/example_dynamic_task_mapping.py for tasks to queue
[2024-10-28T00:19:33.688+0000] {logging_mixin.py:190} INFO - [2024-10-28T00:19:33.687+0000] {dagbag.py:588} INFO - Filling up the DagBag from /home/airflow/.local/lib/python3.12/site-packages/airflow/example_dags/example_dynamic_task_mapping.py
[2024-10-28T00:19:33.699+0000] {processor.py:925} INFO - DAG(s) 'example_dynamic_task_mapping' retrieved from /home/airflow/.local/lib/python3.12/site-packages/airflow/example_dags/example_dynamic_task_mapping.py
[2024-10-28T00:19:33.721+0000] {logging_mixin.py:190} INFO - [2024-10-28T00:19:33.721+0000] {dag.py:3239} INFO - Sync 1 DAGs
[2024-10-28T00:19:33.740+0000] {logging_mixin.py:190} INFO - [2024-10-28T00:19:33.739+0000] {dag.py:4180} INFO - Setting next_dagrun for example_dynamic_task_mapping to None, run_after=None
[2024-10-28T00:19:33.766+0000] {processor.py:208} INFO - Processing /home/airflow/.local/lib/python3.12/site-packages/airflow/example_dags/example_dynamic_task_mapping.py took 0.088 seconds
[2024-10-28T00:20:04.402+0000] {processor.py:186} INFO - Started process (PID=48063) to work on /home/airflow/.local/lib/python3.12/site-packages/airflow/example_dags/example_dynamic_task_mapping.py
[2024-10-28T00:20:04.404+0000] {processor.py:914} INFO - Processing file /home/airflow/.local/lib/python3.12/site-packages/airflow/example_dags/example_dynamic_task_mapping.py for tasks to queue
[2024-10-28T00:20:04.407+0000] {logging_mixin.py:190} INFO - [2024-10-28T00:20:04.407+0000] {dagbag.py:588} INFO - Filling up the DagBag from /home/airflow/.local/lib/python3.12/site-packages/airflow/example_dags/example_dynamic_task_mapping.py
[2024-10-28T00:20:04.418+0000] {processor.py:925} INFO - DAG(s) 'example_dynamic_task_mapping' retrieved from /home/airflow/.local/lib/python3.12/site-packages/airflow/example_dags/example_dynamic_task_mapping.py
[2024-10-28T00:20:04.449+0000] {logging_mixin.py:190} INFO - [2024-10-28T00:20:04.448+0000] {dag.py:3239} INFO - Sync 1 DAGs
[2024-10-28T00:20:04.475+0000] {logging_mixin.py:190} INFO - [2024-10-28T00:20:04.475+0000] {dag.py:4180} INFO - Setting next_dagrun for example_dynamic_task_mapping to None, run_after=None
[2024-10-28T00:20:04.504+0000] {processor.py:208} INFO - Processing /home/airflow/.local/lib/python3.12/site-packages/airflow/example_dags/example_dynamic_task_mapping.py took 0.111 seconds
[2024-10-28T00:20:34.807+0000] {processor.py:186} INFO - Started process (PID=48137) to work on /home/airflow/.local/lib/python3.12/site-packages/airflow/example_dags/example_dynamic_task_mapping.py
[2024-10-28T00:20:34.809+0000] {processor.py:914} INFO - Processing file /home/airflow/.local/lib/python3.12/site-packages/airflow/example_dags/example_dynamic_task_mapping.py for tasks to queue
[2024-10-28T00:20:34.810+0000] {logging_mixin.py:190} INFO - [2024-10-28T00:20:34.810+0000] {dagbag.py:588} INFO - Filling up the DagBag from /home/airflow/.local/lib/python3.12/site-packages/airflow/example_dags/example_dynamic_task_mapping.py
[2024-10-28T00:20:34.819+0000] {processor.py:925} INFO - DAG(s) 'example_dynamic_task_mapping' retrieved from /home/airflow/.local/lib/python3.12/site-packages/airflow/example_dags/example_dynamic_task_mapping.py
[2024-10-28T00:20:34.844+0000] {logging_mixin.py:190} INFO - [2024-10-28T00:20:34.844+0000] {dag.py:3239} INFO - Sync 1 DAGs
[2024-10-28T00:20:34.861+0000] {logging_mixin.py:190} INFO - [2024-10-28T00:20:34.861+0000] {dag.py:4180} INFO - Setting next_dagrun for example_dynamic_task_mapping to None, run_after=None
[2024-10-28T00:20:34.884+0000] {processor.py:208} INFO - Processing /home/airflow/.local/lib/python3.12/site-packages/airflow/example_dags/example_dynamic_task_mapping.py took 0.085 seconds
[2024-10-28T00:21:05.370+0000] {processor.py:186} INFO - Started process (PID=48211) to work on /home/airflow/.local/lib/python3.12/site-packages/airflow/example_dags/example_dynamic_task_mapping.py
[2024-10-28T00:21:05.371+0000] {processor.py:914} INFO - Processing file /home/airflow/.local/lib/python3.12/site-packages/airflow/example_dags/example_dynamic_task_mapping.py for tasks to queue
[2024-10-28T00:21:05.373+0000] {logging_mixin.py:190} INFO - [2024-10-28T00:21:05.373+0000] {dagbag.py:588} INFO - Filling up the DagBag from /home/airflow/.local/lib/python3.12/site-packages/airflow/example_dags/example_dynamic_task_mapping.py
[2024-10-28T00:21:05.384+0000] {processor.py:925} INFO - DAG(s) 'example_dynamic_task_mapping' retrieved from /home/airflow/.local/lib/python3.12/site-packages/airflow/example_dags/example_dynamic_task_mapping.py
[2024-10-28T00:21:05.407+0000] {logging_mixin.py:190} INFO - [2024-10-28T00:21:05.407+0000] {dag.py:3239} INFO - Sync 1 DAGs
[2024-10-28T00:21:05.424+0000] {logging_mixin.py:190} INFO - [2024-10-28T00:21:05.423+0000] {dag.py:4180} INFO - Setting next_dagrun for example_dynamic_task_mapping to None, run_after=None
[2024-10-28T00:21:05.445+0000] {processor.py:208} INFO - Processing /home/airflow/.local/lib/python3.12/site-packages/airflow/example_dags/example_dynamic_task_mapping.py took 0.083 seconds
[2024-10-28T00:21:36.011+0000] {processor.py:186} INFO - Started process (PID=48285) to work on /home/airflow/.local/lib/python3.12/site-packages/airflow/example_dags/example_dynamic_task_mapping.py
[2024-10-28T00:21:36.012+0000] {processor.py:914} INFO - Processing file /home/airflow/.local/lib/python3.12/site-packages/airflow/example_dags/example_dynamic_task_mapping.py for tasks to queue
[2024-10-28T00:21:36.013+0000] {logging_mixin.py:190} INFO - [2024-10-28T00:21:36.013+0000] {dagbag.py:588} INFO - Filling up the DagBag from /home/airflow/.local/lib/python3.12/site-packages/airflow/example_dags/example_dynamic_task_mapping.py
[2024-10-28T00:21:36.021+0000] {processor.py:925} INFO - DAG(s) 'example_dynamic_task_mapping' retrieved from /home/airflow/.local/lib/python3.12/site-packages/airflow/example_dags/example_dynamic_task_mapping.py
[2024-10-28T00:21:36.040+0000] {logging_mixin.py:190} INFO - [2024-10-28T00:21:36.040+0000] {dag.py:3239} INFO - Sync 1 DAGs
[2024-10-28T00:21:36.054+0000] {logging_mixin.py:190} INFO - [2024-10-28T00:21:36.054+0000] {dag.py:4180} INFO - Setting next_dagrun for example_dynamic_task_mapping to None, run_after=None
[2024-10-28T00:21:36.073+0000] {processor.py:208} INFO - Processing /home/airflow/.local/lib/python3.12/site-packages/airflow/example_dags/example_dynamic_task_mapping.py took 0.068 seconds
[2024-10-28T00:22:06.573+0000] {processor.py:186} INFO - Started process (PID=48359) to work on /home/airflow/.local/lib/python3.12/site-packages/airflow/example_dags/example_dynamic_task_mapping.py
[2024-10-28T00:22:06.575+0000] {processor.py:914} INFO - Processing file /home/airflow/.local/lib/python3.12/site-packages/airflow/example_dags/example_dynamic_task_mapping.py for tasks to queue
[2024-10-28T00:22:06.576+0000] {logging_mixin.py:190} INFO - [2024-10-28T00:22:06.576+0000] {dagbag.py:588} INFO - Filling up the DagBag from /home/airflow/.local/lib/python3.12/site-packages/airflow/example_dags/example_dynamic_task_mapping.py
[2024-10-28T00:22:06.585+0000] {processor.py:925} INFO - DAG(s) 'example_dynamic_task_mapping' retrieved from /home/airflow/.local/lib/python3.12/site-packages/airflow/example_dags/example_dynamic_task_mapping.py
[2024-10-28T00:22:06.604+0000] {logging_mixin.py:190} INFO - [2024-10-28T00:22:06.603+0000] {dag.py:3239} INFO - Sync 1 DAGs
[2024-10-28T00:22:06.618+0000] {logging_mixin.py:190} INFO - [2024-10-28T00:22:06.618+0000] {dag.py:4180} INFO - Setting next_dagrun for example_dynamic_task_mapping to None, run_after=None
[2024-10-28T00:22:06.638+0000] {processor.py:208} INFO - Processing /home/airflow/.local/lib/python3.12/site-packages/airflow/example_dags/example_dynamic_task_mapping.py took 0.071 seconds
[2024-10-28T00:22:36.852+0000] {processor.py:186} INFO - Started process (PID=48433) to work on /home/airflow/.local/lib/python3.12/site-packages/airflow/example_dags/example_dynamic_task_mapping.py
[2024-10-28T00:22:36.853+0000] {processor.py:914} INFO - Processing file /home/airflow/.local/lib/python3.12/site-packages/airflow/example_dags/example_dynamic_task_mapping.py for tasks to queue
[2024-10-28T00:22:36.855+0000] {logging_mixin.py:190} INFO - [2024-10-28T00:22:36.854+0000] {dagbag.py:588} INFO - Filling up the DagBag from /home/airflow/.local/lib/python3.12/site-packages/airflow/example_dags/example_dynamic_task_mapping.py
[2024-10-28T00:22:36.864+0000] {processor.py:925} INFO - DAG(s) 'example_dynamic_task_mapping' retrieved from /home/airflow/.local/lib/python3.12/site-packages/airflow/example_dags/example_dynamic_task_mapping.py
[2024-10-28T00:22:36.883+0000] {logging_mixin.py:190} INFO - [2024-10-28T00:22:36.883+0000] {dag.py:3239} INFO - Sync 1 DAGs
[2024-10-28T00:22:36.898+0000] {logging_mixin.py:190} INFO - [2024-10-28T00:22:36.898+0000] {dag.py:4180} INFO - Setting next_dagrun for example_dynamic_task_mapping to None, run_after=None
[2024-10-28T00:22:36.916+0000] {processor.py:208} INFO - Processing /home/airflow/.local/lib/python3.12/site-packages/airflow/example_dags/example_dynamic_task_mapping.py took 0.069 seconds
[2024-10-28T00:23:07.316+0000] {processor.py:186} INFO - Started process (PID=48507) to work on /home/airflow/.local/lib/python3.12/site-packages/airflow/example_dags/example_dynamic_task_mapping.py
[2024-10-28T00:23:07.317+0000] {processor.py:914} INFO - Processing file /home/airflow/.local/lib/python3.12/site-packages/airflow/example_dags/example_dynamic_task_mapping.py for tasks to queue
[2024-10-28T00:23:07.318+0000] {logging_mixin.py:190} INFO - [2024-10-28T00:23:07.318+0000] {dagbag.py:588} INFO - Filling up the DagBag from /home/airflow/.local/lib/python3.12/site-packages/airflow/example_dags/example_dynamic_task_mapping.py
[2024-10-28T00:23:07.326+0000] {processor.py:925} INFO - DAG(s) 'example_dynamic_task_mapping' retrieved from /home/airflow/.local/lib/python3.12/site-packages/airflow/example_dags/example_dynamic_task_mapping.py
[2024-10-28T00:23:07.345+0000] {logging_mixin.py:190} INFO - [2024-10-28T00:23:07.345+0000] {dag.py:3239} INFO - Sync 1 DAGs
[2024-10-28T00:23:07.358+0000] {logging_mixin.py:190} INFO - [2024-10-28T00:23:07.358+0000] {dag.py:4180} INFO - Setting next_dagrun for example_dynamic_task_mapping to None, run_after=None
[2024-10-28T00:23:07.376+0000] {processor.py:208} INFO - Processing /home/airflow/.local/lib/python3.12/site-packages/airflow/example_dags/example_dynamic_task_mapping.py took 0.067 seconds
[2024-10-28T00:23:37.562+0000] {processor.py:186} INFO - Started process (PID=48581) to work on /home/airflow/.local/lib/python3.12/site-packages/airflow/example_dags/example_dynamic_task_mapping.py
[2024-10-28T00:23:37.564+0000] {processor.py:914} INFO - Processing file /home/airflow/.local/lib/python3.12/site-packages/airflow/example_dags/example_dynamic_task_mapping.py for tasks to queue
[2024-10-28T00:23:37.565+0000] {logging_mixin.py:190} INFO - [2024-10-28T00:23:37.565+0000] {dagbag.py:588} INFO - Filling up the DagBag from /home/airflow/.local/lib/python3.12/site-packages/airflow/example_dags/example_dynamic_task_mapping.py
[2024-10-28T00:23:37.573+0000] {processor.py:925} INFO - DAG(s) 'example_dynamic_task_mapping' retrieved from /home/airflow/.local/lib/python3.12/site-packages/airflow/example_dags/example_dynamic_task_mapping.py
[2024-10-28T00:23:37.591+0000] {logging_mixin.py:190} INFO - [2024-10-28T00:23:37.591+0000] {dag.py:3239} INFO - Sync 1 DAGs
[2024-10-28T00:23:37.604+0000] {logging_mixin.py:190} INFO - [2024-10-28T00:23:37.604+0000] {dag.py:4180} INFO - Setting next_dagrun for example_dynamic_task_mapping to None, run_after=None
[2024-10-28T00:23:37.623+0000] {processor.py:208} INFO - Processing /home/airflow/.local/lib/python3.12/site-packages/airflow/example_dags/example_dynamic_task_mapping.py took 0.068 seconds
[2024-10-28T00:24:08.527+0000] {processor.py:186} INFO - Started process (PID=48661) to work on /home/airflow/.local/lib/python3.12/site-packages/airflow/example_dags/example_dynamic_task_mapping.py
[2024-10-28T00:24:08.529+0000] {processor.py:914} INFO - Processing file /home/airflow/.local/lib/python3.12/site-packages/airflow/example_dags/example_dynamic_task_mapping.py for tasks to queue
[2024-10-28T00:24:08.531+0000] {logging_mixin.py:190} INFO - [2024-10-28T00:24:08.530+0000] {dagbag.py:588} INFO - Filling up the DagBag from /home/airflow/.local/lib/python3.12/site-packages/airflow/example_dags/example_dynamic_task_mapping.py
[2024-10-28T00:24:08.540+0000] {processor.py:925} INFO - DAG(s) 'example_dynamic_task_mapping' retrieved from /home/airflow/.local/lib/python3.12/site-packages/airflow/example_dags/example_dynamic_task_mapping.py
[2024-10-28T00:24:08.567+0000] {logging_mixin.py:190} INFO - [2024-10-28T00:24:08.567+0000] {dag.py:3239} INFO - Sync 1 DAGs
[2024-10-28T00:24:08.590+0000] {logging_mixin.py:190} INFO - [2024-10-28T00:24:08.589+0000] {dag.py:4180} INFO - Setting next_dagrun for example_dynamic_task_mapping to None, run_after=None
[2024-10-28T00:24:08.620+0000] {processor.py:208} INFO - Processing /home/airflow/.local/lib/python3.12/site-packages/airflow/example_dags/example_dynamic_task_mapping.py took 0.102 seconds
[2024-10-28T00:24:39.519+0000] {processor.py:186} INFO - Started process (PID=48735) to work on /home/airflow/.local/lib/python3.12/site-packages/airflow/example_dags/example_dynamic_task_mapping.py
[2024-10-28T00:24:39.520+0000] {processor.py:914} INFO - Processing file /home/airflow/.local/lib/python3.12/site-packages/airflow/example_dags/example_dynamic_task_mapping.py for tasks to queue
[2024-10-28T00:24:39.523+0000] {logging_mixin.py:190} INFO - [2024-10-28T00:24:39.522+0000] {dagbag.py:588} INFO - Filling up the DagBag from /home/airflow/.local/lib/python3.12/site-packages/airflow/example_dags/example_dynamic_task_mapping.py
[2024-10-28T00:24:39.532+0000] {processor.py:925} INFO - DAG(s) 'example_dynamic_task_mapping' retrieved from /home/airflow/.local/lib/python3.12/site-packages/airflow/example_dags/example_dynamic_task_mapping.py
[2024-10-28T00:24:39.555+0000] {logging_mixin.py:190} INFO - [2024-10-28T00:24:39.554+0000] {dag.py:3239} INFO - Sync 1 DAGs
[2024-10-28T00:24:39.570+0000] {logging_mixin.py:190} INFO - [2024-10-28T00:24:39.570+0000] {dag.py:4180} INFO - Setting next_dagrun for example_dynamic_task_mapping to None, run_after=None
[2024-10-28T00:24:39.592+0000] {processor.py:208} INFO - Processing /home/airflow/.local/lib/python3.12/site-packages/airflow/example_dags/example_dynamic_task_mapping.py took 0.080 seconds
[2024-10-28T00:25:10.471+0000] {processor.py:186} INFO - Started process (PID=48809) to work on /home/airflow/.local/lib/python3.12/site-packages/airflow/example_dags/example_dynamic_task_mapping.py
[2024-10-28T00:25:10.472+0000] {processor.py:914} INFO - Processing file /home/airflow/.local/lib/python3.12/site-packages/airflow/example_dags/example_dynamic_task_mapping.py for tasks to queue
[2024-10-28T00:25:10.474+0000] {logging_mixin.py:190} INFO - [2024-10-28T00:25:10.473+0000] {dagbag.py:588} INFO - Filling up the DagBag from /home/airflow/.local/lib/python3.12/site-packages/airflow/example_dags/example_dynamic_task_mapping.py
[2024-10-28T00:25:10.483+0000] {processor.py:925} INFO - DAG(s) 'example_dynamic_task_mapping' retrieved from /home/airflow/.local/lib/python3.12/site-packages/airflow/example_dags/example_dynamic_task_mapping.py
[2024-10-28T00:25:10.503+0000] {logging_mixin.py:190} INFO - [2024-10-28T00:25:10.503+0000] {dag.py:3239} INFO - Sync 1 DAGs
[2024-10-28T00:25:10.518+0000] {logging_mixin.py:190} INFO - [2024-10-28T00:25:10.518+0000] {dag.py:4180} INFO - Setting next_dagrun for example_dynamic_task_mapping to None, run_after=None
[2024-10-28T00:25:10.540+0000] {processor.py:208} INFO - Processing /home/airflow/.local/lib/python3.12/site-packages/airflow/example_dags/example_dynamic_task_mapping.py took 0.077 seconds
[2024-10-28T00:25:40.672+0000] {processor.py:186} INFO - Started process (PID=48883) to work on /home/airflow/.local/lib/python3.12/site-packages/airflow/example_dags/example_dynamic_task_mapping.py
[2024-10-28T00:25:40.673+0000] {processor.py:914} INFO - Processing file /home/airflow/.local/lib/python3.12/site-packages/airflow/example_dags/example_dynamic_task_mapping.py for tasks to queue
[2024-10-28T00:25:40.675+0000] {logging_mixin.py:190} INFO - [2024-10-28T00:25:40.674+0000] {dagbag.py:588} INFO - Filling up the DagBag from /home/airflow/.local/lib/python3.12/site-packages/airflow/example_dags/example_dynamic_task_mapping.py
[2024-10-28T00:25:40.685+0000] {processor.py:925} INFO - DAG(s) 'example_dynamic_task_mapping' retrieved from /home/airflow/.local/lib/python3.12/site-packages/airflow/example_dags/example_dynamic_task_mapping.py
[2024-10-28T00:25:40.706+0000] {logging_mixin.py:190} INFO - [2024-10-28T00:25:40.706+0000] {dag.py:3239} INFO - Sync 1 DAGs
[2024-10-28T00:25:40.888+0000] {logging_mixin.py:190} INFO - [2024-10-28T00:25:40.888+0000] {dag.py:4180} INFO - Setting next_dagrun for example_dynamic_task_mapping to None, run_after=None
[2024-10-28T00:25:40.907+0000] {processor.py:208} INFO - Processing /home/airflow/.local/lib/python3.12/site-packages/airflow/example_dags/example_dynamic_task_mapping.py took 0.243 seconds
[2024-10-28T00:26:11.051+0000] {processor.py:186} INFO - Started process (PID=48957) to work on /home/airflow/.local/lib/python3.12/site-packages/airflow/example_dags/example_dynamic_task_mapping.py
[2024-10-28T00:26:11.053+0000] {processor.py:914} INFO - Processing file /home/airflow/.local/lib/python3.12/site-packages/airflow/example_dags/example_dynamic_task_mapping.py for tasks to queue
[2024-10-28T00:26:11.054+0000] {logging_mixin.py:190} INFO - [2024-10-28T00:26:11.054+0000] {dagbag.py:588} INFO - Filling up the DagBag from /home/airflow/.local/lib/python3.12/site-packages/airflow/example_dags/example_dynamic_task_mapping.py
[2024-10-28T00:26:11.063+0000] {processor.py:925} INFO - DAG(s) 'example_dynamic_task_mapping' retrieved from /home/airflow/.local/lib/python3.12/site-packages/airflow/example_dags/example_dynamic_task_mapping.py
[2024-10-28T00:26:11.081+0000] {logging_mixin.py:190} INFO - [2024-10-28T00:26:11.081+0000] {dag.py:3239} INFO - Sync 1 DAGs
[2024-10-28T00:26:11.240+0000] {logging_mixin.py:190} INFO - [2024-10-28T00:26:11.240+0000] {dag.py:4180} INFO - Setting next_dagrun for example_dynamic_task_mapping to None, run_after=None
[2024-10-28T00:26:11.261+0000] {processor.py:208} INFO - Processing /home/airflow/.local/lib/python3.12/site-packages/airflow/example_dags/example_dynamic_task_mapping.py took 0.215 seconds
[2024-10-28T00:26:41.525+0000] {processor.py:186} INFO - Started process (PID=49031) to work on /home/airflow/.local/lib/python3.12/site-packages/airflow/example_dags/example_dynamic_task_mapping.py
[2024-10-28T00:26:41.526+0000] {processor.py:914} INFO - Processing file /home/airflow/.local/lib/python3.12/site-packages/airflow/example_dags/example_dynamic_task_mapping.py for tasks to queue
[2024-10-28T00:26:41.528+0000] {logging_mixin.py:190} INFO - [2024-10-28T00:26:41.528+0000] {dagbag.py:588} INFO - Filling up the DagBag from /home/airflow/.local/lib/python3.12/site-packages/airflow/example_dags/example_dynamic_task_mapping.py
[2024-10-28T00:26:41.536+0000] {processor.py:925} INFO - DAG(s) 'example_dynamic_task_mapping' retrieved from /home/airflow/.local/lib/python3.12/site-packages/airflow/example_dags/example_dynamic_task_mapping.py
[2024-10-28T00:26:41.555+0000] {logging_mixin.py:190} INFO - [2024-10-28T00:26:41.554+0000] {dag.py:3239} INFO - Sync 1 DAGs
[2024-10-28T00:26:41.568+0000] {logging_mixin.py:190} INFO - [2024-10-28T00:26:41.567+0000] {dag.py:4180} INFO - Setting next_dagrun for example_dynamic_task_mapping to None, run_after=None
[2024-10-28T00:26:41.585+0000] {processor.py:208} INFO - Processing /home/airflow/.local/lib/python3.12/site-packages/airflow/example_dags/example_dynamic_task_mapping.py took 0.065 seconds
[2024-10-28T00:27:11.914+0000] {processor.py:186} INFO - Started process (PID=49105) to work on /home/airflow/.local/lib/python3.12/site-packages/airflow/example_dags/example_dynamic_task_mapping.py
[2024-10-28T00:27:11.915+0000] {processor.py:914} INFO - Processing file /home/airflow/.local/lib/python3.12/site-packages/airflow/example_dags/example_dynamic_task_mapping.py for tasks to queue
[2024-10-28T00:27:11.917+0000] {logging_mixin.py:190} INFO - [2024-10-28T00:27:11.917+0000] {dagbag.py:588} INFO - Filling up the DagBag from /home/airflow/.local/lib/python3.12/site-packages/airflow/example_dags/example_dynamic_task_mapping.py
[2024-10-28T00:27:11.925+0000] {processor.py:925} INFO - DAG(s) 'example_dynamic_task_mapping' retrieved from /home/airflow/.local/lib/python3.12/site-packages/airflow/example_dags/example_dynamic_task_mapping.py
[2024-10-28T00:27:11.944+0000] {logging_mixin.py:190} INFO - [2024-10-28T00:27:11.944+0000] {dag.py:3239} INFO - Sync 1 DAGs
[2024-10-28T00:27:11.958+0000] {logging_mixin.py:190} INFO - [2024-10-28T00:27:11.957+0000] {dag.py:4180} INFO - Setting next_dagrun for example_dynamic_task_mapping to None, run_after=None
[2024-10-28T00:27:11.975+0000] {processor.py:208} INFO - Processing /home/airflow/.local/lib/python3.12/site-packages/airflow/example_dags/example_dynamic_task_mapping.py took 0.066 seconds
[2024-10-28T00:27:42.819+0000] {processor.py:186} INFO - Started process (PID=49179) to work on /home/airflow/.local/lib/python3.12/site-packages/airflow/example_dags/example_dynamic_task_mapping.py
[2024-10-28T00:27:42.820+0000] {processor.py:914} INFO - Processing file /home/airflow/.local/lib/python3.12/site-packages/airflow/example_dags/example_dynamic_task_mapping.py for tasks to queue
[2024-10-28T00:27:42.821+0000] {logging_mixin.py:190} INFO - [2024-10-28T00:27:42.821+0000] {dagbag.py:588} INFO - Filling up the DagBag from /home/airflow/.local/lib/python3.12/site-packages/airflow/example_dags/example_dynamic_task_mapping.py
[2024-10-28T00:27:42.829+0000] {processor.py:925} INFO - DAG(s) 'example_dynamic_task_mapping' retrieved from /home/airflow/.local/lib/python3.12/site-packages/airflow/example_dags/example_dynamic_task_mapping.py
[2024-10-28T00:27:42.847+0000] {logging_mixin.py:190} INFO - [2024-10-28T00:27:42.847+0000] {dag.py:3239} INFO - Sync 1 DAGs
[2024-10-28T00:27:42.860+0000] {logging_mixin.py:190} INFO - [2024-10-28T00:27:42.860+0000] {dag.py:4180} INFO - Setting next_dagrun for example_dynamic_task_mapping to None, run_after=None
[2024-10-28T00:27:42.877+0000] {processor.py:208} INFO - Processing /home/airflow/.local/lib/python3.12/site-packages/airflow/example_dags/example_dynamic_task_mapping.py took 0.063 seconds
[2024-10-28T00:28:12.991+0000] {processor.py:186} INFO - Started process (PID=49253) to work on /home/airflow/.local/lib/python3.12/site-packages/airflow/example_dags/example_dynamic_task_mapping.py
[2024-10-28T00:28:12.992+0000] {processor.py:914} INFO - Processing file /home/airflow/.local/lib/python3.12/site-packages/airflow/example_dags/example_dynamic_task_mapping.py for tasks to queue
[2024-10-28T00:28:12.995+0000] {logging_mixin.py:190} INFO - [2024-10-28T00:28:12.994+0000] {dagbag.py:588} INFO - Filling up the DagBag from /home/airflow/.local/lib/python3.12/site-packages/airflow/example_dags/example_dynamic_task_mapping.py
[2024-10-28T00:28:13.003+0000] {processor.py:925} INFO - DAG(s) 'example_dynamic_task_mapping' retrieved from /home/airflow/.local/lib/python3.12/site-packages/airflow/example_dags/example_dynamic_task_mapping.py
[2024-10-28T00:28:13.033+0000] {logging_mixin.py:190} INFO - [2024-10-28T00:28:13.033+0000] {dag.py:3239} INFO - Sync 1 DAGs
[2024-10-28T00:28:13.051+0000] {logging_mixin.py:190} INFO - [2024-10-28T00:28:13.051+0000] {dag.py:4180} INFO - Setting next_dagrun for example_dynamic_task_mapping to None, run_after=None
[2024-10-28T00:28:13.077+0000] {processor.py:208} INFO - Processing /home/airflow/.local/lib/python3.12/site-packages/airflow/example_dags/example_dynamic_task_mapping.py took 0.092 seconds
[2024-10-28T00:28:43.485+0000] {processor.py:186} INFO - Started process (PID=49327) to work on /home/airflow/.local/lib/python3.12/site-packages/airflow/example_dags/example_dynamic_task_mapping.py
[2024-10-28T00:28:43.486+0000] {processor.py:914} INFO - Processing file /home/airflow/.local/lib/python3.12/site-packages/airflow/example_dags/example_dynamic_task_mapping.py for tasks to queue
[2024-10-28T00:28:43.487+0000] {logging_mixin.py:190} INFO - [2024-10-28T00:28:43.487+0000] {dagbag.py:588} INFO - Filling up the DagBag from /home/airflow/.local/lib/python3.12/site-packages/airflow/example_dags/example_dynamic_task_mapping.py
[2024-10-28T00:28:43.495+0000] {processor.py:925} INFO - DAG(s) 'example_dynamic_task_mapping' retrieved from /home/airflow/.local/lib/python3.12/site-packages/airflow/example_dags/example_dynamic_task_mapping.py
[2024-10-28T00:28:43.513+0000] {logging_mixin.py:190} INFO - [2024-10-28T00:28:43.513+0000] {dag.py:3239} INFO - Sync 1 DAGs
[2024-10-28T00:28:43.527+0000] {logging_mixin.py:190} INFO - [2024-10-28T00:28:43.526+0000] {dag.py:4180} INFO - Setting next_dagrun for example_dynamic_task_mapping to None, run_after=None
[2024-10-28T00:28:43.544+0000] {processor.py:208} INFO - Processing /home/airflow/.local/lib/python3.12/site-packages/airflow/example_dags/example_dynamic_task_mapping.py took 0.064 seconds
[2024-10-28T00:29:14.389+0000] {processor.py:186} INFO - Started process (PID=49401) to work on /home/airflow/.local/lib/python3.12/site-packages/airflow/example_dags/example_dynamic_task_mapping.py
[2024-10-28T00:29:14.390+0000] {processor.py:914} INFO - Processing file /home/airflow/.local/lib/python3.12/site-packages/airflow/example_dags/example_dynamic_task_mapping.py for tasks to queue
[2024-10-28T00:29:14.392+0000] {logging_mixin.py:190} INFO - [2024-10-28T00:29:14.391+0000] {dagbag.py:588} INFO - Filling up the DagBag from /home/airflow/.local/lib/python3.12/site-packages/airflow/example_dags/example_dynamic_task_mapping.py
[2024-10-28T00:29:14.400+0000] {processor.py:925} INFO - DAG(s) 'example_dynamic_task_mapping' retrieved from /home/airflow/.local/lib/python3.12/site-packages/airflow/example_dags/example_dynamic_task_mapping.py
[2024-10-28T00:29:14.419+0000] {logging_mixin.py:190} INFO - [2024-10-28T00:29:14.418+0000] {dag.py:3239} INFO - Sync 1 DAGs
[2024-10-28T00:29:14.433+0000] {logging_mixin.py:190} INFO - [2024-10-28T00:29:14.432+0000] {dag.py:4180} INFO - Setting next_dagrun for example_dynamic_task_mapping to None, run_after=None
[2024-10-28T00:29:14.450+0000] {processor.py:208} INFO - Processing /home/airflow/.local/lib/python3.12/site-packages/airflow/example_dags/example_dynamic_task_mapping.py took 0.067 seconds
[2024-10-28T00:29:45.219+0000] {processor.py:186} INFO - Started process (PID=49475) to work on /home/airflow/.local/lib/python3.12/site-packages/airflow/example_dags/example_dynamic_task_mapping.py
[2024-10-28T00:29:45.221+0000] {processor.py:914} INFO - Processing file /home/airflow/.local/lib/python3.12/site-packages/airflow/example_dags/example_dynamic_task_mapping.py for tasks to queue
[2024-10-28T00:29:45.222+0000] {logging_mixin.py:190} INFO - [2024-10-28T00:29:45.222+0000] {dagbag.py:588} INFO - Filling up the DagBag from /home/airflow/.local/lib/python3.12/site-packages/airflow/example_dags/example_dynamic_task_mapping.py
[2024-10-28T00:29:45.231+0000] {processor.py:925} INFO - DAG(s) 'example_dynamic_task_mapping' retrieved from /home/airflow/.local/lib/python3.12/site-packages/airflow/example_dags/example_dynamic_task_mapping.py
[2024-10-28T00:29:45.249+0000] {logging_mixin.py:190} INFO - [2024-10-28T00:29:45.249+0000] {dag.py:3239} INFO - Sync 1 DAGs
[2024-10-28T00:29:45.264+0000] {logging_mixin.py:190} INFO - [2024-10-28T00:29:45.263+0000] {dag.py:4180} INFO - Setting next_dagrun for example_dynamic_task_mapping to None, run_after=None
[2024-10-28T00:29:45.283+0000] {processor.py:208} INFO - Processing /home/airflow/.local/lib/python3.12/site-packages/airflow/example_dags/example_dynamic_task_mapping.py took 0.069 seconds
[2024-10-28T00:30:16.119+0000] {processor.py:186} INFO - Started process (PID=49549) to work on /home/airflow/.local/lib/python3.12/site-packages/airflow/example_dags/example_dynamic_task_mapping.py
[2024-10-28T00:30:16.120+0000] {processor.py:914} INFO - Processing file /home/airflow/.local/lib/python3.12/site-packages/airflow/example_dags/example_dynamic_task_mapping.py for tasks to queue
[2024-10-28T00:30:16.122+0000] {logging_mixin.py:190} INFO - [2024-10-28T00:30:16.121+0000] {dagbag.py:588} INFO - Filling up the DagBag from /home/airflow/.local/lib/python3.12/site-packages/airflow/example_dags/example_dynamic_task_mapping.py
[2024-10-28T00:30:16.130+0000] {processor.py:925} INFO - DAG(s) 'example_dynamic_task_mapping' retrieved from /home/airflow/.local/lib/python3.12/site-packages/airflow/example_dags/example_dynamic_task_mapping.py
[2024-10-28T00:30:16.148+0000] {logging_mixin.py:190} INFO - [2024-10-28T00:30:16.148+0000] {dag.py:3239} INFO - Sync 1 DAGs
[2024-10-28T00:30:16.162+0000] {logging_mixin.py:190} INFO - [2024-10-28T00:30:16.162+0000] {dag.py:4180} INFO - Setting next_dagrun for example_dynamic_task_mapping to None, run_after=None
[2024-10-28T00:30:16.180+0000] {processor.py:208} INFO - Processing /home/airflow/.local/lib/python3.12/site-packages/airflow/example_dags/example_dynamic_task_mapping.py took 0.066 seconds
[2024-10-28T00:30:47.016+0000] {processor.py:186} INFO - Started process (PID=49623) to work on /home/airflow/.local/lib/python3.12/site-packages/airflow/example_dags/example_dynamic_task_mapping.py
[2024-10-28T00:30:47.017+0000] {processor.py:914} INFO - Processing file /home/airflow/.local/lib/python3.12/site-packages/airflow/example_dags/example_dynamic_task_mapping.py for tasks to queue
[2024-10-28T00:30:47.018+0000] {logging_mixin.py:190} INFO - [2024-10-28T00:30:47.018+0000] {dagbag.py:588} INFO - Filling up the DagBag from /home/airflow/.local/lib/python3.12/site-packages/airflow/example_dags/example_dynamic_task_mapping.py
[2024-10-28T00:30:47.026+0000] {processor.py:925} INFO - DAG(s) 'example_dynamic_task_mapping' retrieved from /home/airflow/.local/lib/python3.12/site-packages/airflow/example_dags/example_dynamic_task_mapping.py
[2024-10-28T00:30:47.044+0000] {logging_mixin.py:190} INFO - [2024-10-28T00:30:47.043+0000] {dag.py:3239} INFO - Sync 1 DAGs
[2024-10-28T00:30:47.057+0000] {logging_mixin.py:190} INFO - [2024-10-28T00:30:47.057+0000] {dag.py:4180} INFO - Setting next_dagrun for example_dynamic_task_mapping to None, run_after=None
[2024-10-28T00:30:47.075+0000] {processor.py:208} INFO - Processing /home/airflow/.local/lib/python3.12/site-packages/airflow/example_dags/example_dynamic_task_mapping.py took 0.065 seconds
[2024-10-28T00:31:17.789+0000] {processor.py:186} INFO - Started process (PID=49697) to work on /home/airflow/.local/lib/python3.12/site-packages/airflow/example_dags/example_dynamic_task_mapping.py
[2024-10-28T00:31:17.790+0000] {processor.py:914} INFO - Processing file /home/airflow/.local/lib/python3.12/site-packages/airflow/example_dags/example_dynamic_task_mapping.py for tasks to queue
[2024-10-28T00:31:17.792+0000] {logging_mixin.py:190} INFO - [2024-10-28T00:31:17.791+0000] {dagbag.py:588} INFO - Filling up the DagBag from /home/airflow/.local/lib/python3.12/site-packages/airflow/example_dags/example_dynamic_task_mapping.py
[2024-10-28T00:31:17.800+0000] {processor.py:925} INFO - DAG(s) 'example_dynamic_task_mapping' retrieved from /home/airflow/.local/lib/python3.12/site-packages/airflow/example_dags/example_dynamic_task_mapping.py
[2024-10-28T00:31:17.818+0000] {logging_mixin.py:190} INFO - [2024-10-28T00:31:17.817+0000] {dag.py:3239} INFO - Sync 1 DAGs
[2024-10-28T00:31:17.835+0000] {logging_mixin.py:190} INFO - [2024-10-28T00:31:17.835+0000] {dag.py:4180} INFO - Setting next_dagrun for example_dynamic_task_mapping to None, run_after=None
[2024-10-28T00:31:17.853+0000] {processor.py:208} INFO - Processing /home/airflow/.local/lib/python3.12/site-packages/airflow/example_dags/example_dynamic_task_mapping.py took 0.070 seconds
[2024-10-28T00:31:47.992+0000] {processor.py:186} INFO - Started process (PID=49771) to work on /home/airflow/.local/lib/python3.12/site-packages/airflow/example_dags/example_dynamic_task_mapping.py
[2024-10-28T00:31:47.994+0000] {processor.py:914} INFO - Processing file /home/airflow/.local/lib/python3.12/site-packages/airflow/example_dags/example_dynamic_task_mapping.py for tasks to queue
[2024-10-28T00:31:47.996+0000] {logging_mixin.py:190} INFO - [2024-10-28T00:31:47.996+0000] {dagbag.py:588} INFO - Filling up the DagBag from /home/airflow/.local/lib/python3.12/site-packages/airflow/example_dags/example_dynamic_task_mapping.py
[2024-10-28T00:31:48.007+0000] {processor.py:925} INFO - DAG(s) 'example_dynamic_task_mapping' retrieved from /home/airflow/.local/lib/python3.12/site-packages/airflow/example_dags/example_dynamic_task_mapping.py
[2024-10-28T00:31:48.031+0000] {logging_mixin.py:190} INFO - [2024-10-28T00:31:48.031+0000] {dag.py:3239} INFO - Sync 1 DAGs
[2024-10-28T00:31:48.047+0000] {logging_mixin.py:190} INFO - [2024-10-28T00:31:48.047+0000] {dag.py:4180} INFO - Setting next_dagrun for example_dynamic_task_mapping to None, run_after=None
[2024-10-28T00:31:48.070+0000] {processor.py:208} INFO - Processing /home/airflow/.local/lib/python3.12/site-packages/airflow/example_dags/example_dynamic_task_mapping.py took 0.085 seconds
[2024-10-28T00:32:18.805+0000] {processor.py:186} INFO - Started process (PID=49845) to work on /home/airflow/.local/lib/python3.12/site-packages/airflow/example_dags/example_dynamic_task_mapping.py
[2024-10-28T00:32:18.807+0000] {processor.py:914} INFO - Processing file /home/airflow/.local/lib/python3.12/site-packages/airflow/example_dags/example_dynamic_task_mapping.py for tasks to queue
[2024-10-28T00:32:18.808+0000] {logging_mixin.py:190} INFO - [2024-10-28T00:32:18.808+0000] {dagbag.py:588} INFO - Filling up the DagBag from /home/airflow/.local/lib/python3.12/site-packages/airflow/example_dags/example_dynamic_task_mapping.py
[2024-10-28T00:32:18.816+0000] {processor.py:925} INFO - DAG(s) 'example_dynamic_task_mapping' retrieved from /home/airflow/.local/lib/python3.12/site-packages/airflow/example_dags/example_dynamic_task_mapping.py
[2024-10-28T00:32:18.839+0000] {logging_mixin.py:190} INFO - [2024-10-28T00:32:18.839+0000] {dag.py:3239} INFO - Sync 1 DAGs
[2024-10-28T00:32:18.855+0000] {logging_mixin.py:190} INFO - [2024-10-28T00:32:18.854+0000] {dag.py:4180} INFO - Setting next_dagrun for example_dynamic_task_mapping to None, run_after=None
[2024-10-28T00:32:18.876+0000] {processor.py:208} INFO - Processing /home/airflow/.local/lib/python3.12/site-packages/airflow/example_dags/example_dynamic_task_mapping.py took 0.077 seconds
[2024-10-28T00:32:49.619+0000] {processor.py:186} INFO - Started process (PID=49919) to work on /home/airflow/.local/lib/python3.12/site-packages/airflow/example_dags/example_dynamic_task_mapping.py
[2024-10-28T00:32:49.620+0000] {processor.py:914} INFO - Processing file /home/airflow/.local/lib/python3.12/site-packages/airflow/example_dags/example_dynamic_task_mapping.py for tasks to queue
[2024-10-28T00:32:49.622+0000] {logging_mixin.py:190} INFO - [2024-10-28T00:32:49.621+0000] {dagbag.py:588} INFO - Filling up the DagBag from /home/airflow/.local/lib/python3.12/site-packages/airflow/example_dags/example_dynamic_task_mapping.py
[2024-10-28T00:32:49.630+0000] {processor.py:925} INFO - DAG(s) 'example_dynamic_task_mapping' retrieved from /home/airflow/.local/lib/python3.12/site-packages/airflow/example_dags/example_dynamic_task_mapping.py
[2024-10-28T00:32:49.648+0000] {logging_mixin.py:190} INFO - [2024-10-28T00:32:49.647+0000] {dag.py:3239} INFO - Sync 1 DAGs
[2024-10-28T00:32:49.661+0000] {logging_mixin.py:190} INFO - [2024-10-28T00:32:49.661+0000] {dag.py:4180} INFO - Setting next_dagrun for example_dynamic_task_mapping to None, run_after=None
[2024-10-28T00:32:49.677+0000] {processor.py:208} INFO - Processing /home/airflow/.local/lib/python3.12/site-packages/airflow/example_dags/example_dynamic_task_mapping.py took 0.064 seconds
[2024-10-28T00:33:20.396+0000] {processor.py:186} INFO - Started process (PID=49993) to work on /home/airflow/.local/lib/python3.12/site-packages/airflow/example_dags/example_dynamic_task_mapping.py
[2024-10-28T00:33:20.397+0000] {processor.py:914} INFO - Processing file /home/airflow/.local/lib/python3.12/site-packages/airflow/example_dags/example_dynamic_task_mapping.py for tasks to queue
[2024-10-28T00:33:20.399+0000] {logging_mixin.py:190} INFO - [2024-10-28T00:33:20.398+0000] {dagbag.py:588} INFO - Filling up the DagBag from /home/airflow/.local/lib/python3.12/site-packages/airflow/example_dags/example_dynamic_task_mapping.py
[2024-10-28T00:33:20.406+0000] {processor.py:925} INFO - DAG(s) 'example_dynamic_task_mapping' retrieved from /home/airflow/.local/lib/python3.12/site-packages/airflow/example_dags/example_dynamic_task_mapping.py
[2024-10-28T00:33:20.424+0000] {logging_mixin.py:190} INFO - [2024-10-28T00:33:20.424+0000] {dag.py:3239} INFO - Sync 1 DAGs
[2024-10-28T00:33:20.437+0000] {logging_mixin.py:190} INFO - [2024-10-28T00:33:20.436+0000] {dag.py:4180} INFO - Setting next_dagrun for example_dynamic_task_mapping to None, run_after=None
[2024-10-28T00:33:20.453+0000] {processor.py:208} INFO - Processing /home/airflow/.local/lib/python3.12/site-packages/airflow/example_dags/example_dynamic_task_mapping.py took 0.062 seconds
[2024-10-28T00:33:51.199+0000] {processor.py:186} INFO - Started process (PID=50067) to work on /home/airflow/.local/lib/python3.12/site-packages/airflow/example_dags/example_dynamic_task_mapping.py
[2024-10-28T00:33:51.200+0000] {processor.py:914} INFO - Processing file /home/airflow/.local/lib/python3.12/site-packages/airflow/example_dags/example_dynamic_task_mapping.py for tasks to queue
[2024-10-28T00:33:51.202+0000] {logging_mixin.py:190} INFO - [2024-10-28T00:33:51.201+0000] {dagbag.py:588} INFO - Filling up the DagBag from /home/airflow/.local/lib/python3.12/site-packages/airflow/example_dags/example_dynamic_task_mapping.py
[2024-10-28T00:33:51.209+0000] {processor.py:925} INFO - DAG(s) 'example_dynamic_task_mapping' retrieved from /home/airflow/.local/lib/python3.12/site-packages/airflow/example_dags/example_dynamic_task_mapping.py
[2024-10-28T00:33:51.227+0000] {logging_mixin.py:190} INFO - [2024-10-28T00:33:51.227+0000] {dag.py:3239} INFO - Sync 1 DAGs
[2024-10-28T00:33:51.240+0000] {logging_mixin.py:190} INFO - [2024-10-28T00:33:51.239+0000] {dag.py:4180} INFO - Setting next_dagrun for example_dynamic_task_mapping to None, run_after=None
[2024-10-28T00:33:51.258+0000] {processor.py:208} INFO - Processing /home/airflow/.local/lib/python3.12/site-packages/airflow/example_dags/example_dynamic_task_mapping.py took 0.064 seconds
