[2024-10-28T00:00:04.143+0000] {processor.py:186} INFO - Started process (PID=45159) to work on /home/airflow/.local/lib/python3.12/site-packages/airflow/example_dags/example_task_group_decorator.py
[2024-10-28T00:00:04.144+0000] {processor.py:914} INFO - Processing file /home/airflow/.local/lib/python3.12/site-packages/airflow/example_dags/example_task_group_decorator.py for tasks to queue
[2024-10-28T00:00:04.146+0000] {logging_mixin.py:190} INFO - [2024-10-28T00:00:04.146+0000] {dagbag.py:588} INFO - Filling up the DagBag from /home/airflow/.local/lib/python3.12/site-packages/airflow/example_dags/example_task_group_decorator.py
[2024-10-28T00:00:04.165+0000] {processor.py:925} INFO - DAG(s) 'example_task_group_decorator' retrieved from /home/airflow/.local/lib/python3.12/site-packages/airflow/example_dags/example_task_group_decorator.py
[2024-10-28T00:00:04.194+0000] {logging_mixin.py:190} INFO - [2024-10-28T00:00:04.194+0000] {dag.py:3239} INFO - Sync 1 DAGs
[2024-10-28T00:00:04.214+0000] {logging_mixin.py:190} INFO - [2024-10-28T00:00:04.213+0000] {dag.py:4180} INFO - Setting next_dagrun for example_task_group_decorator to None, run_after=None
[2024-10-28T00:00:04.237+0000] {processor.py:208} INFO - Processing /home/airflow/.local/lib/python3.12/site-packages/airflow/example_dags/example_task_group_decorator.py took 0.101 seconds
[2024-10-28T00:00:34.792+0000] {processor.py:186} INFO - Started process (PID=45233) to work on /home/airflow/.local/lib/python3.12/site-packages/airflow/example_dags/example_task_group_decorator.py
[2024-10-28T00:00:34.793+0000] {processor.py:914} INFO - Processing file /home/airflow/.local/lib/python3.12/site-packages/airflow/example_dags/example_task_group_decorator.py for tasks to queue
[2024-10-28T00:00:34.795+0000] {logging_mixin.py:190} INFO - [2024-10-28T00:00:34.794+0000] {dagbag.py:588} INFO - Filling up the DagBag from /home/airflow/.local/lib/python3.12/site-packages/airflow/example_dags/example_task_group_decorator.py
[2024-10-28T00:00:34.812+0000] {processor.py:925} INFO - DAG(s) 'example_task_group_decorator' retrieved from /home/airflow/.local/lib/python3.12/site-packages/airflow/example_dags/example_task_group_decorator.py
[2024-10-28T00:00:34.843+0000] {logging_mixin.py:190} INFO - [2024-10-28T00:00:34.843+0000] {dag.py:3239} INFO - Sync 1 DAGs
[2024-10-28T00:00:34.860+0000] {logging_mixin.py:190} INFO - [2024-10-28T00:00:34.860+0000] {dag.py:4180} INFO - Setting next_dagrun for example_task_group_decorator to None, run_after=None
[2024-10-28T00:00:34.883+0000] {processor.py:208} INFO - Processing /home/airflow/.local/lib/python3.12/site-packages/airflow/example_dags/example_task_group_decorator.py took 0.098 seconds
[2024-10-28T00:01:05.440+0000] {processor.py:186} INFO - Started process (PID=45307) to work on /home/airflow/.local/lib/python3.12/site-packages/airflow/example_dags/example_task_group_decorator.py
[2024-10-28T00:01:05.442+0000] {processor.py:914} INFO - Processing file /home/airflow/.local/lib/python3.12/site-packages/airflow/example_dags/example_task_group_decorator.py for tasks to queue
[2024-10-28T00:01:05.443+0000] {logging_mixin.py:190} INFO - [2024-10-28T00:01:05.443+0000] {dagbag.py:588} INFO - Filling up the DagBag from /home/airflow/.local/lib/python3.12/site-packages/airflow/example_dags/example_task_group_decorator.py
[2024-10-28T00:01:05.462+0000] {processor.py:925} INFO - DAG(s) 'example_task_group_decorator' retrieved from /home/airflow/.local/lib/python3.12/site-packages/airflow/example_dags/example_task_group_decorator.py
[2024-10-28T00:01:05.492+0000] {logging_mixin.py:190} INFO - [2024-10-28T00:01:05.492+0000] {dag.py:3239} INFO - Sync 1 DAGs
[2024-10-28T00:01:05.507+0000] {logging_mixin.py:190} INFO - [2024-10-28T00:01:05.507+0000] {dag.py:4180} INFO - Setting next_dagrun for example_task_group_decorator to None, run_after=None
[2024-10-28T00:01:05.530+0000] {processor.py:208} INFO - Processing /home/airflow/.local/lib/python3.12/site-packages/airflow/example_dags/example_task_group_decorator.py took 0.095 seconds
[2024-10-28T00:01:35.598+0000] {processor.py:186} INFO - Started process (PID=45381) to work on /home/airflow/.local/lib/python3.12/site-packages/airflow/example_dags/example_task_group_decorator.py
[2024-10-28T00:01:35.599+0000] {processor.py:914} INFO - Processing file /home/airflow/.local/lib/python3.12/site-packages/airflow/example_dags/example_task_group_decorator.py for tasks to queue
[2024-10-28T00:01:35.601+0000] {logging_mixin.py:190} INFO - [2024-10-28T00:01:35.600+0000] {dagbag.py:588} INFO - Filling up the DagBag from /home/airflow/.local/lib/python3.12/site-packages/airflow/example_dags/example_task_group_decorator.py
[2024-10-28T00:01:35.618+0000] {processor.py:925} INFO - DAG(s) 'example_task_group_decorator' retrieved from /home/airflow/.local/lib/python3.12/site-packages/airflow/example_dags/example_task_group_decorator.py
[2024-10-28T00:01:35.648+0000] {logging_mixin.py:190} INFO - [2024-10-28T00:01:35.647+0000] {dag.py:3239} INFO - Sync 1 DAGs
[2024-10-28T00:01:35.663+0000] {logging_mixin.py:190} INFO - [2024-10-28T00:01:35.662+0000] {dag.py:4180} INFO - Setting next_dagrun for example_task_group_decorator to None, run_after=None
[2024-10-28T00:01:35.683+0000] {processor.py:208} INFO - Processing /home/airflow/.local/lib/python3.12/site-packages/airflow/example_dags/example_task_group_decorator.py took 0.092 seconds
[2024-10-28T00:02:06.269+0000] {processor.py:186} INFO - Started process (PID=45461) to work on /home/airflow/.local/lib/python3.12/site-packages/airflow/example_dags/example_task_group_decorator.py
[2024-10-28T00:02:06.270+0000] {processor.py:914} INFO - Processing file /home/airflow/.local/lib/python3.12/site-packages/airflow/example_dags/example_task_group_decorator.py for tasks to queue
[2024-10-28T00:02:06.271+0000] {logging_mixin.py:190} INFO - [2024-10-28T00:02:06.271+0000] {dagbag.py:588} INFO - Filling up the DagBag from /home/airflow/.local/lib/python3.12/site-packages/airflow/example_dags/example_task_group_decorator.py
[2024-10-28T00:02:06.286+0000] {processor.py:925} INFO - DAG(s) 'example_task_group_decorator' retrieved from /home/airflow/.local/lib/python3.12/site-packages/airflow/example_dags/example_task_group_decorator.py
[2024-10-28T00:02:06.313+0000] {logging_mixin.py:190} INFO - [2024-10-28T00:02:06.313+0000] {dag.py:3239} INFO - Sync 1 DAGs
[2024-10-28T00:02:06.328+0000] {logging_mixin.py:190} INFO - [2024-10-28T00:02:06.327+0000] {dag.py:4180} INFO - Setting next_dagrun for example_task_group_decorator to None, run_after=None
[2024-10-28T00:02:06.348+0000] {processor.py:208} INFO - Processing /home/airflow/.local/lib/python3.12/site-packages/airflow/example_dags/example_task_group_decorator.py took 0.085 seconds
[2024-10-28T00:02:36.510+0000] {processor.py:186} INFO - Started process (PID=45535) to work on /home/airflow/.local/lib/python3.12/site-packages/airflow/example_dags/example_task_group_decorator.py
[2024-10-28T00:02:36.511+0000] {processor.py:914} INFO - Processing file /home/airflow/.local/lib/python3.12/site-packages/airflow/example_dags/example_task_group_decorator.py for tasks to queue
[2024-10-28T00:02:36.512+0000] {logging_mixin.py:190} INFO - [2024-10-28T00:02:36.512+0000] {dagbag.py:588} INFO - Filling up the DagBag from /home/airflow/.local/lib/python3.12/site-packages/airflow/example_dags/example_task_group_decorator.py
[2024-10-28T00:02:36.526+0000] {processor.py:925} INFO - DAG(s) 'example_task_group_decorator' retrieved from /home/airflow/.local/lib/python3.12/site-packages/airflow/example_dags/example_task_group_decorator.py
[2024-10-28T00:02:36.550+0000] {logging_mixin.py:190} INFO - [2024-10-28T00:02:36.549+0000] {dag.py:3239} INFO - Sync 1 DAGs
[2024-10-28T00:02:36.563+0000] {logging_mixin.py:190} INFO - [2024-10-28T00:02:36.563+0000] {dag.py:4180} INFO - Setting next_dagrun for example_task_group_decorator to None, run_after=None
[2024-10-28T00:02:36.579+0000] {processor.py:208} INFO - Processing /home/airflow/.local/lib/python3.12/site-packages/airflow/example_dags/example_task_group_decorator.py took 0.075 seconds
[2024-10-28T00:03:06.975+0000] {processor.py:186} INFO - Started process (PID=45609) to work on /home/airflow/.local/lib/python3.12/site-packages/airflow/example_dags/example_task_group_decorator.py
[2024-10-28T00:03:06.976+0000] {processor.py:914} INFO - Processing file /home/airflow/.local/lib/python3.12/site-packages/airflow/example_dags/example_task_group_decorator.py for tasks to queue
[2024-10-28T00:03:06.977+0000] {logging_mixin.py:190} INFO - [2024-10-28T00:03:06.977+0000] {dagbag.py:588} INFO - Filling up the DagBag from /home/airflow/.local/lib/python3.12/site-packages/airflow/example_dags/example_task_group_decorator.py
[2024-10-28T00:03:06.993+0000] {processor.py:925} INFO - DAG(s) 'example_task_group_decorator' retrieved from /home/airflow/.local/lib/python3.12/site-packages/airflow/example_dags/example_task_group_decorator.py
[2024-10-28T00:03:07.020+0000] {logging_mixin.py:190} INFO - [2024-10-28T00:03:07.020+0000] {dag.py:3239} INFO - Sync 1 DAGs
[2024-10-28T00:03:07.037+0000] {logging_mixin.py:190} INFO - [2024-10-28T00:03:07.036+0000] {dag.py:4180} INFO - Setting next_dagrun for example_task_group_decorator to None, run_after=None
[2024-10-28T00:03:07.062+0000] {processor.py:208} INFO - Processing /home/airflow/.local/lib/python3.12/site-packages/airflow/example_dags/example_task_group_decorator.py took 0.093 seconds
[2024-10-28T00:03:37.192+0000] {processor.py:186} INFO - Started process (PID=45683) to work on /home/airflow/.local/lib/python3.12/site-packages/airflow/example_dags/example_task_group_decorator.py
[2024-10-28T00:03:37.193+0000] {processor.py:914} INFO - Processing file /home/airflow/.local/lib/python3.12/site-packages/airflow/example_dags/example_task_group_decorator.py for tasks to queue
[2024-10-28T00:03:37.195+0000] {logging_mixin.py:190} INFO - [2024-10-28T00:03:37.195+0000] {dagbag.py:588} INFO - Filling up the DagBag from /home/airflow/.local/lib/python3.12/site-packages/airflow/example_dags/example_task_group_decorator.py
[2024-10-28T00:03:37.210+0000] {processor.py:925} INFO - DAG(s) 'example_task_group_decorator' retrieved from /home/airflow/.local/lib/python3.12/site-packages/airflow/example_dags/example_task_group_decorator.py
[2024-10-28T00:03:37.236+0000] {logging_mixin.py:190} INFO - [2024-10-28T00:03:37.236+0000] {dag.py:3239} INFO - Sync 1 DAGs
[2024-10-28T00:03:37.252+0000] {logging_mixin.py:190} INFO - [2024-10-28T00:03:37.252+0000] {dag.py:4180} INFO - Setting next_dagrun for example_task_group_decorator to None, run_after=None
[2024-10-28T00:03:37.271+0000] {processor.py:208} INFO - Processing /home/airflow/.local/lib/python3.12/site-packages/airflow/example_dags/example_task_group_decorator.py took 0.085 seconds
[2024-10-28T00:04:08.052+0000] {processor.py:186} INFO - Started process (PID=45757) to work on /home/airflow/.local/lib/python3.12/site-packages/airflow/example_dags/example_task_group_decorator.py
[2024-10-28T00:04:08.052+0000] {processor.py:914} INFO - Processing file /home/airflow/.local/lib/python3.12/site-packages/airflow/example_dags/example_task_group_decorator.py for tasks to queue
[2024-10-28T00:04:08.054+0000] {logging_mixin.py:190} INFO - [2024-10-28T00:04:08.053+0000] {dagbag.py:588} INFO - Filling up the DagBag from /home/airflow/.local/lib/python3.12/site-packages/airflow/example_dags/example_task_group_decorator.py
[2024-10-28T00:04:08.069+0000] {processor.py:925} INFO - DAG(s) 'example_task_group_decorator' retrieved from /home/airflow/.local/lib/python3.12/site-packages/airflow/example_dags/example_task_group_decorator.py
[2024-10-28T00:04:08.095+0000] {logging_mixin.py:190} INFO - [2024-10-28T00:04:08.095+0000] {dag.py:3239} INFO - Sync 1 DAGs
[2024-10-28T00:04:08.111+0000] {logging_mixin.py:190} INFO - [2024-10-28T00:04:08.110+0000] {dag.py:4180} INFO - Setting next_dagrun for example_task_group_decorator to None, run_after=None
[2024-10-28T00:04:08.130+0000] {processor.py:208} INFO - Processing /home/airflow/.local/lib/python3.12/site-packages/airflow/example_dags/example_task_group_decorator.py took 0.084 seconds
[2024-10-28T00:04:38.343+0000] {processor.py:186} INFO - Started process (PID=45831) to work on /home/airflow/.local/lib/python3.12/site-packages/airflow/example_dags/example_task_group_decorator.py
[2024-10-28T00:04:38.344+0000] {processor.py:914} INFO - Processing file /home/airflow/.local/lib/python3.12/site-packages/airflow/example_dags/example_task_group_decorator.py for tasks to queue
[2024-10-28T00:04:38.345+0000] {logging_mixin.py:190} INFO - [2024-10-28T00:04:38.345+0000] {dagbag.py:588} INFO - Filling up the DagBag from /home/airflow/.local/lib/python3.12/site-packages/airflow/example_dags/example_task_group_decorator.py
[2024-10-28T00:04:38.365+0000] {processor.py:925} INFO - DAG(s) 'example_task_group_decorator' retrieved from /home/airflow/.local/lib/python3.12/site-packages/airflow/example_dags/example_task_group_decorator.py
[2024-10-28T00:04:38.396+0000] {logging_mixin.py:190} INFO - [2024-10-28T00:04:38.396+0000] {dag.py:3239} INFO - Sync 1 DAGs
[2024-10-28T00:04:38.413+0000] {logging_mixin.py:190} INFO - [2024-10-28T00:04:38.413+0000] {dag.py:4180} INFO - Setting next_dagrun for example_task_group_decorator to None, run_after=None
[2024-10-28T00:04:38.436+0000] {processor.py:208} INFO - Processing /home/airflow/.local/lib/python3.12/site-packages/airflow/example_dags/example_task_group_decorator.py took 0.101 seconds
[2024-10-28T00:05:08.871+0000] {processor.py:186} INFO - Started process (PID=45905) to work on /home/airflow/.local/lib/python3.12/site-packages/airflow/example_dags/example_task_group_decorator.py
[2024-10-28T00:05:08.873+0000] {processor.py:914} INFO - Processing file /home/airflow/.local/lib/python3.12/site-packages/airflow/example_dags/example_task_group_decorator.py for tasks to queue
[2024-10-28T00:05:08.874+0000] {logging_mixin.py:190} INFO - [2024-10-28T00:05:08.874+0000] {dagbag.py:588} INFO - Filling up the DagBag from /home/airflow/.local/lib/python3.12/site-packages/airflow/example_dags/example_task_group_decorator.py
[2024-10-28T00:05:08.893+0000] {processor.py:925} INFO - DAG(s) 'example_task_group_decorator' retrieved from /home/airflow/.local/lib/python3.12/site-packages/airflow/example_dags/example_task_group_decorator.py
[2024-10-28T00:05:08.922+0000] {logging_mixin.py:190} INFO - [2024-10-28T00:05:08.922+0000] {dag.py:3239} INFO - Sync 1 DAGs
[2024-10-28T00:05:08.940+0000] {logging_mixin.py:190} INFO - [2024-10-28T00:05:08.940+0000] {dag.py:4180} INFO - Setting next_dagrun for example_task_group_decorator to None, run_after=None
[2024-10-28T00:05:08.963+0000] {processor.py:208} INFO - Processing /home/airflow/.local/lib/python3.12/site-packages/airflow/example_dags/example_task_group_decorator.py took 0.101 seconds
[2024-10-28T00:05:39.301+0000] {processor.py:186} INFO - Started process (PID=45979) to work on /home/airflow/.local/lib/python3.12/site-packages/airflow/example_dags/example_task_group_decorator.py
[2024-10-28T00:05:39.302+0000] {processor.py:914} INFO - Processing file /home/airflow/.local/lib/python3.12/site-packages/airflow/example_dags/example_task_group_decorator.py for tasks to queue
[2024-10-28T00:05:39.303+0000] {logging_mixin.py:190} INFO - [2024-10-28T00:05:39.303+0000] {dagbag.py:588} INFO - Filling up the DagBag from /home/airflow/.local/lib/python3.12/site-packages/airflow/example_dags/example_task_group_decorator.py
[2024-10-28T00:05:39.330+0000] {processor.py:925} INFO - DAG(s) 'example_task_group_decorator' retrieved from /home/airflow/.local/lib/python3.12/site-packages/airflow/example_dags/example_task_group_decorator.py
[2024-10-28T00:05:39.368+0000] {logging_mixin.py:190} INFO - [2024-10-28T00:05:39.367+0000] {dag.py:3239} INFO - Sync 1 DAGs
[2024-10-28T00:05:39.387+0000] {logging_mixin.py:190} INFO - [2024-10-28T00:05:39.387+0000] {dag.py:4180} INFO - Setting next_dagrun for example_task_group_decorator to None, run_after=None
[2024-10-28T00:05:39.411+0000] {processor.py:208} INFO - Processing /home/airflow/.local/lib/python3.12/site-packages/airflow/example_dags/example_task_group_decorator.py took 0.118 seconds
[2024-10-28T00:06:09.695+0000] {processor.py:186} INFO - Started process (PID=46053) to work on /home/airflow/.local/lib/python3.12/site-packages/airflow/example_dags/example_task_group_decorator.py
[2024-10-28T00:06:09.696+0000] {processor.py:914} INFO - Processing file /home/airflow/.local/lib/python3.12/site-packages/airflow/example_dags/example_task_group_decorator.py for tasks to queue
[2024-10-28T00:06:09.698+0000] {logging_mixin.py:190} INFO - [2024-10-28T00:06:09.698+0000] {dagbag.py:588} INFO - Filling up the DagBag from /home/airflow/.local/lib/python3.12/site-packages/airflow/example_dags/example_task_group_decorator.py
[2024-10-28T00:06:09.714+0000] {processor.py:925} INFO - DAG(s) 'example_task_group_decorator' retrieved from /home/airflow/.local/lib/python3.12/site-packages/airflow/example_dags/example_task_group_decorator.py
[2024-10-28T00:06:09.743+0000] {logging_mixin.py:190} INFO - [2024-10-28T00:06:09.743+0000] {dag.py:3239} INFO - Sync 1 DAGs
[2024-10-28T00:06:09.761+0000] {logging_mixin.py:190} INFO - [2024-10-28T00:06:09.761+0000] {dag.py:4180} INFO - Setting next_dagrun for example_task_group_decorator to None, run_after=None
[2024-10-28T00:06:09.785+0000] {processor.py:208} INFO - Processing /home/airflow/.local/lib/python3.12/site-packages/airflow/example_dags/example_task_group_decorator.py took 0.096 seconds
[2024-10-28T00:06:40.010+0000] {processor.py:186} INFO - Started process (PID=46127) to work on /home/airflow/.local/lib/python3.12/site-packages/airflow/example_dags/example_task_group_decorator.py
[2024-10-28T00:06:40.011+0000] {processor.py:914} INFO - Processing file /home/airflow/.local/lib/python3.12/site-packages/airflow/example_dags/example_task_group_decorator.py for tasks to queue
[2024-10-28T00:06:40.013+0000] {logging_mixin.py:190} INFO - [2024-10-28T00:06:40.012+0000] {dagbag.py:588} INFO - Filling up the DagBag from /home/airflow/.local/lib/python3.12/site-packages/airflow/example_dags/example_task_group_decorator.py
[2024-10-28T00:06:40.028+0000] {processor.py:925} INFO - DAG(s) 'example_task_group_decorator' retrieved from /home/airflow/.local/lib/python3.12/site-packages/airflow/example_dags/example_task_group_decorator.py
[2024-10-28T00:06:40.054+0000] {logging_mixin.py:190} INFO - [2024-10-28T00:06:40.054+0000] {dag.py:3239} INFO - Sync 1 DAGs
[2024-10-28T00:06:40.069+0000] {logging_mixin.py:190} INFO - [2024-10-28T00:06:40.069+0000] {dag.py:4180} INFO - Setting next_dagrun for example_task_group_decorator to None, run_after=None
[2024-10-28T00:06:40.089+0000] {processor.py:208} INFO - Processing /home/airflow/.local/lib/python3.12/site-packages/airflow/example_dags/example_task_group_decorator.py took 0.086 seconds
[2024-10-28T00:07:11.036+0000] {processor.py:186} INFO - Started process (PID=46201) to work on /home/airflow/.local/lib/python3.12/site-packages/airflow/example_dags/example_task_group_decorator.py
[2024-10-28T00:07:11.037+0000] {processor.py:914} INFO - Processing file /home/airflow/.local/lib/python3.12/site-packages/airflow/example_dags/example_task_group_decorator.py for tasks to queue
[2024-10-28T00:07:11.041+0000] {logging_mixin.py:190} INFO - [2024-10-28T00:07:11.040+0000] {dagbag.py:588} INFO - Filling up the DagBag from /home/airflow/.local/lib/python3.12/site-packages/airflow/example_dags/example_task_group_decorator.py
[2024-10-28T00:07:11.059+0000] {processor.py:925} INFO - DAG(s) 'example_task_group_decorator' retrieved from /home/airflow/.local/lib/python3.12/site-packages/airflow/example_dags/example_task_group_decorator.py
[2024-10-28T00:07:11.087+0000] {logging_mixin.py:190} INFO - [2024-10-28T00:07:11.087+0000] {dag.py:3239} INFO - Sync 1 DAGs
[2024-10-28T00:07:11.103+0000] {logging_mixin.py:190} INFO - [2024-10-28T00:07:11.102+0000] {dag.py:4180} INFO - Setting next_dagrun for example_task_group_decorator to None, run_after=None
[2024-10-28T00:07:11.121+0000] {processor.py:208} INFO - Processing /home/airflow/.local/lib/python3.12/site-packages/airflow/example_dags/example_task_group_decorator.py took 0.093 seconds
[2024-10-28T00:07:41.860+0000] {processor.py:186} INFO - Started process (PID=46276) to work on /home/airflow/.local/lib/python3.12/site-packages/airflow/example_dags/example_task_group_decorator.py
[2024-10-28T00:07:41.861+0000] {processor.py:914} INFO - Processing file /home/airflow/.local/lib/python3.12/site-packages/airflow/example_dags/example_task_group_decorator.py for tasks to queue
[2024-10-28T00:07:41.862+0000] {logging_mixin.py:190} INFO - [2024-10-28T00:07:41.862+0000] {dagbag.py:588} INFO - Filling up the DagBag from /home/airflow/.local/lib/python3.12/site-packages/airflow/example_dags/example_task_group_decorator.py
[2024-10-28T00:07:41.877+0000] {processor.py:925} INFO - DAG(s) 'example_task_group_decorator' retrieved from /home/airflow/.local/lib/python3.12/site-packages/airflow/example_dags/example_task_group_decorator.py
[2024-10-28T00:07:41.903+0000] {logging_mixin.py:190} INFO - [2024-10-28T00:07:41.903+0000] {dag.py:3239} INFO - Sync 1 DAGs
[2024-10-28T00:07:41.918+0000] {logging_mixin.py:190} INFO - [2024-10-28T00:07:41.918+0000] {dag.py:4180} INFO - Setting next_dagrun for example_task_group_decorator to None, run_after=None
[2024-10-28T00:07:41.940+0000] {processor.py:208} INFO - Processing /home/airflow/.local/lib/python3.12/site-packages/airflow/example_dags/example_task_group_decorator.py took 0.086 seconds
[2024-10-28T00:08:12.024+0000] {processor.py:186} INFO - Started process (PID=46338) to work on /home/airflow/.local/lib/python3.12/site-packages/airflow/example_dags/example_task_group_decorator.py
[2024-10-28T00:08:12.025+0000] {processor.py:914} INFO - Processing file /home/airflow/.local/lib/python3.12/site-packages/airflow/example_dags/example_task_group_decorator.py for tasks to queue
[2024-10-28T00:08:12.027+0000] {logging_mixin.py:190} INFO - [2024-10-28T00:08:12.027+0000] {dagbag.py:588} INFO - Filling up the DagBag from /home/airflow/.local/lib/python3.12/site-packages/airflow/example_dags/example_task_group_decorator.py
[2024-10-28T00:08:12.045+0000] {processor.py:925} INFO - DAG(s) 'example_task_group_decorator' retrieved from /home/airflow/.local/lib/python3.12/site-packages/airflow/example_dags/example_task_group_decorator.py
[2024-10-28T00:08:12.073+0000] {logging_mixin.py:190} INFO - [2024-10-28T00:08:12.073+0000] {dag.py:3239} INFO - Sync 1 DAGs
[2024-10-28T00:08:12.090+0000] {logging_mixin.py:190} INFO - [2024-10-28T00:08:12.090+0000] {dag.py:4180} INFO - Setting next_dagrun for example_task_group_decorator to None, run_after=None
[2024-10-28T00:08:12.115+0000] {processor.py:208} INFO - Processing /home/airflow/.local/lib/python3.12/site-packages/airflow/example_dags/example_task_group_decorator.py took 0.098 seconds
[2024-10-28T00:08:42.688+0000] {processor.py:186} INFO - Started process (PID=46412) to work on /home/airflow/.local/lib/python3.12/site-packages/airflow/example_dags/example_task_group_decorator.py
[2024-10-28T00:08:42.690+0000] {processor.py:914} INFO - Processing file /home/airflow/.local/lib/python3.12/site-packages/airflow/example_dags/example_task_group_decorator.py for tasks to queue
[2024-10-28T00:08:42.691+0000] {logging_mixin.py:190} INFO - [2024-10-28T00:08:42.691+0000] {dagbag.py:588} INFO - Filling up the DagBag from /home/airflow/.local/lib/python3.12/site-packages/airflow/example_dags/example_task_group_decorator.py
[2024-10-28T00:08:42.707+0000] {processor.py:925} INFO - DAG(s) 'example_task_group_decorator' retrieved from /home/airflow/.local/lib/python3.12/site-packages/airflow/example_dags/example_task_group_decorator.py
[2024-10-28T00:08:42.733+0000] {logging_mixin.py:190} INFO - [2024-10-28T00:08:42.733+0000] {dag.py:3239} INFO - Sync 1 DAGs
[2024-10-28T00:08:42.750+0000] {logging_mixin.py:190} INFO - [2024-10-28T00:08:42.750+0000] {dag.py:4180} INFO - Setting next_dagrun for example_task_group_decorator to None, run_after=None
[2024-10-28T00:08:42.770+0000] {processor.py:208} INFO - Processing /home/airflow/.local/lib/python3.12/site-packages/airflow/example_dags/example_task_group_decorator.py took 0.088 seconds
[2024-10-28T00:09:13.470+0000] {processor.py:186} INFO - Started process (PID=46486) to work on /home/airflow/.local/lib/python3.12/site-packages/airflow/example_dags/example_task_group_decorator.py
[2024-10-28T00:09:13.471+0000] {processor.py:914} INFO - Processing file /home/airflow/.local/lib/python3.12/site-packages/airflow/example_dags/example_task_group_decorator.py for tasks to queue
[2024-10-28T00:09:13.472+0000] {logging_mixin.py:190} INFO - [2024-10-28T00:09:13.472+0000] {dagbag.py:588} INFO - Filling up the DagBag from /home/airflow/.local/lib/python3.12/site-packages/airflow/example_dags/example_task_group_decorator.py
[2024-10-28T00:09:13.490+0000] {processor.py:925} INFO - DAG(s) 'example_task_group_decorator' retrieved from /home/airflow/.local/lib/python3.12/site-packages/airflow/example_dags/example_task_group_decorator.py
[2024-10-28T00:09:13.518+0000] {logging_mixin.py:190} INFO - [2024-10-28T00:09:13.518+0000] {dag.py:3239} INFO - Sync 1 DAGs
[2024-10-28T00:09:13.536+0000] {logging_mixin.py:190} INFO - [2024-10-28T00:09:13.536+0000] {dag.py:4180} INFO - Setting next_dagrun for example_task_group_decorator to None, run_after=None
[2024-10-28T00:09:13.557+0000] {processor.py:208} INFO - Processing /home/airflow/.local/lib/python3.12/site-packages/airflow/example_dags/example_task_group_decorator.py took 0.094 seconds
[2024-10-28T00:09:44.310+0000] {processor.py:186} INFO - Started process (PID=46560) to work on /home/airflow/.local/lib/python3.12/site-packages/airflow/example_dags/example_task_group_decorator.py
[2024-10-28T00:09:44.311+0000] {processor.py:914} INFO - Processing file /home/airflow/.local/lib/python3.12/site-packages/airflow/example_dags/example_task_group_decorator.py for tasks to queue
[2024-10-28T00:09:44.315+0000] {logging_mixin.py:190} INFO - [2024-10-28T00:09:44.313+0000] {dagbag.py:588} INFO - Filling up the DagBag from /home/airflow/.local/lib/python3.12/site-packages/airflow/example_dags/example_task_group_decorator.py
[2024-10-28T00:09:44.334+0000] {processor.py:925} INFO - DAG(s) 'example_task_group_decorator' retrieved from /home/airflow/.local/lib/python3.12/site-packages/airflow/example_dags/example_task_group_decorator.py
[2024-10-28T00:09:44.365+0000] {logging_mixin.py:190} INFO - [2024-10-28T00:09:44.364+0000] {dag.py:3239} INFO - Sync 1 DAGs
[2024-10-28T00:09:44.384+0000] {logging_mixin.py:190} INFO - [2024-10-28T00:09:44.383+0000] {dag.py:4180} INFO - Setting next_dagrun for example_task_group_decorator to None, run_after=None
[2024-10-28T00:09:44.406+0000] {processor.py:208} INFO - Processing /home/airflow/.local/lib/python3.12/site-packages/airflow/example_dags/example_task_group_decorator.py took 0.102 seconds
[2024-10-28T00:10:14.510+0000] {processor.py:186} INFO - Started process (PID=46634) to work on /home/airflow/.local/lib/python3.12/site-packages/airflow/example_dags/example_task_group_decorator.py
[2024-10-28T00:10:14.512+0000] {processor.py:914} INFO - Processing file /home/airflow/.local/lib/python3.12/site-packages/airflow/example_dags/example_task_group_decorator.py for tasks to queue
[2024-10-28T00:10:14.513+0000] {logging_mixin.py:190} INFO - [2024-10-28T00:10:14.513+0000] {dagbag.py:588} INFO - Filling up the DagBag from /home/airflow/.local/lib/python3.12/site-packages/airflow/example_dags/example_task_group_decorator.py
[2024-10-28T00:10:14.530+0000] {processor.py:925} INFO - DAG(s) 'example_task_group_decorator' retrieved from /home/airflow/.local/lib/python3.12/site-packages/airflow/example_dags/example_task_group_decorator.py
[2024-10-28T00:10:14.560+0000] {logging_mixin.py:190} INFO - [2024-10-28T00:10:14.560+0000] {dag.py:3239} INFO - Sync 1 DAGs
[2024-10-28T00:10:14.577+0000] {logging_mixin.py:190} INFO - [2024-10-28T00:10:14.576+0000] {dag.py:4180} INFO - Setting next_dagrun for example_task_group_decorator to None, run_after=None
[2024-10-28T00:10:14.599+0000] {processor.py:208} INFO - Processing /home/airflow/.local/lib/python3.12/site-packages/airflow/example_dags/example_task_group_decorator.py took 0.096 seconds
[2024-10-28T00:10:44.687+0000] {processor.py:186} INFO - Started process (PID=46708) to work on /home/airflow/.local/lib/python3.12/site-packages/airflow/example_dags/example_task_group_decorator.py
[2024-10-28T00:10:44.689+0000] {processor.py:914} INFO - Processing file /home/airflow/.local/lib/python3.12/site-packages/airflow/example_dags/example_task_group_decorator.py for tasks to queue
[2024-10-28T00:10:44.691+0000] {logging_mixin.py:190} INFO - [2024-10-28T00:10:44.690+0000] {dagbag.py:588} INFO - Filling up the DagBag from /home/airflow/.local/lib/python3.12/site-packages/airflow/example_dags/example_task_group_decorator.py
[2024-10-28T00:10:44.707+0000] {processor.py:925} INFO - DAG(s) 'example_task_group_decorator' retrieved from /home/airflow/.local/lib/python3.12/site-packages/airflow/example_dags/example_task_group_decorator.py
[2024-10-28T00:10:44.733+0000] {logging_mixin.py:190} INFO - [2024-10-28T00:10:44.733+0000] {dag.py:3239} INFO - Sync 1 DAGs
[2024-10-28T00:10:44.748+0000] {logging_mixin.py:190} INFO - [2024-10-28T00:10:44.748+0000] {dag.py:4180} INFO - Setting next_dagrun for example_task_group_decorator to None, run_after=None
[2024-10-28T00:10:44.771+0000] {processor.py:208} INFO - Processing /home/airflow/.local/lib/python3.12/site-packages/airflow/example_dags/example_task_group_decorator.py took 0.090 seconds
[2024-10-28T00:11:15.694+0000] {processor.py:186} INFO - Started process (PID=46782) to work on /home/airflow/.local/lib/python3.12/site-packages/airflow/example_dags/example_task_group_decorator.py
[2024-10-28T00:11:15.695+0000] {processor.py:914} INFO - Processing file /home/airflow/.local/lib/python3.12/site-packages/airflow/example_dags/example_task_group_decorator.py for tasks to queue
[2024-10-28T00:11:15.696+0000] {logging_mixin.py:190} INFO - [2024-10-28T00:11:15.696+0000] {dagbag.py:588} INFO - Filling up the DagBag from /home/airflow/.local/lib/python3.12/site-packages/airflow/example_dags/example_task_group_decorator.py
[2024-10-28T00:11:15.714+0000] {processor.py:925} INFO - DAG(s) 'example_task_group_decorator' retrieved from /home/airflow/.local/lib/python3.12/site-packages/airflow/example_dags/example_task_group_decorator.py
[2024-10-28T00:11:15.745+0000] {logging_mixin.py:190} INFO - [2024-10-28T00:11:15.745+0000] {dag.py:3239} INFO - Sync 1 DAGs
[2024-10-28T00:11:15.762+0000] {logging_mixin.py:190} INFO - [2024-10-28T00:11:15.762+0000] {dag.py:4180} INFO - Setting next_dagrun for example_task_group_decorator to None, run_after=None
[2024-10-28T00:11:15.785+0000] {processor.py:208} INFO - Processing /home/airflow/.local/lib/python3.12/site-packages/airflow/example_dags/example_task_group_decorator.py took 0.096 seconds
[2024-10-28T00:11:45.995+0000] {processor.py:186} INFO - Started process (PID=46856) to work on /home/airflow/.local/lib/python3.12/site-packages/airflow/example_dags/example_task_group_decorator.py
[2024-10-28T00:11:45.996+0000] {processor.py:914} INFO - Processing file /home/airflow/.local/lib/python3.12/site-packages/airflow/example_dags/example_task_group_decorator.py for tasks to queue
[2024-10-28T00:11:45.998+0000] {logging_mixin.py:190} INFO - [2024-10-28T00:11:45.998+0000] {dagbag.py:588} INFO - Filling up the DagBag from /home/airflow/.local/lib/python3.12/site-packages/airflow/example_dags/example_task_group_decorator.py
[2024-10-28T00:11:46.013+0000] {processor.py:925} INFO - DAG(s) 'example_task_group_decorator' retrieved from /home/airflow/.local/lib/python3.12/site-packages/airflow/example_dags/example_task_group_decorator.py
[2024-10-28T00:11:46.038+0000] {logging_mixin.py:190} INFO - [2024-10-28T00:11:46.038+0000] {dag.py:3239} INFO - Sync 1 DAGs
[2024-10-28T00:11:46.053+0000] {logging_mixin.py:190} INFO - [2024-10-28T00:11:46.052+0000] {dag.py:4180} INFO - Setting next_dagrun for example_task_group_decorator to None, run_after=None
[2024-10-28T00:11:46.071+0000] {processor.py:208} INFO - Processing /home/airflow/.local/lib/python3.12/site-packages/airflow/example_dags/example_task_group_decorator.py took 0.081 seconds
[2024-10-28T00:12:16.412+0000] {processor.py:186} INFO - Started process (PID=46930) to work on /home/airflow/.local/lib/python3.12/site-packages/airflow/example_dags/example_task_group_decorator.py
[2024-10-28T00:12:16.413+0000] {processor.py:914} INFO - Processing file /home/airflow/.local/lib/python3.12/site-packages/airflow/example_dags/example_task_group_decorator.py for tasks to queue
[2024-10-28T00:12:16.415+0000] {logging_mixin.py:190} INFO - [2024-10-28T00:12:16.414+0000] {dagbag.py:588} INFO - Filling up the DagBag from /home/airflow/.local/lib/python3.12/site-packages/airflow/example_dags/example_task_group_decorator.py
[2024-10-28T00:12:16.430+0000] {processor.py:925} INFO - DAG(s) 'example_task_group_decorator' retrieved from /home/airflow/.local/lib/python3.12/site-packages/airflow/example_dags/example_task_group_decorator.py
[2024-10-28T00:12:16.455+0000] {logging_mixin.py:190} INFO - [2024-10-28T00:12:16.455+0000] {dag.py:3239} INFO - Sync 1 DAGs
[2024-10-28T00:12:16.472+0000] {logging_mixin.py:190} INFO - [2024-10-28T00:12:16.472+0000] {dag.py:4180} INFO - Setting next_dagrun for example_task_group_decorator to None, run_after=None
[2024-10-28T00:12:16.492+0000] {processor.py:208} INFO - Processing /home/airflow/.local/lib/python3.12/site-packages/airflow/example_dags/example_task_group_decorator.py took 0.086 seconds
[2024-10-28T00:12:46.830+0000] {processor.py:186} INFO - Started process (PID=47004) to work on /home/airflow/.local/lib/python3.12/site-packages/airflow/example_dags/example_task_group_decorator.py
[2024-10-28T00:12:46.831+0000] {processor.py:914} INFO - Processing file /home/airflow/.local/lib/python3.12/site-packages/airflow/example_dags/example_task_group_decorator.py for tasks to queue
[2024-10-28T00:12:46.833+0000] {logging_mixin.py:190} INFO - [2024-10-28T00:12:46.832+0000] {dagbag.py:588} INFO - Filling up the DagBag from /home/airflow/.local/lib/python3.12/site-packages/airflow/example_dags/example_task_group_decorator.py
[2024-10-28T00:12:46.847+0000] {processor.py:925} INFO - DAG(s) 'example_task_group_decorator' retrieved from /home/airflow/.local/lib/python3.12/site-packages/airflow/example_dags/example_task_group_decorator.py
[2024-10-28T00:12:46.872+0000] {logging_mixin.py:190} INFO - [2024-10-28T00:12:46.872+0000] {dag.py:3239} INFO - Sync 1 DAGs
[2024-10-28T00:12:46.886+0000] {logging_mixin.py:190} INFO - [2024-10-28T00:12:46.885+0000] {dag.py:4180} INFO - Setting next_dagrun for example_task_group_decorator to None, run_after=None
[2024-10-28T00:12:46.903+0000] {processor.py:208} INFO - Processing /home/airflow/.local/lib/python3.12/site-packages/airflow/example_dags/example_task_group_decorator.py took 0.078 seconds
[2024-10-28T00:13:17.301+0000] {processor.py:186} INFO - Started process (PID=47078) to work on /home/airflow/.local/lib/python3.12/site-packages/airflow/example_dags/example_task_group_decorator.py
[2024-10-28T00:13:17.302+0000] {processor.py:914} INFO - Processing file /home/airflow/.local/lib/python3.12/site-packages/airflow/example_dags/example_task_group_decorator.py for tasks to queue
[2024-10-28T00:13:17.304+0000] {logging_mixin.py:190} INFO - [2024-10-28T00:13:17.303+0000] {dagbag.py:588} INFO - Filling up the DagBag from /home/airflow/.local/lib/python3.12/site-packages/airflow/example_dags/example_task_group_decorator.py
[2024-10-28T00:13:17.318+0000] {processor.py:925} INFO - DAG(s) 'example_task_group_decorator' retrieved from /home/airflow/.local/lib/python3.12/site-packages/airflow/example_dags/example_task_group_decorator.py
[2024-10-28T00:13:17.342+0000] {logging_mixin.py:190} INFO - [2024-10-28T00:13:17.342+0000] {dag.py:3239} INFO - Sync 1 DAGs
[2024-10-28T00:13:17.356+0000] {logging_mixin.py:190} INFO - [2024-10-28T00:13:17.355+0000] {dag.py:4180} INFO - Setting next_dagrun for example_task_group_decorator to None, run_after=None
[2024-10-28T00:13:17.373+0000] {processor.py:208} INFO - Processing /home/airflow/.local/lib/python3.12/site-packages/airflow/example_dags/example_task_group_decorator.py took 0.078 seconds
[2024-10-28T00:13:47.726+0000] {processor.py:186} INFO - Started process (PID=47152) to work on /home/airflow/.local/lib/python3.12/site-packages/airflow/example_dags/example_task_group_decorator.py
[2024-10-28T00:13:47.727+0000] {processor.py:914} INFO - Processing file /home/airflow/.local/lib/python3.12/site-packages/airflow/example_dags/example_task_group_decorator.py for tasks to queue
[2024-10-28T00:13:47.729+0000] {logging_mixin.py:190} INFO - [2024-10-28T00:13:47.728+0000] {dagbag.py:588} INFO - Filling up the DagBag from /home/airflow/.local/lib/python3.12/site-packages/airflow/example_dags/example_task_group_decorator.py
[2024-10-28T00:13:47.745+0000] {processor.py:925} INFO - DAG(s) 'example_task_group_decorator' retrieved from /home/airflow/.local/lib/python3.12/site-packages/airflow/example_dags/example_task_group_decorator.py
[2024-10-28T00:13:47.771+0000] {logging_mixin.py:190} INFO - [2024-10-28T00:13:47.771+0000] {dag.py:3239} INFO - Sync 1 DAGs
[2024-10-28T00:13:47.787+0000] {logging_mixin.py:190} INFO - [2024-10-28T00:13:47.787+0000] {dag.py:4180} INFO - Setting next_dagrun for example_task_group_decorator to None, run_after=None
[2024-10-28T00:13:47.807+0000] {processor.py:208} INFO - Processing /home/airflow/.local/lib/python3.12/site-packages/airflow/example_dags/example_task_group_decorator.py took 0.087 seconds
[2024-10-28T00:14:17.908+0000] {processor.py:186} INFO - Started process (PID=47226) to work on /home/airflow/.local/lib/python3.12/site-packages/airflow/example_dags/example_task_group_decorator.py
[2024-10-28T00:14:17.909+0000] {processor.py:914} INFO - Processing file /home/airflow/.local/lib/python3.12/site-packages/airflow/example_dags/example_task_group_decorator.py for tasks to queue
[2024-10-28T00:14:17.910+0000] {logging_mixin.py:190} INFO - [2024-10-28T00:14:17.910+0000] {dagbag.py:588} INFO - Filling up the DagBag from /home/airflow/.local/lib/python3.12/site-packages/airflow/example_dags/example_task_group_decorator.py
[2024-10-28T00:14:17.925+0000] {processor.py:925} INFO - DAG(s) 'example_task_group_decorator' retrieved from /home/airflow/.local/lib/python3.12/site-packages/airflow/example_dags/example_task_group_decorator.py
[2024-10-28T00:14:17.949+0000] {logging_mixin.py:190} INFO - [2024-10-28T00:14:17.949+0000] {dag.py:3239} INFO - Sync 1 DAGs
[2024-10-28T00:14:17.964+0000] {logging_mixin.py:190} INFO - [2024-10-28T00:14:17.963+0000] {dag.py:4180} INFO - Setting next_dagrun for example_task_group_decorator to None, run_after=None
[2024-10-28T00:14:17.981+0000] {processor.py:208} INFO - Processing /home/airflow/.local/lib/python3.12/site-packages/airflow/example_dags/example_task_group_decorator.py took 0.079 seconds
[2024-10-28T00:14:48.162+0000] {processor.py:186} INFO - Started process (PID=47300) to work on /home/airflow/.local/lib/python3.12/site-packages/airflow/example_dags/example_task_group_decorator.py
[2024-10-28T00:14:48.163+0000] {processor.py:914} INFO - Processing file /home/airflow/.local/lib/python3.12/site-packages/airflow/example_dags/example_task_group_decorator.py for tasks to queue
[2024-10-28T00:14:48.165+0000] {logging_mixin.py:190} INFO - [2024-10-28T00:14:48.164+0000] {dagbag.py:588} INFO - Filling up the DagBag from /home/airflow/.local/lib/python3.12/site-packages/airflow/example_dags/example_task_group_decorator.py
[2024-10-28T00:14:48.179+0000] {processor.py:925} INFO - DAG(s) 'example_task_group_decorator' retrieved from /home/airflow/.local/lib/python3.12/site-packages/airflow/example_dags/example_task_group_decorator.py
[2024-10-28T00:14:48.202+0000] {logging_mixin.py:190} INFO - [2024-10-28T00:14:48.202+0000] {dag.py:3239} INFO - Sync 1 DAGs
[2024-10-28T00:14:48.215+0000] {logging_mixin.py:190} INFO - [2024-10-28T00:14:48.215+0000] {dag.py:4180} INFO - Setting next_dagrun for example_task_group_decorator to None, run_after=None
[2024-10-28T00:14:48.232+0000] {processor.py:208} INFO - Processing /home/airflow/.local/lib/python3.12/site-packages/airflow/example_dags/example_task_group_decorator.py took 0.074 seconds
[2024-10-28T00:15:18.619+0000] {processor.py:186} INFO - Started process (PID=47374) to work on /home/airflow/.local/lib/python3.12/site-packages/airflow/example_dags/example_task_group_decorator.py
[2024-10-28T00:15:18.620+0000] {processor.py:914} INFO - Processing file /home/airflow/.local/lib/python3.12/site-packages/airflow/example_dags/example_task_group_decorator.py for tasks to queue
[2024-10-28T00:15:18.621+0000] {logging_mixin.py:190} INFO - [2024-10-28T00:15:18.621+0000] {dagbag.py:588} INFO - Filling up the DagBag from /home/airflow/.local/lib/python3.12/site-packages/airflow/example_dags/example_task_group_decorator.py
[2024-10-28T00:15:18.636+0000] {processor.py:925} INFO - DAG(s) 'example_task_group_decorator' retrieved from /home/airflow/.local/lib/python3.12/site-packages/airflow/example_dags/example_task_group_decorator.py
[2024-10-28T00:15:18.660+0000] {logging_mixin.py:190} INFO - [2024-10-28T00:15:18.660+0000] {dag.py:3239} INFO - Sync 1 DAGs
[2024-10-28T00:15:18.675+0000] {logging_mixin.py:190} INFO - [2024-10-28T00:15:18.675+0000] {dag.py:4180} INFO - Setting next_dagrun for example_task_group_decorator to None, run_after=None
[2024-10-28T00:15:18.693+0000] {processor.py:208} INFO - Processing /home/airflow/.local/lib/python3.12/site-packages/airflow/example_dags/example_task_group_decorator.py took 0.080 seconds
[2024-10-28T00:15:49.061+0000] {processor.py:186} INFO - Started process (PID=47448) to work on /home/airflow/.local/lib/python3.12/site-packages/airflow/example_dags/example_task_group_decorator.py
[2024-10-28T00:15:49.062+0000] {processor.py:914} INFO - Processing file /home/airflow/.local/lib/python3.12/site-packages/airflow/example_dags/example_task_group_decorator.py for tasks to queue
[2024-10-28T00:15:49.064+0000] {logging_mixin.py:190} INFO - [2024-10-28T00:15:49.063+0000] {dagbag.py:588} INFO - Filling up the DagBag from /home/airflow/.local/lib/python3.12/site-packages/airflow/example_dags/example_task_group_decorator.py
[2024-10-28T00:15:49.078+0000] {processor.py:925} INFO - DAG(s) 'example_task_group_decorator' retrieved from /home/airflow/.local/lib/python3.12/site-packages/airflow/example_dags/example_task_group_decorator.py
[2024-10-28T00:15:49.105+0000] {logging_mixin.py:190} INFO - [2024-10-28T00:15:49.104+0000] {dag.py:3239} INFO - Sync 1 DAGs
[2024-10-28T00:15:49.120+0000] {logging_mixin.py:190} INFO - [2024-10-28T00:15:49.120+0000] {dag.py:4180} INFO - Setting next_dagrun for example_task_group_decorator to None, run_after=None
[2024-10-28T00:15:49.138+0000] {processor.py:208} INFO - Processing /home/airflow/.local/lib/python3.12/site-packages/airflow/example_dags/example_task_group_decorator.py took 0.083 seconds
[2024-10-28T00:16:19.979+0000] {processor.py:186} INFO - Started process (PID=47522) to work on /home/airflow/.local/lib/python3.12/site-packages/airflow/example_dags/example_task_group_decorator.py
[2024-10-28T00:16:19.980+0000] {processor.py:914} INFO - Processing file /home/airflow/.local/lib/python3.12/site-packages/airflow/example_dags/example_task_group_decorator.py for tasks to queue
[2024-10-28T00:16:19.981+0000] {logging_mixin.py:190} INFO - [2024-10-28T00:16:19.981+0000] {dagbag.py:588} INFO - Filling up the DagBag from /home/airflow/.local/lib/python3.12/site-packages/airflow/example_dags/example_task_group_decorator.py
[2024-10-28T00:16:19.996+0000] {processor.py:925} INFO - DAG(s) 'example_task_group_decorator' retrieved from /home/airflow/.local/lib/python3.12/site-packages/airflow/example_dags/example_task_group_decorator.py
[2024-10-28T00:16:20.022+0000] {logging_mixin.py:190} INFO - [2024-10-28T00:16:20.022+0000] {dag.py:3239} INFO - Sync 1 DAGs
[2024-10-28T00:16:20.037+0000] {logging_mixin.py:190} INFO - [2024-10-28T00:16:20.037+0000] {dag.py:4180} INFO - Setting next_dagrun for example_task_group_decorator to None, run_after=None
[2024-10-28T00:16:20.056+0000] {processor.py:208} INFO - Processing /home/airflow/.local/lib/python3.12/site-packages/airflow/example_dags/example_task_group_decorator.py took 0.083 seconds
[2024-10-28T00:16:50.966+0000] {processor.py:186} INFO - Started process (PID=47596) to work on /home/airflow/.local/lib/python3.12/site-packages/airflow/example_dags/example_task_group_decorator.py
[2024-10-28T00:16:50.967+0000] {processor.py:914} INFO - Processing file /home/airflow/.local/lib/python3.12/site-packages/airflow/example_dags/example_task_group_decorator.py for tasks to queue
[2024-10-28T00:16:50.969+0000] {logging_mixin.py:190} INFO - [2024-10-28T00:16:50.968+0000] {dagbag.py:588} INFO - Filling up the DagBag from /home/airflow/.local/lib/python3.12/site-packages/airflow/example_dags/example_task_group_decorator.py
[2024-10-28T00:16:50.983+0000] {processor.py:925} INFO - DAG(s) 'example_task_group_decorator' retrieved from /home/airflow/.local/lib/python3.12/site-packages/airflow/example_dags/example_task_group_decorator.py
[2024-10-28T00:16:51.007+0000] {logging_mixin.py:190} INFO - [2024-10-28T00:16:51.006+0000] {dag.py:3239} INFO - Sync 1 DAGs
[2024-10-28T00:16:51.020+0000] {logging_mixin.py:190} INFO - [2024-10-28T00:16:51.020+0000] {dag.py:4180} INFO - Setting next_dagrun for example_task_group_decorator to None, run_after=None
[2024-10-28T00:16:51.037+0000] {processor.py:208} INFO - Processing /home/airflow/.local/lib/python3.12/site-packages/airflow/example_dags/example_task_group_decorator.py took 0.076 seconds
[2024-10-28T00:17:21.454+0000] {processor.py:186} INFO - Started process (PID=47670) to work on /home/airflow/.local/lib/python3.12/site-packages/airflow/example_dags/example_task_group_decorator.py
[2024-10-28T00:17:21.456+0000] {processor.py:914} INFO - Processing file /home/airflow/.local/lib/python3.12/site-packages/airflow/example_dags/example_task_group_decorator.py for tasks to queue
[2024-10-28T00:17:21.457+0000] {logging_mixin.py:190} INFO - [2024-10-28T00:17:21.457+0000] {dagbag.py:588} INFO - Filling up the DagBag from /home/airflow/.local/lib/python3.12/site-packages/airflow/example_dags/example_task_group_decorator.py
[2024-10-28T00:17:21.471+0000] {processor.py:925} INFO - DAG(s) 'example_task_group_decorator' retrieved from /home/airflow/.local/lib/python3.12/site-packages/airflow/example_dags/example_task_group_decorator.py
[2024-10-28T00:17:21.496+0000] {logging_mixin.py:190} INFO - [2024-10-28T00:17:21.495+0000] {dag.py:3239} INFO - Sync 1 DAGs
[2024-10-28T00:17:21.510+0000] {logging_mixin.py:190} INFO - [2024-10-28T00:17:21.510+0000] {dag.py:4180} INFO - Setting next_dagrun for example_task_group_decorator to None, run_after=None
[2024-10-28T00:17:21.528+0000] {processor.py:208} INFO - Processing /home/airflow/.local/lib/python3.12/site-packages/airflow/example_dags/example_task_group_decorator.py took 0.079 seconds
[2024-10-28T00:17:51.828+0000] {processor.py:186} INFO - Started process (PID=47744) to work on /home/airflow/.local/lib/python3.12/site-packages/airflow/example_dags/example_task_group_decorator.py
[2024-10-28T00:17:51.829+0000] {processor.py:914} INFO - Processing file /home/airflow/.local/lib/python3.12/site-packages/airflow/example_dags/example_task_group_decorator.py for tasks to queue
[2024-10-28T00:17:51.830+0000] {logging_mixin.py:190} INFO - [2024-10-28T00:17:51.830+0000] {dagbag.py:588} INFO - Filling up the DagBag from /home/airflow/.local/lib/python3.12/site-packages/airflow/example_dags/example_task_group_decorator.py
[2024-10-28T00:17:51.850+0000] {processor.py:925} INFO - DAG(s) 'example_task_group_decorator' retrieved from /home/airflow/.local/lib/python3.12/site-packages/airflow/example_dags/example_task_group_decorator.py
[2024-10-28T00:17:51.877+0000] {logging_mixin.py:190} INFO - [2024-10-28T00:17:51.877+0000] {dag.py:3239} INFO - Sync 1 DAGs
[2024-10-28T00:17:51.892+0000] {logging_mixin.py:190} INFO - [2024-10-28T00:17:51.892+0000] {dag.py:4180} INFO - Setting next_dagrun for example_task_group_decorator to None, run_after=None
[2024-10-28T00:17:51.911+0000] {processor.py:208} INFO - Processing /home/airflow/.local/lib/python3.12/site-packages/airflow/example_dags/example_task_group_decorator.py took 0.089 seconds
[2024-10-28T00:18:22.359+0000] {processor.py:186} INFO - Started process (PID=47818) to work on /home/airflow/.local/lib/python3.12/site-packages/airflow/example_dags/example_task_group_decorator.py
[2024-10-28T00:18:22.360+0000] {processor.py:914} INFO - Processing file /home/airflow/.local/lib/python3.12/site-packages/airflow/example_dags/example_task_group_decorator.py for tasks to queue
[2024-10-28T00:18:22.361+0000] {logging_mixin.py:190} INFO - [2024-10-28T00:18:22.361+0000] {dagbag.py:588} INFO - Filling up the DagBag from /home/airflow/.local/lib/python3.12/site-packages/airflow/example_dags/example_task_group_decorator.py
[2024-10-28T00:18:22.381+0000] {processor.py:925} INFO - DAG(s) 'example_task_group_decorator' retrieved from /home/airflow/.local/lib/python3.12/site-packages/airflow/example_dags/example_task_group_decorator.py
[2024-10-28T00:18:22.416+0000] {logging_mixin.py:190} INFO - [2024-10-28T00:18:22.415+0000] {dag.py:3239} INFO - Sync 1 DAGs
[2024-10-28T00:18:22.436+0000] {logging_mixin.py:190} INFO - [2024-10-28T00:18:22.436+0000] {dag.py:4180} INFO - Setting next_dagrun for example_task_group_decorator to None, run_after=None
[2024-10-28T00:18:22.463+0000] {processor.py:208} INFO - Processing /home/airflow/.local/lib/python3.12/site-packages/airflow/example_dags/example_task_group_decorator.py took 0.113 seconds
[2024-10-28T00:18:52.637+0000] {processor.py:186} INFO - Started process (PID=47892) to work on /home/airflow/.local/lib/python3.12/site-packages/airflow/example_dags/example_task_group_decorator.py
[2024-10-28T00:18:52.638+0000] {processor.py:914} INFO - Processing file /home/airflow/.local/lib/python3.12/site-packages/airflow/example_dags/example_task_group_decorator.py for tasks to queue
[2024-10-28T00:18:52.639+0000] {logging_mixin.py:190} INFO - [2024-10-28T00:18:52.639+0000] {dagbag.py:588} INFO - Filling up the DagBag from /home/airflow/.local/lib/python3.12/site-packages/airflow/example_dags/example_task_group_decorator.py
[2024-10-28T00:18:52.654+0000] {processor.py:925} INFO - DAG(s) 'example_task_group_decorator' retrieved from /home/airflow/.local/lib/python3.12/site-packages/airflow/example_dags/example_task_group_decorator.py
[2024-10-28T00:18:52.680+0000] {logging_mixin.py:190} INFO - [2024-10-28T00:18:52.679+0000] {dag.py:3239} INFO - Sync 1 DAGs
[2024-10-28T00:18:52.694+0000] {logging_mixin.py:190} INFO - [2024-10-28T00:18:52.694+0000] {dag.py:4180} INFO - Setting next_dagrun for example_task_group_decorator to None, run_after=None
[2024-10-28T00:18:52.711+0000] {processor.py:208} INFO - Processing /home/airflow/.local/lib/python3.12/site-packages/airflow/example_dags/example_task_group_decorator.py took 0.081 seconds
[2024-10-28T00:19:23.225+0000] {processor.py:186} INFO - Started process (PID=47966) to work on /home/airflow/.local/lib/python3.12/site-packages/airflow/example_dags/example_task_group_decorator.py
[2024-10-28T00:19:23.227+0000] {processor.py:914} INFO - Processing file /home/airflow/.local/lib/python3.12/site-packages/airflow/example_dags/example_task_group_decorator.py for tasks to queue
[2024-10-28T00:19:23.229+0000] {logging_mixin.py:190} INFO - [2024-10-28T00:19:23.229+0000] {dagbag.py:588} INFO - Filling up the DagBag from /home/airflow/.local/lib/python3.12/site-packages/airflow/example_dags/example_task_group_decorator.py
[2024-10-28T00:19:23.254+0000] {processor.py:925} INFO - DAG(s) 'example_task_group_decorator' retrieved from /home/airflow/.local/lib/python3.12/site-packages/airflow/example_dags/example_task_group_decorator.py
[2024-10-28T00:19:23.285+0000] {logging_mixin.py:190} INFO - [2024-10-28T00:19:23.285+0000] {dag.py:3239} INFO - Sync 1 DAGs
[2024-10-28T00:19:23.308+0000] {logging_mixin.py:190} INFO - [2024-10-28T00:19:23.308+0000] {dag.py:4180} INFO - Setting next_dagrun for example_task_group_decorator to None, run_after=None
[2024-10-28T00:19:23.335+0000] {processor.py:208} INFO - Processing /home/airflow/.local/lib/python3.12/site-packages/airflow/example_dags/example_task_group_decorator.py took 0.116 seconds
[2024-10-28T00:19:53.558+0000] {processor.py:186} INFO - Started process (PID=48040) to work on /home/airflow/.local/lib/python3.12/site-packages/airflow/example_dags/example_task_group_decorator.py
[2024-10-28T00:19:53.560+0000] {processor.py:914} INFO - Processing file /home/airflow/.local/lib/python3.12/site-packages/airflow/example_dags/example_task_group_decorator.py for tasks to queue
[2024-10-28T00:19:53.563+0000] {logging_mixin.py:190} INFO - [2024-10-28T00:19:53.562+0000] {dagbag.py:588} INFO - Filling up the DagBag from /home/airflow/.local/lib/python3.12/site-packages/airflow/example_dags/example_task_group_decorator.py
[2024-10-28T00:19:53.585+0000] {processor.py:925} INFO - DAG(s) 'example_task_group_decorator' retrieved from /home/airflow/.local/lib/python3.12/site-packages/airflow/example_dags/example_task_group_decorator.py
[2024-10-28T00:19:53.619+0000] {logging_mixin.py:190} INFO - [2024-10-28T00:19:53.619+0000] {dag.py:3239} INFO - Sync 1 DAGs
[2024-10-28T00:19:53.638+0000] {logging_mixin.py:190} INFO - [2024-10-28T00:19:53.637+0000] {dag.py:4180} INFO - Setting next_dagrun for example_task_group_decorator to None, run_after=None
[2024-10-28T00:19:53.663+0000] {processor.py:208} INFO - Processing /home/airflow/.local/lib/python3.12/site-packages/airflow/example_dags/example_task_group_decorator.py took 0.113 seconds
[2024-10-28T00:20:24.072+0000] {processor.py:186} INFO - Started process (PID=48114) to work on /home/airflow/.local/lib/python3.12/site-packages/airflow/example_dags/example_task_group_decorator.py
[2024-10-28T00:20:24.074+0000] {processor.py:914} INFO - Processing file /home/airflow/.local/lib/python3.12/site-packages/airflow/example_dags/example_task_group_decorator.py for tasks to queue
[2024-10-28T00:20:24.075+0000] {logging_mixin.py:190} INFO - [2024-10-28T00:20:24.075+0000] {dagbag.py:588} INFO - Filling up the DagBag from /home/airflow/.local/lib/python3.12/site-packages/airflow/example_dags/example_task_group_decorator.py
[2024-10-28T00:20:24.094+0000] {processor.py:925} INFO - DAG(s) 'example_task_group_decorator' retrieved from /home/airflow/.local/lib/python3.12/site-packages/airflow/example_dags/example_task_group_decorator.py
[2024-10-28T00:20:24.129+0000] {logging_mixin.py:190} INFO - [2024-10-28T00:20:24.128+0000] {dag.py:3239} INFO - Sync 1 DAGs
[2024-10-28T00:20:24.145+0000] {logging_mixin.py:190} INFO - [2024-10-28T00:20:24.145+0000] {dag.py:4180} INFO - Setting next_dagrun for example_task_group_decorator to None, run_after=None
[2024-10-28T00:20:24.168+0000] {processor.py:208} INFO - Processing /home/airflow/.local/lib/python3.12/site-packages/airflow/example_dags/example_task_group_decorator.py took 0.104 seconds
[2024-10-28T00:20:54.876+0000] {processor.py:186} INFO - Started process (PID=48188) to work on /home/airflow/.local/lib/python3.12/site-packages/airflow/example_dags/example_task_group_decorator.py
[2024-10-28T00:20:54.877+0000] {processor.py:914} INFO - Processing file /home/airflow/.local/lib/python3.12/site-packages/airflow/example_dags/example_task_group_decorator.py for tasks to queue
[2024-10-28T00:20:54.879+0000] {logging_mixin.py:190} INFO - [2024-10-28T00:20:54.879+0000] {dagbag.py:588} INFO - Filling up the DagBag from /home/airflow/.local/lib/python3.12/site-packages/airflow/example_dags/example_task_group_decorator.py
[2024-10-28T00:20:54.897+0000] {processor.py:925} INFO - DAG(s) 'example_task_group_decorator' retrieved from /home/airflow/.local/lib/python3.12/site-packages/airflow/example_dags/example_task_group_decorator.py
[2024-10-28T00:20:54.924+0000] {logging_mixin.py:190} INFO - [2024-10-28T00:20:54.924+0000] {dag.py:3239} INFO - Sync 1 DAGs
[2024-10-28T00:20:54.941+0000] {logging_mixin.py:190} INFO - [2024-10-28T00:20:54.941+0000] {dag.py:4180} INFO - Setting next_dagrun for example_task_group_decorator to None, run_after=None
[2024-10-28T00:20:54.962+0000] {processor.py:208} INFO - Processing /home/airflow/.local/lib/python3.12/site-packages/airflow/example_dags/example_task_group_decorator.py took 0.092 seconds
[2024-10-28T00:21:25.661+0000] {processor.py:186} INFO - Started process (PID=48262) to work on /home/airflow/.local/lib/python3.12/site-packages/airflow/example_dags/example_task_group_decorator.py
[2024-10-28T00:21:25.663+0000] {processor.py:914} INFO - Processing file /home/airflow/.local/lib/python3.12/site-packages/airflow/example_dags/example_task_group_decorator.py for tasks to queue
[2024-10-28T00:21:25.664+0000] {logging_mixin.py:190} INFO - [2024-10-28T00:21:25.664+0000] {dagbag.py:588} INFO - Filling up the DagBag from /home/airflow/.local/lib/python3.12/site-packages/airflow/example_dags/example_task_group_decorator.py
[2024-10-28T00:21:25.682+0000] {processor.py:925} INFO - DAG(s) 'example_task_group_decorator' retrieved from /home/airflow/.local/lib/python3.12/site-packages/airflow/example_dags/example_task_group_decorator.py
[2024-10-28T00:21:25.714+0000] {logging_mixin.py:190} INFO - [2024-10-28T00:21:25.714+0000] {dag.py:3239} INFO - Sync 1 DAGs
[2024-10-28T00:21:25.731+0000] {logging_mixin.py:190} INFO - [2024-10-28T00:21:25.731+0000] {dag.py:4180} INFO - Setting next_dagrun for example_task_group_decorator to None, run_after=None
[2024-10-28T00:21:25.751+0000] {processor.py:208} INFO - Processing /home/airflow/.local/lib/python3.12/site-packages/airflow/example_dags/example_task_group_decorator.py took 0.096 seconds
[2024-10-28T00:21:56.095+0000] {processor.py:186} INFO - Started process (PID=48336) to work on /home/airflow/.local/lib/python3.12/site-packages/airflow/example_dags/example_task_group_decorator.py
[2024-10-28T00:21:56.096+0000] {processor.py:914} INFO - Processing file /home/airflow/.local/lib/python3.12/site-packages/airflow/example_dags/example_task_group_decorator.py for tasks to queue
[2024-10-28T00:21:56.098+0000] {logging_mixin.py:190} INFO - [2024-10-28T00:21:56.098+0000] {dagbag.py:588} INFO - Filling up the DagBag from /home/airflow/.local/lib/python3.12/site-packages/airflow/example_dags/example_task_group_decorator.py
[2024-10-28T00:21:56.114+0000] {processor.py:925} INFO - DAG(s) 'example_task_group_decorator' retrieved from /home/airflow/.local/lib/python3.12/site-packages/airflow/example_dags/example_task_group_decorator.py
[2024-10-28T00:21:56.143+0000] {logging_mixin.py:190} INFO - [2024-10-28T00:21:56.143+0000] {dag.py:3239} INFO - Sync 1 DAGs
[2024-10-28T00:21:56.160+0000] {logging_mixin.py:190} INFO - [2024-10-28T00:21:56.159+0000] {dag.py:4180} INFO - Setting next_dagrun for example_task_group_decorator to None, run_after=None
[2024-10-28T00:21:56.181+0000] {processor.py:208} INFO - Processing /home/airflow/.local/lib/python3.12/site-packages/airflow/example_dags/example_task_group_decorator.py took 0.091 seconds
[2024-10-28T00:22:27.018+0000] {processor.py:186} INFO - Started process (PID=48410) to work on /home/airflow/.local/lib/python3.12/site-packages/airflow/example_dags/example_task_group_decorator.py
[2024-10-28T00:22:27.021+0000] {processor.py:914} INFO - Processing file /home/airflow/.local/lib/python3.12/site-packages/airflow/example_dags/example_task_group_decorator.py for tasks to queue
[2024-10-28T00:22:27.023+0000] {logging_mixin.py:190} INFO - [2024-10-28T00:22:27.023+0000] {dagbag.py:588} INFO - Filling up the DagBag from /home/airflow/.local/lib/python3.12/site-packages/airflow/example_dags/example_task_group_decorator.py
[2024-10-28T00:22:27.047+0000] {processor.py:925} INFO - DAG(s) 'example_task_group_decorator' retrieved from /home/airflow/.local/lib/python3.12/site-packages/airflow/example_dags/example_task_group_decorator.py
[2024-10-28T00:22:27.077+0000] {logging_mixin.py:190} INFO - [2024-10-28T00:22:27.076+0000] {dag.py:3239} INFO - Sync 1 DAGs
[2024-10-28T00:22:27.093+0000] {logging_mixin.py:190} INFO - [2024-10-28T00:22:27.093+0000] {dag.py:4180} INFO - Setting next_dagrun for example_task_group_decorator to None, run_after=None
[2024-10-28T00:22:27.119+0000] {processor.py:208} INFO - Processing /home/airflow/.local/lib/python3.12/site-packages/airflow/example_dags/example_task_group_decorator.py took 0.112 seconds
[2024-10-28T00:22:57.561+0000] {processor.py:186} INFO - Started process (PID=48484) to work on /home/airflow/.local/lib/python3.12/site-packages/airflow/example_dags/example_task_group_decorator.py
[2024-10-28T00:22:57.562+0000] {processor.py:914} INFO - Processing file /home/airflow/.local/lib/python3.12/site-packages/airflow/example_dags/example_task_group_decorator.py for tasks to queue
[2024-10-28T00:22:57.564+0000] {logging_mixin.py:190} INFO - [2024-10-28T00:22:57.563+0000] {dagbag.py:588} INFO - Filling up the DagBag from /home/airflow/.local/lib/python3.12/site-packages/airflow/example_dags/example_task_group_decorator.py
[2024-10-28T00:22:57.583+0000] {processor.py:925} INFO - DAG(s) 'example_task_group_decorator' retrieved from /home/airflow/.local/lib/python3.12/site-packages/airflow/example_dags/example_task_group_decorator.py
[2024-10-28T00:22:57.610+0000] {logging_mixin.py:190} INFO - [2024-10-28T00:22:57.610+0000] {dag.py:3239} INFO - Sync 1 DAGs
[2024-10-28T00:22:57.627+0000] {logging_mixin.py:190} INFO - [2024-10-28T00:22:57.627+0000] {dag.py:4180} INFO - Setting next_dagrun for example_task_group_decorator to None, run_after=None
[2024-10-28T00:22:57.649+0000] {processor.py:208} INFO - Processing /home/airflow/.local/lib/python3.12/site-packages/airflow/example_dags/example_task_group_decorator.py took 0.094 seconds
[2024-10-28T00:23:27.965+0000] {processor.py:186} INFO - Started process (PID=48558) to work on /home/airflow/.local/lib/python3.12/site-packages/airflow/example_dags/example_task_group_decorator.py
[2024-10-28T00:23:27.966+0000] {processor.py:914} INFO - Processing file /home/airflow/.local/lib/python3.12/site-packages/airflow/example_dags/example_task_group_decorator.py for tasks to queue
[2024-10-28T00:23:27.967+0000] {logging_mixin.py:190} INFO - [2024-10-28T00:23:27.967+0000] {dagbag.py:588} INFO - Filling up the DagBag from /home/airflow/.local/lib/python3.12/site-packages/airflow/example_dags/example_task_group_decorator.py
[2024-10-28T00:23:27.982+0000] {processor.py:925} INFO - DAG(s) 'example_task_group_decorator' retrieved from /home/airflow/.local/lib/python3.12/site-packages/airflow/example_dags/example_task_group_decorator.py
[2024-10-28T00:23:28.006+0000] {logging_mixin.py:190} INFO - [2024-10-28T00:23:28.006+0000] {dag.py:3239} INFO - Sync 1 DAGs
[2024-10-28T00:23:28.020+0000] {logging_mixin.py:190} INFO - [2024-10-28T00:23:28.020+0000] {dag.py:4180} INFO - Setting next_dagrun for example_task_group_decorator to None, run_after=None
[2024-10-28T00:23:28.043+0000] {processor.py:208} INFO - Processing /home/airflow/.local/lib/python3.12/site-packages/airflow/example_dags/example_task_group_decorator.py took 0.084 seconds
[2024-10-28T00:23:58.974+0000] {processor.py:186} INFO - Started process (PID=48632) to work on /home/airflow/.local/lib/python3.12/site-packages/airflow/example_dags/example_task_group_decorator.py
[2024-10-28T00:23:58.976+0000] {processor.py:914} INFO - Processing file /home/airflow/.local/lib/python3.12/site-packages/airflow/example_dags/example_task_group_decorator.py for tasks to queue
[2024-10-28T00:23:58.979+0000] {logging_mixin.py:190} INFO - [2024-10-28T00:23:58.978+0000] {dagbag.py:588} INFO - Filling up the DagBag from /home/airflow/.local/lib/python3.12/site-packages/airflow/example_dags/example_task_group_decorator.py
[2024-10-28T00:23:59.003+0000] {processor.py:925} INFO - DAG(s) 'example_task_group_decorator' retrieved from /home/airflow/.local/lib/python3.12/site-packages/airflow/example_dags/example_task_group_decorator.py
[2024-10-28T00:23:59.037+0000] {logging_mixin.py:190} INFO - [2024-10-28T00:23:59.036+0000] {dag.py:3239} INFO - Sync 1 DAGs
[2024-10-28T00:23:59.055+0000] {logging_mixin.py:190} INFO - [2024-10-28T00:23:59.055+0000] {dag.py:4180} INFO - Setting next_dagrun for example_task_group_decorator to None, run_after=None
[2024-10-28T00:23:59.081+0000] {processor.py:208} INFO - Processing /home/airflow/.local/lib/python3.12/site-packages/airflow/example_dags/example_task_group_decorator.py took 0.114 seconds
[2024-10-28T00:24:29.423+0000] {processor.py:186} INFO - Started process (PID=48706) to work on /home/airflow/.local/lib/python3.12/site-packages/airflow/example_dags/example_task_group_decorator.py
[2024-10-28T00:24:29.424+0000] {processor.py:914} INFO - Processing file /home/airflow/.local/lib/python3.12/site-packages/airflow/example_dags/example_task_group_decorator.py for tasks to queue
[2024-10-28T00:24:29.425+0000] {logging_mixin.py:190} INFO - [2024-10-28T00:24:29.425+0000] {dagbag.py:588} INFO - Filling up the DagBag from /home/airflow/.local/lib/python3.12/site-packages/airflow/example_dags/example_task_group_decorator.py
[2024-10-28T00:24:29.440+0000] {processor.py:925} INFO - DAG(s) 'example_task_group_decorator' retrieved from /home/airflow/.local/lib/python3.12/site-packages/airflow/example_dags/example_task_group_decorator.py
[2024-10-28T00:24:29.465+0000] {logging_mixin.py:190} INFO - [2024-10-28T00:24:29.465+0000] {dag.py:3239} INFO - Sync 1 DAGs
[2024-10-28T00:24:29.479+0000] {logging_mixin.py:190} INFO - [2024-10-28T00:24:29.479+0000] {dag.py:4180} INFO - Setting next_dagrun for example_task_group_decorator to None, run_after=None
[2024-10-28T00:24:29.500+0000] {processor.py:208} INFO - Processing /home/airflow/.local/lib/python3.12/site-packages/airflow/example_dags/example_task_group_decorator.py took 0.083 seconds
[2024-10-28T00:25:00.002+0000] {processor.py:186} INFO - Started process (PID=48780) to work on /home/airflow/.local/lib/python3.12/site-packages/airflow/example_dags/example_task_group_decorator.py
[2024-10-28T00:25:00.004+0000] {processor.py:914} INFO - Processing file /home/airflow/.local/lib/python3.12/site-packages/airflow/example_dags/example_task_group_decorator.py for tasks to queue
[2024-10-28T00:25:00.006+0000] {logging_mixin.py:190} INFO - [2024-10-28T00:25:00.006+0000] {dagbag.py:588} INFO - Filling up the DagBag from /home/airflow/.local/lib/python3.12/site-packages/airflow/example_dags/example_task_group_decorator.py
[2024-10-28T00:25:00.023+0000] {processor.py:925} INFO - DAG(s) 'example_task_group_decorator' retrieved from /home/airflow/.local/lib/python3.12/site-packages/airflow/example_dags/example_task_group_decorator.py
[2024-10-28T00:25:00.053+0000] {logging_mixin.py:190} INFO - [2024-10-28T00:25:00.053+0000] {dag.py:3239} INFO - Sync 1 DAGs
[2024-10-28T00:25:00.071+0000] {logging_mixin.py:190} INFO - [2024-10-28T00:25:00.071+0000] {dag.py:4180} INFO - Setting next_dagrun for example_task_group_decorator to None, run_after=None
[2024-10-28T00:25:00.091+0000] {processor.py:208} INFO - Processing /home/airflow/.local/lib/python3.12/site-packages/airflow/example_dags/example_task_group_decorator.py took 0.096 seconds
[2024-10-28T00:25:30.362+0000] {processor.py:186} INFO - Started process (PID=48854) to work on /home/airflow/.local/lib/python3.12/site-packages/airflow/example_dags/example_task_group_decorator.py
[2024-10-28T00:25:30.363+0000] {processor.py:914} INFO - Processing file /home/airflow/.local/lib/python3.12/site-packages/airflow/example_dags/example_task_group_decorator.py for tasks to queue
[2024-10-28T00:25:30.365+0000] {logging_mixin.py:190} INFO - [2024-10-28T00:25:30.364+0000] {dagbag.py:588} INFO - Filling up the DagBag from /home/airflow/.local/lib/python3.12/site-packages/airflow/example_dags/example_task_group_decorator.py
[2024-10-28T00:25:30.381+0000] {processor.py:925} INFO - DAG(s) 'example_task_group_decorator' retrieved from /home/airflow/.local/lib/python3.12/site-packages/airflow/example_dags/example_task_group_decorator.py
[2024-10-28T00:25:30.407+0000] {logging_mixin.py:190} INFO - [2024-10-28T00:25:30.407+0000] {dag.py:3239} INFO - Sync 1 DAGs
[2024-10-28T00:25:30.422+0000] {logging_mixin.py:190} INFO - [2024-10-28T00:25:30.422+0000] {dag.py:4180} INFO - Setting next_dagrun for example_task_group_decorator to None, run_after=None
[2024-10-28T00:25:30.443+0000] {processor.py:208} INFO - Processing /home/airflow/.local/lib/python3.12/site-packages/airflow/example_dags/example_task_group_decorator.py took 0.088 seconds
[2024-10-28T00:26:00.899+0000] {processor.py:186} INFO - Started process (PID=48928) to work on /home/airflow/.local/lib/python3.12/site-packages/airflow/example_dags/example_task_group_decorator.py
[2024-10-28T00:26:00.900+0000] {processor.py:914} INFO - Processing file /home/airflow/.local/lib/python3.12/site-packages/airflow/example_dags/example_task_group_decorator.py for tasks to queue
[2024-10-28T00:26:00.901+0000] {logging_mixin.py:190} INFO - [2024-10-28T00:26:00.901+0000] {dagbag.py:588} INFO - Filling up the DagBag from /home/airflow/.local/lib/python3.12/site-packages/airflow/example_dags/example_task_group_decorator.py
[2024-10-28T00:26:00.917+0000] {processor.py:925} INFO - DAG(s) 'example_task_group_decorator' retrieved from /home/airflow/.local/lib/python3.12/site-packages/airflow/example_dags/example_task_group_decorator.py
[2024-10-28T00:26:00.943+0000] {logging_mixin.py:190} INFO - [2024-10-28T00:26:00.942+0000] {dag.py:3239} INFO - Sync 1 DAGs
[2024-10-28T00:26:00.958+0000] {logging_mixin.py:190} INFO - [2024-10-28T00:26:00.958+0000] {dag.py:4180} INFO - Setting next_dagrun for example_task_group_decorator to None, run_after=None
[2024-10-28T00:26:00.978+0000] {processor.py:208} INFO - Processing /home/airflow/.local/lib/python3.12/site-packages/airflow/example_dags/example_task_group_decorator.py took 0.084 seconds
[2024-10-28T00:26:31.285+0000] {processor.py:186} INFO - Started process (PID=49002) to work on /home/airflow/.local/lib/python3.12/site-packages/airflow/example_dags/example_task_group_decorator.py
[2024-10-28T00:26:31.286+0000] {processor.py:914} INFO - Processing file /home/airflow/.local/lib/python3.12/site-packages/airflow/example_dags/example_task_group_decorator.py for tasks to queue
[2024-10-28T00:26:31.288+0000] {logging_mixin.py:190} INFO - [2024-10-28T00:26:31.288+0000] {dagbag.py:588} INFO - Filling up the DagBag from /home/airflow/.local/lib/python3.12/site-packages/airflow/example_dags/example_task_group_decorator.py
[2024-10-28T00:26:31.302+0000] {processor.py:925} INFO - DAG(s) 'example_task_group_decorator' retrieved from /home/airflow/.local/lib/python3.12/site-packages/airflow/example_dags/example_task_group_decorator.py
[2024-10-28T00:26:31.328+0000] {logging_mixin.py:190} INFO - [2024-10-28T00:26:31.327+0000] {dag.py:3239} INFO - Sync 1 DAGs
[2024-10-28T00:26:31.342+0000] {logging_mixin.py:190} INFO - [2024-10-28T00:26:31.342+0000] {dag.py:4180} INFO - Setting next_dagrun for example_task_group_decorator to None, run_after=None
[2024-10-28T00:26:31.361+0000] {processor.py:208} INFO - Processing /home/airflow/.local/lib/python3.12/site-packages/airflow/example_dags/example_task_group_decorator.py took 0.081 seconds
[2024-10-28T00:27:01.669+0000] {processor.py:186} INFO - Started process (PID=49076) to work on /home/airflow/.local/lib/python3.12/site-packages/airflow/example_dags/example_task_group_decorator.py
[2024-10-28T00:27:01.670+0000] {processor.py:914} INFO - Processing file /home/airflow/.local/lib/python3.12/site-packages/airflow/example_dags/example_task_group_decorator.py for tasks to queue
[2024-10-28T00:27:01.672+0000] {logging_mixin.py:190} INFO - [2024-10-28T00:27:01.671+0000] {dagbag.py:588} INFO - Filling up the DagBag from /home/airflow/.local/lib/python3.12/site-packages/airflow/example_dags/example_task_group_decorator.py
[2024-10-28T00:27:01.688+0000] {processor.py:925} INFO - DAG(s) 'example_task_group_decorator' retrieved from /home/airflow/.local/lib/python3.12/site-packages/airflow/example_dags/example_task_group_decorator.py
[2024-10-28T00:27:01.715+0000] {logging_mixin.py:190} INFO - [2024-10-28T00:27:01.715+0000] {dag.py:3239} INFO - Sync 1 DAGs
[2024-10-28T00:27:01.732+0000] {logging_mixin.py:190} INFO - [2024-10-28T00:27:01.731+0000] {dag.py:4180} INFO - Setting next_dagrun for example_task_group_decorator to None, run_after=None
[2024-10-28T00:27:01.753+0000] {processor.py:208} INFO - Processing /home/airflow/.local/lib/python3.12/site-packages/airflow/example_dags/example_task_group_decorator.py took 0.090 seconds
[2024-10-28T00:27:32.565+0000] {processor.py:186} INFO - Started process (PID=49150) to work on /home/airflow/.local/lib/python3.12/site-packages/airflow/example_dags/example_task_group_decorator.py
[2024-10-28T00:27:32.566+0000] {processor.py:914} INFO - Processing file /home/airflow/.local/lib/python3.12/site-packages/airflow/example_dags/example_task_group_decorator.py for tasks to queue
[2024-10-28T00:27:32.568+0000] {logging_mixin.py:190} INFO - [2024-10-28T00:27:32.567+0000] {dagbag.py:588} INFO - Filling up the DagBag from /home/airflow/.local/lib/python3.12/site-packages/airflow/example_dags/example_task_group_decorator.py
[2024-10-28T00:27:32.583+0000] {processor.py:925} INFO - DAG(s) 'example_task_group_decorator' retrieved from /home/airflow/.local/lib/python3.12/site-packages/airflow/example_dags/example_task_group_decorator.py
[2024-10-28T00:27:32.609+0000] {logging_mixin.py:190} INFO - [2024-10-28T00:27:32.609+0000] {dag.py:3239} INFO - Sync 1 DAGs
[2024-10-28T00:27:32.625+0000] {logging_mixin.py:190} INFO - [2024-10-28T00:27:32.624+0000] {dag.py:4180} INFO - Setting next_dagrun for example_task_group_decorator to None, run_after=None
[2024-10-28T00:27:32.643+0000] {processor.py:208} INFO - Processing /home/airflow/.local/lib/python3.12/site-packages/airflow/example_dags/example_task_group_decorator.py took 0.084 seconds
[2024-10-28T00:28:03.596+0000] {processor.py:186} INFO - Started process (PID=49224) to work on /home/airflow/.local/lib/python3.12/site-packages/airflow/example_dags/example_task_group_decorator.py
[2024-10-28T00:28:03.597+0000] {processor.py:914} INFO - Processing file /home/airflow/.local/lib/python3.12/site-packages/airflow/example_dags/example_task_group_decorator.py for tasks to queue
[2024-10-28T00:28:03.599+0000] {logging_mixin.py:190} INFO - [2024-10-28T00:28:03.598+0000] {dagbag.py:588} INFO - Filling up the DagBag from /home/airflow/.local/lib/python3.12/site-packages/airflow/example_dags/example_task_group_decorator.py
[2024-10-28T00:28:03.617+0000] {processor.py:925} INFO - DAG(s) 'example_task_group_decorator' retrieved from /home/airflow/.local/lib/python3.12/site-packages/airflow/example_dags/example_task_group_decorator.py
[2024-10-28T00:28:03.648+0000] {logging_mixin.py:190} INFO - [2024-10-28T00:28:03.648+0000] {dag.py:3239} INFO - Sync 1 DAGs
[2024-10-28T00:28:03.665+0000] {logging_mixin.py:190} INFO - [2024-10-28T00:28:03.665+0000] {dag.py:4180} INFO - Setting next_dagrun for example_task_group_decorator to None, run_after=None
[2024-10-28T00:28:03.685+0000] {processor.py:208} INFO - Processing /home/airflow/.local/lib/python3.12/site-packages/airflow/example_dags/example_task_group_decorator.py took 0.097 seconds
[2024-10-28T00:28:34.159+0000] {processor.py:186} INFO - Started process (PID=49298) to work on /home/airflow/.local/lib/python3.12/site-packages/airflow/example_dags/example_task_group_decorator.py
[2024-10-28T00:28:34.160+0000] {processor.py:914} INFO - Processing file /home/airflow/.local/lib/python3.12/site-packages/airflow/example_dags/example_task_group_decorator.py for tasks to queue
[2024-10-28T00:28:34.161+0000] {logging_mixin.py:190} INFO - [2024-10-28T00:28:34.161+0000] {dagbag.py:588} INFO - Filling up the DagBag from /home/airflow/.local/lib/python3.12/site-packages/airflow/example_dags/example_task_group_decorator.py
[2024-10-28T00:28:34.176+0000] {processor.py:925} INFO - DAG(s) 'example_task_group_decorator' retrieved from /home/airflow/.local/lib/python3.12/site-packages/airflow/example_dags/example_task_group_decorator.py
[2024-10-28T00:28:34.201+0000] {logging_mixin.py:190} INFO - [2024-10-28T00:28:34.200+0000] {dag.py:3239} INFO - Sync 1 DAGs
[2024-10-28T00:28:34.214+0000] {logging_mixin.py:190} INFO - [2024-10-28T00:28:34.214+0000] {dag.py:4180} INFO - Setting next_dagrun for example_task_group_decorator to None, run_after=None
[2024-10-28T00:28:34.234+0000] {processor.py:208} INFO - Processing /home/airflow/.local/lib/python3.12/site-packages/airflow/example_dags/example_task_group_decorator.py took 0.080 seconds
[2024-10-28T00:29:05.007+0000] {processor.py:186} INFO - Started process (PID=49372) to work on /home/airflow/.local/lib/python3.12/site-packages/airflow/example_dags/example_task_group_decorator.py
[2024-10-28T00:29:05.008+0000] {processor.py:914} INFO - Processing file /home/airflow/.local/lib/python3.12/site-packages/airflow/example_dags/example_task_group_decorator.py for tasks to queue
[2024-10-28T00:29:05.010+0000] {logging_mixin.py:190} INFO - [2024-10-28T00:29:05.009+0000] {dagbag.py:588} INFO - Filling up the DagBag from /home/airflow/.local/lib/python3.12/site-packages/airflow/example_dags/example_task_group_decorator.py
[2024-10-28T00:29:05.025+0000] {processor.py:925} INFO - DAG(s) 'example_task_group_decorator' retrieved from /home/airflow/.local/lib/python3.12/site-packages/airflow/example_dags/example_task_group_decorator.py
[2024-10-28T00:29:05.052+0000] {logging_mixin.py:190} INFO - [2024-10-28T00:29:05.051+0000] {dag.py:3239} INFO - Sync 1 DAGs
[2024-10-28T00:29:05.066+0000] {logging_mixin.py:190} INFO - [2024-10-28T00:29:05.066+0000] {dag.py:4180} INFO - Setting next_dagrun for example_task_group_decorator to None, run_after=None
[2024-10-28T00:29:05.087+0000] {processor.py:208} INFO - Processing /home/airflow/.local/lib/python3.12/site-packages/airflow/example_dags/example_task_group_decorator.py took 0.085 seconds
[2024-10-28T00:29:35.896+0000] {processor.py:186} INFO - Started process (PID=49446) to work on /home/airflow/.local/lib/python3.12/site-packages/airflow/example_dags/example_task_group_decorator.py
[2024-10-28T00:29:35.897+0000] {processor.py:914} INFO - Processing file /home/airflow/.local/lib/python3.12/site-packages/airflow/example_dags/example_task_group_decorator.py for tasks to queue
[2024-10-28T00:29:35.899+0000] {logging_mixin.py:190} INFO - [2024-10-28T00:29:35.898+0000] {dagbag.py:588} INFO - Filling up the DagBag from /home/airflow/.local/lib/python3.12/site-packages/airflow/example_dags/example_task_group_decorator.py
[2024-10-28T00:29:35.914+0000] {processor.py:925} INFO - DAG(s) 'example_task_group_decorator' retrieved from /home/airflow/.local/lib/python3.12/site-packages/airflow/example_dags/example_task_group_decorator.py
[2024-10-28T00:29:35.939+0000] {logging_mixin.py:190} INFO - [2024-10-28T00:29:35.938+0000] {dag.py:3239} INFO - Sync 1 DAGs
[2024-10-28T00:29:35.953+0000] {logging_mixin.py:190} INFO - [2024-10-28T00:29:35.953+0000] {dag.py:4180} INFO - Setting next_dagrun for example_task_group_decorator to None, run_after=None
[2024-10-28T00:29:35.972+0000] {processor.py:208} INFO - Processing /home/airflow/.local/lib/python3.12/site-packages/airflow/example_dags/example_task_group_decorator.py took 0.081 seconds
[2024-10-28T00:30:06.820+0000] {processor.py:186} INFO - Started process (PID=49520) to work on /home/airflow/.local/lib/python3.12/site-packages/airflow/example_dags/example_task_group_decorator.py
[2024-10-28T00:30:06.821+0000] {processor.py:914} INFO - Processing file /home/airflow/.local/lib/python3.12/site-packages/airflow/example_dags/example_task_group_decorator.py for tasks to queue
[2024-10-28T00:30:06.822+0000] {logging_mixin.py:190} INFO - [2024-10-28T00:30:06.822+0000] {dagbag.py:588} INFO - Filling up the DagBag from /home/airflow/.local/lib/python3.12/site-packages/airflow/example_dags/example_task_group_decorator.py
[2024-10-28T00:30:06.837+0000] {processor.py:925} INFO - DAG(s) 'example_task_group_decorator' retrieved from /home/airflow/.local/lib/python3.12/site-packages/airflow/example_dags/example_task_group_decorator.py
[2024-10-28T00:30:06.861+0000] {logging_mixin.py:190} INFO - [2024-10-28T00:30:06.861+0000] {dag.py:3239} INFO - Sync 1 DAGs
[2024-10-28T00:30:06.875+0000] {logging_mixin.py:190} INFO - [2024-10-28T00:30:06.875+0000] {dag.py:4180} INFO - Setting next_dagrun for example_task_group_decorator to None, run_after=None
[2024-10-28T00:30:06.894+0000] {processor.py:208} INFO - Processing /home/airflow/.local/lib/python3.12/site-packages/airflow/example_dags/example_task_group_decorator.py took 0.080 seconds
[2024-10-28T00:30:37.699+0000] {processor.py:186} INFO - Started process (PID=49594) to work on /home/airflow/.local/lib/python3.12/site-packages/airflow/example_dags/example_task_group_decorator.py
[2024-10-28T00:30:37.700+0000] {processor.py:914} INFO - Processing file /home/airflow/.local/lib/python3.12/site-packages/airflow/example_dags/example_task_group_decorator.py for tasks to queue
[2024-10-28T00:30:37.702+0000] {logging_mixin.py:190} INFO - [2024-10-28T00:30:37.701+0000] {dagbag.py:588} INFO - Filling up the DagBag from /home/airflow/.local/lib/python3.12/site-packages/airflow/example_dags/example_task_group_decorator.py
[2024-10-28T00:30:37.717+0000] {processor.py:925} INFO - DAG(s) 'example_task_group_decorator' retrieved from /home/airflow/.local/lib/python3.12/site-packages/airflow/example_dags/example_task_group_decorator.py
[2024-10-28T00:30:37.744+0000] {logging_mixin.py:190} INFO - [2024-10-28T00:30:37.744+0000] {dag.py:3239} INFO - Sync 1 DAGs
[2024-10-28T00:30:37.759+0000] {logging_mixin.py:190} INFO - [2024-10-28T00:30:37.759+0000] {dag.py:4180} INFO - Setting next_dagrun for example_task_group_decorator to None, run_after=None
[2024-10-28T00:30:37.779+0000] {processor.py:208} INFO - Processing /home/airflow/.local/lib/python3.12/site-packages/airflow/example_dags/example_task_group_decorator.py took 0.085 seconds
[2024-10-28T00:31:08.446+0000] {processor.py:186} INFO - Started process (PID=49674) to work on /home/airflow/.local/lib/python3.12/site-packages/airflow/example_dags/example_task_group_decorator.py
[2024-10-28T00:31:08.448+0000] {processor.py:914} INFO - Processing file /home/airflow/.local/lib/python3.12/site-packages/airflow/example_dags/example_task_group_decorator.py for tasks to queue
[2024-10-28T00:31:08.451+0000] {logging_mixin.py:190} INFO - [2024-10-28T00:31:08.450+0000] {dagbag.py:588} INFO - Filling up the DagBag from /home/airflow/.local/lib/python3.12/site-packages/airflow/example_dags/example_task_group_decorator.py
[2024-10-28T00:31:08.473+0000] {processor.py:925} INFO - DAG(s) 'example_task_group_decorator' retrieved from /home/airflow/.local/lib/python3.12/site-packages/airflow/example_dags/example_task_group_decorator.py
[2024-10-28T00:31:08.499+0000] {logging_mixin.py:190} INFO - [2024-10-28T00:31:08.498+0000] {dag.py:3239} INFO - Sync 1 DAGs
[2024-10-28T00:31:08.513+0000] {logging_mixin.py:190} INFO - [2024-10-28T00:31:08.513+0000] {dag.py:4180} INFO - Setting next_dagrun for example_task_group_decorator to None, run_after=None
[2024-10-28T00:31:08.532+0000] {processor.py:208} INFO - Processing /home/airflow/.local/lib/python3.12/site-packages/airflow/example_dags/example_task_group_decorator.py took 0.094 seconds
[2024-10-28T00:31:39.511+0000] {processor.py:186} INFO - Started process (PID=49748) to work on /home/airflow/.local/lib/python3.12/site-packages/airflow/example_dags/example_task_group_decorator.py
[2024-10-28T00:31:39.512+0000] {processor.py:914} INFO - Processing file /home/airflow/.local/lib/python3.12/site-packages/airflow/example_dags/example_task_group_decorator.py for tasks to queue
[2024-10-28T00:31:39.514+0000] {logging_mixin.py:190} INFO - [2024-10-28T00:31:39.513+0000] {dagbag.py:588} INFO - Filling up the DagBag from /home/airflow/.local/lib/python3.12/site-packages/airflow/example_dags/example_task_group_decorator.py
[2024-10-28T00:31:39.528+0000] {processor.py:925} INFO - DAG(s) 'example_task_group_decorator' retrieved from /home/airflow/.local/lib/python3.12/site-packages/airflow/example_dags/example_task_group_decorator.py
[2024-10-28T00:31:39.555+0000] {logging_mixin.py:190} INFO - [2024-10-28T00:31:39.555+0000] {dag.py:3239} INFO - Sync 1 DAGs
[2024-10-28T00:31:39.572+0000] {logging_mixin.py:190} INFO - [2024-10-28T00:31:39.571+0000] {dag.py:4180} INFO - Setting next_dagrun for example_task_group_decorator to None, run_after=None
[2024-10-28T00:31:39.592+0000] {processor.py:208} INFO - Processing /home/airflow/.local/lib/python3.12/site-packages/airflow/example_dags/example_task_group_decorator.py took 0.086 seconds
[2024-10-28T00:32:10.450+0000] {processor.py:186} INFO - Started process (PID=49822) to work on /home/airflow/.local/lib/python3.12/site-packages/airflow/example_dags/example_task_group_decorator.py
[2024-10-28T00:32:10.451+0000] {processor.py:914} INFO - Processing file /home/airflow/.local/lib/python3.12/site-packages/airflow/example_dags/example_task_group_decorator.py for tasks to queue
[2024-10-28T00:32:10.452+0000] {logging_mixin.py:190} INFO - [2024-10-28T00:32:10.452+0000] {dagbag.py:588} INFO - Filling up the DagBag from /home/airflow/.local/lib/python3.12/site-packages/airflow/example_dags/example_task_group_decorator.py
[2024-10-28T00:32:10.471+0000] {processor.py:925} INFO - DAG(s) 'example_task_group_decorator' retrieved from /home/airflow/.local/lib/python3.12/site-packages/airflow/example_dags/example_task_group_decorator.py
[2024-10-28T00:32:10.497+0000] {logging_mixin.py:190} INFO - [2024-10-28T00:32:10.496+0000] {dag.py:3239} INFO - Sync 1 DAGs
[2024-10-28T00:32:10.511+0000] {logging_mixin.py:190} INFO - [2024-10-28T00:32:10.511+0000] {dag.py:4180} INFO - Setting next_dagrun for example_task_group_decorator to None, run_after=None
[2024-10-28T00:32:10.529+0000] {processor.py:208} INFO - Processing /home/airflow/.local/lib/python3.12/site-packages/airflow/example_dags/example_task_group_decorator.py took 0.085 seconds
[2024-10-28T00:32:41.323+0000] {processor.py:186} INFO - Started process (PID=49896) to work on /home/airflow/.local/lib/python3.12/site-packages/airflow/example_dags/example_task_group_decorator.py
[2024-10-28T00:32:41.324+0000] {processor.py:914} INFO - Processing file /home/airflow/.local/lib/python3.12/site-packages/airflow/example_dags/example_task_group_decorator.py for tasks to queue
[2024-10-28T00:32:41.326+0000] {logging_mixin.py:190} INFO - [2024-10-28T00:32:41.326+0000] {dagbag.py:588} INFO - Filling up the DagBag from /home/airflow/.local/lib/python3.12/site-packages/airflow/example_dags/example_task_group_decorator.py
[2024-10-28T00:32:41.341+0000] {processor.py:925} INFO - DAG(s) 'example_task_group_decorator' retrieved from /home/airflow/.local/lib/python3.12/site-packages/airflow/example_dags/example_task_group_decorator.py
[2024-10-28T00:32:41.366+0000] {logging_mixin.py:190} INFO - [2024-10-28T00:32:41.366+0000] {dag.py:3239} INFO - Sync 1 DAGs
[2024-10-28T00:32:41.380+0000] {logging_mixin.py:190} INFO - [2024-10-28T00:32:41.380+0000] {dag.py:4180} INFO - Setting next_dagrun for example_task_group_decorator to None, run_after=None
[2024-10-28T00:32:41.399+0000] {processor.py:208} INFO - Processing /home/airflow/.local/lib/python3.12/site-packages/airflow/example_dags/example_task_group_decorator.py took 0.081 seconds
[2024-10-28T00:33:12.099+0000] {processor.py:186} INFO - Started process (PID=49970) to work on /home/airflow/.local/lib/python3.12/site-packages/airflow/example_dags/example_task_group_decorator.py
[2024-10-28T00:33:12.100+0000] {processor.py:914} INFO - Processing file /home/airflow/.local/lib/python3.12/site-packages/airflow/example_dags/example_task_group_decorator.py for tasks to queue
[2024-10-28T00:33:12.101+0000] {logging_mixin.py:190} INFO - [2024-10-28T00:33:12.101+0000] {dagbag.py:588} INFO - Filling up the DagBag from /home/airflow/.local/lib/python3.12/site-packages/airflow/example_dags/example_task_group_decorator.py
[2024-10-28T00:33:12.116+0000] {processor.py:925} INFO - DAG(s) 'example_task_group_decorator' retrieved from /home/airflow/.local/lib/python3.12/site-packages/airflow/example_dags/example_task_group_decorator.py
[2024-10-28T00:33:12.140+0000] {logging_mixin.py:190} INFO - [2024-10-28T00:33:12.140+0000] {dag.py:3239} INFO - Sync 1 DAGs
[2024-10-28T00:33:12.154+0000] {logging_mixin.py:190} INFO - [2024-10-28T00:33:12.153+0000] {dag.py:4180} INFO - Setting next_dagrun for example_task_group_decorator to None, run_after=None
[2024-10-28T00:33:12.172+0000] {processor.py:208} INFO - Processing /home/airflow/.local/lib/python3.12/site-packages/airflow/example_dags/example_task_group_decorator.py took 0.079 seconds
[2024-10-28T00:33:42.879+0000] {processor.py:186} INFO - Started process (PID=50044) to work on /home/airflow/.local/lib/python3.12/site-packages/airflow/example_dags/example_task_group_decorator.py
[2024-10-28T00:33:42.880+0000] {processor.py:914} INFO - Processing file /home/airflow/.local/lib/python3.12/site-packages/airflow/example_dags/example_task_group_decorator.py for tasks to queue
[2024-10-28T00:33:42.882+0000] {logging_mixin.py:190} INFO - [2024-10-28T00:33:42.881+0000] {dagbag.py:588} INFO - Filling up the DagBag from /home/airflow/.local/lib/python3.12/site-packages/airflow/example_dags/example_task_group_decorator.py
[2024-10-28T00:33:42.899+0000] {processor.py:925} INFO - DAG(s) 'example_task_group_decorator' retrieved from /home/airflow/.local/lib/python3.12/site-packages/airflow/example_dags/example_task_group_decorator.py
[2024-10-28T00:33:42.925+0000] {logging_mixin.py:190} INFO - [2024-10-28T00:33:42.924+0000] {dag.py:3239} INFO - Sync 1 DAGs
[2024-10-28T00:33:42.939+0000] {logging_mixin.py:190} INFO - [2024-10-28T00:33:42.939+0000] {dag.py:4180} INFO - Setting next_dagrun for example_task_group_decorator to None, run_after=None
[2024-10-28T00:33:42.959+0000] {processor.py:208} INFO - Processing /home/airflow/.local/lib/python3.12/site-packages/airflow/example_dags/example_task_group_decorator.py took 0.086 seconds
