[2024-10-28T00:00:10.183+0000] {processor.py:186} INFO - Started process (PID=45179) to work on /home/airflow/.local/lib/python3.12/site-packages/airflow/example_dags/example_params_trigger_ui.py
[2024-10-28T00:00:10.184+0000] {processor.py:914} INFO - Processing file /home/airflow/.local/lib/python3.12/site-packages/airflow/example_dags/example_params_trigger_ui.py for tasks to queue
[2024-10-28T00:00:10.185+0000] {logging_mixin.py:190} INFO - [2024-10-28T00:00:10.185+0000] {dagbag.py:588} INFO - Filling up the DagBag from /home/airflow/.local/lib/python3.12/site-packages/airflow/example_dags/example_params_trigger_ui.py
[2024-10-28T00:00:10.198+0000] {processor.py:925} INFO - DAG(s) 'example_params_trigger_ui' retrieved from /home/airflow/.local/lib/python3.12/site-packages/airflow/example_dags/example_params_trigger_ui.py
[2024-10-28T00:00:10.262+0000] {logging_mixin.py:190} INFO - [2024-10-28T00:00:10.261+0000] {dag.py:3239} INFO - Sync 1 DAGs
[2024-10-28T00:00:10.279+0000] {logging_mixin.py:190} INFO - [2024-10-28T00:00:10.279+0000] {dag.py:4180} INFO - Setting next_dagrun for example_params_trigger_ui to None, run_after=None
[2024-10-28T00:00:10.300+0000] {processor.py:208} INFO - Processing /home/airflow/.local/lib/python3.12/site-packages/airflow/example_dags/example_params_trigger_ui.py took 0.124 seconds
[2024-10-28T00:00:40.841+0000] {processor.py:186} INFO - Started process (PID=45253) to work on /home/airflow/.local/lib/python3.12/site-packages/airflow/example_dags/example_params_trigger_ui.py
[2024-10-28T00:00:40.843+0000] {processor.py:914} INFO - Processing file /home/airflow/.local/lib/python3.12/site-packages/airflow/example_dags/example_params_trigger_ui.py for tasks to queue
[2024-10-28T00:00:40.844+0000] {logging_mixin.py:190} INFO - [2024-10-28T00:00:40.844+0000] {dagbag.py:588} INFO - Filling up the DagBag from /home/airflow/.local/lib/python3.12/site-packages/airflow/example_dags/example_params_trigger_ui.py
[2024-10-28T00:00:40.856+0000] {processor.py:925} INFO - DAG(s) 'example_params_trigger_ui' retrieved from /home/airflow/.local/lib/python3.12/site-packages/airflow/example_dags/example_params_trigger_ui.py
[2024-10-28T00:00:40.916+0000] {logging_mixin.py:190} INFO - [2024-10-28T00:00:40.915+0000] {dag.py:3239} INFO - Sync 1 DAGs
[2024-10-28T00:00:40.934+0000] {logging_mixin.py:190} INFO - [2024-10-28T00:00:40.934+0000] {dag.py:4180} INFO - Setting next_dagrun for example_params_trigger_ui to None, run_after=None
[2024-10-28T00:00:40.960+0000] {processor.py:208} INFO - Processing /home/airflow/.local/lib/python3.12/site-packages/airflow/example_dags/example_params_trigger_ui.py took 0.126 seconds
[2024-10-28T00:01:11.520+0000] {processor.py:186} INFO - Started process (PID=45327) to work on /home/airflow/.local/lib/python3.12/site-packages/airflow/example_dags/example_params_trigger_ui.py
[2024-10-28T00:01:11.521+0000] {processor.py:914} INFO - Processing file /home/airflow/.local/lib/python3.12/site-packages/airflow/example_dags/example_params_trigger_ui.py for tasks to queue
[2024-10-28T00:01:11.522+0000] {logging_mixin.py:190} INFO - [2024-10-28T00:01:11.522+0000] {dagbag.py:588} INFO - Filling up the DagBag from /home/airflow/.local/lib/python3.12/site-packages/airflow/example_dags/example_params_trigger_ui.py
[2024-10-28T00:01:11.535+0000] {processor.py:925} INFO - DAG(s) 'example_params_trigger_ui' retrieved from /home/airflow/.local/lib/python3.12/site-packages/airflow/example_dags/example_params_trigger_ui.py
[2024-10-28T00:01:11.583+0000] {logging_mixin.py:190} INFO - [2024-10-28T00:01:11.582+0000] {dag.py:3239} INFO - Sync 1 DAGs
[2024-10-28T00:01:11.597+0000] {logging_mixin.py:190} INFO - [2024-10-28T00:01:11.597+0000] {dag.py:4180} INFO - Setting next_dagrun for example_params_trigger_ui to None, run_after=None
[2024-10-28T00:01:11.620+0000] {processor.py:208} INFO - Processing /home/airflow/.local/lib/python3.12/site-packages/airflow/example_dags/example_params_trigger_ui.py took 0.107 seconds
[2024-10-28T00:01:41.699+0000] {processor.py:186} INFO - Started process (PID=45402) to work on /home/airflow/.local/lib/python3.12/site-packages/airflow/example_dags/example_params_trigger_ui.py
[2024-10-28T00:01:41.701+0000] {processor.py:914} INFO - Processing file /home/airflow/.local/lib/python3.12/site-packages/airflow/example_dags/example_params_trigger_ui.py for tasks to queue
[2024-10-28T00:01:41.702+0000] {logging_mixin.py:190} INFO - [2024-10-28T00:01:41.702+0000] {dagbag.py:588} INFO - Filling up the DagBag from /home/airflow/.local/lib/python3.12/site-packages/airflow/example_dags/example_params_trigger_ui.py
[2024-10-28T00:01:41.715+0000] {processor.py:925} INFO - DAG(s) 'example_params_trigger_ui' retrieved from /home/airflow/.local/lib/python3.12/site-packages/airflow/example_dags/example_params_trigger_ui.py
[2024-10-28T00:01:41.773+0000] {logging_mixin.py:190} INFO - [2024-10-28T00:01:41.773+0000] {dag.py:3239} INFO - Sync 1 DAGs
[2024-10-28T00:01:41.792+0000] {logging_mixin.py:190} INFO - [2024-10-28T00:01:41.791+0000] {dag.py:4180} INFO - Setting next_dagrun for example_params_trigger_ui to None, run_after=None
[2024-10-28T00:01:41.817+0000] {processor.py:208} INFO - Processing /home/airflow/.local/lib/python3.12/site-packages/airflow/example_dags/example_params_trigger_ui.py took 0.125 seconds
[2024-10-28T00:02:12.150+0000] {processor.py:186} INFO - Started process (PID=45475) to work on /home/airflow/.local/lib/python3.12/site-packages/airflow/example_dags/example_params_trigger_ui.py
[2024-10-28T00:02:12.151+0000] {processor.py:914} INFO - Processing file /home/airflow/.local/lib/python3.12/site-packages/airflow/example_dags/example_params_trigger_ui.py for tasks to queue
[2024-10-28T00:02:12.152+0000] {logging_mixin.py:190} INFO - [2024-10-28T00:02:12.152+0000] {dagbag.py:588} INFO - Filling up the DagBag from /home/airflow/.local/lib/python3.12/site-packages/airflow/example_dags/example_params_trigger_ui.py
[2024-10-28T00:02:12.163+0000] {processor.py:925} INFO - DAG(s) 'example_params_trigger_ui' retrieved from /home/airflow/.local/lib/python3.12/site-packages/airflow/example_dags/example_params_trigger_ui.py
[2024-10-28T00:02:12.209+0000] {logging_mixin.py:190} INFO - [2024-10-28T00:02:12.209+0000] {dag.py:3239} INFO - Sync 1 DAGs
[2024-10-28T00:02:12.224+0000] {logging_mixin.py:190} INFO - [2024-10-28T00:02:12.224+0000] {dag.py:4180} INFO - Setting next_dagrun for example_params_trigger_ui to None, run_after=None
[2024-10-28T00:02:12.246+0000] {processor.py:208} INFO - Processing /home/airflow/.local/lib/python3.12/site-packages/airflow/example_dags/example_params_trigger_ui.py took 0.101 seconds
[2024-10-28T00:02:42.365+0000] {processor.py:186} INFO - Started process (PID=45549) to work on /home/airflow/.local/lib/python3.12/site-packages/airflow/example_dags/example_params_trigger_ui.py
[2024-10-28T00:02:42.366+0000] {processor.py:914} INFO - Processing file /home/airflow/.local/lib/python3.12/site-packages/airflow/example_dags/example_params_trigger_ui.py for tasks to queue
[2024-10-28T00:02:42.368+0000] {logging_mixin.py:190} INFO - [2024-10-28T00:02:42.367+0000] {dagbag.py:588} INFO - Filling up the DagBag from /home/airflow/.local/lib/python3.12/site-packages/airflow/example_dags/example_params_trigger_ui.py
[2024-10-28T00:02:42.380+0000] {processor.py:925} INFO - DAG(s) 'example_params_trigger_ui' retrieved from /home/airflow/.local/lib/python3.12/site-packages/airflow/example_dags/example_params_trigger_ui.py
[2024-10-28T00:02:42.428+0000] {logging_mixin.py:190} INFO - [2024-10-28T00:02:42.428+0000] {dag.py:3239} INFO - Sync 1 DAGs
[2024-10-28T00:02:42.442+0000] {logging_mixin.py:190} INFO - [2024-10-28T00:02:42.442+0000] {dag.py:4180} INFO - Setting next_dagrun for example_params_trigger_ui to None, run_after=None
[2024-10-28T00:02:42.462+0000] {processor.py:208} INFO - Processing /home/airflow/.local/lib/python3.12/site-packages/airflow/example_dags/example_params_trigger_ui.py took 0.102 seconds
[2024-10-28T00:03:12.858+0000] {processor.py:186} INFO - Started process (PID=45623) to work on /home/airflow/.local/lib/python3.12/site-packages/airflow/example_dags/example_params_trigger_ui.py
[2024-10-28T00:03:12.859+0000] {processor.py:914} INFO - Processing file /home/airflow/.local/lib/python3.12/site-packages/airflow/example_dags/example_params_trigger_ui.py for tasks to queue
[2024-10-28T00:03:12.861+0000] {logging_mixin.py:190} INFO - [2024-10-28T00:03:12.860+0000] {dagbag.py:588} INFO - Filling up the DagBag from /home/airflow/.local/lib/python3.12/site-packages/airflow/example_dags/example_params_trigger_ui.py
[2024-10-28T00:03:12.871+0000] {processor.py:925} INFO - DAG(s) 'example_params_trigger_ui' retrieved from /home/airflow/.local/lib/python3.12/site-packages/airflow/example_dags/example_params_trigger_ui.py
[2024-10-28T00:03:12.918+0000] {logging_mixin.py:190} INFO - [2024-10-28T00:03:12.918+0000] {dag.py:3239} INFO - Sync 1 DAGs
[2024-10-28T00:03:12.932+0000] {logging_mixin.py:190} INFO - [2024-10-28T00:03:12.932+0000] {dag.py:4180} INFO - Setting next_dagrun for example_params_trigger_ui to None, run_after=None
[2024-10-28T00:03:12.953+0000] {processor.py:208} INFO - Processing /home/airflow/.local/lib/python3.12/site-packages/airflow/example_dags/example_params_trigger_ui.py took 0.100 seconds
[2024-10-28T00:03:43.118+0000] {processor.py:186} INFO - Started process (PID=45697) to work on /home/airflow/.local/lib/python3.12/site-packages/airflow/example_dags/example_params_trigger_ui.py
[2024-10-28T00:03:43.119+0000] {processor.py:914} INFO - Processing file /home/airflow/.local/lib/python3.12/site-packages/airflow/example_dags/example_params_trigger_ui.py for tasks to queue
[2024-10-28T00:03:43.120+0000] {logging_mixin.py:190} INFO - [2024-10-28T00:03:43.120+0000] {dagbag.py:588} INFO - Filling up the DagBag from /home/airflow/.local/lib/python3.12/site-packages/airflow/example_dags/example_params_trigger_ui.py
[2024-10-28T00:03:43.133+0000] {processor.py:925} INFO - DAG(s) 'example_params_trigger_ui' retrieved from /home/airflow/.local/lib/python3.12/site-packages/airflow/example_dags/example_params_trigger_ui.py
[2024-10-28T00:03:43.182+0000] {logging_mixin.py:190} INFO - [2024-10-28T00:03:43.182+0000] {dag.py:3239} INFO - Sync 1 DAGs
[2024-10-28T00:03:43.198+0000] {logging_mixin.py:190} INFO - [2024-10-28T00:03:43.198+0000] {dag.py:4180} INFO - Setting next_dagrun for example_params_trigger_ui to None, run_after=None
[2024-10-28T00:03:43.219+0000] {processor.py:208} INFO - Processing /home/airflow/.local/lib/python3.12/site-packages/airflow/example_dags/example_params_trigger_ui.py took 0.107 seconds
[2024-10-28T00:04:13.765+0000] {processor.py:186} INFO - Started process (PID=45771) to work on /home/airflow/.local/lib/python3.12/site-packages/airflow/example_dags/example_params_trigger_ui.py
[2024-10-28T00:04:13.766+0000] {processor.py:914} INFO - Processing file /home/airflow/.local/lib/python3.12/site-packages/airflow/example_dags/example_params_trigger_ui.py for tasks to queue
[2024-10-28T00:04:13.767+0000] {logging_mixin.py:190} INFO - [2024-10-28T00:04:13.767+0000] {dagbag.py:588} INFO - Filling up the DagBag from /home/airflow/.local/lib/python3.12/site-packages/airflow/example_dags/example_params_trigger_ui.py
[2024-10-28T00:04:13.780+0000] {processor.py:925} INFO - DAG(s) 'example_params_trigger_ui' retrieved from /home/airflow/.local/lib/python3.12/site-packages/airflow/example_dags/example_params_trigger_ui.py
[2024-10-28T00:04:13.827+0000] {logging_mixin.py:190} INFO - [2024-10-28T00:04:13.827+0000] {dag.py:3239} INFO - Sync 1 DAGs
[2024-10-28T00:04:13.843+0000] {logging_mixin.py:190} INFO - [2024-10-28T00:04:13.842+0000] {dag.py:4180} INFO - Setting next_dagrun for example_params_trigger_ui to None, run_after=None
[2024-10-28T00:04:13.863+0000] {processor.py:208} INFO - Processing /home/airflow/.local/lib/python3.12/site-packages/airflow/example_dags/example_params_trigger_ui.py took 0.103 seconds
[2024-10-28T00:04:44.224+0000] {processor.py:186} INFO - Started process (PID=45845) to work on /home/airflow/.local/lib/python3.12/site-packages/airflow/example_dags/example_params_trigger_ui.py
[2024-10-28T00:04:44.226+0000] {processor.py:914} INFO - Processing file /home/airflow/.local/lib/python3.12/site-packages/airflow/example_dags/example_params_trigger_ui.py for tasks to queue
[2024-10-28T00:04:44.228+0000] {logging_mixin.py:190} INFO - [2024-10-28T00:04:44.228+0000] {dagbag.py:588} INFO - Filling up the DagBag from /home/airflow/.local/lib/python3.12/site-packages/airflow/example_dags/example_params_trigger_ui.py
[2024-10-28T00:04:44.274+0000] {processor.py:925} INFO - DAG(s) 'example_params_trigger_ui' retrieved from /home/airflow/.local/lib/python3.12/site-packages/airflow/example_dags/example_params_trigger_ui.py
[2024-10-28T00:04:44.501+0000] {logging_mixin.py:190} INFO - [2024-10-28T00:04:44.500+0000] {dag.py:3239} INFO - Sync 1 DAGs
[2024-10-28T00:04:44.571+0000] {logging_mixin.py:190} INFO - [2024-10-28T00:04:44.571+0000] {dag.py:4180} INFO - Setting next_dagrun for example_params_trigger_ui to None, run_after=None
[2024-10-28T00:04:44.640+0000] {processor.py:208} INFO - Processing /home/airflow/.local/lib/python3.12/site-packages/airflow/example_dags/example_params_trigger_ui.py took 0.423 seconds
[2024-10-28T00:05:14.855+0000] {processor.py:186} INFO - Started process (PID=45919) to work on /home/airflow/.local/lib/python3.12/site-packages/airflow/example_dags/example_params_trigger_ui.py
[2024-10-28T00:05:14.856+0000] {processor.py:914} INFO - Processing file /home/airflow/.local/lib/python3.12/site-packages/airflow/example_dags/example_params_trigger_ui.py for tasks to queue
[2024-10-28T00:05:14.858+0000] {logging_mixin.py:190} INFO - [2024-10-28T00:05:14.857+0000] {dagbag.py:588} INFO - Filling up the DagBag from /home/airflow/.local/lib/python3.12/site-packages/airflow/example_dags/example_params_trigger_ui.py
[2024-10-28T00:05:14.872+0000] {processor.py:925} INFO - DAG(s) 'example_params_trigger_ui' retrieved from /home/airflow/.local/lib/python3.12/site-packages/airflow/example_dags/example_params_trigger_ui.py
[2024-10-28T00:05:14.922+0000] {logging_mixin.py:190} INFO - [2024-10-28T00:05:14.922+0000] {dag.py:3239} INFO - Sync 1 DAGs
[2024-10-28T00:05:14.938+0000] {logging_mixin.py:190} INFO - [2024-10-28T00:05:14.938+0000] {dag.py:4180} INFO - Setting next_dagrun for example_params_trigger_ui to None, run_after=None
[2024-10-28T00:05:14.961+0000] {processor.py:208} INFO - Processing /home/airflow/.local/lib/python3.12/site-packages/airflow/example_dags/example_params_trigger_ui.py took 0.112 seconds
[2024-10-28T00:05:45.300+0000] {processor.py:186} INFO - Started process (PID=45993) to work on /home/airflow/.local/lib/python3.12/site-packages/airflow/example_dags/example_params_trigger_ui.py
[2024-10-28T00:05:45.301+0000] {processor.py:914} INFO - Processing file /home/airflow/.local/lib/python3.12/site-packages/airflow/example_dags/example_params_trigger_ui.py for tasks to queue
[2024-10-28T00:05:45.302+0000] {logging_mixin.py:190} INFO - [2024-10-28T00:05:45.302+0000] {dagbag.py:588} INFO - Filling up the DagBag from /home/airflow/.local/lib/python3.12/site-packages/airflow/example_dags/example_params_trigger_ui.py
[2024-10-28T00:05:45.316+0000] {processor.py:925} INFO - DAG(s) 'example_params_trigger_ui' retrieved from /home/airflow/.local/lib/python3.12/site-packages/airflow/example_dags/example_params_trigger_ui.py
[2024-10-28T00:05:45.369+0000] {logging_mixin.py:190} INFO - [2024-10-28T00:05:45.368+0000] {dag.py:3239} INFO - Sync 1 DAGs
[2024-10-28T00:05:45.385+0000] {logging_mixin.py:190} INFO - [2024-10-28T00:05:45.385+0000] {dag.py:4180} INFO - Setting next_dagrun for example_params_trigger_ui to None, run_after=None
[2024-10-28T00:05:45.408+0000] {processor.py:208} INFO - Processing /home/airflow/.local/lib/python3.12/site-packages/airflow/example_dags/example_params_trigger_ui.py took 0.116 seconds
[2024-10-28T00:06:15.677+0000] {processor.py:186} INFO - Started process (PID=46067) to work on /home/airflow/.local/lib/python3.12/site-packages/airflow/example_dags/example_params_trigger_ui.py
[2024-10-28T00:06:15.678+0000] {processor.py:914} INFO - Processing file /home/airflow/.local/lib/python3.12/site-packages/airflow/example_dags/example_params_trigger_ui.py for tasks to queue
[2024-10-28T00:06:15.679+0000] {logging_mixin.py:190} INFO - [2024-10-28T00:06:15.679+0000] {dagbag.py:588} INFO - Filling up the DagBag from /home/airflow/.local/lib/python3.12/site-packages/airflow/example_dags/example_params_trigger_ui.py
[2024-10-28T00:06:15.691+0000] {processor.py:925} INFO - DAG(s) 'example_params_trigger_ui' retrieved from /home/airflow/.local/lib/python3.12/site-packages/airflow/example_dags/example_params_trigger_ui.py
[2024-10-28T00:06:15.742+0000] {logging_mixin.py:190} INFO - [2024-10-28T00:06:15.742+0000] {dag.py:3239} INFO - Sync 1 DAGs
[2024-10-28T00:06:15.756+0000] {logging_mixin.py:190} INFO - [2024-10-28T00:06:15.756+0000] {dag.py:4180} INFO - Setting next_dagrun for example_params_trigger_ui to None, run_after=None
[2024-10-28T00:06:15.781+0000] {processor.py:208} INFO - Processing /home/airflow/.local/lib/python3.12/site-packages/airflow/example_dags/example_params_trigger_ui.py took 0.111 seconds
[2024-10-28T00:06:45.902+0000] {processor.py:186} INFO - Started process (PID=46141) to work on /home/airflow/.local/lib/python3.12/site-packages/airflow/example_dags/example_params_trigger_ui.py
[2024-10-28T00:06:45.903+0000] {processor.py:914} INFO - Processing file /home/airflow/.local/lib/python3.12/site-packages/airflow/example_dags/example_params_trigger_ui.py for tasks to queue
[2024-10-28T00:06:45.904+0000] {logging_mixin.py:190} INFO - [2024-10-28T00:06:45.904+0000] {dagbag.py:588} INFO - Filling up the DagBag from /home/airflow/.local/lib/python3.12/site-packages/airflow/example_dags/example_params_trigger_ui.py
[2024-10-28T00:06:45.915+0000] {processor.py:925} INFO - DAG(s) 'example_params_trigger_ui' retrieved from /home/airflow/.local/lib/python3.12/site-packages/airflow/example_dags/example_params_trigger_ui.py
[2024-10-28T00:06:45.963+0000] {logging_mixin.py:190} INFO - [2024-10-28T00:06:45.962+0000] {dag.py:3239} INFO - Sync 1 DAGs
[2024-10-28T00:06:45.977+0000] {logging_mixin.py:190} INFO - [2024-10-28T00:06:45.977+0000] {dag.py:4180} INFO - Setting next_dagrun for example_params_trigger_ui to None, run_after=None
[2024-10-28T00:06:45.997+0000] {processor.py:208} INFO - Processing /home/airflow/.local/lib/python3.12/site-packages/airflow/example_dags/example_params_trigger_ui.py took 0.101 seconds
[2024-10-28T00:07:16.141+0000] {processor.py:186} INFO - Started process (PID=46215) to work on /home/airflow/.local/lib/python3.12/site-packages/airflow/example_dags/example_params_trigger_ui.py
[2024-10-28T00:07:16.142+0000] {processor.py:914} INFO - Processing file /home/airflow/.local/lib/python3.12/site-packages/airflow/example_dags/example_params_trigger_ui.py for tasks to queue
[2024-10-28T00:07:16.143+0000] {logging_mixin.py:190} INFO - [2024-10-28T00:07:16.143+0000] {dagbag.py:588} INFO - Filling up the DagBag from /home/airflow/.local/lib/python3.12/site-packages/airflow/example_dags/example_params_trigger_ui.py
[2024-10-28T00:07:16.154+0000] {processor.py:925} INFO - DAG(s) 'example_params_trigger_ui' retrieved from /home/airflow/.local/lib/python3.12/site-packages/airflow/example_dags/example_params_trigger_ui.py
[2024-10-28T00:07:16.196+0000] {logging_mixin.py:190} INFO - [2024-10-28T00:07:16.196+0000] {dag.py:3239} INFO - Sync 1 DAGs
[2024-10-28T00:07:16.210+0000] {logging_mixin.py:190} INFO - [2024-10-28T00:07:16.210+0000] {dag.py:4180} INFO - Setting next_dagrun for example_params_trigger_ui to None, run_after=None
[2024-10-28T00:07:16.229+0000] {processor.py:208} INFO - Processing /home/airflow/.local/lib/python3.12/site-packages/airflow/example_dags/example_params_trigger_ui.py took 0.094 seconds
[2024-10-28T00:07:46.945+0000] {processor.py:186} INFO - Started process (PID=46290) to work on /home/airflow/.local/lib/python3.12/site-packages/airflow/example_dags/example_params_trigger_ui.py
[2024-10-28T00:07:46.946+0000] {processor.py:914} INFO - Processing file /home/airflow/.local/lib/python3.12/site-packages/airflow/example_dags/example_params_trigger_ui.py for tasks to queue
[2024-10-28T00:07:46.947+0000] {logging_mixin.py:190} INFO - [2024-10-28T00:07:46.947+0000] {dagbag.py:588} INFO - Filling up the DagBag from /home/airflow/.local/lib/python3.12/site-packages/airflow/example_dags/example_params_trigger_ui.py
[2024-10-28T00:07:46.958+0000] {processor.py:925} INFO - DAG(s) 'example_params_trigger_ui' retrieved from /home/airflow/.local/lib/python3.12/site-packages/airflow/example_dags/example_params_trigger_ui.py
[2024-10-28T00:07:47.005+0000] {logging_mixin.py:190} INFO - [2024-10-28T00:07:47.005+0000] {dag.py:3239} INFO - Sync 1 DAGs
[2024-10-28T00:07:47.022+0000] {logging_mixin.py:190} INFO - [2024-10-28T00:07:47.022+0000] {dag.py:4180} INFO - Setting next_dagrun for example_params_trigger_ui to None, run_after=None
[2024-10-28T00:07:47.051+0000] {processor.py:208} INFO - Processing /home/airflow/.local/lib/python3.12/site-packages/airflow/example_dags/example_params_trigger_ui.py took 0.112 seconds
[2024-10-28T00:08:17.488+0000] {processor.py:186} INFO - Started process (PID=46364) to work on /home/airflow/.local/lib/python3.12/site-packages/airflow/example_dags/example_params_trigger_ui.py
[2024-10-28T00:08:17.489+0000] {processor.py:914} INFO - Processing file /home/airflow/.local/lib/python3.12/site-packages/airflow/example_dags/example_params_trigger_ui.py for tasks to queue
[2024-10-28T00:08:17.491+0000] {logging_mixin.py:190} INFO - [2024-10-28T00:08:17.491+0000] {dagbag.py:588} INFO - Filling up the DagBag from /home/airflow/.local/lib/python3.12/site-packages/airflow/example_dags/example_params_trigger_ui.py
[2024-10-28T00:08:17.503+0000] {processor.py:925} INFO - DAG(s) 'example_params_trigger_ui' retrieved from /home/airflow/.local/lib/python3.12/site-packages/airflow/example_dags/example_params_trigger_ui.py
[2024-10-28T00:08:17.555+0000] {logging_mixin.py:190} INFO - [2024-10-28T00:08:17.554+0000] {dag.py:3239} INFO - Sync 1 DAGs
[2024-10-28T00:08:17.573+0000] {logging_mixin.py:190} INFO - [2024-10-28T00:08:17.573+0000] {dag.py:4180} INFO - Setting next_dagrun for example_params_trigger_ui to None, run_after=None
[2024-10-28T00:08:17.600+0000] {processor.py:208} INFO - Processing /home/airflow/.local/lib/python3.12/site-packages/airflow/example_dags/example_params_trigger_ui.py took 0.118 seconds
[2024-10-28T00:08:48.436+0000] {processor.py:186} INFO - Started process (PID=46438) to work on /home/airflow/.local/lib/python3.12/site-packages/airflow/example_dags/example_params_trigger_ui.py
[2024-10-28T00:08:48.438+0000] {processor.py:914} INFO - Processing file /home/airflow/.local/lib/python3.12/site-packages/airflow/example_dags/example_params_trigger_ui.py for tasks to queue
[2024-10-28T00:08:48.439+0000] {logging_mixin.py:190} INFO - [2024-10-28T00:08:48.439+0000] {dagbag.py:588} INFO - Filling up the DagBag from /home/airflow/.local/lib/python3.12/site-packages/airflow/example_dags/example_params_trigger_ui.py
[2024-10-28T00:08:48.450+0000] {processor.py:925} INFO - DAG(s) 'example_params_trigger_ui' retrieved from /home/airflow/.local/lib/python3.12/site-packages/airflow/example_dags/example_params_trigger_ui.py
[2024-10-28T00:08:48.494+0000] {logging_mixin.py:190} INFO - [2024-10-28T00:08:48.494+0000] {dag.py:3239} INFO - Sync 1 DAGs
[2024-10-28T00:08:48.509+0000] {logging_mixin.py:190} INFO - [2024-10-28T00:08:48.509+0000] {dag.py:4180} INFO - Setting next_dagrun for example_params_trigger_ui to None, run_after=None
[2024-10-28T00:08:48.528+0000] {processor.py:208} INFO - Processing /home/airflow/.local/lib/python3.12/site-packages/airflow/example_dags/example_params_trigger_ui.py took 0.097 seconds
[2024-10-28T00:09:18.889+0000] {processor.py:186} INFO - Started process (PID=46512) to work on /home/airflow/.local/lib/python3.12/site-packages/airflow/example_dags/example_params_trigger_ui.py
[2024-10-28T00:09:18.890+0000] {processor.py:914} INFO - Processing file /home/airflow/.local/lib/python3.12/site-packages/airflow/example_dags/example_params_trigger_ui.py for tasks to queue
[2024-10-28T00:09:18.892+0000] {logging_mixin.py:190} INFO - [2024-10-28T00:09:18.891+0000] {dagbag.py:588} INFO - Filling up the DagBag from /home/airflow/.local/lib/python3.12/site-packages/airflow/example_dags/example_params_trigger_ui.py
[2024-10-28T00:09:18.905+0000] {processor.py:925} INFO - DAG(s) 'example_params_trigger_ui' retrieved from /home/airflow/.local/lib/python3.12/site-packages/airflow/example_dags/example_params_trigger_ui.py
[2024-10-28T00:09:18.950+0000] {logging_mixin.py:190} INFO - [2024-10-28T00:09:18.949+0000] {dag.py:3239} INFO - Sync 1 DAGs
[2024-10-28T00:09:18.963+0000] {logging_mixin.py:190} INFO - [2024-10-28T00:09:18.963+0000] {dag.py:4180} INFO - Setting next_dagrun for example_params_trigger_ui to None, run_after=None
[2024-10-28T00:09:18.983+0000] {processor.py:208} INFO - Processing /home/airflow/.local/lib/python3.12/site-packages/airflow/example_dags/example_params_trigger_ui.py took 0.104 seconds
[2024-10-28T00:09:49.060+0000] {processor.py:186} INFO - Started process (PID=46586) to work on /home/airflow/.local/lib/python3.12/site-packages/airflow/example_dags/example_params_trigger_ui.py
[2024-10-28T00:09:49.061+0000] {processor.py:914} INFO - Processing file /home/airflow/.local/lib/python3.12/site-packages/airflow/example_dags/example_params_trigger_ui.py for tasks to queue
[2024-10-28T00:09:49.064+0000] {logging_mixin.py:190} INFO - [2024-10-28T00:09:49.063+0000] {dagbag.py:588} INFO - Filling up the DagBag from /home/airflow/.local/lib/python3.12/site-packages/airflow/example_dags/example_params_trigger_ui.py
[2024-10-28T00:09:49.075+0000] {processor.py:925} INFO - DAG(s) 'example_params_trigger_ui' retrieved from /home/airflow/.local/lib/python3.12/site-packages/airflow/example_dags/example_params_trigger_ui.py
[2024-10-28T00:09:49.127+0000] {logging_mixin.py:190} INFO - [2024-10-28T00:09:49.127+0000] {dag.py:3239} INFO - Sync 1 DAGs
[2024-10-28T00:09:49.145+0000] {logging_mixin.py:190} INFO - [2024-10-28T00:09:49.145+0000] {dag.py:4180} INFO - Setting next_dagrun for example_params_trigger_ui to None, run_after=None
[2024-10-28T00:09:49.167+0000] {processor.py:208} INFO - Processing /home/airflow/.local/lib/python3.12/site-packages/airflow/example_dags/example_params_trigger_ui.py took 0.114 seconds
[2024-10-28T00:10:19.251+0000] {processor.py:186} INFO - Started process (PID=46660) to work on /home/airflow/.local/lib/python3.12/site-packages/airflow/example_dags/example_params_trigger_ui.py
[2024-10-28T00:10:19.252+0000] {processor.py:914} INFO - Processing file /home/airflow/.local/lib/python3.12/site-packages/airflow/example_dags/example_params_trigger_ui.py for tasks to queue
[2024-10-28T00:10:19.254+0000] {logging_mixin.py:190} INFO - [2024-10-28T00:10:19.253+0000] {dagbag.py:588} INFO - Filling up the DagBag from /home/airflow/.local/lib/python3.12/site-packages/airflow/example_dags/example_params_trigger_ui.py
[2024-10-28T00:10:19.267+0000] {processor.py:925} INFO - DAG(s) 'example_params_trigger_ui' retrieved from /home/airflow/.local/lib/python3.12/site-packages/airflow/example_dags/example_params_trigger_ui.py
[2024-10-28T00:10:19.314+0000] {logging_mixin.py:190} INFO - [2024-10-28T00:10:19.314+0000] {dag.py:3239} INFO - Sync 1 DAGs
[2024-10-28T00:10:19.330+0000] {logging_mixin.py:190} INFO - [2024-10-28T00:10:19.329+0000] {dag.py:4180} INFO - Setting next_dagrun for example_params_trigger_ui to None, run_after=None
[2024-10-28T00:10:19.351+0000] {processor.py:208} INFO - Processing /home/airflow/.local/lib/python3.12/site-packages/airflow/example_dags/example_params_trigger_ui.py took 0.105 seconds
[2024-10-28T00:10:49.491+0000] {processor.py:186} INFO - Started process (PID=46734) to work on /home/airflow/.local/lib/python3.12/site-packages/airflow/example_dags/example_params_trigger_ui.py
[2024-10-28T00:10:49.492+0000] {processor.py:914} INFO - Processing file /home/airflow/.local/lib/python3.12/site-packages/airflow/example_dags/example_params_trigger_ui.py for tasks to queue
[2024-10-28T00:10:49.494+0000] {logging_mixin.py:190} INFO - [2024-10-28T00:10:49.494+0000] {dagbag.py:588} INFO - Filling up the DagBag from /home/airflow/.local/lib/python3.12/site-packages/airflow/example_dags/example_params_trigger_ui.py
[2024-10-28T00:10:49.506+0000] {processor.py:925} INFO - DAG(s) 'example_params_trigger_ui' retrieved from /home/airflow/.local/lib/python3.12/site-packages/airflow/example_dags/example_params_trigger_ui.py
[2024-10-28T00:10:49.552+0000] {logging_mixin.py:190} INFO - [2024-10-28T00:10:49.551+0000] {dag.py:3239} INFO - Sync 1 DAGs
[2024-10-28T00:10:49.566+0000] {logging_mixin.py:190} INFO - [2024-10-28T00:10:49.565+0000] {dag.py:4180} INFO - Setting next_dagrun for example_params_trigger_ui to None, run_after=None
[2024-10-28T00:10:49.588+0000] {processor.py:208} INFO - Processing /home/airflow/.local/lib/python3.12/site-packages/airflow/example_dags/example_params_trigger_ui.py took 0.102 seconds
[2024-10-28T00:11:19.688+0000] {processor.py:186} INFO - Started process (PID=46808) to work on /home/airflow/.local/lib/python3.12/site-packages/airflow/example_dags/example_params_trigger_ui.py
[2024-10-28T00:11:19.711+0000] {processor.py:914} INFO - Processing file /home/airflow/.local/lib/python3.12/site-packages/airflow/example_dags/example_params_trigger_ui.py for tasks to queue
[2024-10-28T00:11:19.712+0000] {logging_mixin.py:190} INFO - [2024-10-28T00:11:19.712+0000] {dagbag.py:588} INFO - Filling up the DagBag from /home/airflow/.local/lib/python3.12/site-packages/airflow/example_dags/example_params_trigger_ui.py
[2024-10-28T00:11:19.727+0000] {processor.py:925} INFO - DAG(s) 'example_params_trigger_ui' retrieved from /home/airflow/.local/lib/python3.12/site-packages/airflow/example_dags/example_params_trigger_ui.py
[2024-10-28T00:11:19.772+0000] {logging_mixin.py:190} INFO - [2024-10-28T00:11:19.772+0000] {dag.py:3239} INFO - Sync 1 DAGs
[2024-10-28T00:11:19.786+0000] {logging_mixin.py:190} INFO - [2024-10-28T00:11:19.785+0000] {dag.py:4180} INFO - Setting next_dagrun for example_params_trigger_ui to None, run_after=None
[2024-10-28T00:11:19.803+0000] {processor.py:208} INFO - Processing /home/airflow/.local/lib/python3.12/site-packages/airflow/example_dags/example_params_trigger_ui.py took 0.123 seconds
[2024-10-28T00:11:49.866+0000] {processor.py:186} INFO - Started process (PID=46870) to work on /home/airflow/.local/lib/python3.12/site-packages/airflow/example_dags/example_params_trigger_ui.py
[2024-10-28T00:11:49.867+0000] {processor.py:914} INFO - Processing file /home/airflow/.local/lib/python3.12/site-packages/airflow/example_dags/example_params_trigger_ui.py for tasks to queue
[2024-10-28T00:11:49.868+0000] {logging_mixin.py:190} INFO - [2024-10-28T00:11:49.868+0000] {dagbag.py:588} INFO - Filling up the DagBag from /home/airflow/.local/lib/python3.12/site-packages/airflow/example_dags/example_params_trigger_ui.py
[2024-10-28T00:11:49.879+0000] {processor.py:925} INFO - DAG(s) 'example_params_trigger_ui' retrieved from /home/airflow/.local/lib/python3.12/site-packages/airflow/example_dags/example_params_trigger_ui.py
[2024-10-28T00:11:49.923+0000] {logging_mixin.py:190} INFO - [2024-10-28T00:11:49.922+0000] {dag.py:3239} INFO - Sync 1 DAGs
[2024-10-28T00:11:49.936+0000] {logging_mixin.py:190} INFO - [2024-10-28T00:11:49.936+0000] {dag.py:4180} INFO - Setting next_dagrun for example_params_trigger_ui to None, run_after=None
[2024-10-28T00:11:49.953+0000] {processor.py:208} INFO - Processing /home/airflow/.local/lib/python3.12/site-packages/airflow/example_dags/example_params_trigger_ui.py took 0.093 seconds
[2024-10-28T00:12:20.132+0000] {processor.py:186} INFO - Started process (PID=46944) to work on /home/airflow/.local/lib/python3.12/site-packages/airflow/example_dags/example_params_trigger_ui.py
[2024-10-28T00:12:20.133+0000] {processor.py:914} INFO - Processing file /home/airflow/.local/lib/python3.12/site-packages/airflow/example_dags/example_params_trigger_ui.py for tasks to queue
[2024-10-28T00:12:20.134+0000] {logging_mixin.py:190} INFO - [2024-10-28T00:12:20.134+0000] {dagbag.py:588} INFO - Filling up the DagBag from /home/airflow/.local/lib/python3.12/site-packages/airflow/example_dags/example_params_trigger_ui.py
[2024-10-28T00:12:20.145+0000] {processor.py:925} INFO - DAG(s) 'example_params_trigger_ui' retrieved from /home/airflow/.local/lib/python3.12/site-packages/airflow/example_dags/example_params_trigger_ui.py
[2024-10-28T00:12:20.191+0000] {logging_mixin.py:190} INFO - [2024-10-28T00:12:20.191+0000] {dag.py:3239} INFO - Sync 1 DAGs
[2024-10-28T00:12:20.205+0000] {logging_mixin.py:190} INFO - [2024-10-28T00:12:20.205+0000] {dag.py:4180} INFO - Setting next_dagrun for example_params_trigger_ui to None, run_after=None
[2024-10-28T00:12:20.225+0000] {processor.py:208} INFO - Processing /home/airflow/.local/lib/python3.12/site-packages/airflow/example_dags/example_params_trigger_ui.py took 0.099 seconds
[2024-10-28T00:12:50.614+0000] {processor.py:186} INFO - Started process (PID=47018) to work on /home/airflow/.local/lib/python3.12/site-packages/airflow/example_dags/example_params_trigger_ui.py
[2024-10-28T00:12:50.616+0000] {processor.py:914} INFO - Processing file /home/airflow/.local/lib/python3.12/site-packages/airflow/example_dags/example_params_trigger_ui.py for tasks to queue
[2024-10-28T00:12:50.617+0000] {logging_mixin.py:190} INFO - [2024-10-28T00:12:50.617+0000] {dagbag.py:588} INFO - Filling up the DagBag from /home/airflow/.local/lib/python3.12/site-packages/airflow/example_dags/example_params_trigger_ui.py
[2024-10-28T00:12:50.628+0000] {processor.py:925} INFO - DAG(s) 'example_params_trigger_ui' retrieved from /home/airflow/.local/lib/python3.12/site-packages/airflow/example_dags/example_params_trigger_ui.py
[2024-10-28T00:12:50.674+0000] {logging_mixin.py:190} INFO - [2024-10-28T00:12:50.674+0000] {dag.py:3239} INFO - Sync 1 DAGs
[2024-10-28T00:12:50.690+0000] {logging_mixin.py:190} INFO - [2024-10-28T00:12:50.690+0000] {dag.py:4180} INFO - Setting next_dagrun for example_params_trigger_ui to None, run_after=None
[2024-10-28T00:12:50.710+0000] {processor.py:208} INFO - Processing /home/airflow/.local/lib/python3.12/site-packages/airflow/example_dags/example_params_trigger_ui.py took 0.101 seconds
[2024-10-28T00:13:21.068+0000] {processor.py:186} INFO - Started process (PID=47092) to work on /home/airflow/.local/lib/python3.12/site-packages/airflow/example_dags/example_params_trigger_ui.py
[2024-10-28T00:13:21.069+0000] {processor.py:914} INFO - Processing file /home/airflow/.local/lib/python3.12/site-packages/airflow/example_dags/example_params_trigger_ui.py for tasks to queue
[2024-10-28T00:13:21.070+0000] {logging_mixin.py:190} INFO - [2024-10-28T00:13:21.070+0000] {dagbag.py:588} INFO - Filling up the DagBag from /home/airflow/.local/lib/python3.12/site-packages/airflow/example_dags/example_params_trigger_ui.py
[2024-10-28T00:13:21.082+0000] {processor.py:925} INFO - DAG(s) 'example_params_trigger_ui' retrieved from /home/airflow/.local/lib/python3.12/site-packages/airflow/example_dags/example_params_trigger_ui.py
[2024-10-28T00:13:21.128+0000] {logging_mixin.py:190} INFO - [2024-10-28T00:13:21.128+0000] {dag.py:3239} INFO - Sync 1 DAGs
[2024-10-28T00:13:21.141+0000] {logging_mixin.py:190} INFO - [2024-10-28T00:13:21.141+0000] {dag.py:4180} INFO - Setting next_dagrun for example_params_trigger_ui to None, run_after=None
[2024-10-28T00:13:21.160+0000] {processor.py:208} INFO - Processing /home/airflow/.local/lib/python3.12/site-packages/airflow/example_dags/example_params_trigger_ui.py took 0.099 seconds
[2024-10-28T00:13:51.542+0000] {processor.py:186} INFO - Started process (PID=47166) to work on /home/airflow/.local/lib/python3.12/site-packages/airflow/example_dags/example_params_trigger_ui.py
[2024-10-28T00:13:51.543+0000] {processor.py:914} INFO - Processing file /home/airflow/.local/lib/python3.12/site-packages/airflow/example_dags/example_params_trigger_ui.py for tasks to queue
[2024-10-28T00:13:51.544+0000] {logging_mixin.py:190} INFO - [2024-10-28T00:13:51.544+0000] {dagbag.py:588} INFO - Filling up the DagBag from /home/airflow/.local/lib/python3.12/site-packages/airflow/example_dags/example_params_trigger_ui.py
[2024-10-28T00:13:51.555+0000] {processor.py:925} INFO - DAG(s) 'example_params_trigger_ui' retrieved from /home/airflow/.local/lib/python3.12/site-packages/airflow/example_dags/example_params_trigger_ui.py
[2024-10-28T00:13:51.600+0000] {logging_mixin.py:190} INFO - [2024-10-28T00:13:51.599+0000] {dag.py:3239} INFO - Sync 1 DAGs
[2024-10-28T00:13:51.613+0000] {logging_mixin.py:190} INFO - [2024-10-28T00:13:51.613+0000] {dag.py:4180} INFO - Setting next_dagrun for example_params_trigger_ui to None, run_after=None
[2024-10-28T00:13:51.632+0000] {processor.py:208} INFO - Processing /home/airflow/.local/lib/python3.12/site-packages/airflow/example_dags/example_params_trigger_ui.py took 0.095 seconds
[2024-10-28T00:14:21.756+0000] {processor.py:186} INFO - Started process (PID=47240) to work on /home/airflow/.local/lib/python3.12/site-packages/airflow/example_dags/example_params_trigger_ui.py
[2024-10-28T00:14:21.757+0000] {processor.py:914} INFO - Processing file /home/airflow/.local/lib/python3.12/site-packages/airflow/example_dags/example_params_trigger_ui.py for tasks to queue
[2024-10-28T00:14:21.759+0000] {logging_mixin.py:190} INFO - [2024-10-28T00:14:21.758+0000] {dagbag.py:588} INFO - Filling up the DagBag from /home/airflow/.local/lib/python3.12/site-packages/airflow/example_dags/example_params_trigger_ui.py
[2024-10-28T00:14:21.769+0000] {processor.py:925} INFO - DAG(s) 'example_params_trigger_ui' retrieved from /home/airflow/.local/lib/python3.12/site-packages/airflow/example_dags/example_params_trigger_ui.py
[2024-10-28T00:14:21.813+0000] {logging_mixin.py:190} INFO - [2024-10-28T00:14:21.813+0000] {dag.py:3239} INFO - Sync 1 DAGs
[2024-10-28T00:14:21.827+0000] {logging_mixin.py:190} INFO - [2024-10-28T00:14:21.827+0000] {dag.py:4180} INFO - Setting next_dagrun for example_params_trigger_ui to None, run_after=None
[2024-10-28T00:14:21.846+0000] {processor.py:208} INFO - Processing /home/airflow/.local/lib/python3.12/site-packages/airflow/example_dags/example_params_trigger_ui.py took 0.095 seconds
[2024-10-28T00:14:51.909+0000] {processor.py:186} INFO - Started process (PID=47314) to work on /home/airflow/.local/lib/python3.12/site-packages/airflow/example_dags/example_params_trigger_ui.py
[2024-10-28T00:14:51.910+0000] {processor.py:914} INFO - Processing file /home/airflow/.local/lib/python3.12/site-packages/airflow/example_dags/example_params_trigger_ui.py for tasks to queue
[2024-10-28T00:14:51.911+0000] {logging_mixin.py:190} INFO - [2024-10-28T00:14:51.911+0000] {dagbag.py:588} INFO - Filling up the DagBag from /home/airflow/.local/lib/python3.12/site-packages/airflow/example_dags/example_params_trigger_ui.py
[2024-10-28T00:14:51.923+0000] {processor.py:925} INFO - DAG(s) 'example_params_trigger_ui' retrieved from /home/airflow/.local/lib/python3.12/site-packages/airflow/example_dags/example_params_trigger_ui.py
[2024-10-28T00:14:51.967+0000] {logging_mixin.py:190} INFO - [2024-10-28T00:14:51.966+0000] {dag.py:3239} INFO - Sync 1 DAGs
[2024-10-28T00:14:51.980+0000] {logging_mixin.py:190} INFO - [2024-10-28T00:14:51.980+0000] {dag.py:4180} INFO - Setting next_dagrun for example_params_trigger_ui to None, run_after=None
[2024-10-28T00:14:52.000+0000] {processor.py:208} INFO - Processing /home/airflow/.local/lib/python3.12/site-packages/airflow/example_dags/example_params_trigger_ui.py took 0.096 seconds
[2024-10-28T00:15:22.445+0000] {processor.py:186} INFO - Started process (PID=47388) to work on /home/airflow/.local/lib/python3.12/site-packages/airflow/example_dags/example_params_trigger_ui.py
[2024-10-28T00:15:22.446+0000] {processor.py:914} INFO - Processing file /home/airflow/.local/lib/python3.12/site-packages/airflow/example_dags/example_params_trigger_ui.py for tasks to queue
[2024-10-28T00:15:22.448+0000] {logging_mixin.py:190} INFO - [2024-10-28T00:15:22.447+0000] {dagbag.py:588} INFO - Filling up the DagBag from /home/airflow/.local/lib/python3.12/site-packages/airflow/example_dags/example_params_trigger_ui.py
[2024-10-28T00:15:22.459+0000] {processor.py:925} INFO - DAG(s) 'example_params_trigger_ui' retrieved from /home/airflow/.local/lib/python3.12/site-packages/airflow/example_dags/example_params_trigger_ui.py
[2024-10-28T00:15:22.505+0000] {logging_mixin.py:190} INFO - [2024-10-28T00:15:22.505+0000] {dag.py:3239} INFO - Sync 1 DAGs
[2024-10-28T00:15:22.520+0000] {logging_mixin.py:190} INFO - [2024-10-28T00:15:22.520+0000] {dag.py:4180} INFO - Setting next_dagrun for example_params_trigger_ui to None, run_after=None
[2024-10-28T00:15:22.543+0000] {processor.py:208} INFO - Processing /home/airflow/.local/lib/python3.12/site-packages/airflow/example_dags/example_params_trigger_ui.py took 0.104 seconds
[2024-10-28T00:15:52.829+0000] {processor.py:186} INFO - Started process (PID=47462) to work on /home/airflow/.local/lib/python3.12/site-packages/airflow/example_dags/example_params_trigger_ui.py
[2024-10-28T00:15:52.830+0000] {processor.py:914} INFO - Processing file /home/airflow/.local/lib/python3.12/site-packages/airflow/example_dags/example_params_trigger_ui.py for tasks to queue
[2024-10-28T00:15:52.832+0000] {logging_mixin.py:190} INFO - [2024-10-28T00:15:52.831+0000] {dagbag.py:588} INFO - Filling up the DagBag from /home/airflow/.local/lib/python3.12/site-packages/airflow/example_dags/example_params_trigger_ui.py
[2024-10-28T00:15:52.842+0000] {processor.py:925} INFO - DAG(s) 'example_params_trigger_ui' retrieved from /home/airflow/.local/lib/python3.12/site-packages/airflow/example_dags/example_params_trigger_ui.py
[2024-10-28T00:15:52.885+0000] {logging_mixin.py:190} INFO - [2024-10-28T00:15:52.885+0000] {dag.py:3239} INFO - Sync 1 DAGs
[2024-10-28T00:15:52.900+0000] {logging_mixin.py:190} INFO - [2024-10-28T00:15:52.899+0000] {dag.py:4180} INFO - Setting next_dagrun for example_params_trigger_ui to None, run_after=None
[2024-10-28T00:15:52.918+0000] {processor.py:208} INFO - Processing /home/airflow/.local/lib/python3.12/site-packages/airflow/example_dags/example_params_trigger_ui.py took 0.095 seconds
[2024-10-28T00:16:23.814+0000] {processor.py:186} INFO - Started process (PID=47536) to work on /home/airflow/.local/lib/python3.12/site-packages/airflow/example_dags/example_params_trigger_ui.py
[2024-10-28T00:16:23.815+0000] {processor.py:914} INFO - Processing file /home/airflow/.local/lib/python3.12/site-packages/airflow/example_dags/example_params_trigger_ui.py for tasks to queue
[2024-10-28T00:16:23.817+0000] {logging_mixin.py:190} INFO - [2024-10-28T00:16:23.817+0000] {dagbag.py:588} INFO - Filling up the DagBag from /home/airflow/.local/lib/python3.12/site-packages/airflow/example_dags/example_params_trigger_ui.py
[2024-10-28T00:16:23.828+0000] {processor.py:925} INFO - DAG(s) 'example_params_trigger_ui' retrieved from /home/airflow/.local/lib/python3.12/site-packages/airflow/example_dags/example_params_trigger_ui.py
[2024-10-28T00:16:23.870+0000] {logging_mixin.py:190} INFO - [2024-10-28T00:16:23.870+0000] {dag.py:3239} INFO - Sync 1 DAGs
[2024-10-28T00:16:23.883+0000] {logging_mixin.py:190} INFO - [2024-10-28T00:16:23.883+0000] {dag.py:4180} INFO - Setting next_dagrun for example_params_trigger_ui to None, run_after=None
[2024-10-28T00:16:23.901+0000] {processor.py:208} INFO - Processing /home/airflow/.local/lib/python3.12/site-packages/airflow/example_dags/example_params_trigger_ui.py took 0.091 seconds
[2024-10-28T00:16:54.734+0000] {processor.py:186} INFO - Started process (PID=47610) to work on /home/airflow/.local/lib/python3.12/site-packages/airflow/example_dags/example_params_trigger_ui.py
[2024-10-28T00:16:54.735+0000] {processor.py:914} INFO - Processing file /home/airflow/.local/lib/python3.12/site-packages/airflow/example_dags/example_params_trigger_ui.py for tasks to queue
[2024-10-28T00:16:54.736+0000] {logging_mixin.py:190} INFO - [2024-10-28T00:16:54.736+0000] {dagbag.py:588} INFO - Filling up the DagBag from /home/airflow/.local/lib/python3.12/site-packages/airflow/example_dags/example_params_trigger_ui.py
[2024-10-28T00:16:54.746+0000] {processor.py:925} INFO - DAG(s) 'example_params_trigger_ui' retrieved from /home/airflow/.local/lib/python3.12/site-packages/airflow/example_dags/example_params_trigger_ui.py
[2024-10-28T00:16:54.788+0000] {logging_mixin.py:190} INFO - [2024-10-28T00:16:54.788+0000] {dag.py:3239} INFO - Sync 1 DAGs
[2024-10-28T00:16:54.801+0000] {logging_mixin.py:190} INFO - [2024-10-28T00:16:54.801+0000] {dag.py:4180} INFO - Setting next_dagrun for example_params_trigger_ui to None, run_after=None
[2024-10-28T00:16:54.819+0000] {processor.py:208} INFO - Processing /home/airflow/.local/lib/python3.12/site-packages/airflow/example_dags/example_params_trigger_ui.py took 0.090 seconds
[2024-10-28T00:17:25.323+0000] {processor.py:186} INFO - Started process (PID=47684) to work on /home/airflow/.local/lib/python3.12/site-packages/airflow/example_dags/example_params_trigger_ui.py
[2024-10-28T00:17:25.324+0000] {processor.py:914} INFO - Processing file /home/airflow/.local/lib/python3.12/site-packages/airflow/example_dags/example_params_trigger_ui.py for tasks to queue
[2024-10-28T00:17:25.326+0000] {logging_mixin.py:190} INFO - [2024-10-28T00:17:25.325+0000] {dagbag.py:588} INFO - Filling up the DagBag from /home/airflow/.local/lib/python3.12/site-packages/airflow/example_dags/example_params_trigger_ui.py
[2024-10-28T00:17:25.336+0000] {processor.py:925} INFO - DAG(s) 'example_params_trigger_ui' retrieved from /home/airflow/.local/lib/python3.12/site-packages/airflow/example_dags/example_params_trigger_ui.py
[2024-10-28T00:17:25.378+0000] {logging_mixin.py:190} INFO - [2024-10-28T00:17:25.378+0000] {dag.py:3239} INFO - Sync 1 DAGs
[2024-10-28T00:17:25.392+0000] {logging_mixin.py:190} INFO - [2024-10-28T00:17:25.392+0000] {dag.py:4180} INFO - Setting next_dagrun for example_params_trigger_ui to None, run_after=None
[2024-10-28T00:17:25.411+0000] {processor.py:208} INFO - Processing /home/airflow/.local/lib/python3.12/site-packages/airflow/example_dags/example_params_trigger_ui.py took 0.092 seconds
[2024-10-28T00:17:55.673+0000] {processor.py:186} INFO - Started process (PID=47758) to work on /home/airflow/.local/lib/python3.12/site-packages/airflow/example_dags/example_params_trigger_ui.py
[2024-10-28T00:17:55.674+0000] {processor.py:914} INFO - Processing file /home/airflow/.local/lib/python3.12/site-packages/airflow/example_dags/example_params_trigger_ui.py for tasks to queue
[2024-10-28T00:17:55.676+0000] {logging_mixin.py:190} INFO - [2024-10-28T00:17:55.676+0000] {dagbag.py:588} INFO - Filling up the DagBag from /home/airflow/.local/lib/python3.12/site-packages/airflow/example_dags/example_params_trigger_ui.py
[2024-10-28T00:17:55.690+0000] {processor.py:925} INFO - DAG(s) 'example_params_trigger_ui' retrieved from /home/airflow/.local/lib/python3.12/site-packages/airflow/example_dags/example_params_trigger_ui.py
[2024-10-28T00:17:55.739+0000] {logging_mixin.py:190} INFO - [2024-10-28T00:17:55.738+0000] {dag.py:3239} INFO - Sync 1 DAGs
[2024-10-28T00:17:55.752+0000] {logging_mixin.py:190} INFO - [2024-10-28T00:17:55.752+0000] {dag.py:4180} INFO - Setting next_dagrun for example_params_trigger_ui to None, run_after=None
[2024-10-28T00:17:55.774+0000] {processor.py:208} INFO - Processing /home/airflow/.local/lib/python3.12/site-packages/airflow/example_dags/example_params_trigger_ui.py took 0.107 seconds
[2024-10-28T00:18:26.350+0000] {processor.py:186} INFO - Started process (PID=47832) to work on /home/airflow/.local/lib/python3.12/site-packages/airflow/example_dags/example_params_trigger_ui.py
[2024-10-28T00:18:26.352+0000] {processor.py:914} INFO - Processing file /home/airflow/.local/lib/python3.12/site-packages/airflow/example_dags/example_params_trigger_ui.py for tasks to queue
[2024-10-28T00:18:26.353+0000] {logging_mixin.py:190} INFO - [2024-10-28T00:18:26.353+0000] {dagbag.py:588} INFO - Filling up the DagBag from /home/airflow/.local/lib/python3.12/site-packages/airflow/example_dags/example_params_trigger_ui.py
[2024-10-28T00:18:26.364+0000] {processor.py:925} INFO - DAG(s) 'example_params_trigger_ui' retrieved from /home/airflow/.local/lib/python3.12/site-packages/airflow/example_dags/example_params_trigger_ui.py
[2024-10-28T00:18:26.413+0000] {logging_mixin.py:190} INFO - [2024-10-28T00:18:26.413+0000] {dag.py:3239} INFO - Sync 1 DAGs
[2024-10-28T00:18:26.429+0000] {logging_mixin.py:190} INFO - [2024-10-28T00:18:26.429+0000] {dag.py:4180} INFO - Setting next_dagrun for example_params_trigger_ui to None, run_after=None
[2024-10-28T00:18:26.448+0000] {processor.py:208} INFO - Processing /home/airflow/.local/lib/python3.12/site-packages/airflow/example_dags/example_params_trigger_ui.py took 0.104 seconds
[2024-10-28T00:18:56.547+0000] {processor.py:186} INFO - Started process (PID=47906) to work on /home/airflow/.local/lib/python3.12/site-packages/airflow/example_dags/example_params_trigger_ui.py
[2024-10-28T00:18:56.549+0000] {processor.py:914} INFO - Processing file /home/airflow/.local/lib/python3.12/site-packages/airflow/example_dags/example_params_trigger_ui.py for tasks to queue
[2024-10-28T00:18:56.552+0000] {logging_mixin.py:190} INFO - [2024-10-28T00:18:56.551+0000] {dagbag.py:588} INFO - Filling up the DagBag from /home/airflow/.local/lib/python3.12/site-packages/airflow/example_dags/example_params_trigger_ui.py
[2024-10-28T00:18:56.569+0000] {processor.py:925} INFO - DAG(s) 'example_params_trigger_ui' retrieved from /home/airflow/.local/lib/python3.12/site-packages/airflow/example_dags/example_params_trigger_ui.py
[2024-10-28T00:18:56.634+0000] {logging_mixin.py:190} INFO - [2024-10-28T00:18:56.634+0000] {dag.py:3239} INFO - Sync 1 DAGs
[2024-10-28T00:18:56.654+0000] {logging_mixin.py:190} INFO - [2024-10-28T00:18:56.654+0000] {dag.py:4180} INFO - Setting next_dagrun for example_params_trigger_ui to None, run_after=None
[2024-10-28T00:18:56.686+0000] {processor.py:208} INFO - Processing /home/airflow/.local/lib/python3.12/site-packages/airflow/example_dags/example_params_trigger_ui.py took 0.147 seconds
[2024-10-28T00:19:27.120+0000] {processor.py:186} INFO - Started process (PID=47980) to work on /home/airflow/.local/lib/python3.12/site-packages/airflow/example_dags/example_params_trigger_ui.py
[2024-10-28T00:19:27.121+0000] {processor.py:914} INFO - Processing file /home/airflow/.local/lib/python3.12/site-packages/airflow/example_dags/example_params_trigger_ui.py for tasks to queue
[2024-10-28T00:19:27.122+0000] {logging_mixin.py:190} INFO - [2024-10-28T00:19:27.122+0000] {dagbag.py:588} INFO - Filling up the DagBag from /home/airflow/.local/lib/python3.12/site-packages/airflow/example_dags/example_params_trigger_ui.py
[2024-10-28T00:19:27.138+0000] {processor.py:925} INFO - DAG(s) 'example_params_trigger_ui' retrieved from /home/airflow/.local/lib/python3.12/site-packages/airflow/example_dags/example_params_trigger_ui.py
[2024-10-28T00:19:27.193+0000] {logging_mixin.py:190} INFO - [2024-10-28T00:19:27.192+0000] {dag.py:3239} INFO - Sync 1 DAGs
[2024-10-28T00:19:27.213+0000] {logging_mixin.py:190} INFO - [2024-10-28T00:19:27.212+0000] {dag.py:4180} INFO - Setting next_dagrun for example_params_trigger_ui to None, run_after=None
[2024-10-28T00:19:27.239+0000] {processor.py:208} INFO - Processing /home/airflow/.local/lib/python3.12/site-packages/airflow/example_dags/example_params_trigger_ui.py took 0.127 seconds
[2024-10-28T00:19:57.746+0000] {processor.py:186} INFO - Started process (PID=48054) to work on /home/airflow/.local/lib/python3.12/site-packages/airflow/example_dags/example_params_trigger_ui.py
[2024-10-28T00:19:57.747+0000] {processor.py:914} INFO - Processing file /home/airflow/.local/lib/python3.12/site-packages/airflow/example_dags/example_params_trigger_ui.py for tasks to queue
[2024-10-28T00:19:57.748+0000] {logging_mixin.py:190} INFO - [2024-10-28T00:19:57.748+0000] {dagbag.py:588} INFO - Filling up the DagBag from /home/airflow/.local/lib/python3.12/site-packages/airflow/example_dags/example_params_trigger_ui.py
[2024-10-28T00:19:57.765+0000] {processor.py:925} INFO - DAG(s) 'example_params_trigger_ui' retrieved from /home/airflow/.local/lib/python3.12/site-packages/airflow/example_dags/example_params_trigger_ui.py
[2024-10-28T00:19:57.818+0000] {logging_mixin.py:190} INFO - [2024-10-28T00:19:57.818+0000] {dag.py:3239} INFO - Sync 1 DAGs
[2024-10-28T00:19:57.835+0000] {logging_mixin.py:190} INFO - [2024-10-28T00:19:57.835+0000] {dag.py:4180} INFO - Setting next_dagrun for example_params_trigger_ui to None, run_after=None
[2024-10-28T00:19:57.862+0000] {processor.py:208} INFO - Processing /home/airflow/.local/lib/python3.12/site-packages/airflow/example_dags/example_params_trigger_ui.py took 0.127 seconds
[2024-10-28T00:20:28.125+0000] {processor.py:186} INFO - Started process (PID=48128) to work on /home/airflow/.local/lib/python3.12/site-packages/airflow/example_dags/example_params_trigger_ui.py
[2024-10-28T00:20:28.127+0000] {processor.py:914} INFO - Processing file /home/airflow/.local/lib/python3.12/site-packages/airflow/example_dags/example_params_trigger_ui.py for tasks to queue
[2024-10-28T00:20:28.128+0000] {logging_mixin.py:190} INFO - [2024-10-28T00:20:28.128+0000] {dagbag.py:588} INFO - Filling up the DagBag from /home/airflow/.local/lib/python3.12/site-packages/airflow/example_dags/example_params_trigger_ui.py
[2024-10-28T00:20:28.143+0000] {processor.py:925} INFO - DAG(s) 'example_params_trigger_ui' retrieved from /home/airflow/.local/lib/python3.12/site-packages/airflow/example_dags/example_params_trigger_ui.py
[2024-10-28T00:20:28.200+0000] {logging_mixin.py:190} INFO - [2024-10-28T00:20:28.199+0000] {dag.py:3239} INFO - Sync 1 DAGs
[2024-10-28T00:20:28.217+0000] {logging_mixin.py:190} INFO - [2024-10-28T00:20:28.217+0000] {dag.py:4180} INFO - Setting next_dagrun for example_params_trigger_ui to None, run_after=None
[2024-10-28T00:20:28.244+0000] {processor.py:208} INFO - Processing /home/airflow/.local/lib/python3.12/site-packages/airflow/example_dags/example_params_trigger_ui.py took 0.126 seconds
[2024-10-28T00:20:58.740+0000] {processor.py:186} INFO - Started process (PID=48202) to work on /home/airflow/.local/lib/python3.12/site-packages/airflow/example_dags/example_params_trigger_ui.py
[2024-10-28T00:20:58.741+0000] {processor.py:914} INFO - Processing file /home/airflow/.local/lib/python3.12/site-packages/airflow/example_dags/example_params_trigger_ui.py for tasks to queue
[2024-10-28T00:20:58.743+0000] {logging_mixin.py:190} INFO - [2024-10-28T00:20:58.743+0000] {dagbag.py:588} INFO - Filling up the DagBag from /home/airflow/.local/lib/python3.12/site-packages/airflow/example_dags/example_params_trigger_ui.py
[2024-10-28T00:20:58.760+0000] {processor.py:925} INFO - DAG(s) 'example_params_trigger_ui' retrieved from /home/airflow/.local/lib/python3.12/site-packages/airflow/example_dags/example_params_trigger_ui.py
[2024-10-28T00:20:58.818+0000] {logging_mixin.py:190} INFO - [2024-10-28T00:20:58.818+0000] {dag.py:3239} INFO - Sync 1 DAGs
[2024-10-28T00:20:58.835+0000] {logging_mixin.py:190} INFO - [2024-10-28T00:20:58.834+0000] {dag.py:4180} INFO - Setting next_dagrun for example_params_trigger_ui to None, run_after=None
[2024-10-28T00:20:58.859+0000] {processor.py:208} INFO - Processing /home/airflow/.local/lib/python3.12/site-packages/airflow/example_dags/example_params_trigger_ui.py took 0.128 seconds
[2024-10-28T00:21:29.450+0000] {processor.py:186} INFO - Started process (PID=48276) to work on /home/airflow/.local/lib/python3.12/site-packages/airflow/example_dags/example_params_trigger_ui.py
[2024-10-28T00:21:29.451+0000] {processor.py:914} INFO - Processing file /home/airflow/.local/lib/python3.12/site-packages/airflow/example_dags/example_params_trigger_ui.py for tasks to queue
[2024-10-28T00:21:29.453+0000] {logging_mixin.py:190} INFO - [2024-10-28T00:21:29.452+0000] {dagbag.py:588} INFO - Filling up the DagBag from /home/airflow/.local/lib/python3.12/site-packages/airflow/example_dags/example_params_trigger_ui.py
[2024-10-28T00:21:29.467+0000] {processor.py:925} INFO - DAG(s) 'example_params_trigger_ui' retrieved from /home/airflow/.local/lib/python3.12/site-packages/airflow/example_dags/example_params_trigger_ui.py
[2024-10-28T00:21:29.517+0000] {logging_mixin.py:190} INFO - [2024-10-28T00:21:29.517+0000] {dag.py:3239} INFO - Sync 1 DAGs
[2024-10-28T00:21:29.533+0000] {logging_mixin.py:190} INFO - [2024-10-28T00:21:29.533+0000] {dag.py:4180} INFO - Setting next_dagrun for example_params_trigger_ui to None, run_after=None
[2024-10-28T00:21:29.555+0000] {processor.py:208} INFO - Processing /home/airflow/.local/lib/python3.12/site-packages/airflow/example_dags/example_params_trigger_ui.py took 0.112 seconds
[2024-10-28T00:21:59.967+0000] {processor.py:186} INFO - Started process (PID=48350) to work on /home/airflow/.local/lib/python3.12/site-packages/airflow/example_dags/example_params_trigger_ui.py
[2024-10-28T00:21:59.969+0000] {processor.py:914} INFO - Processing file /home/airflow/.local/lib/python3.12/site-packages/airflow/example_dags/example_params_trigger_ui.py for tasks to queue
[2024-10-28T00:21:59.970+0000] {logging_mixin.py:190} INFO - [2024-10-28T00:21:59.970+0000] {dagbag.py:588} INFO - Filling up the DagBag from /home/airflow/.local/lib/python3.12/site-packages/airflow/example_dags/example_params_trigger_ui.py
[2024-10-28T00:21:59.981+0000] {processor.py:925} INFO - DAG(s) 'example_params_trigger_ui' retrieved from /home/airflow/.local/lib/python3.12/site-packages/airflow/example_dags/example_params_trigger_ui.py
[2024-10-28T00:22:00.033+0000] {logging_mixin.py:190} INFO - [2024-10-28T00:22:00.033+0000] {dag.py:3239} INFO - Sync 1 DAGs
[2024-10-28T00:22:00.047+0000] {logging_mixin.py:190} INFO - [2024-10-28T00:22:00.047+0000] {dag.py:4180} INFO - Setting next_dagrun for example_params_trigger_ui to None, run_after=None
[2024-10-28T00:22:00.068+0000] {processor.py:208} INFO - Processing /home/airflow/.local/lib/python3.12/site-packages/airflow/example_dags/example_params_trigger_ui.py took 0.106 seconds
[2024-10-28T00:22:30.158+0000] {processor.py:186} INFO - Started process (PID=48424) to work on /home/airflow/.local/lib/python3.12/site-packages/airflow/example_dags/example_params_trigger_ui.py
[2024-10-28T00:22:30.159+0000] {processor.py:914} INFO - Processing file /home/airflow/.local/lib/python3.12/site-packages/airflow/example_dags/example_params_trigger_ui.py for tasks to queue
[2024-10-28T00:22:30.161+0000] {logging_mixin.py:190} INFO - [2024-10-28T00:22:30.161+0000] {dagbag.py:588} INFO - Filling up the DagBag from /home/airflow/.local/lib/python3.12/site-packages/airflow/example_dags/example_params_trigger_ui.py
[2024-10-28T00:22:30.176+0000] {processor.py:925} INFO - DAG(s) 'example_params_trigger_ui' retrieved from /home/airflow/.local/lib/python3.12/site-packages/airflow/example_dags/example_params_trigger_ui.py
[2024-10-28T00:22:30.222+0000] {logging_mixin.py:190} INFO - [2024-10-28T00:22:30.222+0000] {dag.py:3239} INFO - Sync 1 DAGs
[2024-10-28T00:22:30.246+0000] {logging_mixin.py:190} INFO - [2024-10-28T00:22:30.246+0000] {dag.py:4180} INFO - Setting next_dagrun for example_params_trigger_ui to None, run_after=None
[2024-10-28T00:22:30.274+0000] {processor.py:208} INFO - Processing /home/airflow/.local/lib/python3.12/site-packages/airflow/example_dags/example_params_trigger_ui.py took 0.122 seconds
[2024-10-28T00:23:00.750+0000] {processor.py:186} INFO - Started process (PID=48498) to work on /home/airflow/.local/lib/python3.12/site-packages/airflow/example_dags/example_params_trigger_ui.py
[2024-10-28T00:23:00.752+0000] {processor.py:914} INFO - Processing file /home/airflow/.local/lib/python3.12/site-packages/airflow/example_dags/example_params_trigger_ui.py for tasks to queue
[2024-10-28T00:23:00.753+0000] {logging_mixin.py:190} INFO - [2024-10-28T00:23:00.753+0000] {dagbag.py:588} INFO - Filling up the DagBag from /home/airflow/.local/lib/python3.12/site-packages/airflow/example_dags/example_params_trigger_ui.py
[2024-10-28T00:23:00.769+0000] {processor.py:925} INFO - DAG(s) 'example_params_trigger_ui' retrieved from /home/airflow/.local/lib/python3.12/site-packages/airflow/example_dags/example_params_trigger_ui.py
[2024-10-28T00:23:00.831+0000] {logging_mixin.py:190} INFO - [2024-10-28T00:23:00.831+0000] {dag.py:3239} INFO - Sync 1 DAGs
[2024-10-28T00:23:00.850+0000] {logging_mixin.py:190} INFO - [2024-10-28T00:23:00.850+0000] {dag.py:4180} INFO - Setting next_dagrun for example_params_trigger_ui to None, run_after=None
[2024-10-28T00:23:00.878+0000] {processor.py:208} INFO - Processing /home/airflow/.local/lib/python3.12/site-packages/airflow/example_dags/example_params_trigger_ui.py took 0.138 seconds
[2024-10-28T00:23:30.984+0000] {processor.py:186} INFO - Started process (PID=48572) to work on /home/airflow/.local/lib/python3.12/site-packages/airflow/example_dags/example_params_trigger_ui.py
[2024-10-28T00:23:30.985+0000] {processor.py:914} INFO - Processing file /home/airflow/.local/lib/python3.12/site-packages/airflow/example_dags/example_params_trigger_ui.py for tasks to queue
[2024-10-28T00:23:30.987+0000] {logging_mixin.py:190} INFO - [2024-10-28T00:23:30.986+0000] {dagbag.py:588} INFO - Filling up the DagBag from /home/airflow/.local/lib/python3.12/site-packages/airflow/example_dags/example_params_trigger_ui.py
[2024-10-28T00:23:31.000+0000] {processor.py:925} INFO - DAG(s) 'example_params_trigger_ui' retrieved from /home/airflow/.local/lib/python3.12/site-packages/airflow/example_dags/example_params_trigger_ui.py
[2024-10-28T00:23:31.044+0000] {logging_mixin.py:190} INFO - [2024-10-28T00:23:31.044+0000] {dag.py:3239} INFO - Sync 1 DAGs
[2024-10-28T00:23:31.058+0000] {logging_mixin.py:190} INFO - [2024-10-28T00:23:31.057+0000] {dag.py:4180} INFO - Setting next_dagrun for example_params_trigger_ui to None, run_after=None
[2024-10-28T00:23:31.077+0000] {processor.py:208} INFO - Processing /home/airflow/.local/lib/python3.12/site-packages/airflow/example_dags/example_params_trigger_ui.py took 0.098 seconds
[2024-10-28T00:24:01.944+0000] {processor.py:186} INFO - Started process (PID=48646) to work on /home/airflow/.local/lib/python3.12/site-packages/airflow/example_dags/example_params_trigger_ui.py
[2024-10-28T00:24:01.945+0000] {processor.py:914} INFO - Processing file /home/airflow/.local/lib/python3.12/site-packages/airflow/example_dags/example_params_trigger_ui.py for tasks to queue
[2024-10-28T00:24:01.947+0000] {logging_mixin.py:190} INFO - [2024-10-28T00:24:01.946+0000] {dagbag.py:588} INFO - Filling up the DagBag from /home/airflow/.local/lib/python3.12/site-packages/airflow/example_dags/example_params_trigger_ui.py
[2024-10-28T00:24:01.962+0000] {processor.py:925} INFO - DAG(s) 'example_params_trigger_ui' retrieved from /home/airflow/.local/lib/python3.12/site-packages/airflow/example_dags/example_params_trigger_ui.py
[2024-10-28T00:24:02.020+0000] {logging_mixin.py:190} INFO - [2024-10-28T00:24:02.019+0000] {dag.py:3239} INFO - Sync 1 DAGs
[2024-10-28T00:24:02.036+0000] {logging_mixin.py:190} INFO - [2024-10-28T00:24:02.036+0000] {dag.py:4180} INFO - Setting next_dagrun for example_params_trigger_ui to None, run_after=None
[2024-10-28T00:24:02.057+0000] {processor.py:208} INFO - Processing /home/airflow/.local/lib/python3.12/site-packages/airflow/example_dags/example_params_trigger_ui.py took 0.119 seconds
[2024-10-28T00:24:32.856+0000] {processor.py:186} INFO - Started process (PID=48720) to work on /home/airflow/.local/lib/python3.12/site-packages/airflow/example_dags/example_params_trigger_ui.py
[2024-10-28T00:24:32.858+0000] {processor.py:914} INFO - Processing file /home/airflow/.local/lib/python3.12/site-packages/airflow/example_dags/example_params_trigger_ui.py for tasks to queue
[2024-10-28T00:24:32.859+0000] {logging_mixin.py:190} INFO - [2024-10-28T00:24:32.859+0000] {dagbag.py:588} INFO - Filling up the DagBag from /home/airflow/.local/lib/python3.12/site-packages/airflow/example_dags/example_params_trigger_ui.py
[2024-10-28T00:24:32.875+0000] {processor.py:925} INFO - DAG(s) 'example_params_trigger_ui' retrieved from /home/airflow/.local/lib/python3.12/site-packages/airflow/example_dags/example_params_trigger_ui.py
[2024-10-28T00:24:32.939+0000] {logging_mixin.py:190} INFO - [2024-10-28T00:24:32.939+0000] {dag.py:3239} INFO - Sync 1 DAGs
[2024-10-28T00:24:32.960+0000] {logging_mixin.py:190} INFO - [2024-10-28T00:24:32.960+0000] {dag.py:4180} INFO - Setting next_dagrun for example_params_trigger_ui to None, run_after=None
[2024-10-28T00:24:32.991+0000] {processor.py:208} INFO - Processing /home/airflow/.local/lib/python3.12/site-packages/airflow/example_dags/example_params_trigger_ui.py took 0.142 seconds
[2024-10-28T00:25:03.092+0000] {processor.py:186} INFO - Started process (PID=48794) to work on /home/airflow/.local/lib/python3.12/site-packages/airflow/example_dags/example_params_trigger_ui.py
[2024-10-28T00:25:03.094+0000] {processor.py:914} INFO - Processing file /home/airflow/.local/lib/python3.12/site-packages/airflow/example_dags/example_params_trigger_ui.py for tasks to queue
[2024-10-28T00:25:03.095+0000] {logging_mixin.py:190} INFO - [2024-10-28T00:25:03.095+0000] {dagbag.py:588} INFO - Filling up the DagBag from /home/airflow/.local/lib/python3.12/site-packages/airflow/example_dags/example_params_trigger_ui.py
[2024-10-28T00:25:03.112+0000] {processor.py:925} INFO - DAG(s) 'example_params_trigger_ui' retrieved from /home/airflow/.local/lib/python3.12/site-packages/airflow/example_dags/example_params_trigger_ui.py
[2024-10-28T00:25:03.177+0000] {logging_mixin.py:190} INFO - [2024-10-28T00:25:03.176+0000] {dag.py:3239} INFO - Sync 1 DAGs
[2024-10-28T00:25:03.414+0000] {logging_mixin.py:190} INFO - [2024-10-28T00:25:03.413+0000] {dag.py:4180} INFO - Setting next_dagrun for example_params_trigger_ui to None, run_after=None
[2024-10-28T00:25:03.443+0000] {processor.py:208} INFO - Processing /home/airflow/.local/lib/python3.12/site-packages/airflow/example_dags/example_params_trigger_ui.py took 0.357 seconds
[2024-10-28T00:25:34.196+0000] {processor.py:186} INFO - Started process (PID=48868) to work on /home/airflow/.local/lib/python3.12/site-packages/airflow/example_dags/example_params_trigger_ui.py
[2024-10-28T00:25:34.197+0000] {processor.py:914} INFO - Processing file /home/airflow/.local/lib/python3.12/site-packages/airflow/example_dags/example_params_trigger_ui.py for tasks to queue
[2024-10-28T00:25:34.199+0000] {logging_mixin.py:190} INFO - [2024-10-28T00:25:34.198+0000] {dagbag.py:588} INFO - Filling up the DagBag from /home/airflow/.local/lib/python3.12/site-packages/airflow/example_dags/example_params_trigger_ui.py
[2024-10-28T00:25:34.212+0000] {processor.py:925} INFO - DAG(s) 'example_params_trigger_ui' retrieved from /home/airflow/.local/lib/python3.12/site-packages/airflow/example_dags/example_params_trigger_ui.py
[2024-10-28T00:25:34.262+0000] {logging_mixin.py:190} INFO - [2024-10-28T00:25:34.261+0000] {dag.py:3239} INFO - Sync 1 DAGs
[2024-10-28T00:25:34.434+0000] {logging_mixin.py:190} INFO - [2024-10-28T00:25:34.434+0000] {dag.py:4180} INFO - Setting next_dagrun for example_params_trigger_ui to None, run_after=None
[2024-10-28T00:25:34.456+0000] {processor.py:208} INFO - Processing /home/airflow/.local/lib/python3.12/site-packages/airflow/example_dags/example_params_trigger_ui.py took 0.267 seconds
[2024-10-28T00:26:04.662+0000] {processor.py:186} INFO - Started process (PID=48942) to work on /home/airflow/.local/lib/python3.12/site-packages/airflow/example_dags/example_params_trigger_ui.py
[2024-10-28T00:26:04.663+0000] {processor.py:914} INFO - Processing file /home/airflow/.local/lib/python3.12/site-packages/airflow/example_dags/example_params_trigger_ui.py for tasks to queue
[2024-10-28T00:26:04.665+0000] {logging_mixin.py:190} INFO - [2024-10-28T00:26:04.664+0000] {dagbag.py:588} INFO - Filling up the DagBag from /home/airflow/.local/lib/python3.12/site-packages/airflow/example_dags/example_params_trigger_ui.py
[2024-10-28T00:26:04.679+0000] {processor.py:925} INFO - DAG(s) 'example_params_trigger_ui' retrieved from /home/airflow/.local/lib/python3.12/site-packages/airflow/example_dags/example_params_trigger_ui.py
[2024-10-28T00:26:04.732+0000] {logging_mixin.py:190} INFO - [2024-10-28T00:26:04.732+0000] {dag.py:3239} INFO - Sync 1 DAGs
[2024-10-28T00:26:04.916+0000] {logging_mixin.py:190} INFO - [2024-10-28T00:26:04.916+0000] {dag.py:4180} INFO - Setting next_dagrun for example_params_trigger_ui to None, run_after=None
[2024-10-28T00:26:04.940+0000] {processor.py:208} INFO - Processing /home/airflow/.local/lib/python3.12/site-packages/airflow/example_dags/example_params_trigger_ui.py took 0.286 seconds
[2024-10-28T00:26:34.998+0000] {processor.py:186} INFO - Started process (PID=49016) to work on /home/airflow/.local/lib/python3.12/site-packages/airflow/example_dags/example_params_trigger_ui.py
[2024-10-28T00:26:34.999+0000] {processor.py:914} INFO - Processing file /home/airflow/.local/lib/python3.12/site-packages/airflow/example_dags/example_params_trigger_ui.py for tasks to queue
[2024-10-28T00:26:35.000+0000] {logging_mixin.py:190} INFO - [2024-10-28T00:26:35.000+0000] {dagbag.py:588} INFO - Filling up the DagBag from /home/airflow/.local/lib/python3.12/site-packages/airflow/example_dags/example_params_trigger_ui.py
[2024-10-28T00:26:35.011+0000] {processor.py:925} INFO - DAG(s) 'example_params_trigger_ui' retrieved from /home/airflow/.local/lib/python3.12/site-packages/airflow/example_dags/example_params_trigger_ui.py
[2024-10-28T00:26:35.055+0000] {logging_mixin.py:190} INFO - [2024-10-28T00:26:35.055+0000] {dag.py:3239} INFO - Sync 1 DAGs
[2024-10-28T00:26:35.069+0000] {logging_mixin.py:190} INFO - [2024-10-28T00:26:35.068+0000] {dag.py:4180} INFO - Setting next_dagrun for example_params_trigger_ui to None, run_after=None
[2024-10-28T00:26:35.087+0000] {processor.py:208} INFO - Processing /home/airflow/.local/lib/python3.12/site-packages/airflow/example_dags/example_params_trigger_ui.py took 0.094 seconds
[2024-10-28T00:27:05.383+0000] {processor.py:186} INFO - Started process (PID=49090) to work on /home/airflow/.local/lib/python3.12/site-packages/airflow/example_dags/example_params_trigger_ui.py
[2024-10-28T00:27:05.384+0000] {processor.py:914} INFO - Processing file /home/airflow/.local/lib/python3.12/site-packages/airflow/example_dags/example_params_trigger_ui.py for tasks to queue
[2024-10-28T00:27:05.386+0000] {logging_mixin.py:190} INFO - [2024-10-28T00:27:05.386+0000] {dagbag.py:588} INFO - Filling up the DagBag from /home/airflow/.local/lib/python3.12/site-packages/airflow/example_dags/example_params_trigger_ui.py
[2024-10-28T00:27:05.397+0000] {processor.py:925} INFO - DAG(s) 'example_params_trigger_ui' retrieved from /home/airflow/.local/lib/python3.12/site-packages/airflow/example_dags/example_params_trigger_ui.py
[2024-10-28T00:27:05.441+0000] {logging_mixin.py:190} INFO - [2024-10-28T00:27:05.441+0000] {dag.py:3239} INFO - Sync 1 DAGs
[2024-10-28T00:27:05.455+0000] {logging_mixin.py:190} INFO - [2024-10-28T00:27:05.455+0000] {dag.py:4180} INFO - Setting next_dagrun for example_params_trigger_ui to None, run_after=None
[2024-10-28T00:27:05.474+0000] {processor.py:208} INFO - Processing /home/airflow/.local/lib/python3.12/site-packages/airflow/example_dags/example_params_trigger_ui.py took 0.096 seconds
[2024-10-28T00:27:36.277+0000] {processor.py:186} INFO - Started process (PID=49164) to work on /home/airflow/.local/lib/python3.12/site-packages/airflow/example_dags/example_params_trigger_ui.py
[2024-10-28T00:27:36.279+0000] {processor.py:914} INFO - Processing file /home/airflow/.local/lib/python3.12/site-packages/airflow/example_dags/example_params_trigger_ui.py for tasks to queue
[2024-10-28T00:27:36.280+0000] {logging_mixin.py:190} INFO - [2024-10-28T00:27:36.280+0000] {dagbag.py:588} INFO - Filling up the DagBag from /home/airflow/.local/lib/python3.12/site-packages/airflow/example_dags/example_params_trigger_ui.py
[2024-10-28T00:27:36.291+0000] {processor.py:925} INFO - DAG(s) 'example_params_trigger_ui' retrieved from /home/airflow/.local/lib/python3.12/site-packages/airflow/example_dags/example_params_trigger_ui.py
[2024-10-28T00:27:36.334+0000] {logging_mixin.py:190} INFO - [2024-10-28T00:27:36.334+0000] {dag.py:3239} INFO - Sync 1 DAGs
[2024-10-28T00:27:36.348+0000] {logging_mixin.py:190} INFO - [2024-10-28T00:27:36.347+0000] {dag.py:4180} INFO - Setting next_dagrun for example_params_trigger_ui to None, run_after=None
[2024-10-28T00:27:36.366+0000] {processor.py:208} INFO - Processing /home/airflow/.local/lib/python3.12/site-packages/airflow/example_dags/example_params_trigger_ui.py took 0.094 seconds
[2024-10-28T00:28:06.525+0000] {processor.py:186} INFO - Started process (PID=49238) to work on /home/airflow/.local/lib/python3.12/site-packages/airflow/example_dags/example_params_trigger_ui.py
[2024-10-28T00:28:06.527+0000] {processor.py:914} INFO - Processing file /home/airflow/.local/lib/python3.12/site-packages/airflow/example_dags/example_params_trigger_ui.py for tasks to queue
[2024-10-28T00:28:06.529+0000] {logging_mixin.py:190} INFO - [2024-10-28T00:28:06.529+0000] {dagbag.py:588} INFO - Filling up the DagBag from /home/airflow/.local/lib/python3.12/site-packages/airflow/example_dags/example_params_trigger_ui.py
[2024-10-28T00:28:06.543+0000] {processor.py:925} INFO - DAG(s) 'example_params_trigger_ui' retrieved from /home/airflow/.local/lib/python3.12/site-packages/airflow/example_dags/example_params_trigger_ui.py
[2024-10-28T00:28:06.602+0000] {logging_mixin.py:190} INFO - [2024-10-28T00:28:06.602+0000] {dag.py:3239} INFO - Sync 1 DAGs
[2024-10-28T00:28:06.618+0000] {logging_mixin.py:190} INFO - [2024-10-28T00:28:06.618+0000] {dag.py:4180} INFO - Setting next_dagrun for example_params_trigger_ui to None, run_after=None
[2024-10-28T00:28:06.649+0000] {processor.py:208} INFO - Processing /home/airflow/.local/lib/python3.12/site-packages/airflow/example_dags/example_params_trigger_ui.py took 0.130 seconds
[2024-10-28T00:28:36.983+0000] {processor.py:186} INFO - Started process (PID=49312) to work on /home/airflow/.local/lib/python3.12/site-packages/airflow/example_dags/example_params_trigger_ui.py
[2024-10-28T00:28:36.984+0000] {processor.py:914} INFO - Processing file /home/airflow/.local/lib/python3.12/site-packages/airflow/example_dags/example_params_trigger_ui.py for tasks to queue
[2024-10-28T00:28:36.986+0000] {logging_mixin.py:190} INFO - [2024-10-28T00:28:36.985+0000] {dagbag.py:588} INFO - Filling up the DagBag from /home/airflow/.local/lib/python3.12/site-packages/airflow/example_dags/example_params_trigger_ui.py
[2024-10-28T00:28:36.997+0000] {processor.py:925} INFO - DAG(s) 'example_params_trigger_ui' retrieved from /home/airflow/.local/lib/python3.12/site-packages/airflow/example_dags/example_params_trigger_ui.py
[2024-10-28T00:28:37.041+0000] {logging_mixin.py:190} INFO - [2024-10-28T00:28:37.041+0000] {dag.py:3239} INFO - Sync 1 DAGs
[2024-10-28T00:28:37.054+0000] {logging_mixin.py:190} INFO - [2024-10-28T00:28:37.054+0000] {dag.py:4180} INFO - Setting next_dagrun for example_params_trigger_ui to None, run_after=None
[2024-10-28T00:28:37.073+0000] {processor.py:208} INFO - Processing /home/airflow/.local/lib/python3.12/site-packages/airflow/example_dags/example_params_trigger_ui.py took 0.095 seconds
[2024-10-28T00:29:07.856+0000] {processor.py:186} INFO - Started process (PID=49386) to work on /home/airflow/.local/lib/python3.12/site-packages/airflow/example_dags/example_params_trigger_ui.py
[2024-10-28T00:29:07.858+0000] {processor.py:914} INFO - Processing file /home/airflow/.local/lib/python3.12/site-packages/airflow/example_dags/example_params_trigger_ui.py for tasks to queue
[2024-10-28T00:29:07.860+0000] {logging_mixin.py:190} INFO - [2024-10-28T00:29:07.859+0000] {dagbag.py:588} INFO - Filling up the DagBag from /home/airflow/.local/lib/python3.12/site-packages/airflow/example_dags/example_params_trigger_ui.py
[2024-10-28T00:29:07.873+0000] {processor.py:925} INFO - DAG(s) 'example_params_trigger_ui' retrieved from /home/airflow/.local/lib/python3.12/site-packages/airflow/example_dags/example_params_trigger_ui.py
[2024-10-28T00:29:07.920+0000] {logging_mixin.py:190} INFO - [2024-10-28T00:29:07.920+0000] {dag.py:3239} INFO - Sync 1 DAGs
[2024-10-28T00:29:07.935+0000] {logging_mixin.py:190} INFO - [2024-10-28T00:29:07.935+0000] {dag.py:4180} INFO - Setting next_dagrun for example_params_trigger_ui to None, run_after=None
[2024-10-28T00:29:07.954+0000] {processor.py:208} INFO - Processing /home/airflow/.local/lib/python3.12/site-packages/airflow/example_dags/example_params_trigger_ui.py took 0.104 seconds
[2024-10-28T00:29:38.678+0000] {processor.py:186} INFO - Started process (PID=49466) to work on /home/airflow/.local/lib/python3.12/site-packages/airflow/example_dags/example_params_trigger_ui.py
[2024-10-28T00:29:38.679+0000] {processor.py:914} INFO - Processing file /home/airflow/.local/lib/python3.12/site-packages/airflow/example_dags/example_params_trigger_ui.py for tasks to queue
[2024-10-28T00:29:38.681+0000] {logging_mixin.py:190} INFO - [2024-10-28T00:29:38.680+0000] {dagbag.py:588} INFO - Filling up the DagBag from /home/airflow/.local/lib/python3.12/site-packages/airflow/example_dags/example_params_trigger_ui.py
[2024-10-28T00:29:38.693+0000] {processor.py:925} INFO - DAG(s) 'example_params_trigger_ui' retrieved from /home/airflow/.local/lib/python3.12/site-packages/airflow/example_dags/example_params_trigger_ui.py
[2024-10-28T00:29:38.736+0000] {logging_mixin.py:190} INFO - [2024-10-28T00:29:38.736+0000] {dag.py:3239} INFO - Sync 1 DAGs
[2024-10-28T00:29:38.751+0000] {logging_mixin.py:190} INFO - [2024-10-28T00:29:38.750+0000] {dag.py:4180} INFO - Setting next_dagrun for example_params_trigger_ui to None, run_after=None
[2024-10-28T00:29:38.768+0000] {processor.py:208} INFO - Processing /home/airflow/.local/lib/python3.12/site-packages/airflow/example_dags/example_params_trigger_ui.py took 0.096 seconds
[2024-10-28T00:30:09.604+0000] {processor.py:186} INFO - Started process (PID=49540) to work on /home/airflow/.local/lib/python3.12/site-packages/airflow/example_dags/example_params_trigger_ui.py
[2024-10-28T00:30:09.605+0000] {processor.py:914} INFO - Processing file /home/airflow/.local/lib/python3.12/site-packages/airflow/example_dags/example_params_trigger_ui.py for tasks to queue
[2024-10-28T00:30:09.607+0000] {logging_mixin.py:190} INFO - [2024-10-28T00:30:09.607+0000] {dagbag.py:588} INFO - Filling up the DagBag from /home/airflow/.local/lib/python3.12/site-packages/airflow/example_dags/example_params_trigger_ui.py
[2024-10-28T00:30:09.618+0000] {processor.py:925} INFO - DAG(s) 'example_params_trigger_ui' retrieved from /home/airflow/.local/lib/python3.12/site-packages/airflow/example_dags/example_params_trigger_ui.py
[2024-10-28T00:30:09.662+0000] {logging_mixin.py:190} INFO - [2024-10-28T00:30:09.662+0000] {dag.py:3239} INFO - Sync 1 DAGs
[2024-10-28T00:30:09.675+0000] {logging_mixin.py:190} INFO - [2024-10-28T00:30:09.675+0000] {dag.py:4180} INFO - Setting next_dagrun for example_params_trigger_ui to None, run_after=None
[2024-10-28T00:30:09.694+0000] {processor.py:208} INFO - Processing /home/airflow/.local/lib/python3.12/site-packages/airflow/example_dags/example_params_trigger_ui.py took 0.096 seconds
[2024-10-28T00:30:40.491+0000] {processor.py:186} INFO - Started process (PID=49614) to work on /home/airflow/.local/lib/python3.12/site-packages/airflow/example_dags/example_params_trigger_ui.py
[2024-10-28T00:30:40.492+0000] {processor.py:914} INFO - Processing file /home/airflow/.local/lib/python3.12/site-packages/airflow/example_dags/example_params_trigger_ui.py for tasks to queue
[2024-10-28T00:30:40.493+0000] {logging_mixin.py:190} INFO - [2024-10-28T00:30:40.493+0000] {dagbag.py:588} INFO - Filling up the DagBag from /home/airflow/.local/lib/python3.12/site-packages/airflow/example_dags/example_params_trigger_ui.py
[2024-10-28T00:30:40.506+0000] {processor.py:925} INFO - DAG(s) 'example_params_trigger_ui' retrieved from /home/airflow/.local/lib/python3.12/site-packages/airflow/example_dags/example_params_trigger_ui.py
[2024-10-28T00:30:40.549+0000] {logging_mixin.py:190} INFO - [2024-10-28T00:30:40.549+0000] {dag.py:3239} INFO - Sync 1 DAGs
[2024-10-28T00:30:40.563+0000] {logging_mixin.py:190} INFO - [2024-10-28T00:30:40.562+0000] {dag.py:4180} INFO - Setting next_dagrun for example_params_trigger_ui to None, run_after=None
[2024-10-28T00:30:40.581+0000] {processor.py:208} INFO - Processing /home/airflow/.local/lib/python3.12/site-packages/airflow/example_dags/example_params_trigger_ui.py took 0.096 seconds
[2024-10-28T00:31:11.235+0000] {processor.py:186} INFO - Started process (PID=49688) to work on /home/airflow/.local/lib/python3.12/site-packages/airflow/example_dags/example_params_trigger_ui.py
[2024-10-28T00:31:11.236+0000] {processor.py:914} INFO - Processing file /home/airflow/.local/lib/python3.12/site-packages/airflow/example_dags/example_params_trigger_ui.py for tasks to queue
[2024-10-28T00:31:11.238+0000] {logging_mixin.py:190} INFO - [2024-10-28T00:31:11.237+0000] {dagbag.py:588} INFO - Filling up the DagBag from /home/airflow/.local/lib/python3.12/site-packages/airflow/example_dags/example_params_trigger_ui.py
[2024-10-28T00:31:11.248+0000] {processor.py:925} INFO - DAG(s) 'example_params_trigger_ui' retrieved from /home/airflow/.local/lib/python3.12/site-packages/airflow/example_dags/example_params_trigger_ui.py
[2024-10-28T00:31:11.292+0000] {logging_mixin.py:190} INFO - [2024-10-28T00:31:11.292+0000] {dag.py:3239} INFO - Sync 1 DAGs
[2024-10-28T00:31:11.306+0000] {logging_mixin.py:190} INFO - [2024-10-28T00:31:11.306+0000] {dag.py:4180} INFO - Setting next_dagrun for example_params_trigger_ui to None, run_after=None
[2024-10-28T00:31:11.323+0000] {processor.py:208} INFO - Processing /home/airflow/.local/lib/python3.12/site-packages/airflow/example_dags/example_params_trigger_ui.py took 0.093 seconds
[2024-10-28T00:31:41.361+0000] {processor.py:186} INFO - Started process (PID=49762) to work on /home/airflow/.local/lib/python3.12/site-packages/airflow/example_dags/example_params_trigger_ui.py
[2024-10-28T00:31:41.362+0000] {processor.py:914} INFO - Processing file /home/airflow/.local/lib/python3.12/site-packages/airflow/example_dags/example_params_trigger_ui.py for tasks to queue
[2024-10-28T00:31:41.363+0000] {logging_mixin.py:190} INFO - [2024-10-28T00:31:41.363+0000] {dagbag.py:588} INFO - Filling up the DagBag from /home/airflow/.local/lib/python3.12/site-packages/airflow/example_dags/example_params_trigger_ui.py
[2024-10-28T00:31:41.375+0000] {processor.py:925} INFO - DAG(s) 'example_params_trigger_ui' retrieved from /home/airflow/.local/lib/python3.12/site-packages/airflow/example_dags/example_params_trigger_ui.py
[2024-10-28T00:31:41.420+0000] {logging_mixin.py:190} INFO - [2024-10-28T00:31:41.419+0000] {dag.py:3239} INFO - Sync 1 DAGs
[2024-10-28T00:31:41.433+0000] {logging_mixin.py:190} INFO - [2024-10-28T00:31:41.432+0000] {dag.py:4180} INFO - Setting next_dagrun for example_params_trigger_ui to None, run_after=None
[2024-10-28T00:31:41.449+0000] {processor.py:208} INFO - Processing /home/airflow/.local/lib/python3.12/site-packages/airflow/example_dags/example_params_trigger_ui.py took 0.095 seconds
[2024-10-28T00:32:12.217+0000] {processor.py:186} INFO - Started process (PID=49836) to work on /home/airflow/.local/lib/python3.12/site-packages/airflow/example_dags/example_params_trigger_ui.py
[2024-10-28T00:32:12.218+0000] {processor.py:914} INFO - Processing file /home/airflow/.local/lib/python3.12/site-packages/airflow/example_dags/example_params_trigger_ui.py for tasks to queue
[2024-10-28T00:32:12.220+0000] {logging_mixin.py:190} INFO - [2024-10-28T00:32:12.219+0000] {dagbag.py:588} INFO - Filling up the DagBag from /home/airflow/.local/lib/python3.12/site-packages/airflow/example_dags/example_params_trigger_ui.py
[2024-10-28T00:32:12.235+0000] {processor.py:925} INFO - DAG(s) 'example_params_trigger_ui' retrieved from /home/airflow/.local/lib/python3.12/site-packages/airflow/example_dags/example_params_trigger_ui.py
[2024-10-28T00:32:12.285+0000] {logging_mixin.py:190} INFO - [2024-10-28T00:32:12.284+0000] {dag.py:3239} INFO - Sync 1 DAGs
[2024-10-28T00:32:12.300+0000] {logging_mixin.py:190} INFO - [2024-10-28T00:32:12.300+0000] {dag.py:4180} INFO - Setting next_dagrun for example_params_trigger_ui to None, run_after=None
[2024-10-28T00:32:12.321+0000] {processor.py:208} INFO - Processing /home/airflow/.local/lib/python3.12/site-packages/airflow/example_dags/example_params_trigger_ui.py took 0.111 seconds
[2024-10-28T00:32:43.066+0000] {processor.py:186} INFO - Started process (PID=49910) to work on /home/airflow/.local/lib/python3.12/site-packages/airflow/example_dags/example_params_trigger_ui.py
[2024-10-28T00:32:43.067+0000] {processor.py:914} INFO - Processing file /home/airflow/.local/lib/python3.12/site-packages/airflow/example_dags/example_params_trigger_ui.py for tasks to queue
[2024-10-28T00:32:43.068+0000] {logging_mixin.py:190} INFO - [2024-10-28T00:32:43.068+0000] {dagbag.py:588} INFO - Filling up the DagBag from /home/airflow/.local/lib/python3.12/site-packages/airflow/example_dags/example_params_trigger_ui.py
[2024-10-28T00:32:43.079+0000] {processor.py:925} INFO - DAG(s) 'example_params_trigger_ui' retrieved from /home/airflow/.local/lib/python3.12/site-packages/airflow/example_dags/example_params_trigger_ui.py
[2024-10-28T00:32:43.122+0000] {logging_mixin.py:190} INFO - [2024-10-28T00:32:43.121+0000] {dag.py:3239} INFO - Sync 1 DAGs
[2024-10-28T00:32:43.134+0000] {logging_mixin.py:190} INFO - [2024-10-28T00:32:43.134+0000] {dag.py:4180} INFO - Setting next_dagrun for example_params_trigger_ui to None, run_after=None
[2024-10-28T00:32:43.152+0000] {processor.py:208} INFO - Processing /home/airflow/.local/lib/python3.12/site-packages/airflow/example_dags/example_params_trigger_ui.py took 0.092 seconds
[2024-10-28T00:33:13.893+0000] {processor.py:186} INFO - Started process (PID=49984) to work on /home/airflow/.local/lib/python3.12/site-packages/airflow/example_dags/example_params_trigger_ui.py
[2024-10-28T00:33:13.894+0000] {processor.py:914} INFO - Processing file /home/airflow/.local/lib/python3.12/site-packages/airflow/example_dags/example_params_trigger_ui.py for tasks to queue
[2024-10-28T00:33:13.895+0000] {logging_mixin.py:190} INFO - [2024-10-28T00:33:13.895+0000] {dagbag.py:588} INFO - Filling up the DagBag from /home/airflow/.local/lib/python3.12/site-packages/airflow/example_dags/example_params_trigger_ui.py
[2024-10-28T00:33:13.906+0000] {processor.py:925} INFO - DAG(s) 'example_params_trigger_ui' retrieved from /home/airflow/.local/lib/python3.12/site-packages/airflow/example_dags/example_params_trigger_ui.py
[2024-10-28T00:33:13.948+0000] {logging_mixin.py:190} INFO - [2024-10-28T00:33:13.948+0000] {dag.py:3239} INFO - Sync 1 DAGs
[2024-10-28T00:33:13.961+0000] {logging_mixin.py:190} INFO - [2024-10-28T00:33:13.961+0000] {dag.py:4180} INFO - Setting next_dagrun for example_params_trigger_ui to None, run_after=None
[2024-10-28T00:33:13.980+0000] {processor.py:208} INFO - Processing /home/airflow/.local/lib/python3.12/site-packages/airflow/example_dags/example_params_trigger_ui.py took 0.093 seconds
[2024-10-28T00:33:44.686+0000] {processor.py:186} INFO - Started process (PID=50058) to work on /home/airflow/.local/lib/python3.12/site-packages/airflow/example_dags/example_params_trigger_ui.py
[2024-10-28T00:33:44.687+0000] {processor.py:914} INFO - Processing file /home/airflow/.local/lib/python3.12/site-packages/airflow/example_dags/example_params_trigger_ui.py for tasks to queue
[2024-10-28T00:33:44.689+0000] {logging_mixin.py:190} INFO - [2024-10-28T00:33:44.688+0000] {dagbag.py:588} INFO - Filling up the DagBag from /home/airflow/.local/lib/python3.12/site-packages/airflow/example_dags/example_params_trigger_ui.py
[2024-10-28T00:33:44.699+0000] {processor.py:925} INFO - DAG(s) 'example_params_trigger_ui' retrieved from /home/airflow/.local/lib/python3.12/site-packages/airflow/example_dags/example_params_trigger_ui.py
[2024-10-28T00:33:44.743+0000] {logging_mixin.py:190} INFO - [2024-10-28T00:33:44.743+0000] {dag.py:3239} INFO - Sync 1 DAGs
[2024-10-28T00:33:44.756+0000] {logging_mixin.py:190} INFO - [2024-10-28T00:33:44.756+0000] {dag.py:4180} INFO - Setting next_dagrun for example_params_trigger_ui to None, run_after=None
[2024-10-28T00:33:44.773+0000] {processor.py:208} INFO - Processing /home/airflow/.local/lib/python3.12/site-packages/airflow/example_dags/example_params_trigger_ui.py took 0.093 seconds
