[2024-10-28T00:00:25.181+0000] {processor.py:186} INFO - Started process (PID=45213) to work on /home/airflow/.local/lib/python3.12/site-packages/airflow/example_dags/example_skip_dag.py
[2024-10-28T00:00:25.182+0000] {processor.py:914} INFO - Processing file /home/airflow/.local/lib/python3.12/site-packages/airflow/example_dags/example_skip_dag.py for tasks to queue
[2024-10-28T00:00:25.184+0000] {logging_mixin.py:190} INFO - [2024-10-28T00:00:25.183+0000] {dagbag.py:588} INFO - Filling up the DagBag from /home/airflow/.local/lib/python3.12/site-packages/airflow/example_dags/example_skip_dag.py
[2024-10-28T00:00:25.194+0000] {processor.py:925} INFO - DAG(s) 'example_skip_dag' retrieved from /home/airflow/.local/lib/python3.12/site-packages/airflow/example_dags/example_skip_dag.py
[2024-10-28T00:00:25.216+0000] {logging_mixin.py:190} INFO - [2024-10-28T00:00:25.215+0000] {dag.py:3239} INFO - Sync 1 DAGs
[2024-10-28T00:00:25.238+0000] {logging_mixin.py:190} INFO - [2024-10-28T00:00:25.238+0000] {dag.py:4180} INFO - Setting next_dagrun for example_skip_dag to 2024-10-27 00:00:00+00:00, run_after=2024-10-28 00:00:00+00:00
[2024-10-28T00:00:25.258+0000] {processor.py:208} INFO - Processing /home/airflow/.local/lib/python3.12/site-packages/airflow/example_dags/example_skip_dag.py took 0.084 seconds
[2024-10-28T00:00:55.839+0000] {processor.py:186} INFO - Started process (PID=45287) to work on /home/airflow/.local/lib/python3.12/site-packages/airflow/example_dags/example_skip_dag.py
[2024-10-28T00:00:55.840+0000] {processor.py:914} INFO - Processing file /home/airflow/.local/lib/python3.12/site-packages/airflow/example_dags/example_skip_dag.py for tasks to queue
[2024-10-28T00:00:55.842+0000] {logging_mixin.py:190} INFO - [2024-10-28T00:00:55.842+0000] {dagbag.py:588} INFO - Filling up the DagBag from /home/airflow/.local/lib/python3.12/site-packages/airflow/example_dags/example_skip_dag.py
[2024-10-28T00:00:55.851+0000] {processor.py:925} INFO - DAG(s) 'example_skip_dag' retrieved from /home/airflow/.local/lib/python3.12/site-packages/airflow/example_dags/example_skip_dag.py
[2024-10-28T00:00:55.874+0000] {logging_mixin.py:190} INFO - [2024-10-28T00:00:55.874+0000] {dag.py:3239} INFO - Sync 1 DAGs
[2024-10-28T00:00:55.897+0000] {logging_mixin.py:190} INFO - [2024-10-28T00:00:55.896+0000] {dag.py:4180} INFO - Setting next_dagrun for example_skip_dag to 2024-10-27 00:00:00+00:00, run_after=2024-10-28 00:00:00+00:00
[2024-10-28T00:00:55.919+0000] {processor.py:208} INFO - Processing /home/airflow/.local/lib/python3.12/site-packages/airflow/example_dags/example_skip_dag.py took 0.087 seconds
[2024-10-28T00:01:26.959+0000] {processor.py:186} INFO - Started process (PID=45361) to work on /home/airflow/.local/lib/python3.12/site-packages/airflow/example_dags/example_skip_dag.py
[2024-10-28T00:01:26.962+0000] {processor.py:914} INFO - Processing file /home/airflow/.local/lib/python3.12/site-packages/airflow/example_dags/example_skip_dag.py for tasks to queue
[2024-10-28T00:01:26.964+0000] {logging_mixin.py:190} INFO - [2024-10-28T00:01:26.963+0000] {dagbag.py:588} INFO - Filling up the DagBag from /home/airflow/.local/lib/python3.12/site-packages/airflow/example_dags/example_skip_dag.py
[2024-10-28T00:01:26.974+0000] {processor.py:925} INFO - DAG(s) 'example_skip_dag' retrieved from /home/airflow/.local/lib/python3.12/site-packages/airflow/example_dags/example_skip_dag.py
[2024-10-28T00:01:27.001+0000] {logging_mixin.py:190} INFO - [2024-10-28T00:01:27.000+0000] {dag.py:3239} INFO - Sync 1 DAGs
[2024-10-28T00:01:27.026+0000] {logging_mixin.py:190} INFO - [2024-10-28T00:01:27.026+0000] {dag.py:4180} INFO - Setting next_dagrun for example_skip_dag to 2024-10-27 00:00:00+00:00, run_after=2024-10-28 00:00:00+00:00
[2024-10-28T00:01:27.052+0000] {processor.py:208} INFO - Processing /home/airflow/.local/lib/python3.12/site-packages/airflow/example_dags/example_skip_dag.py took 0.098 seconds
[2024-10-28T00:01:57.504+0000] {processor.py:186} INFO - Started process (PID=45423) to work on /home/airflow/.local/lib/python3.12/site-packages/airflow/example_dags/example_skip_dag.py
[2024-10-28T00:01:57.505+0000] {processor.py:914} INFO - Processing file /home/airflow/.local/lib/python3.12/site-packages/airflow/example_dags/example_skip_dag.py for tasks to queue
[2024-10-28T00:01:57.507+0000] {logging_mixin.py:190} INFO - [2024-10-28T00:01:57.506+0000] {dagbag.py:588} INFO - Filling up the DagBag from /home/airflow/.local/lib/python3.12/site-packages/airflow/example_dags/example_skip_dag.py
[2024-10-28T00:01:57.515+0000] {processor.py:925} INFO - DAG(s) 'example_skip_dag' retrieved from /home/airflow/.local/lib/python3.12/site-packages/airflow/example_dags/example_skip_dag.py
[2024-10-28T00:01:57.534+0000] {logging_mixin.py:190} INFO - [2024-10-28T00:01:57.534+0000] {dag.py:3239} INFO - Sync 1 DAGs
[2024-10-28T00:01:57.555+0000] {logging_mixin.py:190} INFO - [2024-10-28T00:01:57.555+0000] {dag.py:4180} INFO - Setting next_dagrun for example_skip_dag to 2024-10-27 00:00:00+00:00, run_after=2024-10-28 00:00:00+00:00
[2024-10-28T00:01:57.576+0000] {processor.py:208} INFO - Processing /home/airflow/.local/lib/python3.12/site-packages/airflow/example_dags/example_skip_dag.py took 0.078 seconds
[2024-10-28T00:02:27.793+0000] {processor.py:186} INFO - Started process (PID=45497) to work on /home/airflow/.local/lib/python3.12/site-packages/airflow/example_dags/example_skip_dag.py
[2024-10-28T00:02:27.794+0000] {processor.py:914} INFO - Processing file /home/airflow/.local/lib/python3.12/site-packages/airflow/example_dags/example_skip_dag.py for tasks to queue
[2024-10-28T00:02:27.795+0000] {logging_mixin.py:190} INFO - [2024-10-28T00:02:27.795+0000] {dagbag.py:588} INFO - Filling up the DagBag from /home/airflow/.local/lib/python3.12/site-packages/airflow/example_dags/example_skip_dag.py
[2024-10-28T00:02:27.803+0000] {processor.py:925} INFO - DAG(s) 'example_skip_dag' retrieved from /home/airflow/.local/lib/python3.12/site-packages/airflow/example_dags/example_skip_dag.py
[2024-10-28T00:02:27.823+0000] {logging_mixin.py:190} INFO - [2024-10-28T00:02:27.822+0000] {dag.py:3239} INFO - Sync 1 DAGs
[2024-10-28T00:02:27.843+0000] {logging_mixin.py:190} INFO - [2024-10-28T00:02:27.843+0000] {dag.py:4180} INFO - Setting next_dagrun for example_skip_dag to 2024-10-27 00:00:00+00:00, run_after=2024-10-28 00:00:00+00:00
[2024-10-28T00:02:27.861+0000] {processor.py:208} INFO - Processing /home/airflow/.local/lib/python3.12/site-packages/airflow/example_dags/example_skip_dag.py took 0.074 seconds
[2024-10-28T00:02:58.071+0000] {processor.py:186} INFO - Started process (PID=45571) to work on /home/airflow/.local/lib/python3.12/site-packages/airflow/example_dags/example_skip_dag.py
[2024-10-28T00:02:58.072+0000] {processor.py:914} INFO - Processing file /home/airflow/.local/lib/python3.12/site-packages/airflow/example_dags/example_skip_dag.py for tasks to queue
[2024-10-28T00:02:58.073+0000] {logging_mixin.py:190} INFO - [2024-10-28T00:02:58.073+0000] {dagbag.py:588} INFO - Filling up the DagBag from /home/airflow/.local/lib/python3.12/site-packages/airflow/example_dags/example_skip_dag.py
[2024-10-28T00:02:58.081+0000] {processor.py:925} INFO - DAG(s) 'example_skip_dag' retrieved from /home/airflow/.local/lib/python3.12/site-packages/airflow/example_dags/example_skip_dag.py
[2024-10-28T00:02:58.103+0000] {logging_mixin.py:190} INFO - [2024-10-28T00:02:58.103+0000] {dag.py:3239} INFO - Sync 1 DAGs
[2024-10-28T00:02:58.124+0000] {logging_mixin.py:190} INFO - [2024-10-28T00:02:58.124+0000] {dag.py:4180} INFO - Setting next_dagrun for example_skip_dag to 2024-10-27 00:00:00+00:00, run_after=2024-10-28 00:00:00+00:00
[2024-10-28T00:02:58.143+0000] {processor.py:208} INFO - Processing /home/airflow/.local/lib/python3.12/site-packages/airflow/example_dags/example_skip_dag.py took 0.079 seconds
[2024-10-28T00:03:28.386+0000] {processor.py:186} INFO - Started process (PID=45645) to work on /home/airflow/.local/lib/python3.12/site-packages/airflow/example_dags/example_skip_dag.py
[2024-10-28T00:03:28.387+0000] {processor.py:914} INFO - Processing file /home/airflow/.local/lib/python3.12/site-packages/airflow/example_dags/example_skip_dag.py for tasks to queue
[2024-10-28T00:03:28.388+0000] {logging_mixin.py:190} INFO - [2024-10-28T00:03:28.388+0000] {dagbag.py:588} INFO - Filling up the DagBag from /home/airflow/.local/lib/python3.12/site-packages/airflow/example_dags/example_skip_dag.py
[2024-10-28T00:03:28.396+0000] {processor.py:925} INFO - DAG(s) 'example_skip_dag' retrieved from /home/airflow/.local/lib/python3.12/site-packages/airflow/example_dags/example_skip_dag.py
[2024-10-28T00:03:28.417+0000] {logging_mixin.py:190} INFO - [2024-10-28T00:03:28.417+0000] {dag.py:3239} INFO - Sync 1 DAGs
[2024-10-28T00:03:28.440+0000] {logging_mixin.py:190} INFO - [2024-10-28T00:03:28.439+0000] {dag.py:4180} INFO - Setting next_dagrun for example_skip_dag to 2024-10-27 00:00:00+00:00, run_after=2024-10-28 00:00:00+00:00
[2024-10-28T00:03:28.459+0000] {processor.py:208} INFO - Processing /home/airflow/.local/lib/python3.12/site-packages/airflow/example_dags/example_skip_dag.py took 0.079 seconds
[2024-10-28T00:03:58.716+0000] {processor.py:186} INFO - Started process (PID=45719) to work on /home/airflow/.local/lib/python3.12/site-packages/airflow/example_dags/example_skip_dag.py
[2024-10-28T00:03:58.717+0000] {processor.py:914} INFO - Processing file /home/airflow/.local/lib/python3.12/site-packages/airflow/example_dags/example_skip_dag.py for tasks to queue
[2024-10-28T00:03:58.719+0000] {logging_mixin.py:190} INFO - [2024-10-28T00:03:58.718+0000] {dagbag.py:588} INFO - Filling up the DagBag from /home/airflow/.local/lib/python3.12/site-packages/airflow/example_dags/example_skip_dag.py
[2024-10-28T00:03:58.727+0000] {processor.py:925} INFO - DAG(s) 'example_skip_dag' retrieved from /home/airflow/.local/lib/python3.12/site-packages/airflow/example_dags/example_skip_dag.py
[2024-10-28T00:03:58.751+0000] {logging_mixin.py:190} INFO - [2024-10-28T00:03:58.751+0000] {dag.py:3239} INFO - Sync 1 DAGs
[2024-10-28T00:03:58.776+0000] {logging_mixin.py:190} INFO - [2024-10-28T00:03:58.776+0000] {dag.py:4180} INFO - Setting next_dagrun for example_skip_dag to 2024-10-27 00:00:00+00:00, run_after=2024-10-28 00:00:00+00:00
[2024-10-28T00:03:58.798+0000] {processor.py:208} INFO - Processing /home/airflow/.local/lib/python3.12/site-packages/airflow/example_dags/example_skip_dag.py took 0.090 seconds
[2024-10-28T00:04:28.865+0000] {processor.py:186} INFO - Started process (PID=45792) to work on /home/airflow/.local/lib/python3.12/site-packages/airflow/example_dags/example_skip_dag.py
[2024-10-28T00:04:28.866+0000] {processor.py:914} INFO - Processing file /home/airflow/.local/lib/python3.12/site-packages/airflow/example_dags/example_skip_dag.py for tasks to queue
[2024-10-28T00:04:28.867+0000] {logging_mixin.py:190} INFO - [2024-10-28T00:04:28.867+0000] {dagbag.py:588} INFO - Filling up the DagBag from /home/airflow/.local/lib/python3.12/site-packages/airflow/example_dags/example_skip_dag.py
[2024-10-28T00:04:28.876+0000] {processor.py:925} INFO - DAG(s) 'example_skip_dag' retrieved from /home/airflow/.local/lib/python3.12/site-packages/airflow/example_dags/example_skip_dag.py
[2024-10-28T00:04:28.898+0000] {logging_mixin.py:190} INFO - [2024-10-28T00:04:28.898+0000] {dag.py:3239} INFO - Sync 1 DAGs
[2024-10-28T00:04:28.920+0000] {logging_mixin.py:190} INFO - [2024-10-28T00:04:28.920+0000] {dag.py:4180} INFO - Setting next_dagrun for example_skip_dag to 2024-10-27 00:00:00+00:00, run_after=2024-10-28 00:00:00+00:00
[2024-10-28T00:04:28.940+0000] {processor.py:208} INFO - Processing /home/airflow/.local/lib/python3.12/site-packages/airflow/example_dags/example_skip_dag.py took 0.081 seconds
[2024-10-28T00:04:59.352+0000] {processor.py:186} INFO - Started process (PID=45866) to work on /home/airflow/.local/lib/python3.12/site-packages/airflow/example_dags/example_skip_dag.py
[2024-10-28T00:04:59.354+0000] {processor.py:914} INFO - Processing file /home/airflow/.local/lib/python3.12/site-packages/airflow/example_dags/example_skip_dag.py for tasks to queue
[2024-10-28T00:04:59.356+0000] {logging_mixin.py:190} INFO - [2024-10-28T00:04:59.356+0000] {dagbag.py:588} INFO - Filling up the DagBag from /home/airflow/.local/lib/python3.12/site-packages/airflow/example_dags/example_skip_dag.py
[2024-10-28T00:04:59.365+0000] {processor.py:925} INFO - DAG(s) 'example_skip_dag' retrieved from /home/airflow/.local/lib/python3.12/site-packages/airflow/example_dags/example_skip_dag.py
[2024-10-28T00:04:59.392+0000] {logging_mixin.py:190} INFO - [2024-10-28T00:04:59.392+0000] {dag.py:3239} INFO - Sync 1 DAGs
[2024-10-28T00:04:59.419+0000] {logging_mixin.py:190} INFO - [2024-10-28T00:04:59.419+0000] {dag.py:4180} INFO - Setting next_dagrun for example_skip_dag to 2024-10-27 00:00:00+00:00, run_after=2024-10-28 00:00:00+00:00
[2024-10-28T00:04:59.442+0000] {processor.py:208} INFO - Processing /home/airflow/.local/lib/python3.12/site-packages/airflow/example_dags/example_skip_dag.py took 0.097 seconds
[2024-10-28T00:05:29.534+0000] {processor.py:186} INFO - Started process (PID=45939) to work on /home/airflow/.local/lib/python3.12/site-packages/airflow/example_dags/example_skip_dag.py
[2024-10-28T00:05:29.536+0000] {processor.py:914} INFO - Processing file /home/airflow/.local/lib/python3.12/site-packages/airflow/example_dags/example_skip_dag.py for tasks to queue
[2024-10-28T00:05:29.537+0000] {logging_mixin.py:190} INFO - [2024-10-28T00:05:29.537+0000] {dagbag.py:588} INFO - Filling up the DagBag from /home/airflow/.local/lib/python3.12/site-packages/airflow/example_dags/example_skip_dag.py
[2024-10-28T00:05:29.547+0000] {processor.py:925} INFO - DAG(s) 'example_skip_dag' retrieved from /home/airflow/.local/lib/python3.12/site-packages/airflow/example_dags/example_skip_dag.py
[2024-10-28T00:05:29.576+0000] {logging_mixin.py:190} INFO - [2024-10-28T00:05:29.575+0000] {dag.py:3239} INFO - Sync 1 DAGs
[2024-10-28T00:05:29.607+0000] {logging_mixin.py:190} INFO - [2024-10-28T00:05:29.606+0000] {dag.py:4180} INFO - Setting next_dagrun for example_skip_dag to 2024-10-27 00:00:00+00:00, run_after=2024-10-28 00:00:00+00:00
[2024-10-28T00:05:29.638+0000] {processor.py:208} INFO - Processing /home/airflow/.local/lib/python3.12/site-packages/airflow/example_dags/example_skip_dag.py took 0.111 seconds
[2024-10-28T00:05:59.905+0000] {processor.py:186} INFO - Started process (PID=46013) to work on /home/airflow/.local/lib/python3.12/site-packages/airflow/example_dags/example_skip_dag.py
[2024-10-28T00:05:59.907+0000] {processor.py:914} INFO - Processing file /home/airflow/.local/lib/python3.12/site-packages/airflow/example_dags/example_skip_dag.py for tasks to queue
[2024-10-28T00:05:59.909+0000] {logging_mixin.py:190} INFO - [2024-10-28T00:05:59.908+0000] {dagbag.py:588} INFO - Filling up the DagBag from /home/airflow/.local/lib/python3.12/site-packages/airflow/example_dags/example_skip_dag.py
[2024-10-28T00:05:59.919+0000] {processor.py:925} INFO - DAG(s) 'example_skip_dag' retrieved from /home/airflow/.local/lib/python3.12/site-packages/airflow/example_dags/example_skip_dag.py
[2024-10-28T00:05:59.947+0000] {logging_mixin.py:190} INFO - [2024-10-28T00:05:59.947+0000] {dag.py:3239} INFO - Sync 1 DAGs
[2024-10-28T00:05:59.971+0000] {logging_mixin.py:190} INFO - [2024-10-28T00:05:59.971+0000] {dag.py:4180} INFO - Setting next_dagrun for example_skip_dag to 2024-10-27 00:00:00+00:00, run_after=2024-10-28 00:00:00+00:00
[2024-10-28T00:05:59.997+0000] {processor.py:208} INFO - Processing /home/airflow/.local/lib/python3.12/site-packages/airflow/example_dags/example_skip_dag.py took 0.098 seconds
[2024-10-28T00:06:30.309+0000] {processor.py:186} INFO - Started process (PID=46087) to work on /home/airflow/.local/lib/python3.12/site-packages/airflow/example_dags/example_skip_dag.py
[2024-10-28T00:06:30.311+0000] {processor.py:914} INFO - Processing file /home/airflow/.local/lib/python3.12/site-packages/airflow/example_dags/example_skip_dag.py for tasks to queue
[2024-10-28T00:06:30.313+0000] {logging_mixin.py:190} INFO - [2024-10-28T00:06:30.312+0000] {dagbag.py:588} INFO - Filling up the DagBag from /home/airflow/.local/lib/python3.12/site-packages/airflow/example_dags/example_skip_dag.py
[2024-10-28T00:06:30.321+0000] {processor.py:925} INFO - DAG(s) 'example_skip_dag' retrieved from /home/airflow/.local/lib/python3.12/site-packages/airflow/example_dags/example_skip_dag.py
[2024-10-28T00:06:30.347+0000] {logging_mixin.py:190} INFO - [2024-10-28T00:06:30.347+0000] {dag.py:3239} INFO - Sync 1 DAGs
[2024-10-28T00:06:30.373+0000] {logging_mixin.py:190} INFO - [2024-10-28T00:06:30.373+0000] {dag.py:4180} INFO - Setting next_dagrun for example_skip_dag to 2024-10-27 00:00:00+00:00, run_after=2024-10-28 00:00:00+00:00
[2024-10-28T00:06:30.398+0000] {processor.py:208} INFO - Processing /home/airflow/.local/lib/python3.12/site-packages/airflow/example_dags/example_skip_dag.py took 0.097 seconds
[2024-10-28T00:07:01.449+0000] {processor.py:186} INFO - Started process (PID=46163) to work on /home/airflow/.local/lib/python3.12/site-packages/airflow/example_dags/example_skip_dag.py
[2024-10-28T00:07:01.450+0000] {processor.py:914} INFO - Processing file /home/airflow/.local/lib/python3.12/site-packages/airflow/example_dags/example_skip_dag.py for tasks to queue
[2024-10-28T00:07:01.452+0000] {logging_mixin.py:190} INFO - [2024-10-28T00:07:01.451+0000] {dagbag.py:588} INFO - Filling up the DagBag from /home/airflow/.local/lib/python3.12/site-packages/airflow/example_dags/example_skip_dag.py
[2024-10-28T00:07:01.459+0000] {processor.py:925} INFO - DAG(s) 'example_skip_dag' retrieved from /home/airflow/.local/lib/python3.12/site-packages/airflow/example_dags/example_skip_dag.py
[2024-10-28T00:07:01.479+0000] {logging_mixin.py:190} INFO - [2024-10-28T00:07:01.479+0000] {dag.py:3239} INFO - Sync 1 DAGs
[2024-10-28T00:07:01.500+0000] {logging_mixin.py:190} INFO - [2024-10-28T00:07:01.500+0000] {dag.py:4180} INFO - Setting next_dagrun for example_skip_dag to 2024-10-27 00:00:00+00:00, run_after=2024-10-28 00:00:00+00:00
[2024-10-28T00:07:01.519+0000] {processor.py:208} INFO - Processing /home/airflow/.local/lib/python3.12/site-packages/airflow/example_dags/example_skip_dag.py took 0.075 seconds
[2024-10-28T00:07:31.983+0000] {processor.py:186} INFO - Started process (PID=46237) to work on /home/airflow/.local/lib/python3.12/site-packages/airflow/example_dags/example_skip_dag.py
[2024-10-28T00:07:31.983+0000] {processor.py:914} INFO - Processing file /home/airflow/.local/lib/python3.12/site-packages/airflow/example_dags/example_skip_dag.py for tasks to queue
[2024-10-28T00:07:31.985+0000] {logging_mixin.py:190} INFO - [2024-10-28T00:07:31.984+0000] {dagbag.py:588} INFO - Filling up the DagBag from /home/airflow/.local/lib/python3.12/site-packages/airflow/example_dags/example_skip_dag.py
[2024-10-28T00:07:31.993+0000] {processor.py:925} INFO - DAG(s) 'example_skip_dag' retrieved from /home/airflow/.local/lib/python3.12/site-packages/airflow/example_dags/example_skip_dag.py
[2024-10-28T00:07:32.014+0000] {logging_mixin.py:190} INFO - [2024-10-28T00:07:32.013+0000] {dag.py:3239} INFO - Sync 1 DAGs
[2024-10-28T00:07:32.039+0000] {logging_mixin.py:190} INFO - [2024-10-28T00:07:32.039+0000] {dag.py:4180} INFO - Setting next_dagrun for example_skip_dag to 2024-10-27 00:00:00+00:00, run_after=2024-10-28 00:00:00+00:00
[2024-10-28T00:07:32.063+0000] {processor.py:208} INFO - Processing /home/airflow/.local/lib/python3.12/site-packages/airflow/example_dags/example_skip_dag.py took 0.086 seconds
[2024-10-28T00:08:02.794+0000] {processor.py:186} INFO - Started process (PID=46312) to work on /home/airflow/.local/lib/python3.12/site-packages/airflow/example_dags/example_skip_dag.py
[2024-10-28T00:08:02.795+0000] {processor.py:914} INFO - Processing file /home/airflow/.local/lib/python3.12/site-packages/airflow/example_dags/example_skip_dag.py for tasks to queue
[2024-10-28T00:08:02.796+0000] {logging_mixin.py:190} INFO - [2024-10-28T00:08:02.796+0000] {dagbag.py:588} INFO - Filling up the DagBag from /home/airflow/.local/lib/python3.12/site-packages/airflow/example_dags/example_skip_dag.py
[2024-10-28T00:08:02.804+0000] {processor.py:925} INFO - DAG(s) 'example_skip_dag' retrieved from /home/airflow/.local/lib/python3.12/site-packages/airflow/example_dags/example_skip_dag.py
[2024-10-28T00:08:02.825+0000] {logging_mixin.py:190} INFO - [2024-10-28T00:08:02.825+0000] {dag.py:3239} INFO - Sync 1 DAGs
[2024-10-28T00:08:02.846+0000] {logging_mixin.py:190} INFO - [2024-10-28T00:08:02.846+0000] {dag.py:4180} INFO - Setting next_dagrun for example_skip_dag to 2024-10-27 00:00:00+00:00, run_after=2024-10-28 00:00:00+00:00
[2024-10-28T00:08:02.867+0000] {processor.py:208} INFO - Processing /home/airflow/.local/lib/python3.12/site-packages/airflow/example_dags/example_skip_dag.py took 0.079 seconds
[2024-10-28T00:08:33.308+0000] {processor.py:186} INFO - Started process (PID=46386) to work on /home/airflow/.local/lib/python3.12/site-packages/airflow/example_dags/example_skip_dag.py
[2024-10-28T00:08:33.309+0000] {processor.py:914} INFO - Processing file /home/airflow/.local/lib/python3.12/site-packages/airflow/example_dags/example_skip_dag.py for tasks to queue
[2024-10-28T00:08:33.310+0000] {logging_mixin.py:190} INFO - [2024-10-28T00:08:33.310+0000] {dagbag.py:588} INFO - Filling up the DagBag from /home/airflow/.local/lib/python3.12/site-packages/airflow/example_dags/example_skip_dag.py
[2024-10-28T00:08:33.317+0000] {processor.py:925} INFO - DAG(s) 'example_skip_dag' retrieved from /home/airflow/.local/lib/python3.12/site-packages/airflow/example_dags/example_skip_dag.py
[2024-10-28T00:08:33.337+0000] {logging_mixin.py:190} INFO - [2024-10-28T00:08:33.337+0000] {dag.py:3239} INFO - Sync 1 DAGs
[2024-10-28T00:08:33.358+0000] {logging_mixin.py:190} INFO - [2024-10-28T00:08:33.358+0000] {dag.py:4180} INFO - Setting next_dagrun for example_skip_dag to 2024-10-27 00:00:00+00:00, run_after=2024-10-28 00:00:00+00:00
[2024-10-28T00:08:33.376+0000] {processor.py:208} INFO - Processing /home/airflow/.local/lib/python3.12/site-packages/airflow/example_dags/example_skip_dag.py took 0.074 seconds
[2024-10-28T00:09:04.270+0000] {processor.py:186} INFO - Started process (PID=46460) to work on /home/airflow/.local/lib/python3.12/site-packages/airflow/example_dags/example_skip_dag.py
[2024-10-28T00:09:04.271+0000] {processor.py:914} INFO - Processing file /home/airflow/.local/lib/python3.12/site-packages/airflow/example_dags/example_skip_dag.py for tasks to queue
[2024-10-28T00:09:04.272+0000] {logging_mixin.py:190} INFO - [2024-10-28T00:09:04.272+0000] {dagbag.py:588} INFO - Filling up the DagBag from /home/airflow/.local/lib/python3.12/site-packages/airflow/example_dags/example_skip_dag.py
[2024-10-28T00:09:04.280+0000] {processor.py:925} INFO - DAG(s) 'example_skip_dag' retrieved from /home/airflow/.local/lib/python3.12/site-packages/airflow/example_dags/example_skip_dag.py
[2024-10-28T00:09:04.301+0000] {logging_mixin.py:190} INFO - [2024-10-28T00:09:04.300+0000] {dag.py:3239} INFO - Sync 1 DAGs
[2024-10-28T00:09:04.322+0000] {logging_mixin.py:190} INFO - [2024-10-28T00:09:04.322+0000] {dag.py:4180} INFO - Setting next_dagrun for example_skip_dag to 2024-10-27 00:00:00+00:00, run_after=2024-10-28 00:00:00+00:00
[2024-10-28T00:09:04.340+0000] {processor.py:208} INFO - Processing /home/airflow/.local/lib/python3.12/site-packages/airflow/example_dags/example_skip_dag.py took 0.076 seconds
[2024-10-28T00:09:34.711+0000] {processor.py:186} INFO - Started process (PID=46534) to work on /home/airflow/.local/lib/python3.12/site-packages/airflow/example_dags/example_skip_dag.py
[2024-10-28T00:09:34.713+0000] {processor.py:914} INFO - Processing file /home/airflow/.local/lib/python3.12/site-packages/airflow/example_dags/example_skip_dag.py for tasks to queue
[2024-10-28T00:09:34.716+0000] {logging_mixin.py:190} INFO - [2024-10-28T00:09:34.715+0000] {dagbag.py:588} INFO - Filling up the DagBag from /home/airflow/.local/lib/python3.12/site-packages/airflow/example_dags/example_skip_dag.py
[2024-10-28T00:09:34.727+0000] {processor.py:925} INFO - DAG(s) 'example_skip_dag' retrieved from /home/airflow/.local/lib/python3.12/site-packages/airflow/example_dags/example_skip_dag.py
[2024-10-28T00:09:34.755+0000] {logging_mixin.py:190} INFO - [2024-10-28T00:09:34.754+0000] {dag.py:3239} INFO - Sync 1 DAGs
[2024-10-28T00:09:34.790+0000] {logging_mixin.py:190} INFO - [2024-10-28T00:09:34.790+0000] {dag.py:4180} INFO - Setting next_dagrun for example_skip_dag to 2024-10-27 00:00:00+00:00, run_after=2024-10-28 00:00:00+00:00
[2024-10-28T00:09:34.818+0000] {processor.py:208} INFO - Processing /home/airflow/.local/lib/python3.12/site-packages/airflow/example_dags/example_skip_dag.py took 0.116 seconds
[2024-10-28T00:10:05.879+0000] {processor.py:186} INFO - Started process (PID=46608) to work on /home/airflow/.local/lib/python3.12/site-packages/airflow/example_dags/example_skip_dag.py
[2024-10-28T00:10:05.880+0000] {processor.py:914} INFO - Processing file /home/airflow/.local/lib/python3.12/site-packages/airflow/example_dags/example_skip_dag.py for tasks to queue
[2024-10-28T00:10:05.882+0000] {logging_mixin.py:190} INFO - [2024-10-28T00:10:05.881+0000] {dagbag.py:588} INFO - Filling up the DagBag from /home/airflow/.local/lib/python3.12/site-packages/airflow/example_dags/example_skip_dag.py
[2024-10-28T00:10:05.889+0000] {processor.py:925} INFO - DAG(s) 'example_skip_dag' retrieved from /home/airflow/.local/lib/python3.12/site-packages/airflow/example_dags/example_skip_dag.py
[2024-10-28T00:10:05.914+0000] {logging_mixin.py:190} INFO - [2024-10-28T00:10:05.913+0000] {dag.py:3239} INFO - Sync 1 DAGs
[2024-10-28T00:10:05.943+0000] {logging_mixin.py:190} INFO - [2024-10-28T00:10:05.943+0000] {dag.py:4180} INFO - Setting next_dagrun for example_skip_dag to 2024-10-27 00:00:00+00:00, run_after=2024-10-28 00:00:00+00:00
[2024-10-28T00:10:05.970+0000] {processor.py:208} INFO - Processing /home/airflow/.local/lib/python3.12/site-packages/airflow/example_dags/example_skip_dag.py took 0.098 seconds
[2024-10-28T00:10:36.206+0000] {processor.py:186} INFO - Started process (PID=46682) to work on /home/airflow/.local/lib/python3.12/site-packages/airflow/example_dags/example_skip_dag.py
[2024-10-28T00:10:36.208+0000] {processor.py:914} INFO - Processing file /home/airflow/.local/lib/python3.12/site-packages/airflow/example_dags/example_skip_dag.py for tasks to queue
[2024-10-28T00:10:36.209+0000] {logging_mixin.py:190} INFO - [2024-10-28T00:10:36.209+0000] {dagbag.py:588} INFO - Filling up the DagBag from /home/airflow/.local/lib/python3.12/site-packages/airflow/example_dags/example_skip_dag.py
[2024-10-28T00:10:36.217+0000] {processor.py:925} INFO - DAG(s) 'example_skip_dag' retrieved from /home/airflow/.local/lib/python3.12/site-packages/airflow/example_dags/example_skip_dag.py
[2024-10-28T00:10:36.242+0000] {logging_mixin.py:190} INFO - [2024-10-28T00:10:36.242+0000] {dag.py:3239} INFO - Sync 1 DAGs
[2024-10-28T00:10:36.266+0000] {logging_mixin.py:190} INFO - [2024-10-28T00:10:36.265+0000] {dag.py:4180} INFO - Setting next_dagrun for example_skip_dag to 2024-10-27 00:00:00+00:00, run_after=2024-10-28 00:00:00+00:00
[2024-10-28T00:10:36.285+0000] {processor.py:208} INFO - Processing /home/airflow/.local/lib/python3.12/site-packages/airflow/example_dags/example_skip_dag.py took 0.085 seconds
[2024-10-28T00:11:07.557+0000] {processor.py:186} INFO - Started process (PID=46763) to work on /home/airflow/.local/lib/python3.12/site-packages/airflow/example_dags/example_skip_dag.py
[2024-10-28T00:11:07.558+0000] {processor.py:914} INFO - Processing file /home/airflow/.local/lib/python3.12/site-packages/airflow/example_dags/example_skip_dag.py for tasks to queue
[2024-10-28T00:11:07.559+0000] {logging_mixin.py:190} INFO - [2024-10-28T00:11:07.559+0000] {dagbag.py:588} INFO - Filling up the DagBag from /home/airflow/.local/lib/python3.12/site-packages/airflow/example_dags/example_skip_dag.py
[2024-10-28T00:11:07.568+0000] {processor.py:925} INFO - DAG(s) 'example_skip_dag' retrieved from /home/airflow/.local/lib/python3.12/site-packages/airflow/example_dags/example_skip_dag.py
[2024-10-28T00:11:07.592+0000] {logging_mixin.py:190} INFO - [2024-10-28T00:11:07.592+0000] {dag.py:3239} INFO - Sync 1 DAGs
[2024-10-28T00:11:07.615+0000] {logging_mixin.py:190} INFO - [2024-10-28T00:11:07.614+0000] {dag.py:4180} INFO - Setting next_dagrun for example_skip_dag to 2024-10-27 00:00:00+00:00, run_after=2024-10-28 00:00:00+00:00
[2024-10-28T00:11:07.636+0000] {processor.py:208} INFO - Processing /home/airflow/.local/lib/python3.12/site-packages/airflow/example_dags/example_skip_dag.py took 0.086 seconds
[2024-10-28T00:11:37.709+0000] {processor.py:186} INFO - Started process (PID=46837) to work on /home/airflow/.local/lib/python3.12/site-packages/airflow/example_dags/example_skip_dag.py
[2024-10-28T00:11:37.710+0000] {processor.py:914} INFO - Processing file /home/airflow/.local/lib/python3.12/site-packages/airflow/example_dags/example_skip_dag.py for tasks to queue
[2024-10-28T00:11:37.712+0000] {logging_mixin.py:190} INFO - [2024-10-28T00:11:37.711+0000] {dagbag.py:588} INFO - Filling up the DagBag from /home/airflow/.local/lib/python3.12/site-packages/airflow/example_dags/example_skip_dag.py
[2024-10-28T00:11:37.719+0000] {processor.py:925} INFO - DAG(s) 'example_skip_dag' retrieved from /home/airflow/.local/lib/python3.12/site-packages/airflow/example_dags/example_skip_dag.py
[2024-10-28T00:11:37.739+0000] {logging_mixin.py:190} INFO - [2024-10-28T00:11:37.739+0000] {dag.py:3239} INFO - Sync 1 DAGs
[2024-10-28T00:11:37.760+0000] {logging_mixin.py:190} INFO - [2024-10-28T00:11:37.760+0000] {dag.py:4180} INFO - Setting next_dagrun for example_skip_dag to 2024-10-27 00:00:00+00:00, run_after=2024-10-28 00:00:00+00:00
[2024-10-28T00:11:37.778+0000] {processor.py:208} INFO - Processing /home/airflow/.local/lib/python3.12/site-packages/airflow/example_dags/example_skip_dag.py took 0.074 seconds
[2024-10-28T00:12:08.149+0000] {processor.py:186} INFO - Started process (PID=46910) to work on /home/airflow/.local/lib/python3.12/site-packages/airflow/example_dags/example_skip_dag.py
[2024-10-28T00:12:08.150+0000] {processor.py:914} INFO - Processing file /home/airflow/.local/lib/python3.12/site-packages/airflow/example_dags/example_skip_dag.py for tasks to queue
[2024-10-28T00:12:08.151+0000] {logging_mixin.py:190} INFO - [2024-10-28T00:12:08.151+0000] {dagbag.py:588} INFO - Filling up the DagBag from /home/airflow/.local/lib/python3.12/site-packages/airflow/example_dags/example_skip_dag.py
[2024-10-28T00:12:08.159+0000] {processor.py:925} INFO - DAG(s) 'example_skip_dag' retrieved from /home/airflow/.local/lib/python3.12/site-packages/airflow/example_dags/example_skip_dag.py
[2024-10-28T00:12:08.180+0000] {logging_mixin.py:190} INFO - [2024-10-28T00:12:08.180+0000] {dag.py:3239} INFO - Sync 1 DAGs
[2024-10-28T00:12:08.202+0000] {logging_mixin.py:190} INFO - [2024-10-28T00:12:08.202+0000] {dag.py:4180} INFO - Setting next_dagrun for example_skip_dag to 2024-10-27 00:00:00+00:00, run_after=2024-10-28 00:00:00+00:00
[2024-10-28T00:12:08.220+0000] {processor.py:208} INFO - Processing /home/airflow/.local/lib/python3.12/site-packages/airflow/example_dags/example_skip_dag.py took 0.078 seconds
[2024-10-28T00:12:38.579+0000] {processor.py:186} INFO - Started process (PID=46984) to work on /home/airflow/.local/lib/python3.12/site-packages/airflow/example_dags/example_skip_dag.py
[2024-10-28T00:12:38.580+0000] {processor.py:914} INFO - Processing file /home/airflow/.local/lib/python3.12/site-packages/airflow/example_dags/example_skip_dag.py for tasks to queue
[2024-10-28T00:12:38.582+0000] {logging_mixin.py:190} INFO - [2024-10-28T00:12:38.581+0000] {dagbag.py:588} INFO - Filling up the DagBag from /home/airflow/.local/lib/python3.12/site-packages/airflow/example_dags/example_skip_dag.py
[2024-10-28T00:12:38.589+0000] {processor.py:925} INFO - DAG(s) 'example_skip_dag' retrieved from /home/airflow/.local/lib/python3.12/site-packages/airflow/example_dags/example_skip_dag.py
[2024-10-28T00:12:38.609+0000] {logging_mixin.py:190} INFO - [2024-10-28T00:12:38.609+0000] {dag.py:3239} INFO - Sync 1 DAGs
[2024-10-28T00:12:38.629+0000] {logging_mixin.py:190} INFO - [2024-10-28T00:12:38.629+0000] {dag.py:4180} INFO - Setting next_dagrun for example_skip_dag to 2024-10-27 00:00:00+00:00, run_after=2024-10-28 00:00:00+00:00
[2024-10-28T00:12:38.646+0000] {processor.py:208} INFO - Processing /home/airflow/.local/lib/python3.12/site-packages/airflow/example_dags/example_skip_dag.py took 0.072 seconds
[2024-10-28T00:13:08.928+0000] {processor.py:186} INFO - Started process (PID=47058) to work on /home/airflow/.local/lib/python3.12/site-packages/airflow/example_dags/example_skip_dag.py
[2024-10-28T00:13:08.929+0000] {processor.py:914} INFO - Processing file /home/airflow/.local/lib/python3.12/site-packages/airflow/example_dags/example_skip_dag.py for tasks to queue
[2024-10-28T00:13:08.930+0000] {logging_mixin.py:190} INFO - [2024-10-28T00:13:08.930+0000] {dagbag.py:588} INFO - Filling up the DagBag from /home/airflow/.local/lib/python3.12/site-packages/airflow/example_dags/example_skip_dag.py
[2024-10-28T00:13:08.938+0000] {processor.py:925} INFO - DAG(s) 'example_skip_dag' retrieved from /home/airflow/.local/lib/python3.12/site-packages/airflow/example_dags/example_skip_dag.py
[2024-10-28T00:13:08.957+0000] {logging_mixin.py:190} INFO - [2024-10-28T00:13:08.957+0000] {dag.py:3239} INFO - Sync 1 DAGs
[2024-10-28T00:13:08.978+0000] {logging_mixin.py:190} INFO - [2024-10-28T00:13:08.978+0000] {dag.py:4180} INFO - Setting next_dagrun for example_skip_dag to 2024-10-27 00:00:00+00:00, run_after=2024-10-28 00:00:00+00:00
[2024-10-28T00:13:08.995+0000] {processor.py:208} INFO - Processing /home/airflow/.local/lib/python3.12/site-packages/airflow/example_dags/example_skip_dag.py took 0.073 seconds
[2024-10-28T00:13:39.374+0000] {processor.py:186} INFO - Started process (PID=47132) to work on /home/airflow/.local/lib/python3.12/site-packages/airflow/example_dags/example_skip_dag.py
[2024-10-28T00:13:39.375+0000] {processor.py:914} INFO - Processing file /home/airflow/.local/lib/python3.12/site-packages/airflow/example_dags/example_skip_dag.py for tasks to queue
[2024-10-28T00:13:39.376+0000] {logging_mixin.py:190} INFO - [2024-10-28T00:13:39.376+0000] {dagbag.py:588} INFO - Filling up the DagBag from /home/airflow/.local/lib/python3.12/site-packages/airflow/example_dags/example_skip_dag.py
[2024-10-28T00:13:39.384+0000] {processor.py:925} INFO - DAG(s) 'example_skip_dag' retrieved from /home/airflow/.local/lib/python3.12/site-packages/airflow/example_dags/example_skip_dag.py
[2024-10-28T00:13:39.403+0000] {logging_mixin.py:190} INFO - [2024-10-28T00:13:39.403+0000] {dag.py:3239} INFO - Sync 1 DAGs
[2024-10-28T00:13:39.425+0000] {logging_mixin.py:190} INFO - [2024-10-28T00:13:39.424+0000] {dag.py:4180} INFO - Setting next_dagrun for example_skip_dag to 2024-10-27 00:00:00+00:00, run_after=2024-10-28 00:00:00+00:00
[2024-10-28T00:13:39.442+0000] {processor.py:208} INFO - Processing /home/airflow/.local/lib/python3.12/site-packages/airflow/example_dags/example_skip_dag.py took 0.073 seconds
[2024-10-28T00:14:09.695+0000] {processor.py:186} INFO - Started process (PID=47206) to work on /home/airflow/.local/lib/python3.12/site-packages/airflow/example_dags/example_skip_dag.py
[2024-10-28T00:14:09.696+0000] {processor.py:914} INFO - Processing file /home/airflow/.local/lib/python3.12/site-packages/airflow/example_dags/example_skip_dag.py for tasks to queue
[2024-10-28T00:14:09.697+0000] {logging_mixin.py:190} INFO - [2024-10-28T00:14:09.697+0000] {dagbag.py:588} INFO - Filling up the DagBag from /home/airflow/.local/lib/python3.12/site-packages/airflow/example_dags/example_skip_dag.py
[2024-10-28T00:14:09.705+0000] {processor.py:925} INFO - DAG(s) 'example_skip_dag' retrieved from /home/airflow/.local/lib/python3.12/site-packages/airflow/example_dags/example_skip_dag.py
[2024-10-28T00:14:09.724+0000] {logging_mixin.py:190} INFO - [2024-10-28T00:14:09.723+0000] {dag.py:3239} INFO - Sync 1 DAGs
[2024-10-28T00:14:09.745+0000] {logging_mixin.py:190} INFO - [2024-10-28T00:14:09.745+0000] {dag.py:4180} INFO - Setting next_dagrun for example_skip_dag to 2024-10-27 00:00:00+00:00, run_after=2024-10-28 00:00:00+00:00
[2024-10-28T00:14:09.762+0000] {processor.py:208} INFO - Processing /home/airflow/.local/lib/python3.12/site-packages/airflow/example_dags/example_skip_dag.py took 0.073 seconds
[2024-10-28T00:14:39.963+0000] {processor.py:186} INFO - Started process (PID=47280) to work on /home/airflow/.local/lib/python3.12/site-packages/airflow/example_dags/example_skip_dag.py
[2024-10-28T00:14:39.964+0000] {processor.py:914} INFO - Processing file /home/airflow/.local/lib/python3.12/site-packages/airflow/example_dags/example_skip_dag.py for tasks to queue
[2024-10-28T00:14:39.965+0000] {logging_mixin.py:190} INFO - [2024-10-28T00:14:39.965+0000] {dagbag.py:588} INFO - Filling up the DagBag from /home/airflow/.local/lib/python3.12/site-packages/airflow/example_dags/example_skip_dag.py
[2024-10-28T00:14:39.973+0000] {processor.py:925} INFO - DAG(s) 'example_skip_dag' retrieved from /home/airflow/.local/lib/python3.12/site-packages/airflow/example_dags/example_skip_dag.py
[2024-10-28T00:14:39.992+0000] {logging_mixin.py:190} INFO - [2024-10-28T00:14:39.992+0000] {dag.py:3239} INFO - Sync 1 DAGs
[2024-10-28T00:14:40.013+0000] {logging_mixin.py:190} INFO - [2024-10-28T00:14:40.013+0000] {dag.py:4180} INFO - Setting next_dagrun for example_skip_dag to 2024-10-27 00:00:00+00:00, run_after=2024-10-28 00:00:00+00:00
[2024-10-28T00:14:40.031+0000] {processor.py:208} INFO - Processing /home/airflow/.local/lib/python3.12/site-packages/airflow/example_dags/example_skip_dag.py took 0.073 seconds
[2024-10-28T00:15:10.371+0000] {processor.py:186} INFO - Started process (PID=47354) to work on /home/airflow/.local/lib/python3.12/site-packages/airflow/example_dags/example_skip_dag.py
[2024-10-28T00:15:10.372+0000] {processor.py:914} INFO - Processing file /home/airflow/.local/lib/python3.12/site-packages/airflow/example_dags/example_skip_dag.py for tasks to queue
[2024-10-28T00:15:10.373+0000] {logging_mixin.py:190} INFO - [2024-10-28T00:15:10.373+0000] {dagbag.py:588} INFO - Filling up the DagBag from /home/airflow/.local/lib/python3.12/site-packages/airflow/example_dags/example_skip_dag.py
[2024-10-28T00:15:10.381+0000] {processor.py:925} INFO - DAG(s) 'example_skip_dag' retrieved from /home/airflow/.local/lib/python3.12/site-packages/airflow/example_dags/example_skip_dag.py
[2024-10-28T00:15:10.401+0000] {logging_mixin.py:190} INFO - [2024-10-28T00:15:10.401+0000] {dag.py:3239} INFO - Sync 1 DAGs
[2024-10-28T00:15:10.423+0000] {logging_mixin.py:190} INFO - [2024-10-28T00:15:10.422+0000] {dag.py:4180} INFO - Setting next_dagrun for example_skip_dag to 2024-10-27 00:00:00+00:00, run_after=2024-10-28 00:00:00+00:00
[2024-10-28T00:15:10.442+0000] {processor.py:208} INFO - Processing /home/airflow/.local/lib/python3.12/site-packages/airflow/example_dags/example_skip_dag.py took 0.076 seconds
[2024-10-28T00:15:40.845+0000] {processor.py:186} INFO - Started process (PID=47428) to work on /home/airflow/.local/lib/python3.12/site-packages/airflow/example_dags/example_skip_dag.py
[2024-10-28T00:15:40.846+0000] {processor.py:914} INFO - Processing file /home/airflow/.local/lib/python3.12/site-packages/airflow/example_dags/example_skip_dag.py for tasks to queue
[2024-10-28T00:15:40.847+0000] {logging_mixin.py:190} INFO - [2024-10-28T00:15:40.847+0000] {dagbag.py:588} INFO - Filling up the DagBag from /home/airflow/.local/lib/python3.12/site-packages/airflow/example_dags/example_skip_dag.py
[2024-10-28T00:15:40.855+0000] {processor.py:925} INFO - DAG(s) 'example_skip_dag' retrieved from /home/airflow/.local/lib/python3.12/site-packages/airflow/example_dags/example_skip_dag.py
[2024-10-28T00:15:40.875+0000] {logging_mixin.py:190} INFO - [2024-10-28T00:15:40.875+0000] {dag.py:3239} INFO - Sync 1 DAGs
[2024-10-28T00:15:40.896+0000] {logging_mixin.py:190} INFO - [2024-10-28T00:15:40.895+0000] {dag.py:4180} INFO - Setting next_dagrun for example_skip_dag to 2024-10-27 00:00:00+00:00, run_after=2024-10-28 00:00:00+00:00
[2024-10-28T00:15:40.915+0000] {processor.py:208} INFO - Processing /home/airflow/.local/lib/python3.12/site-packages/airflow/example_dags/example_skip_dag.py took 0.075 seconds
[2024-10-28T00:16:11.937+0000] {processor.py:186} INFO - Started process (PID=47503) to work on /home/airflow/.local/lib/python3.12/site-packages/airflow/example_dags/example_skip_dag.py
[2024-10-28T00:16:11.938+0000] {processor.py:914} INFO - Processing file /home/airflow/.local/lib/python3.12/site-packages/airflow/example_dags/example_skip_dag.py for tasks to queue
[2024-10-28T00:16:11.940+0000] {logging_mixin.py:190} INFO - [2024-10-28T00:16:11.939+0000] {dagbag.py:588} INFO - Filling up the DagBag from /home/airflow/.local/lib/python3.12/site-packages/airflow/example_dags/example_skip_dag.py
[2024-10-28T00:16:11.948+0000] {processor.py:925} INFO - DAG(s) 'example_skip_dag' retrieved from /home/airflow/.local/lib/python3.12/site-packages/airflow/example_dags/example_skip_dag.py
[2024-10-28T00:16:11.968+0000] {logging_mixin.py:190} INFO - [2024-10-28T00:16:11.968+0000] {dag.py:3239} INFO - Sync 1 DAGs
[2024-10-28T00:16:11.988+0000] {logging_mixin.py:190} INFO - [2024-10-28T00:16:11.988+0000] {dag.py:4180} INFO - Setting next_dagrun for example_skip_dag to 2024-10-27 00:00:00+00:00, run_after=2024-10-28 00:00:00+00:00
[2024-10-28T00:16:12.010+0000] {processor.py:208} INFO - Processing /home/airflow/.local/lib/python3.12/site-packages/airflow/example_dags/example_skip_dag.py took 0.078 seconds
[2024-10-28T00:16:42.864+0000] {processor.py:186} INFO - Started process (PID=47577) to work on /home/airflow/.local/lib/python3.12/site-packages/airflow/example_dags/example_skip_dag.py
[2024-10-28T00:16:42.865+0000] {processor.py:914} INFO - Processing file /home/airflow/.local/lib/python3.12/site-packages/airflow/example_dags/example_skip_dag.py for tasks to queue
[2024-10-28T00:16:42.866+0000] {logging_mixin.py:190} INFO - [2024-10-28T00:16:42.866+0000] {dagbag.py:588} INFO - Filling up the DagBag from /home/airflow/.local/lib/python3.12/site-packages/airflow/example_dags/example_skip_dag.py
[2024-10-28T00:16:42.874+0000] {processor.py:925} INFO - DAG(s) 'example_skip_dag' retrieved from /home/airflow/.local/lib/python3.12/site-packages/airflow/example_dags/example_skip_dag.py
[2024-10-28T00:16:42.894+0000] {logging_mixin.py:190} INFO - [2024-10-28T00:16:42.894+0000] {dag.py:3239} INFO - Sync 1 DAGs
[2024-10-28T00:16:42.914+0000] {logging_mixin.py:190} INFO - [2024-10-28T00:16:42.914+0000] {dag.py:4180} INFO - Setting next_dagrun for example_skip_dag to 2024-10-27 00:00:00+00:00, run_after=2024-10-28 00:00:00+00:00
[2024-10-28T00:16:42.932+0000] {processor.py:208} INFO - Processing /home/airflow/.local/lib/python3.12/site-packages/airflow/example_dags/example_skip_dag.py took 0.073 seconds
[2024-10-28T00:17:13.456+0000] {processor.py:186} INFO - Started process (PID=47651) to work on /home/airflow/.local/lib/python3.12/site-packages/airflow/example_dags/example_skip_dag.py
[2024-10-28T00:17:13.457+0000] {processor.py:914} INFO - Processing file /home/airflow/.local/lib/python3.12/site-packages/airflow/example_dags/example_skip_dag.py for tasks to queue
[2024-10-28T00:17:13.459+0000] {logging_mixin.py:190} INFO - [2024-10-28T00:17:13.458+0000] {dagbag.py:588} INFO - Filling up the DagBag from /home/airflow/.local/lib/python3.12/site-packages/airflow/example_dags/example_skip_dag.py
[2024-10-28T00:17:13.466+0000] {processor.py:925} INFO - DAG(s) 'example_skip_dag' retrieved from /home/airflow/.local/lib/python3.12/site-packages/airflow/example_dags/example_skip_dag.py
[2024-10-28T00:17:13.486+0000] {logging_mixin.py:190} INFO - [2024-10-28T00:17:13.486+0000] {dag.py:3239} INFO - Sync 1 DAGs
[2024-10-28T00:17:13.506+0000] {logging_mixin.py:190} INFO - [2024-10-28T00:17:13.505+0000] {dag.py:4180} INFO - Setting next_dagrun for example_skip_dag to 2024-10-27 00:00:00+00:00, run_after=2024-10-28 00:00:00+00:00
[2024-10-28T00:17:13.524+0000] {processor.py:208} INFO - Processing /home/airflow/.local/lib/python3.12/site-packages/airflow/example_dags/example_skip_dag.py took 0.073 seconds
[2024-10-28T00:17:44.244+0000] {processor.py:186} INFO - Started process (PID=47725) to work on /home/airflow/.local/lib/python3.12/site-packages/airflow/example_dags/example_skip_dag.py
[2024-10-28T00:17:44.246+0000] {processor.py:914} INFO - Processing file /home/airflow/.local/lib/python3.12/site-packages/airflow/example_dags/example_skip_dag.py for tasks to queue
[2024-10-28T00:17:44.247+0000] {logging_mixin.py:190} INFO - [2024-10-28T00:17:44.247+0000] {dagbag.py:588} INFO - Filling up the DagBag from /home/airflow/.local/lib/python3.12/site-packages/airflow/example_dags/example_skip_dag.py
[2024-10-28T00:17:44.260+0000] {processor.py:925} INFO - DAG(s) 'example_skip_dag' retrieved from /home/airflow/.local/lib/python3.12/site-packages/airflow/example_dags/example_skip_dag.py
[2024-10-28T00:17:44.284+0000] {logging_mixin.py:190} INFO - [2024-10-28T00:17:44.283+0000] {dag.py:3239} INFO - Sync 1 DAGs
[2024-10-28T00:17:44.310+0000] {logging_mixin.py:190} INFO - [2024-10-28T00:17:44.310+0000] {dag.py:4180} INFO - Setting next_dagrun for example_skip_dag to 2024-10-27 00:00:00+00:00, run_after=2024-10-28 00:00:00+00:00
[2024-10-28T00:17:44.335+0000] {processor.py:208} INFO - Processing /home/airflow/.local/lib/python3.12/site-packages/airflow/example_dags/example_skip_dag.py took 0.098 seconds
[2024-10-28T00:18:14.775+0000] {processor.py:186} INFO - Started process (PID=47799) to work on /home/airflow/.local/lib/python3.12/site-packages/airflow/example_dags/example_skip_dag.py
[2024-10-28T00:18:14.776+0000] {processor.py:914} INFO - Processing file /home/airflow/.local/lib/python3.12/site-packages/airflow/example_dags/example_skip_dag.py for tasks to queue
[2024-10-28T00:18:14.777+0000] {logging_mixin.py:190} INFO - [2024-10-28T00:18:14.777+0000] {dagbag.py:588} INFO - Filling up the DagBag from /home/airflow/.local/lib/python3.12/site-packages/airflow/example_dags/example_skip_dag.py
[2024-10-28T00:18:14.786+0000] {processor.py:925} INFO - DAG(s) 'example_skip_dag' retrieved from /home/airflow/.local/lib/python3.12/site-packages/airflow/example_dags/example_skip_dag.py
[2024-10-28T00:18:14.807+0000] {logging_mixin.py:190} INFO - [2024-10-28T00:18:14.807+0000] {dag.py:3239} INFO - Sync 1 DAGs
[2024-10-28T00:18:14.829+0000] {logging_mixin.py:190} INFO - [2024-10-28T00:18:14.829+0000] {dag.py:4180} INFO - Setting next_dagrun for example_skip_dag to 2024-10-27 00:00:00+00:00, run_after=2024-10-28 00:00:00+00:00
[2024-10-28T00:18:14.848+0000] {processor.py:208} INFO - Processing /home/airflow/.local/lib/python3.12/site-packages/airflow/example_dags/example_skip_dag.py took 0.078 seconds
[2024-10-28T00:18:46.398+0000] {processor.py:186} INFO - Started process (PID=47873) to work on /home/airflow/.local/lib/python3.12/site-packages/airflow/example_dags/example_skip_dag.py
[2024-10-28T00:18:46.400+0000] {processor.py:914} INFO - Processing file /home/airflow/.local/lib/python3.12/site-packages/airflow/example_dags/example_skip_dag.py for tasks to queue
[2024-10-28T00:18:46.402+0000] {logging_mixin.py:190} INFO - [2024-10-28T00:18:46.401+0000] {dagbag.py:588} INFO - Filling up the DagBag from /home/airflow/.local/lib/python3.12/site-packages/airflow/example_dags/example_skip_dag.py
[2024-10-28T00:18:46.411+0000] {processor.py:925} INFO - DAG(s) 'example_skip_dag' retrieved from /home/airflow/.local/lib/python3.12/site-packages/airflow/example_dags/example_skip_dag.py
[2024-10-28T00:18:46.438+0000] {logging_mixin.py:190} INFO - [2024-10-28T00:18:46.438+0000] {dag.py:3239} INFO - Sync 1 DAGs
[2024-10-28T00:18:46.462+0000] {logging_mixin.py:190} INFO - [2024-10-28T00:18:46.462+0000] {dag.py:4180} INFO - Setting next_dagrun for example_skip_dag to 2024-10-27 00:00:00+00:00, run_after=2024-10-28 00:00:00+00:00
[2024-10-28T00:18:46.487+0000] {processor.py:208} INFO - Processing /home/airflow/.local/lib/python3.12/site-packages/airflow/example_dags/example_skip_dag.py took 0.095 seconds
[2024-10-28T00:19:16.774+0000] {processor.py:186} INFO - Started process (PID=47947) to work on /home/airflow/.local/lib/python3.12/site-packages/airflow/example_dags/example_skip_dag.py
[2024-10-28T00:19:16.775+0000] {processor.py:914} INFO - Processing file /home/airflow/.local/lib/python3.12/site-packages/airflow/example_dags/example_skip_dag.py for tasks to queue
[2024-10-28T00:19:16.777+0000] {logging_mixin.py:190} INFO - [2024-10-28T00:19:16.777+0000] {dagbag.py:588} INFO - Filling up the DagBag from /home/airflow/.local/lib/python3.12/site-packages/airflow/example_dags/example_skip_dag.py
[2024-10-28T00:19:16.787+0000] {processor.py:925} INFO - DAG(s) 'example_skip_dag' retrieved from /home/airflow/.local/lib/python3.12/site-packages/airflow/example_dags/example_skip_dag.py
[2024-10-28T00:19:16.812+0000] {logging_mixin.py:190} INFO - [2024-10-28T00:19:16.811+0000] {dag.py:3239} INFO - Sync 1 DAGs
[2024-10-28T00:19:16.838+0000] {logging_mixin.py:190} INFO - [2024-10-28T00:19:16.837+0000] {dag.py:4180} INFO - Setting next_dagrun for example_skip_dag to 2024-10-27 00:00:00+00:00, run_after=2024-10-28 00:00:00+00:00
[2024-10-28T00:19:16.860+0000] {processor.py:208} INFO - Processing /home/airflow/.local/lib/python3.12/site-packages/airflow/example_dags/example_skip_dag.py took 0.093 seconds
[2024-10-28T00:19:47.721+0000] {processor.py:186} INFO - Started process (PID=48020) to work on /home/airflow/.local/lib/python3.12/site-packages/airflow/example_dags/example_skip_dag.py
[2024-10-28T00:19:47.722+0000] {processor.py:914} INFO - Processing file /home/airflow/.local/lib/python3.12/site-packages/airflow/example_dags/example_skip_dag.py for tasks to queue
[2024-10-28T00:19:47.724+0000] {logging_mixin.py:190} INFO - [2024-10-28T00:19:47.723+0000] {dagbag.py:588} INFO - Filling up the DagBag from /home/airflow/.local/lib/python3.12/site-packages/airflow/example_dags/example_skip_dag.py
[2024-10-28T00:19:47.733+0000] {processor.py:925} INFO - DAG(s) 'example_skip_dag' retrieved from /home/airflow/.local/lib/python3.12/site-packages/airflow/example_dags/example_skip_dag.py
[2024-10-28T00:19:47.754+0000] {logging_mixin.py:190} INFO - [2024-10-28T00:19:47.754+0000] {dag.py:3239} INFO - Sync 1 DAGs
[2024-10-28T00:19:47.780+0000] {logging_mixin.py:190} INFO - [2024-10-28T00:19:47.780+0000] {dag.py:4180} INFO - Setting next_dagrun for example_skip_dag to 2024-10-27 00:00:00+00:00, run_after=2024-10-28 00:00:00+00:00
[2024-10-28T00:19:47.800+0000] {processor.py:208} INFO - Processing /home/airflow/.local/lib/python3.12/site-packages/airflow/example_dags/example_skip_dag.py took 0.085 seconds
[2024-10-28T00:20:18.635+0000] {processor.py:186} INFO - Started process (PID=48094) to work on /home/airflow/.local/lib/python3.12/site-packages/airflow/example_dags/example_skip_dag.py
[2024-10-28T00:20:18.636+0000] {processor.py:914} INFO - Processing file /home/airflow/.local/lib/python3.12/site-packages/airflow/example_dags/example_skip_dag.py for tasks to queue
[2024-10-28T00:20:18.639+0000] {logging_mixin.py:190} INFO - [2024-10-28T00:20:18.638+0000] {dagbag.py:588} INFO - Filling up the DagBag from /home/airflow/.local/lib/python3.12/site-packages/airflow/example_dags/example_skip_dag.py
[2024-10-28T00:20:18.648+0000] {processor.py:925} INFO - DAG(s) 'example_skip_dag' retrieved from /home/airflow/.local/lib/python3.12/site-packages/airflow/example_dags/example_skip_dag.py
[2024-10-28T00:20:18.671+0000] {logging_mixin.py:190} INFO - [2024-10-28T00:20:18.671+0000] {dag.py:3239} INFO - Sync 1 DAGs
[2024-10-28T00:20:18.696+0000] {logging_mixin.py:190} INFO - [2024-10-28T00:20:18.696+0000] {dag.py:4180} INFO - Setting next_dagrun for example_skip_dag to 2024-10-27 00:00:00+00:00, run_after=2024-10-28 00:00:00+00:00
[2024-10-28T00:20:18.719+0000] {processor.py:208} INFO - Processing /home/airflow/.local/lib/python3.12/site-packages/airflow/example_dags/example_skip_dag.py took 0.090 seconds
[2024-10-28T00:20:49.508+0000] {processor.py:186} INFO - Started process (PID=48168) to work on /home/airflow/.local/lib/python3.12/site-packages/airflow/example_dags/example_skip_dag.py
[2024-10-28T00:20:49.509+0000] {processor.py:914} INFO - Processing file /home/airflow/.local/lib/python3.12/site-packages/airflow/example_dags/example_skip_dag.py for tasks to queue
[2024-10-28T00:20:49.511+0000] {logging_mixin.py:190} INFO - [2024-10-28T00:20:49.510+0000] {dagbag.py:588} INFO - Filling up the DagBag from /home/airflow/.local/lib/python3.12/site-packages/airflow/example_dags/example_skip_dag.py
[2024-10-28T00:20:49.521+0000] {processor.py:925} INFO - DAG(s) 'example_skip_dag' retrieved from /home/airflow/.local/lib/python3.12/site-packages/airflow/example_dags/example_skip_dag.py
[2024-10-28T00:20:49.546+0000] {logging_mixin.py:190} INFO - [2024-10-28T00:20:49.546+0000] {dag.py:3239} INFO - Sync 1 DAGs
[2024-10-28T00:20:49.576+0000] {logging_mixin.py:190} INFO - [2024-10-28T00:20:49.576+0000] {dag.py:4180} INFO - Setting next_dagrun for example_skip_dag to 2024-10-27 00:00:00+00:00, run_after=2024-10-28 00:00:00+00:00
[2024-10-28T00:20:49.602+0000] {processor.py:208} INFO - Processing /home/airflow/.local/lib/python3.12/site-packages/airflow/example_dags/example_skip_dag.py took 0.101 seconds
[2024-10-28T00:21:20.121+0000] {processor.py:186} INFO - Started process (PID=48242) to work on /home/airflow/.local/lib/python3.12/site-packages/airflow/example_dags/example_skip_dag.py
[2024-10-28T00:21:20.122+0000] {processor.py:914} INFO - Processing file /home/airflow/.local/lib/python3.12/site-packages/airflow/example_dags/example_skip_dag.py for tasks to queue
[2024-10-28T00:21:20.123+0000] {logging_mixin.py:190} INFO - [2024-10-28T00:21:20.123+0000] {dagbag.py:588} INFO - Filling up the DagBag from /home/airflow/.local/lib/python3.12/site-packages/airflow/example_dags/example_skip_dag.py
[2024-10-28T00:21:20.135+0000] {processor.py:925} INFO - DAG(s) 'example_skip_dag' retrieved from /home/airflow/.local/lib/python3.12/site-packages/airflow/example_dags/example_skip_dag.py
[2024-10-28T00:21:20.155+0000] {logging_mixin.py:190} INFO - [2024-10-28T00:21:20.155+0000] {dag.py:3239} INFO - Sync 1 DAGs
[2024-10-28T00:21:20.177+0000] {logging_mixin.py:190} INFO - [2024-10-28T00:21:20.176+0000] {dag.py:4180} INFO - Setting next_dagrun for example_skip_dag to 2024-10-27 00:00:00+00:00, run_after=2024-10-28 00:00:00+00:00
[2024-10-28T00:21:20.197+0000] {processor.py:208} INFO - Processing /home/airflow/.local/lib/python3.12/site-packages/airflow/example_dags/example_skip_dag.py took 0.082 seconds
[2024-10-28T00:21:50.708+0000] {processor.py:186} INFO - Started process (PID=48316) to work on /home/airflow/.local/lib/python3.12/site-packages/airflow/example_dags/example_skip_dag.py
[2024-10-28T00:21:50.709+0000] {processor.py:914} INFO - Processing file /home/airflow/.local/lib/python3.12/site-packages/airflow/example_dags/example_skip_dag.py for tasks to queue
[2024-10-28T00:21:50.711+0000] {logging_mixin.py:190} INFO - [2024-10-28T00:21:50.710+0000] {dagbag.py:588} INFO - Filling up the DagBag from /home/airflow/.local/lib/python3.12/site-packages/airflow/example_dags/example_skip_dag.py
[2024-10-28T00:21:50.718+0000] {processor.py:925} INFO - DAG(s) 'example_skip_dag' retrieved from /home/airflow/.local/lib/python3.12/site-packages/airflow/example_dags/example_skip_dag.py
[2024-10-28T00:21:50.741+0000] {logging_mixin.py:190} INFO - [2024-10-28T00:21:50.741+0000] {dag.py:3239} INFO - Sync 1 DAGs
[2024-10-28T00:21:50.764+0000] {logging_mixin.py:190} INFO - [2024-10-28T00:21:50.764+0000] {dag.py:4180} INFO - Setting next_dagrun for example_skip_dag to 2024-10-27 00:00:00+00:00, run_after=2024-10-28 00:00:00+00:00
[2024-10-28T00:21:50.782+0000] {processor.py:208} INFO - Processing /home/airflow/.local/lib/python3.12/site-packages/airflow/example_dags/example_skip_dag.py took 0.080 seconds
[2024-10-28T00:22:21.361+0000] {processor.py:186} INFO - Started process (PID=48390) to work on /home/airflow/.local/lib/python3.12/site-packages/airflow/example_dags/example_skip_dag.py
[2024-10-28T00:22:21.362+0000] {processor.py:914} INFO - Processing file /home/airflow/.local/lib/python3.12/site-packages/airflow/example_dags/example_skip_dag.py for tasks to queue
[2024-10-28T00:22:21.363+0000] {logging_mixin.py:190} INFO - [2024-10-28T00:22:21.363+0000] {dagbag.py:588} INFO - Filling up the DagBag from /home/airflow/.local/lib/python3.12/site-packages/airflow/example_dags/example_skip_dag.py
[2024-10-28T00:22:21.374+0000] {processor.py:925} INFO - DAG(s) 'example_skip_dag' retrieved from /home/airflow/.local/lib/python3.12/site-packages/airflow/example_dags/example_skip_dag.py
[2024-10-28T00:22:21.399+0000] {logging_mixin.py:190} INFO - [2024-10-28T00:22:21.399+0000] {dag.py:3239} INFO - Sync 1 DAGs
[2024-10-28T00:22:21.425+0000] {logging_mixin.py:190} INFO - [2024-10-28T00:22:21.425+0000] {dag.py:4180} INFO - Setting next_dagrun for example_skip_dag to 2024-10-27 00:00:00+00:00, run_after=2024-10-28 00:00:00+00:00
[2024-10-28T00:22:21.446+0000] {processor.py:208} INFO - Processing /home/airflow/.local/lib/python3.12/site-packages/airflow/example_dags/example_skip_dag.py took 0.091 seconds
[2024-10-28T00:22:52.044+0000] {processor.py:186} INFO - Started process (PID=48464) to work on /home/airflow/.local/lib/python3.12/site-packages/airflow/example_dags/example_skip_dag.py
[2024-10-28T00:22:52.046+0000] {processor.py:914} INFO - Processing file /home/airflow/.local/lib/python3.12/site-packages/airflow/example_dags/example_skip_dag.py for tasks to queue
[2024-10-28T00:22:52.049+0000] {logging_mixin.py:190} INFO - [2024-10-28T00:22:52.048+0000] {dagbag.py:588} INFO - Filling up the DagBag from /home/airflow/.local/lib/python3.12/site-packages/airflow/example_dags/example_skip_dag.py
[2024-10-28T00:22:52.059+0000] {processor.py:925} INFO - DAG(s) 'example_skip_dag' retrieved from /home/airflow/.local/lib/python3.12/site-packages/airflow/example_dags/example_skip_dag.py
[2024-10-28T00:22:52.085+0000] {logging_mixin.py:190} INFO - [2024-10-28T00:22:52.084+0000] {dag.py:3239} INFO - Sync 1 DAGs
[2024-10-28T00:22:52.117+0000] {logging_mixin.py:190} INFO - [2024-10-28T00:22:52.117+0000] {dag.py:4180} INFO - Setting next_dagrun for example_skip_dag to 2024-10-27 00:00:00+00:00, run_after=2024-10-28 00:00:00+00:00
[2024-10-28T00:22:52.148+0000] {processor.py:208} INFO - Processing /home/airflow/.local/lib/python3.12/site-packages/airflow/example_dags/example_skip_dag.py took 0.110 seconds
[2024-10-28T00:23:22.831+0000] {processor.py:186} INFO - Started process (PID=48538) to work on /home/airflow/.local/lib/python3.12/site-packages/airflow/example_dags/example_skip_dag.py
[2024-10-28T00:23:22.832+0000] {processor.py:914} INFO - Processing file /home/airflow/.local/lib/python3.12/site-packages/airflow/example_dags/example_skip_dag.py for tasks to queue
[2024-10-28T00:23:22.833+0000] {logging_mixin.py:190} INFO - [2024-10-28T00:23:22.833+0000] {dagbag.py:588} INFO - Filling up the DagBag from /home/airflow/.local/lib/python3.12/site-packages/airflow/example_dags/example_skip_dag.py
[2024-10-28T00:23:22.841+0000] {processor.py:925} INFO - DAG(s) 'example_skip_dag' retrieved from /home/airflow/.local/lib/python3.12/site-packages/airflow/example_dags/example_skip_dag.py
[2024-10-28T00:23:22.861+0000] {logging_mixin.py:190} INFO - [2024-10-28T00:23:22.861+0000] {dag.py:3239} INFO - Sync 1 DAGs
[2024-10-28T00:23:22.883+0000] {logging_mixin.py:190} INFO - [2024-10-28T00:23:22.883+0000] {dag.py:4180} INFO - Setting next_dagrun for example_skip_dag to 2024-10-27 00:00:00+00:00, run_after=2024-10-28 00:00:00+00:00
[2024-10-28T00:23:22.904+0000] {processor.py:208} INFO - Processing /home/airflow/.local/lib/python3.12/site-packages/airflow/example_dags/example_skip_dag.py took 0.079 seconds
[2024-10-28T00:23:54.673+0000] {processor.py:186} INFO - Started process (PID=48613) to work on /home/airflow/.local/lib/python3.12/site-packages/airflow/example_dags/example_skip_dag.py
[2024-10-28T00:23:54.675+0000] {processor.py:914} INFO - Processing file /home/airflow/.local/lib/python3.12/site-packages/airflow/example_dags/example_skip_dag.py for tasks to queue
[2024-10-28T00:23:54.677+0000] {logging_mixin.py:190} INFO - [2024-10-28T00:23:54.676+0000] {dagbag.py:588} INFO - Filling up the DagBag from /home/airflow/.local/lib/python3.12/site-packages/airflow/example_dags/example_skip_dag.py
[2024-10-28T00:23:54.686+0000] {processor.py:925} INFO - DAG(s) 'example_skip_dag' retrieved from /home/airflow/.local/lib/python3.12/site-packages/airflow/example_dags/example_skip_dag.py
[2024-10-28T00:23:54.713+0000] {logging_mixin.py:190} INFO - [2024-10-28T00:23:54.713+0000] {dag.py:3239} INFO - Sync 1 DAGs
[2024-10-28T00:23:54.738+0000] {logging_mixin.py:190} INFO - [2024-10-28T00:23:54.738+0000] {dag.py:4180} INFO - Setting next_dagrun for example_skip_dag to 2024-10-27 00:00:00+00:00, run_after=2024-10-28 00:00:00+00:00
[2024-10-28T00:23:54.763+0000] {processor.py:208} INFO - Processing /home/airflow/.local/lib/python3.12/site-packages/airflow/example_dags/example_skip_dag.py took 0.095 seconds
[2024-10-28T00:24:25.061+0000] {processor.py:186} INFO - Started process (PID=48687) to work on /home/airflow/.local/lib/python3.12/site-packages/airflow/example_dags/example_skip_dag.py
[2024-10-28T00:24:25.062+0000] {processor.py:914} INFO - Processing file /home/airflow/.local/lib/python3.12/site-packages/airflow/example_dags/example_skip_dag.py for tasks to queue
[2024-10-28T00:24:25.064+0000] {logging_mixin.py:190} INFO - [2024-10-28T00:24:25.064+0000] {dagbag.py:588} INFO - Filling up the DagBag from /home/airflow/.local/lib/python3.12/site-packages/airflow/example_dags/example_skip_dag.py
[2024-10-28T00:24:25.072+0000] {processor.py:925} INFO - DAG(s) 'example_skip_dag' retrieved from /home/airflow/.local/lib/python3.12/site-packages/airflow/example_dags/example_skip_dag.py
[2024-10-28T00:24:25.092+0000] {logging_mixin.py:190} INFO - [2024-10-28T00:24:25.091+0000] {dag.py:3239} INFO - Sync 1 DAGs
[2024-10-28T00:24:25.112+0000] {logging_mixin.py:190} INFO - [2024-10-28T00:24:25.111+0000] {dag.py:4180} INFO - Setting next_dagrun for example_skip_dag to 2024-10-27 00:00:00+00:00, run_after=2024-10-28 00:00:00+00:00
[2024-10-28T00:24:25.130+0000] {processor.py:208} INFO - Processing /home/airflow/.local/lib/python3.12/site-packages/airflow/example_dags/example_skip_dag.py took 0.074 seconds
[2024-10-28T00:24:55.639+0000] {processor.py:186} INFO - Started process (PID=48761) to work on /home/airflow/.local/lib/python3.12/site-packages/airflow/example_dags/example_skip_dag.py
[2024-10-28T00:24:55.640+0000] {processor.py:914} INFO - Processing file /home/airflow/.local/lib/python3.12/site-packages/airflow/example_dags/example_skip_dag.py for tasks to queue
[2024-10-28T00:24:55.642+0000] {logging_mixin.py:190} INFO - [2024-10-28T00:24:55.641+0000] {dagbag.py:588} INFO - Filling up the DagBag from /home/airflow/.local/lib/python3.12/site-packages/airflow/example_dags/example_skip_dag.py
[2024-10-28T00:24:55.650+0000] {processor.py:925} INFO - DAG(s) 'example_skip_dag' retrieved from /home/airflow/.local/lib/python3.12/site-packages/airflow/example_dags/example_skip_dag.py
[2024-10-28T00:24:55.674+0000] {logging_mixin.py:190} INFO - [2024-10-28T00:24:55.674+0000] {dag.py:3239} INFO - Sync 1 DAGs
[2024-10-28T00:24:55.697+0000] {logging_mixin.py:190} INFO - [2024-10-28T00:24:55.697+0000] {dag.py:4180} INFO - Setting next_dagrun for example_skip_dag to 2024-10-27 00:00:00+00:00, run_after=2024-10-28 00:00:00+00:00
[2024-10-28T00:24:55.723+0000] {processor.py:208} INFO - Processing /home/airflow/.local/lib/python3.12/site-packages/airflow/example_dags/example_skip_dag.py took 0.092 seconds
[2024-10-28T00:25:26.095+0000] {processor.py:186} INFO - Started process (PID=48835) to work on /home/airflow/.local/lib/python3.12/site-packages/airflow/example_dags/example_skip_dag.py
[2024-10-28T00:25:26.096+0000] {processor.py:914} INFO - Processing file /home/airflow/.local/lib/python3.12/site-packages/airflow/example_dags/example_skip_dag.py for tasks to queue
[2024-10-28T00:25:26.098+0000] {logging_mixin.py:190} INFO - [2024-10-28T00:25:26.097+0000] {dagbag.py:588} INFO - Filling up the DagBag from /home/airflow/.local/lib/python3.12/site-packages/airflow/example_dags/example_skip_dag.py
[2024-10-28T00:25:26.105+0000] {processor.py:925} INFO - DAG(s) 'example_skip_dag' retrieved from /home/airflow/.local/lib/python3.12/site-packages/airflow/example_dags/example_skip_dag.py
[2024-10-28T00:25:26.125+0000] {logging_mixin.py:190} INFO - [2024-10-28T00:25:26.125+0000] {dag.py:3239} INFO - Sync 1 DAGs
[2024-10-28T00:25:26.145+0000] {logging_mixin.py:190} INFO - [2024-10-28T00:25:26.145+0000] {dag.py:4180} INFO - Setting next_dagrun for example_skip_dag to 2024-10-27 00:00:00+00:00, run_after=2024-10-28 00:00:00+00:00
[2024-10-28T00:25:26.165+0000] {processor.py:208} INFO - Processing /home/airflow/.local/lib/python3.12/site-packages/airflow/example_dags/example_skip_dag.py took 0.076 seconds
[2024-10-28T00:25:56.720+0000] {processor.py:186} INFO - Started process (PID=48910) to work on /home/airflow/.local/lib/python3.12/site-packages/airflow/example_dags/example_skip_dag.py
[2024-10-28T00:25:56.721+0000] {processor.py:914} INFO - Processing file /home/airflow/.local/lib/python3.12/site-packages/airflow/example_dags/example_skip_dag.py for tasks to queue
[2024-10-28T00:25:56.722+0000] {logging_mixin.py:190} INFO - [2024-10-28T00:25:56.722+0000] {dagbag.py:588} INFO - Filling up the DagBag from /home/airflow/.local/lib/python3.12/site-packages/airflow/example_dags/example_skip_dag.py
[2024-10-28T00:25:56.730+0000] {processor.py:925} INFO - DAG(s) 'example_skip_dag' retrieved from /home/airflow/.local/lib/python3.12/site-packages/airflow/example_dags/example_skip_dag.py
[2024-10-28T00:25:56.751+0000] {logging_mixin.py:190} INFO - [2024-10-28T00:25:56.751+0000] {dag.py:3239} INFO - Sync 1 DAGs
[2024-10-28T00:25:56.773+0000] {logging_mixin.py:190} INFO - [2024-10-28T00:25:56.773+0000] {dag.py:4180} INFO - Setting next_dagrun for example_skip_dag to 2024-10-27 00:00:00+00:00, run_after=2024-10-28 00:00:00+00:00
[2024-10-28T00:25:56.792+0000] {processor.py:208} INFO - Processing /home/airflow/.local/lib/python3.12/site-packages/airflow/example_dags/example_skip_dag.py took 0.077 seconds
[2024-10-28T00:26:27.141+0000] {processor.py:186} INFO - Started process (PID=48983) to work on /home/airflow/.local/lib/python3.12/site-packages/airflow/example_dags/example_skip_dag.py
[2024-10-28T00:26:27.142+0000] {processor.py:914} INFO - Processing file /home/airflow/.local/lib/python3.12/site-packages/airflow/example_dags/example_skip_dag.py for tasks to queue
[2024-10-28T00:26:27.144+0000] {logging_mixin.py:190} INFO - [2024-10-28T00:26:27.143+0000] {dagbag.py:588} INFO - Filling up the DagBag from /home/airflow/.local/lib/python3.12/site-packages/airflow/example_dags/example_skip_dag.py
[2024-10-28T00:26:27.152+0000] {processor.py:925} INFO - DAG(s) 'example_skip_dag' retrieved from /home/airflow/.local/lib/python3.12/site-packages/airflow/example_dags/example_skip_dag.py
[2024-10-28T00:26:27.175+0000] {logging_mixin.py:190} INFO - [2024-10-28T00:26:27.174+0000] {dag.py:3239} INFO - Sync 1 DAGs
[2024-10-28T00:26:27.197+0000] {logging_mixin.py:190} INFO - [2024-10-28T00:26:27.196+0000] {dag.py:4180} INFO - Setting next_dagrun for example_skip_dag to 2024-10-27 00:00:00+00:00, run_after=2024-10-28 00:00:00+00:00
[2024-10-28T00:26:27.217+0000] {processor.py:208} INFO - Processing /home/airflow/.local/lib/python3.12/site-packages/airflow/example_dags/example_skip_dag.py took 0.082 seconds
[2024-10-28T00:26:57.474+0000] {processor.py:186} INFO - Started process (PID=49057) to work on /home/airflow/.local/lib/python3.12/site-packages/airflow/example_dags/example_skip_dag.py
[2024-10-28T00:26:57.475+0000] {processor.py:914} INFO - Processing file /home/airflow/.local/lib/python3.12/site-packages/airflow/example_dags/example_skip_dag.py for tasks to queue
[2024-10-28T00:26:57.477+0000] {logging_mixin.py:190} INFO - [2024-10-28T00:26:57.477+0000] {dagbag.py:588} INFO - Filling up the DagBag from /home/airflow/.local/lib/python3.12/site-packages/airflow/example_dags/example_skip_dag.py
[2024-10-28T00:26:57.486+0000] {processor.py:925} INFO - DAG(s) 'example_skip_dag' retrieved from /home/airflow/.local/lib/python3.12/site-packages/airflow/example_dags/example_skip_dag.py
[2024-10-28T00:26:57.510+0000] {logging_mixin.py:190} INFO - [2024-10-28T00:26:57.510+0000] {dag.py:3239} INFO - Sync 1 DAGs
[2024-10-28T00:26:57.533+0000] {logging_mixin.py:190} INFO - [2024-10-28T00:26:57.533+0000] {dag.py:4180} INFO - Setting next_dagrun for example_skip_dag to 2024-10-27 00:00:00+00:00, run_after=2024-10-28 00:00:00+00:00
[2024-10-28T00:26:57.551+0000] {processor.py:208} INFO - Processing /home/airflow/.local/lib/python3.12/site-packages/airflow/example_dags/example_skip_dag.py took 0.084 seconds
[2024-10-28T00:27:28.436+0000] {processor.py:186} INFO - Started process (PID=49131) to work on /home/airflow/.local/lib/python3.12/site-packages/airflow/example_dags/example_skip_dag.py
[2024-10-28T00:27:28.437+0000] {processor.py:914} INFO - Processing file /home/airflow/.local/lib/python3.12/site-packages/airflow/example_dags/example_skip_dag.py for tasks to queue
[2024-10-28T00:27:28.439+0000] {logging_mixin.py:190} INFO - [2024-10-28T00:27:28.438+0000] {dagbag.py:588} INFO - Filling up the DagBag from /home/airflow/.local/lib/python3.12/site-packages/airflow/example_dags/example_skip_dag.py
[2024-10-28T00:27:28.446+0000] {processor.py:925} INFO - DAG(s) 'example_skip_dag' retrieved from /home/airflow/.local/lib/python3.12/site-packages/airflow/example_dags/example_skip_dag.py
[2024-10-28T00:27:28.467+0000] {logging_mixin.py:190} INFO - [2024-10-28T00:27:28.467+0000] {dag.py:3239} INFO - Sync 1 DAGs
[2024-10-28T00:27:28.488+0000] {logging_mixin.py:190} INFO - [2024-10-28T00:27:28.488+0000] {dag.py:4180} INFO - Setting next_dagrun for example_skip_dag to 2024-10-27 00:00:00+00:00, run_after=2024-10-28 00:00:00+00:00
[2024-10-28T00:27:28.507+0000] {processor.py:208} INFO - Processing /home/airflow/.local/lib/python3.12/site-packages/airflow/example_dags/example_skip_dag.py took 0.076 seconds
[2024-10-28T00:27:59.179+0000] {processor.py:186} INFO - Started process (PID=49204) to work on /home/airflow/.local/lib/python3.12/site-packages/airflow/example_dags/example_skip_dag.py
[2024-10-28T00:27:59.180+0000] {processor.py:914} INFO - Processing file /home/airflow/.local/lib/python3.12/site-packages/airflow/example_dags/example_skip_dag.py for tasks to queue
[2024-10-28T00:27:59.181+0000] {logging_mixin.py:190} INFO - [2024-10-28T00:27:59.181+0000] {dagbag.py:588} INFO - Filling up the DagBag from /home/airflow/.local/lib/python3.12/site-packages/airflow/example_dags/example_skip_dag.py
[2024-10-28T00:27:59.189+0000] {processor.py:925} INFO - DAG(s) 'example_skip_dag' retrieved from /home/airflow/.local/lib/python3.12/site-packages/airflow/example_dags/example_skip_dag.py
[2024-10-28T00:27:59.208+0000] {logging_mixin.py:190} INFO - [2024-10-28T00:27:59.208+0000] {dag.py:3239} INFO - Sync 1 DAGs
[2024-10-28T00:27:59.230+0000] {logging_mixin.py:190} INFO - [2024-10-28T00:27:59.230+0000] {dag.py:4180} INFO - Setting next_dagrun for example_skip_dag to 2024-10-27 00:00:00+00:00, run_after=2024-10-28 00:00:00+00:00
[2024-10-28T00:27:59.248+0000] {processor.py:208} INFO - Processing /home/airflow/.local/lib/python3.12/site-packages/airflow/example_dags/example_skip_dag.py took 0.075 seconds
[2024-10-28T00:28:29.707+0000] {processor.py:186} INFO - Started process (PID=49278) to work on /home/airflow/.local/lib/python3.12/site-packages/airflow/example_dags/example_skip_dag.py
[2024-10-28T00:28:29.708+0000] {processor.py:914} INFO - Processing file /home/airflow/.local/lib/python3.12/site-packages/airflow/example_dags/example_skip_dag.py for tasks to queue
[2024-10-28T00:28:29.710+0000] {logging_mixin.py:190} INFO - [2024-10-28T00:28:29.709+0000] {dagbag.py:588} INFO - Filling up the DagBag from /home/airflow/.local/lib/python3.12/site-packages/airflow/example_dags/example_skip_dag.py
[2024-10-28T00:28:29.717+0000] {processor.py:925} INFO - DAG(s) 'example_skip_dag' retrieved from /home/airflow/.local/lib/python3.12/site-packages/airflow/example_dags/example_skip_dag.py
[2024-10-28T00:28:29.738+0000] {logging_mixin.py:190} INFO - [2024-10-28T00:28:29.738+0000] {dag.py:3239} INFO - Sync 1 DAGs
[2024-10-28T00:28:29.760+0000] {logging_mixin.py:190} INFO - [2024-10-28T00:28:29.760+0000] {dag.py:4180} INFO - Setting next_dagrun for example_skip_dag to 2024-10-27 00:00:00+00:00, run_after=2024-10-28 00:00:00+00:00
[2024-10-28T00:28:29.779+0000] {processor.py:208} INFO - Processing /home/airflow/.local/lib/python3.12/site-packages/airflow/example_dags/example_skip_dag.py took 0.077 seconds
[2024-10-28T00:29:00.522+0000] {processor.py:186} INFO - Started process (PID=49353) to work on /home/airflow/.local/lib/python3.12/site-packages/airflow/example_dags/example_skip_dag.py
[2024-10-28T00:29:00.523+0000] {processor.py:914} INFO - Processing file /home/airflow/.local/lib/python3.12/site-packages/airflow/example_dags/example_skip_dag.py for tasks to queue
[2024-10-28T00:29:00.525+0000] {logging_mixin.py:190} INFO - [2024-10-28T00:29:00.525+0000] {dagbag.py:588} INFO - Filling up the DagBag from /home/airflow/.local/lib/python3.12/site-packages/airflow/example_dags/example_skip_dag.py
[2024-10-28T00:29:00.534+0000] {processor.py:925} INFO - DAG(s) 'example_skip_dag' retrieved from /home/airflow/.local/lib/python3.12/site-packages/airflow/example_dags/example_skip_dag.py
[2024-10-28T00:29:00.559+0000] {logging_mixin.py:190} INFO - [2024-10-28T00:29:00.559+0000] {dag.py:3239} INFO - Sync 1 DAGs
[2024-10-28T00:29:00.586+0000] {logging_mixin.py:190} INFO - [2024-10-28T00:29:00.585+0000] {dag.py:4180} INFO - Setting next_dagrun for example_skip_dag to 2024-10-27 00:00:00+00:00, run_after=2024-10-28 00:00:00+00:00
[2024-10-28T00:29:00.612+0000] {processor.py:208} INFO - Processing /home/airflow/.local/lib/python3.12/site-packages/airflow/example_dags/example_skip_dag.py took 0.098 seconds
[2024-10-28T00:29:31.636+0000] {processor.py:186} INFO - Started process (PID=49427) to work on /home/airflow/.local/lib/python3.12/site-packages/airflow/example_dags/example_skip_dag.py
[2024-10-28T00:29:31.637+0000] {processor.py:914} INFO - Processing file /home/airflow/.local/lib/python3.12/site-packages/airflow/example_dags/example_skip_dag.py for tasks to queue
[2024-10-28T00:29:31.639+0000] {logging_mixin.py:190} INFO - [2024-10-28T00:29:31.638+0000] {dagbag.py:588} INFO - Filling up the DagBag from /home/airflow/.local/lib/python3.12/site-packages/airflow/example_dags/example_skip_dag.py
[2024-10-28T00:29:31.647+0000] {processor.py:925} INFO - DAG(s) 'example_skip_dag' retrieved from /home/airflow/.local/lib/python3.12/site-packages/airflow/example_dags/example_skip_dag.py
[2024-10-28T00:29:31.668+0000] {logging_mixin.py:190} INFO - [2024-10-28T00:29:31.667+0000] {dag.py:3239} INFO - Sync 1 DAGs
[2024-10-28T00:29:31.690+0000] {logging_mixin.py:190} INFO - [2024-10-28T00:29:31.689+0000] {dag.py:4180} INFO - Setting next_dagrun for example_skip_dag to 2024-10-27 00:00:00+00:00, run_after=2024-10-28 00:00:00+00:00
[2024-10-28T00:29:31.710+0000] {processor.py:208} INFO - Processing /home/airflow/.local/lib/python3.12/site-packages/airflow/example_dags/example_skip_dag.py took 0.080 seconds
[2024-10-28T00:30:02.481+0000] {processor.py:186} INFO - Started process (PID=49501) to work on /home/airflow/.local/lib/python3.12/site-packages/airflow/example_dags/example_skip_dag.py
[2024-10-28T00:30:02.482+0000] {processor.py:914} INFO - Processing file /home/airflow/.local/lib/python3.12/site-packages/airflow/example_dags/example_skip_dag.py for tasks to queue
[2024-10-28T00:30:02.483+0000] {logging_mixin.py:190} INFO - [2024-10-28T00:30:02.483+0000] {dagbag.py:588} INFO - Filling up the DagBag from /home/airflow/.local/lib/python3.12/site-packages/airflow/example_dags/example_skip_dag.py
[2024-10-28T00:30:02.491+0000] {processor.py:925} INFO - DAG(s) 'example_skip_dag' retrieved from /home/airflow/.local/lib/python3.12/site-packages/airflow/example_dags/example_skip_dag.py
[2024-10-28T00:30:02.511+0000] {logging_mixin.py:190} INFO - [2024-10-28T00:30:02.511+0000] {dag.py:3239} INFO - Sync 1 DAGs
[2024-10-28T00:30:02.532+0000] {logging_mixin.py:190} INFO - [2024-10-28T00:30:02.532+0000] {dag.py:4180} INFO - Setting next_dagrun for example_skip_dag to 2024-10-27 00:00:00+00:00, run_after=2024-10-28 00:00:00+00:00
[2024-10-28T00:30:02.549+0000] {processor.py:208} INFO - Processing /home/airflow/.local/lib/python3.12/site-packages/airflow/example_dags/example_skip_dag.py took 0.074 seconds
[2024-10-28T00:30:33.433+0000] {processor.py:186} INFO - Started process (PID=49575) to work on /home/airflow/.local/lib/python3.12/site-packages/airflow/example_dags/example_skip_dag.py
[2024-10-28T00:30:33.434+0000] {processor.py:914} INFO - Processing file /home/airflow/.local/lib/python3.12/site-packages/airflow/example_dags/example_skip_dag.py for tasks to queue
[2024-10-28T00:30:33.436+0000] {logging_mixin.py:190} INFO - [2024-10-28T00:30:33.435+0000] {dagbag.py:588} INFO - Filling up the DagBag from /home/airflow/.local/lib/python3.12/site-packages/airflow/example_dags/example_skip_dag.py
[2024-10-28T00:30:33.445+0000] {processor.py:925} INFO - DAG(s) 'example_skip_dag' retrieved from /home/airflow/.local/lib/python3.12/site-packages/airflow/example_dags/example_skip_dag.py
[2024-10-28T00:30:33.467+0000] {logging_mixin.py:190} INFO - [2024-10-28T00:30:33.467+0000] {dag.py:3239} INFO - Sync 1 DAGs
[2024-10-28T00:30:33.491+0000] {logging_mixin.py:190} INFO - [2024-10-28T00:30:33.491+0000] {dag.py:4180} INFO - Setting next_dagrun for example_skip_dag to 2024-10-27 00:00:00+00:00, run_after=2024-10-28 00:00:00+00:00
[2024-10-28T00:30:33.511+0000] {processor.py:208} INFO - Processing /home/airflow/.local/lib/python3.12/site-packages/airflow/example_dags/example_skip_dag.py took 0.085 seconds
[2024-10-28T00:31:04.197+0000] {processor.py:186} INFO - Started process (PID=49649) to work on /home/airflow/.local/lib/python3.12/site-packages/airflow/example_dags/example_skip_dag.py
[2024-10-28T00:31:04.198+0000] {processor.py:914} INFO - Processing file /home/airflow/.local/lib/python3.12/site-packages/airflow/example_dags/example_skip_dag.py for tasks to queue
[2024-10-28T00:31:04.200+0000] {logging_mixin.py:190} INFO - [2024-10-28T00:31:04.199+0000] {dagbag.py:588} INFO - Filling up the DagBag from /home/airflow/.local/lib/python3.12/site-packages/airflow/example_dags/example_skip_dag.py
[2024-10-28T00:31:04.208+0000] {processor.py:925} INFO - DAG(s) 'example_skip_dag' retrieved from /home/airflow/.local/lib/python3.12/site-packages/airflow/example_dags/example_skip_dag.py
[2024-10-28T00:31:04.228+0000] {logging_mixin.py:190} INFO - [2024-10-28T00:31:04.228+0000] {dag.py:3239} INFO - Sync 1 DAGs
[2024-10-28T00:31:04.250+0000] {logging_mixin.py:190} INFO - [2024-10-28T00:31:04.249+0000] {dag.py:4180} INFO - Setting next_dagrun for example_skip_dag to 2024-10-27 00:00:00+00:00, run_after=2024-10-28 00:00:00+00:00
[2024-10-28T00:31:04.266+0000] {processor.py:208} INFO - Processing /home/airflow/.local/lib/python3.12/site-packages/airflow/example_dags/example_skip_dag.py took 0.075 seconds
[2024-10-28T00:31:35.218+0000] {processor.py:186} INFO - Started process (PID=49723) to work on /home/airflow/.local/lib/python3.12/site-packages/airflow/example_dags/example_skip_dag.py
[2024-10-28T00:31:35.219+0000] {processor.py:914} INFO - Processing file /home/airflow/.local/lib/python3.12/site-packages/airflow/example_dags/example_skip_dag.py for tasks to queue
[2024-10-28T00:31:35.221+0000] {logging_mixin.py:190} INFO - [2024-10-28T00:31:35.220+0000] {dagbag.py:588} INFO - Filling up the DagBag from /home/airflow/.local/lib/python3.12/site-packages/airflow/example_dags/example_skip_dag.py
[2024-10-28T00:31:35.229+0000] {processor.py:925} INFO - DAG(s) 'example_skip_dag' retrieved from /home/airflow/.local/lib/python3.12/site-packages/airflow/example_dags/example_skip_dag.py
[2024-10-28T00:31:35.250+0000] {logging_mixin.py:190} INFO - [2024-10-28T00:31:35.250+0000] {dag.py:3239} INFO - Sync 1 DAGs
[2024-10-28T00:31:35.275+0000] {logging_mixin.py:190} INFO - [2024-10-28T00:31:35.275+0000] {dag.py:4180} INFO - Setting next_dagrun for example_skip_dag to 2024-10-27 00:00:00+00:00, run_after=2024-10-28 00:00:00+00:00
[2024-10-28T00:31:35.295+0000] {processor.py:208} INFO - Processing /home/airflow/.local/lib/python3.12/site-packages/airflow/example_dags/example_skip_dag.py took 0.082 seconds
[2024-10-28T00:32:05.522+0000] {processor.py:186} INFO - Started process (PID=49785) to work on /home/airflow/.local/lib/python3.12/site-packages/airflow/example_dags/example_skip_dag.py
[2024-10-28T00:32:05.523+0000] {processor.py:914} INFO - Processing file /home/airflow/.local/lib/python3.12/site-packages/airflow/example_dags/example_skip_dag.py for tasks to queue
[2024-10-28T00:32:05.524+0000] {logging_mixin.py:190} INFO - [2024-10-28T00:32:05.524+0000] {dagbag.py:588} INFO - Filling up the DagBag from /home/airflow/.local/lib/python3.12/site-packages/airflow/example_dags/example_skip_dag.py
[2024-10-28T00:32:05.531+0000] {processor.py:925} INFO - DAG(s) 'example_skip_dag' retrieved from /home/airflow/.local/lib/python3.12/site-packages/airflow/example_dags/example_skip_dag.py
[2024-10-28T00:32:05.551+0000] {logging_mixin.py:190} INFO - [2024-10-28T00:32:05.551+0000] {dag.py:3239} INFO - Sync 1 DAGs
[2024-10-28T00:32:05.572+0000] {logging_mixin.py:190} INFO - [2024-10-28T00:32:05.572+0000] {dag.py:4180} INFO - Setting next_dagrun for example_skip_dag to 2024-10-27 00:00:00+00:00, run_after=2024-10-28 00:00:00+00:00
[2024-10-28T00:32:05.591+0000] {processor.py:208} INFO - Processing /home/airflow/.local/lib/python3.12/site-packages/airflow/example_dags/example_skip_dag.py took 0.074 seconds
[2024-10-28T00:32:35.771+0000] {processor.py:186} INFO - Started process (PID=49859) to work on /home/airflow/.local/lib/python3.12/site-packages/airflow/example_dags/example_skip_dag.py
[2024-10-28T00:32:35.772+0000] {processor.py:914} INFO - Processing file /home/airflow/.local/lib/python3.12/site-packages/airflow/example_dags/example_skip_dag.py for tasks to queue
[2024-10-28T00:32:35.774+0000] {logging_mixin.py:190} INFO - [2024-10-28T00:32:35.773+0000] {dagbag.py:588} INFO - Filling up the DagBag from /home/airflow/.local/lib/python3.12/site-packages/airflow/example_dags/example_skip_dag.py
[2024-10-28T00:32:35.782+0000] {processor.py:925} INFO - DAG(s) 'example_skip_dag' retrieved from /home/airflow/.local/lib/python3.12/site-packages/airflow/example_dags/example_skip_dag.py
[2024-10-28T00:32:35.803+0000] {logging_mixin.py:190} INFO - [2024-10-28T00:32:35.803+0000] {dag.py:3239} INFO - Sync 1 DAGs
[2024-10-28T00:32:35.825+0000] {logging_mixin.py:190} INFO - [2024-10-28T00:32:35.825+0000] {dag.py:4180} INFO - Setting next_dagrun for example_skip_dag to 2024-10-27 00:00:00+00:00, run_after=2024-10-28 00:00:00+00:00
[2024-10-28T00:32:35.846+0000] {processor.py:208} INFO - Processing /home/airflow/.local/lib/python3.12/site-packages/airflow/example_dags/example_skip_dag.py took 0.080 seconds
[2024-10-28T00:33:06.552+0000] {processor.py:186} INFO - Started process (PID=49933) to work on /home/airflow/.local/lib/python3.12/site-packages/airflow/example_dags/example_skip_dag.py
[2024-10-28T00:33:06.553+0000] {processor.py:914} INFO - Processing file /home/airflow/.local/lib/python3.12/site-packages/airflow/example_dags/example_skip_dag.py for tasks to queue
[2024-10-28T00:33:06.554+0000] {logging_mixin.py:190} INFO - [2024-10-28T00:33:06.554+0000] {dagbag.py:588} INFO - Filling up the DagBag from /home/airflow/.local/lib/python3.12/site-packages/airflow/example_dags/example_skip_dag.py
[2024-10-28T00:33:06.563+0000] {processor.py:925} INFO - DAG(s) 'example_skip_dag' retrieved from /home/airflow/.local/lib/python3.12/site-packages/airflow/example_dags/example_skip_dag.py
[2024-10-28T00:33:06.588+0000] {logging_mixin.py:190} INFO - [2024-10-28T00:33:06.587+0000] {dag.py:3239} INFO - Sync 1 DAGs
[2024-10-28T00:33:06.610+0000] {logging_mixin.py:190} INFO - [2024-10-28T00:33:06.610+0000] {dag.py:4180} INFO - Setting next_dagrun for example_skip_dag to 2024-10-27 00:00:00+00:00, run_after=2024-10-28 00:00:00+00:00
[2024-10-28T00:33:06.628+0000] {processor.py:208} INFO - Processing /home/airflow/.local/lib/python3.12/site-packages/airflow/example_dags/example_skip_dag.py took 0.082 seconds
[2024-10-28T00:33:37.386+0000] {processor.py:186} INFO - Started process (PID=50007) to work on /home/airflow/.local/lib/python3.12/site-packages/airflow/example_dags/example_skip_dag.py
[2024-10-28T00:33:37.387+0000] {processor.py:914} INFO - Processing file /home/airflow/.local/lib/python3.12/site-packages/airflow/example_dags/example_skip_dag.py for tasks to queue
[2024-10-28T00:33:37.388+0000] {logging_mixin.py:190} INFO - [2024-10-28T00:33:37.388+0000] {dagbag.py:588} INFO - Filling up the DagBag from /home/airflow/.local/lib/python3.12/site-packages/airflow/example_dags/example_skip_dag.py
[2024-10-28T00:33:37.396+0000] {processor.py:925} INFO - DAG(s) 'example_skip_dag' retrieved from /home/airflow/.local/lib/python3.12/site-packages/airflow/example_dags/example_skip_dag.py
[2024-10-28T00:33:37.418+0000] {logging_mixin.py:190} INFO - [2024-10-28T00:33:37.418+0000] {dag.py:3239} INFO - Sync 1 DAGs
[2024-10-28T00:33:37.441+0000] {logging_mixin.py:190} INFO - [2024-10-28T00:33:37.440+0000] {dag.py:4180} INFO - Setting next_dagrun for example_skip_dag to 2024-10-27 00:00:00+00:00, run_after=2024-10-28 00:00:00+00:00
[2024-10-28T00:33:37.461+0000] {processor.py:208} INFO - Processing /home/airflow/.local/lib/python3.12/site-packages/airflow/example_dags/example_skip_dag.py took 0.081 seconds
