[2024-10-28T00:00:05.701+0000] {processor.py:186} INFO - Started process (PID=45166) to work on /home/airflow/.local/lib/python3.12/site-packages/airflow/example_dags/example_sensors.py
[2024-10-28T00:00:05.702+0000] {processor.py:914} INFO - Processing file /home/airflow/.local/lib/python3.12/site-packages/airflow/example_dags/example_sensors.py for tasks to queue
[2024-10-28T00:00:05.703+0000] {logging_mixin.py:190} INFO - [2024-10-28T00:00:05.703+0000] {dagbag.py:588} INFO - Filling up the DagBag from /home/airflow/.local/lib/python3.12/site-packages/airflow/example_dags/example_sensors.py
[2024-10-28T00:00:05.720+0000] {processor.py:925} INFO - DAG(s) 'example_sensors' retrieved from /home/airflow/.local/lib/python3.12/site-packages/airflow/example_dags/example_sensors.py
[2024-10-28T00:00:05.748+0000] {logging_mixin.py:190} INFO - [2024-10-28T00:00:05.747+0000] {dag.py:3239} INFO - Sync 1 DAGs
[2024-10-28T00:00:05.764+0000] {logging_mixin.py:190} INFO - [2024-10-28T00:00:05.763+0000] {dag.py:4180} INFO - Setting next_dagrun for example_sensors to None, run_after=None
[2024-10-28T00:00:05.788+0000] {processor.py:208} INFO - Processing /home/airflow/.local/lib/python3.12/site-packages/airflow/example_dags/example_sensors.py took 0.093 seconds
[2024-10-28T00:00:36.376+0000] {processor.py:186} INFO - Started process (PID=45246) to work on /home/airflow/.local/lib/python3.12/site-packages/airflow/example_dags/example_sensors.py
[2024-10-28T00:00:36.377+0000] {processor.py:914} INFO - Processing file /home/airflow/.local/lib/python3.12/site-packages/airflow/example_dags/example_sensors.py for tasks to queue
[2024-10-28T00:00:36.378+0000] {logging_mixin.py:190} INFO - [2024-10-28T00:00:36.378+0000] {dagbag.py:588} INFO - Filling up the DagBag from /home/airflow/.local/lib/python3.12/site-packages/airflow/example_dags/example_sensors.py
[2024-10-28T00:00:36.391+0000] {processor.py:925} INFO - DAG(s) 'example_sensors' retrieved from /home/airflow/.local/lib/python3.12/site-packages/airflow/example_dags/example_sensors.py
[2024-10-28T00:00:36.427+0000] {logging_mixin.py:190} INFO - [2024-10-28T00:00:36.427+0000] {dag.py:3239} INFO - Sync 1 DAGs
[2024-10-28T00:00:36.448+0000] {logging_mixin.py:190} INFO - [2024-10-28T00:00:36.448+0000] {dag.py:4180} INFO - Setting next_dagrun for example_sensors to None, run_after=None
[2024-10-28T00:00:36.473+0000] {processor.py:208} INFO - Processing /home/airflow/.local/lib/python3.12/site-packages/airflow/example_dags/example_sensors.py took 0.104 seconds
[2024-10-28T00:01:06.906+0000] {processor.py:186} INFO - Started process (PID=45320) to work on /home/airflow/.local/lib/python3.12/site-packages/airflow/example_dags/example_sensors.py
[2024-10-28T00:01:06.907+0000] {processor.py:914} INFO - Processing file /home/airflow/.local/lib/python3.12/site-packages/airflow/example_dags/example_sensors.py for tasks to queue
[2024-10-28T00:01:06.908+0000] {logging_mixin.py:190} INFO - [2024-10-28T00:01:06.908+0000] {dagbag.py:588} INFO - Filling up the DagBag from /home/airflow/.local/lib/python3.12/site-packages/airflow/example_dags/example_sensors.py
[2024-10-28T00:01:06.924+0000] {processor.py:925} INFO - DAG(s) 'example_sensors' retrieved from /home/airflow/.local/lib/python3.12/site-packages/airflow/example_dags/example_sensors.py
[2024-10-28T00:01:06.963+0000] {logging_mixin.py:190} INFO - [2024-10-28T00:01:06.963+0000] {dag.py:3239} INFO - Sync 1 DAGs
[2024-10-28T00:01:06.983+0000] {logging_mixin.py:190} INFO - [2024-10-28T00:01:06.983+0000] {dag.py:4180} INFO - Setting next_dagrun for example_sensors to None, run_after=None
[2024-10-28T00:01:07.009+0000] {processor.py:208} INFO - Processing /home/airflow/.local/lib/python3.12/site-packages/airflow/example_dags/example_sensors.py took 0.110 seconds
[2024-10-28T00:01:37.168+0000] {processor.py:186} INFO - Started process (PID=45394) to work on /home/airflow/.local/lib/python3.12/site-packages/airflow/example_dags/example_sensors.py
[2024-10-28T00:01:37.169+0000] {processor.py:914} INFO - Processing file /home/airflow/.local/lib/python3.12/site-packages/airflow/example_dags/example_sensors.py for tasks to queue
[2024-10-28T00:01:37.171+0000] {logging_mixin.py:190} INFO - [2024-10-28T00:01:37.170+0000] {dagbag.py:588} INFO - Filling up the DagBag from /home/airflow/.local/lib/python3.12/site-packages/airflow/example_dags/example_sensors.py
[2024-10-28T00:01:37.183+0000] {processor.py:925} INFO - DAG(s) 'example_sensors' retrieved from /home/airflow/.local/lib/python3.12/site-packages/airflow/example_dags/example_sensors.py
[2024-10-28T00:01:37.212+0000] {logging_mixin.py:190} INFO - [2024-10-28T00:01:37.212+0000] {dag.py:3239} INFO - Sync 1 DAGs
[2024-10-28T00:01:37.227+0000] {logging_mixin.py:190} INFO - [2024-10-28T00:01:37.227+0000] {dag.py:4180} INFO - Setting next_dagrun for example_sensors to None, run_after=None
[2024-10-28T00:01:37.248+0000] {processor.py:208} INFO - Processing /home/airflow/.local/lib/python3.12/site-packages/airflow/example_dags/example_sensors.py took 0.086 seconds
[2024-10-28T00:02:07.755+0000] {processor.py:186} INFO - Started process (PID=45468) to work on /home/airflow/.local/lib/python3.12/site-packages/airflow/example_dags/example_sensors.py
[2024-10-28T00:02:07.756+0000] {processor.py:914} INFO - Processing file /home/airflow/.local/lib/python3.12/site-packages/airflow/example_dags/example_sensors.py for tasks to queue
[2024-10-28T00:02:07.758+0000] {logging_mixin.py:190} INFO - [2024-10-28T00:02:07.757+0000] {dagbag.py:588} INFO - Filling up the DagBag from /home/airflow/.local/lib/python3.12/site-packages/airflow/example_dags/example_sensors.py
[2024-10-28T00:02:07.769+0000] {processor.py:925} INFO - DAG(s) 'example_sensors' retrieved from /home/airflow/.local/lib/python3.12/site-packages/airflow/example_dags/example_sensors.py
[2024-10-28T00:02:07.795+0000] {logging_mixin.py:190} INFO - [2024-10-28T00:02:07.795+0000] {dag.py:3239} INFO - Sync 1 DAGs
[2024-10-28T00:02:07.809+0000] {logging_mixin.py:190} INFO - [2024-10-28T00:02:07.809+0000] {dag.py:4180} INFO - Setting next_dagrun for example_sensors to None, run_after=None
[2024-10-28T00:02:07.828+0000] {processor.py:208} INFO - Processing /home/airflow/.local/lib/python3.12/site-packages/airflow/example_dags/example_sensors.py took 0.079 seconds
[2024-10-28T00:02:37.971+0000] {processor.py:186} INFO - Started process (PID=45542) to work on /home/airflow/.local/lib/python3.12/site-packages/airflow/example_dags/example_sensors.py
[2024-10-28T00:02:37.972+0000] {processor.py:914} INFO - Processing file /home/airflow/.local/lib/python3.12/site-packages/airflow/example_dags/example_sensors.py for tasks to queue
[2024-10-28T00:02:37.973+0000] {logging_mixin.py:190} INFO - [2024-10-28T00:02:37.973+0000] {dagbag.py:588} INFO - Filling up the DagBag from /home/airflow/.local/lib/python3.12/site-packages/airflow/example_dags/example_sensors.py
[2024-10-28T00:02:37.984+0000] {processor.py:925} INFO - DAG(s) 'example_sensors' retrieved from /home/airflow/.local/lib/python3.12/site-packages/airflow/example_dags/example_sensors.py
[2024-10-28T00:02:38.009+0000] {logging_mixin.py:190} INFO - [2024-10-28T00:02:38.009+0000] {dag.py:3239} INFO - Sync 1 DAGs
[2024-10-28T00:02:38.023+0000] {logging_mixin.py:190} INFO - [2024-10-28T00:02:38.022+0000] {dag.py:4180} INFO - Setting next_dagrun for example_sensors to None, run_after=None
[2024-10-28T00:02:38.041+0000] {processor.py:208} INFO - Processing /home/airflow/.local/lib/python3.12/site-packages/airflow/example_dags/example_sensors.py took 0.076 seconds
[2024-10-28T00:03:08.466+0000] {processor.py:186} INFO - Started process (PID=45616) to work on /home/airflow/.local/lib/python3.12/site-packages/airflow/example_dags/example_sensors.py
[2024-10-28T00:03:08.467+0000] {processor.py:914} INFO - Processing file /home/airflow/.local/lib/python3.12/site-packages/airflow/example_dags/example_sensors.py for tasks to queue
[2024-10-28T00:03:08.469+0000] {logging_mixin.py:190} INFO - [2024-10-28T00:03:08.468+0000] {dagbag.py:588} INFO - Filling up the DagBag from /home/airflow/.local/lib/python3.12/site-packages/airflow/example_dags/example_sensors.py
[2024-10-28T00:03:08.479+0000] {processor.py:925} INFO - DAG(s) 'example_sensors' retrieved from /home/airflow/.local/lib/python3.12/site-packages/airflow/example_dags/example_sensors.py
[2024-10-28T00:03:08.506+0000] {logging_mixin.py:190} INFO - [2024-10-28T00:03:08.506+0000] {dag.py:3239} INFO - Sync 1 DAGs
[2024-10-28T00:03:08.520+0000] {logging_mixin.py:190} INFO - [2024-10-28T00:03:08.519+0000] {dag.py:4180} INFO - Setting next_dagrun for example_sensors to None, run_after=None
[2024-10-28T00:03:08.538+0000] {processor.py:208} INFO - Processing /home/airflow/.local/lib/python3.12/site-packages/airflow/example_dags/example_sensors.py took 0.078 seconds
[2024-10-28T00:03:38.786+0000] {processor.py:186} INFO - Started process (PID=45691) to work on /home/airflow/.local/lib/python3.12/site-packages/airflow/example_dags/example_sensors.py
[2024-10-28T00:03:38.787+0000] {processor.py:914} INFO - Processing file /home/airflow/.local/lib/python3.12/site-packages/airflow/example_dags/example_sensors.py for tasks to queue
[2024-10-28T00:03:38.789+0000] {logging_mixin.py:190} INFO - [2024-10-28T00:03:38.788+0000] {dagbag.py:588} INFO - Filling up the DagBag from /home/airflow/.local/lib/python3.12/site-packages/airflow/example_dags/example_sensors.py
[2024-10-28T00:03:38.801+0000] {processor.py:925} INFO - DAG(s) 'example_sensors' retrieved from /home/airflow/.local/lib/python3.12/site-packages/airflow/example_dags/example_sensors.py
[2024-10-28T00:03:38.826+0000] {logging_mixin.py:190} INFO - [2024-10-28T00:03:38.826+0000] {dag.py:3239} INFO - Sync 1 DAGs
[2024-10-28T00:03:38.840+0000] {logging_mixin.py:190} INFO - [2024-10-28T00:03:38.839+0000] {dag.py:4180} INFO - Setting next_dagrun for example_sensors to None, run_after=None
[2024-10-28T00:03:38.869+0000] {processor.py:208} INFO - Processing /home/airflow/.local/lib/python3.12/site-packages/airflow/example_dags/example_sensors.py took 0.088 seconds
[2024-10-28T00:04:09.473+0000] {processor.py:186} INFO - Started process (PID=45764) to work on /home/airflow/.local/lib/python3.12/site-packages/airflow/example_dags/example_sensors.py
[2024-10-28T00:04:09.474+0000] {processor.py:914} INFO - Processing file /home/airflow/.local/lib/python3.12/site-packages/airflow/example_dags/example_sensors.py for tasks to queue
[2024-10-28T00:04:09.476+0000] {logging_mixin.py:190} INFO - [2024-10-28T00:04:09.476+0000] {dagbag.py:588} INFO - Filling up the DagBag from /home/airflow/.local/lib/python3.12/site-packages/airflow/example_dags/example_sensors.py
[2024-10-28T00:04:09.488+0000] {processor.py:925} INFO - DAG(s) 'example_sensors' retrieved from /home/airflow/.local/lib/python3.12/site-packages/airflow/example_dags/example_sensors.py
[2024-10-28T00:04:09.515+0000] {logging_mixin.py:190} INFO - [2024-10-28T00:04:09.515+0000] {dag.py:3239} INFO - Sync 1 DAGs
[2024-10-28T00:04:09.530+0000] {logging_mixin.py:190} INFO - [2024-10-28T00:04:09.530+0000] {dag.py:4180} INFO - Setting next_dagrun for example_sensors to None, run_after=None
[2024-10-28T00:04:09.551+0000] {processor.py:208} INFO - Processing /home/airflow/.local/lib/python3.12/site-packages/airflow/example_dags/example_sensors.py took 0.083 seconds
[2024-10-28T00:04:39.816+0000] {processor.py:186} INFO - Started process (PID=45838) to work on /home/airflow/.local/lib/python3.12/site-packages/airflow/example_dags/example_sensors.py
[2024-10-28T00:04:39.817+0000] {processor.py:914} INFO - Processing file /home/airflow/.local/lib/python3.12/site-packages/airflow/example_dags/example_sensors.py for tasks to queue
[2024-10-28T00:04:39.818+0000] {logging_mixin.py:190} INFO - [2024-10-28T00:04:39.818+0000] {dagbag.py:588} INFO - Filling up the DagBag from /home/airflow/.local/lib/python3.12/site-packages/airflow/example_dags/example_sensors.py
[2024-10-28T00:04:39.829+0000] {processor.py:925} INFO - DAG(s) 'example_sensors' retrieved from /home/airflow/.local/lib/python3.12/site-packages/airflow/example_dags/example_sensors.py
[2024-10-28T00:04:39.854+0000] {logging_mixin.py:190} INFO - [2024-10-28T00:04:39.853+0000] {dag.py:3239} INFO - Sync 1 DAGs
[2024-10-28T00:04:39.868+0000] {logging_mixin.py:190} INFO - [2024-10-28T00:04:39.867+0000] {dag.py:4180} INFO - Setting next_dagrun for example_sensors to None, run_after=None
[2024-10-28T00:04:39.887+0000] {processor.py:208} INFO - Processing /home/airflow/.local/lib/python3.12/site-packages/airflow/example_dags/example_sensors.py took 0.076 seconds
[2024-10-28T00:05:10.402+0000] {processor.py:186} INFO - Started process (PID=45912) to work on /home/airflow/.local/lib/python3.12/site-packages/airflow/example_dags/example_sensors.py
[2024-10-28T00:05:10.404+0000] {processor.py:914} INFO - Processing file /home/airflow/.local/lib/python3.12/site-packages/airflow/example_dags/example_sensors.py for tasks to queue
[2024-10-28T00:05:10.405+0000] {logging_mixin.py:190} INFO - [2024-10-28T00:05:10.405+0000] {dagbag.py:588} INFO - Filling up the DagBag from /home/airflow/.local/lib/python3.12/site-packages/airflow/example_dags/example_sensors.py
[2024-10-28T00:05:10.419+0000] {processor.py:925} INFO - DAG(s) 'example_sensors' retrieved from /home/airflow/.local/lib/python3.12/site-packages/airflow/example_dags/example_sensors.py
[2024-10-28T00:05:10.449+0000] {logging_mixin.py:190} INFO - [2024-10-28T00:05:10.448+0000] {dag.py:3239} INFO - Sync 1 DAGs
[2024-10-28T00:05:10.464+0000] {logging_mixin.py:190} INFO - [2024-10-28T00:05:10.464+0000] {dag.py:4180} INFO - Setting next_dagrun for example_sensors to None, run_after=None
[2024-10-28T00:05:10.491+0000] {processor.py:208} INFO - Processing /home/airflow/.local/lib/python3.12/site-packages/airflow/example_dags/example_sensors.py took 0.096 seconds
[2024-10-28T00:05:40.841+0000] {processor.py:186} INFO - Started process (PID=45986) to work on /home/airflow/.local/lib/python3.12/site-packages/airflow/example_dags/example_sensors.py
[2024-10-28T00:05:40.842+0000] {processor.py:914} INFO - Processing file /home/airflow/.local/lib/python3.12/site-packages/airflow/example_dags/example_sensors.py for tasks to queue
[2024-10-28T00:05:40.843+0000] {logging_mixin.py:190} INFO - [2024-10-28T00:05:40.843+0000] {dagbag.py:588} INFO - Filling up the DagBag from /home/airflow/.local/lib/python3.12/site-packages/airflow/example_dags/example_sensors.py
[2024-10-28T00:05:40.855+0000] {processor.py:925} INFO - DAG(s) 'example_sensors' retrieved from /home/airflow/.local/lib/python3.12/site-packages/airflow/example_dags/example_sensors.py
[2024-10-28T00:05:40.890+0000] {logging_mixin.py:190} INFO - [2024-10-28T00:05:40.889+0000] {dag.py:3239} INFO - Sync 1 DAGs
[2024-10-28T00:05:40.910+0000] {logging_mixin.py:190} INFO - [2024-10-28T00:05:40.910+0000] {dag.py:4180} INFO - Setting next_dagrun for example_sensors to None, run_after=None
[2024-10-28T00:05:40.935+0000] {processor.py:208} INFO - Processing /home/airflow/.local/lib/python3.12/site-packages/airflow/example_dags/example_sensors.py took 0.100 seconds
[2024-10-28T00:06:11.213+0000] {processor.py:186} INFO - Started process (PID=46060) to work on /home/airflow/.local/lib/python3.12/site-packages/airflow/example_dags/example_sensors.py
[2024-10-28T00:06:11.214+0000] {processor.py:914} INFO - Processing file /home/airflow/.local/lib/python3.12/site-packages/airflow/example_dags/example_sensors.py for tasks to queue
[2024-10-28T00:06:11.215+0000] {logging_mixin.py:190} INFO - [2024-10-28T00:06:11.215+0000] {dagbag.py:588} INFO - Filling up the DagBag from /home/airflow/.local/lib/python3.12/site-packages/airflow/example_dags/example_sensors.py
[2024-10-28T00:06:11.229+0000] {processor.py:925} INFO - DAG(s) 'example_sensors' retrieved from /home/airflow/.local/lib/python3.12/site-packages/airflow/example_dags/example_sensors.py
[2024-10-28T00:06:11.262+0000] {logging_mixin.py:190} INFO - [2024-10-28T00:06:11.261+0000] {dag.py:3239} INFO - Sync 1 DAGs
[2024-10-28T00:06:11.277+0000] {logging_mixin.py:190} INFO - [2024-10-28T00:06:11.276+0000] {dag.py:4180} INFO - Setting next_dagrun for example_sensors to None, run_after=None
[2024-10-28T00:06:11.300+0000] {processor.py:208} INFO - Processing /home/airflow/.local/lib/python3.12/site-packages/airflow/example_dags/example_sensors.py took 0.094 seconds
[2024-10-28T00:06:41.514+0000] {processor.py:186} INFO - Started process (PID=46134) to work on /home/airflow/.local/lib/python3.12/site-packages/airflow/example_dags/example_sensors.py
[2024-10-28T00:06:41.515+0000] {processor.py:914} INFO - Processing file /home/airflow/.local/lib/python3.12/site-packages/airflow/example_dags/example_sensors.py for tasks to queue
[2024-10-28T00:06:41.517+0000] {logging_mixin.py:190} INFO - [2024-10-28T00:06:41.516+0000] {dagbag.py:588} INFO - Filling up the DagBag from /home/airflow/.local/lib/python3.12/site-packages/airflow/example_dags/example_sensors.py
[2024-10-28T00:06:41.529+0000] {processor.py:925} INFO - DAG(s) 'example_sensors' retrieved from /home/airflow/.local/lib/python3.12/site-packages/airflow/example_dags/example_sensors.py
[2024-10-28T00:06:41.560+0000] {logging_mixin.py:190} INFO - [2024-10-28T00:06:41.560+0000] {dag.py:3239} INFO - Sync 1 DAGs
[2024-10-28T00:06:41.574+0000] {logging_mixin.py:190} INFO - [2024-10-28T00:06:41.574+0000] {dag.py:4180} INFO - Setting next_dagrun for example_sensors to None, run_after=None
[2024-10-28T00:06:41.593+0000] {processor.py:208} INFO - Processing /home/airflow/.local/lib/python3.12/site-packages/airflow/example_dags/example_sensors.py took 0.085 seconds
[2024-10-28T00:07:11.694+0000] {processor.py:186} INFO - Started process (PID=46208) to work on /home/airflow/.local/lib/python3.12/site-packages/airflow/example_dags/example_sensors.py
[2024-10-28T00:07:11.695+0000] {processor.py:914} INFO - Processing file /home/airflow/.local/lib/python3.12/site-packages/airflow/example_dags/example_sensors.py for tasks to queue
[2024-10-28T00:07:11.697+0000] {logging_mixin.py:190} INFO - [2024-10-28T00:07:11.696+0000] {dagbag.py:588} INFO - Filling up the DagBag from /home/airflow/.local/lib/python3.12/site-packages/airflow/example_dags/example_sensors.py
[2024-10-28T00:07:11.708+0000] {processor.py:925} INFO - DAG(s) 'example_sensors' retrieved from /home/airflow/.local/lib/python3.12/site-packages/airflow/example_dags/example_sensors.py
[2024-10-28T00:07:11.735+0000] {logging_mixin.py:190} INFO - [2024-10-28T00:07:11.735+0000] {dag.py:3239} INFO - Sync 1 DAGs
[2024-10-28T00:07:11.751+0000] {logging_mixin.py:190} INFO - [2024-10-28T00:07:11.750+0000] {dag.py:4180} INFO - Setting next_dagrun for example_sensors to None, run_after=None
[2024-10-28T00:07:11.771+0000] {processor.py:208} INFO - Processing /home/airflow/.local/lib/python3.12/site-packages/airflow/example_dags/example_sensors.py took 0.082 seconds
[2024-10-28T00:07:42.466+0000] {processor.py:186} INFO - Started process (PID=46283) to work on /home/airflow/.local/lib/python3.12/site-packages/airflow/example_dags/example_sensors.py
[2024-10-28T00:07:42.467+0000] {processor.py:914} INFO - Processing file /home/airflow/.local/lib/python3.12/site-packages/airflow/example_dags/example_sensors.py for tasks to queue
[2024-10-28T00:07:42.468+0000] {logging_mixin.py:190} INFO - [2024-10-28T00:07:42.468+0000] {dagbag.py:588} INFO - Filling up the DagBag from /home/airflow/.local/lib/python3.12/site-packages/airflow/example_dags/example_sensors.py
[2024-10-28T00:07:42.480+0000] {processor.py:925} INFO - DAG(s) 'example_sensors' retrieved from /home/airflow/.local/lib/python3.12/site-packages/airflow/example_dags/example_sensors.py
[2024-10-28T00:07:42.508+0000] {logging_mixin.py:190} INFO - [2024-10-28T00:07:42.507+0000] {dag.py:3239} INFO - Sync 1 DAGs
[2024-10-28T00:07:42.523+0000] {logging_mixin.py:190} INFO - [2024-10-28T00:07:42.522+0000] {dag.py:4180} INFO - Setting next_dagrun for example_sensors to None, run_after=None
[2024-10-28T00:07:42.543+0000] {processor.py:208} INFO - Processing /home/airflow/.local/lib/python3.12/site-packages/airflow/example_dags/example_sensors.py took 0.083 seconds
[2024-10-28T00:08:12.939+0000] {processor.py:186} INFO - Started process (PID=46357) to work on /home/airflow/.local/lib/python3.12/site-packages/airflow/example_dags/example_sensors.py
[2024-10-28T00:08:12.940+0000] {processor.py:914} INFO - Processing file /home/airflow/.local/lib/python3.12/site-packages/airflow/example_dags/example_sensors.py for tasks to queue
[2024-10-28T00:08:12.942+0000] {logging_mixin.py:190} INFO - [2024-10-28T00:08:12.941+0000] {dagbag.py:588} INFO - Filling up the DagBag from /home/airflow/.local/lib/python3.12/site-packages/airflow/example_dags/example_sensors.py
[2024-10-28T00:08:12.955+0000] {processor.py:925} INFO - DAG(s) 'example_sensors' retrieved from /home/airflow/.local/lib/python3.12/site-packages/airflow/example_dags/example_sensors.py
[2024-10-28T00:08:12.988+0000] {logging_mixin.py:190} INFO - [2024-10-28T00:08:12.988+0000] {dag.py:3239} INFO - Sync 1 DAGs
[2024-10-28T00:08:13.005+0000] {logging_mixin.py:190} INFO - [2024-10-28T00:08:13.005+0000] {dag.py:4180} INFO - Setting next_dagrun for example_sensors to None, run_after=None
[2024-10-28T00:08:13.037+0000] {processor.py:208} INFO - Processing /home/airflow/.local/lib/python3.12/site-packages/airflow/example_dags/example_sensors.py took 0.104 seconds
[2024-10-28T00:08:43.109+0000] {processor.py:186} INFO - Started process (PID=46419) to work on /home/airflow/.local/lib/python3.12/site-packages/airflow/example_dags/example_sensors.py
[2024-10-28T00:08:43.110+0000] {processor.py:914} INFO - Processing file /home/airflow/.local/lib/python3.12/site-packages/airflow/example_dags/example_sensors.py for tasks to queue
[2024-10-28T00:08:43.111+0000] {logging_mixin.py:190} INFO - [2024-10-28T00:08:43.111+0000] {dagbag.py:588} INFO - Filling up the DagBag from /home/airflow/.local/lib/python3.12/site-packages/airflow/example_dags/example_sensors.py
[2024-10-28T00:08:43.123+0000] {processor.py:925} INFO - DAG(s) 'example_sensors' retrieved from /home/airflow/.local/lib/python3.12/site-packages/airflow/example_dags/example_sensors.py
[2024-10-28T00:08:43.151+0000] {logging_mixin.py:190} INFO - [2024-10-28T00:08:43.151+0000] {dag.py:3239} INFO - Sync 1 DAGs
[2024-10-28T00:08:43.168+0000] {logging_mixin.py:190} INFO - [2024-10-28T00:08:43.167+0000] {dag.py:4180} INFO - Setting next_dagrun for example_sensors to None, run_after=None
[2024-10-28T00:08:43.191+0000] {processor.py:208} INFO - Processing /home/airflow/.local/lib/python3.12/site-packages/airflow/example_dags/example_sensors.py took 0.091 seconds
[2024-10-28T00:09:14.236+0000] {processor.py:186} INFO - Started process (PID=46493) to work on /home/airflow/.local/lib/python3.12/site-packages/airflow/example_dags/example_sensors.py
[2024-10-28T00:09:14.237+0000] {processor.py:914} INFO - Processing file /home/airflow/.local/lib/python3.12/site-packages/airflow/example_dags/example_sensors.py for tasks to queue
[2024-10-28T00:09:14.239+0000] {logging_mixin.py:190} INFO - [2024-10-28T00:09:14.239+0000] {dagbag.py:588} INFO - Filling up the DagBag from /home/airflow/.local/lib/python3.12/site-packages/airflow/example_dags/example_sensors.py
[2024-10-28T00:09:14.254+0000] {processor.py:925} INFO - DAG(s) 'example_sensors' retrieved from /home/airflow/.local/lib/python3.12/site-packages/airflow/example_dags/example_sensors.py
[2024-10-28T00:09:14.280+0000] {logging_mixin.py:190} INFO - [2024-10-28T00:09:14.280+0000] {dag.py:3239} INFO - Sync 1 DAGs
[2024-10-28T00:09:14.294+0000] {logging_mixin.py:190} INFO - [2024-10-28T00:09:14.294+0000] {dag.py:4180} INFO - Setting next_dagrun for example_sensors to None, run_after=None
[2024-10-28T00:09:14.321+0000] {processor.py:208} INFO - Processing /home/airflow/.local/lib/python3.12/site-packages/airflow/example_dags/example_sensors.py took 0.093 seconds
[2024-10-28T00:09:44.833+0000] {processor.py:186} INFO - Started process (PID=46567) to work on /home/airflow/.local/lib/python3.12/site-packages/airflow/example_dags/example_sensors.py
[2024-10-28T00:09:44.834+0000] {processor.py:914} INFO - Processing file /home/airflow/.local/lib/python3.12/site-packages/airflow/example_dags/example_sensors.py for tasks to queue
[2024-10-28T00:09:44.835+0000] {logging_mixin.py:190} INFO - [2024-10-28T00:09:44.835+0000] {dagbag.py:588} INFO - Filling up the DagBag from /home/airflow/.local/lib/python3.12/site-packages/airflow/example_dags/example_sensors.py
[2024-10-28T00:09:44.847+0000] {processor.py:925} INFO - DAG(s) 'example_sensors' retrieved from /home/airflow/.local/lib/python3.12/site-packages/airflow/example_dags/example_sensors.py
[2024-10-28T00:09:44.874+0000] {logging_mixin.py:190} INFO - [2024-10-28T00:09:44.873+0000] {dag.py:3239} INFO - Sync 1 DAGs
[2024-10-28T00:09:44.887+0000] {logging_mixin.py:190} INFO - [2024-10-28T00:09:44.887+0000] {dag.py:4180} INFO - Setting next_dagrun for example_sensors to None, run_after=None
[2024-10-28T00:09:44.907+0000] {processor.py:208} INFO - Processing /home/airflow/.local/lib/python3.12/site-packages/airflow/example_dags/example_sensors.py took 0.081 seconds
[2024-10-28T00:10:15.076+0000] {processor.py:186} INFO - Started process (PID=46641) to work on /home/airflow/.local/lib/python3.12/site-packages/airflow/example_dags/example_sensors.py
[2024-10-28T00:10:15.077+0000] {processor.py:914} INFO - Processing file /home/airflow/.local/lib/python3.12/site-packages/airflow/example_dags/example_sensors.py for tasks to queue
[2024-10-28T00:10:15.079+0000] {logging_mixin.py:190} INFO - [2024-10-28T00:10:15.079+0000] {dagbag.py:588} INFO - Filling up the DagBag from /home/airflow/.local/lib/python3.12/site-packages/airflow/example_dags/example_sensors.py
[2024-10-28T00:10:15.092+0000] {processor.py:925} INFO - DAG(s) 'example_sensors' retrieved from /home/airflow/.local/lib/python3.12/site-packages/airflow/example_dags/example_sensors.py
[2024-10-28T00:10:15.126+0000] {logging_mixin.py:190} INFO - [2024-10-28T00:10:15.126+0000] {dag.py:3239} INFO - Sync 1 DAGs
[2024-10-28T00:10:15.144+0000] {logging_mixin.py:190} INFO - [2024-10-28T00:10:15.144+0000] {dag.py:4180} INFO - Setting next_dagrun for example_sensors to None, run_after=None
[2024-10-28T00:10:15.163+0000] {processor.py:208} INFO - Processing /home/airflow/.local/lib/python3.12/site-packages/airflow/example_dags/example_sensors.py took 0.094 seconds
[2024-10-28T00:10:45.281+0000] {processor.py:186} INFO - Started process (PID=46715) to work on /home/airflow/.local/lib/python3.12/site-packages/airflow/example_dags/example_sensors.py
[2024-10-28T00:10:45.282+0000] {processor.py:914} INFO - Processing file /home/airflow/.local/lib/python3.12/site-packages/airflow/example_dags/example_sensors.py for tasks to queue
[2024-10-28T00:10:45.284+0000] {logging_mixin.py:190} INFO - [2024-10-28T00:10:45.284+0000] {dagbag.py:588} INFO - Filling up the DagBag from /home/airflow/.local/lib/python3.12/site-packages/airflow/example_dags/example_sensors.py
[2024-10-28T00:10:45.299+0000] {processor.py:925} INFO - DAG(s) 'example_sensors' retrieved from /home/airflow/.local/lib/python3.12/site-packages/airflow/example_dags/example_sensors.py
[2024-10-28T00:10:45.329+0000] {logging_mixin.py:190} INFO - [2024-10-28T00:10:45.329+0000] {dag.py:3239} INFO - Sync 1 DAGs
[2024-10-28T00:10:45.345+0000] {logging_mixin.py:190} INFO - [2024-10-28T00:10:45.345+0000] {dag.py:4180} INFO - Setting next_dagrun for example_sensors to None, run_after=None
[2024-10-28T00:10:45.365+0000] {processor.py:208} INFO - Processing /home/airflow/.local/lib/python3.12/site-packages/airflow/example_dags/example_sensors.py took 0.089 seconds
[2024-10-28T00:11:16.146+0000] {processor.py:186} INFO - Started process (PID=46789) to work on /home/airflow/.local/lib/python3.12/site-packages/airflow/example_dags/example_sensors.py
[2024-10-28T00:11:16.147+0000] {processor.py:914} INFO - Processing file /home/airflow/.local/lib/python3.12/site-packages/airflow/example_dags/example_sensors.py for tasks to queue
[2024-10-28T00:11:16.149+0000] {logging_mixin.py:190} INFO - [2024-10-28T00:11:16.148+0000] {dagbag.py:588} INFO - Filling up the DagBag from /home/airflow/.local/lib/python3.12/site-packages/airflow/example_dags/example_sensors.py
[2024-10-28T00:11:16.161+0000] {processor.py:925} INFO - DAG(s) 'example_sensors' retrieved from /home/airflow/.local/lib/python3.12/site-packages/airflow/example_dags/example_sensors.py
[2024-10-28T00:11:16.186+0000] {logging_mixin.py:190} INFO - [2024-10-28T00:11:16.186+0000] {dag.py:3239} INFO - Sync 1 DAGs
[2024-10-28T00:11:16.199+0000] {logging_mixin.py:190} INFO - [2024-10-28T00:11:16.199+0000] {dag.py:4180} INFO - Setting next_dagrun for example_sensors to None, run_after=None
[2024-10-28T00:11:16.223+0000] {processor.py:208} INFO - Processing /home/airflow/.local/lib/python3.12/site-packages/airflow/example_dags/example_sensors.py took 0.082 seconds
[2024-10-28T00:11:46.419+0000] {processor.py:186} INFO - Started process (PID=46863) to work on /home/airflow/.local/lib/python3.12/site-packages/airflow/example_dags/example_sensors.py
[2024-10-28T00:11:46.420+0000] {processor.py:914} INFO - Processing file /home/airflow/.local/lib/python3.12/site-packages/airflow/example_dags/example_sensors.py for tasks to queue
[2024-10-28T00:11:46.421+0000] {logging_mixin.py:190} INFO - [2024-10-28T00:11:46.421+0000] {dagbag.py:588} INFO - Filling up the DagBag from /home/airflow/.local/lib/python3.12/site-packages/airflow/example_dags/example_sensors.py
[2024-10-28T00:11:46.432+0000] {processor.py:925} INFO - DAG(s) 'example_sensors' retrieved from /home/airflow/.local/lib/python3.12/site-packages/airflow/example_dags/example_sensors.py
[2024-10-28T00:11:46.459+0000] {logging_mixin.py:190} INFO - [2024-10-28T00:11:46.459+0000] {dag.py:3239} INFO - Sync 1 DAGs
[2024-10-28T00:11:46.476+0000] {logging_mixin.py:190} INFO - [2024-10-28T00:11:46.475+0000] {dag.py:4180} INFO - Setting next_dagrun for example_sensors to None, run_after=None
[2024-10-28T00:11:46.498+0000] {processor.py:208} INFO - Processing /home/airflow/.local/lib/python3.12/site-packages/airflow/example_dags/example_sensors.py took 0.085 seconds
[2024-10-28T00:12:16.788+0000] {processor.py:186} INFO - Started process (PID=46937) to work on /home/airflow/.local/lib/python3.12/site-packages/airflow/example_dags/example_sensors.py
[2024-10-28T00:12:16.789+0000] {processor.py:914} INFO - Processing file /home/airflow/.local/lib/python3.12/site-packages/airflow/example_dags/example_sensors.py for tasks to queue
[2024-10-28T00:12:16.791+0000] {logging_mixin.py:190} INFO - [2024-10-28T00:12:16.791+0000] {dagbag.py:588} INFO - Filling up the DagBag from /home/airflow/.local/lib/python3.12/site-packages/airflow/example_dags/example_sensors.py
[2024-10-28T00:12:16.801+0000] {processor.py:925} INFO - DAG(s) 'example_sensors' retrieved from /home/airflow/.local/lib/python3.12/site-packages/airflow/example_dags/example_sensors.py
[2024-10-28T00:12:16.827+0000] {logging_mixin.py:190} INFO - [2024-10-28T00:12:16.827+0000] {dag.py:3239} INFO - Sync 1 DAGs
[2024-10-28T00:12:16.842+0000] {logging_mixin.py:190} INFO - [2024-10-28T00:12:16.842+0000] {dag.py:4180} INFO - Setting next_dagrun for example_sensors to None, run_after=None
[2024-10-28T00:12:16.861+0000] {processor.py:208} INFO - Processing /home/airflow/.local/lib/python3.12/site-packages/airflow/example_dags/example_sensors.py took 0.079 seconds
[2024-10-28T00:12:47.229+0000] {processor.py:186} INFO - Started process (PID=47011) to work on /home/airflow/.local/lib/python3.12/site-packages/airflow/example_dags/example_sensors.py
[2024-10-28T00:12:47.231+0000] {processor.py:914} INFO - Processing file /home/airflow/.local/lib/python3.12/site-packages/airflow/example_dags/example_sensors.py for tasks to queue
[2024-10-28T00:12:47.233+0000] {logging_mixin.py:190} INFO - [2024-10-28T00:12:47.233+0000] {dagbag.py:588} INFO - Filling up the DagBag from /home/airflow/.local/lib/python3.12/site-packages/airflow/example_dags/example_sensors.py
[2024-10-28T00:12:47.259+0000] {processor.py:925} INFO - DAG(s) 'example_sensors' retrieved from /home/airflow/.local/lib/python3.12/site-packages/airflow/example_dags/example_sensors.py
[2024-10-28T00:12:47.297+0000] {logging_mixin.py:190} INFO - [2024-10-28T00:12:47.296+0000] {dag.py:3239} INFO - Sync 1 DAGs
[2024-10-28T00:12:47.311+0000] {logging_mixin.py:190} INFO - [2024-10-28T00:12:47.311+0000] {dag.py:4180} INFO - Setting next_dagrun for example_sensors to None, run_after=None
[2024-10-28T00:12:47.330+0000] {processor.py:208} INFO - Processing /home/airflow/.local/lib/python3.12/site-packages/airflow/example_dags/example_sensors.py took 0.106 seconds
[2024-10-28T00:13:17.699+0000] {processor.py:186} INFO - Started process (PID=47085) to work on /home/airflow/.local/lib/python3.12/site-packages/airflow/example_dags/example_sensors.py
[2024-10-28T00:13:17.700+0000] {processor.py:914} INFO - Processing file /home/airflow/.local/lib/python3.12/site-packages/airflow/example_dags/example_sensors.py for tasks to queue
[2024-10-28T00:13:17.702+0000] {logging_mixin.py:190} INFO - [2024-10-28T00:13:17.701+0000] {dagbag.py:588} INFO - Filling up the DagBag from /home/airflow/.local/lib/python3.12/site-packages/airflow/example_dags/example_sensors.py
[2024-10-28T00:13:17.712+0000] {processor.py:925} INFO - DAG(s) 'example_sensors' retrieved from /home/airflow/.local/lib/python3.12/site-packages/airflow/example_dags/example_sensors.py
[2024-10-28T00:13:17.736+0000] {logging_mixin.py:190} INFO - [2024-10-28T00:13:17.736+0000] {dag.py:3239} INFO - Sync 1 DAGs
[2024-10-28T00:13:17.750+0000] {logging_mixin.py:190} INFO - [2024-10-28T00:13:17.750+0000] {dag.py:4180} INFO - Setting next_dagrun for example_sensors to None, run_after=None
[2024-10-28T00:13:17.770+0000] {processor.py:208} INFO - Processing /home/airflow/.local/lib/python3.12/site-packages/airflow/example_dags/example_sensors.py took 0.077 seconds
[2024-10-28T00:13:48.146+0000] {processor.py:186} INFO - Started process (PID=47159) to work on /home/airflow/.local/lib/python3.12/site-packages/airflow/example_dags/example_sensors.py
[2024-10-28T00:13:48.147+0000] {processor.py:914} INFO - Processing file /home/airflow/.local/lib/python3.12/site-packages/airflow/example_dags/example_sensors.py for tasks to queue
[2024-10-28T00:13:48.148+0000] {logging_mixin.py:190} INFO - [2024-10-28T00:13:48.148+0000] {dagbag.py:588} INFO - Filling up the DagBag from /home/airflow/.local/lib/python3.12/site-packages/airflow/example_dags/example_sensors.py
[2024-10-28T00:13:48.161+0000] {processor.py:925} INFO - DAG(s) 'example_sensors' retrieved from /home/airflow/.local/lib/python3.12/site-packages/airflow/example_dags/example_sensors.py
[2024-10-28T00:13:48.191+0000] {logging_mixin.py:190} INFO - [2024-10-28T00:13:48.191+0000] {dag.py:3239} INFO - Sync 1 DAGs
[2024-10-28T00:13:48.207+0000] {logging_mixin.py:190} INFO - [2024-10-28T00:13:48.207+0000] {dag.py:4180} INFO - Setting next_dagrun for example_sensors to None, run_after=None
[2024-10-28T00:13:48.236+0000] {processor.py:208} INFO - Processing /home/airflow/.local/lib/python3.12/site-packages/airflow/example_dags/example_sensors.py took 0.097 seconds
[2024-10-28T00:14:18.379+0000] {processor.py:186} INFO - Started process (PID=47233) to work on /home/airflow/.local/lib/python3.12/site-packages/airflow/example_dags/example_sensors.py
[2024-10-28T00:14:18.380+0000] {processor.py:914} INFO - Processing file /home/airflow/.local/lib/python3.12/site-packages/airflow/example_dags/example_sensors.py for tasks to queue
[2024-10-28T00:14:18.382+0000] {logging_mixin.py:190} INFO - [2024-10-28T00:14:18.381+0000] {dagbag.py:588} INFO - Filling up the DagBag from /home/airflow/.local/lib/python3.12/site-packages/airflow/example_dags/example_sensors.py
[2024-10-28T00:14:18.392+0000] {processor.py:925} INFO - DAG(s) 'example_sensors' retrieved from /home/airflow/.local/lib/python3.12/site-packages/airflow/example_dags/example_sensors.py
[2024-10-28T00:14:18.419+0000] {logging_mixin.py:190} INFO - [2024-10-28T00:14:18.418+0000] {dag.py:3239} INFO - Sync 1 DAGs
[2024-10-28T00:14:18.434+0000] {logging_mixin.py:190} INFO - [2024-10-28T00:14:18.434+0000] {dag.py:4180} INFO - Setting next_dagrun for example_sensors to None, run_after=None
[2024-10-28T00:14:18.452+0000] {processor.py:208} INFO - Processing /home/airflow/.local/lib/python3.12/site-packages/airflow/example_dags/example_sensors.py took 0.078 seconds
[2024-10-28T00:14:48.568+0000] {processor.py:186} INFO - Started process (PID=47307) to work on /home/airflow/.local/lib/python3.12/site-packages/airflow/example_dags/example_sensors.py
[2024-10-28T00:14:48.569+0000] {processor.py:914} INFO - Processing file /home/airflow/.local/lib/python3.12/site-packages/airflow/example_dags/example_sensors.py for tasks to queue
[2024-10-28T00:14:48.571+0000] {logging_mixin.py:190} INFO - [2024-10-28T00:14:48.570+0000] {dagbag.py:588} INFO - Filling up the DagBag from /home/airflow/.local/lib/python3.12/site-packages/airflow/example_dags/example_sensors.py
[2024-10-28T00:14:48.581+0000] {processor.py:925} INFO - DAG(s) 'example_sensors' retrieved from /home/airflow/.local/lib/python3.12/site-packages/airflow/example_dags/example_sensors.py
[2024-10-28T00:14:48.607+0000] {logging_mixin.py:190} INFO - [2024-10-28T00:14:48.607+0000] {dag.py:3239} INFO - Sync 1 DAGs
[2024-10-28T00:14:48.620+0000] {logging_mixin.py:190} INFO - [2024-10-28T00:14:48.620+0000] {dag.py:4180} INFO - Setting next_dagrun for example_sensors to None, run_after=None
[2024-10-28T00:14:48.638+0000] {processor.py:208} INFO - Processing /home/airflow/.local/lib/python3.12/site-packages/airflow/example_dags/example_sensors.py took 0.076 seconds
[2024-10-28T00:15:19.092+0000] {processor.py:186} INFO - Started process (PID=47381) to work on /home/airflow/.local/lib/python3.12/site-packages/airflow/example_dags/example_sensors.py
[2024-10-28T00:15:19.093+0000] {processor.py:914} INFO - Processing file /home/airflow/.local/lib/python3.12/site-packages/airflow/example_dags/example_sensors.py for tasks to queue
[2024-10-28T00:15:19.094+0000] {logging_mixin.py:190} INFO - [2024-10-28T00:15:19.094+0000] {dagbag.py:588} INFO - Filling up the DagBag from /home/airflow/.local/lib/python3.12/site-packages/airflow/example_dags/example_sensors.py
[2024-10-28T00:15:19.104+0000] {processor.py:925} INFO - DAG(s) 'example_sensors' retrieved from /home/airflow/.local/lib/python3.12/site-packages/airflow/example_dags/example_sensors.py
[2024-10-28T00:15:19.128+0000] {logging_mixin.py:190} INFO - [2024-10-28T00:15:19.128+0000] {dag.py:3239} INFO - Sync 1 DAGs
[2024-10-28T00:15:19.141+0000] {logging_mixin.py:190} INFO - [2024-10-28T00:15:19.141+0000] {dag.py:4180} INFO - Setting next_dagrun for example_sensors to None, run_after=None
[2024-10-28T00:15:19.158+0000] {processor.py:208} INFO - Processing /home/airflow/.local/lib/python3.12/site-packages/airflow/example_dags/example_sensors.py took 0.072 seconds
[2024-10-28T00:15:49.455+0000] {processor.py:186} INFO - Started process (PID=47455) to work on /home/airflow/.local/lib/python3.12/site-packages/airflow/example_dags/example_sensors.py
[2024-10-28T00:15:49.456+0000] {processor.py:914} INFO - Processing file /home/airflow/.local/lib/python3.12/site-packages/airflow/example_dags/example_sensors.py for tasks to queue
[2024-10-28T00:15:49.458+0000] {logging_mixin.py:190} INFO - [2024-10-28T00:15:49.458+0000] {dagbag.py:588} INFO - Filling up the DagBag from /home/airflow/.local/lib/python3.12/site-packages/airflow/example_dags/example_sensors.py
[2024-10-28T00:15:49.469+0000] {processor.py:925} INFO - DAG(s) 'example_sensors' retrieved from /home/airflow/.local/lib/python3.12/site-packages/airflow/example_dags/example_sensors.py
[2024-10-28T00:15:49.494+0000] {logging_mixin.py:190} INFO - [2024-10-28T00:15:49.494+0000] {dag.py:3239} INFO - Sync 1 DAGs
[2024-10-28T00:15:49.507+0000] {logging_mixin.py:190} INFO - [2024-10-28T00:15:49.507+0000] {dag.py:4180} INFO - Setting next_dagrun for example_sensors to None, run_after=None
[2024-10-28T00:15:49.526+0000] {processor.py:208} INFO - Processing /home/airflow/.local/lib/python3.12/site-packages/airflow/example_dags/example_sensors.py took 0.076 seconds
[2024-10-28T00:16:20.475+0000] {processor.py:186} INFO - Started process (PID=47529) to work on /home/airflow/.local/lib/python3.12/site-packages/airflow/example_dags/example_sensors.py
[2024-10-28T00:16:20.476+0000] {processor.py:914} INFO - Processing file /home/airflow/.local/lib/python3.12/site-packages/airflow/example_dags/example_sensors.py for tasks to queue
[2024-10-28T00:16:20.478+0000] {logging_mixin.py:190} INFO - [2024-10-28T00:16:20.477+0000] {dagbag.py:588} INFO - Filling up the DagBag from /home/airflow/.local/lib/python3.12/site-packages/airflow/example_dags/example_sensors.py
[2024-10-28T00:16:20.488+0000] {processor.py:925} INFO - DAG(s) 'example_sensors' retrieved from /home/airflow/.local/lib/python3.12/site-packages/airflow/example_dags/example_sensors.py
[2024-10-28T00:16:20.513+0000] {logging_mixin.py:190} INFO - [2024-10-28T00:16:20.513+0000] {dag.py:3239} INFO - Sync 1 DAGs
[2024-10-28T00:16:20.527+0000] {logging_mixin.py:190} INFO - [2024-10-28T00:16:20.527+0000] {dag.py:4180} INFO - Setting next_dagrun for example_sensors to None, run_after=None
[2024-10-28T00:16:20.545+0000] {processor.py:208} INFO - Processing /home/airflow/.local/lib/python3.12/site-packages/airflow/example_dags/example_sensors.py took 0.075 seconds
[2024-10-28T00:16:51.383+0000] {processor.py:186} INFO - Started process (PID=47603) to work on /home/airflow/.local/lib/python3.12/site-packages/airflow/example_dags/example_sensors.py
[2024-10-28T00:16:51.384+0000] {processor.py:914} INFO - Processing file /home/airflow/.local/lib/python3.12/site-packages/airflow/example_dags/example_sensors.py for tasks to queue
[2024-10-28T00:16:51.385+0000] {logging_mixin.py:190} INFO - [2024-10-28T00:16:51.385+0000] {dagbag.py:588} INFO - Filling up the DagBag from /home/airflow/.local/lib/python3.12/site-packages/airflow/example_dags/example_sensors.py
[2024-10-28T00:16:51.396+0000] {processor.py:925} INFO - DAG(s) 'example_sensors' retrieved from /home/airflow/.local/lib/python3.12/site-packages/airflow/example_dags/example_sensors.py
[2024-10-28T00:16:51.420+0000] {logging_mixin.py:190} INFO - [2024-10-28T00:16:51.420+0000] {dag.py:3239} INFO - Sync 1 DAGs
[2024-10-28T00:16:51.433+0000] {logging_mixin.py:190} INFO - [2024-10-28T00:16:51.433+0000] {dag.py:4180} INFO - Setting next_dagrun for example_sensors to None, run_after=None
[2024-10-28T00:16:51.450+0000] {processor.py:208} INFO - Processing /home/airflow/.local/lib/python3.12/site-packages/airflow/example_dags/example_sensors.py took 0.073 seconds
[2024-10-28T00:17:21.922+0000] {processor.py:186} INFO - Started process (PID=47677) to work on /home/airflow/.local/lib/python3.12/site-packages/airflow/example_dags/example_sensors.py
[2024-10-28T00:17:21.924+0000] {processor.py:914} INFO - Processing file /home/airflow/.local/lib/python3.12/site-packages/airflow/example_dags/example_sensors.py for tasks to queue
[2024-10-28T00:17:21.926+0000] {logging_mixin.py:190} INFO - [2024-10-28T00:17:21.925+0000] {dagbag.py:588} INFO - Filling up the DagBag from /home/airflow/.local/lib/python3.12/site-packages/airflow/example_dags/example_sensors.py
[2024-10-28T00:17:21.944+0000] {processor.py:925} INFO - DAG(s) 'example_sensors' retrieved from /home/airflow/.local/lib/python3.12/site-packages/airflow/example_dags/example_sensors.py
[2024-10-28T00:17:21.981+0000] {logging_mixin.py:190} INFO - [2024-10-28T00:17:21.981+0000] {dag.py:3239} INFO - Sync 1 DAGs
[2024-10-28T00:17:22.002+0000] {logging_mixin.py:190} INFO - [2024-10-28T00:17:22.002+0000] {dag.py:4180} INFO - Setting next_dagrun for example_sensors to None, run_after=None
[2024-10-28T00:17:22.028+0000] {processor.py:208} INFO - Processing /home/airflow/.local/lib/python3.12/site-packages/airflow/example_dags/example_sensors.py took 0.114 seconds
[2024-10-28T00:17:52.315+0000] {processor.py:186} INFO - Started process (PID=47751) to work on /home/airflow/.local/lib/python3.12/site-packages/airflow/example_dags/example_sensors.py
[2024-10-28T00:17:52.316+0000] {processor.py:914} INFO - Processing file /home/airflow/.local/lib/python3.12/site-packages/airflow/example_dags/example_sensors.py for tasks to queue
[2024-10-28T00:17:52.317+0000] {logging_mixin.py:190} INFO - [2024-10-28T00:17:52.317+0000] {dagbag.py:588} INFO - Filling up the DagBag from /home/airflow/.local/lib/python3.12/site-packages/airflow/example_dags/example_sensors.py
[2024-10-28T00:17:52.330+0000] {processor.py:925} INFO - DAG(s) 'example_sensors' retrieved from /home/airflow/.local/lib/python3.12/site-packages/airflow/example_dags/example_sensors.py
[2024-10-28T00:17:52.358+0000] {logging_mixin.py:190} INFO - [2024-10-28T00:17:52.357+0000] {dag.py:3239} INFO - Sync 1 DAGs
[2024-10-28T00:17:52.372+0000] {logging_mixin.py:190} INFO - [2024-10-28T00:17:52.372+0000] {dag.py:4180} INFO - Setting next_dagrun for example_sensors to None, run_after=None
[2024-10-28T00:17:52.392+0000] {processor.py:208} INFO - Processing /home/airflow/.local/lib/python3.12/site-packages/airflow/example_dags/example_sensors.py took 0.082 seconds
[2024-10-28T00:18:22.849+0000] {processor.py:186} INFO - Started process (PID=47825) to work on /home/airflow/.local/lib/python3.12/site-packages/airflow/example_dags/example_sensors.py
[2024-10-28T00:18:22.850+0000] {processor.py:914} INFO - Processing file /home/airflow/.local/lib/python3.12/site-packages/airflow/example_dags/example_sensors.py for tasks to queue
[2024-10-28T00:18:22.853+0000] {logging_mixin.py:190} INFO - [2024-10-28T00:18:22.852+0000] {dagbag.py:588} INFO - Filling up the DagBag from /home/airflow/.local/lib/python3.12/site-packages/airflow/example_dags/example_sensors.py
[2024-10-28T00:18:22.871+0000] {processor.py:925} INFO - DAG(s) 'example_sensors' retrieved from /home/airflow/.local/lib/python3.12/site-packages/airflow/example_dags/example_sensors.py
[2024-10-28T00:18:22.917+0000] {logging_mixin.py:190} INFO - [2024-10-28T00:18:22.917+0000] {dag.py:3239} INFO - Sync 1 DAGs
[2024-10-28T00:18:22.944+0000] {logging_mixin.py:190} INFO - [2024-10-28T00:18:22.944+0000] {dag.py:4180} INFO - Setting next_dagrun for example_sensors to None, run_after=None
[2024-10-28T00:18:22.979+0000] {processor.py:208} INFO - Processing /home/airflow/.local/lib/python3.12/site-packages/airflow/example_dags/example_sensors.py took 0.137 seconds
[2024-10-28T00:18:53.089+0000] {processor.py:186} INFO - Started process (PID=47899) to work on /home/airflow/.local/lib/python3.12/site-packages/airflow/example_dags/example_sensors.py
[2024-10-28T00:18:53.091+0000] {processor.py:914} INFO - Processing file /home/airflow/.local/lib/python3.12/site-packages/airflow/example_dags/example_sensors.py for tasks to queue
[2024-10-28T00:18:53.092+0000] {logging_mixin.py:190} INFO - [2024-10-28T00:18:53.092+0000] {dagbag.py:588} INFO - Filling up the DagBag from /home/airflow/.local/lib/python3.12/site-packages/airflow/example_dags/example_sensors.py
[2024-10-28T00:18:53.103+0000] {processor.py:925} INFO - DAG(s) 'example_sensors' retrieved from /home/airflow/.local/lib/python3.12/site-packages/airflow/example_dags/example_sensors.py
[2024-10-28T00:18:53.129+0000] {logging_mixin.py:190} INFO - [2024-10-28T00:18:53.129+0000] {dag.py:3239} INFO - Sync 1 DAGs
[2024-10-28T00:18:53.143+0000] {logging_mixin.py:190} INFO - [2024-10-28T00:18:53.142+0000] {dag.py:4180} INFO - Setting next_dagrun for example_sensors to None, run_after=None
[2024-10-28T00:18:53.161+0000] {processor.py:208} INFO - Processing /home/airflow/.local/lib/python3.12/site-packages/airflow/example_dags/example_sensors.py took 0.078 seconds
[2024-10-28T00:19:23.775+0000] {processor.py:186} INFO - Started process (PID=47973) to work on /home/airflow/.local/lib/python3.12/site-packages/airflow/example_dags/example_sensors.py
[2024-10-28T00:19:23.776+0000] {processor.py:914} INFO - Processing file /home/airflow/.local/lib/python3.12/site-packages/airflow/example_dags/example_sensors.py for tasks to queue
[2024-10-28T00:19:23.781+0000] {logging_mixin.py:190} INFO - [2024-10-28T00:19:23.779+0000] {dagbag.py:588} INFO - Filling up the DagBag from /home/airflow/.local/lib/python3.12/site-packages/airflow/example_dags/example_sensors.py
[2024-10-28T00:19:23.798+0000] {processor.py:925} INFO - DAG(s) 'example_sensors' retrieved from /home/airflow/.local/lib/python3.12/site-packages/airflow/example_dags/example_sensors.py
[2024-10-28T00:19:23.832+0000] {logging_mixin.py:190} INFO - [2024-10-28T00:19:23.831+0000] {dag.py:3239} INFO - Sync 1 DAGs
[2024-10-28T00:19:23.848+0000] {logging_mixin.py:190} INFO - [2024-10-28T00:19:23.847+0000] {dag.py:4180} INFO - Setting next_dagrun for example_sensors to None, run_after=None
[2024-10-28T00:19:23.869+0000] {processor.py:208} INFO - Processing /home/airflow/.local/lib/python3.12/site-packages/airflow/example_dags/example_sensors.py took 0.101 seconds
[2024-10-28T00:19:54.155+0000] {processor.py:186} INFO - Started process (PID=48047) to work on /home/airflow/.local/lib/python3.12/site-packages/airflow/example_dags/example_sensors.py
[2024-10-28T00:19:54.156+0000] {processor.py:914} INFO - Processing file /home/airflow/.local/lib/python3.12/site-packages/airflow/example_dags/example_sensors.py for tasks to queue
[2024-10-28T00:19:54.158+0000] {logging_mixin.py:190} INFO - [2024-10-28T00:19:54.157+0000] {dagbag.py:588} INFO - Filling up the DagBag from /home/airflow/.local/lib/python3.12/site-packages/airflow/example_dags/example_sensors.py
[2024-10-28T00:19:54.173+0000] {processor.py:925} INFO - DAG(s) 'example_sensors' retrieved from /home/airflow/.local/lib/python3.12/site-packages/airflow/example_dags/example_sensors.py
[2024-10-28T00:19:54.222+0000] {logging_mixin.py:190} INFO - [2024-10-28T00:19:54.222+0000] {dag.py:3239} INFO - Sync 1 DAGs
[2024-10-28T00:19:54.259+0000] {logging_mixin.py:190} INFO - [2024-10-28T00:19:54.258+0000] {dag.py:4180} INFO - Setting next_dagrun for example_sensors to None, run_after=None
[2024-10-28T00:19:54.303+0000] {processor.py:208} INFO - Processing /home/airflow/.local/lib/python3.12/site-packages/airflow/example_dags/example_sensors.py took 0.153 seconds
[2024-10-28T00:20:24.677+0000] {processor.py:186} INFO - Started process (PID=48121) to work on /home/airflow/.local/lib/python3.12/site-packages/airflow/example_dags/example_sensors.py
[2024-10-28T00:20:24.678+0000] {processor.py:914} INFO - Processing file /home/airflow/.local/lib/python3.12/site-packages/airflow/example_dags/example_sensors.py for tasks to queue
[2024-10-28T00:20:24.679+0000] {logging_mixin.py:190} INFO - [2024-10-28T00:20:24.679+0000] {dagbag.py:588} INFO - Filling up the DagBag from /home/airflow/.local/lib/python3.12/site-packages/airflow/example_dags/example_sensors.py
[2024-10-28T00:20:24.692+0000] {processor.py:925} INFO - DAG(s) 'example_sensors' retrieved from /home/airflow/.local/lib/python3.12/site-packages/airflow/example_dags/example_sensors.py
[2024-10-28T00:20:24.721+0000] {logging_mixin.py:190} INFO - [2024-10-28T00:20:24.720+0000] {dag.py:3239} INFO - Sync 1 DAGs
[2024-10-28T00:20:24.736+0000] {logging_mixin.py:190} INFO - [2024-10-28T00:20:24.735+0000] {dag.py:4180} INFO - Setting next_dagrun for example_sensors to None, run_after=None
[2024-10-28T00:20:24.755+0000] {processor.py:208} INFO - Processing /home/airflow/.local/lib/python3.12/site-packages/airflow/example_dags/example_sensors.py took 0.085 seconds
[2024-10-28T00:20:55.308+0000] {processor.py:186} INFO - Started process (PID=48195) to work on /home/airflow/.local/lib/python3.12/site-packages/airflow/example_dags/example_sensors.py
[2024-10-28T00:20:55.309+0000] {processor.py:914} INFO - Processing file /home/airflow/.local/lib/python3.12/site-packages/airflow/example_dags/example_sensors.py for tasks to queue
[2024-10-28T00:20:55.311+0000] {logging_mixin.py:190} INFO - [2024-10-28T00:20:55.310+0000] {dagbag.py:588} INFO - Filling up the DagBag from /home/airflow/.local/lib/python3.12/site-packages/airflow/example_dags/example_sensors.py
[2024-10-28T00:20:55.324+0000] {processor.py:925} INFO - DAG(s) 'example_sensors' retrieved from /home/airflow/.local/lib/python3.12/site-packages/airflow/example_dags/example_sensors.py
[2024-10-28T00:20:55.354+0000] {logging_mixin.py:190} INFO - [2024-10-28T00:20:55.353+0000] {dag.py:3239} INFO - Sync 1 DAGs
[2024-10-28T00:20:55.370+0000] {logging_mixin.py:190} INFO - [2024-10-28T00:20:55.369+0000] {dag.py:4180} INFO - Setting next_dagrun for example_sensors to None, run_after=None
[2024-10-28T00:20:55.392+0000] {processor.py:208} INFO - Processing /home/airflow/.local/lib/python3.12/site-packages/airflow/example_dags/example_sensors.py took 0.091 seconds
[2024-10-28T00:21:26.066+0000] {processor.py:186} INFO - Started process (PID=48269) to work on /home/airflow/.local/lib/python3.12/site-packages/airflow/example_dags/example_sensors.py
[2024-10-28T00:21:26.067+0000] {processor.py:914} INFO - Processing file /home/airflow/.local/lib/python3.12/site-packages/airflow/example_dags/example_sensors.py for tasks to queue
[2024-10-28T00:21:26.068+0000] {logging_mixin.py:190} INFO - [2024-10-28T00:21:26.068+0000] {dagbag.py:588} INFO - Filling up the DagBag from /home/airflow/.local/lib/python3.12/site-packages/airflow/example_dags/example_sensors.py
[2024-10-28T00:21:26.080+0000] {processor.py:925} INFO - DAG(s) 'example_sensors' retrieved from /home/airflow/.local/lib/python3.12/site-packages/airflow/example_dags/example_sensors.py
[2024-10-28T00:21:26.107+0000] {logging_mixin.py:190} INFO - [2024-10-28T00:21:26.106+0000] {dag.py:3239} INFO - Sync 1 DAGs
[2024-10-28T00:21:26.123+0000] {logging_mixin.py:190} INFO - [2024-10-28T00:21:26.123+0000] {dag.py:4180} INFO - Setting next_dagrun for example_sensors to None, run_after=None
[2024-10-28T00:21:26.145+0000] {processor.py:208} INFO - Processing /home/airflow/.local/lib/python3.12/site-packages/airflow/example_dags/example_sensors.py took 0.085 seconds
[2024-10-28T00:21:56.559+0000] {processor.py:186} INFO - Started process (PID=48343) to work on /home/airflow/.local/lib/python3.12/site-packages/airflow/example_dags/example_sensors.py
[2024-10-28T00:21:56.560+0000] {processor.py:914} INFO - Processing file /home/airflow/.local/lib/python3.12/site-packages/airflow/example_dags/example_sensors.py for tasks to queue
[2024-10-28T00:21:56.562+0000] {logging_mixin.py:190} INFO - [2024-10-28T00:21:56.561+0000] {dagbag.py:588} INFO - Filling up the DagBag from /home/airflow/.local/lib/python3.12/site-packages/airflow/example_dags/example_sensors.py
[2024-10-28T00:21:56.575+0000] {processor.py:925} INFO - DAG(s) 'example_sensors' retrieved from /home/airflow/.local/lib/python3.12/site-packages/airflow/example_dags/example_sensors.py
[2024-10-28T00:21:56.604+0000] {logging_mixin.py:190} INFO - [2024-10-28T00:21:56.604+0000] {dag.py:3239} INFO - Sync 1 DAGs
[2024-10-28T00:21:56.623+0000] {logging_mixin.py:190} INFO - [2024-10-28T00:21:56.623+0000] {dag.py:4180} INFO - Setting next_dagrun for example_sensors to None, run_after=None
[2024-10-28T00:21:56.647+0000] {processor.py:208} INFO - Processing /home/airflow/.local/lib/python3.12/site-packages/airflow/example_dags/example_sensors.py took 0.096 seconds
[2024-10-28T00:22:27.587+0000] {processor.py:186} INFO - Started process (PID=48417) to work on /home/airflow/.local/lib/python3.12/site-packages/airflow/example_dags/example_sensors.py
[2024-10-28T00:22:27.589+0000] {processor.py:914} INFO - Processing file /home/airflow/.local/lib/python3.12/site-packages/airflow/example_dags/example_sensors.py for tasks to queue
[2024-10-28T00:22:27.590+0000] {logging_mixin.py:190} INFO - [2024-10-28T00:22:27.590+0000] {dagbag.py:588} INFO - Filling up the DagBag from /home/airflow/.local/lib/python3.12/site-packages/airflow/example_dags/example_sensors.py
[2024-10-28T00:22:27.602+0000] {processor.py:925} INFO - DAG(s) 'example_sensors' retrieved from /home/airflow/.local/lib/python3.12/site-packages/airflow/example_dags/example_sensors.py
[2024-10-28T00:22:27.630+0000] {logging_mixin.py:190} INFO - [2024-10-28T00:22:27.630+0000] {dag.py:3239} INFO - Sync 1 DAGs
[2024-10-28T00:22:27.644+0000] {logging_mixin.py:190} INFO - [2024-10-28T00:22:27.644+0000] {dag.py:4180} INFO - Setting next_dagrun for example_sensors to None, run_after=None
[2024-10-28T00:22:27.663+0000] {processor.py:208} INFO - Processing /home/airflow/.local/lib/python3.12/site-packages/airflow/example_dags/example_sensors.py took 0.082 seconds
[2024-10-28T00:22:58.262+0000] {processor.py:186} INFO - Started process (PID=48491) to work on /home/airflow/.local/lib/python3.12/site-packages/airflow/example_dags/example_sensors.py
[2024-10-28T00:22:58.263+0000] {processor.py:914} INFO - Processing file /home/airflow/.local/lib/python3.12/site-packages/airflow/example_dags/example_sensors.py for tasks to queue
[2024-10-28T00:22:58.266+0000] {logging_mixin.py:190} INFO - [2024-10-28T00:22:58.265+0000] {dagbag.py:588} INFO - Filling up the DagBag from /home/airflow/.local/lib/python3.12/site-packages/airflow/example_dags/example_sensors.py
[2024-10-28T00:22:58.279+0000] {processor.py:925} INFO - DAG(s) 'example_sensors' retrieved from /home/airflow/.local/lib/python3.12/site-packages/airflow/example_dags/example_sensors.py
[2024-10-28T00:22:58.310+0000] {logging_mixin.py:190} INFO - [2024-10-28T00:22:58.310+0000] {dag.py:3239} INFO - Sync 1 DAGs
[2024-10-28T00:22:58.329+0000] {logging_mixin.py:190} INFO - [2024-10-28T00:22:58.329+0000] {dag.py:4180} INFO - Setting next_dagrun for example_sensors to None, run_after=None
[2024-10-28T00:22:58.351+0000] {processor.py:208} INFO - Processing /home/airflow/.local/lib/python3.12/site-packages/airflow/example_dags/example_sensors.py took 0.095 seconds
[2024-10-28T00:23:28.508+0000] {processor.py:186} INFO - Started process (PID=48565) to work on /home/airflow/.local/lib/python3.12/site-packages/airflow/example_dags/example_sensors.py
[2024-10-28T00:23:28.509+0000] {processor.py:914} INFO - Processing file /home/airflow/.local/lib/python3.12/site-packages/airflow/example_dags/example_sensors.py for tasks to queue
[2024-10-28T00:23:28.511+0000] {logging_mixin.py:190} INFO - [2024-10-28T00:23:28.510+0000] {dagbag.py:588} INFO - Filling up the DagBag from /home/airflow/.local/lib/python3.12/site-packages/airflow/example_dags/example_sensors.py
[2024-10-28T00:23:28.522+0000] {processor.py:925} INFO - DAG(s) 'example_sensors' retrieved from /home/airflow/.local/lib/python3.12/site-packages/airflow/example_dags/example_sensors.py
[2024-10-28T00:23:28.546+0000] {logging_mixin.py:190} INFO - [2024-10-28T00:23:28.545+0000] {dag.py:3239} INFO - Sync 1 DAGs
[2024-10-28T00:23:28.559+0000] {logging_mixin.py:190} INFO - [2024-10-28T00:23:28.558+0000] {dag.py:4180} INFO - Setting next_dagrun for example_sensors to None, run_after=None
[2024-10-28T00:23:28.577+0000] {processor.py:208} INFO - Processing /home/airflow/.local/lib/python3.12/site-packages/airflow/example_dags/example_sensors.py took 0.074 seconds
[2024-10-28T00:23:59.517+0000] {processor.py:186} INFO - Started process (PID=48639) to work on /home/airflow/.local/lib/python3.12/site-packages/airflow/example_dags/example_sensors.py
[2024-10-28T00:23:59.518+0000] {processor.py:914} INFO - Processing file /home/airflow/.local/lib/python3.12/site-packages/airflow/example_dags/example_sensors.py for tasks to queue
[2024-10-28T00:23:59.520+0000] {logging_mixin.py:190} INFO - [2024-10-28T00:23:59.520+0000] {dagbag.py:588} INFO - Filling up the DagBag from /home/airflow/.local/lib/python3.12/site-packages/airflow/example_dags/example_sensors.py
[2024-10-28T00:23:59.536+0000] {processor.py:925} INFO - DAG(s) 'example_sensors' retrieved from /home/airflow/.local/lib/python3.12/site-packages/airflow/example_dags/example_sensors.py
[2024-10-28T00:23:59.574+0000] {logging_mixin.py:190} INFO - [2024-10-28T00:23:59.574+0000] {dag.py:3239} INFO - Sync 1 DAGs
[2024-10-28T00:23:59.595+0000] {logging_mixin.py:190} INFO - [2024-10-28T00:23:59.594+0000] {dag.py:4180} INFO - Setting next_dagrun for example_sensors to None, run_after=None
[2024-10-28T00:23:59.617+0000] {processor.py:208} INFO - Processing /home/airflow/.local/lib/python3.12/site-packages/airflow/example_dags/example_sensors.py took 0.107 seconds
[2024-10-28T00:24:30.039+0000] {processor.py:186} INFO - Started process (PID=48713) to work on /home/airflow/.local/lib/python3.12/site-packages/airflow/example_dags/example_sensors.py
[2024-10-28T00:24:30.040+0000] {processor.py:914} INFO - Processing file /home/airflow/.local/lib/python3.12/site-packages/airflow/example_dags/example_sensors.py for tasks to queue
[2024-10-28T00:24:30.042+0000] {logging_mixin.py:190} INFO - [2024-10-28T00:24:30.041+0000] {dagbag.py:588} INFO - Filling up the DagBag from /home/airflow/.local/lib/python3.12/site-packages/airflow/example_dags/example_sensors.py
[2024-10-28T00:24:30.053+0000] {processor.py:925} INFO - DAG(s) 'example_sensors' retrieved from /home/airflow/.local/lib/python3.12/site-packages/airflow/example_dags/example_sensors.py
[2024-10-28T00:24:30.078+0000] {logging_mixin.py:190} INFO - [2024-10-28T00:24:30.078+0000] {dag.py:3239} INFO - Sync 1 DAGs
[2024-10-28T00:24:30.092+0000] {logging_mixin.py:190} INFO - [2024-10-28T00:24:30.092+0000] {dag.py:4180} INFO - Setting next_dagrun for example_sensors to None, run_after=None
[2024-10-28T00:24:30.258+0000] {processor.py:208} INFO - Processing /home/airflow/.local/lib/python3.12/site-packages/airflow/example_dags/example_sensors.py took 0.225 seconds
[2024-10-28T00:25:01.123+0000] {processor.py:186} INFO - Started process (PID=48787) to work on /home/airflow/.local/lib/python3.12/site-packages/airflow/example_dags/example_sensors.py
[2024-10-28T00:25:01.124+0000] {processor.py:914} INFO - Processing file /home/airflow/.local/lib/python3.12/site-packages/airflow/example_dags/example_sensors.py for tasks to queue
[2024-10-28T00:25:01.126+0000] {logging_mixin.py:190} INFO - [2024-10-28T00:25:01.126+0000] {dagbag.py:588} INFO - Filling up the DagBag from /home/airflow/.local/lib/python3.12/site-packages/airflow/example_dags/example_sensors.py
[2024-10-28T00:25:01.141+0000] {processor.py:925} INFO - DAG(s) 'example_sensors' retrieved from /home/airflow/.local/lib/python3.12/site-packages/airflow/example_dags/example_sensors.py
[2024-10-28T00:25:01.187+0000] {logging_mixin.py:190} INFO - [2024-10-28T00:25:01.186+0000] {dag.py:3239} INFO - Sync 1 DAGs
[2024-10-28T00:25:01.395+0000] {logging_mixin.py:190} INFO - [2024-10-28T00:25:01.395+0000] {dag.py:4180} INFO - Setting next_dagrun for example_sensors to None, run_after=None
[2024-10-28T00:25:01.419+0000] {processor.py:208} INFO - Processing /home/airflow/.local/lib/python3.12/site-packages/airflow/example_dags/example_sensors.py took 0.305 seconds
[2024-10-28T00:25:32.312+0000] {processor.py:186} INFO - Started process (PID=48861) to work on /home/airflow/.local/lib/python3.12/site-packages/airflow/example_dags/example_sensors.py
[2024-10-28T00:25:32.314+0000] {processor.py:914} INFO - Processing file /home/airflow/.local/lib/python3.12/site-packages/airflow/example_dags/example_sensors.py for tasks to queue
[2024-10-28T00:25:32.315+0000] {logging_mixin.py:190} INFO - [2024-10-28T00:25:32.315+0000] {dagbag.py:588} INFO - Filling up the DagBag from /home/airflow/.local/lib/python3.12/site-packages/airflow/example_dags/example_sensors.py
[2024-10-28T00:25:32.326+0000] {processor.py:925} INFO - DAG(s) 'example_sensors' retrieved from /home/airflow/.local/lib/python3.12/site-packages/airflow/example_dags/example_sensors.py
[2024-10-28T00:25:32.356+0000] {logging_mixin.py:190} INFO - [2024-10-28T00:25:32.356+0000] {dag.py:3239} INFO - Sync 1 DAGs
[2024-10-28T00:25:32.520+0000] {logging_mixin.py:190} INFO - [2024-10-28T00:25:32.519+0000] {dag.py:4180} INFO - Setting next_dagrun for example_sensors to None, run_after=None
[2024-10-28T00:25:32.539+0000] {processor.py:208} INFO - Processing /home/airflow/.local/lib/python3.12/site-packages/airflow/example_dags/example_sensors.py took 0.232 seconds
[2024-10-28T00:26:02.845+0000] {processor.py:186} INFO - Started process (PID=48935) to work on /home/airflow/.local/lib/python3.12/site-packages/airflow/example_dags/example_sensors.py
[2024-10-28T00:26:02.846+0000] {processor.py:914} INFO - Processing file /home/airflow/.local/lib/python3.12/site-packages/airflow/example_dags/example_sensors.py for tasks to queue
[2024-10-28T00:26:02.847+0000] {logging_mixin.py:190} INFO - [2024-10-28T00:26:02.847+0000] {dagbag.py:588} INFO - Filling up the DagBag from /home/airflow/.local/lib/python3.12/site-packages/airflow/example_dags/example_sensors.py
[2024-10-28T00:26:02.858+0000] {processor.py:925} INFO - DAG(s) 'example_sensors' retrieved from /home/airflow/.local/lib/python3.12/site-packages/airflow/example_dags/example_sensors.py
[2024-10-28T00:26:02.883+0000] {logging_mixin.py:190} INFO - [2024-10-28T00:26:02.883+0000] {dag.py:3239} INFO - Sync 1 DAGs
[2024-10-28T00:26:03.048+0000] {logging_mixin.py:190} INFO - [2024-10-28T00:26:03.047+0000] {dag.py:4180} INFO - Setting next_dagrun for example_sensors to None, run_after=None
[2024-10-28T00:26:03.069+0000] {processor.py:208} INFO - Processing /home/airflow/.local/lib/python3.12/site-packages/airflow/example_dags/example_sensors.py took 0.231 seconds
[2024-10-28T00:26:33.670+0000] {processor.py:186} INFO - Started process (PID=49009) to work on /home/airflow/.local/lib/python3.12/site-packages/airflow/example_dags/example_sensors.py
[2024-10-28T00:26:33.671+0000] {processor.py:914} INFO - Processing file /home/airflow/.local/lib/python3.12/site-packages/airflow/example_dags/example_sensors.py for tasks to queue
[2024-10-28T00:26:33.672+0000] {logging_mixin.py:190} INFO - [2024-10-28T00:26:33.672+0000] {dagbag.py:588} INFO - Filling up the DagBag from /home/airflow/.local/lib/python3.12/site-packages/airflow/example_dags/example_sensors.py
[2024-10-28T00:26:33.683+0000] {processor.py:925} INFO - DAG(s) 'example_sensors' retrieved from /home/airflow/.local/lib/python3.12/site-packages/airflow/example_dags/example_sensors.py
[2024-10-28T00:26:33.708+0000] {logging_mixin.py:190} INFO - [2024-10-28T00:26:33.708+0000] {dag.py:3239} INFO - Sync 1 DAGs
[2024-10-28T00:26:33.723+0000] {logging_mixin.py:190} INFO - [2024-10-28T00:26:33.723+0000] {dag.py:4180} INFO - Setting next_dagrun for example_sensors to None, run_after=None
[2024-10-28T00:26:33.741+0000] {processor.py:208} INFO - Processing /home/airflow/.local/lib/python3.12/site-packages/airflow/example_dags/example_sensors.py took 0.077 seconds
[2024-10-28T00:27:04.053+0000] {processor.py:186} INFO - Started process (PID=49083) to work on /home/airflow/.local/lib/python3.12/site-packages/airflow/example_dags/example_sensors.py
[2024-10-28T00:27:04.054+0000] {processor.py:914} INFO - Processing file /home/airflow/.local/lib/python3.12/site-packages/airflow/example_dags/example_sensors.py for tasks to queue
[2024-10-28T00:27:04.055+0000] {logging_mixin.py:190} INFO - [2024-10-28T00:27:04.055+0000] {dagbag.py:588} INFO - Filling up the DagBag from /home/airflow/.local/lib/python3.12/site-packages/airflow/example_dags/example_sensors.py
[2024-10-28T00:27:04.067+0000] {processor.py:925} INFO - DAG(s) 'example_sensors' retrieved from /home/airflow/.local/lib/python3.12/site-packages/airflow/example_dags/example_sensors.py
[2024-10-28T00:27:04.093+0000] {logging_mixin.py:190} INFO - [2024-10-28T00:27:04.092+0000] {dag.py:3239} INFO - Sync 1 DAGs
[2024-10-28T00:27:04.106+0000] {logging_mixin.py:190} INFO - [2024-10-28T00:27:04.106+0000] {dag.py:4180} INFO - Setting next_dagrun for example_sensors to None, run_after=None
[2024-10-28T00:27:04.124+0000] {processor.py:208} INFO - Processing /home/airflow/.local/lib/python3.12/site-packages/airflow/example_dags/example_sensors.py took 0.077 seconds
[2024-10-28T00:27:34.949+0000] {processor.py:186} INFO - Started process (PID=49157) to work on /home/airflow/.local/lib/python3.12/site-packages/airflow/example_dags/example_sensors.py
[2024-10-28T00:27:34.950+0000] {processor.py:914} INFO - Processing file /home/airflow/.local/lib/python3.12/site-packages/airflow/example_dags/example_sensors.py for tasks to queue
[2024-10-28T00:27:34.952+0000] {logging_mixin.py:190} INFO - [2024-10-28T00:27:34.952+0000] {dagbag.py:588} INFO - Filling up the DagBag from /home/airflow/.local/lib/python3.12/site-packages/airflow/example_dags/example_sensors.py
[2024-10-28T00:27:34.963+0000] {processor.py:925} INFO - DAG(s) 'example_sensors' retrieved from /home/airflow/.local/lib/python3.12/site-packages/airflow/example_dags/example_sensors.py
[2024-10-28T00:27:34.988+0000] {logging_mixin.py:190} INFO - [2024-10-28T00:27:34.988+0000] {dag.py:3239} INFO - Sync 1 DAGs
[2024-10-28T00:27:35.002+0000] {logging_mixin.py:190} INFO - [2024-10-28T00:27:35.002+0000] {dag.py:4180} INFO - Setting next_dagrun for example_sensors to None, run_after=None
[2024-10-28T00:27:35.020+0000] {processor.py:208} INFO - Processing /home/airflow/.local/lib/python3.12/site-packages/airflow/example_dags/example_sensors.py took 0.076 seconds
[2024-10-28T00:28:05.985+0000] {processor.py:186} INFO - Started process (PID=49231) to work on /home/airflow/.local/lib/python3.12/site-packages/airflow/example_dags/example_sensors.py
[2024-10-28T00:28:05.985+0000] {processor.py:914} INFO - Processing file /home/airflow/.local/lib/python3.12/site-packages/airflow/example_dags/example_sensors.py for tasks to queue
[2024-10-28T00:28:05.987+0000] {logging_mixin.py:190} INFO - [2024-10-28T00:28:05.986+0000] {dagbag.py:588} INFO - Filling up the DagBag from /home/airflow/.local/lib/python3.12/site-packages/airflow/example_dags/example_sensors.py
[2024-10-28T00:28:05.998+0000] {processor.py:925} INFO - DAG(s) 'example_sensors' retrieved from /home/airflow/.local/lib/python3.12/site-packages/airflow/example_dags/example_sensors.py
[2024-10-28T00:28:06.028+0000] {logging_mixin.py:190} INFO - [2024-10-28T00:28:06.027+0000] {dag.py:3239} INFO - Sync 1 DAGs
[2024-10-28T00:28:06.043+0000] {logging_mixin.py:190} INFO - [2024-10-28T00:28:06.043+0000] {dag.py:4180} INFO - Setting next_dagrun for example_sensors to None, run_after=None
[2024-10-28T00:28:06.061+0000] {processor.py:208} INFO - Processing /home/airflow/.local/lib/python3.12/site-packages/airflow/example_dags/example_sensors.py took 0.082 seconds
[2024-10-28T00:28:36.543+0000] {processor.py:186} INFO - Started process (PID=49305) to work on /home/airflow/.local/lib/python3.12/site-packages/airflow/example_dags/example_sensors.py
[2024-10-28T00:28:36.544+0000] {processor.py:914} INFO - Processing file /home/airflow/.local/lib/python3.12/site-packages/airflow/example_dags/example_sensors.py for tasks to queue
[2024-10-28T00:28:36.545+0000] {logging_mixin.py:190} INFO - [2024-10-28T00:28:36.545+0000] {dagbag.py:588} INFO - Filling up the DagBag from /home/airflow/.local/lib/python3.12/site-packages/airflow/example_dags/example_sensors.py
[2024-10-28T00:28:36.556+0000] {processor.py:925} INFO - DAG(s) 'example_sensors' retrieved from /home/airflow/.local/lib/python3.12/site-packages/airflow/example_dags/example_sensors.py
[2024-10-28T00:28:36.582+0000] {logging_mixin.py:190} INFO - [2024-10-28T00:28:36.582+0000] {dag.py:3239} INFO - Sync 1 DAGs
[2024-10-28T00:28:36.598+0000] {logging_mixin.py:190} INFO - [2024-10-28T00:28:36.598+0000] {dag.py:4180} INFO - Setting next_dagrun for example_sensors to None, run_after=None
[2024-10-28T00:28:36.619+0000] {processor.py:208} INFO - Processing /home/airflow/.local/lib/python3.12/site-packages/airflow/example_dags/example_sensors.py took 0.082 seconds
[2024-10-28T00:29:07.418+0000] {processor.py:186} INFO - Started process (PID=49379) to work on /home/airflow/.local/lib/python3.12/site-packages/airflow/example_dags/example_sensors.py
[2024-10-28T00:29:07.419+0000] {processor.py:914} INFO - Processing file /home/airflow/.local/lib/python3.12/site-packages/airflow/example_dags/example_sensors.py for tasks to queue
[2024-10-28T00:29:07.420+0000] {logging_mixin.py:190} INFO - [2024-10-28T00:29:07.420+0000] {dagbag.py:588} INFO - Filling up the DagBag from /home/airflow/.local/lib/python3.12/site-packages/airflow/example_dags/example_sensors.py
[2024-10-28T00:29:07.431+0000] {processor.py:925} INFO - DAG(s) 'example_sensors' retrieved from /home/airflow/.local/lib/python3.12/site-packages/airflow/example_dags/example_sensors.py
[2024-10-28T00:29:07.460+0000] {logging_mixin.py:190} INFO - [2024-10-28T00:29:07.459+0000] {dag.py:3239} INFO - Sync 1 DAGs
[2024-10-28T00:29:07.478+0000] {logging_mixin.py:190} INFO - [2024-10-28T00:29:07.478+0000] {dag.py:4180} INFO - Setting next_dagrun for example_sensors to None, run_after=None
[2024-10-28T00:29:07.497+0000] {processor.py:208} INFO - Processing /home/airflow/.local/lib/python3.12/site-packages/airflow/example_dags/example_sensors.py took 0.086 seconds
[2024-10-28T00:29:38.284+0000] {processor.py:186} INFO - Started process (PID=49459) to work on /home/airflow/.local/lib/python3.12/site-packages/airflow/example_dags/example_sensors.py
[2024-10-28T00:29:38.285+0000] {processor.py:914} INFO - Processing file /home/airflow/.local/lib/python3.12/site-packages/airflow/example_dags/example_sensors.py for tasks to queue
[2024-10-28T00:29:38.286+0000] {logging_mixin.py:190} INFO - [2024-10-28T00:29:38.286+0000] {dagbag.py:588} INFO - Filling up the DagBag from /home/airflow/.local/lib/python3.12/site-packages/airflow/example_dags/example_sensors.py
[2024-10-28T00:29:38.296+0000] {processor.py:925} INFO - DAG(s) 'example_sensors' retrieved from /home/airflow/.local/lib/python3.12/site-packages/airflow/example_dags/example_sensors.py
[2024-10-28T00:29:38.322+0000] {logging_mixin.py:190} INFO - [2024-10-28T00:29:38.322+0000] {dag.py:3239} INFO - Sync 1 DAGs
[2024-10-28T00:29:38.337+0000] {logging_mixin.py:190} INFO - [2024-10-28T00:29:38.337+0000] {dag.py:4180} INFO - Setting next_dagrun for example_sensors to None, run_after=None
[2024-10-28T00:29:38.357+0000] {processor.py:208} INFO - Processing /home/airflow/.local/lib/python3.12/site-packages/airflow/example_dags/example_sensors.py took 0.079 seconds
[2024-10-28T00:30:09.200+0000] {processor.py:186} INFO - Started process (PID=49533) to work on /home/airflow/.local/lib/python3.12/site-packages/airflow/example_dags/example_sensors.py
[2024-10-28T00:30:09.201+0000] {processor.py:914} INFO - Processing file /home/airflow/.local/lib/python3.12/site-packages/airflow/example_dags/example_sensors.py for tasks to queue
[2024-10-28T00:30:09.202+0000] {logging_mixin.py:190} INFO - [2024-10-28T00:30:09.202+0000] {dagbag.py:588} INFO - Filling up the DagBag from /home/airflow/.local/lib/python3.12/site-packages/airflow/example_dags/example_sensors.py
[2024-10-28T00:30:09.213+0000] {processor.py:925} INFO - DAG(s) 'example_sensors' retrieved from /home/airflow/.local/lib/python3.12/site-packages/airflow/example_dags/example_sensors.py
[2024-10-28T00:30:09.238+0000] {logging_mixin.py:190} INFO - [2024-10-28T00:30:09.238+0000] {dag.py:3239} INFO - Sync 1 DAGs
[2024-10-28T00:30:09.252+0000] {logging_mixin.py:190} INFO - [2024-10-28T00:30:09.251+0000] {dag.py:4180} INFO - Setting next_dagrun for example_sensors to None, run_after=None
[2024-10-28T00:30:09.269+0000] {processor.py:208} INFO - Processing /home/airflow/.local/lib/python3.12/site-packages/airflow/example_dags/example_sensors.py took 0.075 seconds
[2024-10-28T00:30:40.092+0000] {processor.py:186} INFO - Started process (PID=49607) to work on /home/airflow/.local/lib/python3.12/site-packages/airflow/example_dags/example_sensors.py
[2024-10-28T00:30:40.094+0000] {processor.py:914} INFO - Processing file /home/airflow/.local/lib/python3.12/site-packages/airflow/example_dags/example_sensors.py for tasks to queue
[2024-10-28T00:30:40.095+0000] {logging_mixin.py:190} INFO - [2024-10-28T00:30:40.095+0000] {dagbag.py:588} INFO - Filling up the DagBag from /home/airflow/.local/lib/python3.12/site-packages/airflow/example_dags/example_sensors.py
[2024-10-28T00:30:40.106+0000] {processor.py:925} INFO - DAG(s) 'example_sensors' retrieved from /home/airflow/.local/lib/python3.12/site-packages/airflow/example_dags/example_sensors.py
[2024-10-28T00:30:40.134+0000] {logging_mixin.py:190} INFO - [2024-10-28T00:30:40.133+0000] {dag.py:3239} INFO - Sync 1 DAGs
[2024-10-28T00:30:40.148+0000] {logging_mixin.py:190} INFO - [2024-10-28T00:30:40.148+0000] {dag.py:4180} INFO - Setting next_dagrun for example_sensors to None, run_after=None
[2024-10-28T00:30:40.168+0000] {processor.py:208} INFO - Processing /home/airflow/.local/lib/python3.12/site-packages/airflow/example_dags/example_sensors.py took 0.081 seconds
[2024-10-28T00:31:10.836+0000] {processor.py:186} INFO - Started process (PID=49681) to work on /home/airflow/.local/lib/python3.12/site-packages/airflow/example_dags/example_sensors.py
[2024-10-28T00:31:10.837+0000] {processor.py:914} INFO - Processing file /home/airflow/.local/lib/python3.12/site-packages/airflow/example_dags/example_sensors.py for tasks to queue
[2024-10-28T00:31:10.839+0000] {logging_mixin.py:190} INFO - [2024-10-28T00:31:10.838+0000] {dagbag.py:588} INFO - Filling up the DagBag from /home/airflow/.local/lib/python3.12/site-packages/airflow/example_dags/example_sensors.py
[2024-10-28T00:31:10.850+0000] {processor.py:925} INFO - DAG(s) 'example_sensors' retrieved from /home/airflow/.local/lib/python3.12/site-packages/airflow/example_dags/example_sensors.py
[2024-10-28T00:31:10.879+0000] {logging_mixin.py:190} INFO - [2024-10-28T00:31:10.878+0000] {dag.py:3239} INFO - Sync 1 DAGs
[2024-10-28T00:31:10.894+0000] {logging_mixin.py:190} INFO - [2024-10-28T00:31:10.894+0000] {dag.py:4180} INFO - Setting next_dagrun for example_sensors to None, run_after=None
[2024-10-28T00:31:10.913+0000] {processor.py:208} INFO - Processing /home/airflow/.local/lib/python3.12/site-packages/airflow/example_dags/example_sensors.py took 0.083 seconds
[2024-10-28T00:31:40.970+0000] {processor.py:186} INFO - Started process (PID=49755) to work on /home/airflow/.local/lib/python3.12/site-packages/airflow/example_dags/example_sensors.py
[2024-10-28T00:31:40.971+0000] {processor.py:914} INFO - Processing file /home/airflow/.local/lib/python3.12/site-packages/airflow/example_dags/example_sensors.py for tasks to queue
[2024-10-28T00:31:40.972+0000] {logging_mixin.py:190} INFO - [2024-10-28T00:31:40.972+0000] {dagbag.py:588} INFO - Filling up the DagBag from /home/airflow/.local/lib/python3.12/site-packages/airflow/example_dags/example_sensors.py
[2024-10-28T00:31:40.983+0000] {processor.py:925} INFO - DAG(s) 'example_sensors' retrieved from /home/airflow/.local/lib/python3.12/site-packages/airflow/example_dags/example_sensors.py
[2024-10-28T00:31:41.016+0000] {logging_mixin.py:190} INFO - [2024-10-28T00:31:41.016+0000] {dag.py:3239} INFO - Sync 1 DAGs
[2024-10-28T00:31:41.029+0000] {logging_mixin.py:190} INFO - [2024-10-28T00:31:41.029+0000] {dag.py:4180} INFO - Setting next_dagrun for example_sensors to None, run_after=None
[2024-10-28T00:31:41.047+0000] {processor.py:208} INFO - Processing /home/airflow/.local/lib/python3.12/site-packages/airflow/example_dags/example_sensors.py took 0.083 seconds
[2024-10-28T00:32:11.820+0000] {processor.py:186} INFO - Started process (PID=49829) to work on /home/airflow/.local/lib/python3.12/site-packages/airflow/example_dags/example_sensors.py
[2024-10-28T00:32:11.822+0000] {processor.py:914} INFO - Processing file /home/airflow/.local/lib/python3.12/site-packages/airflow/example_dags/example_sensors.py for tasks to queue
[2024-10-28T00:32:11.823+0000] {logging_mixin.py:190} INFO - [2024-10-28T00:32:11.823+0000] {dagbag.py:588} INFO - Filling up the DagBag from /home/airflow/.local/lib/python3.12/site-packages/airflow/example_dags/example_sensors.py
[2024-10-28T00:32:11.834+0000] {processor.py:925} INFO - DAG(s) 'example_sensors' retrieved from /home/airflow/.local/lib/python3.12/site-packages/airflow/example_dags/example_sensors.py
[2024-10-28T00:32:11.860+0000] {logging_mixin.py:190} INFO - [2024-10-28T00:32:11.860+0000] {dag.py:3239} INFO - Sync 1 DAGs
[2024-10-28T00:32:11.874+0000] {logging_mixin.py:190} INFO - [2024-10-28T00:32:11.874+0000] {dag.py:4180} INFO - Setting next_dagrun for example_sensors to None, run_after=None
[2024-10-28T00:32:11.893+0000] {processor.py:208} INFO - Processing /home/airflow/.local/lib/python3.12/site-packages/airflow/example_dags/example_sensors.py took 0.078 seconds
[2024-10-28T00:32:42.681+0000] {processor.py:186} INFO - Started process (PID=49903) to work on /home/airflow/.local/lib/python3.12/site-packages/airflow/example_dags/example_sensors.py
[2024-10-28T00:32:42.682+0000] {processor.py:914} INFO - Processing file /home/airflow/.local/lib/python3.12/site-packages/airflow/example_dags/example_sensors.py for tasks to queue
[2024-10-28T00:32:42.683+0000] {logging_mixin.py:190} INFO - [2024-10-28T00:32:42.683+0000] {dagbag.py:588} INFO - Filling up the DagBag from /home/airflow/.local/lib/python3.12/site-packages/airflow/example_dags/example_sensors.py
[2024-10-28T00:32:42.694+0000] {processor.py:925} INFO - DAG(s) 'example_sensors' retrieved from /home/airflow/.local/lib/python3.12/site-packages/airflow/example_dags/example_sensors.py
[2024-10-28T00:32:42.719+0000] {logging_mixin.py:190} INFO - [2024-10-28T00:32:42.719+0000] {dag.py:3239} INFO - Sync 1 DAGs
[2024-10-28T00:32:42.733+0000] {logging_mixin.py:190} INFO - [2024-10-28T00:32:42.733+0000] {dag.py:4180} INFO - Setting next_dagrun for example_sensors to None, run_after=None
[2024-10-28T00:32:42.750+0000] {processor.py:208} INFO - Processing /home/airflow/.local/lib/python3.12/site-packages/airflow/example_dags/example_sensors.py took 0.075 seconds
[2024-10-28T00:33:13.512+0000] {processor.py:186} INFO - Started process (PID=49977) to work on /home/airflow/.local/lib/python3.12/site-packages/airflow/example_dags/example_sensors.py
[2024-10-28T00:33:13.513+0000] {processor.py:914} INFO - Processing file /home/airflow/.local/lib/python3.12/site-packages/airflow/example_dags/example_sensors.py for tasks to queue
[2024-10-28T00:33:13.514+0000] {logging_mixin.py:190} INFO - [2024-10-28T00:33:13.514+0000] {dagbag.py:588} INFO - Filling up the DagBag from /home/airflow/.local/lib/python3.12/site-packages/airflow/example_dags/example_sensors.py
[2024-10-28T00:33:13.525+0000] {processor.py:925} INFO - DAG(s) 'example_sensors' retrieved from /home/airflow/.local/lib/python3.12/site-packages/airflow/example_dags/example_sensors.py
[2024-10-28T00:33:13.551+0000] {logging_mixin.py:190} INFO - [2024-10-28T00:33:13.551+0000] {dag.py:3239} INFO - Sync 1 DAGs
[2024-10-28T00:33:13.565+0000] {logging_mixin.py:190} INFO - [2024-10-28T00:33:13.565+0000] {dag.py:4180} INFO - Setting next_dagrun for example_sensors to None, run_after=None
[2024-10-28T00:33:13.586+0000] {processor.py:208} INFO - Processing /home/airflow/.local/lib/python3.12/site-packages/airflow/example_dags/example_sensors.py took 0.080 seconds
[2024-10-28T00:33:44.283+0000] {processor.py:186} INFO - Started process (PID=50051) to work on /home/airflow/.local/lib/python3.12/site-packages/airflow/example_dags/example_sensors.py
[2024-10-28T00:33:44.284+0000] {processor.py:914} INFO - Processing file /home/airflow/.local/lib/python3.12/site-packages/airflow/example_dags/example_sensors.py for tasks to queue
[2024-10-28T00:33:44.285+0000] {logging_mixin.py:190} INFO - [2024-10-28T00:33:44.285+0000] {dagbag.py:588} INFO - Filling up the DagBag from /home/airflow/.local/lib/python3.12/site-packages/airflow/example_dags/example_sensors.py
[2024-10-28T00:33:44.297+0000] {processor.py:925} INFO - DAG(s) 'example_sensors' retrieved from /home/airflow/.local/lib/python3.12/site-packages/airflow/example_dags/example_sensors.py
[2024-10-28T00:33:44.325+0000] {logging_mixin.py:190} INFO - [2024-10-28T00:33:44.325+0000] {dag.py:3239} INFO - Sync 1 DAGs
[2024-10-28T00:33:44.339+0000] {logging_mixin.py:190} INFO - [2024-10-28T00:33:44.338+0000] {dag.py:4180} INFO - Setting next_dagrun for example_sensors to None, run_after=None
[2024-10-28T00:33:44.357+0000] {processor.py:208} INFO - Processing /home/airflow/.local/lib/python3.12/site-packages/airflow/example_dags/example_sensors.py took 0.081 seconds
