[2024-10-28T00:00:25.809+0000] {processor.py:186} INFO - Started process (PID=45219) to work on /home/airflow/.local/lib/python3.12/site-packages/airflow/example_dags/example_setup_teardown_taskflow.py
[2024-10-28T00:00:25.811+0000] {processor.py:914} INFO - Processing file /home/airflow/.local/lib/python3.12/site-packages/airflow/example_dags/example_setup_teardown_taskflow.py for tasks to queue
[2024-10-28T00:00:25.812+0000] {logging_mixin.py:190} INFO - [2024-10-28T00:00:25.812+0000] {dagbag.py:588} INFO - Filling up the DagBag from /home/airflow/.local/lib/python3.12/site-packages/airflow/example_dags/example_setup_teardown_taskflow.py
[2024-10-28T00:00:25.822+0000] {processor.py:925} INFO - DAG(s) 'example_setup_teardown_taskflow' retrieved from /home/airflow/.local/lib/python3.12/site-packages/airflow/example_dags/example_setup_teardown_taskflow.py
[2024-10-28T00:00:25.844+0000] {logging_mixin.py:190} INFO - [2024-10-28T00:00:25.844+0000] {dag.py:3239} INFO - Sync 1 DAGs
[2024-10-28T00:00:25.859+0000] {logging_mixin.py:190} INFO - [2024-10-28T00:00:25.859+0000] {dag.py:4180} INFO - Setting next_dagrun for example_setup_teardown_taskflow to None, run_after=None
[2024-10-28T00:00:25.877+0000] {processor.py:208} INFO - Processing /home/airflow/.local/lib/python3.12/site-packages/airflow/example_dags/example_setup_teardown_taskflow.py took 0.073 seconds
[2024-10-28T00:00:56.486+0000] {processor.py:186} INFO - Started process (PID=45293) to work on /home/airflow/.local/lib/python3.12/site-packages/airflow/example_dags/example_setup_teardown_taskflow.py
[2024-10-28T00:00:56.487+0000] {processor.py:914} INFO - Processing file /home/airflow/.local/lib/python3.12/site-packages/airflow/example_dags/example_setup_teardown_taskflow.py for tasks to queue
[2024-10-28T00:00:56.488+0000] {logging_mixin.py:190} INFO - [2024-10-28T00:00:56.488+0000] {dagbag.py:588} INFO - Filling up the DagBag from /home/airflow/.local/lib/python3.12/site-packages/airflow/example_dags/example_setup_teardown_taskflow.py
[2024-10-28T00:00:56.498+0000] {processor.py:925} INFO - DAG(s) 'example_setup_teardown_taskflow' retrieved from /home/airflow/.local/lib/python3.12/site-packages/airflow/example_dags/example_setup_teardown_taskflow.py
[2024-10-28T00:00:56.524+0000] {logging_mixin.py:190} INFO - [2024-10-28T00:00:56.524+0000] {dag.py:3239} INFO - Sync 1 DAGs
[2024-10-28T00:00:56.541+0000] {logging_mixin.py:190} INFO - [2024-10-28T00:00:56.541+0000] {dag.py:4180} INFO - Setting next_dagrun for example_setup_teardown_taskflow to None, run_after=None
[2024-10-28T00:00:56.562+0000] {processor.py:208} INFO - Processing /home/airflow/.local/lib/python3.12/site-packages/airflow/example_dags/example_setup_teardown_taskflow.py took 0.083 seconds
[2024-10-28T00:01:27.569+0000] {processor.py:186} INFO - Started process (PID=45367) to work on /home/airflow/.local/lib/python3.12/site-packages/airflow/example_dags/example_setup_teardown_taskflow.py
[2024-10-28T00:01:27.570+0000] {processor.py:914} INFO - Processing file /home/airflow/.local/lib/python3.12/site-packages/airflow/example_dags/example_setup_teardown_taskflow.py for tasks to queue
[2024-10-28T00:01:27.572+0000] {logging_mixin.py:190} INFO - [2024-10-28T00:01:27.571+0000] {dagbag.py:588} INFO - Filling up the DagBag from /home/airflow/.local/lib/python3.12/site-packages/airflow/example_dags/example_setup_teardown_taskflow.py
[2024-10-28T00:01:27.587+0000] {processor.py:925} INFO - DAG(s) 'example_setup_teardown_taskflow' retrieved from /home/airflow/.local/lib/python3.12/site-packages/airflow/example_dags/example_setup_teardown_taskflow.py
[2024-10-28T00:01:27.619+0000] {logging_mixin.py:190} INFO - [2024-10-28T00:01:27.619+0000] {dag.py:3239} INFO - Sync 1 DAGs
[2024-10-28T00:01:27.651+0000] {logging_mixin.py:190} INFO - [2024-10-28T00:01:27.651+0000] {dag.py:4180} INFO - Setting next_dagrun for example_setup_teardown_taskflow to None, run_after=None
[2024-10-28T00:01:27.678+0000] {processor.py:208} INFO - Processing /home/airflow/.local/lib/python3.12/site-packages/airflow/example_dags/example_setup_teardown_taskflow.py took 0.117 seconds
[2024-10-28T00:01:58.424+0000] {processor.py:186} INFO - Started process (PID=45441) to work on /home/airflow/.local/lib/python3.12/site-packages/airflow/example_dags/example_setup_teardown_taskflow.py
[2024-10-28T00:01:58.425+0000] {processor.py:914} INFO - Processing file /home/airflow/.local/lib/python3.12/site-packages/airflow/example_dags/example_setup_teardown_taskflow.py for tasks to queue
[2024-10-28T00:01:58.427+0000] {logging_mixin.py:190} INFO - [2024-10-28T00:01:58.427+0000] {dagbag.py:588} INFO - Filling up the DagBag from /home/airflow/.local/lib/python3.12/site-packages/airflow/example_dags/example_setup_teardown_taskflow.py
[2024-10-28T00:01:58.439+0000] {processor.py:925} INFO - DAG(s) 'example_setup_teardown_taskflow' retrieved from /home/airflow/.local/lib/python3.12/site-packages/airflow/example_dags/example_setup_teardown_taskflow.py
[2024-10-28T00:01:58.466+0000] {logging_mixin.py:190} INFO - [2024-10-28T00:01:58.466+0000] {dag.py:3239} INFO - Sync 1 DAGs
[2024-10-28T00:01:58.484+0000] {logging_mixin.py:190} INFO - [2024-10-28T00:01:58.483+0000] {dag.py:4180} INFO - Setting next_dagrun for example_setup_teardown_taskflow to None, run_after=None
[2024-10-28T00:01:58.505+0000] {processor.py:208} INFO - Processing /home/airflow/.local/lib/python3.12/site-packages/airflow/example_dags/example_setup_teardown_taskflow.py took 0.088 seconds
[2024-10-28T00:02:29.612+0000] {processor.py:186} INFO - Started process (PID=45515) to work on /home/airflow/.local/lib/python3.12/site-packages/airflow/example_dags/example_setup_teardown_taskflow.py
[2024-10-28T00:02:29.613+0000] {processor.py:914} INFO - Processing file /home/airflow/.local/lib/python3.12/site-packages/airflow/example_dags/example_setup_teardown_taskflow.py for tasks to queue
[2024-10-28T00:02:29.615+0000] {logging_mixin.py:190} INFO - [2024-10-28T00:02:29.614+0000] {dagbag.py:588} INFO - Filling up the DagBag from /home/airflow/.local/lib/python3.12/site-packages/airflow/example_dags/example_setup_teardown_taskflow.py
[2024-10-28T00:02:29.626+0000] {processor.py:925} INFO - DAG(s) 'example_setup_teardown_taskflow' retrieved from /home/airflow/.local/lib/python3.12/site-packages/airflow/example_dags/example_setup_teardown_taskflow.py
[2024-10-28T00:02:29.651+0000] {logging_mixin.py:190} INFO - [2024-10-28T00:02:29.651+0000] {dag.py:3239} INFO - Sync 1 DAGs
[2024-10-28T00:02:29.668+0000] {logging_mixin.py:190} INFO - [2024-10-28T00:02:29.668+0000] {dag.py:4180} INFO - Setting next_dagrun for example_setup_teardown_taskflow to None, run_after=None
[2024-10-28T00:02:29.688+0000] {processor.py:208} INFO - Processing /home/airflow/.local/lib/python3.12/site-packages/airflow/example_dags/example_setup_teardown_taskflow.py took 0.085 seconds
[2024-10-28T00:02:59.814+0000] {processor.py:186} INFO - Started process (PID=45578) to work on /home/airflow/.local/lib/python3.12/site-packages/airflow/example_dags/example_setup_teardown_taskflow.py
[2024-10-28T00:02:59.815+0000] {processor.py:914} INFO - Processing file /home/airflow/.local/lib/python3.12/site-packages/airflow/example_dags/example_setup_teardown_taskflow.py for tasks to queue
[2024-10-28T00:02:59.817+0000] {logging_mixin.py:190} INFO - [2024-10-28T00:02:59.816+0000] {dagbag.py:588} INFO - Filling up the DagBag from /home/airflow/.local/lib/python3.12/site-packages/airflow/example_dags/example_setup_teardown_taskflow.py
[2024-10-28T00:02:59.827+0000] {processor.py:925} INFO - DAG(s) 'example_setup_teardown_taskflow' retrieved from /home/airflow/.local/lib/python3.12/site-packages/airflow/example_dags/example_setup_teardown_taskflow.py
[2024-10-28T00:02:59.849+0000] {logging_mixin.py:190} INFO - [2024-10-28T00:02:59.848+0000] {dag.py:3239} INFO - Sync 1 DAGs
[2024-10-28T00:02:59.863+0000] {logging_mixin.py:190} INFO - [2024-10-28T00:02:59.862+0000] {dag.py:4180} INFO - Setting next_dagrun for example_setup_teardown_taskflow to None, run_after=None
[2024-10-28T00:02:59.881+0000] {processor.py:208} INFO - Processing /home/airflow/.local/lib/python3.12/site-packages/airflow/example_dags/example_setup_teardown_taskflow.py took 0.073 seconds
[2024-10-28T00:03:30.116+0000] {processor.py:186} INFO - Started process (PID=45651) to work on /home/airflow/.local/lib/python3.12/site-packages/airflow/example_dags/example_setup_teardown_taskflow.py
[2024-10-28T00:03:30.117+0000] {processor.py:914} INFO - Processing file /home/airflow/.local/lib/python3.12/site-packages/airflow/example_dags/example_setup_teardown_taskflow.py for tasks to queue
[2024-10-28T00:03:30.118+0000] {logging_mixin.py:190} INFO - [2024-10-28T00:03:30.118+0000] {dagbag.py:588} INFO - Filling up the DagBag from /home/airflow/.local/lib/python3.12/site-packages/airflow/example_dags/example_setup_teardown_taskflow.py
[2024-10-28T00:03:30.128+0000] {processor.py:925} INFO - DAG(s) 'example_setup_teardown_taskflow' retrieved from /home/airflow/.local/lib/python3.12/site-packages/airflow/example_dags/example_setup_teardown_taskflow.py
[2024-10-28T00:03:30.150+0000] {logging_mixin.py:190} INFO - [2024-10-28T00:03:30.149+0000] {dag.py:3239} INFO - Sync 1 DAGs
[2024-10-28T00:03:30.164+0000] {logging_mixin.py:190} INFO - [2024-10-28T00:03:30.164+0000] {dag.py:4180} INFO - Setting next_dagrun for example_setup_teardown_taskflow to None, run_after=None
[2024-10-28T00:03:30.184+0000] {processor.py:208} INFO - Processing /home/airflow/.local/lib/python3.12/site-packages/airflow/example_dags/example_setup_teardown_taskflow.py took 0.074 seconds
[2024-10-28T00:04:00.290+0000] {processor.py:186} INFO - Started process (PID=45725) to work on /home/airflow/.local/lib/python3.12/site-packages/airflow/example_dags/example_setup_teardown_taskflow.py
[2024-10-28T00:04:00.292+0000] {processor.py:914} INFO - Processing file /home/airflow/.local/lib/python3.12/site-packages/airflow/example_dags/example_setup_teardown_taskflow.py for tasks to queue
[2024-10-28T00:04:00.294+0000] {logging_mixin.py:190} INFO - [2024-10-28T00:04:00.293+0000] {dagbag.py:588} INFO - Filling up the DagBag from /home/airflow/.local/lib/python3.12/site-packages/airflow/example_dags/example_setup_teardown_taskflow.py
[2024-10-28T00:04:00.306+0000] {processor.py:925} INFO - DAG(s) 'example_setup_teardown_taskflow' retrieved from /home/airflow/.local/lib/python3.12/site-packages/airflow/example_dags/example_setup_teardown_taskflow.py
[2024-10-28T00:04:00.329+0000] {logging_mixin.py:190} INFO - [2024-10-28T00:04:00.328+0000] {dag.py:3239} INFO - Sync 1 DAGs
[2024-10-28T00:04:00.345+0000] {logging_mixin.py:190} INFO - [2024-10-28T00:04:00.344+0000] {dag.py:4180} INFO - Setting next_dagrun for example_setup_teardown_taskflow to None, run_after=None
[2024-10-28T00:04:00.364+0000] {processor.py:208} INFO - Processing /home/airflow/.local/lib/python3.12/site-packages/airflow/example_dags/example_setup_teardown_taskflow.py took 0.079 seconds
[2024-10-28T00:04:30.659+0000] {processor.py:186} INFO - Started process (PID=45799) to work on /home/airflow/.local/lib/python3.12/site-packages/airflow/example_dags/example_setup_teardown_taskflow.py
[2024-10-28T00:04:30.660+0000] {processor.py:914} INFO - Processing file /home/airflow/.local/lib/python3.12/site-packages/airflow/example_dags/example_setup_teardown_taskflow.py for tasks to queue
[2024-10-28T00:04:30.661+0000] {logging_mixin.py:190} INFO - [2024-10-28T00:04:30.661+0000] {dagbag.py:588} INFO - Filling up the DagBag from /home/airflow/.local/lib/python3.12/site-packages/airflow/example_dags/example_setup_teardown_taskflow.py
[2024-10-28T00:04:30.671+0000] {processor.py:925} INFO - DAG(s) 'example_setup_teardown_taskflow' retrieved from /home/airflow/.local/lib/python3.12/site-packages/airflow/example_dags/example_setup_teardown_taskflow.py
[2024-10-28T00:04:30.694+0000] {logging_mixin.py:190} INFO - [2024-10-28T00:04:30.694+0000] {dag.py:3239} INFO - Sync 1 DAGs
[2024-10-28T00:04:30.710+0000] {logging_mixin.py:190} INFO - [2024-10-28T00:04:30.709+0000] {dag.py:4180} INFO - Setting next_dagrun for example_setup_teardown_taskflow to None, run_after=None
[2024-10-28T00:04:30.729+0000] {processor.py:208} INFO - Processing /home/airflow/.local/lib/python3.12/site-packages/airflow/example_dags/example_setup_teardown_taskflow.py took 0.077 seconds
[2024-10-28T00:05:01.121+0000] {processor.py:186} INFO - Started process (PID=45873) to work on /home/airflow/.local/lib/python3.12/site-packages/airflow/example_dags/example_setup_teardown_taskflow.py
[2024-10-28T00:05:01.122+0000] {processor.py:914} INFO - Processing file /home/airflow/.local/lib/python3.12/site-packages/airflow/example_dags/example_setup_teardown_taskflow.py for tasks to queue
[2024-10-28T00:05:01.124+0000] {logging_mixin.py:190} INFO - [2024-10-28T00:05:01.124+0000] {dagbag.py:588} INFO - Filling up the DagBag from /home/airflow/.local/lib/python3.12/site-packages/airflow/example_dags/example_setup_teardown_taskflow.py
[2024-10-28T00:05:01.138+0000] {processor.py:925} INFO - DAG(s) 'example_setup_teardown_taskflow' retrieved from /home/airflow/.local/lib/python3.12/site-packages/airflow/example_dags/example_setup_teardown_taskflow.py
[2024-10-28T00:05:01.166+0000] {logging_mixin.py:190} INFO - [2024-10-28T00:05:01.166+0000] {dag.py:3239} INFO - Sync 1 DAGs
[2024-10-28T00:05:01.187+0000] {logging_mixin.py:190} INFO - [2024-10-28T00:05:01.187+0000] {dag.py:4180} INFO - Setting next_dagrun for example_setup_teardown_taskflow to None, run_after=None
[2024-10-28T00:05:01.212+0000] {processor.py:208} INFO - Processing /home/airflow/.local/lib/python3.12/site-packages/airflow/example_dags/example_setup_teardown_taskflow.py took 0.100 seconds
[2024-10-28T00:05:31.440+0000] {processor.py:186} INFO - Started process (PID=45947) to work on /home/airflow/.local/lib/python3.12/site-packages/airflow/example_dags/example_setup_teardown_taskflow.py
[2024-10-28T00:05:31.441+0000] {processor.py:914} INFO - Processing file /home/airflow/.local/lib/python3.12/site-packages/airflow/example_dags/example_setup_teardown_taskflow.py for tasks to queue
[2024-10-28T00:05:31.442+0000] {logging_mixin.py:190} INFO - [2024-10-28T00:05:31.442+0000] {dagbag.py:588} INFO - Filling up the DagBag from /home/airflow/.local/lib/python3.12/site-packages/airflow/example_dags/example_setup_teardown_taskflow.py
[2024-10-28T00:05:31.456+0000] {processor.py:925} INFO - DAG(s) 'example_setup_teardown_taskflow' retrieved from /home/airflow/.local/lib/python3.12/site-packages/airflow/example_dags/example_setup_teardown_taskflow.py
[2024-10-28T00:05:31.484+0000] {logging_mixin.py:190} INFO - [2024-10-28T00:05:31.484+0000] {dag.py:3239} INFO - Sync 1 DAGs
[2024-10-28T00:05:31.502+0000] {logging_mixin.py:190} INFO - [2024-10-28T00:05:31.502+0000] {dag.py:4180} INFO - Setting next_dagrun for example_setup_teardown_taskflow to None, run_after=None
[2024-10-28T00:05:31.521+0000] {processor.py:208} INFO - Processing /home/airflow/.local/lib/python3.12/site-packages/airflow/example_dags/example_setup_teardown_taskflow.py took 0.089 seconds
[2024-10-28T00:06:01.744+0000] {processor.py:186} INFO - Started process (PID=46021) to work on /home/airflow/.local/lib/python3.12/site-packages/airflow/example_dags/example_setup_teardown_taskflow.py
[2024-10-28T00:06:01.746+0000] {processor.py:914} INFO - Processing file /home/airflow/.local/lib/python3.12/site-packages/airflow/example_dags/example_setup_teardown_taskflow.py for tasks to queue
[2024-10-28T00:06:01.748+0000] {logging_mixin.py:190} INFO - [2024-10-28T00:06:01.747+0000] {dagbag.py:588} INFO - Filling up the DagBag from /home/airflow/.local/lib/python3.12/site-packages/airflow/example_dags/example_setup_teardown_taskflow.py
[2024-10-28T00:06:01.758+0000] {processor.py:925} INFO - DAG(s) 'example_setup_teardown_taskflow' retrieved from /home/airflow/.local/lib/python3.12/site-packages/airflow/example_dags/example_setup_teardown_taskflow.py
[2024-10-28T00:06:01.783+0000] {logging_mixin.py:190} INFO - [2024-10-28T00:06:01.783+0000] {dag.py:3239} INFO - Sync 1 DAGs
[2024-10-28T00:06:01.800+0000] {logging_mixin.py:190} INFO - [2024-10-28T00:06:01.800+0000] {dag.py:4180} INFO - Setting next_dagrun for example_setup_teardown_taskflow to None, run_after=None
[2024-10-28T00:06:01.821+0000] {processor.py:208} INFO - Processing /home/airflow/.local/lib/python3.12/site-packages/airflow/example_dags/example_setup_teardown_taskflow.py took 0.084 seconds
[2024-10-28T00:06:32.194+0000] {processor.py:186} INFO - Started process (PID=46095) to work on /home/airflow/.local/lib/python3.12/site-packages/airflow/example_dags/example_setup_teardown_taskflow.py
[2024-10-28T00:06:32.195+0000] {processor.py:914} INFO - Processing file /home/airflow/.local/lib/python3.12/site-packages/airflow/example_dags/example_setup_teardown_taskflow.py for tasks to queue
[2024-10-28T00:06:32.197+0000] {logging_mixin.py:190} INFO - [2024-10-28T00:06:32.197+0000] {dagbag.py:588} INFO - Filling up the DagBag from /home/airflow/.local/lib/python3.12/site-packages/airflow/example_dags/example_setup_teardown_taskflow.py
[2024-10-28T00:06:32.221+0000] {processor.py:925} INFO - DAG(s) 'example_setup_teardown_taskflow' retrieved from /home/airflow/.local/lib/python3.12/site-packages/airflow/example_dags/example_setup_teardown_taskflow.py
[2024-10-28T00:06:32.249+0000] {logging_mixin.py:190} INFO - [2024-10-28T00:06:32.249+0000] {dag.py:3239} INFO - Sync 1 DAGs
[2024-10-28T00:06:32.273+0000] {logging_mixin.py:190} INFO - [2024-10-28T00:06:32.272+0000] {dag.py:4180} INFO - Setting next_dagrun for example_setup_teardown_taskflow to None, run_after=None
[2024-10-28T00:06:32.303+0000] {processor.py:208} INFO - Processing /home/airflow/.local/lib/python3.12/site-packages/airflow/example_dags/example_setup_teardown_taskflow.py took 0.130 seconds
[2024-10-28T00:07:02.923+0000] {processor.py:186} INFO - Started process (PID=46169) to work on /home/airflow/.local/lib/python3.12/site-packages/airflow/example_dags/example_setup_teardown_taskflow.py
[2024-10-28T00:07:02.924+0000] {processor.py:914} INFO - Processing file /home/airflow/.local/lib/python3.12/site-packages/airflow/example_dags/example_setup_teardown_taskflow.py for tasks to queue
[2024-10-28T00:07:02.925+0000] {logging_mixin.py:190} INFO - [2024-10-28T00:07:02.925+0000] {dagbag.py:588} INFO - Filling up the DagBag from /home/airflow/.local/lib/python3.12/site-packages/airflow/example_dags/example_setup_teardown_taskflow.py
[2024-10-28T00:07:02.935+0000] {processor.py:925} INFO - DAG(s) 'example_setup_teardown_taskflow' retrieved from /home/airflow/.local/lib/python3.12/site-packages/airflow/example_dags/example_setup_teardown_taskflow.py
[2024-10-28T00:07:02.958+0000] {logging_mixin.py:190} INFO - [2024-10-28T00:07:02.958+0000] {dag.py:3239} INFO - Sync 1 DAGs
[2024-10-28T00:07:02.972+0000] {logging_mixin.py:190} INFO - [2024-10-28T00:07:02.972+0000] {dag.py:4180} INFO - Setting next_dagrun for example_setup_teardown_taskflow to None, run_after=None
[2024-10-28T00:07:02.991+0000] {processor.py:208} INFO - Processing /home/airflow/.local/lib/python3.12/site-packages/airflow/example_dags/example_setup_teardown_taskflow.py took 0.074 seconds
[2024-10-28T00:07:33.745+0000] {processor.py:186} INFO - Started process (PID=46243) to work on /home/airflow/.local/lib/python3.12/site-packages/airflow/example_dags/example_setup_teardown_taskflow.py
[2024-10-28T00:07:33.753+0000] {processor.py:914} INFO - Processing file /home/airflow/.local/lib/python3.12/site-packages/airflow/example_dags/example_setup_teardown_taskflow.py for tasks to queue
[2024-10-28T00:07:33.755+0000] {logging_mixin.py:190} INFO - [2024-10-28T00:07:33.754+0000] {dagbag.py:588} INFO - Filling up the DagBag from /home/airflow/.local/lib/python3.12/site-packages/airflow/example_dags/example_setup_teardown_taskflow.py
[2024-10-28T00:07:33.771+0000] {processor.py:925} INFO - DAG(s) 'example_setup_teardown_taskflow' retrieved from /home/airflow/.local/lib/python3.12/site-packages/airflow/example_dags/example_setup_teardown_taskflow.py
[2024-10-28T00:07:33.796+0000] {logging_mixin.py:190} INFO - [2024-10-28T00:07:33.796+0000] {dag.py:3239} INFO - Sync 1 DAGs
[2024-10-28T00:07:33.811+0000] {logging_mixin.py:190} INFO - [2024-10-28T00:07:33.811+0000] {dag.py:4180} INFO - Setting next_dagrun for example_setup_teardown_taskflow to None, run_after=None
[2024-10-28T00:07:33.830+0000] {processor.py:208} INFO - Processing /home/airflow/.local/lib/python3.12/site-packages/airflow/example_dags/example_setup_teardown_taskflow.py took 0.092 seconds
[2024-10-28T00:08:04.318+0000] {processor.py:186} INFO - Started process (PID=46318) to work on /home/airflow/.local/lib/python3.12/site-packages/airflow/example_dags/example_setup_teardown_taskflow.py
[2024-10-28T00:08:04.319+0000] {processor.py:914} INFO - Processing file /home/airflow/.local/lib/python3.12/site-packages/airflow/example_dags/example_setup_teardown_taskflow.py for tasks to queue
[2024-10-28T00:08:04.321+0000] {logging_mixin.py:190} INFO - [2024-10-28T00:08:04.320+0000] {dagbag.py:588} INFO - Filling up the DagBag from /home/airflow/.local/lib/python3.12/site-packages/airflow/example_dags/example_setup_teardown_taskflow.py
[2024-10-28T00:08:04.333+0000] {processor.py:925} INFO - DAG(s) 'example_setup_teardown_taskflow' retrieved from /home/airflow/.local/lib/python3.12/site-packages/airflow/example_dags/example_setup_teardown_taskflow.py
[2024-10-28T00:08:04.357+0000] {logging_mixin.py:190} INFO - [2024-10-28T00:08:04.356+0000] {dag.py:3239} INFO - Sync 1 DAGs
[2024-10-28T00:08:04.371+0000] {logging_mixin.py:190} INFO - [2024-10-28T00:08:04.371+0000] {dag.py:4180} INFO - Setting next_dagrun for example_setup_teardown_taskflow to None, run_after=None
[2024-10-28T00:08:04.390+0000] {processor.py:208} INFO - Processing /home/airflow/.local/lib/python3.12/site-packages/airflow/example_dags/example_setup_teardown_taskflow.py took 0.078 seconds
[2024-10-28T00:08:34.806+0000] {processor.py:186} INFO - Started process (PID=46392) to work on /home/airflow/.local/lib/python3.12/site-packages/airflow/example_dags/example_setup_teardown_taskflow.py
[2024-10-28T00:08:34.807+0000] {processor.py:914} INFO - Processing file /home/airflow/.local/lib/python3.12/site-packages/airflow/example_dags/example_setup_teardown_taskflow.py for tasks to queue
[2024-10-28T00:08:34.809+0000] {logging_mixin.py:190} INFO - [2024-10-28T00:08:34.809+0000] {dagbag.py:588} INFO - Filling up the DagBag from /home/airflow/.local/lib/python3.12/site-packages/airflow/example_dags/example_setup_teardown_taskflow.py
[2024-10-28T00:08:34.818+0000] {processor.py:925} INFO - DAG(s) 'example_setup_teardown_taskflow' retrieved from /home/airflow/.local/lib/python3.12/site-packages/airflow/example_dags/example_setup_teardown_taskflow.py
[2024-10-28T00:08:34.839+0000] {logging_mixin.py:190} INFO - [2024-10-28T00:08:34.839+0000] {dag.py:3239} INFO - Sync 1 DAGs
[2024-10-28T00:08:34.853+0000] {logging_mixin.py:190} INFO - [2024-10-28T00:08:34.853+0000] {dag.py:4180} INFO - Setting next_dagrun for example_setup_teardown_taskflow to None, run_after=None
[2024-10-28T00:08:34.874+0000] {processor.py:208} INFO - Processing /home/airflow/.local/lib/python3.12/site-packages/airflow/example_dags/example_setup_teardown_taskflow.py took 0.073 seconds
[2024-10-28T00:09:05.720+0000] {processor.py:186} INFO - Started process (PID=46466) to work on /home/airflow/.local/lib/python3.12/site-packages/airflow/example_dags/example_setup_teardown_taskflow.py
[2024-10-28T00:09:05.721+0000] {processor.py:914} INFO - Processing file /home/airflow/.local/lib/python3.12/site-packages/airflow/example_dags/example_setup_teardown_taskflow.py for tasks to queue
[2024-10-28T00:09:05.722+0000] {logging_mixin.py:190} INFO - [2024-10-28T00:09:05.722+0000] {dagbag.py:588} INFO - Filling up the DagBag from /home/airflow/.local/lib/python3.12/site-packages/airflow/example_dags/example_setup_teardown_taskflow.py
[2024-10-28T00:09:05.732+0000] {processor.py:925} INFO - DAG(s) 'example_setup_teardown_taskflow' retrieved from /home/airflow/.local/lib/python3.12/site-packages/airflow/example_dags/example_setup_teardown_taskflow.py
[2024-10-28T00:09:05.755+0000] {logging_mixin.py:190} INFO - [2024-10-28T00:09:05.755+0000] {dag.py:3239} INFO - Sync 1 DAGs
[2024-10-28T00:09:05.770+0000] {logging_mixin.py:190} INFO - [2024-10-28T00:09:05.770+0000] {dag.py:4180} INFO - Setting next_dagrun for example_setup_teardown_taskflow to None, run_after=None
[2024-10-28T00:09:05.791+0000] {processor.py:208} INFO - Processing /home/airflow/.local/lib/python3.12/site-packages/airflow/example_dags/example_setup_teardown_taskflow.py took 0.077 seconds
[2024-10-28T00:09:36.323+0000] {processor.py:186} INFO - Started process (PID=46540) to work on /home/airflow/.local/lib/python3.12/site-packages/airflow/example_dags/example_setup_teardown_taskflow.py
[2024-10-28T00:09:36.324+0000] {processor.py:914} INFO - Processing file /home/airflow/.local/lib/python3.12/site-packages/airflow/example_dags/example_setup_teardown_taskflow.py for tasks to queue
[2024-10-28T00:09:36.326+0000] {logging_mixin.py:190} INFO - [2024-10-28T00:09:36.326+0000] {dagbag.py:588} INFO - Filling up the DagBag from /home/airflow/.local/lib/python3.12/site-packages/airflow/example_dags/example_setup_teardown_taskflow.py
[2024-10-28T00:09:36.339+0000] {processor.py:925} INFO - DAG(s) 'example_setup_teardown_taskflow' retrieved from /home/airflow/.local/lib/python3.12/site-packages/airflow/example_dags/example_setup_teardown_taskflow.py
[2024-10-28T00:09:36.361+0000] {logging_mixin.py:190} INFO - [2024-10-28T00:09:36.361+0000] {dag.py:3239} INFO - Sync 1 DAGs
[2024-10-28T00:09:36.376+0000] {logging_mixin.py:190} INFO - [2024-10-28T00:09:36.376+0000] {dag.py:4180} INFO - Setting next_dagrun for example_setup_teardown_taskflow to None, run_after=None
[2024-10-28T00:09:36.408+0000] {processor.py:208} INFO - Processing /home/airflow/.local/lib/python3.12/site-packages/airflow/example_dags/example_setup_teardown_taskflow.py took 0.091 seconds
[2024-10-28T00:10:06.651+0000] {processor.py:186} INFO - Started process (PID=46620) to work on /home/airflow/.local/lib/python3.12/site-packages/airflow/example_dags/example_setup_teardown_taskflow.py
[2024-10-28T00:10:06.652+0000] {processor.py:914} INFO - Processing file /home/airflow/.local/lib/python3.12/site-packages/airflow/example_dags/example_setup_teardown_taskflow.py for tasks to queue
[2024-10-28T00:10:06.653+0000] {logging_mixin.py:190} INFO - [2024-10-28T00:10:06.653+0000] {dagbag.py:588} INFO - Filling up the DagBag from /home/airflow/.local/lib/python3.12/site-packages/airflow/example_dags/example_setup_teardown_taskflow.py
[2024-10-28T00:10:06.665+0000] {processor.py:925} INFO - DAG(s) 'example_setup_teardown_taskflow' retrieved from /home/airflow/.local/lib/python3.12/site-packages/airflow/example_dags/example_setup_teardown_taskflow.py
[2024-10-28T00:10:06.689+0000] {logging_mixin.py:190} INFO - [2024-10-28T00:10:06.689+0000] {dag.py:3239} INFO - Sync 1 DAGs
[2024-10-28T00:10:06.710+0000] {logging_mixin.py:190} INFO - [2024-10-28T00:10:06.710+0000] {dag.py:4180} INFO - Setting next_dagrun for example_setup_teardown_taskflow to None, run_after=None
[2024-10-28T00:10:06.731+0000] {processor.py:208} INFO - Processing /home/airflow/.local/lib/python3.12/site-packages/airflow/example_dags/example_setup_teardown_taskflow.py took 0.088 seconds
[2024-10-28T00:10:36.871+0000] {processor.py:186} INFO - Started process (PID=46694) to work on /home/airflow/.local/lib/python3.12/site-packages/airflow/example_dags/example_setup_teardown_taskflow.py
[2024-10-28T00:10:36.873+0000] {processor.py:914} INFO - Processing file /home/airflow/.local/lib/python3.12/site-packages/airflow/example_dags/example_setup_teardown_taskflow.py for tasks to queue
[2024-10-28T00:10:36.876+0000] {logging_mixin.py:190} INFO - [2024-10-28T00:10:36.876+0000] {dagbag.py:588} INFO - Filling up the DagBag from /home/airflow/.local/lib/python3.12/site-packages/airflow/example_dags/example_setup_teardown_taskflow.py
[2024-10-28T00:10:36.892+0000] {processor.py:925} INFO - DAG(s) 'example_setup_teardown_taskflow' retrieved from /home/airflow/.local/lib/python3.12/site-packages/airflow/example_dags/example_setup_teardown_taskflow.py
[2024-10-28T00:10:36.925+0000] {logging_mixin.py:190} INFO - [2024-10-28T00:10:36.924+0000] {dag.py:3239} INFO - Sync 1 DAGs
[2024-10-28T00:10:36.956+0000] {logging_mixin.py:190} INFO - [2024-10-28T00:10:36.955+0000] {dag.py:4180} INFO - Setting next_dagrun for example_setup_teardown_taskflow to None, run_after=None
[2024-10-28T00:10:36.988+0000] {processor.py:208} INFO - Processing /home/airflow/.local/lib/python3.12/site-packages/airflow/example_dags/example_setup_teardown_taskflow.py took 0.125 seconds
[2024-10-28T00:11:07.933+0000] {processor.py:186} INFO - Started process (PID=46768) to work on /home/airflow/.local/lib/python3.12/site-packages/airflow/example_dags/example_setup_teardown_taskflow.py
[2024-10-28T00:11:07.935+0000] {processor.py:914} INFO - Processing file /home/airflow/.local/lib/python3.12/site-packages/airflow/example_dags/example_setup_teardown_taskflow.py for tasks to queue
[2024-10-28T00:11:07.937+0000] {logging_mixin.py:190} INFO - [2024-10-28T00:11:07.937+0000] {dagbag.py:588} INFO - Filling up the DagBag from /home/airflow/.local/lib/python3.12/site-packages/airflow/example_dags/example_setup_teardown_taskflow.py
[2024-10-28T00:11:07.948+0000] {processor.py:925} INFO - DAG(s) 'example_setup_teardown_taskflow' retrieved from /home/airflow/.local/lib/python3.12/site-packages/airflow/example_dags/example_setup_teardown_taskflow.py
[2024-10-28T00:11:07.971+0000] {logging_mixin.py:190} INFO - [2024-10-28T00:11:07.970+0000] {dag.py:3239} INFO - Sync 1 DAGs
[2024-10-28T00:11:07.989+0000] {logging_mixin.py:190} INFO - [2024-10-28T00:11:07.988+0000] {dag.py:4180} INFO - Setting next_dagrun for example_setup_teardown_taskflow to None, run_after=None
[2024-10-28T00:11:08.015+0000] {processor.py:208} INFO - Processing /home/airflow/.local/lib/python3.12/site-packages/airflow/example_dags/example_setup_teardown_taskflow.py took 0.088 seconds
[2024-10-28T00:11:38.176+0000] {processor.py:186} INFO - Started process (PID=46842) to work on /home/airflow/.local/lib/python3.12/site-packages/airflow/example_dags/example_setup_teardown_taskflow.py
[2024-10-28T00:11:38.177+0000] {processor.py:914} INFO - Processing file /home/airflow/.local/lib/python3.12/site-packages/airflow/example_dags/example_setup_teardown_taskflow.py for tasks to queue
[2024-10-28T00:11:38.178+0000] {logging_mixin.py:190} INFO - [2024-10-28T00:11:38.178+0000] {dagbag.py:588} INFO - Filling up the DagBag from /home/airflow/.local/lib/python3.12/site-packages/airflow/example_dags/example_setup_teardown_taskflow.py
[2024-10-28T00:11:38.188+0000] {processor.py:925} INFO - DAG(s) 'example_setup_teardown_taskflow' retrieved from /home/airflow/.local/lib/python3.12/site-packages/airflow/example_dags/example_setup_teardown_taskflow.py
[2024-10-28T00:11:38.209+0000] {logging_mixin.py:190} INFO - [2024-10-28T00:11:38.209+0000] {dag.py:3239} INFO - Sync 1 DAGs
[2024-10-28T00:11:38.223+0000] {logging_mixin.py:190} INFO - [2024-10-28T00:11:38.223+0000] {dag.py:4180} INFO - Setting next_dagrun for example_setup_teardown_taskflow to None, run_after=None
[2024-10-28T00:11:38.241+0000] {processor.py:208} INFO - Processing /home/airflow/.local/lib/python3.12/site-packages/airflow/example_dags/example_setup_teardown_taskflow.py took 0.070 seconds
[2024-10-28T00:12:08.615+0000] {processor.py:186} INFO - Started process (PID=46916) to work on /home/airflow/.local/lib/python3.12/site-packages/airflow/example_dags/example_setup_teardown_taskflow.py
[2024-10-28T00:12:08.616+0000] {processor.py:914} INFO - Processing file /home/airflow/.local/lib/python3.12/site-packages/airflow/example_dags/example_setup_teardown_taskflow.py for tasks to queue
[2024-10-28T00:12:08.617+0000] {logging_mixin.py:190} INFO - [2024-10-28T00:12:08.617+0000] {dagbag.py:588} INFO - Filling up the DagBag from /home/airflow/.local/lib/python3.12/site-packages/airflow/example_dags/example_setup_teardown_taskflow.py
[2024-10-28T00:12:08.627+0000] {processor.py:925} INFO - DAG(s) 'example_setup_teardown_taskflow' retrieved from /home/airflow/.local/lib/python3.12/site-packages/airflow/example_dags/example_setup_teardown_taskflow.py
[2024-10-28T00:12:08.647+0000] {logging_mixin.py:190} INFO - [2024-10-28T00:12:08.647+0000] {dag.py:3239} INFO - Sync 1 DAGs
[2024-10-28T00:12:08.661+0000] {logging_mixin.py:190} INFO - [2024-10-28T00:12:08.661+0000] {dag.py:4180} INFO - Setting next_dagrun for example_setup_teardown_taskflow to None, run_after=None
[2024-10-28T00:12:08.678+0000] {processor.py:208} INFO - Processing /home/airflow/.local/lib/python3.12/site-packages/airflow/example_dags/example_setup_teardown_taskflow.py took 0.069 seconds
[2024-10-28T00:12:39.144+0000] {processor.py:186} INFO - Started process (PID=46990) to work on /home/airflow/.local/lib/python3.12/site-packages/airflow/example_dags/example_setup_teardown_taskflow.py
[2024-10-28T00:12:39.145+0000] {processor.py:914} INFO - Processing file /home/airflow/.local/lib/python3.12/site-packages/airflow/example_dags/example_setup_teardown_taskflow.py for tasks to queue
[2024-10-28T00:12:39.146+0000] {logging_mixin.py:190} INFO - [2024-10-28T00:12:39.146+0000] {dagbag.py:588} INFO - Filling up the DagBag from /home/airflow/.local/lib/python3.12/site-packages/airflow/example_dags/example_setup_teardown_taskflow.py
[2024-10-28T00:12:39.156+0000] {processor.py:925} INFO - DAG(s) 'example_setup_teardown_taskflow' retrieved from /home/airflow/.local/lib/python3.12/site-packages/airflow/example_dags/example_setup_teardown_taskflow.py
[2024-10-28T00:12:39.177+0000] {logging_mixin.py:190} INFO - [2024-10-28T00:12:39.177+0000] {dag.py:3239} INFO - Sync 1 DAGs
[2024-10-28T00:12:39.191+0000] {logging_mixin.py:190} INFO - [2024-10-28T00:12:39.191+0000] {dag.py:4180} INFO - Setting next_dagrun for example_setup_teardown_taskflow to None, run_after=None
[2024-10-28T00:12:39.208+0000] {processor.py:208} INFO - Processing /home/airflow/.local/lib/python3.12/site-packages/airflow/example_dags/example_setup_teardown_taskflow.py took 0.070 seconds
[2024-10-28T00:13:09.492+0000] {processor.py:186} INFO - Started process (PID=47064) to work on /home/airflow/.local/lib/python3.12/site-packages/airflow/example_dags/example_setup_teardown_taskflow.py
[2024-10-28T00:13:09.493+0000] {processor.py:914} INFO - Processing file /home/airflow/.local/lib/python3.12/site-packages/airflow/example_dags/example_setup_teardown_taskflow.py for tasks to queue
[2024-10-28T00:13:09.494+0000] {logging_mixin.py:190} INFO - [2024-10-28T00:13:09.494+0000] {dagbag.py:588} INFO - Filling up the DagBag from /home/airflow/.local/lib/python3.12/site-packages/airflow/example_dags/example_setup_teardown_taskflow.py
[2024-10-28T00:13:09.504+0000] {processor.py:925} INFO - DAG(s) 'example_setup_teardown_taskflow' retrieved from /home/airflow/.local/lib/python3.12/site-packages/airflow/example_dags/example_setup_teardown_taskflow.py
[2024-10-28T00:13:09.526+0000] {logging_mixin.py:190} INFO - [2024-10-28T00:13:09.525+0000] {dag.py:3239} INFO - Sync 1 DAGs
[2024-10-28T00:13:09.540+0000] {logging_mixin.py:190} INFO - [2024-10-28T00:13:09.539+0000] {dag.py:4180} INFO - Setting next_dagrun for example_setup_teardown_taskflow to None, run_after=None
[2024-10-28T00:13:09.558+0000] {processor.py:208} INFO - Processing /home/airflow/.local/lib/python3.12/site-packages/airflow/example_dags/example_setup_teardown_taskflow.py took 0.071 seconds
[2024-10-28T00:13:39.823+0000] {processor.py:186} INFO - Started process (PID=47138) to work on /home/airflow/.local/lib/python3.12/site-packages/airflow/example_dags/example_setup_teardown_taskflow.py
[2024-10-28T00:13:39.824+0000] {processor.py:914} INFO - Processing file /home/airflow/.local/lib/python3.12/site-packages/airflow/example_dags/example_setup_teardown_taskflow.py for tasks to queue
[2024-10-28T00:13:39.825+0000] {logging_mixin.py:190} INFO - [2024-10-28T00:13:39.825+0000] {dagbag.py:588} INFO - Filling up the DagBag from /home/airflow/.local/lib/python3.12/site-packages/airflow/example_dags/example_setup_teardown_taskflow.py
[2024-10-28T00:13:39.835+0000] {processor.py:925} INFO - DAG(s) 'example_setup_teardown_taskflow' retrieved from /home/airflow/.local/lib/python3.12/site-packages/airflow/example_dags/example_setup_teardown_taskflow.py
[2024-10-28T00:13:39.856+0000] {logging_mixin.py:190} INFO - [2024-10-28T00:13:39.855+0000] {dag.py:3239} INFO - Sync 1 DAGs
[2024-10-28T00:13:39.869+0000] {logging_mixin.py:190} INFO - [2024-10-28T00:13:39.869+0000] {dag.py:4180} INFO - Setting next_dagrun for example_setup_teardown_taskflow to None, run_after=None
[2024-10-28T00:13:39.887+0000] {processor.py:208} INFO - Processing /home/airflow/.local/lib/python3.12/site-packages/airflow/example_dags/example_setup_teardown_taskflow.py took 0.069 seconds
[2024-10-28T00:14:10.146+0000] {processor.py:186} INFO - Started process (PID=47212) to work on /home/airflow/.local/lib/python3.12/site-packages/airflow/example_dags/example_setup_teardown_taskflow.py
[2024-10-28T00:14:10.147+0000] {processor.py:914} INFO - Processing file /home/airflow/.local/lib/python3.12/site-packages/airflow/example_dags/example_setup_teardown_taskflow.py for tasks to queue
[2024-10-28T00:14:10.149+0000] {logging_mixin.py:190} INFO - [2024-10-28T00:14:10.148+0000] {dagbag.py:588} INFO - Filling up the DagBag from /home/airflow/.local/lib/python3.12/site-packages/airflow/example_dags/example_setup_teardown_taskflow.py
[2024-10-28T00:14:10.158+0000] {processor.py:925} INFO - DAG(s) 'example_setup_teardown_taskflow' retrieved from /home/airflow/.local/lib/python3.12/site-packages/airflow/example_dags/example_setup_teardown_taskflow.py
[2024-10-28T00:14:10.179+0000] {logging_mixin.py:190} INFO - [2024-10-28T00:14:10.178+0000] {dag.py:3239} INFO - Sync 1 DAGs
[2024-10-28T00:14:10.193+0000] {logging_mixin.py:190} INFO - [2024-10-28T00:14:10.193+0000] {dag.py:4180} INFO - Setting next_dagrun for example_setup_teardown_taskflow to None, run_after=None
[2024-10-28T00:14:10.211+0000] {processor.py:208} INFO - Processing /home/airflow/.local/lib/python3.12/site-packages/airflow/example_dags/example_setup_teardown_taskflow.py took 0.070 seconds
[2024-10-28T00:14:40.405+0000] {processor.py:186} INFO - Started process (PID=47286) to work on /home/airflow/.local/lib/python3.12/site-packages/airflow/example_dags/example_setup_teardown_taskflow.py
[2024-10-28T00:14:40.406+0000] {processor.py:914} INFO - Processing file /home/airflow/.local/lib/python3.12/site-packages/airflow/example_dags/example_setup_teardown_taskflow.py for tasks to queue
[2024-10-28T00:14:40.407+0000] {logging_mixin.py:190} INFO - [2024-10-28T00:14:40.407+0000] {dagbag.py:588} INFO - Filling up the DagBag from /home/airflow/.local/lib/python3.12/site-packages/airflow/example_dags/example_setup_teardown_taskflow.py
[2024-10-28T00:14:40.416+0000] {processor.py:925} INFO - DAG(s) 'example_setup_teardown_taskflow' retrieved from /home/airflow/.local/lib/python3.12/site-packages/airflow/example_dags/example_setup_teardown_taskflow.py
[2024-10-28T00:14:40.437+0000] {logging_mixin.py:190} INFO - [2024-10-28T00:14:40.437+0000] {dag.py:3239} INFO - Sync 1 DAGs
[2024-10-28T00:14:40.451+0000] {logging_mixin.py:190} INFO - [2024-10-28T00:14:40.451+0000] {dag.py:4180} INFO - Setting next_dagrun for example_setup_teardown_taskflow to None, run_after=None
[2024-10-28T00:14:40.469+0000] {processor.py:208} INFO - Processing /home/airflow/.local/lib/python3.12/site-packages/airflow/example_dags/example_setup_teardown_taskflow.py took 0.070 seconds
[2024-10-28T00:15:10.932+0000] {processor.py:186} INFO - Started process (PID=47360) to work on /home/airflow/.local/lib/python3.12/site-packages/airflow/example_dags/example_setup_teardown_taskflow.py
[2024-10-28T00:15:10.933+0000] {processor.py:914} INFO - Processing file /home/airflow/.local/lib/python3.12/site-packages/airflow/example_dags/example_setup_teardown_taskflow.py for tasks to queue
[2024-10-28T00:15:10.934+0000] {logging_mixin.py:190} INFO - [2024-10-28T00:15:10.934+0000] {dagbag.py:588} INFO - Filling up the DagBag from /home/airflow/.local/lib/python3.12/site-packages/airflow/example_dags/example_setup_teardown_taskflow.py
[2024-10-28T00:15:10.944+0000] {processor.py:925} INFO - DAG(s) 'example_setup_teardown_taskflow' retrieved from /home/airflow/.local/lib/python3.12/site-packages/airflow/example_dags/example_setup_teardown_taskflow.py
[2024-10-28T00:15:10.965+0000] {logging_mixin.py:190} INFO - [2024-10-28T00:15:10.965+0000] {dag.py:3239} INFO - Sync 1 DAGs
[2024-10-28T00:15:10.979+0000] {logging_mixin.py:190} INFO - [2024-10-28T00:15:10.978+0000] {dag.py:4180} INFO - Setting next_dagrun for example_setup_teardown_taskflow to None, run_after=None
[2024-10-28T00:15:10.997+0000] {processor.py:208} INFO - Processing /home/airflow/.local/lib/python3.12/site-packages/airflow/example_dags/example_setup_teardown_taskflow.py took 0.070 seconds
[2024-10-28T00:15:41.397+0000] {processor.py:186} INFO - Started process (PID=47434) to work on /home/airflow/.local/lib/python3.12/site-packages/airflow/example_dags/example_setup_teardown_taskflow.py
[2024-10-28T00:15:41.398+0000] {processor.py:914} INFO - Processing file /home/airflow/.local/lib/python3.12/site-packages/airflow/example_dags/example_setup_teardown_taskflow.py for tasks to queue
[2024-10-28T00:15:41.400+0000] {logging_mixin.py:190} INFO - [2024-10-28T00:15:41.399+0000] {dagbag.py:588} INFO - Filling up the DagBag from /home/airflow/.local/lib/python3.12/site-packages/airflow/example_dags/example_setup_teardown_taskflow.py
[2024-10-28T00:15:41.409+0000] {processor.py:925} INFO - DAG(s) 'example_setup_teardown_taskflow' retrieved from /home/airflow/.local/lib/python3.12/site-packages/airflow/example_dags/example_setup_teardown_taskflow.py
[2024-10-28T00:15:41.430+0000] {logging_mixin.py:190} INFO - [2024-10-28T00:15:41.430+0000] {dag.py:3239} INFO - Sync 1 DAGs
[2024-10-28T00:15:41.444+0000] {logging_mixin.py:190} INFO - [2024-10-28T00:15:41.444+0000] {dag.py:4180} INFO - Setting next_dagrun for example_setup_teardown_taskflow to None, run_after=None
[2024-10-28T00:15:41.462+0000] {processor.py:208} INFO - Processing /home/airflow/.local/lib/python3.12/site-packages/airflow/example_dags/example_setup_teardown_taskflow.py took 0.070 seconds
[2024-10-28T00:16:12.285+0000] {processor.py:186} INFO - Started process (PID=47508) to work on /home/airflow/.local/lib/python3.12/site-packages/airflow/example_dags/example_setup_teardown_taskflow.py
[2024-10-28T00:16:12.286+0000] {processor.py:914} INFO - Processing file /home/airflow/.local/lib/python3.12/site-packages/airflow/example_dags/example_setup_teardown_taskflow.py for tasks to queue
[2024-10-28T00:16:12.287+0000] {logging_mixin.py:190} INFO - [2024-10-28T00:16:12.287+0000] {dagbag.py:588} INFO - Filling up the DagBag from /home/airflow/.local/lib/python3.12/site-packages/airflow/example_dags/example_setup_teardown_taskflow.py
[2024-10-28T00:16:12.296+0000] {processor.py:925} INFO - DAG(s) 'example_setup_teardown_taskflow' retrieved from /home/airflow/.local/lib/python3.12/site-packages/airflow/example_dags/example_setup_teardown_taskflow.py
[2024-10-28T00:16:12.317+0000] {logging_mixin.py:190} INFO - [2024-10-28T00:16:12.316+0000] {dag.py:3239} INFO - Sync 1 DAGs
[2024-10-28T00:16:12.331+0000] {logging_mixin.py:190} INFO - [2024-10-28T00:16:12.331+0000] {dag.py:4180} INFO - Setting next_dagrun for example_setup_teardown_taskflow to None, run_after=None
[2024-10-28T00:16:12.349+0000] {processor.py:208} INFO - Processing /home/airflow/.local/lib/python3.12/site-packages/airflow/example_dags/example_setup_teardown_taskflow.py took 0.070 seconds
[2024-10-28T00:16:43.195+0000] {processor.py:186} INFO - Started process (PID=47582) to work on /home/airflow/.local/lib/python3.12/site-packages/airflow/example_dags/example_setup_teardown_taskflow.py
[2024-10-28T00:16:43.196+0000] {processor.py:914} INFO - Processing file /home/airflow/.local/lib/python3.12/site-packages/airflow/example_dags/example_setup_teardown_taskflow.py for tasks to queue
[2024-10-28T00:16:43.198+0000] {logging_mixin.py:190} INFO - [2024-10-28T00:16:43.198+0000] {dagbag.py:588} INFO - Filling up the DagBag from /home/airflow/.local/lib/python3.12/site-packages/airflow/example_dags/example_setup_teardown_taskflow.py
[2024-10-28T00:16:43.209+0000] {processor.py:925} INFO - DAG(s) 'example_setup_teardown_taskflow' retrieved from /home/airflow/.local/lib/python3.12/site-packages/airflow/example_dags/example_setup_teardown_taskflow.py
[2024-10-28T00:16:43.229+0000] {logging_mixin.py:190} INFO - [2024-10-28T00:16:43.229+0000] {dag.py:3239} INFO - Sync 1 DAGs
[2024-10-28T00:16:43.251+0000] {logging_mixin.py:190} INFO - [2024-10-28T00:16:43.251+0000] {dag.py:4180} INFO - Setting next_dagrun for example_setup_teardown_taskflow to None, run_after=None
[2024-10-28T00:16:43.270+0000] {processor.py:208} INFO - Processing /home/airflow/.local/lib/python3.12/site-packages/airflow/example_dags/example_setup_teardown_taskflow.py took 0.082 seconds
[2024-10-28T00:17:13.777+0000] {processor.py:186} INFO - Started process (PID=47656) to work on /home/airflow/.local/lib/python3.12/site-packages/airflow/example_dags/example_setup_teardown_taskflow.py
[2024-10-28T00:17:13.778+0000] {processor.py:914} INFO - Processing file /home/airflow/.local/lib/python3.12/site-packages/airflow/example_dags/example_setup_teardown_taskflow.py for tasks to queue
[2024-10-28T00:17:13.779+0000] {logging_mixin.py:190} INFO - [2024-10-28T00:17:13.779+0000] {dagbag.py:588} INFO - Filling up the DagBag from /home/airflow/.local/lib/python3.12/site-packages/airflow/example_dags/example_setup_teardown_taskflow.py
[2024-10-28T00:17:13.789+0000] {processor.py:925} INFO - DAG(s) 'example_setup_teardown_taskflow' retrieved from /home/airflow/.local/lib/python3.12/site-packages/airflow/example_dags/example_setup_teardown_taskflow.py
[2024-10-28T00:17:13.808+0000] {logging_mixin.py:190} INFO - [2024-10-28T00:17:13.808+0000] {dag.py:3239} INFO - Sync 1 DAGs
[2024-10-28T00:17:13.822+0000] {logging_mixin.py:190} INFO - [2024-10-28T00:17:13.822+0000] {dag.py:4180} INFO - Setting next_dagrun for example_setup_teardown_taskflow to None, run_after=None
[2024-10-28T00:17:13.838+0000] {processor.py:208} INFO - Processing /home/airflow/.local/lib/python3.12/site-packages/airflow/example_dags/example_setup_teardown_taskflow.py took 0.067 seconds
[2024-10-28T00:17:44.817+0000] {processor.py:186} INFO - Started process (PID=47730) to work on /home/airflow/.local/lib/python3.12/site-packages/airflow/example_dags/example_setup_teardown_taskflow.py
[2024-10-28T00:17:44.818+0000] {processor.py:914} INFO - Processing file /home/airflow/.local/lib/python3.12/site-packages/airflow/example_dags/example_setup_teardown_taskflow.py for tasks to queue
[2024-10-28T00:17:44.819+0000] {logging_mixin.py:190} INFO - [2024-10-28T00:17:44.819+0000] {dagbag.py:588} INFO - Filling up the DagBag from /home/airflow/.local/lib/python3.12/site-packages/airflow/example_dags/example_setup_teardown_taskflow.py
[2024-10-28T00:17:44.832+0000] {processor.py:925} INFO - DAG(s) 'example_setup_teardown_taskflow' retrieved from /home/airflow/.local/lib/python3.12/site-packages/airflow/example_dags/example_setup_teardown_taskflow.py
[2024-10-28T00:17:44.860+0000] {logging_mixin.py:190} INFO - [2024-10-28T00:17:44.860+0000] {dag.py:3239} INFO - Sync 1 DAGs
[2024-10-28T00:17:44.880+0000] {logging_mixin.py:190} INFO - [2024-10-28T00:17:44.880+0000] {dag.py:4180} INFO - Setting next_dagrun for example_setup_teardown_taskflow to None, run_after=None
[2024-10-28T00:17:44.905+0000] {processor.py:208} INFO - Processing /home/airflow/.local/lib/python3.12/site-packages/airflow/example_dags/example_setup_teardown_taskflow.py took 0.095 seconds
[2024-10-28T00:18:15.240+0000] {processor.py:186} INFO - Started process (PID=47804) to work on /home/airflow/.local/lib/python3.12/site-packages/airflow/example_dags/example_setup_teardown_taskflow.py
[2024-10-28T00:18:15.241+0000] {processor.py:914} INFO - Processing file /home/airflow/.local/lib/python3.12/site-packages/airflow/example_dags/example_setup_teardown_taskflow.py for tasks to queue
[2024-10-28T00:18:15.243+0000] {logging_mixin.py:190} INFO - [2024-10-28T00:18:15.242+0000] {dagbag.py:588} INFO - Filling up the DagBag from /home/airflow/.local/lib/python3.12/site-packages/airflow/example_dags/example_setup_teardown_taskflow.py
[2024-10-28T00:18:15.253+0000] {processor.py:925} INFO - DAG(s) 'example_setup_teardown_taskflow' retrieved from /home/airflow/.local/lib/python3.12/site-packages/airflow/example_dags/example_setup_teardown_taskflow.py
[2024-10-28T00:18:15.275+0000] {logging_mixin.py:190} INFO - [2024-10-28T00:18:15.275+0000] {dag.py:3239} INFO - Sync 1 DAGs
[2024-10-28T00:18:15.290+0000] {logging_mixin.py:190} INFO - [2024-10-28T00:18:15.290+0000] {dag.py:4180} INFO - Setting next_dagrun for example_setup_teardown_taskflow to None, run_after=None
[2024-10-28T00:18:15.309+0000] {processor.py:208} INFO - Processing /home/airflow/.local/lib/python3.12/site-packages/airflow/example_dags/example_setup_teardown_taskflow.py took 0.076 seconds
[2024-10-28T00:18:46.842+0000] {processor.py:186} INFO - Started process (PID=47878) to work on /home/airflow/.local/lib/python3.12/site-packages/airflow/example_dags/example_setup_teardown_taskflow.py
[2024-10-28T00:18:46.843+0000] {processor.py:914} INFO - Processing file /home/airflow/.local/lib/python3.12/site-packages/airflow/example_dags/example_setup_teardown_taskflow.py for tasks to queue
[2024-10-28T00:18:46.844+0000] {logging_mixin.py:190} INFO - [2024-10-28T00:18:46.844+0000] {dagbag.py:588} INFO - Filling up the DagBag from /home/airflow/.local/lib/python3.12/site-packages/airflow/example_dags/example_setup_teardown_taskflow.py
[2024-10-28T00:18:46.860+0000] {processor.py:925} INFO - DAG(s) 'example_setup_teardown_taskflow' retrieved from /home/airflow/.local/lib/python3.12/site-packages/airflow/example_dags/example_setup_teardown_taskflow.py
[2024-10-28T00:18:46.890+0000] {logging_mixin.py:190} INFO - [2024-10-28T00:18:46.889+0000] {dag.py:3239} INFO - Sync 1 DAGs
[2024-10-28T00:18:46.907+0000] {logging_mixin.py:190} INFO - [2024-10-28T00:18:46.907+0000] {dag.py:4180} INFO - Setting next_dagrun for example_setup_teardown_taskflow to None, run_after=None
[2024-10-28T00:18:46.929+0000] {processor.py:208} INFO - Processing /home/airflow/.local/lib/python3.12/site-packages/airflow/example_dags/example_setup_teardown_taskflow.py took 0.097 seconds
[2024-10-28T00:19:17.323+0000] {processor.py:186} INFO - Started process (PID=47952) to work on /home/airflow/.local/lib/python3.12/site-packages/airflow/example_dags/example_setup_teardown_taskflow.py
[2024-10-28T00:19:17.324+0000] {processor.py:914} INFO - Processing file /home/airflow/.local/lib/python3.12/site-packages/airflow/example_dags/example_setup_teardown_taskflow.py for tasks to queue
[2024-10-28T00:19:17.326+0000] {logging_mixin.py:190} INFO - [2024-10-28T00:19:17.325+0000] {dagbag.py:588} INFO - Filling up the DagBag from /home/airflow/.local/lib/python3.12/site-packages/airflow/example_dags/example_setup_teardown_taskflow.py
[2024-10-28T00:19:17.338+0000] {processor.py:925} INFO - DAG(s) 'example_setup_teardown_taskflow' retrieved from /home/airflow/.local/lib/python3.12/site-packages/airflow/example_dags/example_setup_teardown_taskflow.py
[2024-10-28T00:19:17.367+0000] {logging_mixin.py:190} INFO - [2024-10-28T00:19:17.367+0000] {dag.py:3239} INFO - Sync 1 DAGs
[2024-10-28T00:19:17.386+0000] {logging_mixin.py:190} INFO - [2024-10-28T00:19:17.386+0000] {dag.py:4180} INFO - Setting next_dagrun for example_setup_teardown_taskflow to None, run_after=None
[2024-10-28T00:19:17.409+0000] {processor.py:208} INFO - Processing /home/airflow/.local/lib/python3.12/site-packages/airflow/example_dags/example_setup_teardown_taskflow.py took 0.093 seconds
[2024-10-28T00:19:48.514+0000] {processor.py:186} INFO - Started process (PID=48026) to work on /home/airflow/.local/lib/python3.12/site-packages/airflow/example_dags/example_setup_teardown_taskflow.py
[2024-10-28T00:19:48.515+0000] {processor.py:914} INFO - Processing file /home/airflow/.local/lib/python3.12/site-packages/airflow/example_dags/example_setup_teardown_taskflow.py for tasks to queue
[2024-10-28T00:19:48.517+0000] {logging_mixin.py:190} INFO - [2024-10-28T00:19:48.517+0000] {dagbag.py:588} INFO - Filling up the DagBag from /home/airflow/.local/lib/python3.12/site-packages/airflow/example_dags/example_setup_teardown_taskflow.py
[2024-10-28T00:19:48.537+0000] {processor.py:925} INFO - DAG(s) 'example_setup_teardown_taskflow' retrieved from /home/airflow/.local/lib/python3.12/site-packages/airflow/example_dags/example_setup_teardown_taskflow.py
[2024-10-28T00:19:48.596+0000] {logging_mixin.py:190} INFO - [2024-10-28T00:19:48.596+0000] {dag.py:3239} INFO - Sync 1 DAGs
[2024-10-28T00:19:48.625+0000] {logging_mixin.py:190} INFO - [2024-10-28T00:19:48.625+0000] {dag.py:4180} INFO - Setting next_dagrun for example_setup_teardown_taskflow to None, run_after=None
[2024-10-28T00:19:48.655+0000] {processor.py:208} INFO - Processing /home/airflow/.local/lib/python3.12/site-packages/airflow/example_dags/example_setup_teardown_taskflow.py took 0.151 seconds
[2024-10-28T00:20:19.190+0000] {processor.py:186} INFO - Started process (PID=48100) to work on /home/airflow/.local/lib/python3.12/site-packages/airflow/example_dags/example_setup_teardown_taskflow.py
[2024-10-28T00:20:19.191+0000] {processor.py:914} INFO - Processing file /home/airflow/.local/lib/python3.12/site-packages/airflow/example_dags/example_setup_teardown_taskflow.py for tasks to queue
[2024-10-28T00:20:19.193+0000] {logging_mixin.py:190} INFO - [2024-10-28T00:20:19.193+0000] {dagbag.py:588} INFO - Filling up the DagBag from /home/airflow/.local/lib/python3.12/site-packages/airflow/example_dags/example_setup_teardown_taskflow.py
[2024-10-28T00:20:19.204+0000] {processor.py:925} INFO - DAG(s) 'example_setup_teardown_taskflow' retrieved from /home/airflow/.local/lib/python3.12/site-packages/airflow/example_dags/example_setup_teardown_taskflow.py
[2024-10-28T00:20:19.227+0000] {logging_mixin.py:190} INFO - [2024-10-28T00:20:19.227+0000] {dag.py:3239} INFO - Sync 1 DAGs
[2024-10-28T00:20:19.242+0000] {logging_mixin.py:190} INFO - [2024-10-28T00:20:19.242+0000] {dag.py:4180} INFO - Setting next_dagrun for example_setup_teardown_taskflow to None, run_after=None
[2024-10-28T00:20:19.263+0000] {processor.py:208} INFO - Processing /home/airflow/.local/lib/python3.12/site-packages/airflow/example_dags/example_setup_teardown_taskflow.py took 0.079 seconds
[2024-10-28T00:20:50.040+0000] {processor.py:186} INFO - Started process (PID=48174) to work on /home/airflow/.local/lib/python3.12/site-packages/airflow/example_dags/example_setup_teardown_taskflow.py
[2024-10-28T00:20:50.042+0000] {processor.py:914} INFO - Processing file /home/airflow/.local/lib/python3.12/site-packages/airflow/example_dags/example_setup_teardown_taskflow.py for tasks to queue
[2024-10-28T00:20:50.043+0000] {logging_mixin.py:190} INFO - [2024-10-28T00:20:50.043+0000] {dagbag.py:588} INFO - Filling up the DagBag from /home/airflow/.local/lib/python3.12/site-packages/airflow/example_dags/example_setup_teardown_taskflow.py
[2024-10-28T00:20:50.055+0000] {processor.py:925} INFO - DAG(s) 'example_setup_teardown_taskflow' retrieved from /home/airflow/.local/lib/python3.12/site-packages/airflow/example_dags/example_setup_teardown_taskflow.py
[2024-10-28T00:20:50.076+0000] {logging_mixin.py:190} INFO - [2024-10-28T00:20:50.076+0000] {dag.py:3239} INFO - Sync 1 DAGs
[2024-10-28T00:20:50.093+0000] {logging_mixin.py:190} INFO - [2024-10-28T00:20:50.092+0000] {dag.py:4180} INFO - Setting next_dagrun for example_setup_teardown_taskflow to None, run_after=None
[2024-10-28T00:20:50.110+0000] {processor.py:208} INFO - Processing /home/airflow/.local/lib/python3.12/site-packages/airflow/example_dags/example_setup_teardown_taskflow.py took 0.076 seconds
[2024-10-28T00:21:20.680+0000] {processor.py:186} INFO - Started process (PID=48248) to work on /home/airflow/.local/lib/python3.12/site-packages/airflow/example_dags/example_setup_teardown_taskflow.py
[2024-10-28T00:21:20.682+0000] {processor.py:914} INFO - Processing file /home/airflow/.local/lib/python3.12/site-packages/airflow/example_dags/example_setup_teardown_taskflow.py for tasks to queue
[2024-10-28T00:21:20.683+0000] {logging_mixin.py:190} INFO - [2024-10-28T00:21:20.683+0000] {dagbag.py:588} INFO - Filling up the DagBag from /home/airflow/.local/lib/python3.12/site-packages/airflow/example_dags/example_setup_teardown_taskflow.py
[2024-10-28T00:21:20.694+0000] {processor.py:925} INFO - DAG(s) 'example_setup_teardown_taskflow' retrieved from /home/airflow/.local/lib/python3.12/site-packages/airflow/example_dags/example_setup_teardown_taskflow.py
[2024-10-28T00:21:20.724+0000] {logging_mixin.py:190} INFO - [2024-10-28T00:21:20.724+0000] {dag.py:3239} INFO - Sync 1 DAGs
[2024-10-28T00:21:20.742+0000] {logging_mixin.py:190} INFO - [2024-10-28T00:21:20.742+0000] {dag.py:4180} INFO - Setting next_dagrun for example_setup_teardown_taskflow to None, run_after=None
[2024-10-28T00:21:20.765+0000] {processor.py:208} INFO - Processing /home/airflow/.local/lib/python3.12/site-packages/airflow/example_dags/example_setup_teardown_taskflow.py took 0.091 seconds
[2024-10-28T00:21:51.229+0000] {processor.py:186} INFO - Started process (PID=48322) to work on /home/airflow/.local/lib/python3.12/site-packages/airflow/example_dags/example_setup_teardown_taskflow.py
[2024-10-28T00:21:51.230+0000] {processor.py:914} INFO - Processing file /home/airflow/.local/lib/python3.12/site-packages/airflow/example_dags/example_setup_teardown_taskflow.py for tasks to queue
[2024-10-28T00:21:51.231+0000] {logging_mixin.py:190} INFO - [2024-10-28T00:21:51.231+0000] {dagbag.py:588} INFO - Filling up the DagBag from /home/airflow/.local/lib/python3.12/site-packages/airflow/example_dags/example_setup_teardown_taskflow.py
[2024-10-28T00:21:51.241+0000] {processor.py:925} INFO - DAG(s) 'example_setup_teardown_taskflow' retrieved from /home/airflow/.local/lib/python3.12/site-packages/airflow/example_dags/example_setup_teardown_taskflow.py
[2024-10-28T00:21:51.268+0000] {logging_mixin.py:190} INFO - [2024-10-28T00:21:51.267+0000] {dag.py:3239} INFO - Sync 1 DAGs
[2024-10-28T00:21:51.285+0000] {logging_mixin.py:190} INFO - [2024-10-28T00:21:51.285+0000] {dag.py:4180} INFO - Setting next_dagrun for example_setup_teardown_taskflow to None, run_after=None
[2024-10-28T00:21:51.304+0000] {processor.py:208} INFO - Processing /home/airflow/.local/lib/python3.12/site-packages/airflow/example_dags/example_setup_teardown_taskflow.py took 0.082 seconds
[2024-10-28T00:22:21.943+0000] {processor.py:186} INFO - Started process (PID=48396) to work on /home/airflow/.local/lib/python3.12/site-packages/airflow/example_dags/example_setup_teardown_taskflow.py
[2024-10-28T00:22:21.945+0000] {processor.py:914} INFO - Processing file /home/airflow/.local/lib/python3.12/site-packages/airflow/example_dags/example_setup_teardown_taskflow.py for tasks to queue
[2024-10-28T00:22:21.947+0000] {logging_mixin.py:190} INFO - [2024-10-28T00:22:21.947+0000] {dagbag.py:588} INFO - Filling up the DagBag from /home/airflow/.local/lib/python3.12/site-packages/airflow/example_dags/example_setup_teardown_taskflow.py
[2024-10-28T00:22:21.970+0000] {processor.py:925} INFO - DAG(s) 'example_setup_teardown_taskflow' retrieved from /home/airflow/.local/lib/python3.12/site-packages/airflow/example_dags/example_setup_teardown_taskflow.py
[2024-10-28T00:22:22.006+0000] {logging_mixin.py:190} INFO - [2024-10-28T00:22:22.006+0000] {dag.py:3239} INFO - Sync 1 DAGs
[2024-10-28T00:22:22.028+0000] {logging_mixin.py:190} INFO - [2024-10-28T00:22:22.028+0000] {dag.py:4180} INFO - Setting next_dagrun for example_setup_teardown_taskflow to None, run_after=None
[2024-10-28T00:22:22.061+0000] {processor.py:208} INFO - Processing /home/airflow/.local/lib/python3.12/site-packages/airflow/example_dags/example_setup_teardown_taskflow.py took 0.127 seconds
[2024-10-28T00:22:52.759+0000] {processor.py:186} INFO - Started process (PID=48470) to work on /home/airflow/.local/lib/python3.12/site-packages/airflow/example_dags/example_setup_teardown_taskflow.py
[2024-10-28T00:22:52.760+0000] {processor.py:914} INFO - Processing file /home/airflow/.local/lib/python3.12/site-packages/airflow/example_dags/example_setup_teardown_taskflow.py for tasks to queue
[2024-10-28T00:22:52.762+0000] {logging_mixin.py:190} INFO - [2024-10-28T00:22:52.762+0000] {dagbag.py:588} INFO - Filling up the DagBag from /home/airflow/.local/lib/python3.12/site-packages/airflow/example_dags/example_setup_teardown_taskflow.py
[2024-10-28T00:22:52.776+0000] {processor.py:925} INFO - DAG(s) 'example_setup_teardown_taskflow' retrieved from /home/airflow/.local/lib/python3.12/site-packages/airflow/example_dags/example_setup_teardown_taskflow.py
[2024-10-28T00:22:52.806+0000] {logging_mixin.py:190} INFO - [2024-10-28T00:22:52.806+0000] {dag.py:3239} INFO - Sync 1 DAGs
[2024-10-28T00:22:52.827+0000] {logging_mixin.py:190} INFO - [2024-10-28T00:22:52.827+0000] {dag.py:4180} INFO - Setting next_dagrun for example_setup_teardown_taskflow to None, run_after=None
[2024-10-28T00:22:52.847+0000] {processor.py:208} INFO - Processing /home/airflow/.local/lib/python3.12/site-packages/airflow/example_dags/example_setup_teardown_taskflow.py took 0.095 seconds
[2024-10-28T00:23:23.304+0000] {processor.py:186} INFO - Started process (PID=48544) to work on /home/airflow/.local/lib/python3.12/site-packages/airflow/example_dags/example_setup_teardown_taskflow.py
[2024-10-28T00:23:23.305+0000] {processor.py:914} INFO - Processing file /home/airflow/.local/lib/python3.12/site-packages/airflow/example_dags/example_setup_teardown_taskflow.py for tasks to queue
[2024-10-28T00:23:23.306+0000] {logging_mixin.py:190} INFO - [2024-10-28T00:23:23.306+0000] {dagbag.py:588} INFO - Filling up the DagBag from /home/airflow/.local/lib/python3.12/site-packages/airflow/example_dags/example_setup_teardown_taskflow.py
[2024-10-28T00:23:23.316+0000] {processor.py:925} INFO - DAG(s) 'example_setup_teardown_taskflow' retrieved from /home/airflow/.local/lib/python3.12/site-packages/airflow/example_dags/example_setup_teardown_taskflow.py
[2024-10-28T00:23:23.338+0000] {logging_mixin.py:190} INFO - [2024-10-28T00:23:23.337+0000] {dag.py:3239} INFO - Sync 1 DAGs
[2024-10-28T00:23:23.352+0000] {logging_mixin.py:190} INFO - [2024-10-28T00:23:23.352+0000] {dag.py:4180} INFO - Setting next_dagrun for example_setup_teardown_taskflow to None, run_after=None
[2024-10-28T00:23:23.368+0000] {processor.py:208} INFO - Processing /home/airflow/.local/lib/python3.12/site-packages/airflow/example_dags/example_setup_teardown_taskflow.py took 0.070 seconds
[2024-10-28T00:23:55.079+0000] {processor.py:186} INFO - Started process (PID=48618) to work on /home/airflow/.local/lib/python3.12/site-packages/airflow/example_dags/example_setup_teardown_taskflow.py
[2024-10-28T00:23:55.080+0000] {processor.py:914} INFO - Processing file /home/airflow/.local/lib/python3.12/site-packages/airflow/example_dags/example_setup_teardown_taskflow.py for tasks to queue
[2024-10-28T00:23:55.082+0000] {logging_mixin.py:190} INFO - [2024-10-28T00:23:55.082+0000] {dagbag.py:588} INFO - Filling up the DagBag from /home/airflow/.local/lib/python3.12/site-packages/airflow/example_dags/example_setup_teardown_taskflow.py
[2024-10-28T00:23:55.102+0000] {processor.py:925} INFO - DAG(s) 'example_setup_teardown_taskflow' retrieved from /home/airflow/.local/lib/python3.12/site-packages/airflow/example_dags/example_setup_teardown_taskflow.py
[2024-10-28T00:23:55.136+0000] {logging_mixin.py:190} INFO - [2024-10-28T00:23:55.136+0000] {dag.py:3239} INFO - Sync 1 DAGs
[2024-10-28T00:23:55.154+0000] {logging_mixin.py:190} INFO - [2024-10-28T00:23:55.154+0000] {dag.py:4180} INFO - Setting next_dagrun for example_setup_teardown_taskflow to None, run_after=None
[2024-10-28T00:23:55.181+0000] {processor.py:208} INFO - Processing /home/airflow/.local/lib/python3.12/site-packages/airflow/example_dags/example_setup_teardown_taskflow.py took 0.111 seconds
[2024-10-28T00:24:25.415+0000] {processor.py:186} INFO - Started process (PID=48692) to work on /home/airflow/.local/lib/python3.12/site-packages/airflow/example_dags/example_setup_teardown_taskflow.py
[2024-10-28T00:24:25.416+0000] {processor.py:914} INFO - Processing file /home/airflow/.local/lib/python3.12/site-packages/airflow/example_dags/example_setup_teardown_taskflow.py for tasks to queue
[2024-10-28T00:24:25.418+0000] {logging_mixin.py:190} INFO - [2024-10-28T00:24:25.417+0000] {dagbag.py:588} INFO - Filling up the DagBag from /home/airflow/.local/lib/python3.12/site-packages/airflow/example_dags/example_setup_teardown_taskflow.py
[2024-10-28T00:24:25.428+0000] {processor.py:925} INFO - DAG(s) 'example_setup_teardown_taskflow' retrieved from /home/airflow/.local/lib/python3.12/site-packages/airflow/example_dags/example_setup_teardown_taskflow.py
[2024-10-28T00:24:25.449+0000] {logging_mixin.py:190} INFO - [2024-10-28T00:24:25.449+0000] {dag.py:3239} INFO - Sync 1 DAGs
[2024-10-28T00:24:25.463+0000] {logging_mixin.py:190} INFO - [2024-10-28T00:24:25.463+0000] {dag.py:4180} INFO - Setting next_dagrun for example_setup_teardown_taskflow to None, run_after=None
[2024-10-28T00:24:25.481+0000] {processor.py:208} INFO - Processing /home/airflow/.local/lib/python3.12/site-packages/airflow/example_dags/example_setup_teardown_taskflow.py took 0.072 seconds
[2024-10-28T00:24:56.018+0000] {processor.py:186} INFO - Started process (PID=48766) to work on /home/airflow/.local/lib/python3.12/site-packages/airflow/example_dags/example_setup_teardown_taskflow.py
[2024-10-28T00:24:56.020+0000] {processor.py:914} INFO - Processing file /home/airflow/.local/lib/python3.12/site-packages/airflow/example_dags/example_setup_teardown_taskflow.py for tasks to queue
[2024-10-28T00:24:56.021+0000] {logging_mixin.py:190} INFO - [2024-10-28T00:24:56.021+0000] {dagbag.py:588} INFO - Filling up the DagBag from /home/airflow/.local/lib/python3.12/site-packages/airflow/example_dags/example_setup_teardown_taskflow.py
[2024-10-28T00:24:56.032+0000] {processor.py:925} INFO - DAG(s) 'example_setup_teardown_taskflow' retrieved from /home/airflow/.local/lib/python3.12/site-packages/airflow/example_dags/example_setup_teardown_taskflow.py
[2024-10-28T00:24:56.056+0000] {logging_mixin.py:190} INFO - [2024-10-28T00:24:56.056+0000] {dag.py:3239} INFO - Sync 1 DAGs
[2024-10-28T00:24:56.073+0000] {logging_mixin.py:190} INFO - [2024-10-28T00:24:56.073+0000] {dag.py:4180} INFO - Setting next_dagrun for example_setup_teardown_taskflow to None, run_after=None
[2024-10-28T00:24:56.092+0000] {processor.py:208} INFO - Processing /home/airflow/.local/lib/python3.12/site-packages/airflow/example_dags/example_setup_teardown_taskflow.py took 0.081 seconds
[2024-10-28T00:25:26.435+0000] {processor.py:186} INFO - Started process (PID=48840) to work on /home/airflow/.local/lib/python3.12/site-packages/airflow/example_dags/example_setup_teardown_taskflow.py
[2024-10-28T00:25:26.436+0000] {processor.py:914} INFO - Processing file /home/airflow/.local/lib/python3.12/site-packages/airflow/example_dags/example_setup_teardown_taskflow.py for tasks to queue
[2024-10-28T00:25:26.438+0000] {logging_mixin.py:190} INFO - [2024-10-28T00:25:26.437+0000] {dagbag.py:588} INFO - Filling up the DagBag from /home/airflow/.local/lib/python3.12/site-packages/airflow/example_dags/example_setup_teardown_taskflow.py
[2024-10-28T00:25:26.452+0000] {processor.py:925} INFO - DAG(s) 'example_setup_teardown_taskflow' retrieved from /home/airflow/.local/lib/python3.12/site-packages/airflow/example_dags/example_setup_teardown_taskflow.py
[2024-10-28T00:25:26.475+0000] {logging_mixin.py:190} INFO - [2024-10-28T00:25:26.475+0000] {dag.py:3239} INFO - Sync 1 DAGs
[2024-10-28T00:25:26.489+0000] {logging_mixin.py:190} INFO - [2024-10-28T00:25:26.489+0000] {dag.py:4180} INFO - Setting next_dagrun for example_setup_teardown_taskflow to None, run_after=None
[2024-10-28T00:25:26.507+0000] {processor.py:208} INFO - Processing /home/airflow/.local/lib/python3.12/site-packages/airflow/example_dags/example_setup_teardown_taskflow.py took 0.078 seconds
[2024-10-28T00:25:56.949+0000] {processor.py:186} INFO - Started process (PID=48914) to work on /home/airflow/.local/lib/python3.12/site-packages/airflow/example_dags/example_setup_teardown_taskflow.py
[2024-10-28T00:25:56.951+0000] {processor.py:914} INFO - Processing file /home/airflow/.local/lib/python3.12/site-packages/airflow/example_dags/example_setup_teardown_taskflow.py for tasks to queue
[2024-10-28T00:25:56.952+0000] {logging_mixin.py:190} INFO - [2024-10-28T00:25:56.952+0000] {dagbag.py:588} INFO - Filling up the DagBag from /home/airflow/.local/lib/python3.12/site-packages/airflow/example_dags/example_setup_teardown_taskflow.py
[2024-10-28T00:25:56.962+0000] {processor.py:925} INFO - DAG(s) 'example_setup_teardown_taskflow' retrieved from /home/airflow/.local/lib/python3.12/site-packages/airflow/example_dags/example_setup_teardown_taskflow.py
[2024-10-28T00:25:56.983+0000] {logging_mixin.py:190} INFO - [2024-10-28T00:25:56.983+0000] {dag.py:3239} INFO - Sync 1 DAGs
[2024-10-28T00:25:56.997+0000] {logging_mixin.py:190} INFO - [2024-10-28T00:25:56.997+0000] {dag.py:4180} INFO - Setting next_dagrun for example_setup_teardown_taskflow to None, run_after=None
[2024-10-28T00:25:57.015+0000] {processor.py:208} INFO - Processing /home/airflow/.local/lib/python3.12/site-packages/airflow/example_dags/example_setup_teardown_taskflow.py took 0.071 seconds
[2024-10-28T00:26:27.544+0000] {processor.py:186} INFO - Started process (PID=48988) to work on /home/airflow/.local/lib/python3.12/site-packages/airflow/example_dags/example_setup_teardown_taskflow.py
[2024-10-28T00:26:27.545+0000] {processor.py:914} INFO - Processing file /home/airflow/.local/lib/python3.12/site-packages/airflow/example_dags/example_setup_teardown_taskflow.py for tasks to queue
[2024-10-28T00:26:27.547+0000] {logging_mixin.py:190} INFO - [2024-10-28T00:26:27.546+0000] {dagbag.py:588} INFO - Filling up the DagBag from /home/airflow/.local/lib/python3.12/site-packages/airflow/example_dags/example_setup_teardown_taskflow.py
[2024-10-28T00:26:27.557+0000] {processor.py:925} INFO - DAG(s) 'example_setup_teardown_taskflow' retrieved from /home/airflow/.local/lib/python3.12/site-packages/airflow/example_dags/example_setup_teardown_taskflow.py
[2024-10-28T00:26:27.582+0000] {logging_mixin.py:190} INFO - [2024-10-28T00:26:27.582+0000] {dag.py:3239} INFO - Sync 1 DAGs
[2024-10-28T00:26:27.597+0000] {logging_mixin.py:190} INFO - [2024-10-28T00:26:27.597+0000] {dag.py:4180} INFO - Setting next_dagrun for example_setup_teardown_taskflow to None, run_after=None
[2024-10-28T00:26:27.623+0000] {processor.py:208} INFO - Processing /home/airflow/.local/lib/python3.12/site-packages/airflow/example_dags/example_setup_teardown_taskflow.py took 0.086 seconds
[2024-10-28T00:26:57.835+0000] {processor.py:186} INFO - Started process (PID=49062) to work on /home/airflow/.local/lib/python3.12/site-packages/airflow/example_dags/example_setup_teardown_taskflow.py
[2024-10-28T00:26:57.836+0000] {processor.py:914} INFO - Processing file /home/airflow/.local/lib/python3.12/site-packages/airflow/example_dags/example_setup_teardown_taskflow.py for tasks to queue
[2024-10-28T00:26:57.838+0000] {logging_mixin.py:190} INFO - [2024-10-28T00:26:57.838+0000] {dagbag.py:588} INFO - Filling up the DagBag from /home/airflow/.local/lib/python3.12/site-packages/airflow/example_dags/example_setup_teardown_taskflow.py
[2024-10-28T00:26:57.847+0000] {processor.py:925} INFO - DAG(s) 'example_setup_teardown_taskflow' retrieved from /home/airflow/.local/lib/python3.12/site-packages/airflow/example_dags/example_setup_teardown_taskflow.py
[2024-10-28T00:26:57.869+0000] {logging_mixin.py:190} INFO - [2024-10-28T00:26:57.868+0000] {dag.py:3239} INFO - Sync 1 DAGs
[2024-10-28T00:26:57.882+0000] {logging_mixin.py:190} INFO - [2024-10-28T00:26:57.882+0000] {dag.py:4180} INFO - Setting next_dagrun for example_setup_teardown_taskflow to None, run_after=None
[2024-10-28T00:26:57.901+0000] {processor.py:208} INFO - Processing /home/airflow/.local/lib/python3.12/site-packages/airflow/example_dags/example_setup_teardown_taskflow.py took 0.071 seconds
[2024-10-28T00:27:28.770+0000] {processor.py:186} INFO - Started process (PID=49136) to work on /home/airflow/.local/lib/python3.12/site-packages/airflow/example_dags/example_setup_teardown_taskflow.py
[2024-10-28T00:27:28.771+0000] {processor.py:914} INFO - Processing file /home/airflow/.local/lib/python3.12/site-packages/airflow/example_dags/example_setup_teardown_taskflow.py for tasks to queue
[2024-10-28T00:27:28.772+0000] {logging_mixin.py:190} INFO - [2024-10-28T00:27:28.772+0000] {dagbag.py:588} INFO - Filling up the DagBag from /home/airflow/.local/lib/python3.12/site-packages/airflow/example_dags/example_setup_teardown_taskflow.py
[2024-10-28T00:27:28.782+0000] {processor.py:925} INFO - DAG(s) 'example_setup_teardown_taskflow' retrieved from /home/airflow/.local/lib/python3.12/site-packages/airflow/example_dags/example_setup_teardown_taskflow.py
[2024-10-28T00:27:28.803+0000] {logging_mixin.py:190} INFO - [2024-10-28T00:27:28.803+0000] {dag.py:3239} INFO - Sync 1 DAGs
[2024-10-28T00:27:28.817+0000] {logging_mixin.py:190} INFO - [2024-10-28T00:27:28.817+0000] {dag.py:4180} INFO - Setting next_dagrun for example_setup_teardown_taskflow to None, run_after=None
[2024-10-28T00:27:28.838+0000] {processor.py:208} INFO - Processing /home/airflow/.local/lib/python3.12/site-packages/airflow/example_dags/example_setup_teardown_taskflow.py took 0.074 seconds
[2024-10-28T00:27:59.735+0000] {processor.py:186} INFO - Started process (PID=49210) to work on /home/airflow/.local/lib/python3.12/site-packages/airflow/example_dags/example_setup_teardown_taskflow.py
[2024-10-28T00:27:59.736+0000] {processor.py:914} INFO - Processing file /home/airflow/.local/lib/python3.12/site-packages/airflow/example_dags/example_setup_teardown_taskflow.py for tasks to queue
[2024-10-28T00:27:59.737+0000] {logging_mixin.py:190} INFO - [2024-10-28T00:27:59.737+0000] {dagbag.py:588} INFO - Filling up the DagBag from /home/airflow/.local/lib/python3.12/site-packages/airflow/example_dags/example_setup_teardown_taskflow.py
[2024-10-28T00:27:59.748+0000] {processor.py:925} INFO - DAG(s) 'example_setup_teardown_taskflow' retrieved from /home/airflow/.local/lib/python3.12/site-packages/airflow/example_dags/example_setup_teardown_taskflow.py
[2024-10-28T00:27:59.768+0000] {logging_mixin.py:190} INFO - [2024-10-28T00:27:59.768+0000] {dag.py:3239} INFO - Sync 1 DAGs
[2024-10-28T00:27:59.782+0000] {logging_mixin.py:190} INFO - [2024-10-28T00:27:59.782+0000] {dag.py:4180} INFO - Setting next_dagrun for example_setup_teardown_taskflow to None, run_after=None
[2024-10-28T00:27:59.799+0000] {processor.py:208} INFO - Processing /home/airflow/.local/lib/python3.12/site-packages/airflow/example_dags/example_setup_teardown_taskflow.py took 0.070 seconds
[2024-10-28T00:28:30.304+0000] {processor.py:186} INFO - Started process (PID=49284) to work on /home/airflow/.local/lib/python3.12/site-packages/airflow/example_dags/example_setup_teardown_taskflow.py
[2024-10-28T00:28:30.305+0000] {processor.py:914} INFO - Processing file /home/airflow/.local/lib/python3.12/site-packages/airflow/example_dags/example_setup_teardown_taskflow.py for tasks to queue
[2024-10-28T00:28:30.306+0000] {logging_mixin.py:190} INFO - [2024-10-28T00:28:30.306+0000] {dagbag.py:588} INFO - Filling up the DagBag from /home/airflow/.local/lib/python3.12/site-packages/airflow/example_dags/example_setup_teardown_taskflow.py
[2024-10-28T00:28:30.316+0000] {processor.py:925} INFO - DAG(s) 'example_setup_teardown_taskflow' retrieved from /home/airflow/.local/lib/python3.12/site-packages/airflow/example_dags/example_setup_teardown_taskflow.py
[2024-10-28T00:28:30.336+0000] {logging_mixin.py:190} INFO - [2024-10-28T00:28:30.336+0000] {dag.py:3239} INFO - Sync 1 DAGs
[2024-10-28T00:28:30.351+0000] {logging_mixin.py:190} INFO - [2024-10-28T00:28:30.351+0000] {dag.py:4180} INFO - Setting next_dagrun for example_setup_teardown_taskflow to None, run_after=None
[2024-10-28T00:28:30.369+0000] {processor.py:208} INFO - Processing /home/airflow/.local/lib/python3.12/site-packages/airflow/example_dags/example_setup_teardown_taskflow.py took 0.072 seconds
[2024-10-28T00:29:01.118+0000] {processor.py:186} INFO - Started process (PID=49358) to work on /home/airflow/.local/lib/python3.12/site-packages/airflow/example_dags/example_setup_teardown_taskflow.py
[2024-10-28T00:29:01.119+0000] {processor.py:914} INFO - Processing file /home/airflow/.local/lib/python3.12/site-packages/airflow/example_dags/example_setup_teardown_taskflow.py for tasks to queue
[2024-10-28T00:29:01.121+0000] {logging_mixin.py:190} INFO - [2024-10-28T00:29:01.121+0000] {dagbag.py:588} INFO - Filling up the DagBag from /home/airflow/.local/lib/python3.12/site-packages/airflow/example_dags/example_setup_teardown_taskflow.py
[2024-10-28T00:29:01.132+0000] {processor.py:925} INFO - DAG(s) 'example_setup_teardown_taskflow' retrieved from /home/airflow/.local/lib/python3.12/site-packages/airflow/example_dags/example_setup_teardown_taskflow.py
[2024-10-28T00:29:01.162+0000] {logging_mixin.py:190} INFO - [2024-10-28T00:29:01.161+0000] {dag.py:3239} INFO - Sync 1 DAGs
[2024-10-28T00:29:01.181+0000] {logging_mixin.py:190} INFO - [2024-10-28T00:29:01.181+0000] {dag.py:4180} INFO - Setting next_dagrun for example_setup_teardown_taskflow to None, run_after=None
[2024-10-28T00:29:01.208+0000] {processor.py:208} INFO - Processing /home/airflow/.local/lib/python3.12/site-packages/airflow/example_dags/example_setup_teardown_taskflow.py took 0.097 seconds
[2024-10-28T00:29:32.126+0000] {processor.py:186} INFO - Started process (PID=49432) to work on /home/airflow/.local/lib/python3.12/site-packages/airflow/example_dags/example_setup_teardown_taskflow.py
[2024-10-28T00:29:32.127+0000] {processor.py:914} INFO - Processing file /home/airflow/.local/lib/python3.12/site-packages/airflow/example_dags/example_setup_teardown_taskflow.py for tasks to queue
[2024-10-28T00:29:32.128+0000] {logging_mixin.py:190} INFO - [2024-10-28T00:29:32.128+0000] {dagbag.py:588} INFO - Filling up the DagBag from /home/airflow/.local/lib/python3.12/site-packages/airflow/example_dags/example_setup_teardown_taskflow.py
[2024-10-28T00:29:32.138+0000] {processor.py:925} INFO - DAG(s) 'example_setup_teardown_taskflow' retrieved from /home/airflow/.local/lib/python3.12/site-packages/airflow/example_dags/example_setup_teardown_taskflow.py
[2024-10-28T00:29:32.159+0000] {logging_mixin.py:190} INFO - [2024-10-28T00:29:32.159+0000] {dag.py:3239} INFO - Sync 1 DAGs
[2024-10-28T00:29:32.176+0000] {logging_mixin.py:190} INFO - [2024-10-28T00:29:32.175+0000] {dag.py:4180} INFO - Setting next_dagrun for example_setup_teardown_taskflow to None, run_after=None
[2024-10-28T00:29:32.194+0000] {processor.py:208} INFO - Processing /home/airflow/.local/lib/python3.12/site-packages/airflow/example_dags/example_setup_teardown_taskflow.py took 0.074 seconds
[2024-10-28T00:30:02.946+0000] {processor.py:186} INFO - Started process (PID=49506) to work on /home/airflow/.local/lib/python3.12/site-packages/airflow/example_dags/example_setup_teardown_taskflow.py
[2024-10-28T00:30:02.947+0000] {processor.py:914} INFO - Processing file /home/airflow/.local/lib/python3.12/site-packages/airflow/example_dags/example_setup_teardown_taskflow.py for tasks to queue
[2024-10-28T00:30:02.949+0000] {logging_mixin.py:190} INFO - [2024-10-28T00:30:02.949+0000] {dagbag.py:588} INFO - Filling up the DagBag from /home/airflow/.local/lib/python3.12/site-packages/airflow/example_dags/example_setup_teardown_taskflow.py
[2024-10-28T00:30:02.959+0000] {processor.py:925} INFO - DAG(s) 'example_setup_teardown_taskflow' retrieved from /home/airflow/.local/lib/python3.12/site-packages/airflow/example_dags/example_setup_teardown_taskflow.py
[2024-10-28T00:30:02.981+0000] {logging_mixin.py:190} INFO - [2024-10-28T00:30:02.980+0000] {dag.py:3239} INFO - Sync 1 DAGs
[2024-10-28T00:30:02.995+0000] {logging_mixin.py:190} INFO - [2024-10-28T00:30:02.994+0000] {dag.py:4180} INFO - Setting next_dagrun for example_setup_teardown_taskflow to None, run_after=None
[2024-10-28T00:30:03.016+0000] {processor.py:208} INFO - Processing /home/airflow/.local/lib/python3.12/site-packages/airflow/example_dags/example_setup_teardown_taskflow.py took 0.075 seconds
[2024-10-28T00:30:33.939+0000] {processor.py:186} INFO - Started process (PID=49580) to work on /home/airflow/.local/lib/python3.12/site-packages/airflow/example_dags/example_setup_teardown_taskflow.py
[2024-10-28T00:30:33.941+0000] {processor.py:914} INFO - Processing file /home/airflow/.local/lib/python3.12/site-packages/airflow/example_dags/example_setup_teardown_taskflow.py for tasks to queue
[2024-10-28T00:30:33.942+0000] {logging_mixin.py:190} INFO - [2024-10-28T00:30:33.942+0000] {dagbag.py:588} INFO - Filling up the DagBag from /home/airflow/.local/lib/python3.12/site-packages/airflow/example_dags/example_setup_teardown_taskflow.py
[2024-10-28T00:30:33.951+0000] {processor.py:925} INFO - DAG(s) 'example_setup_teardown_taskflow' retrieved from /home/airflow/.local/lib/python3.12/site-packages/airflow/example_dags/example_setup_teardown_taskflow.py
[2024-10-28T00:30:33.972+0000] {logging_mixin.py:190} INFO - [2024-10-28T00:30:33.972+0000] {dag.py:3239} INFO - Sync 1 DAGs
[2024-10-28T00:30:33.986+0000] {logging_mixin.py:190} INFO - [2024-10-28T00:30:33.986+0000] {dag.py:4180} INFO - Setting next_dagrun for example_setup_teardown_taskflow to None, run_after=None
[2024-10-28T00:30:34.003+0000] {processor.py:208} INFO - Processing /home/airflow/.local/lib/python3.12/site-packages/airflow/example_dags/example_setup_teardown_taskflow.py took 0.070 seconds
[2024-10-28T00:31:04.685+0000] {processor.py:186} INFO - Started process (PID=49654) to work on /home/airflow/.local/lib/python3.12/site-packages/airflow/example_dags/example_setup_teardown_taskflow.py
[2024-10-28T00:31:04.686+0000] {processor.py:914} INFO - Processing file /home/airflow/.local/lib/python3.12/site-packages/airflow/example_dags/example_setup_teardown_taskflow.py for tasks to queue
[2024-10-28T00:31:04.688+0000] {logging_mixin.py:190} INFO - [2024-10-28T00:31:04.687+0000] {dagbag.py:588} INFO - Filling up the DagBag from /home/airflow/.local/lib/python3.12/site-packages/airflow/example_dags/example_setup_teardown_taskflow.py
[2024-10-28T00:31:04.697+0000] {processor.py:925} INFO - DAG(s) 'example_setup_teardown_taskflow' retrieved from /home/airflow/.local/lib/python3.12/site-packages/airflow/example_dags/example_setup_teardown_taskflow.py
[2024-10-28T00:31:04.719+0000] {logging_mixin.py:190} INFO - [2024-10-28T00:31:04.719+0000] {dag.py:3239} INFO - Sync 1 DAGs
[2024-10-28T00:31:04.736+0000] {logging_mixin.py:190} INFO - [2024-10-28T00:31:04.735+0000] {dag.py:4180} INFO - Setting next_dagrun for example_setup_teardown_taskflow to None, run_after=None
[2024-10-28T00:31:04.753+0000] {processor.py:208} INFO - Processing /home/airflow/.local/lib/python3.12/site-packages/airflow/example_dags/example_setup_teardown_taskflow.py took 0.074 seconds
[2024-10-28T00:31:35.682+0000] {processor.py:186} INFO - Started process (PID=49728) to work on /home/airflow/.local/lib/python3.12/site-packages/airflow/example_dags/example_setup_teardown_taskflow.py
[2024-10-28T00:31:35.683+0000] {processor.py:914} INFO - Processing file /home/airflow/.local/lib/python3.12/site-packages/airflow/example_dags/example_setup_teardown_taskflow.py for tasks to queue
[2024-10-28T00:31:35.684+0000] {logging_mixin.py:190} INFO - [2024-10-28T00:31:35.684+0000] {dagbag.py:588} INFO - Filling up the DagBag from /home/airflow/.local/lib/python3.12/site-packages/airflow/example_dags/example_setup_teardown_taskflow.py
[2024-10-28T00:31:35.694+0000] {processor.py:925} INFO - DAG(s) 'example_setup_teardown_taskflow' retrieved from /home/airflow/.local/lib/python3.12/site-packages/airflow/example_dags/example_setup_teardown_taskflow.py
[2024-10-28T00:31:35.719+0000] {logging_mixin.py:190} INFO - [2024-10-28T00:31:35.719+0000] {dag.py:3239} INFO - Sync 1 DAGs
[2024-10-28T00:31:35.734+0000] {logging_mixin.py:190} INFO - [2024-10-28T00:31:35.734+0000] {dag.py:4180} INFO - Setting next_dagrun for example_setup_teardown_taskflow to None, run_after=None
[2024-10-28T00:31:35.753+0000] {processor.py:208} INFO - Processing /home/airflow/.local/lib/python3.12/site-packages/airflow/example_dags/example_setup_teardown_taskflow.py took 0.077 seconds
[2024-10-28T00:32:06.642+0000] {processor.py:186} INFO - Started process (PID=49802) to work on /home/airflow/.local/lib/python3.12/site-packages/airflow/example_dags/example_setup_teardown_taskflow.py
[2024-10-28T00:32:06.643+0000] {processor.py:914} INFO - Processing file /home/airflow/.local/lib/python3.12/site-packages/airflow/example_dags/example_setup_teardown_taskflow.py for tasks to queue
[2024-10-28T00:32:06.645+0000] {logging_mixin.py:190} INFO - [2024-10-28T00:32:06.644+0000] {dagbag.py:588} INFO - Filling up the DagBag from /home/airflow/.local/lib/python3.12/site-packages/airflow/example_dags/example_setup_teardown_taskflow.py
[2024-10-28T00:32:06.654+0000] {processor.py:925} INFO - DAG(s) 'example_setup_teardown_taskflow' retrieved from /home/airflow/.local/lib/python3.12/site-packages/airflow/example_dags/example_setup_teardown_taskflow.py
[2024-10-28T00:32:06.678+0000] {logging_mixin.py:190} INFO - [2024-10-28T00:32:06.677+0000] {dag.py:3239} INFO - Sync 1 DAGs
[2024-10-28T00:32:06.694+0000] {logging_mixin.py:190} INFO - [2024-10-28T00:32:06.693+0000] {dag.py:4180} INFO - Setting next_dagrun for example_setup_teardown_taskflow to None, run_after=None
[2024-10-28T00:32:06.712+0000] {processor.py:208} INFO - Processing /home/airflow/.local/lib/python3.12/site-packages/airflow/example_dags/example_setup_teardown_taskflow.py took 0.076 seconds
[2024-10-28T00:32:37.421+0000] {processor.py:186} INFO - Started process (PID=49876) to work on /home/airflow/.local/lib/python3.12/site-packages/airflow/example_dags/example_setup_teardown_taskflow.py
[2024-10-28T00:32:37.422+0000] {processor.py:914} INFO - Processing file /home/airflow/.local/lib/python3.12/site-packages/airflow/example_dags/example_setup_teardown_taskflow.py for tasks to queue
[2024-10-28T00:32:37.423+0000] {logging_mixin.py:190} INFO - [2024-10-28T00:32:37.423+0000] {dagbag.py:588} INFO - Filling up the DagBag from /home/airflow/.local/lib/python3.12/site-packages/airflow/example_dags/example_setup_teardown_taskflow.py
[2024-10-28T00:32:37.433+0000] {processor.py:925} INFO - DAG(s) 'example_setup_teardown_taskflow' retrieved from /home/airflow/.local/lib/python3.12/site-packages/airflow/example_dags/example_setup_teardown_taskflow.py
[2024-10-28T00:32:37.454+0000] {logging_mixin.py:190} INFO - [2024-10-28T00:32:37.454+0000] {dag.py:3239} INFO - Sync 1 DAGs
[2024-10-28T00:32:37.468+0000] {logging_mixin.py:190} INFO - [2024-10-28T00:32:37.468+0000] {dag.py:4180} INFO - Setting next_dagrun for example_setup_teardown_taskflow to None, run_after=None
[2024-10-28T00:32:37.486+0000] {processor.py:208} INFO - Processing /home/airflow/.local/lib/python3.12/site-packages/airflow/example_dags/example_setup_teardown_taskflow.py took 0.071 seconds
[2024-10-28T00:33:08.197+0000] {processor.py:186} INFO - Started process (PID=49950) to work on /home/airflow/.local/lib/python3.12/site-packages/airflow/example_dags/example_setup_teardown_taskflow.py
[2024-10-28T00:33:08.199+0000] {processor.py:914} INFO - Processing file /home/airflow/.local/lib/python3.12/site-packages/airflow/example_dags/example_setup_teardown_taskflow.py for tasks to queue
[2024-10-28T00:33:08.200+0000] {logging_mixin.py:190} INFO - [2024-10-28T00:33:08.200+0000] {dagbag.py:588} INFO - Filling up the DagBag from /home/airflow/.local/lib/python3.12/site-packages/airflow/example_dags/example_setup_teardown_taskflow.py
[2024-10-28T00:33:08.210+0000] {processor.py:925} INFO - DAG(s) 'example_setup_teardown_taskflow' retrieved from /home/airflow/.local/lib/python3.12/site-packages/airflow/example_dags/example_setup_teardown_taskflow.py
[2024-10-28T00:33:08.232+0000] {logging_mixin.py:190} INFO - [2024-10-28T00:33:08.232+0000] {dag.py:3239} INFO - Sync 1 DAGs
[2024-10-28T00:33:08.246+0000] {logging_mixin.py:190} INFO - [2024-10-28T00:33:08.246+0000] {dag.py:4180} INFO - Setting next_dagrun for example_setup_teardown_taskflow to None, run_after=None
[2024-10-28T00:33:08.265+0000] {processor.py:208} INFO - Processing /home/airflow/.local/lib/python3.12/site-packages/airflow/example_dags/example_setup_teardown_taskflow.py took 0.076 seconds
[2024-10-28T00:33:39.068+0000] {processor.py:186} INFO - Started process (PID=50030) to work on /home/airflow/.local/lib/python3.12/site-packages/airflow/example_dags/example_setup_teardown_taskflow.py
[2024-10-28T00:33:39.069+0000] {processor.py:914} INFO - Processing file /home/airflow/.local/lib/python3.12/site-packages/airflow/example_dags/example_setup_teardown_taskflow.py for tasks to queue
[2024-10-28T00:33:39.070+0000] {logging_mixin.py:190} INFO - [2024-10-28T00:33:39.070+0000] {dagbag.py:588} INFO - Filling up the DagBag from /home/airflow/.local/lib/python3.12/site-packages/airflow/example_dags/example_setup_teardown_taskflow.py
[2024-10-28T00:33:39.080+0000] {processor.py:925} INFO - DAG(s) 'example_setup_teardown_taskflow' retrieved from /home/airflow/.local/lib/python3.12/site-packages/airflow/example_dags/example_setup_teardown_taskflow.py
[2024-10-28T00:33:39.101+0000] {logging_mixin.py:190} INFO - [2024-10-28T00:33:39.101+0000] {dag.py:3239} INFO - Sync 1 DAGs
[2024-10-28T00:33:39.116+0000] {logging_mixin.py:190} INFO - [2024-10-28T00:33:39.116+0000] {dag.py:4180} INFO - Setting next_dagrun for example_setup_teardown_taskflow to None, run_after=None
[2024-10-28T00:33:39.134+0000] {processor.py:208} INFO - Processing /home/airflow/.local/lib/python3.12/site-packages/airflow/example_dags/example_setup_teardown_taskflow.py took 0.071 seconds
