[2024-10-28T00:00:14.831+0000] {processor.py:186} INFO - Started process (PID=45188) to work on /home/airflow/.local/lib/python3.12/site-packages/airflow/example_dags/example_xcom.py
[2024-10-28T00:00:14.832+0000] {processor.py:914} INFO - Processing file /home/airflow/.local/lib/python3.12/site-packages/airflow/example_dags/example_xcom.py for tasks to queue
[2024-10-28T00:00:14.833+0000] {logging_mixin.py:190} INFO - [2024-10-28T00:00:14.833+0000] {dagbag.py:588} INFO - Filling up the DagBag from /home/airflow/.local/lib/python3.12/site-packages/airflow/example_dags/example_xcom.py
[2024-10-28T00:00:14.848+0000] {processor.py:925} INFO - DAG(s) 'example_xcom' retrieved from /home/airflow/.local/lib/python3.12/site-packages/airflow/example_dags/example_xcom.py
[2024-10-28T00:00:14.877+0000] {logging_mixin.py:190} INFO - [2024-10-28T00:00:14.876+0000] {dag.py:3239} INFO - Sync 1 DAGs
[2024-10-28T00:00:14.911+0000] {logging_mixin.py:190} INFO - [2024-10-28T00:00:14.911+0000] {dag.py:4180} INFO - Setting next_dagrun for example_xcom to 2021-01-01 00:00:00+00:00, run_after=2021-01-01 00:00:00+00:00
[2024-10-28T00:00:14.937+0000] {processor.py:208} INFO - Processing /home/airflow/.local/lib/python3.12/site-packages/airflow/example_dags/example_xcom.py took 0.115 seconds
[2024-10-28T00:00:45.465+0000] {processor.py:186} INFO - Started process (PID=45262) to work on /home/airflow/.local/lib/python3.12/site-packages/airflow/example_dags/example_xcom.py
[2024-10-28T00:00:45.466+0000] {processor.py:914} INFO - Processing file /home/airflow/.local/lib/python3.12/site-packages/airflow/example_dags/example_xcom.py for tasks to queue
[2024-10-28T00:00:45.469+0000] {logging_mixin.py:190} INFO - [2024-10-28T00:00:45.468+0000] {dagbag.py:588} INFO - Filling up the DagBag from /home/airflow/.local/lib/python3.12/site-packages/airflow/example_dags/example_xcom.py
[2024-10-28T00:00:45.479+0000] {processor.py:925} INFO - DAG(s) 'example_xcom' retrieved from /home/airflow/.local/lib/python3.12/site-packages/airflow/example_dags/example_xcom.py
[2024-10-28T00:00:45.507+0000] {logging_mixin.py:190} INFO - [2024-10-28T00:00:45.506+0000] {dag.py:3239} INFO - Sync 1 DAGs
[2024-10-28T00:00:45.536+0000] {logging_mixin.py:190} INFO - [2024-10-28T00:00:45.535+0000] {dag.py:4180} INFO - Setting next_dagrun for example_xcom to 2021-01-01 00:00:00+00:00, run_after=2021-01-01 00:00:00+00:00
[2024-10-28T00:00:45.556+0000] {processor.py:208} INFO - Processing /home/airflow/.local/lib/python3.12/site-packages/airflow/example_dags/example_xcom.py took 0.097 seconds
[2024-10-28T00:01:16.190+0000] {processor.py:186} INFO - Started process (PID=45336) to work on /home/airflow/.local/lib/python3.12/site-packages/airflow/example_dags/example_xcom.py
[2024-10-28T00:01:16.191+0000] {processor.py:914} INFO - Processing file /home/airflow/.local/lib/python3.12/site-packages/airflow/example_dags/example_xcom.py for tasks to queue
[2024-10-28T00:01:16.192+0000] {logging_mixin.py:190} INFO - [2024-10-28T00:01:16.192+0000] {dagbag.py:588} INFO - Filling up the DagBag from /home/airflow/.local/lib/python3.12/site-packages/airflow/example_dags/example_xcom.py
[2024-10-28T00:01:16.204+0000] {processor.py:925} INFO - DAG(s) 'example_xcom' retrieved from /home/airflow/.local/lib/python3.12/site-packages/airflow/example_dags/example_xcom.py
[2024-10-28T00:01:16.232+0000] {logging_mixin.py:190} INFO - [2024-10-28T00:01:16.231+0000] {dag.py:3239} INFO - Sync 1 DAGs
[2024-10-28T00:01:16.267+0000] {logging_mixin.py:190} INFO - [2024-10-28T00:01:16.266+0000] {dag.py:4180} INFO - Setting next_dagrun for example_xcom to 2021-01-01 00:00:00+00:00, run_after=2021-01-01 00:00:00+00:00
[2024-10-28T00:01:16.290+0000] {processor.py:208} INFO - Processing /home/airflow/.local/lib/python3.12/site-packages/airflow/example_dags/example_xcom.py took 0.107 seconds
[2024-10-28T00:01:46.351+0000] {processor.py:186} INFO - Started process (PID=45410) to work on /home/airflow/.local/lib/python3.12/site-packages/airflow/example_dags/example_xcom.py
[2024-10-28T00:01:46.352+0000] {processor.py:914} INFO - Processing file /home/airflow/.local/lib/python3.12/site-packages/airflow/example_dags/example_xcom.py for tasks to queue
[2024-10-28T00:01:46.354+0000] {logging_mixin.py:190} INFO - [2024-10-28T00:01:46.353+0000] {dagbag.py:588} INFO - Filling up the DagBag from /home/airflow/.local/lib/python3.12/site-packages/airflow/example_dags/example_xcom.py
[2024-10-28T00:01:46.364+0000] {processor.py:925} INFO - DAG(s) 'example_xcom' retrieved from /home/airflow/.local/lib/python3.12/site-packages/airflow/example_dags/example_xcom.py
[2024-10-28T00:01:46.386+0000] {logging_mixin.py:190} INFO - [2024-10-28T00:01:46.386+0000] {dag.py:3239} INFO - Sync 1 DAGs
[2024-10-28T00:01:46.410+0000] {logging_mixin.py:190} INFO - [2024-10-28T00:01:46.410+0000] {dag.py:4180} INFO - Setting next_dagrun for example_xcom to 2021-01-01 00:00:00+00:00, run_after=2021-01-01 00:00:00+00:00
[2024-10-28T00:01:46.434+0000] {processor.py:208} INFO - Processing /home/airflow/.local/lib/python3.12/site-packages/airflow/example_dags/example_xcom.py took 0.088 seconds
[2024-10-28T00:02:16.595+0000] {processor.py:186} INFO - Started process (PID=45484) to work on /home/airflow/.local/lib/python3.12/site-packages/airflow/example_dags/example_xcom.py
[2024-10-28T00:02:16.597+0000] {processor.py:914} INFO - Processing file /home/airflow/.local/lib/python3.12/site-packages/airflow/example_dags/example_xcom.py for tasks to queue
[2024-10-28T00:02:16.599+0000] {logging_mixin.py:190} INFO - [2024-10-28T00:02:16.598+0000] {dagbag.py:588} INFO - Filling up the DagBag from /home/airflow/.local/lib/python3.12/site-packages/airflow/example_dags/example_xcom.py
[2024-10-28T00:02:16.609+0000] {processor.py:925} INFO - DAG(s) 'example_xcom' retrieved from /home/airflow/.local/lib/python3.12/site-packages/airflow/example_dags/example_xcom.py
[2024-10-28T00:02:16.631+0000] {logging_mixin.py:190} INFO - [2024-10-28T00:02:16.631+0000] {dag.py:3239} INFO - Sync 1 DAGs
[2024-10-28T00:02:16.655+0000] {logging_mixin.py:190} INFO - [2024-10-28T00:02:16.654+0000] {dag.py:4180} INFO - Setting next_dagrun for example_xcom to 2021-01-01 00:00:00+00:00, run_after=2021-01-01 00:00:00+00:00
[2024-10-28T00:02:16.676+0000] {processor.py:208} INFO - Processing /home/airflow/.local/lib/python3.12/site-packages/airflow/example_dags/example_xcom.py took 0.089 seconds
[2024-10-28T00:02:46.804+0000] {processor.py:186} INFO - Started process (PID=45558) to work on /home/airflow/.local/lib/python3.12/site-packages/airflow/example_dags/example_xcom.py
[2024-10-28T00:02:46.805+0000] {processor.py:914} INFO - Processing file /home/airflow/.local/lib/python3.12/site-packages/airflow/example_dags/example_xcom.py for tasks to queue
[2024-10-28T00:02:46.807+0000] {logging_mixin.py:190} INFO - [2024-10-28T00:02:46.806+0000] {dagbag.py:588} INFO - Filling up the DagBag from /home/airflow/.local/lib/python3.12/site-packages/airflow/example_dags/example_xcom.py
[2024-10-28T00:02:46.815+0000] {processor.py:925} INFO - DAG(s) 'example_xcom' retrieved from /home/airflow/.local/lib/python3.12/site-packages/airflow/example_dags/example_xcom.py
[2024-10-28T00:02:46.838+0000] {logging_mixin.py:190} INFO - [2024-10-28T00:02:46.837+0000] {dag.py:3239} INFO - Sync 1 DAGs
[2024-10-28T00:02:46.860+0000] {logging_mixin.py:190} INFO - [2024-10-28T00:02:46.860+0000] {dag.py:4180} INFO - Setting next_dagrun for example_xcom to 2021-01-01 00:00:00+00:00, run_after=2021-01-01 00:00:00+00:00
[2024-10-28T00:02:46.881+0000] {processor.py:208} INFO - Processing /home/airflow/.local/lib/python3.12/site-packages/airflow/example_dags/example_xcom.py took 0.083 seconds
[2024-10-28T00:03:17.318+0000] {processor.py:186} INFO - Started process (PID=45632) to work on /home/airflow/.local/lib/python3.12/site-packages/airflow/example_dags/example_xcom.py
[2024-10-28T00:03:17.319+0000] {processor.py:914} INFO - Processing file /home/airflow/.local/lib/python3.12/site-packages/airflow/example_dags/example_xcom.py for tasks to queue
[2024-10-28T00:03:17.320+0000] {logging_mixin.py:190} INFO - [2024-10-28T00:03:17.320+0000] {dagbag.py:588} INFO - Filling up the DagBag from /home/airflow/.local/lib/python3.12/site-packages/airflow/example_dags/example_xcom.py
[2024-10-28T00:03:17.331+0000] {processor.py:925} INFO - DAG(s) 'example_xcom' retrieved from /home/airflow/.local/lib/python3.12/site-packages/airflow/example_dags/example_xcom.py
[2024-10-28T00:03:17.353+0000] {logging_mixin.py:190} INFO - [2024-10-28T00:03:17.352+0000] {dag.py:3239} INFO - Sync 1 DAGs
[2024-10-28T00:03:17.377+0000] {logging_mixin.py:190} INFO - [2024-10-28T00:03:17.377+0000] {dag.py:4180} INFO - Setting next_dagrun for example_xcom to 2021-01-01 00:00:00+00:00, run_after=2021-01-01 00:00:00+00:00
[2024-10-28T00:03:17.395+0000] {processor.py:208} INFO - Processing /home/airflow/.local/lib/python3.12/site-packages/airflow/example_dags/example_xcom.py took 0.084 seconds
[2024-10-28T00:03:47.570+0000] {processor.py:186} INFO - Started process (PID=45706) to work on /home/airflow/.local/lib/python3.12/site-packages/airflow/example_dags/example_xcom.py
[2024-10-28T00:03:47.571+0000] {processor.py:914} INFO - Processing file /home/airflow/.local/lib/python3.12/site-packages/airflow/example_dags/example_xcom.py for tasks to queue
[2024-10-28T00:03:47.573+0000] {logging_mixin.py:190} INFO - [2024-10-28T00:03:47.572+0000] {dagbag.py:588} INFO - Filling up the DagBag from /home/airflow/.local/lib/python3.12/site-packages/airflow/example_dags/example_xcom.py
[2024-10-28T00:03:47.583+0000] {processor.py:925} INFO - DAG(s) 'example_xcom' retrieved from /home/airflow/.local/lib/python3.12/site-packages/airflow/example_dags/example_xcom.py
[2024-10-28T00:03:47.607+0000] {logging_mixin.py:190} INFO - [2024-10-28T00:03:47.606+0000] {dag.py:3239} INFO - Sync 1 DAGs
[2024-10-28T00:03:47.630+0000] {logging_mixin.py:190} INFO - [2024-10-28T00:03:47.630+0000] {dag.py:4180} INFO - Setting next_dagrun for example_xcom to 2021-01-01 00:00:00+00:00, run_after=2021-01-01 00:00:00+00:00
[2024-10-28T00:03:47.649+0000] {processor.py:208} INFO - Processing /home/airflow/.local/lib/python3.12/site-packages/airflow/example_dags/example_xcom.py took 0.085 seconds
[2024-10-28T00:04:18.202+0000] {processor.py:186} INFO - Started process (PID=45780) to work on /home/airflow/.local/lib/python3.12/site-packages/airflow/example_dags/example_xcom.py
[2024-10-28T00:04:18.203+0000] {processor.py:914} INFO - Processing file /home/airflow/.local/lib/python3.12/site-packages/airflow/example_dags/example_xcom.py for tasks to queue
[2024-10-28T00:04:18.204+0000] {logging_mixin.py:190} INFO - [2024-10-28T00:04:18.204+0000] {dagbag.py:588} INFO - Filling up the DagBag from /home/airflow/.local/lib/python3.12/site-packages/airflow/example_dags/example_xcom.py
[2024-10-28T00:04:18.214+0000] {processor.py:925} INFO - DAG(s) 'example_xcom' retrieved from /home/airflow/.local/lib/python3.12/site-packages/airflow/example_dags/example_xcom.py
[2024-10-28T00:04:18.236+0000] {logging_mixin.py:190} INFO - [2024-10-28T00:04:18.236+0000] {dag.py:3239} INFO - Sync 1 DAGs
[2024-10-28T00:04:18.261+0000] {logging_mixin.py:190} INFO - [2024-10-28T00:04:18.261+0000] {dag.py:4180} INFO - Setting next_dagrun for example_xcom to 2021-01-01 00:00:00+00:00, run_after=2021-01-01 00:00:00+00:00
[2024-10-28T00:04:18.281+0000] {processor.py:208} INFO - Processing /home/airflow/.local/lib/python3.12/site-packages/airflow/example_dags/example_xcom.py took 0.084 seconds
[2024-10-28T00:04:48.523+0000] {processor.py:186} INFO - Started process (PID=45854) to work on /home/airflow/.local/lib/python3.12/site-packages/airflow/example_dags/example_xcom.py
[2024-10-28T00:04:48.525+0000] {processor.py:914} INFO - Processing file /home/airflow/.local/lib/python3.12/site-packages/airflow/example_dags/example_xcom.py for tasks to queue
[2024-10-28T00:04:48.526+0000] {logging_mixin.py:190} INFO - [2024-10-28T00:04:48.526+0000] {dagbag.py:588} INFO - Filling up the DagBag from /home/airflow/.local/lib/python3.12/site-packages/airflow/example_dags/example_xcom.py
[2024-10-28T00:04:48.538+0000] {processor.py:925} INFO - DAG(s) 'example_xcom' retrieved from /home/airflow/.local/lib/python3.12/site-packages/airflow/example_dags/example_xcom.py
[2024-10-28T00:04:48.564+0000] {logging_mixin.py:190} INFO - [2024-10-28T00:04:48.564+0000] {dag.py:3239} INFO - Sync 1 DAGs
[2024-10-28T00:04:48.592+0000] {logging_mixin.py:190} INFO - [2024-10-28T00:04:48.592+0000] {dag.py:4180} INFO - Setting next_dagrun for example_xcom to 2021-01-01 00:00:00+00:00, run_after=2021-01-01 00:00:00+00:00
[2024-10-28T00:04:48.616+0000] {processor.py:208} INFO - Processing /home/airflow/.local/lib/python3.12/site-packages/airflow/example_dags/example_xcom.py took 0.101 seconds
[2024-10-28T00:05:19.425+0000] {processor.py:186} INFO - Started process (PID=45928) to work on /home/airflow/.local/lib/python3.12/site-packages/airflow/example_dags/example_xcom.py
[2024-10-28T00:05:19.426+0000] {processor.py:914} INFO - Processing file /home/airflow/.local/lib/python3.12/site-packages/airflow/example_dags/example_xcom.py for tasks to queue
[2024-10-28T00:05:19.428+0000] {logging_mixin.py:190} INFO - [2024-10-28T00:05:19.427+0000] {dagbag.py:588} INFO - Filling up the DagBag from /home/airflow/.local/lib/python3.12/site-packages/airflow/example_dags/example_xcom.py
[2024-10-28T00:05:19.440+0000] {processor.py:925} INFO - DAG(s) 'example_xcom' retrieved from /home/airflow/.local/lib/python3.12/site-packages/airflow/example_dags/example_xcom.py
[2024-10-28T00:05:19.464+0000] {logging_mixin.py:190} INFO - [2024-10-28T00:05:19.464+0000] {dag.py:3239} INFO - Sync 1 DAGs
[2024-10-28T00:05:19.487+0000] {logging_mixin.py:190} INFO - [2024-10-28T00:05:19.487+0000] {dag.py:4180} INFO - Setting next_dagrun for example_xcom to 2021-01-01 00:00:00+00:00, run_after=2021-01-01 00:00:00+00:00
[2024-10-28T00:05:19.509+0000] {processor.py:208} INFO - Processing /home/airflow/.local/lib/python3.12/site-packages/airflow/example_dags/example_xcom.py took 0.089 seconds
[2024-10-28T00:05:49.881+0000] {processor.py:186} INFO - Started process (PID=46002) to work on /home/airflow/.local/lib/python3.12/site-packages/airflow/example_dags/example_xcom.py
[2024-10-28T00:05:49.882+0000] {processor.py:914} INFO - Processing file /home/airflow/.local/lib/python3.12/site-packages/airflow/example_dags/example_xcom.py for tasks to queue
[2024-10-28T00:05:49.883+0000] {logging_mixin.py:190} INFO - [2024-10-28T00:05:49.883+0000] {dagbag.py:588} INFO - Filling up the DagBag from /home/airflow/.local/lib/python3.12/site-packages/airflow/example_dags/example_xcom.py
[2024-10-28T00:05:49.892+0000] {processor.py:925} INFO - DAG(s) 'example_xcom' retrieved from /home/airflow/.local/lib/python3.12/site-packages/airflow/example_dags/example_xcom.py
[2024-10-28T00:05:49.913+0000] {logging_mixin.py:190} INFO - [2024-10-28T00:05:49.913+0000] {dag.py:3239} INFO - Sync 1 DAGs
[2024-10-28T00:05:49.934+0000] {logging_mixin.py:190} INFO - [2024-10-28T00:05:49.934+0000] {dag.py:4180} INFO - Setting next_dagrun for example_xcom to 2021-01-01 00:00:00+00:00, run_after=2021-01-01 00:00:00+00:00
[2024-10-28T00:05:49.955+0000] {processor.py:208} INFO - Processing /home/airflow/.local/lib/python3.12/site-packages/airflow/example_dags/example_xcom.py took 0.079 seconds
[2024-10-28T00:06:20.269+0000] {processor.py:186} INFO - Started process (PID=46076) to work on /home/airflow/.local/lib/python3.12/site-packages/airflow/example_dags/example_xcom.py
[2024-10-28T00:06:20.270+0000] {processor.py:914} INFO - Processing file /home/airflow/.local/lib/python3.12/site-packages/airflow/example_dags/example_xcom.py for tasks to queue
[2024-10-28T00:06:20.271+0000] {logging_mixin.py:190} INFO - [2024-10-28T00:06:20.271+0000] {dagbag.py:588} INFO - Filling up the DagBag from /home/airflow/.local/lib/python3.12/site-packages/airflow/example_dags/example_xcom.py
[2024-10-28T00:06:20.282+0000] {processor.py:925} INFO - DAG(s) 'example_xcom' retrieved from /home/airflow/.local/lib/python3.12/site-packages/airflow/example_dags/example_xcom.py
[2024-10-28T00:06:20.307+0000] {logging_mixin.py:190} INFO - [2024-10-28T00:06:20.307+0000] {dag.py:3239} INFO - Sync 1 DAGs
[2024-10-28T00:06:20.332+0000] {logging_mixin.py:190} INFO - [2024-10-28T00:06:20.331+0000] {dag.py:4180} INFO - Setting next_dagrun for example_xcom to 2021-01-01 00:00:00+00:00, run_after=2021-01-01 00:00:00+00:00
[2024-10-28T00:06:20.353+0000] {processor.py:208} INFO - Processing /home/airflow/.local/lib/python3.12/site-packages/airflow/example_dags/example_xcom.py took 0.090 seconds
[2024-10-28T00:06:50.431+0000] {processor.py:186} INFO - Started process (PID=46150) to work on /home/airflow/.local/lib/python3.12/site-packages/airflow/example_dags/example_xcom.py
[2024-10-28T00:06:50.432+0000] {processor.py:914} INFO - Processing file /home/airflow/.local/lib/python3.12/site-packages/airflow/example_dags/example_xcom.py for tasks to queue
[2024-10-28T00:06:50.434+0000] {logging_mixin.py:190} INFO - [2024-10-28T00:06:50.433+0000] {dagbag.py:588} INFO - Filling up the DagBag from /home/airflow/.local/lib/python3.12/site-packages/airflow/example_dags/example_xcom.py
[2024-10-28T00:06:50.442+0000] {processor.py:925} INFO - DAG(s) 'example_xcom' retrieved from /home/airflow/.local/lib/python3.12/site-packages/airflow/example_dags/example_xcom.py
[2024-10-28T00:06:50.462+0000] {logging_mixin.py:190} INFO - [2024-10-28T00:06:50.462+0000] {dag.py:3239} INFO - Sync 1 DAGs
[2024-10-28T00:06:50.483+0000] {logging_mixin.py:190} INFO - [2024-10-28T00:06:50.483+0000] {dag.py:4180} INFO - Setting next_dagrun for example_xcom to 2021-01-01 00:00:00+00:00, run_after=2021-01-01 00:00:00+00:00
[2024-10-28T00:06:50.504+0000] {processor.py:208} INFO - Processing /home/airflow/.local/lib/python3.12/site-packages/airflow/example_dags/example_xcom.py took 0.078 seconds
[2024-10-28T00:07:20.756+0000] {processor.py:186} INFO - Started process (PID=46224) to work on /home/airflow/.local/lib/python3.12/site-packages/airflow/example_dags/example_xcom.py
[2024-10-28T00:07:20.757+0000] {processor.py:914} INFO - Processing file /home/airflow/.local/lib/python3.12/site-packages/airflow/example_dags/example_xcom.py for tasks to queue
[2024-10-28T00:07:20.759+0000] {logging_mixin.py:190} INFO - [2024-10-28T00:07:20.759+0000] {dagbag.py:588} INFO - Filling up the DagBag from /home/airflow/.local/lib/python3.12/site-packages/airflow/example_dags/example_xcom.py
[2024-10-28T00:07:20.769+0000] {processor.py:925} INFO - DAG(s) 'example_xcom' retrieved from /home/airflow/.local/lib/python3.12/site-packages/airflow/example_dags/example_xcom.py
[2024-10-28T00:07:20.792+0000] {logging_mixin.py:190} INFO - [2024-10-28T00:07:20.792+0000] {dag.py:3239} INFO - Sync 1 DAGs
[2024-10-28T00:07:20.819+0000] {logging_mixin.py:190} INFO - [2024-10-28T00:07:20.819+0000] {dag.py:4180} INFO - Setting next_dagrun for example_xcom to 2021-01-01 00:00:00+00:00, run_after=2021-01-01 00:00:00+00:00
[2024-10-28T00:07:20.840+0000] {processor.py:208} INFO - Processing /home/airflow/.local/lib/python3.12/site-packages/airflow/example_dags/example_xcom.py took 0.091 seconds
[2024-10-28T00:07:51.554+0000] {processor.py:186} INFO - Started process (PID=46299) to work on /home/airflow/.local/lib/python3.12/site-packages/airflow/example_dags/example_xcom.py
[2024-10-28T00:07:51.555+0000] {processor.py:914} INFO - Processing file /home/airflow/.local/lib/python3.12/site-packages/airflow/example_dags/example_xcom.py for tasks to queue
[2024-10-28T00:07:51.556+0000] {logging_mixin.py:190} INFO - [2024-10-28T00:07:51.556+0000] {dagbag.py:588} INFO - Filling up the DagBag from /home/airflow/.local/lib/python3.12/site-packages/airflow/example_dags/example_xcom.py
[2024-10-28T00:07:51.564+0000] {processor.py:925} INFO - DAG(s) 'example_xcom' retrieved from /home/airflow/.local/lib/python3.12/site-packages/airflow/example_dags/example_xcom.py
[2024-10-28T00:07:51.585+0000] {logging_mixin.py:190} INFO - [2024-10-28T00:07:51.585+0000] {dag.py:3239} INFO - Sync 1 DAGs
[2024-10-28T00:07:51.608+0000] {logging_mixin.py:190} INFO - [2024-10-28T00:07:51.608+0000] {dag.py:4180} INFO - Setting next_dagrun for example_xcom to 2021-01-01 00:00:00+00:00, run_after=2021-01-01 00:00:00+00:00
[2024-10-28T00:07:51.627+0000] {processor.py:208} INFO - Processing /home/airflow/.local/lib/python3.12/site-packages/airflow/example_dags/example_xcom.py took 0.078 seconds
[2024-10-28T00:08:22.102+0000] {processor.py:186} INFO - Started process (PID=46373) to work on /home/airflow/.local/lib/python3.12/site-packages/airflow/example_dags/example_xcom.py
[2024-10-28T00:08:22.103+0000] {processor.py:914} INFO - Processing file /home/airflow/.local/lib/python3.12/site-packages/airflow/example_dags/example_xcom.py for tasks to queue
[2024-10-28T00:08:22.104+0000] {logging_mixin.py:190} INFO - [2024-10-28T00:08:22.104+0000] {dagbag.py:588} INFO - Filling up the DagBag from /home/airflow/.local/lib/python3.12/site-packages/airflow/example_dags/example_xcom.py
[2024-10-28T00:08:22.113+0000] {processor.py:925} INFO - DAG(s) 'example_xcom' retrieved from /home/airflow/.local/lib/python3.12/site-packages/airflow/example_dags/example_xcom.py
[2024-10-28T00:08:22.132+0000] {logging_mixin.py:190} INFO - [2024-10-28T00:08:22.132+0000] {dag.py:3239} INFO - Sync 1 DAGs
[2024-10-28T00:08:22.154+0000] {logging_mixin.py:190} INFO - [2024-10-28T00:08:22.154+0000] {dag.py:4180} INFO - Setting next_dagrun for example_xcom to 2021-01-01 00:00:00+00:00, run_after=2021-01-01 00:00:00+00:00
[2024-10-28T00:08:22.172+0000] {processor.py:208} INFO - Processing /home/airflow/.local/lib/python3.12/site-packages/airflow/example_dags/example_xcom.py took 0.076 seconds
[2024-10-28T00:08:52.956+0000] {processor.py:186} INFO - Started process (PID=46447) to work on /home/airflow/.local/lib/python3.12/site-packages/airflow/example_dags/example_xcom.py
[2024-10-28T00:08:52.957+0000] {processor.py:914} INFO - Processing file /home/airflow/.local/lib/python3.12/site-packages/airflow/example_dags/example_xcom.py for tasks to queue
[2024-10-28T00:08:52.959+0000] {logging_mixin.py:190} INFO - [2024-10-28T00:08:52.958+0000] {dagbag.py:588} INFO - Filling up the DagBag from /home/airflow/.local/lib/python3.12/site-packages/airflow/example_dags/example_xcom.py
[2024-10-28T00:08:52.967+0000] {processor.py:925} INFO - DAG(s) 'example_xcom' retrieved from /home/airflow/.local/lib/python3.12/site-packages/airflow/example_dags/example_xcom.py
[2024-10-28T00:08:52.988+0000] {logging_mixin.py:190} INFO - [2024-10-28T00:08:52.987+0000] {dag.py:3239} INFO - Sync 1 DAGs
[2024-10-28T00:08:53.010+0000] {logging_mixin.py:190} INFO - [2024-10-28T00:08:53.009+0000] {dag.py:4180} INFO - Setting next_dagrun for example_xcom to 2021-01-01 00:00:00+00:00, run_after=2021-01-01 00:00:00+00:00
[2024-10-28T00:08:53.026+0000] {processor.py:208} INFO - Processing /home/airflow/.local/lib/python3.12/site-packages/airflow/example_dags/example_xcom.py took 0.076 seconds
[2024-10-28T00:09:23.413+0000] {processor.py:186} INFO - Started process (PID=46521) to work on /home/airflow/.local/lib/python3.12/site-packages/airflow/example_dags/example_xcom.py
[2024-10-28T00:09:23.414+0000] {processor.py:914} INFO - Processing file /home/airflow/.local/lib/python3.12/site-packages/airflow/example_dags/example_xcom.py for tasks to queue
[2024-10-28T00:09:23.416+0000] {logging_mixin.py:190} INFO - [2024-10-28T00:09:23.416+0000] {dagbag.py:588} INFO - Filling up the DagBag from /home/airflow/.local/lib/python3.12/site-packages/airflow/example_dags/example_xcom.py
[2024-10-28T00:09:23.427+0000] {processor.py:925} INFO - DAG(s) 'example_xcom' retrieved from /home/airflow/.local/lib/python3.12/site-packages/airflow/example_dags/example_xcom.py
[2024-10-28T00:09:23.448+0000] {logging_mixin.py:190} INFO - [2024-10-28T00:09:23.448+0000] {dag.py:3239} INFO - Sync 1 DAGs
[2024-10-28T00:09:23.471+0000] {logging_mixin.py:190} INFO - [2024-10-28T00:09:23.471+0000] {dag.py:4180} INFO - Setting next_dagrun for example_xcom to 2021-01-01 00:00:00+00:00, run_after=2021-01-01 00:00:00+00:00
[2024-10-28T00:09:23.489+0000] {processor.py:208} INFO - Processing /home/airflow/.local/lib/python3.12/site-packages/airflow/example_dags/example_xcom.py took 0.083 seconds
[2024-10-28T00:09:53.541+0000] {processor.py:186} INFO - Started process (PID=46594) to work on /home/airflow/.local/lib/python3.12/site-packages/airflow/example_dags/example_xcom.py
[2024-10-28T00:09:53.542+0000] {processor.py:914} INFO - Processing file /home/airflow/.local/lib/python3.12/site-packages/airflow/example_dags/example_xcom.py for tasks to queue
[2024-10-28T00:09:53.544+0000] {logging_mixin.py:190} INFO - [2024-10-28T00:09:53.543+0000] {dagbag.py:588} INFO - Filling up the DagBag from /home/airflow/.local/lib/python3.12/site-packages/airflow/example_dags/example_xcom.py
[2024-10-28T00:09:53.553+0000] {processor.py:925} INFO - DAG(s) 'example_xcom' retrieved from /home/airflow/.local/lib/python3.12/site-packages/airflow/example_dags/example_xcom.py
[2024-10-28T00:09:53.577+0000] {logging_mixin.py:190} INFO - [2024-10-28T00:09:53.576+0000] {dag.py:3239} INFO - Sync 1 DAGs
[2024-10-28T00:09:53.604+0000] {logging_mixin.py:190} INFO - [2024-10-28T00:09:53.604+0000] {dag.py:4180} INFO - Setting next_dagrun for example_xcom to 2021-01-01 00:00:00+00:00, run_after=2021-01-01 00:00:00+00:00
[2024-10-28T00:09:53.625+0000] {processor.py:208} INFO - Processing /home/airflow/.local/lib/python3.12/site-packages/airflow/example_dags/example_xcom.py took 0.090 seconds
[2024-10-28T00:10:23.686+0000] {processor.py:186} INFO - Started process (PID=46668) to work on /home/airflow/.local/lib/python3.12/site-packages/airflow/example_dags/example_xcom.py
[2024-10-28T00:10:23.687+0000] {processor.py:914} INFO - Processing file /home/airflow/.local/lib/python3.12/site-packages/airflow/example_dags/example_xcom.py for tasks to queue
[2024-10-28T00:10:23.689+0000] {logging_mixin.py:190} INFO - [2024-10-28T00:10:23.688+0000] {dagbag.py:588} INFO - Filling up the DagBag from /home/airflow/.local/lib/python3.12/site-packages/airflow/example_dags/example_xcom.py
[2024-10-28T00:10:23.699+0000] {processor.py:925} INFO - DAG(s) 'example_xcom' retrieved from /home/airflow/.local/lib/python3.12/site-packages/airflow/example_dags/example_xcom.py
[2024-10-28T00:10:23.719+0000] {logging_mixin.py:190} INFO - [2024-10-28T00:10:23.719+0000] {dag.py:3239} INFO - Sync 1 DAGs
[2024-10-28T00:10:23.749+0000] {logging_mixin.py:190} INFO - [2024-10-28T00:10:23.749+0000] {dag.py:4180} INFO - Setting next_dagrun for example_xcom to 2021-01-01 00:00:00+00:00, run_after=2021-01-01 00:00:00+00:00
[2024-10-28T00:10:23.780+0000] {processor.py:208} INFO - Processing /home/airflow/.local/lib/python3.12/site-packages/airflow/example_dags/example_xcom.py took 0.099 seconds
[2024-10-28T00:10:53.922+0000] {processor.py:186} INFO - Started process (PID=46742) to work on /home/airflow/.local/lib/python3.12/site-packages/airflow/example_dags/example_xcom.py
[2024-10-28T00:10:53.924+0000] {processor.py:914} INFO - Processing file /home/airflow/.local/lib/python3.12/site-packages/airflow/example_dags/example_xcom.py for tasks to queue
[2024-10-28T00:10:53.926+0000] {logging_mixin.py:190} INFO - [2024-10-28T00:10:53.925+0000] {dagbag.py:588} INFO - Filling up the DagBag from /home/airflow/.local/lib/python3.12/site-packages/airflow/example_dags/example_xcom.py
[2024-10-28T00:10:53.934+0000] {processor.py:925} INFO - DAG(s) 'example_xcom' retrieved from /home/airflow/.local/lib/python3.12/site-packages/airflow/example_dags/example_xcom.py
[2024-10-28T00:10:53.957+0000] {logging_mixin.py:190} INFO - [2024-10-28T00:10:53.957+0000] {dag.py:3239} INFO - Sync 1 DAGs
[2024-10-28T00:10:53.979+0000] {logging_mixin.py:190} INFO - [2024-10-28T00:10:53.979+0000] {dag.py:4180} INFO - Setting next_dagrun for example_xcom to 2021-01-01 00:00:00+00:00, run_after=2021-01-01 00:00:00+00:00
[2024-10-28T00:10:53.998+0000] {processor.py:208} INFO - Processing /home/airflow/.local/lib/python3.12/site-packages/airflow/example_dags/example_xcom.py took 0.083 seconds
[2024-10-28T00:11:24.371+0000] {processor.py:186} INFO - Started process (PID=46816) to work on /home/airflow/.local/lib/python3.12/site-packages/airflow/example_dags/example_xcom.py
[2024-10-28T00:11:24.372+0000] {processor.py:914} INFO - Processing file /home/airflow/.local/lib/python3.12/site-packages/airflow/example_dags/example_xcom.py for tasks to queue
[2024-10-28T00:11:24.373+0000] {logging_mixin.py:190} INFO - [2024-10-28T00:11:24.373+0000] {dagbag.py:588} INFO - Filling up the DagBag from /home/airflow/.local/lib/python3.12/site-packages/airflow/example_dags/example_xcom.py
[2024-10-28T00:11:24.382+0000] {processor.py:925} INFO - DAG(s) 'example_xcom' retrieved from /home/airflow/.local/lib/python3.12/site-packages/airflow/example_dags/example_xcom.py
[2024-10-28T00:11:24.402+0000] {logging_mixin.py:190} INFO - [2024-10-28T00:11:24.401+0000] {dag.py:3239} INFO - Sync 1 DAGs
[2024-10-28T00:11:24.422+0000] {logging_mixin.py:190} INFO - [2024-10-28T00:11:24.422+0000] {dag.py:4180} INFO - Setting next_dagrun for example_xcom to 2021-01-01 00:00:00+00:00, run_after=2021-01-01 00:00:00+00:00
[2024-10-28T00:11:24.440+0000] {processor.py:208} INFO - Processing /home/airflow/.local/lib/python3.12/site-packages/airflow/example_dags/example_xcom.py took 0.075 seconds
[2024-10-28T00:11:55.153+0000] {processor.py:186} INFO - Started process (PID=46890) to work on /home/airflow/.local/lib/python3.12/site-packages/airflow/example_dags/example_xcom.py
[2024-10-28T00:11:55.154+0000] {processor.py:914} INFO - Processing file /home/airflow/.local/lib/python3.12/site-packages/airflow/example_dags/example_xcom.py for tasks to queue
[2024-10-28T00:11:55.155+0000] {logging_mixin.py:190} INFO - [2024-10-28T00:11:55.155+0000] {dagbag.py:588} INFO - Filling up the DagBag from /home/airflow/.local/lib/python3.12/site-packages/airflow/example_dags/example_xcom.py
[2024-10-28T00:11:55.164+0000] {processor.py:925} INFO - DAG(s) 'example_xcom' retrieved from /home/airflow/.local/lib/python3.12/site-packages/airflow/example_dags/example_xcom.py
[2024-10-28T00:11:55.184+0000] {logging_mixin.py:190} INFO - [2024-10-28T00:11:55.184+0000] {dag.py:3239} INFO - Sync 1 DAGs
[2024-10-28T00:11:55.204+0000] {logging_mixin.py:190} INFO - [2024-10-28T00:11:55.204+0000] {dag.py:4180} INFO - Setting next_dagrun for example_xcom to 2021-01-01 00:00:00+00:00, run_after=2021-01-01 00:00:00+00:00
[2024-10-28T00:11:55.223+0000] {processor.py:208} INFO - Processing /home/airflow/.local/lib/python3.12/site-packages/airflow/example_dags/example_xcom.py took 0.076 seconds
[2024-10-28T00:12:25.267+0000] {processor.py:186} INFO - Started process (PID=46964) to work on /home/airflow/.local/lib/python3.12/site-packages/airflow/example_dags/example_xcom.py
[2024-10-28T00:12:25.268+0000] {processor.py:914} INFO - Processing file /home/airflow/.local/lib/python3.12/site-packages/airflow/example_dags/example_xcom.py for tasks to queue
[2024-10-28T00:12:25.269+0000] {logging_mixin.py:190} INFO - [2024-10-28T00:12:25.269+0000] {dagbag.py:588} INFO - Filling up the DagBag from /home/airflow/.local/lib/python3.12/site-packages/airflow/example_dags/example_xcom.py
[2024-10-28T00:12:25.278+0000] {processor.py:925} INFO - DAG(s) 'example_xcom' retrieved from /home/airflow/.local/lib/python3.12/site-packages/airflow/example_dags/example_xcom.py
[2024-10-28T00:12:25.298+0000] {logging_mixin.py:190} INFO - [2024-10-28T00:12:25.297+0000] {dag.py:3239} INFO - Sync 1 DAGs
[2024-10-28T00:12:25.319+0000] {logging_mixin.py:190} INFO - [2024-10-28T00:12:25.319+0000] {dag.py:4180} INFO - Setting next_dagrun for example_xcom to 2021-01-01 00:00:00+00:00, run_after=2021-01-01 00:00:00+00:00
[2024-10-28T00:12:25.337+0000] {processor.py:208} INFO - Processing /home/airflow/.local/lib/python3.12/site-packages/airflow/example_dags/example_xcom.py took 0.076 seconds
[2024-10-28T00:12:55.910+0000] {processor.py:186} INFO - Started process (PID=47038) to work on /home/airflow/.local/lib/python3.12/site-packages/airflow/example_dags/example_xcom.py
[2024-10-28T00:12:55.911+0000] {processor.py:914} INFO - Processing file /home/airflow/.local/lib/python3.12/site-packages/airflow/example_dags/example_xcom.py for tasks to queue
[2024-10-28T00:12:55.912+0000] {logging_mixin.py:190} INFO - [2024-10-28T00:12:55.912+0000] {dagbag.py:588} INFO - Filling up the DagBag from /home/airflow/.local/lib/python3.12/site-packages/airflow/example_dags/example_xcom.py
[2024-10-28T00:12:55.921+0000] {processor.py:925} INFO - DAG(s) 'example_xcom' retrieved from /home/airflow/.local/lib/python3.12/site-packages/airflow/example_dags/example_xcom.py
[2024-10-28T00:12:55.941+0000] {logging_mixin.py:190} INFO - [2024-10-28T00:12:55.941+0000] {dag.py:3239} INFO - Sync 1 DAGs
[2024-10-28T00:12:55.962+0000] {logging_mixin.py:190} INFO - [2024-10-28T00:12:55.961+0000] {dag.py:4180} INFO - Setting next_dagrun for example_xcom to 2021-01-01 00:00:00+00:00, run_after=2021-01-01 00:00:00+00:00
[2024-10-28T00:12:55.980+0000] {processor.py:208} INFO - Processing /home/airflow/.local/lib/python3.12/site-packages/airflow/example_dags/example_xcom.py took 0.076 seconds
[2024-10-28T00:13:26.275+0000] {processor.py:186} INFO - Started process (PID=47112) to work on /home/airflow/.local/lib/python3.12/site-packages/airflow/example_dags/example_xcom.py
[2024-10-28T00:13:26.276+0000] {processor.py:914} INFO - Processing file /home/airflow/.local/lib/python3.12/site-packages/airflow/example_dags/example_xcom.py for tasks to queue
[2024-10-28T00:13:26.278+0000] {logging_mixin.py:190} INFO - [2024-10-28T00:13:26.277+0000] {dagbag.py:588} INFO - Filling up the DagBag from /home/airflow/.local/lib/python3.12/site-packages/airflow/example_dags/example_xcom.py
[2024-10-28T00:13:26.287+0000] {processor.py:925} INFO - DAG(s) 'example_xcom' retrieved from /home/airflow/.local/lib/python3.12/site-packages/airflow/example_dags/example_xcom.py
[2024-10-28T00:13:26.314+0000] {logging_mixin.py:190} INFO - [2024-10-28T00:13:26.314+0000] {dag.py:3239} INFO - Sync 1 DAGs
[2024-10-28T00:13:26.338+0000] {logging_mixin.py:190} INFO - [2024-10-28T00:13:26.338+0000] {dag.py:4180} INFO - Setting next_dagrun for example_xcom to 2021-01-01 00:00:00+00:00, run_after=2021-01-01 00:00:00+00:00
[2024-10-28T00:13:26.360+0000] {processor.py:208} INFO - Processing /home/airflow/.local/lib/python3.12/site-packages/airflow/example_dags/example_xcom.py took 0.091 seconds
[2024-10-28T00:13:57.202+0000] {processor.py:186} INFO - Started process (PID=47186) to work on /home/airflow/.local/lib/python3.12/site-packages/airflow/example_dags/example_xcom.py
[2024-10-28T00:13:57.203+0000] {processor.py:914} INFO - Processing file /home/airflow/.local/lib/python3.12/site-packages/airflow/example_dags/example_xcom.py for tasks to queue
[2024-10-28T00:13:57.205+0000] {logging_mixin.py:190} INFO - [2024-10-28T00:13:57.204+0000] {dagbag.py:588} INFO - Filling up the DagBag from /home/airflow/.local/lib/python3.12/site-packages/airflow/example_dags/example_xcom.py
[2024-10-28T00:13:57.216+0000] {processor.py:925} INFO - DAG(s) 'example_xcom' retrieved from /home/airflow/.local/lib/python3.12/site-packages/airflow/example_dags/example_xcom.py
[2024-10-28T00:13:57.238+0000] {logging_mixin.py:190} INFO - [2024-10-28T00:13:57.237+0000] {dag.py:3239} INFO - Sync 1 DAGs
[2024-10-28T00:13:57.260+0000] {logging_mixin.py:190} INFO - [2024-10-28T00:13:57.260+0000] {dag.py:4180} INFO - Setting next_dagrun for example_xcom to 2021-01-01 00:00:00+00:00, run_after=2021-01-01 00:00:00+00:00
[2024-10-28T00:13:57.278+0000] {processor.py:208} INFO - Processing /home/airflow/.local/lib/python3.12/site-packages/airflow/example_dags/example_xcom.py took 0.083 seconds
[2024-10-28T00:14:27.384+0000] {processor.py:186} INFO - Started process (PID=47248) to work on /home/airflow/.local/lib/python3.12/site-packages/airflow/example_dags/example_xcom.py
[2024-10-28T00:14:27.385+0000] {processor.py:914} INFO - Processing file /home/airflow/.local/lib/python3.12/site-packages/airflow/example_dags/example_xcom.py for tasks to queue
[2024-10-28T00:14:27.386+0000] {logging_mixin.py:190} INFO - [2024-10-28T00:14:27.386+0000] {dagbag.py:588} INFO - Filling up the DagBag from /home/airflow/.local/lib/python3.12/site-packages/airflow/example_dags/example_xcom.py
[2024-10-28T00:14:27.394+0000] {processor.py:925} INFO - DAG(s) 'example_xcom' retrieved from /home/airflow/.local/lib/python3.12/site-packages/airflow/example_dags/example_xcom.py
[2024-10-28T00:14:27.414+0000] {logging_mixin.py:190} INFO - [2024-10-28T00:14:27.414+0000] {dag.py:3239} INFO - Sync 1 DAGs
[2024-10-28T00:14:27.435+0000] {logging_mixin.py:190} INFO - [2024-10-28T00:14:27.434+0000] {dag.py:4180} INFO - Setting next_dagrun for example_xcom to 2021-01-01 00:00:00+00:00, run_after=2021-01-01 00:00:00+00:00
[2024-10-28T00:14:27.452+0000] {processor.py:208} INFO - Processing /home/airflow/.local/lib/python3.12/site-packages/airflow/example_dags/example_xcom.py took 0.074 seconds
[2024-10-28T00:14:57.533+0000] {processor.py:186} INFO - Started process (PID=47322) to work on /home/airflow/.local/lib/python3.12/site-packages/airflow/example_dags/example_xcom.py
[2024-10-28T00:14:57.534+0000] {processor.py:914} INFO - Processing file /home/airflow/.local/lib/python3.12/site-packages/airflow/example_dags/example_xcom.py for tasks to queue
[2024-10-28T00:14:57.535+0000] {logging_mixin.py:190} INFO - [2024-10-28T00:14:57.535+0000] {dagbag.py:588} INFO - Filling up the DagBag from /home/airflow/.local/lib/python3.12/site-packages/airflow/example_dags/example_xcom.py
[2024-10-28T00:14:57.543+0000] {processor.py:925} INFO - DAG(s) 'example_xcom' retrieved from /home/airflow/.local/lib/python3.12/site-packages/airflow/example_dags/example_xcom.py
[2024-10-28T00:14:57.563+0000] {logging_mixin.py:190} INFO - [2024-10-28T00:14:57.562+0000] {dag.py:3239} INFO - Sync 1 DAGs
[2024-10-28T00:14:57.583+0000] {logging_mixin.py:190} INFO - [2024-10-28T00:14:57.583+0000] {dag.py:4180} INFO - Setting next_dagrun for example_xcom to 2021-01-01 00:00:00+00:00, run_after=2021-01-01 00:00:00+00:00
[2024-10-28T00:14:57.601+0000] {processor.py:208} INFO - Processing /home/airflow/.local/lib/python3.12/site-packages/airflow/example_dags/example_xcom.py took 0.074 seconds
[2024-10-28T00:15:27.864+0000] {processor.py:186} INFO - Started process (PID=47396) to work on /home/airflow/.local/lib/python3.12/site-packages/airflow/example_dags/example_xcom.py
[2024-10-28T00:15:27.865+0000] {processor.py:914} INFO - Processing file /home/airflow/.local/lib/python3.12/site-packages/airflow/example_dags/example_xcom.py for tasks to queue
[2024-10-28T00:15:27.866+0000] {logging_mixin.py:190} INFO - [2024-10-28T00:15:27.866+0000] {dagbag.py:588} INFO - Filling up the DagBag from /home/airflow/.local/lib/python3.12/site-packages/airflow/example_dags/example_xcom.py
[2024-10-28T00:15:27.874+0000] {processor.py:925} INFO - DAG(s) 'example_xcom' retrieved from /home/airflow/.local/lib/python3.12/site-packages/airflow/example_dags/example_xcom.py
[2024-10-28T00:15:27.894+0000] {logging_mixin.py:190} INFO - [2024-10-28T00:15:27.894+0000] {dag.py:3239} INFO - Sync 1 DAGs
[2024-10-28T00:15:27.915+0000] {logging_mixin.py:190} INFO - [2024-10-28T00:15:27.914+0000] {dag.py:4180} INFO - Setting next_dagrun for example_xcom to 2021-01-01 00:00:00+00:00, run_after=2021-01-01 00:00:00+00:00
[2024-10-28T00:15:27.934+0000] {processor.py:208} INFO - Processing /home/airflow/.local/lib/python3.12/site-packages/airflow/example_dags/example_xcom.py took 0.076 seconds
[2024-10-28T00:15:58.322+0000] {processor.py:186} INFO - Started process (PID=47470) to work on /home/airflow/.local/lib/python3.12/site-packages/airflow/example_dags/example_xcom.py
[2024-10-28T00:15:58.323+0000] {processor.py:914} INFO - Processing file /home/airflow/.local/lib/python3.12/site-packages/airflow/example_dags/example_xcom.py for tasks to queue
[2024-10-28T00:15:58.324+0000] {logging_mixin.py:190} INFO - [2024-10-28T00:15:58.324+0000] {dagbag.py:588} INFO - Filling up the DagBag from /home/airflow/.local/lib/python3.12/site-packages/airflow/example_dags/example_xcom.py
[2024-10-28T00:15:58.332+0000] {processor.py:925} INFO - DAG(s) 'example_xcom' retrieved from /home/airflow/.local/lib/python3.12/site-packages/airflow/example_dags/example_xcom.py
[2024-10-28T00:15:58.353+0000] {logging_mixin.py:190} INFO - [2024-10-28T00:15:58.353+0000] {dag.py:3239} INFO - Sync 1 DAGs
[2024-10-28T00:15:58.376+0000] {logging_mixin.py:190} INFO - [2024-10-28T00:15:58.376+0000] {dag.py:4180} INFO - Setting next_dagrun for example_xcom to 2021-01-01 00:00:00+00:00, run_after=2021-01-01 00:00:00+00:00
[2024-10-28T00:15:58.397+0000] {processor.py:208} INFO - Processing /home/airflow/.local/lib/python3.12/site-packages/airflow/example_dags/example_xcom.py took 0.080 seconds
[2024-10-28T00:16:29.330+0000] {processor.py:186} INFO - Started process (PID=47544) to work on /home/airflow/.local/lib/python3.12/site-packages/airflow/example_dags/example_xcom.py
[2024-10-28T00:16:29.331+0000] {processor.py:914} INFO - Processing file /home/airflow/.local/lib/python3.12/site-packages/airflow/example_dags/example_xcom.py for tasks to queue
[2024-10-28T00:16:29.333+0000] {logging_mixin.py:190} INFO - [2024-10-28T00:16:29.332+0000] {dagbag.py:588} INFO - Filling up the DagBag from /home/airflow/.local/lib/python3.12/site-packages/airflow/example_dags/example_xcom.py
[2024-10-28T00:16:29.340+0000] {processor.py:925} INFO - DAG(s) 'example_xcom' retrieved from /home/airflow/.local/lib/python3.12/site-packages/airflow/example_dags/example_xcom.py
[2024-10-28T00:16:29.359+0000] {logging_mixin.py:190} INFO - [2024-10-28T00:16:29.359+0000] {dag.py:3239} INFO - Sync 1 DAGs
[2024-10-28T00:16:29.386+0000] {logging_mixin.py:190} INFO - [2024-10-28T00:16:29.385+0000] {dag.py:4180} INFO - Setting next_dagrun for example_xcom to 2021-01-01 00:00:00+00:00, run_after=2021-01-01 00:00:00+00:00
[2024-10-28T00:16:29.404+0000] {processor.py:208} INFO - Processing /home/airflow/.local/lib/python3.12/site-packages/airflow/example_dags/example_xcom.py took 0.080 seconds
[2024-10-28T00:17:00.261+0000] {processor.py:186} INFO - Started process (PID=47618) to work on /home/airflow/.local/lib/python3.12/site-packages/airflow/example_dags/example_xcom.py
[2024-10-28T00:17:00.262+0000] {processor.py:914} INFO - Processing file /home/airflow/.local/lib/python3.12/site-packages/airflow/example_dags/example_xcom.py for tasks to queue
[2024-10-28T00:17:00.263+0000] {logging_mixin.py:190} INFO - [2024-10-28T00:17:00.263+0000] {dagbag.py:588} INFO - Filling up the DagBag from /home/airflow/.local/lib/python3.12/site-packages/airflow/example_dags/example_xcom.py
[2024-10-28T00:17:00.272+0000] {processor.py:925} INFO - DAG(s) 'example_xcom' retrieved from /home/airflow/.local/lib/python3.12/site-packages/airflow/example_dags/example_xcom.py
[2024-10-28T00:17:00.293+0000] {logging_mixin.py:190} INFO - [2024-10-28T00:17:00.293+0000] {dag.py:3239} INFO - Sync 1 DAGs
[2024-10-28T00:17:00.316+0000] {logging_mixin.py:190} INFO - [2024-10-28T00:17:00.316+0000] {dag.py:4180} INFO - Setting next_dagrun for example_xcom to 2021-01-01 00:00:00+00:00, run_after=2021-01-01 00:00:00+00:00
[2024-10-28T00:17:00.337+0000] {processor.py:208} INFO - Processing /home/airflow/.local/lib/python3.12/site-packages/airflow/example_dags/example_xcom.py took 0.082 seconds
[2024-10-28T00:17:30.743+0000] {processor.py:186} INFO - Started process (PID=47692) to work on /home/airflow/.local/lib/python3.12/site-packages/airflow/example_dags/example_xcom.py
[2024-10-28T00:17:30.744+0000] {processor.py:914} INFO - Processing file /home/airflow/.local/lib/python3.12/site-packages/airflow/example_dags/example_xcom.py for tasks to queue
[2024-10-28T00:17:30.746+0000] {logging_mixin.py:190} INFO - [2024-10-28T00:17:30.745+0000] {dagbag.py:588} INFO - Filling up the DagBag from /home/airflow/.local/lib/python3.12/site-packages/airflow/example_dags/example_xcom.py
[2024-10-28T00:17:30.756+0000] {processor.py:925} INFO - DAG(s) 'example_xcom' retrieved from /home/airflow/.local/lib/python3.12/site-packages/airflow/example_dags/example_xcom.py
[2024-10-28T00:17:30.782+0000] {logging_mixin.py:190} INFO - [2024-10-28T00:17:30.782+0000] {dag.py:3239} INFO - Sync 1 DAGs
[2024-10-28T00:17:30.811+0000] {logging_mixin.py:190} INFO - [2024-10-28T00:17:30.810+0000] {dag.py:4180} INFO - Setting next_dagrun for example_xcom to 2021-01-01 00:00:00+00:00, run_after=2021-01-01 00:00:00+00:00
[2024-10-28T00:17:30.837+0000] {processor.py:208} INFO - Processing /home/airflow/.local/lib/python3.12/site-packages/airflow/example_dags/example_xcom.py took 0.099 seconds
[2024-10-28T00:18:01.180+0000] {processor.py:186} INFO - Started process (PID=47766) to work on /home/airflow/.local/lib/python3.12/site-packages/airflow/example_dags/example_xcom.py
[2024-10-28T00:18:01.181+0000] {processor.py:914} INFO - Processing file /home/airflow/.local/lib/python3.12/site-packages/airflow/example_dags/example_xcom.py for tasks to queue
[2024-10-28T00:18:01.182+0000] {logging_mixin.py:190} INFO - [2024-10-28T00:18:01.182+0000] {dagbag.py:588} INFO - Filling up the DagBag from /home/airflow/.local/lib/python3.12/site-packages/airflow/example_dags/example_xcom.py
[2024-10-28T00:18:01.192+0000] {processor.py:925} INFO - DAG(s) 'example_xcom' retrieved from /home/airflow/.local/lib/python3.12/site-packages/airflow/example_dags/example_xcom.py
[2024-10-28T00:18:01.212+0000] {logging_mixin.py:190} INFO - [2024-10-28T00:18:01.212+0000] {dag.py:3239} INFO - Sync 1 DAGs
[2024-10-28T00:18:01.234+0000] {logging_mixin.py:190} INFO - [2024-10-28T00:18:01.234+0000] {dag.py:4180} INFO - Setting next_dagrun for example_xcom to 2021-01-01 00:00:00+00:00, run_after=2021-01-01 00:00:00+00:00
[2024-10-28T00:18:01.258+0000] {processor.py:208} INFO - Processing /home/airflow/.local/lib/python3.12/site-packages/airflow/example_dags/example_xcom.py took 0.083 seconds
[2024-10-28T00:18:31.883+0000] {processor.py:186} INFO - Started process (PID=47840) to work on /home/airflow/.local/lib/python3.12/site-packages/airflow/example_dags/example_xcom.py
[2024-10-28T00:18:31.884+0000] {processor.py:914} INFO - Processing file /home/airflow/.local/lib/python3.12/site-packages/airflow/example_dags/example_xcom.py for tasks to queue
[2024-10-28T00:18:31.886+0000] {logging_mixin.py:190} INFO - [2024-10-28T00:18:31.886+0000] {dagbag.py:588} INFO - Filling up the DagBag from /home/airflow/.local/lib/python3.12/site-packages/airflow/example_dags/example_xcom.py
[2024-10-28T00:18:31.894+0000] {processor.py:925} INFO - DAG(s) 'example_xcom' retrieved from /home/airflow/.local/lib/python3.12/site-packages/airflow/example_dags/example_xcom.py
[2024-10-28T00:18:31.916+0000] {logging_mixin.py:190} INFO - [2024-10-28T00:18:31.916+0000] {dag.py:3239} INFO - Sync 1 DAGs
[2024-10-28T00:18:31.938+0000] {logging_mixin.py:190} INFO - [2024-10-28T00:18:31.938+0000] {dag.py:4180} INFO - Setting next_dagrun for example_xcom to 2021-01-01 00:00:00+00:00, run_after=2021-01-01 00:00:00+00:00
[2024-10-28T00:18:31.959+0000] {processor.py:208} INFO - Processing /home/airflow/.local/lib/python3.12/site-packages/airflow/example_dags/example_xcom.py took 0.083 seconds
[2024-10-28T00:19:02.188+0000] {processor.py:186} INFO - Started process (PID=47914) to work on /home/airflow/.local/lib/python3.12/site-packages/airflow/example_dags/example_xcom.py
[2024-10-28T00:19:02.189+0000] {processor.py:914} INFO - Processing file /home/airflow/.local/lib/python3.12/site-packages/airflow/example_dags/example_xcom.py for tasks to queue
[2024-10-28T00:19:02.191+0000] {logging_mixin.py:190} INFO - [2024-10-28T00:19:02.190+0000] {dagbag.py:588} INFO - Filling up the DagBag from /home/airflow/.local/lib/python3.12/site-packages/airflow/example_dags/example_xcom.py
[2024-10-28T00:19:02.201+0000] {processor.py:925} INFO - DAG(s) 'example_xcom' retrieved from /home/airflow/.local/lib/python3.12/site-packages/airflow/example_dags/example_xcom.py
[2024-10-28T00:19:02.223+0000] {logging_mixin.py:190} INFO - [2024-10-28T00:19:02.222+0000] {dag.py:3239} INFO - Sync 1 DAGs
[2024-10-28T00:19:02.245+0000] {logging_mixin.py:190} INFO - [2024-10-28T00:19:02.245+0000] {dag.py:4180} INFO - Setting next_dagrun for example_xcom to 2021-01-01 00:00:00+00:00, run_after=2021-01-01 00:00:00+00:00
[2024-10-28T00:19:02.266+0000] {processor.py:208} INFO - Processing /home/airflow/.local/lib/python3.12/site-packages/airflow/example_dags/example_xcom.py took 0.083 seconds
[2024-10-28T00:19:32.679+0000] {processor.py:186} INFO - Started process (PID=47988) to work on /home/airflow/.local/lib/python3.12/site-packages/airflow/example_dags/example_xcom.py
[2024-10-28T00:19:32.680+0000] {processor.py:914} INFO - Processing file /home/airflow/.local/lib/python3.12/site-packages/airflow/example_dags/example_xcom.py for tasks to queue
[2024-10-28T00:19:32.685+0000] {logging_mixin.py:190} INFO - [2024-10-28T00:19:32.684+0000] {dagbag.py:588} INFO - Filling up the DagBag from /home/airflow/.local/lib/python3.12/site-packages/airflow/example_dags/example_xcom.py
[2024-10-28T00:19:32.705+0000] {processor.py:925} INFO - DAG(s) 'example_xcom' retrieved from /home/airflow/.local/lib/python3.12/site-packages/airflow/example_dags/example_xcom.py
[2024-10-28T00:19:32.739+0000] {logging_mixin.py:190} INFO - [2024-10-28T00:19:32.738+0000] {dag.py:3239} INFO - Sync 1 DAGs
[2024-10-28T00:19:32.771+0000] {logging_mixin.py:190} INFO - [2024-10-28T00:19:32.770+0000] {dag.py:4180} INFO - Setting next_dagrun for example_xcom to 2021-01-01 00:00:00+00:00, run_after=2021-01-01 00:00:00+00:00
[2024-10-28T00:19:32.803+0000] {processor.py:208} INFO - Processing /home/airflow/.local/lib/python3.12/site-packages/airflow/example_dags/example_xcom.py took 0.134 seconds
[2024-10-28T00:20:03.350+0000] {processor.py:186} INFO - Started process (PID=48062) to work on /home/airflow/.local/lib/python3.12/site-packages/airflow/example_dags/example_xcom.py
[2024-10-28T00:20:03.351+0000] {processor.py:914} INFO - Processing file /home/airflow/.local/lib/python3.12/site-packages/airflow/example_dags/example_xcom.py for tasks to queue
[2024-10-28T00:20:03.352+0000] {logging_mixin.py:190} INFO - [2024-10-28T00:20:03.352+0000] {dagbag.py:588} INFO - Filling up the DagBag from /home/airflow/.local/lib/python3.12/site-packages/airflow/example_dags/example_xcom.py
[2024-10-28T00:20:03.363+0000] {processor.py:925} INFO - DAG(s) 'example_xcom' retrieved from /home/airflow/.local/lib/python3.12/site-packages/airflow/example_dags/example_xcom.py
[2024-10-28T00:20:03.385+0000] {logging_mixin.py:190} INFO - [2024-10-28T00:20:03.384+0000] {dag.py:3239} INFO - Sync 1 DAGs
[2024-10-28T00:20:03.416+0000] {logging_mixin.py:190} INFO - [2024-10-28T00:20:03.416+0000] {dag.py:4180} INFO - Setting next_dagrun for example_xcom to 2021-01-01 00:00:00+00:00, run_after=2021-01-01 00:00:00+00:00
[2024-10-28T00:20:03.443+0000] {processor.py:208} INFO - Processing /home/airflow/.local/lib/python3.12/site-packages/airflow/example_dags/example_xcom.py took 0.099 seconds
[2024-10-28T00:20:33.774+0000] {processor.py:186} INFO - Started process (PID=48136) to work on /home/airflow/.local/lib/python3.12/site-packages/airflow/example_dags/example_xcom.py
[2024-10-28T00:20:33.776+0000] {processor.py:914} INFO - Processing file /home/airflow/.local/lib/python3.12/site-packages/airflow/example_dags/example_xcom.py for tasks to queue
[2024-10-28T00:20:33.778+0000] {logging_mixin.py:190} INFO - [2024-10-28T00:20:33.777+0000] {dagbag.py:588} INFO - Filling up the DagBag from /home/airflow/.local/lib/python3.12/site-packages/airflow/example_dags/example_xcom.py
[2024-10-28T00:20:33.791+0000] {processor.py:925} INFO - DAG(s) 'example_xcom' retrieved from /home/airflow/.local/lib/python3.12/site-packages/airflow/example_dags/example_xcom.py
[2024-10-28T00:20:33.817+0000] {logging_mixin.py:190} INFO - [2024-10-28T00:20:33.817+0000] {dag.py:3239} INFO - Sync 1 DAGs
[2024-10-28T00:20:33.847+0000] {logging_mixin.py:190} INFO - [2024-10-28T00:20:33.847+0000] {dag.py:4180} INFO - Setting next_dagrun for example_xcom to 2021-01-01 00:00:00+00:00, run_after=2021-01-01 00:00:00+00:00
[2024-10-28T00:20:33.873+0000] {processor.py:208} INFO - Processing /home/airflow/.local/lib/python3.12/site-packages/airflow/example_dags/example_xcom.py took 0.107 seconds
[2024-10-28T00:21:04.335+0000] {processor.py:186} INFO - Started process (PID=48210) to work on /home/airflow/.local/lib/python3.12/site-packages/airflow/example_dags/example_xcom.py
[2024-10-28T00:21:04.336+0000] {processor.py:914} INFO - Processing file /home/airflow/.local/lib/python3.12/site-packages/airflow/example_dags/example_xcom.py for tasks to queue
[2024-10-28T00:21:04.338+0000] {logging_mixin.py:190} INFO - [2024-10-28T00:21:04.338+0000] {dagbag.py:588} INFO - Filling up the DagBag from /home/airflow/.local/lib/python3.12/site-packages/airflow/example_dags/example_xcom.py
[2024-10-28T00:21:04.348+0000] {processor.py:925} INFO - DAG(s) 'example_xcom' retrieved from /home/airflow/.local/lib/python3.12/site-packages/airflow/example_dags/example_xcom.py
[2024-10-28T00:21:04.372+0000] {logging_mixin.py:190} INFO - [2024-10-28T00:21:04.372+0000] {dag.py:3239} INFO - Sync 1 DAGs
[2024-10-28T00:21:04.398+0000] {logging_mixin.py:190} INFO - [2024-10-28T00:21:04.397+0000] {dag.py:4180} INFO - Setting next_dagrun for example_xcom to 2021-01-01 00:00:00+00:00, run_after=2021-01-01 00:00:00+00:00
[2024-10-28T00:21:04.423+0000] {processor.py:208} INFO - Processing /home/airflow/.local/lib/python3.12/site-packages/airflow/example_dags/example_xcom.py took 0.096 seconds
[2024-10-28T00:21:34.975+0000] {processor.py:186} INFO - Started process (PID=48284) to work on /home/airflow/.local/lib/python3.12/site-packages/airflow/example_dags/example_xcom.py
[2024-10-28T00:21:34.976+0000] {processor.py:914} INFO - Processing file /home/airflow/.local/lib/python3.12/site-packages/airflow/example_dags/example_xcom.py for tasks to queue
[2024-10-28T00:21:34.977+0000] {logging_mixin.py:190} INFO - [2024-10-28T00:21:34.977+0000] {dagbag.py:588} INFO - Filling up the DagBag from /home/airflow/.local/lib/python3.12/site-packages/airflow/example_dags/example_xcom.py
[2024-10-28T00:21:34.985+0000] {processor.py:925} INFO - DAG(s) 'example_xcom' retrieved from /home/airflow/.local/lib/python3.12/site-packages/airflow/example_dags/example_xcom.py
[2024-10-28T00:21:35.007+0000] {logging_mixin.py:190} INFO - [2024-10-28T00:21:35.007+0000] {dag.py:3239} INFO - Sync 1 DAGs
[2024-10-28T00:21:35.029+0000] {logging_mixin.py:190} INFO - [2024-10-28T00:21:35.029+0000] {dag.py:4180} INFO - Setting next_dagrun for example_xcom to 2021-01-01 00:00:00+00:00, run_after=2021-01-01 00:00:00+00:00
[2024-10-28T00:21:35.049+0000] {processor.py:208} INFO - Processing /home/airflow/.local/lib/python3.12/site-packages/airflow/example_dags/example_xcom.py took 0.079 seconds
[2024-10-28T00:22:05.539+0000] {processor.py:186} INFO - Started process (PID=48358) to work on /home/airflow/.local/lib/python3.12/site-packages/airflow/example_dags/example_xcom.py
[2024-10-28T00:22:05.541+0000] {processor.py:914} INFO - Processing file /home/airflow/.local/lib/python3.12/site-packages/airflow/example_dags/example_xcom.py for tasks to queue
[2024-10-28T00:22:05.544+0000] {logging_mixin.py:190} INFO - [2024-10-28T00:22:05.543+0000] {dagbag.py:588} INFO - Filling up the DagBag from /home/airflow/.local/lib/python3.12/site-packages/airflow/example_dags/example_xcom.py
[2024-10-28T00:22:05.555+0000] {processor.py:925} INFO - DAG(s) 'example_xcom' retrieved from /home/airflow/.local/lib/python3.12/site-packages/airflow/example_dags/example_xcom.py
[2024-10-28T00:22:05.581+0000] {logging_mixin.py:190} INFO - [2024-10-28T00:22:05.581+0000] {dag.py:3239} INFO - Sync 1 DAGs
[2024-10-28T00:22:05.606+0000] {logging_mixin.py:190} INFO - [2024-10-28T00:22:05.606+0000] {dag.py:4180} INFO - Setting next_dagrun for example_xcom to 2021-01-01 00:00:00+00:00, run_after=2021-01-01 00:00:00+00:00
[2024-10-28T00:22:05.632+0000] {processor.py:208} INFO - Processing /home/airflow/.local/lib/python3.12/site-packages/airflow/example_dags/example_xcom.py took 0.098 seconds
[2024-10-28T00:22:35.817+0000] {processor.py:186} INFO - Started process (PID=48432) to work on /home/airflow/.local/lib/python3.12/site-packages/airflow/example_dags/example_xcom.py
[2024-10-28T00:22:35.818+0000] {processor.py:914} INFO - Processing file /home/airflow/.local/lib/python3.12/site-packages/airflow/example_dags/example_xcom.py for tasks to queue
[2024-10-28T00:22:35.820+0000] {logging_mixin.py:190} INFO - [2024-10-28T00:22:35.820+0000] {dagbag.py:588} INFO - Filling up the DagBag from /home/airflow/.local/lib/python3.12/site-packages/airflow/example_dags/example_xcom.py
[2024-10-28T00:22:35.829+0000] {processor.py:925} INFO - DAG(s) 'example_xcom' retrieved from /home/airflow/.local/lib/python3.12/site-packages/airflow/example_dags/example_xcom.py
[2024-10-28T00:22:35.851+0000] {logging_mixin.py:190} INFO - [2024-10-28T00:22:35.851+0000] {dag.py:3239} INFO - Sync 1 DAGs
[2024-10-28T00:22:35.878+0000] {logging_mixin.py:190} INFO - [2024-10-28T00:22:35.878+0000] {dag.py:4180} INFO - Setting next_dagrun for example_xcom to 2021-01-01 00:00:00+00:00, run_after=2021-01-01 00:00:00+00:00
[2024-10-28T00:22:35.899+0000] {processor.py:208} INFO - Processing /home/airflow/.local/lib/python3.12/site-packages/airflow/example_dags/example_xcom.py took 0.088 seconds
[2024-10-28T00:23:06.284+0000] {processor.py:186} INFO - Started process (PID=48506) to work on /home/airflow/.local/lib/python3.12/site-packages/airflow/example_dags/example_xcom.py
[2024-10-28T00:23:06.285+0000] {processor.py:914} INFO - Processing file /home/airflow/.local/lib/python3.12/site-packages/airflow/example_dags/example_xcom.py for tasks to queue
[2024-10-28T00:23:06.286+0000] {logging_mixin.py:190} INFO - [2024-10-28T00:23:06.286+0000] {dagbag.py:588} INFO - Filling up the DagBag from /home/airflow/.local/lib/python3.12/site-packages/airflow/example_dags/example_xcom.py
[2024-10-28T00:23:06.294+0000] {processor.py:925} INFO - DAG(s) 'example_xcom' retrieved from /home/airflow/.local/lib/python3.12/site-packages/airflow/example_dags/example_xcom.py
[2024-10-28T00:23:06.314+0000] {logging_mixin.py:190} INFO - [2024-10-28T00:23:06.314+0000] {dag.py:3239} INFO - Sync 1 DAGs
[2024-10-28T00:23:06.334+0000] {logging_mixin.py:190} INFO - [2024-10-28T00:23:06.334+0000] {dag.py:4180} INFO - Setting next_dagrun for example_xcom to 2021-01-01 00:00:00+00:00, run_after=2021-01-01 00:00:00+00:00
[2024-10-28T00:23:06.352+0000] {processor.py:208} INFO - Processing /home/airflow/.local/lib/python3.12/site-packages/airflow/example_dags/example_xcom.py took 0.075 seconds
[2024-10-28T00:23:36.507+0000] {processor.py:186} INFO - Started process (PID=48580) to work on /home/airflow/.local/lib/python3.12/site-packages/airflow/example_dags/example_xcom.py
[2024-10-28T00:23:36.508+0000] {processor.py:914} INFO - Processing file /home/airflow/.local/lib/python3.12/site-packages/airflow/example_dags/example_xcom.py for tasks to queue
[2024-10-28T00:23:36.510+0000] {logging_mixin.py:190} INFO - [2024-10-28T00:23:36.509+0000] {dagbag.py:588} INFO - Filling up the DagBag from /home/airflow/.local/lib/python3.12/site-packages/airflow/example_dags/example_xcom.py
[2024-10-28T00:23:36.518+0000] {processor.py:925} INFO - DAG(s) 'example_xcom' retrieved from /home/airflow/.local/lib/python3.12/site-packages/airflow/example_dags/example_xcom.py
[2024-10-28T00:23:36.539+0000] {logging_mixin.py:190} INFO - [2024-10-28T00:23:36.539+0000] {dag.py:3239} INFO - Sync 1 DAGs
[2024-10-28T00:23:36.561+0000] {logging_mixin.py:190} INFO - [2024-10-28T00:23:36.560+0000] {dag.py:4180} INFO - Setting next_dagrun for example_xcom to 2021-01-01 00:00:00+00:00, run_after=2021-01-01 00:00:00+00:00
[2024-10-28T00:23:36.582+0000] {processor.py:208} INFO - Processing /home/airflow/.local/lib/python3.12/site-packages/airflow/example_dags/example_xcom.py took 0.080 seconds
[2024-10-28T00:24:07.486+0000] {processor.py:186} INFO - Started process (PID=48654) to work on /home/airflow/.local/lib/python3.12/site-packages/airflow/example_dags/example_xcom.py
[2024-10-28T00:24:07.487+0000] {processor.py:914} INFO - Processing file /home/airflow/.local/lib/python3.12/site-packages/airflow/example_dags/example_xcom.py for tasks to queue
[2024-10-28T00:24:07.488+0000] {logging_mixin.py:190} INFO - [2024-10-28T00:24:07.488+0000] {dagbag.py:588} INFO - Filling up the DagBag from /home/airflow/.local/lib/python3.12/site-packages/airflow/example_dags/example_xcom.py
[2024-10-28T00:24:07.497+0000] {processor.py:925} INFO - DAG(s) 'example_xcom' retrieved from /home/airflow/.local/lib/python3.12/site-packages/airflow/example_dags/example_xcom.py
[2024-10-28T00:24:07.519+0000] {logging_mixin.py:190} INFO - [2024-10-28T00:24:07.519+0000] {dag.py:3239} INFO - Sync 1 DAGs
[2024-10-28T00:24:07.546+0000] {logging_mixin.py:190} INFO - [2024-10-28T00:24:07.546+0000] {dag.py:4180} INFO - Setting next_dagrun for example_xcom to 2021-01-01 00:00:00+00:00, run_after=2021-01-01 00:00:00+00:00
[2024-10-28T00:24:07.566+0000] {processor.py:208} INFO - Processing /home/airflow/.local/lib/python3.12/site-packages/airflow/example_dags/example_xcom.py took 0.086 seconds
[2024-10-28T00:24:38.482+0000] {processor.py:186} INFO - Started process (PID=48734) to work on /home/airflow/.local/lib/python3.12/site-packages/airflow/example_dags/example_xcom.py
[2024-10-28T00:24:38.483+0000] {processor.py:914} INFO - Processing file /home/airflow/.local/lib/python3.12/site-packages/airflow/example_dags/example_xcom.py for tasks to queue
[2024-10-28T00:24:38.485+0000] {logging_mixin.py:190} INFO - [2024-10-28T00:24:38.485+0000] {dagbag.py:588} INFO - Filling up the DagBag from /home/airflow/.local/lib/python3.12/site-packages/airflow/example_dags/example_xcom.py
[2024-10-28T00:24:38.495+0000] {processor.py:925} INFO - DAG(s) 'example_xcom' retrieved from /home/airflow/.local/lib/python3.12/site-packages/airflow/example_dags/example_xcom.py
[2024-10-28T00:24:38.517+0000] {logging_mixin.py:190} INFO - [2024-10-28T00:24:38.517+0000] {dag.py:3239} INFO - Sync 1 DAGs
[2024-10-28T00:24:38.540+0000] {logging_mixin.py:190} INFO - [2024-10-28T00:24:38.539+0000] {dag.py:4180} INFO - Setting next_dagrun for example_xcom to 2021-01-01 00:00:00+00:00, run_after=2021-01-01 00:00:00+00:00
[2024-10-28T00:24:38.562+0000] {processor.py:208} INFO - Processing /home/airflow/.local/lib/python3.12/site-packages/airflow/example_dags/example_xcom.py took 0.084 seconds
[2024-10-28T00:25:09.437+0000] {processor.py:186} INFO - Started process (PID=48808) to work on /home/airflow/.local/lib/python3.12/site-packages/airflow/example_dags/example_xcom.py
[2024-10-28T00:25:09.438+0000] {processor.py:914} INFO - Processing file /home/airflow/.local/lib/python3.12/site-packages/airflow/example_dags/example_xcom.py for tasks to queue
[2024-10-28T00:25:09.439+0000] {logging_mixin.py:190} INFO - [2024-10-28T00:25:09.439+0000] {dagbag.py:588} INFO - Filling up the DagBag from /home/airflow/.local/lib/python3.12/site-packages/airflow/example_dags/example_xcom.py
[2024-10-28T00:25:09.449+0000] {processor.py:925} INFO - DAG(s) 'example_xcom' retrieved from /home/airflow/.local/lib/python3.12/site-packages/airflow/example_dags/example_xcom.py
[2024-10-28T00:25:09.476+0000] {logging_mixin.py:190} INFO - [2024-10-28T00:25:09.476+0000] {dag.py:3239} INFO - Sync 1 DAGs
[2024-10-28T00:25:09.503+0000] {logging_mixin.py:190} INFO - [2024-10-28T00:25:09.502+0000] {dag.py:4180} INFO - Setting next_dagrun for example_xcom to 2021-01-01 00:00:00+00:00, run_after=2021-01-01 00:00:00+00:00
[2024-10-28T00:25:09.525+0000] {processor.py:208} INFO - Processing /home/airflow/.local/lib/python3.12/site-packages/airflow/example_dags/example_xcom.py took 0.096 seconds
[2024-10-28T00:25:40.321+0000] {processor.py:186} INFO - Started process (PID=48882) to work on /home/airflow/.local/lib/python3.12/site-packages/airflow/example_dags/example_xcom.py
[2024-10-28T00:25:40.323+0000] {processor.py:914} INFO - Processing file /home/airflow/.local/lib/python3.12/site-packages/airflow/example_dags/example_xcom.py for tasks to queue
[2024-10-28T00:25:40.325+0000] {logging_mixin.py:190} INFO - [2024-10-28T00:25:40.325+0000] {dagbag.py:588} INFO - Filling up the DagBag from /home/airflow/.local/lib/python3.12/site-packages/airflow/example_dags/example_xcom.py
[2024-10-28T00:25:40.339+0000] {processor.py:925} INFO - DAG(s) 'example_xcom' retrieved from /home/airflow/.local/lib/python3.12/site-packages/airflow/example_dags/example_xcom.py
[2024-10-28T00:25:40.372+0000] {logging_mixin.py:190} INFO - [2024-10-28T00:25:40.372+0000] {dag.py:3239} INFO - Sync 1 DAGs
[2024-10-28T00:25:40.591+0000] {logging_mixin.py:190} INFO - [2024-10-28T00:25:40.591+0000] {dag.py:4180} INFO - Setting next_dagrun for example_xcom to 2021-01-01 00:00:00+00:00, run_after=2021-01-01 00:00:00+00:00
[2024-10-28T00:25:40.617+0000] {processor.py:208} INFO - Processing /home/airflow/.local/lib/python3.12/site-packages/airflow/example_dags/example_xcom.py took 0.307 seconds
[2024-10-28T00:26:10.788+0000] {processor.py:186} INFO - Started process (PID=48956) to work on /home/airflow/.local/lib/python3.12/site-packages/airflow/example_dags/example_xcom.py
[2024-10-28T00:26:10.789+0000] {processor.py:914} INFO - Processing file /home/airflow/.local/lib/python3.12/site-packages/airflow/example_dags/example_xcom.py for tasks to queue
[2024-10-28T00:26:10.790+0000] {logging_mixin.py:190} INFO - [2024-10-28T00:26:10.790+0000] {dagbag.py:588} INFO - Filling up the DagBag from /home/airflow/.local/lib/python3.12/site-packages/airflow/example_dags/example_xcom.py
[2024-10-28T00:26:10.800+0000] {processor.py:925} INFO - DAG(s) 'example_xcom' retrieved from /home/airflow/.local/lib/python3.12/site-packages/airflow/example_dags/example_xcom.py
[2024-10-28T00:26:10.820+0000] {logging_mixin.py:190} INFO - [2024-10-28T00:26:10.819+0000] {dag.py:3239} INFO - Sync 1 DAGs
[2024-10-28T00:26:10.988+0000] {logging_mixin.py:190} INFO - [2024-10-28T00:26:10.987+0000] {dag.py:4180} INFO - Setting next_dagrun for example_xcom to 2021-01-01 00:00:00+00:00, run_after=2021-01-01 00:00:00+00:00
[2024-10-28T00:26:11.010+0000] {processor.py:208} INFO - Processing /home/airflow/.local/lib/python3.12/site-packages/airflow/example_dags/example_xcom.py took 0.228 seconds
[2024-10-28T00:26:41.405+0000] {processor.py:186} INFO - Started process (PID=49030) to work on /home/airflow/.local/lib/python3.12/site-packages/airflow/example_dags/example_xcom.py
[2024-10-28T00:26:41.406+0000] {processor.py:914} INFO - Processing file /home/airflow/.local/lib/python3.12/site-packages/airflow/example_dags/example_xcom.py for tasks to queue
[2024-10-28T00:26:41.408+0000] {logging_mixin.py:190} INFO - [2024-10-28T00:26:41.407+0000] {dagbag.py:588} INFO - Filling up the DagBag from /home/airflow/.local/lib/python3.12/site-packages/airflow/example_dags/example_xcom.py
[2024-10-28T00:26:41.419+0000] {processor.py:925} INFO - DAG(s) 'example_xcom' retrieved from /home/airflow/.local/lib/python3.12/site-packages/airflow/example_dags/example_xcom.py
[2024-10-28T00:26:41.448+0000] {logging_mixin.py:190} INFO - [2024-10-28T00:26:41.448+0000] {dag.py:3239} INFO - Sync 1 DAGs
[2024-10-28T00:26:41.470+0000] {logging_mixin.py:190} INFO - [2024-10-28T00:26:41.470+0000] {dag.py:4180} INFO - Setting next_dagrun for example_xcom to 2021-01-01 00:00:00+00:00, run_after=2021-01-01 00:00:00+00:00
[2024-10-28T00:26:41.489+0000] {processor.py:208} INFO - Processing /home/airflow/.local/lib/python3.12/site-packages/airflow/example_dags/example_xcom.py took 0.089 seconds
[2024-10-28T00:27:11.801+0000] {processor.py:186} INFO - Started process (PID=49104) to work on /home/airflow/.local/lib/python3.12/site-packages/airflow/example_dags/example_xcom.py
[2024-10-28T00:27:11.802+0000] {processor.py:914} INFO - Processing file /home/airflow/.local/lib/python3.12/site-packages/airflow/example_dags/example_xcom.py for tasks to queue
[2024-10-28T00:27:11.803+0000] {logging_mixin.py:190} INFO - [2024-10-28T00:27:11.803+0000] {dagbag.py:588} INFO - Filling up the DagBag from /home/airflow/.local/lib/python3.12/site-packages/airflow/example_dags/example_xcom.py
[2024-10-28T00:27:11.811+0000] {processor.py:925} INFO - DAG(s) 'example_xcom' retrieved from /home/airflow/.local/lib/python3.12/site-packages/airflow/example_dags/example_xcom.py
[2024-10-28T00:27:11.833+0000] {logging_mixin.py:190} INFO - [2024-10-28T00:27:11.833+0000] {dag.py:3239} INFO - Sync 1 DAGs
[2024-10-28T00:27:11.855+0000] {logging_mixin.py:190} INFO - [2024-10-28T00:27:11.855+0000] {dag.py:4180} INFO - Setting next_dagrun for example_xcom to 2021-01-01 00:00:00+00:00, run_after=2021-01-01 00:00:00+00:00
[2024-10-28T00:27:11.874+0000] {processor.py:208} INFO - Processing /home/airflow/.local/lib/python3.12/site-packages/airflow/example_dags/example_xcom.py took 0.079 seconds
[2024-10-28T00:27:42.709+0000] {processor.py:186} INFO - Started process (PID=49178) to work on /home/airflow/.local/lib/python3.12/site-packages/airflow/example_dags/example_xcom.py
[2024-10-28T00:27:42.710+0000] {processor.py:914} INFO - Processing file /home/airflow/.local/lib/python3.12/site-packages/airflow/example_dags/example_xcom.py for tasks to queue
[2024-10-28T00:27:42.712+0000] {logging_mixin.py:190} INFO - [2024-10-28T00:27:42.711+0000] {dagbag.py:588} INFO - Filling up the DagBag from /home/airflow/.local/lib/python3.12/site-packages/airflow/example_dags/example_xcom.py
[2024-10-28T00:27:42.720+0000] {processor.py:925} INFO - DAG(s) 'example_xcom' retrieved from /home/airflow/.local/lib/python3.12/site-packages/airflow/example_dags/example_xcom.py
[2024-10-28T00:27:42.740+0000] {logging_mixin.py:190} INFO - [2024-10-28T00:27:42.740+0000] {dag.py:3239} INFO - Sync 1 DAGs
[2024-10-28T00:27:42.761+0000] {logging_mixin.py:190} INFO - [2024-10-28T00:27:42.761+0000] {dag.py:4180} INFO - Setting next_dagrun for example_xcom to 2021-01-01 00:00:00+00:00, run_after=2021-01-01 00:00:00+00:00
[2024-10-28T00:27:42.780+0000] {processor.py:208} INFO - Processing /home/airflow/.local/lib/python3.12/site-packages/airflow/example_dags/example_xcom.py took 0.075 seconds
[2024-10-28T00:28:12.874+0000] {processor.py:186} INFO - Started process (PID=49252) to work on /home/airflow/.local/lib/python3.12/site-packages/airflow/example_dags/example_xcom.py
[2024-10-28T00:28:12.875+0000] {processor.py:914} INFO - Processing file /home/airflow/.local/lib/python3.12/site-packages/airflow/example_dags/example_xcom.py for tasks to queue
[2024-10-28T00:28:12.876+0000] {logging_mixin.py:190} INFO - [2024-10-28T00:28:12.876+0000] {dagbag.py:588} INFO - Filling up the DagBag from /home/airflow/.local/lib/python3.12/site-packages/airflow/example_dags/example_xcom.py
[2024-10-28T00:28:12.884+0000] {processor.py:925} INFO - DAG(s) 'example_xcom' retrieved from /home/airflow/.local/lib/python3.12/site-packages/airflow/example_dags/example_xcom.py
[2024-10-28T00:28:12.904+0000] {logging_mixin.py:190} INFO - [2024-10-28T00:28:12.904+0000] {dag.py:3239} INFO - Sync 1 DAGs
[2024-10-28T00:28:12.925+0000] {logging_mixin.py:190} INFO - [2024-10-28T00:28:12.925+0000] {dag.py:4180} INFO - Setting next_dagrun for example_xcom to 2021-01-01 00:00:00+00:00, run_after=2021-01-01 00:00:00+00:00
[2024-10-28T00:28:12.947+0000] {processor.py:208} INFO - Processing /home/airflow/.local/lib/python3.12/site-packages/airflow/example_dags/example_xcom.py took 0.079 seconds
[2024-10-28T00:28:43.380+0000] {processor.py:186} INFO - Started process (PID=49326) to work on /home/airflow/.local/lib/python3.12/site-packages/airflow/example_dags/example_xcom.py
[2024-10-28T00:28:43.381+0000] {processor.py:914} INFO - Processing file /home/airflow/.local/lib/python3.12/site-packages/airflow/example_dags/example_xcom.py for tasks to queue
[2024-10-28T00:28:43.383+0000] {logging_mixin.py:190} INFO - [2024-10-28T00:28:43.382+0000] {dagbag.py:588} INFO - Filling up the DagBag from /home/airflow/.local/lib/python3.12/site-packages/airflow/example_dags/example_xcom.py
[2024-10-28T00:28:43.391+0000] {processor.py:925} INFO - DAG(s) 'example_xcom' retrieved from /home/airflow/.local/lib/python3.12/site-packages/airflow/example_dags/example_xcom.py
[2024-10-28T00:28:43.411+0000] {logging_mixin.py:190} INFO - [2024-10-28T00:28:43.411+0000] {dag.py:3239} INFO - Sync 1 DAGs
[2024-10-28T00:28:43.431+0000] {logging_mixin.py:190} INFO - [2024-10-28T00:28:43.431+0000] {dag.py:4180} INFO - Setting next_dagrun for example_xcom to 2021-01-01 00:00:00+00:00, run_after=2021-01-01 00:00:00+00:00
[2024-10-28T00:28:43.449+0000] {processor.py:208} INFO - Processing /home/airflow/.local/lib/python3.12/site-packages/airflow/example_dags/example_xcom.py took 0.074 seconds
[2024-10-28T00:29:14.278+0000] {processor.py:186} INFO - Started process (PID=49400) to work on /home/airflow/.local/lib/python3.12/site-packages/airflow/example_dags/example_xcom.py
[2024-10-28T00:29:14.279+0000] {processor.py:914} INFO - Processing file /home/airflow/.local/lib/python3.12/site-packages/airflow/example_dags/example_xcom.py for tasks to queue
[2024-10-28T00:29:14.280+0000] {logging_mixin.py:190} INFO - [2024-10-28T00:29:14.280+0000] {dagbag.py:588} INFO - Filling up the DagBag from /home/airflow/.local/lib/python3.12/site-packages/airflow/example_dags/example_xcom.py
[2024-10-28T00:29:14.289+0000] {processor.py:925} INFO - DAG(s) 'example_xcom' retrieved from /home/airflow/.local/lib/python3.12/site-packages/airflow/example_dags/example_xcom.py
[2024-10-28T00:29:14.308+0000] {logging_mixin.py:190} INFO - [2024-10-28T00:29:14.308+0000] {dag.py:3239} INFO - Sync 1 DAGs
[2024-10-28T00:29:14.329+0000] {logging_mixin.py:190} INFO - [2024-10-28T00:29:14.329+0000] {dag.py:4180} INFO - Setting next_dagrun for example_xcom to 2021-01-01 00:00:00+00:00, run_after=2021-01-01 00:00:00+00:00
[2024-10-28T00:29:14.349+0000] {processor.py:208} INFO - Processing /home/airflow/.local/lib/python3.12/site-packages/airflow/example_dags/example_xcom.py took 0.076 seconds
[2024-10-28T00:29:45.095+0000] {processor.py:186} INFO - Started process (PID=49474) to work on /home/airflow/.local/lib/python3.12/site-packages/airflow/example_dags/example_xcom.py
[2024-10-28T00:29:45.096+0000] {processor.py:914} INFO - Processing file /home/airflow/.local/lib/python3.12/site-packages/airflow/example_dags/example_xcom.py for tasks to queue
[2024-10-28T00:29:45.098+0000] {logging_mixin.py:190} INFO - [2024-10-28T00:29:45.097+0000] {dagbag.py:588} INFO - Filling up the DagBag from /home/airflow/.local/lib/python3.12/site-packages/airflow/example_dags/example_xcom.py
[2024-10-28T00:29:45.106+0000] {processor.py:925} INFO - DAG(s) 'example_xcom' retrieved from /home/airflow/.local/lib/python3.12/site-packages/airflow/example_dags/example_xcom.py
[2024-10-28T00:29:45.128+0000] {logging_mixin.py:190} INFO - [2024-10-28T00:29:45.128+0000] {dag.py:3239} INFO - Sync 1 DAGs
[2024-10-28T00:29:45.157+0000] {logging_mixin.py:190} INFO - [2024-10-28T00:29:45.157+0000] {dag.py:4180} INFO - Setting next_dagrun for example_xcom to 2021-01-01 00:00:00+00:00, run_after=2021-01-01 00:00:00+00:00
[2024-10-28T00:29:45.180+0000] {processor.py:208} INFO - Processing /home/airflow/.local/lib/python3.12/site-packages/airflow/example_dags/example_xcom.py took 0.090 seconds
[2024-10-28T00:30:16.007+0000] {processor.py:186} INFO - Started process (PID=49548) to work on /home/airflow/.local/lib/python3.12/site-packages/airflow/example_dags/example_xcom.py
[2024-10-28T00:30:16.008+0000] {processor.py:914} INFO - Processing file /home/airflow/.local/lib/python3.12/site-packages/airflow/example_dags/example_xcom.py for tasks to queue
[2024-10-28T00:30:16.010+0000] {logging_mixin.py:190} INFO - [2024-10-28T00:30:16.009+0000] {dagbag.py:588} INFO - Filling up the DagBag from /home/airflow/.local/lib/python3.12/site-packages/airflow/example_dags/example_xcom.py
[2024-10-28T00:30:16.018+0000] {processor.py:925} INFO - DAG(s) 'example_xcom' retrieved from /home/airflow/.local/lib/python3.12/site-packages/airflow/example_dags/example_xcom.py
[2024-10-28T00:30:16.038+0000] {logging_mixin.py:190} INFO - [2024-10-28T00:30:16.038+0000] {dag.py:3239} INFO - Sync 1 DAGs
[2024-10-28T00:30:16.061+0000] {logging_mixin.py:190} INFO - [2024-10-28T00:30:16.060+0000] {dag.py:4180} INFO - Setting next_dagrun for example_xcom to 2021-01-01 00:00:00+00:00, run_after=2021-01-01 00:00:00+00:00
[2024-10-28T00:30:16.080+0000] {processor.py:208} INFO - Processing /home/airflow/.local/lib/python3.12/site-packages/airflow/example_dags/example_xcom.py took 0.078 seconds
[2024-10-28T00:30:46.903+0000] {processor.py:186} INFO - Started process (PID=49622) to work on /home/airflow/.local/lib/python3.12/site-packages/airflow/example_dags/example_xcom.py
[2024-10-28T00:30:46.904+0000] {processor.py:914} INFO - Processing file /home/airflow/.local/lib/python3.12/site-packages/airflow/example_dags/example_xcom.py for tasks to queue
[2024-10-28T00:30:46.906+0000] {logging_mixin.py:190} INFO - [2024-10-28T00:30:46.905+0000] {dagbag.py:588} INFO - Filling up the DagBag from /home/airflow/.local/lib/python3.12/site-packages/airflow/example_dags/example_xcom.py
[2024-10-28T00:30:46.914+0000] {processor.py:925} INFO - DAG(s) 'example_xcom' retrieved from /home/airflow/.local/lib/python3.12/site-packages/airflow/example_dags/example_xcom.py
[2024-10-28T00:30:46.934+0000] {logging_mixin.py:190} INFO - [2024-10-28T00:30:46.934+0000] {dag.py:3239} INFO - Sync 1 DAGs
[2024-10-28T00:30:46.955+0000] {logging_mixin.py:190} INFO - [2024-10-28T00:30:46.955+0000] {dag.py:4180} INFO - Setting next_dagrun for example_xcom to 2021-01-01 00:00:00+00:00, run_after=2021-01-01 00:00:00+00:00
[2024-10-28T00:30:46.976+0000] {processor.py:208} INFO - Processing /home/airflow/.local/lib/python3.12/site-packages/airflow/example_dags/example_xcom.py took 0.078 seconds
[2024-10-28T00:31:17.679+0000] {processor.py:186} INFO - Started process (PID=49696) to work on /home/airflow/.local/lib/python3.12/site-packages/airflow/example_dags/example_xcom.py
[2024-10-28T00:31:17.680+0000] {processor.py:914} INFO - Processing file /home/airflow/.local/lib/python3.12/site-packages/airflow/example_dags/example_xcom.py for tasks to queue
[2024-10-28T00:31:17.681+0000] {logging_mixin.py:190} INFO - [2024-10-28T00:31:17.681+0000] {dagbag.py:588} INFO - Filling up the DagBag from /home/airflow/.local/lib/python3.12/site-packages/airflow/example_dags/example_xcom.py
[2024-10-28T00:31:17.690+0000] {processor.py:925} INFO - DAG(s) 'example_xcom' retrieved from /home/airflow/.local/lib/python3.12/site-packages/airflow/example_dags/example_xcom.py
[2024-10-28T00:31:17.710+0000] {logging_mixin.py:190} INFO - [2024-10-28T00:31:17.710+0000] {dag.py:3239} INFO - Sync 1 DAGs
[2024-10-28T00:31:17.731+0000] {logging_mixin.py:190} INFO - [2024-10-28T00:31:17.731+0000] {dag.py:4180} INFO - Setting next_dagrun for example_xcom to 2021-01-01 00:00:00+00:00, run_after=2021-01-01 00:00:00+00:00
[2024-10-28T00:31:17.751+0000] {processor.py:208} INFO - Processing /home/airflow/.local/lib/python3.12/site-packages/airflow/example_dags/example_xcom.py took 0.077 seconds
[2024-10-28T00:31:47.843+0000] {processor.py:186} INFO - Started process (PID=49770) to work on /home/airflow/.local/lib/python3.12/site-packages/airflow/example_dags/example_xcom.py
[2024-10-28T00:31:47.845+0000] {processor.py:914} INFO - Processing file /home/airflow/.local/lib/python3.12/site-packages/airflow/example_dags/example_xcom.py for tasks to queue
[2024-10-28T00:31:47.847+0000] {logging_mixin.py:190} INFO - [2024-10-28T00:31:47.847+0000] {dagbag.py:588} INFO - Filling up the DagBag from /home/airflow/.local/lib/python3.12/site-packages/airflow/example_dags/example_xcom.py
[2024-10-28T00:31:47.860+0000] {processor.py:925} INFO - DAG(s) 'example_xcom' retrieved from /home/airflow/.local/lib/python3.12/site-packages/airflow/example_dags/example_xcom.py
[2024-10-28T00:31:47.891+0000] {logging_mixin.py:190} INFO - [2024-10-28T00:31:47.890+0000] {dag.py:3239} INFO - Sync 1 DAGs
[2024-10-28T00:31:47.922+0000] {logging_mixin.py:190} INFO - [2024-10-28T00:31:47.922+0000] {dag.py:4180} INFO - Setting next_dagrun for example_xcom to 2021-01-01 00:00:00+00:00, run_after=2021-01-01 00:00:00+00:00
[2024-10-28T00:31:47.947+0000] {processor.py:208} INFO - Processing /home/airflow/.local/lib/python3.12/site-packages/airflow/example_dags/example_xcom.py took 0.112 seconds
[2024-10-28T00:32:18.681+0000] {processor.py:186} INFO - Started process (PID=49844) to work on /home/airflow/.local/lib/python3.12/site-packages/airflow/example_dags/example_xcom.py
[2024-10-28T00:32:18.682+0000] {processor.py:914} INFO - Processing file /home/airflow/.local/lib/python3.12/site-packages/airflow/example_dags/example_xcom.py for tasks to queue
[2024-10-28T00:32:18.683+0000] {logging_mixin.py:190} INFO - [2024-10-28T00:32:18.682+0000] {dagbag.py:588} INFO - Filling up the DagBag from /home/airflow/.local/lib/python3.12/site-packages/airflow/example_dags/example_xcom.py
[2024-10-28T00:32:18.693+0000] {processor.py:925} INFO - DAG(s) 'example_xcom' retrieved from /home/airflow/.local/lib/python3.12/site-packages/airflow/example_dags/example_xcom.py
[2024-10-28T00:32:18.715+0000] {logging_mixin.py:190} INFO - [2024-10-28T00:32:18.715+0000] {dag.py:3239} INFO - Sync 1 DAGs
[2024-10-28T00:32:18.742+0000] {logging_mixin.py:190} INFO - [2024-10-28T00:32:18.742+0000] {dag.py:4180} INFO - Setting next_dagrun for example_xcom to 2021-01-01 00:00:00+00:00, run_after=2021-01-01 00:00:00+00:00
[2024-10-28T00:32:18.764+0000] {processor.py:208} INFO - Processing /home/airflow/.local/lib/python3.12/site-packages/airflow/example_dags/example_xcom.py took 0.089 seconds
[2024-10-28T00:32:49.511+0000] {processor.py:186} INFO - Started process (PID=49918) to work on /home/airflow/.local/lib/python3.12/site-packages/airflow/example_dags/example_xcom.py
[2024-10-28T00:32:49.512+0000] {processor.py:914} INFO - Processing file /home/airflow/.local/lib/python3.12/site-packages/airflow/example_dags/example_xcom.py for tasks to queue
[2024-10-28T00:32:49.513+0000] {logging_mixin.py:190} INFO - [2024-10-28T00:32:49.513+0000] {dagbag.py:588} INFO - Filling up the DagBag from /home/airflow/.local/lib/python3.12/site-packages/airflow/example_dags/example_xcom.py
[2024-10-28T00:32:49.521+0000] {processor.py:925} INFO - DAG(s) 'example_xcom' retrieved from /home/airflow/.local/lib/python3.12/site-packages/airflow/example_dags/example_xcom.py
[2024-10-28T00:32:49.541+0000] {logging_mixin.py:190} INFO - [2024-10-28T00:32:49.541+0000] {dag.py:3239} INFO - Sync 1 DAGs
[2024-10-28T00:32:49.564+0000] {logging_mixin.py:190} INFO - [2024-10-28T00:32:49.564+0000] {dag.py:4180} INFO - Setting next_dagrun for example_xcom to 2021-01-01 00:00:00+00:00, run_after=2021-01-01 00:00:00+00:00
[2024-10-28T00:32:49.584+0000] {processor.py:208} INFO - Processing /home/airflow/.local/lib/python3.12/site-packages/airflow/example_dags/example_xcom.py took 0.078 seconds
[2024-10-28T00:33:20.285+0000] {processor.py:186} INFO - Started process (PID=49992) to work on /home/airflow/.local/lib/python3.12/site-packages/airflow/example_dags/example_xcom.py
[2024-10-28T00:33:20.286+0000] {processor.py:914} INFO - Processing file /home/airflow/.local/lib/python3.12/site-packages/airflow/example_dags/example_xcom.py for tasks to queue
[2024-10-28T00:33:20.288+0000] {logging_mixin.py:190} INFO - [2024-10-28T00:33:20.287+0000] {dagbag.py:588} INFO - Filling up the DagBag from /home/airflow/.local/lib/python3.12/site-packages/airflow/example_dags/example_xcom.py
[2024-10-28T00:33:20.295+0000] {processor.py:925} INFO - DAG(s) 'example_xcom' retrieved from /home/airflow/.local/lib/python3.12/site-packages/airflow/example_dags/example_xcom.py
[2024-10-28T00:33:20.317+0000] {logging_mixin.py:190} INFO - [2024-10-28T00:33:20.316+0000] {dag.py:3239} INFO - Sync 1 DAGs
[2024-10-28T00:33:20.336+0000] {logging_mixin.py:190} INFO - [2024-10-28T00:33:20.336+0000] {dag.py:4180} INFO - Setting next_dagrun for example_xcom to 2021-01-01 00:00:00+00:00, run_after=2021-01-01 00:00:00+00:00
[2024-10-28T00:33:20.356+0000] {processor.py:208} INFO - Processing /home/airflow/.local/lib/python3.12/site-packages/airflow/example_dags/example_xcom.py took 0.076 seconds
[2024-10-28T00:33:51.092+0000] {processor.py:186} INFO - Started process (PID=50066) to work on /home/airflow/.local/lib/python3.12/site-packages/airflow/example_dags/example_xcom.py
[2024-10-28T00:33:51.093+0000] {processor.py:914} INFO - Processing file /home/airflow/.local/lib/python3.12/site-packages/airflow/example_dags/example_xcom.py for tasks to queue
[2024-10-28T00:33:51.094+0000] {logging_mixin.py:190} INFO - [2024-10-28T00:33:51.094+0000] {dagbag.py:588} INFO - Filling up the DagBag from /home/airflow/.local/lib/python3.12/site-packages/airflow/example_dags/example_xcom.py
[2024-10-28T00:33:51.103+0000] {processor.py:925} INFO - DAG(s) 'example_xcom' retrieved from /home/airflow/.local/lib/python3.12/site-packages/airflow/example_dags/example_xcom.py
[2024-10-28T00:33:51.122+0000] {logging_mixin.py:190} INFO - [2024-10-28T00:33:51.122+0000] {dag.py:3239} INFO - Sync 1 DAGs
[2024-10-28T00:33:51.143+0000] {logging_mixin.py:190} INFO - [2024-10-28T00:33:51.143+0000] {dag.py:4180} INFO - Setting next_dagrun for example_xcom to 2021-01-01 00:00:00+00:00, run_after=2021-01-01 00:00:00+00:00
[2024-10-28T00:33:51.161+0000] {processor.py:208} INFO - Processing /home/airflow/.local/lib/python3.12/site-packages/airflow/example_dags/example_xcom.py took 0.074 seconds
