[2024-10-28T00:00:05.821+0000] {processor.py:186} INFO - Started process (PID=45174) to work on /home/airflow/.local/lib/python3.12/site-packages/airflow/example_dags/example_python_decorator.py
[2024-10-28T00:00:05.823+0000] {processor.py:914} INFO - Processing file /home/airflow/.local/lib/python3.12/site-packages/airflow/example_dags/example_python_decorator.py for tasks to queue
[2024-10-28T00:00:05.824+0000] {logging_mixin.py:190} INFO - [2024-10-28T00:00:05.824+0000] {dagbag.py:588} INFO - Filling up the DagBag from /home/airflow/.local/lib/python3.12/site-packages/airflow/example_dags/example_python_decorator.py
[2024-10-28T00:00:05.839+0000] {processor.py:925} INFO - DAG(s) 'example_python_decorator' retrieved from /home/airflow/.local/lib/python3.12/site-packages/airflow/example_dags/example_python_decorator.py
[2024-10-28T00:00:05.864+0000] {logging_mixin.py:190} INFO - [2024-10-28T00:00:05.863+0000] {dag.py:3239} INFO - Sync 1 DAGs
[2024-10-28T00:00:05.885+0000] {logging_mixin.py:190} INFO - [2024-10-28T00:00:05.884+0000] {dag.py:4180} INFO - Setting next_dagrun for example_python_decorator to None, run_after=None
[2024-10-28T00:00:05.907+0000] {processor.py:208} INFO - Processing /home/airflow/.local/lib/python3.12/site-packages/airflow/example_dags/example_python_decorator.py took 0.091 seconds
[2024-10-28T00:00:36.512+0000] {processor.py:186} INFO - Started process (PID=45248) to work on /home/airflow/.local/lib/python3.12/site-packages/airflow/example_dags/example_python_decorator.py
[2024-10-28T00:00:36.513+0000] {processor.py:914} INFO - Processing file /home/airflow/.local/lib/python3.12/site-packages/airflow/example_dags/example_python_decorator.py for tasks to queue
[2024-10-28T00:00:36.515+0000] {logging_mixin.py:190} INFO - [2024-10-28T00:00:36.514+0000] {dagbag.py:588} INFO - Filling up the DagBag from /home/airflow/.local/lib/python3.12/site-packages/airflow/example_dags/example_python_decorator.py
[2024-10-28T00:00:36.529+0000] {processor.py:925} INFO - DAG(s) 'example_python_decorator' retrieved from /home/airflow/.local/lib/python3.12/site-packages/airflow/example_dags/example_python_decorator.py
[2024-10-28T00:00:36.556+0000] {logging_mixin.py:190} INFO - [2024-10-28T00:00:36.556+0000] {dag.py:3239} INFO - Sync 1 DAGs
[2024-10-28T00:00:36.582+0000] {logging_mixin.py:190} INFO - [2024-10-28T00:00:36.582+0000] {dag.py:4180} INFO - Setting next_dagrun for example_python_decorator to None, run_after=None
[2024-10-28T00:00:36.609+0000] {processor.py:208} INFO - Processing /home/airflow/.local/lib/python3.12/site-packages/airflow/example_dags/example_python_decorator.py took 0.104 seconds
[2024-10-28T00:01:07.054+0000] {processor.py:186} INFO - Started process (PID=45322) to work on /home/airflow/.local/lib/python3.12/site-packages/airflow/example_dags/example_python_decorator.py
[2024-10-28T00:01:07.055+0000] {processor.py:914} INFO - Processing file /home/airflow/.local/lib/python3.12/site-packages/airflow/example_dags/example_python_decorator.py for tasks to queue
[2024-10-28T00:01:07.056+0000] {logging_mixin.py:190} INFO - [2024-10-28T00:01:07.056+0000] {dagbag.py:588} INFO - Filling up the DagBag from /home/airflow/.local/lib/python3.12/site-packages/airflow/example_dags/example_python_decorator.py
[2024-10-28T00:01:07.077+0000] {processor.py:925} INFO - DAG(s) 'example_python_decorator' retrieved from /home/airflow/.local/lib/python3.12/site-packages/airflow/example_dags/example_python_decorator.py
[2024-10-28T00:01:07.107+0000] {logging_mixin.py:190} INFO - [2024-10-28T00:01:07.107+0000] {dag.py:3239} INFO - Sync 1 DAGs
[2024-10-28T00:01:07.128+0000] {logging_mixin.py:190} INFO - [2024-10-28T00:01:07.128+0000] {dag.py:4180} INFO - Setting next_dagrun for example_python_decorator to None, run_after=None
[2024-10-28T00:01:07.155+0000] {processor.py:208} INFO - Processing /home/airflow/.local/lib/python3.12/site-packages/airflow/example_dags/example_python_decorator.py took 0.109 seconds
[2024-10-28T00:01:37.289+0000] {processor.py:186} INFO - Started process (PID=45396) to work on /home/airflow/.local/lib/python3.12/site-packages/airflow/example_dags/example_python_decorator.py
[2024-10-28T00:01:37.290+0000] {processor.py:914} INFO - Processing file /home/airflow/.local/lib/python3.12/site-packages/airflow/example_dags/example_python_decorator.py for tasks to queue
[2024-10-28T00:01:37.292+0000] {logging_mixin.py:190} INFO - [2024-10-28T00:01:37.291+0000] {dagbag.py:588} INFO - Filling up the DagBag from /home/airflow/.local/lib/python3.12/site-packages/airflow/example_dags/example_python_decorator.py
[2024-10-28T00:01:37.307+0000] {processor.py:925} INFO - DAG(s) 'example_python_decorator' retrieved from /home/airflow/.local/lib/python3.12/site-packages/airflow/example_dags/example_python_decorator.py
[2024-10-28T00:01:37.333+0000] {logging_mixin.py:190} INFO - [2024-10-28T00:01:37.332+0000] {dag.py:3239} INFO - Sync 1 DAGs
[2024-10-28T00:01:37.350+0000] {logging_mixin.py:190} INFO - [2024-10-28T00:01:37.349+0000] {dag.py:4180} INFO - Setting next_dagrun for example_python_decorator to None, run_after=None
[2024-10-28T00:01:37.370+0000] {processor.py:208} INFO - Processing /home/airflow/.local/lib/python3.12/site-packages/airflow/example_dags/example_python_decorator.py took 0.086 seconds
[2024-10-28T00:02:07.855+0000] {processor.py:186} INFO - Started process (PID=45470) to work on /home/airflow/.local/lib/python3.12/site-packages/airflow/example_dags/example_python_decorator.py
[2024-10-28T00:02:07.856+0000] {processor.py:914} INFO - Processing file /home/airflow/.local/lib/python3.12/site-packages/airflow/example_dags/example_python_decorator.py for tasks to queue
[2024-10-28T00:02:07.857+0000] {logging_mixin.py:190} INFO - [2024-10-28T00:02:07.857+0000] {dagbag.py:588} INFO - Filling up the DagBag from /home/airflow/.local/lib/python3.12/site-packages/airflow/example_dags/example_python_decorator.py
[2024-10-28T00:02:07.870+0000] {processor.py:925} INFO - DAG(s) 'example_python_decorator' retrieved from /home/airflow/.local/lib/python3.12/site-packages/airflow/example_dags/example_python_decorator.py
[2024-10-28T00:02:07.893+0000] {logging_mixin.py:190} INFO - [2024-10-28T00:02:07.892+0000] {dag.py:3239} INFO - Sync 1 DAGs
[2024-10-28T00:02:07.907+0000] {logging_mixin.py:190} INFO - [2024-10-28T00:02:07.906+0000] {dag.py:4180} INFO - Setting next_dagrun for example_python_decorator to None, run_after=None
[2024-10-28T00:02:07.926+0000] {processor.py:208} INFO - Processing /home/airflow/.local/lib/python3.12/site-packages/airflow/example_dags/example_python_decorator.py took 0.076 seconds
[2024-10-28T00:02:38.067+0000] {processor.py:186} INFO - Started process (PID=45544) to work on /home/airflow/.local/lib/python3.12/site-packages/airflow/example_dags/example_python_decorator.py
[2024-10-28T00:02:38.068+0000] {processor.py:914} INFO - Processing file /home/airflow/.local/lib/python3.12/site-packages/airflow/example_dags/example_python_decorator.py for tasks to queue
[2024-10-28T00:02:38.069+0000] {logging_mixin.py:190} INFO - [2024-10-28T00:02:38.069+0000] {dagbag.py:588} INFO - Filling up the DagBag from /home/airflow/.local/lib/python3.12/site-packages/airflow/example_dags/example_python_decorator.py
[2024-10-28T00:02:38.082+0000] {processor.py:925} INFO - DAG(s) 'example_python_decorator' retrieved from /home/airflow/.local/lib/python3.12/site-packages/airflow/example_dags/example_python_decorator.py
[2024-10-28T00:02:38.103+0000] {logging_mixin.py:190} INFO - [2024-10-28T00:02:38.102+0000] {dag.py:3239} INFO - Sync 1 DAGs
[2024-10-28T00:02:38.116+0000] {logging_mixin.py:190} INFO - [2024-10-28T00:02:38.116+0000] {dag.py:4180} INFO - Setting next_dagrun for example_python_decorator to None, run_after=None
[2024-10-28T00:02:38.134+0000] {processor.py:208} INFO - Processing /home/airflow/.local/lib/python3.12/site-packages/airflow/example_dags/example_python_decorator.py took 0.072 seconds
[2024-10-28T00:03:08.570+0000] {processor.py:186} INFO - Started process (PID=45618) to work on /home/airflow/.local/lib/python3.12/site-packages/airflow/example_dags/example_python_decorator.py
[2024-10-28T00:03:08.572+0000] {processor.py:914} INFO - Processing file /home/airflow/.local/lib/python3.12/site-packages/airflow/example_dags/example_python_decorator.py for tasks to queue
[2024-10-28T00:03:08.573+0000] {logging_mixin.py:190} INFO - [2024-10-28T00:03:08.573+0000] {dagbag.py:588} INFO - Filling up the DagBag from /home/airflow/.local/lib/python3.12/site-packages/airflow/example_dags/example_python_decorator.py
[2024-10-28T00:03:08.587+0000] {processor.py:925} INFO - DAG(s) 'example_python_decorator' retrieved from /home/airflow/.local/lib/python3.12/site-packages/airflow/example_dags/example_python_decorator.py
[2024-10-28T00:03:08.609+0000] {logging_mixin.py:190} INFO - [2024-10-28T00:03:08.609+0000] {dag.py:3239} INFO - Sync 1 DAGs
[2024-10-28T00:03:08.624+0000] {logging_mixin.py:190} INFO - [2024-10-28T00:03:08.624+0000] {dag.py:4180} INFO - Setting next_dagrun for example_python_decorator to None, run_after=None
[2024-10-28T00:03:08.642+0000] {processor.py:208} INFO - Processing /home/airflow/.local/lib/python3.12/site-packages/airflow/example_dags/example_python_decorator.py took 0.078 seconds
[2024-10-28T00:03:38.786+0000] {processor.py:186} INFO - Started process (PID=45692) to work on /home/airflow/.local/lib/python3.12/site-packages/airflow/example_dags/example_python_decorator.py
[2024-10-28T00:03:38.787+0000] {processor.py:914} INFO - Processing file /home/airflow/.local/lib/python3.12/site-packages/airflow/example_dags/example_python_decorator.py for tasks to queue
[2024-10-28T00:03:38.789+0000] {logging_mixin.py:190} INFO - [2024-10-28T00:03:38.788+0000] {dagbag.py:588} INFO - Filling up the DagBag from /home/airflow/.local/lib/python3.12/site-packages/airflow/example_dags/example_python_decorator.py
[2024-10-28T00:03:38.804+0000] {processor.py:925} INFO - DAG(s) 'example_python_decorator' retrieved from /home/airflow/.local/lib/python3.12/site-packages/airflow/example_dags/example_python_decorator.py
[2024-10-28T00:03:38.826+0000] {logging_mixin.py:190} INFO - [2024-10-28T00:03:38.825+0000] {dag.py:3239} INFO - Sync 1 DAGs
[2024-10-28T00:03:38.840+0000] {logging_mixin.py:190} INFO - [2024-10-28T00:03:38.839+0000] {dag.py:4180} INFO - Setting next_dagrun for example_python_decorator to None, run_after=None
[2024-10-28T00:03:38.869+0000] {processor.py:208} INFO - Processing /home/airflow/.local/lib/python3.12/site-packages/airflow/example_dags/example_python_decorator.py took 0.089 seconds
[2024-10-28T00:04:09.589+0000] {processor.py:186} INFO - Started process (PID=45766) to work on /home/airflow/.local/lib/python3.12/site-packages/airflow/example_dags/example_python_decorator.py
[2024-10-28T00:04:09.591+0000] {processor.py:914} INFO - Processing file /home/airflow/.local/lib/python3.12/site-packages/airflow/example_dags/example_python_decorator.py for tasks to queue
[2024-10-28T00:04:09.593+0000] {logging_mixin.py:190} INFO - [2024-10-28T00:04:09.593+0000] {dagbag.py:588} INFO - Filling up the DagBag from /home/airflow/.local/lib/python3.12/site-packages/airflow/example_dags/example_python_decorator.py
[2024-10-28T00:04:09.606+0000] {processor.py:925} INFO - DAG(s) 'example_python_decorator' retrieved from /home/airflow/.local/lib/python3.12/site-packages/airflow/example_dags/example_python_decorator.py
[2024-10-28T00:04:09.629+0000] {logging_mixin.py:190} INFO - [2024-10-28T00:04:09.629+0000] {dag.py:3239} INFO - Sync 1 DAGs
[2024-10-28T00:04:09.644+0000] {logging_mixin.py:190} INFO - [2024-10-28T00:04:09.644+0000] {dag.py:4180} INFO - Setting next_dagrun for example_python_decorator to None, run_after=None
[2024-10-28T00:04:09.663+0000] {processor.py:208} INFO - Processing /home/airflow/.local/lib/python3.12/site-packages/airflow/example_dags/example_python_decorator.py took 0.079 seconds
[2024-10-28T00:04:39.921+0000] {processor.py:186} INFO - Started process (PID=45840) to work on /home/airflow/.local/lib/python3.12/site-packages/airflow/example_dags/example_python_decorator.py
[2024-10-28T00:04:39.922+0000] {processor.py:914} INFO - Processing file /home/airflow/.local/lib/python3.12/site-packages/airflow/example_dags/example_python_decorator.py for tasks to queue
[2024-10-28T00:04:39.924+0000] {logging_mixin.py:190} INFO - [2024-10-28T00:04:39.923+0000] {dagbag.py:588} INFO - Filling up the DagBag from /home/airflow/.local/lib/python3.12/site-packages/airflow/example_dags/example_python_decorator.py
[2024-10-28T00:04:39.937+0000] {processor.py:925} INFO - DAG(s) 'example_python_decorator' retrieved from /home/airflow/.local/lib/python3.12/site-packages/airflow/example_dags/example_python_decorator.py
[2024-10-28T00:04:39.958+0000] {logging_mixin.py:190} INFO - [2024-10-28T00:04:39.958+0000] {dag.py:3239} INFO - Sync 1 DAGs
[2024-10-28T00:04:39.972+0000] {logging_mixin.py:190} INFO - [2024-10-28T00:04:39.972+0000] {dag.py:4180} INFO - Setting next_dagrun for example_python_decorator to None, run_after=None
[2024-10-28T00:04:39.990+0000] {processor.py:208} INFO - Processing /home/airflow/.local/lib/python3.12/site-packages/airflow/example_dags/example_python_decorator.py took 0.078 seconds
[2024-10-28T00:05:10.515+0000] {processor.py:186} INFO - Started process (PID=45914) to work on /home/airflow/.local/lib/python3.12/site-packages/airflow/example_dags/example_python_decorator.py
[2024-10-28T00:05:10.516+0000] {processor.py:914} INFO - Processing file /home/airflow/.local/lib/python3.12/site-packages/airflow/example_dags/example_python_decorator.py for tasks to queue
[2024-10-28T00:05:10.518+0000] {logging_mixin.py:190} INFO - [2024-10-28T00:05:10.517+0000] {dagbag.py:588} INFO - Filling up the DagBag from /home/airflow/.local/lib/python3.12/site-packages/airflow/example_dags/example_python_decorator.py
[2024-10-28T00:05:10.531+0000] {processor.py:925} INFO - DAG(s) 'example_python_decorator' retrieved from /home/airflow/.local/lib/python3.12/site-packages/airflow/example_dags/example_python_decorator.py
[2024-10-28T00:05:10.557+0000] {logging_mixin.py:190} INFO - [2024-10-28T00:05:10.557+0000] {dag.py:3239} INFO - Sync 1 DAGs
[2024-10-28T00:05:10.574+0000] {logging_mixin.py:190} INFO - [2024-10-28T00:05:10.574+0000] {dag.py:4180} INFO - Setting next_dagrun for example_python_decorator to None, run_after=None
[2024-10-28T00:05:10.599+0000] {processor.py:208} INFO - Processing /home/airflow/.local/lib/python3.12/site-packages/airflow/example_dags/example_python_decorator.py took 0.089 seconds
[2024-10-28T00:05:40.963+0000] {processor.py:186} INFO - Started process (PID=45988) to work on /home/airflow/.local/lib/python3.12/site-packages/airflow/example_dags/example_python_decorator.py
[2024-10-28T00:05:40.964+0000] {processor.py:914} INFO - Processing file /home/airflow/.local/lib/python3.12/site-packages/airflow/example_dags/example_python_decorator.py for tasks to queue
[2024-10-28T00:05:40.966+0000] {logging_mixin.py:190} INFO - [2024-10-28T00:05:40.966+0000] {dagbag.py:588} INFO - Filling up the DagBag from /home/airflow/.local/lib/python3.12/site-packages/airflow/example_dags/example_python_decorator.py
[2024-10-28T00:05:40.984+0000] {processor.py:925} INFO - DAG(s) 'example_python_decorator' retrieved from /home/airflow/.local/lib/python3.12/site-packages/airflow/example_dags/example_python_decorator.py
[2024-10-28T00:05:41.010+0000] {logging_mixin.py:190} INFO - [2024-10-28T00:05:41.009+0000] {dag.py:3239} INFO - Sync 1 DAGs
[2024-10-28T00:05:41.030+0000] {logging_mixin.py:190} INFO - [2024-10-28T00:05:41.029+0000] {dag.py:4180} INFO - Setting next_dagrun for example_python_decorator to None, run_after=None
[2024-10-28T00:05:41.053+0000] {processor.py:208} INFO - Processing /home/airflow/.local/lib/python3.12/site-packages/airflow/example_dags/example_python_decorator.py took 0.096 seconds
[2024-10-28T00:06:11.329+0000] {processor.py:186} INFO - Started process (PID=46062) to work on /home/airflow/.local/lib/python3.12/site-packages/airflow/example_dags/example_python_decorator.py
[2024-10-28T00:06:11.330+0000] {processor.py:914} INFO - Processing file /home/airflow/.local/lib/python3.12/site-packages/airflow/example_dags/example_python_decorator.py for tasks to queue
[2024-10-28T00:06:11.332+0000] {logging_mixin.py:190} INFO - [2024-10-28T00:06:11.331+0000] {dagbag.py:588} INFO - Filling up the DagBag from /home/airflow/.local/lib/python3.12/site-packages/airflow/example_dags/example_python_decorator.py
[2024-10-28T00:06:11.347+0000] {processor.py:925} INFO - DAG(s) 'example_python_decorator' retrieved from /home/airflow/.local/lib/python3.12/site-packages/airflow/example_dags/example_python_decorator.py
[2024-10-28T00:06:11.371+0000] {logging_mixin.py:190} INFO - [2024-10-28T00:06:11.371+0000] {dag.py:3239} INFO - Sync 1 DAGs
[2024-10-28T00:06:11.388+0000] {logging_mixin.py:190} INFO - [2024-10-28T00:06:11.388+0000] {dag.py:4180} INFO - Setting next_dagrun for example_python_decorator to None, run_after=None
[2024-10-28T00:06:11.410+0000] {processor.py:208} INFO - Processing /home/airflow/.local/lib/python3.12/site-packages/airflow/example_dags/example_python_decorator.py took 0.087 seconds
[2024-10-28T00:06:41.624+0000] {processor.py:186} INFO - Started process (PID=46136) to work on /home/airflow/.local/lib/python3.12/site-packages/airflow/example_dags/example_python_decorator.py
[2024-10-28T00:06:41.625+0000] {processor.py:914} INFO - Processing file /home/airflow/.local/lib/python3.12/site-packages/airflow/example_dags/example_python_decorator.py for tasks to queue
[2024-10-28T00:06:41.627+0000] {logging_mixin.py:190} INFO - [2024-10-28T00:06:41.626+0000] {dagbag.py:588} INFO - Filling up the DagBag from /home/airflow/.local/lib/python3.12/site-packages/airflow/example_dags/example_python_decorator.py
[2024-10-28T00:06:41.640+0000] {processor.py:925} INFO - DAG(s) 'example_python_decorator' retrieved from /home/airflow/.local/lib/python3.12/site-packages/airflow/example_dags/example_python_decorator.py
[2024-10-28T00:06:41.663+0000] {logging_mixin.py:190} INFO - [2024-10-28T00:06:41.662+0000] {dag.py:3239} INFO - Sync 1 DAGs
[2024-10-28T00:06:41.677+0000] {logging_mixin.py:190} INFO - [2024-10-28T00:06:41.677+0000] {dag.py:4180} INFO - Setting next_dagrun for example_python_decorator to None, run_after=None
[2024-10-28T00:06:41.696+0000] {processor.py:208} INFO - Processing /home/airflow/.local/lib/python3.12/site-packages/airflow/example_dags/example_python_decorator.py took 0.078 seconds
[2024-10-28T00:07:11.810+0000] {processor.py:186} INFO - Started process (PID=46210) to work on /home/airflow/.local/lib/python3.12/site-packages/airflow/example_dags/example_python_decorator.py
[2024-10-28T00:07:11.811+0000] {processor.py:914} INFO - Processing file /home/airflow/.local/lib/python3.12/site-packages/airflow/example_dags/example_python_decorator.py for tasks to queue
[2024-10-28T00:07:11.812+0000] {logging_mixin.py:190} INFO - [2024-10-28T00:07:11.812+0000] {dagbag.py:588} INFO - Filling up the DagBag from /home/airflow/.local/lib/python3.12/site-packages/airflow/example_dags/example_python_decorator.py
[2024-10-28T00:07:11.826+0000] {processor.py:925} INFO - DAG(s) 'example_python_decorator' retrieved from /home/airflow/.local/lib/python3.12/site-packages/airflow/example_dags/example_python_decorator.py
[2024-10-28T00:07:11.851+0000] {logging_mixin.py:190} INFO - [2024-10-28T00:07:11.851+0000] {dag.py:3239} INFO - Sync 1 DAGs
[2024-10-28T00:07:11.867+0000] {logging_mixin.py:190} INFO - [2024-10-28T00:07:11.867+0000] {dag.py:4180} INFO - Setting next_dagrun for example_python_decorator to None, run_after=None
[2024-10-28T00:07:11.887+0000] {processor.py:208} INFO - Processing /home/airflow/.local/lib/python3.12/site-packages/airflow/example_dags/example_python_decorator.py took 0.083 seconds
[2024-10-28T00:07:42.572+0000] {processor.py:186} INFO - Started process (PID=46285) to work on /home/airflow/.local/lib/python3.12/site-packages/airflow/example_dags/example_python_decorator.py
[2024-10-28T00:07:42.573+0000] {processor.py:914} INFO - Processing file /home/airflow/.local/lib/python3.12/site-packages/airflow/example_dags/example_python_decorator.py for tasks to queue
[2024-10-28T00:07:42.574+0000] {logging_mixin.py:190} INFO - [2024-10-28T00:07:42.574+0000] {dagbag.py:588} INFO - Filling up the DagBag from /home/airflow/.local/lib/python3.12/site-packages/airflow/example_dags/example_python_decorator.py
[2024-10-28T00:07:42.588+0000] {processor.py:925} INFO - DAG(s) 'example_python_decorator' retrieved from /home/airflow/.local/lib/python3.12/site-packages/airflow/example_dags/example_python_decorator.py
[2024-10-28T00:07:42.610+0000] {logging_mixin.py:190} INFO - [2024-10-28T00:07:42.609+0000] {dag.py:3239} INFO - Sync 1 DAGs
[2024-10-28T00:07:42.625+0000] {logging_mixin.py:190} INFO - [2024-10-28T00:07:42.624+0000] {dag.py:4180} INFO - Setting next_dagrun for example_python_decorator to None, run_after=None
[2024-10-28T00:07:42.643+0000] {processor.py:208} INFO - Processing /home/airflow/.local/lib/python3.12/site-packages/airflow/example_dags/example_python_decorator.py took 0.076 seconds
[2024-10-28T00:08:13.128+0000] {processor.py:186} INFO - Started process (PID=46359) to work on /home/airflow/.local/lib/python3.12/site-packages/airflow/example_dags/example_python_decorator.py
[2024-10-28T00:08:13.129+0000] {processor.py:914} INFO - Processing file /home/airflow/.local/lib/python3.12/site-packages/airflow/example_dags/example_python_decorator.py for tasks to queue
[2024-10-28T00:08:13.130+0000] {logging_mixin.py:190} INFO - [2024-10-28T00:08:13.129+0000] {dagbag.py:588} INFO - Filling up the DagBag from /home/airflow/.local/lib/python3.12/site-packages/airflow/example_dags/example_python_decorator.py
[2024-10-28T00:08:13.143+0000] {processor.py:925} INFO - DAG(s) 'example_python_decorator' retrieved from /home/airflow/.local/lib/python3.12/site-packages/airflow/example_dags/example_python_decorator.py
[2024-10-28T00:08:13.165+0000] {logging_mixin.py:190} INFO - [2024-10-28T00:08:13.165+0000] {dag.py:3239} INFO - Sync 1 DAGs
[2024-10-28T00:08:13.184+0000] {logging_mixin.py:190} INFO - [2024-10-28T00:08:13.184+0000] {dag.py:4180} INFO - Setting next_dagrun for example_python_decorator to None, run_after=None
[2024-10-28T00:08:13.210+0000] {processor.py:208} INFO - Processing /home/airflow/.local/lib/python3.12/site-packages/airflow/example_dags/example_python_decorator.py took 0.089 seconds
[2024-10-28T00:08:44.135+0000] {processor.py:186} INFO - Started process (PID=46433) to work on /home/airflow/.local/lib/python3.12/site-packages/airflow/example_dags/example_python_decorator.py
[2024-10-28T00:08:44.136+0000] {processor.py:914} INFO - Processing file /home/airflow/.local/lib/python3.12/site-packages/airflow/example_dags/example_python_decorator.py for tasks to queue
[2024-10-28T00:08:44.139+0000] {logging_mixin.py:190} INFO - [2024-10-28T00:08:44.138+0000] {dagbag.py:588} INFO - Filling up the DagBag from /home/airflow/.local/lib/python3.12/site-packages/airflow/example_dags/example_python_decorator.py
[2024-10-28T00:08:44.155+0000] {processor.py:925} INFO - DAG(s) 'example_python_decorator' retrieved from /home/airflow/.local/lib/python3.12/site-packages/airflow/example_dags/example_python_decorator.py
[2024-10-28T00:08:44.180+0000] {logging_mixin.py:190} INFO - [2024-10-28T00:08:44.180+0000] {dag.py:3239} INFO - Sync 1 DAGs
[2024-10-28T00:08:44.196+0000] {logging_mixin.py:190} INFO - [2024-10-28T00:08:44.196+0000] {dag.py:4180} INFO - Setting next_dagrun for example_python_decorator to None, run_after=None
[2024-10-28T00:08:44.220+0000] {processor.py:208} INFO - Processing /home/airflow/.local/lib/python3.12/site-packages/airflow/example_dags/example_python_decorator.py took 0.090 seconds
[2024-10-28T00:09:14.529+0000] {processor.py:186} INFO - Started process (PID=46507) to work on /home/airflow/.local/lib/python3.12/site-packages/airflow/example_dags/example_python_decorator.py
[2024-10-28T00:09:14.547+0000] {processor.py:914} INFO - Processing file /home/airflow/.local/lib/python3.12/site-packages/airflow/example_dags/example_python_decorator.py for tasks to queue
[2024-10-28T00:09:14.549+0000] {logging_mixin.py:190} INFO - [2024-10-28T00:09:14.549+0000] {dagbag.py:588} INFO - Filling up the DagBag from /home/airflow/.local/lib/python3.12/site-packages/airflow/example_dags/example_python_decorator.py
[2024-10-28T00:09:14.570+0000] {processor.py:925} INFO - DAG(s) 'example_python_decorator' retrieved from /home/airflow/.local/lib/python3.12/site-packages/airflow/example_dags/example_python_decorator.py
[2024-10-28T00:09:14.594+0000] {logging_mixin.py:190} INFO - [2024-10-28T00:09:14.593+0000] {dag.py:3239} INFO - Sync 1 DAGs
[2024-10-28T00:09:14.610+0000] {logging_mixin.py:190} INFO - [2024-10-28T00:09:14.610+0000] {dag.py:4180} INFO - Setting next_dagrun for example_python_decorator to None, run_after=None
[2024-10-28T00:09:14.632+0000] {processor.py:208} INFO - Processing /home/airflow/.local/lib/python3.12/site-packages/airflow/example_dags/example_python_decorator.py took 0.114 seconds
[2024-10-28T00:09:44.958+0000] {processor.py:186} INFO - Started process (PID=46569) to work on /home/airflow/.local/lib/python3.12/site-packages/airflow/example_dags/example_python_decorator.py
[2024-10-28T00:09:44.959+0000] {processor.py:914} INFO - Processing file /home/airflow/.local/lib/python3.12/site-packages/airflow/example_dags/example_python_decorator.py for tasks to queue
[2024-10-28T00:09:44.961+0000] {logging_mixin.py:190} INFO - [2024-10-28T00:09:44.960+0000] {dagbag.py:588} INFO - Filling up the DagBag from /home/airflow/.local/lib/python3.12/site-packages/airflow/example_dags/example_python_decorator.py
[2024-10-28T00:09:44.977+0000] {processor.py:925} INFO - DAG(s) 'example_python_decorator' retrieved from /home/airflow/.local/lib/python3.12/site-packages/airflow/example_dags/example_python_decorator.py
[2024-10-28T00:09:45.000+0000] {logging_mixin.py:190} INFO - [2024-10-28T00:09:45.000+0000] {dag.py:3239} INFO - Sync 1 DAGs
[2024-10-28T00:09:45.014+0000] {logging_mixin.py:190} INFO - [2024-10-28T00:09:45.014+0000] {dag.py:4180} INFO - Setting next_dagrun for example_python_decorator to None, run_after=None
[2024-10-28T00:09:45.038+0000] {processor.py:208} INFO - Processing /home/airflow/.local/lib/python3.12/site-packages/airflow/example_dags/example_python_decorator.py took 0.086 seconds
[2024-10-28T00:10:15.202+0000] {processor.py:186} INFO - Started process (PID=46643) to work on /home/airflow/.local/lib/python3.12/site-packages/airflow/example_dags/example_python_decorator.py
[2024-10-28T00:10:15.203+0000] {processor.py:914} INFO - Processing file /home/airflow/.local/lib/python3.12/site-packages/airflow/example_dags/example_python_decorator.py for tasks to queue
[2024-10-28T00:10:15.205+0000] {logging_mixin.py:190} INFO - [2024-10-28T00:10:15.204+0000] {dagbag.py:588} INFO - Filling up the DagBag from /home/airflow/.local/lib/python3.12/site-packages/airflow/example_dags/example_python_decorator.py
[2024-10-28T00:10:15.221+0000] {processor.py:925} INFO - DAG(s) 'example_python_decorator' retrieved from /home/airflow/.local/lib/python3.12/site-packages/airflow/example_dags/example_python_decorator.py
[2024-10-28T00:10:15.250+0000] {logging_mixin.py:190} INFO - [2024-10-28T00:10:15.249+0000] {dag.py:3239} INFO - Sync 1 DAGs
[2024-10-28T00:10:15.267+0000] {logging_mixin.py:190} INFO - [2024-10-28T00:10:15.267+0000] {dag.py:4180} INFO - Setting next_dagrun for example_python_decorator to None, run_after=None
[2024-10-28T00:10:15.287+0000] {processor.py:208} INFO - Processing /home/airflow/.local/lib/python3.12/site-packages/airflow/example_dags/example_python_decorator.py took 0.091 seconds
[2024-10-28T00:10:45.401+0000] {processor.py:186} INFO - Started process (PID=46717) to work on /home/airflow/.local/lib/python3.12/site-packages/airflow/example_dags/example_python_decorator.py
[2024-10-28T00:10:45.403+0000] {processor.py:914} INFO - Processing file /home/airflow/.local/lib/python3.12/site-packages/airflow/example_dags/example_python_decorator.py for tasks to queue
[2024-10-28T00:10:45.405+0000] {logging_mixin.py:190} INFO - [2024-10-28T00:10:45.404+0000] {dagbag.py:588} INFO - Filling up the DagBag from /home/airflow/.local/lib/python3.12/site-packages/airflow/example_dags/example_python_decorator.py
[2024-10-28T00:10:45.419+0000] {processor.py:925} INFO - DAG(s) 'example_python_decorator' retrieved from /home/airflow/.local/lib/python3.12/site-packages/airflow/example_dags/example_python_decorator.py
[2024-10-28T00:10:45.448+0000] {logging_mixin.py:190} INFO - [2024-10-28T00:10:45.448+0000] {dag.py:3239} INFO - Sync 1 DAGs
[2024-10-28T00:10:45.466+0000] {logging_mixin.py:190} INFO - [2024-10-28T00:10:45.466+0000] {dag.py:4180} INFO - Setting next_dagrun for example_python_decorator to None, run_after=None
[2024-10-28T00:10:45.488+0000] {processor.py:208} INFO - Processing /home/airflow/.local/lib/python3.12/site-packages/airflow/example_dags/example_python_decorator.py took 0.091 seconds
[2024-10-28T00:11:16.259+0000] {processor.py:186} INFO - Started process (PID=46791) to work on /home/airflow/.local/lib/python3.12/site-packages/airflow/example_dags/example_python_decorator.py
[2024-10-28T00:11:16.260+0000] {processor.py:914} INFO - Processing file /home/airflow/.local/lib/python3.12/site-packages/airflow/example_dags/example_python_decorator.py for tasks to queue
[2024-10-28T00:11:16.262+0000] {logging_mixin.py:190} INFO - [2024-10-28T00:11:16.261+0000] {dagbag.py:588} INFO - Filling up the DagBag from /home/airflow/.local/lib/python3.12/site-packages/airflow/example_dags/example_python_decorator.py
[2024-10-28T00:11:16.276+0000] {processor.py:925} INFO - DAG(s) 'example_python_decorator' retrieved from /home/airflow/.local/lib/python3.12/site-packages/airflow/example_dags/example_python_decorator.py
[2024-10-28T00:11:16.300+0000] {logging_mixin.py:190} INFO - [2024-10-28T00:11:16.299+0000] {dag.py:3239} INFO - Sync 1 DAGs
[2024-10-28T00:11:16.314+0000] {logging_mixin.py:190} INFO - [2024-10-28T00:11:16.314+0000] {dag.py:4180} INFO - Setting next_dagrun for example_python_decorator to None, run_after=None
[2024-10-28T00:11:16.340+0000] {processor.py:208} INFO - Processing /home/airflow/.local/lib/python3.12/site-packages/airflow/example_dags/example_python_decorator.py took 0.086 seconds
[2024-10-28T00:11:46.536+0000] {processor.py:186} INFO - Started process (PID=46865) to work on /home/airflow/.local/lib/python3.12/site-packages/airflow/example_dags/example_python_decorator.py
[2024-10-28T00:11:46.537+0000] {processor.py:914} INFO - Processing file /home/airflow/.local/lib/python3.12/site-packages/airflow/example_dags/example_python_decorator.py for tasks to queue
[2024-10-28T00:11:46.539+0000] {logging_mixin.py:190} INFO - [2024-10-28T00:11:46.538+0000] {dagbag.py:588} INFO - Filling up the DagBag from /home/airflow/.local/lib/python3.12/site-packages/airflow/example_dags/example_python_decorator.py
[2024-10-28T00:11:46.554+0000] {processor.py:925} INFO - DAG(s) 'example_python_decorator' retrieved from /home/airflow/.local/lib/python3.12/site-packages/airflow/example_dags/example_python_decorator.py
[2024-10-28T00:11:46.577+0000] {logging_mixin.py:190} INFO - [2024-10-28T00:11:46.577+0000] {dag.py:3239} INFO - Sync 1 DAGs
[2024-10-28T00:11:46.592+0000] {logging_mixin.py:190} INFO - [2024-10-28T00:11:46.592+0000] {dag.py:4180} INFO - Setting next_dagrun for example_python_decorator to None, run_after=None
[2024-10-28T00:11:46.610+0000] {processor.py:208} INFO - Processing /home/airflow/.local/lib/python3.12/site-packages/airflow/example_dags/example_python_decorator.py took 0.080 seconds
[2024-10-28T00:12:16.893+0000] {processor.py:186} INFO - Started process (PID=46939) to work on /home/airflow/.local/lib/python3.12/site-packages/airflow/example_dags/example_python_decorator.py
[2024-10-28T00:12:16.894+0000] {processor.py:914} INFO - Processing file /home/airflow/.local/lib/python3.12/site-packages/airflow/example_dags/example_python_decorator.py for tasks to queue
[2024-10-28T00:12:16.895+0000] {logging_mixin.py:190} INFO - [2024-10-28T00:12:16.895+0000] {dagbag.py:588} INFO - Filling up the DagBag from /home/airflow/.local/lib/python3.12/site-packages/airflow/example_dags/example_python_decorator.py
[2024-10-28T00:12:16.908+0000] {processor.py:925} INFO - DAG(s) 'example_python_decorator' retrieved from /home/airflow/.local/lib/python3.12/site-packages/airflow/example_dags/example_python_decorator.py
[2024-10-28T00:12:16.930+0000] {logging_mixin.py:190} INFO - [2024-10-28T00:12:16.929+0000] {dag.py:3239} INFO - Sync 1 DAGs
[2024-10-28T00:12:16.945+0000] {logging_mixin.py:190} INFO - [2024-10-28T00:12:16.945+0000] {dag.py:4180} INFO - Setting next_dagrun for example_python_decorator to None, run_after=None
[2024-10-28T00:12:16.964+0000] {processor.py:208} INFO - Processing /home/airflow/.local/lib/python3.12/site-packages/airflow/example_dags/example_python_decorator.py took 0.077 seconds
[2024-10-28T00:12:47.362+0000] {processor.py:186} INFO - Started process (PID=47013) to work on /home/airflow/.local/lib/python3.12/site-packages/airflow/example_dags/example_python_decorator.py
[2024-10-28T00:12:47.363+0000] {processor.py:914} INFO - Processing file /home/airflow/.local/lib/python3.12/site-packages/airflow/example_dags/example_python_decorator.py for tasks to queue
[2024-10-28T00:12:47.365+0000] {logging_mixin.py:190} INFO - [2024-10-28T00:12:47.364+0000] {dagbag.py:588} INFO - Filling up the DagBag from /home/airflow/.local/lib/python3.12/site-packages/airflow/example_dags/example_python_decorator.py
[2024-10-28T00:12:47.378+0000] {processor.py:925} INFO - DAG(s) 'example_python_decorator' retrieved from /home/airflow/.local/lib/python3.12/site-packages/airflow/example_dags/example_python_decorator.py
[2024-10-28T00:12:47.400+0000] {logging_mixin.py:190} INFO - [2024-10-28T00:12:47.400+0000] {dag.py:3239} INFO - Sync 1 DAGs
[2024-10-28T00:12:47.415+0000] {logging_mixin.py:190} INFO - [2024-10-28T00:12:47.415+0000] {dag.py:4180} INFO - Setting next_dagrun for example_python_decorator to None, run_after=None
[2024-10-28T00:12:47.435+0000] {processor.py:208} INFO - Processing /home/airflow/.local/lib/python3.12/site-packages/airflow/example_dags/example_python_decorator.py took 0.078 seconds
[2024-10-28T00:13:17.806+0000] {processor.py:186} INFO - Started process (PID=47087) to work on /home/airflow/.local/lib/python3.12/site-packages/airflow/example_dags/example_python_decorator.py
[2024-10-28T00:13:17.807+0000] {processor.py:914} INFO - Processing file /home/airflow/.local/lib/python3.12/site-packages/airflow/example_dags/example_python_decorator.py for tasks to queue
[2024-10-28T00:13:17.808+0000] {logging_mixin.py:190} INFO - [2024-10-28T00:13:17.808+0000] {dagbag.py:588} INFO - Filling up the DagBag from /home/airflow/.local/lib/python3.12/site-packages/airflow/example_dags/example_python_decorator.py
[2024-10-28T00:13:17.822+0000] {processor.py:925} INFO - DAG(s) 'example_python_decorator' retrieved from /home/airflow/.local/lib/python3.12/site-packages/airflow/example_dags/example_python_decorator.py
[2024-10-28T00:13:17.843+0000] {logging_mixin.py:190} INFO - [2024-10-28T00:13:17.843+0000] {dag.py:3239} INFO - Sync 1 DAGs
[2024-10-28T00:13:17.858+0000] {logging_mixin.py:190} INFO - [2024-10-28T00:13:17.858+0000] {dag.py:4180} INFO - Setting next_dagrun for example_python_decorator to None, run_after=None
[2024-10-28T00:13:17.877+0000] {processor.py:208} INFO - Processing /home/airflow/.local/lib/python3.12/site-packages/airflow/example_dags/example_python_decorator.py took 0.077 seconds
[2024-10-28T00:13:48.272+0000] {processor.py:186} INFO - Started process (PID=47161) to work on /home/airflow/.local/lib/python3.12/site-packages/airflow/example_dags/example_python_decorator.py
[2024-10-28T00:13:48.273+0000] {processor.py:914} INFO - Processing file /home/airflow/.local/lib/python3.12/site-packages/airflow/example_dags/example_python_decorator.py for tasks to queue
[2024-10-28T00:13:48.275+0000] {logging_mixin.py:190} INFO - [2024-10-28T00:13:48.275+0000] {dagbag.py:588} INFO - Filling up the DagBag from /home/airflow/.local/lib/python3.12/site-packages/airflow/example_dags/example_python_decorator.py
[2024-10-28T00:13:48.291+0000] {processor.py:925} INFO - DAG(s) 'example_python_decorator' retrieved from /home/airflow/.local/lib/python3.12/site-packages/airflow/example_dags/example_python_decorator.py
[2024-10-28T00:13:48.317+0000] {logging_mixin.py:190} INFO - [2024-10-28T00:13:48.317+0000] {dag.py:3239} INFO - Sync 1 DAGs
[2024-10-28T00:13:48.333+0000] {logging_mixin.py:190} INFO - [2024-10-28T00:13:48.333+0000] {dag.py:4180} INFO - Setting next_dagrun for example_python_decorator to None, run_after=None
[2024-10-28T00:13:48.355+0000] {processor.py:208} INFO - Processing /home/airflow/.local/lib/python3.12/site-packages/airflow/example_dags/example_python_decorator.py took 0.090 seconds
[2024-10-28T00:14:18.498+0000] {processor.py:186} INFO - Started process (PID=47235) to work on /home/airflow/.local/lib/python3.12/site-packages/airflow/example_dags/example_python_decorator.py
[2024-10-28T00:14:18.499+0000] {processor.py:914} INFO - Processing file /home/airflow/.local/lib/python3.12/site-packages/airflow/example_dags/example_python_decorator.py for tasks to queue
[2024-10-28T00:14:18.501+0000] {logging_mixin.py:190} INFO - [2024-10-28T00:14:18.500+0000] {dagbag.py:588} INFO - Filling up the DagBag from /home/airflow/.local/lib/python3.12/site-packages/airflow/example_dags/example_python_decorator.py
[2024-10-28T00:14:18.516+0000] {processor.py:925} INFO - DAG(s) 'example_python_decorator' retrieved from /home/airflow/.local/lib/python3.12/site-packages/airflow/example_dags/example_python_decorator.py
[2024-10-28T00:14:18.538+0000] {logging_mixin.py:190} INFO - [2024-10-28T00:14:18.538+0000] {dag.py:3239} INFO - Sync 1 DAGs
[2024-10-28T00:14:18.553+0000] {logging_mixin.py:190} INFO - [2024-10-28T00:14:18.553+0000] {dag.py:4180} INFO - Setting next_dagrun for example_python_decorator to None, run_after=None
[2024-10-28T00:14:18.574+0000] {processor.py:208} INFO - Processing /home/airflow/.local/lib/python3.12/site-packages/airflow/example_dags/example_python_decorator.py took 0.083 seconds
[2024-10-28T00:14:48.673+0000] {processor.py:186} INFO - Started process (PID=47309) to work on /home/airflow/.local/lib/python3.12/site-packages/airflow/example_dags/example_python_decorator.py
[2024-10-28T00:14:48.674+0000] {processor.py:914} INFO - Processing file /home/airflow/.local/lib/python3.12/site-packages/airflow/example_dags/example_python_decorator.py for tasks to queue
[2024-10-28T00:14:48.675+0000] {logging_mixin.py:190} INFO - [2024-10-28T00:14:48.675+0000] {dagbag.py:588} INFO - Filling up the DagBag from /home/airflow/.local/lib/python3.12/site-packages/airflow/example_dags/example_python_decorator.py
[2024-10-28T00:14:48.688+0000] {processor.py:925} INFO - DAG(s) 'example_python_decorator' retrieved from /home/airflow/.local/lib/python3.12/site-packages/airflow/example_dags/example_python_decorator.py
[2024-10-28T00:14:48.710+0000] {logging_mixin.py:190} INFO - [2024-10-28T00:14:48.710+0000] {dag.py:3239} INFO - Sync 1 DAGs
[2024-10-28T00:14:48.724+0000] {logging_mixin.py:190} INFO - [2024-10-28T00:14:48.724+0000] {dag.py:4180} INFO - Setting next_dagrun for example_python_decorator to None, run_after=None
[2024-10-28T00:14:48.743+0000] {processor.py:208} INFO - Processing /home/airflow/.local/lib/python3.12/site-packages/airflow/example_dags/example_python_decorator.py took 0.076 seconds
[2024-10-28T00:15:19.189+0000] {processor.py:186} INFO - Started process (PID=47383) to work on /home/airflow/.local/lib/python3.12/site-packages/airflow/example_dags/example_python_decorator.py
[2024-10-28T00:15:19.190+0000] {processor.py:914} INFO - Processing file /home/airflow/.local/lib/python3.12/site-packages/airflow/example_dags/example_python_decorator.py for tasks to queue
[2024-10-28T00:15:19.191+0000] {logging_mixin.py:190} INFO - [2024-10-28T00:15:19.191+0000] {dagbag.py:588} INFO - Filling up the DagBag from /home/airflow/.local/lib/python3.12/site-packages/airflow/example_dags/example_python_decorator.py
[2024-10-28T00:15:19.204+0000] {processor.py:925} INFO - DAG(s) 'example_python_decorator' retrieved from /home/airflow/.local/lib/python3.12/site-packages/airflow/example_dags/example_python_decorator.py
[2024-10-28T00:15:19.224+0000] {logging_mixin.py:190} INFO - [2024-10-28T00:15:19.224+0000] {dag.py:3239} INFO - Sync 1 DAGs
[2024-10-28T00:15:19.238+0000] {logging_mixin.py:190} INFO - [2024-10-28T00:15:19.238+0000] {dag.py:4180} INFO - Setting next_dagrun for example_python_decorator to None, run_after=None
[2024-10-28T00:15:19.255+0000] {processor.py:208} INFO - Processing /home/airflow/.local/lib/python3.12/site-packages/airflow/example_dags/example_python_decorator.py took 0.071 seconds
[2024-10-28T00:15:49.560+0000] {processor.py:186} INFO - Started process (PID=47457) to work on /home/airflow/.local/lib/python3.12/site-packages/airflow/example_dags/example_python_decorator.py
[2024-10-28T00:15:49.561+0000] {processor.py:914} INFO - Processing file /home/airflow/.local/lib/python3.12/site-packages/airflow/example_dags/example_python_decorator.py for tasks to queue
[2024-10-28T00:15:49.563+0000] {logging_mixin.py:190} INFO - [2024-10-28T00:15:49.563+0000] {dagbag.py:588} INFO - Filling up the DagBag from /home/airflow/.local/lib/python3.12/site-packages/airflow/example_dags/example_python_decorator.py
[2024-10-28T00:15:49.576+0000] {processor.py:925} INFO - DAG(s) 'example_python_decorator' retrieved from /home/airflow/.local/lib/python3.12/site-packages/airflow/example_dags/example_python_decorator.py
[2024-10-28T00:15:49.598+0000] {logging_mixin.py:190} INFO - [2024-10-28T00:15:49.597+0000] {dag.py:3239} INFO - Sync 1 DAGs
[2024-10-28T00:15:49.612+0000] {logging_mixin.py:190} INFO - [2024-10-28T00:15:49.611+0000] {dag.py:4180} INFO - Setting next_dagrun for example_python_decorator to None, run_after=None
[2024-10-28T00:15:49.630+0000] {processor.py:208} INFO - Processing /home/airflow/.local/lib/python3.12/site-packages/airflow/example_dags/example_python_decorator.py took 0.075 seconds
[2024-10-28T00:16:20.569+0000] {processor.py:186} INFO - Started process (PID=47531) to work on /home/airflow/.local/lib/python3.12/site-packages/airflow/example_dags/example_python_decorator.py
[2024-10-28T00:16:20.570+0000] {processor.py:914} INFO - Processing file /home/airflow/.local/lib/python3.12/site-packages/airflow/example_dags/example_python_decorator.py for tasks to queue
[2024-10-28T00:16:20.571+0000] {logging_mixin.py:190} INFO - [2024-10-28T00:16:20.571+0000] {dagbag.py:588} INFO - Filling up the DagBag from /home/airflow/.local/lib/python3.12/site-packages/airflow/example_dags/example_python_decorator.py
[2024-10-28T00:16:20.583+0000] {processor.py:925} INFO - DAG(s) 'example_python_decorator' retrieved from /home/airflow/.local/lib/python3.12/site-packages/airflow/example_dags/example_python_decorator.py
[2024-10-28T00:16:20.604+0000] {logging_mixin.py:190} INFO - [2024-10-28T00:16:20.604+0000] {dag.py:3239} INFO - Sync 1 DAGs
[2024-10-28T00:16:20.618+0000] {logging_mixin.py:190} INFO - [2024-10-28T00:16:20.617+0000] {dag.py:4180} INFO - Setting next_dagrun for example_python_decorator to None, run_after=None
[2024-10-28T00:16:20.634+0000] {processor.py:208} INFO - Processing /home/airflow/.local/lib/python3.12/site-packages/airflow/example_dags/example_python_decorator.py took 0.071 seconds
[2024-10-28T00:16:51.482+0000] {processor.py:186} INFO - Started process (PID=47605) to work on /home/airflow/.local/lib/python3.12/site-packages/airflow/example_dags/example_python_decorator.py
[2024-10-28T00:16:51.483+0000] {processor.py:914} INFO - Processing file /home/airflow/.local/lib/python3.12/site-packages/airflow/example_dags/example_python_decorator.py for tasks to queue
[2024-10-28T00:16:51.484+0000] {logging_mixin.py:190} INFO - [2024-10-28T00:16:51.484+0000] {dagbag.py:588} INFO - Filling up the DagBag from /home/airflow/.local/lib/python3.12/site-packages/airflow/example_dags/example_python_decorator.py
[2024-10-28T00:16:51.496+0000] {processor.py:925} INFO - DAG(s) 'example_python_decorator' retrieved from /home/airflow/.local/lib/python3.12/site-packages/airflow/example_dags/example_python_decorator.py
[2024-10-28T00:16:51.517+0000] {logging_mixin.py:190} INFO - [2024-10-28T00:16:51.517+0000] {dag.py:3239} INFO - Sync 1 DAGs
[2024-10-28T00:16:51.530+0000] {logging_mixin.py:190} INFO - [2024-10-28T00:16:51.530+0000] {dag.py:4180} INFO - Setting next_dagrun for example_python_decorator to None, run_after=None
[2024-10-28T00:16:51.548+0000] {processor.py:208} INFO - Processing /home/airflow/.local/lib/python3.12/site-packages/airflow/example_dags/example_python_decorator.py took 0.071 seconds
[2024-10-28T00:17:22.068+0000] {processor.py:186} INFO - Started process (PID=47679) to work on /home/airflow/.local/lib/python3.12/site-packages/airflow/example_dags/example_python_decorator.py
[2024-10-28T00:17:22.069+0000] {processor.py:914} INFO - Processing file /home/airflow/.local/lib/python3.12/site-packages/airflow/example_dags/example_python_decorator.py for tasks to queue
[2024-10-28T00:17:22.071+0000] {logging_mixin.py:190} INFO - [2024-10-28T00:17:22.071+0000] {dagbag.py:588} INFO - Filling up the DagBag from /home/airflow/.local/lib/python3.12/site-packages/airflow/example_dags/example_python_decorator.py
[2024-10-28T00:17:22.089+0000] {processor.py:925} INFO - DAG(s) 'example_python_decorator' retrieved from /home/airflow/.local/lib/python3.12/site-packages/airflow/example_dags/example_python_decorator.py
[2024-10-28T00:17:22.115+0000] {logging_mixin.py:190} INFO - [2024-10-28T00:17:22.115+0000] {dag.py:3239} INFO - Sync 1 DAGs
[2024-10-28T00:17:22.130+0000] {logging_mixin.py:190} INFO - [2024-10-28T00:17:22.130+0000] {dag.py:4180} INFO - Setting next_dagrun for example_python_decorator to None, run_after=None
[2024-10-28T00:17:22.145+0000] {processor.py:208} INFO - Processing /home/airflow/.local/lib/python3.12/site-packages/airflow/example_dags/example_python_decorator.py took 0.084 seconds
[2024-10-28T00:17:52.419+0000] {processor.py:186} INFO - Started process (PID=47753) to work on /home/airflow/.local/lib/python3.12/site-packages/airflow/example_dags/example_python_decorator.py
[2024-10-28T00:17:52.420+0000] {processor.py:914} INFO - Processing file /home/airflow/.local/lib/python3.12/site-packages/airflow/example_dags/example_python_decorator.py for tasks to queue
[2024-10-28T00:17:52.421+0000] {logging_mixin.py:190} INFO - [2024-10-28T00:17:52.420+0000] {dagbag.py:588} INFO - Filling up the DagBag from /home/airflow/.local/lib/python3.12/site-packages/airflow/example_dags/example_python_decorator.py
[2024-10-28T00:17:52.435+0000] {processor.py:925} INFO - DAG(s) 'example_python_decorator' retrieved from /home/airflow/.local/lib/python3.12/site-packages/airflow/example_dags/example_python_decorator.py
[2024-10-28T00:17:52.459+0000] {logging_mixin.py:190} INFO - [2024-10-28T00:17:52.459+0000] {dag.py:3239} INFO - Sync 1 DAGs
[2024-10-28T00:17:52.473+0000] {logging_mixin.py:190} INFO - [2024-10-28T00:17:52.473+0000] {dag.py:4180} INFO - Setting next_dagrun for example_python_decorator to None, run_after=None
[2024-10-28T00:17:52.492+0000] {processor.py:208} INFO - Processing /home/airflow/.local/lib/python3.12/site-packages/airflow/example_dags/example_python_decorator.py took 0.079 seconds
[2024-10-28T00:18:23.025+0000] {processor.py:186} INFO - Started process (PID=47827) to work on /home/airflow/.local/lib/python3.12/site-packages/airflow/example_dags/example_python_decorator.py
[2024-10-28T00:18:23.026+0000] {processor.py:914} INFO - Processing file /home/airflow/.local/lib/python3.12/site-packages/airflow/example_dags/example_python_decorator.py for tasks to queue
[2024-10-28T00:18:23.027+0000] {logging_mixin.py:190} INFO - [2024-10-28T00:18:23.027+0000] {dagbag.py:588} INFO - Filling up the DagBag from /home/airflow/.local/lib/python3.12/site-packages/airflow/example_dags/example_python_decorator.py
[2024-10-28T00:18:23.048+0000] {processor.py:925} INFO - DAG(s) 'example_python_decorator' retrieved from /home/airflow/.local/lib/python3.12/site-packages/airflow/example_dags/example_python_decorator.py
[2024-10-28T00:18:23.079+0000] {logging_mixin.py:190} INFO - [2024-10-28T00:18:23.079+0000] {dag.py:3239} INFO - Sync 1 DAGs
[2024-10-28T00:18:23.103+0000] {logging_mixin.py:190} INFO - [2024-10-28T00:18:23.103+0000] {dag.py:4180} INFO - Setting next_dagrun for example_python_decorator to None, run_after=None
[2024-10-28T00:18:23.127+0000] {processor.py:208} INFO - Processing /home/airflow/.local/lib/python3.12/site-packages/airflow/example_dags/example_python_decorator.py took 0.112 seconds
[2024-10-28T00:18:53.198+0000] {processor.py:186} INFO - Started process (PID=47901) to work on /home/airflow/.local/lib/python3.12/site-packages/airflow/example_dags/example_python_decorator.py
[2024-10-28T00:18:53.199+0000] {processor.py:914} INFO - Processing file /home/airflow/.local/lib/python3.12/site-packages/airflow/example_dags/example_python_decorator.py for tasks to queue
[2024-10-28T00:18:53.201+0000] {logging_mixin.py:190} INFO - [2024-10-28T00:18:53.200+0000] {dagbag.py:588} INFO - Filling up the DagBag from /home/airflow/.local/lib/python3.12/site-packages/airflow/example_dags/example_python_decorator.py
[2024-10-28T00:18:53.214+0000] {processor.py:925} INFO - DAG(s) 'example_python_decorator' retrieved from /home/airflow/.local/lib/python3.12/site-packages/airflow/example_dags/example_python_decorator.py
[2024-10-28T00:18:53.237+0000] {logging_mixin.py:190} INFO - [2024-10-28T00:18:53.237+0000] {dag.py:3239} INFO - Sync 1 DAGs
[2024-10-28T00:18:53.252+0000] {logging_mixin.py:190} INFO - [2024-10-28T00:18:53.251+0000] {dag.py:4180} INFO - Setting next_dagrun for example_python_decorator to None, run_after=None
[2024-10-28T00:18:53.271+0000] {processor.py:208} INFO - Processing /home/airflow/.local/lib/python3.12/site-packages/airflow/example_dags/example_python_decorator.py took 0.078 seconds
[2024-10-28T00:19:23.906+0000] {processor.py:186} INFO - Started process (PID=47975) to work on /home/airflow/.local/lib/python3.12/site-packages/airflow/example_dags/example_python_decorator.py
[2024-10-28T00:19:23.907+0000] {processor.py:914} INFO - Processing file /home/airflow/.local/lib/python3.12/site-packages/airflow/example_dags/example_python_decorator.py for tasks to queue
[2024-10-28T00:19:23.909+0000] {logging_mixin.py:190} INFO - [2024-10-28T00:19:23.909+0000] {dagbag.py:588} INFO - Filling up the DagBag from /home/airflow/.local/lib/python3.12/site-packages/airflow/example_dags/example_python_decorator.py
[2024-10-28T00:19:23.930+0000] {processor.py:925} INFO - DAG(s) 'example_python_decorator' retrieved from /home/airflow/.local/lib/python3.12/site-packages/airflow/example_dags/example_python_decorator.py
[2024-10-28T00:19:23.956+0000] {logging_mixin.py:190} INFO - [2024-10-28T00:19:23.956+0000] {dag.py:3239} INFO - Sync 1 DAGs
[2024-10-28T00:19:23.974+0000] {logging_mixin.py:190} INFO - [2024-10-28T00:19:23.974+0000] {dag.py:4180} INFO - Setting next_dagrun for example_python_decorator to None, run_after=None
[2024-10-28T00:19:23.998+0000] {processor.py:208} INFO - Processing /home/airflow/.local/lib/python3.12/site-packages/airflow/example_dags/example_python_decorator.py took 0.098 seconds
[2024-10-28T00:19:54.384+0000] {processor.py:186} INFO - Started process (PID=48049) to work on /home/airflow/.local/lib/python3.12/site-packages/airflow/example_dags/example_python_decorator.py
[2024-10-28T00:19:54.385+0000] {processor.py:914} INFO - Processing file /home/airflow/.local/lib/python3.12/site-packages/airflow/example_dags/example_python_decorator.py for tasks to queue
[2024-10-28T00:19:54.386+0000] {logging_mixin.py:190} INFO - [2024-10-28T00:19:54.386+0000] {dagbag.py:588} INFO - Filling up the DagBag from /home/airflow/.local/lib/python3.12/site-packages/airflow/example_dags/example_python_decorator.py
[2024-10-28T00:19:54.406+0000] {processor.py:925} INFO - DAG(s) 'example_python_decorator' retrieved from /home/airflow/.local/lib/python3.12/site-packages/airflow/example_dags/example_python_decorator.py
[2024-10-28T00:19:54.435+0000] {logging_mixin.py:190} INFO - [2024-10-28T00:19:54.435+0000] {dag.py:3239} INFO - Sync 1 DAGs
[2024-10-28T00:19:54.453+0000] {logging_mixin.py:190} INFO - [2024-10-28T00:19:54.453+0000] {dag.py:4180} INFO - Setting next_dagrun for example_python_decorator to None, run_after=None
[2024-10-28T00:19:54.476+0000] {processor.py:208} INFO - Processing /home/airflow/.local/lib/python3.12/site-packages/airflow/example_dags/example_python_decorator.py took 0.108 seconds
[2024-10-28T00:20:24.807+0000] {processor.py:186} INFO - Started process (PID=48123) to work on /home/airflow/.local/lib/python3.12/site-packages/airflow/example_dags/example_python_decorator.py
[2024-10-28T00:20:24.808+0000] {processor.py:914} INFO - Processing file /home/airflow/.local/lib/python3.12/site-packages/airflow/example_dags/example_python_decorator.py for tasks to queue
[2024-10-28T00:20:24.809+0000] {logging_mixin.py:190} INFO - [2024-10-28T00:20:24.809+0000] {dagbag.py:588} INFO - Filling up the DagBag from /home/airflow/.local/lib/python3.12/site-packages/airflow/example_dags/example_python_decorator.py
[2024-10-28T00:20:24.828+0000] {processor.py:925} INFO - DAG(s) 'example_python_decorator' retrieved from /home/airflow/.local/lib/python3.12/site-packages/airflow/example_dags/example_python_decorator.py
[2024-10-28T00:20:24.854+0000] {logging_mixin.py:190} INFO - [2024-10-28T00:20:24.854+0000] {dag.py:3239} INFO - Sync 1 DAGs
[2024-10-28T00:20:24.870+0000] {logging_mixin.py:190} INFO - [2024-10-28T00:20:24.870+0000] {dag.py:4180} INFO - Setting next_dagrun for example_python_decorator to None, run_after=None
[2024-10-28T00:20:24.895+0000] {processor.py:208} INFO - Processing /home/airflow/.local/lib/python3.12/site-packages/airflow/example_dags/example_python_decorator.py took 0.097 seconds
[2024-10-28T00:20:55.432+0000] {processor.py:186} INFO - Started process (PID=48197) to work on /home/airflow/.local/lib/python3.12/site-packages/airflow/example_dags/example_python_decorator.py
[2024-10-28T00:20:55.433+0000] {processor.py:914} INFO - Processing file /home/airflow/.local/lib/python3.12/site-packages/airflow/example_dags/example_python_decorator.py for tasks to queue
[2024-10-28T00:20:55.434+0000] {logging_mixin.py:190} INFO - [2024-10-28T00:20:55.434+0000] {dagbag.py:588} INFO - Filling up the DagBag from /home/airflow/.local/lib/python3.12/site-packages/airflow/example_dags/example_python_decorator.py
[2024-10-28T00:20:55.448+0000] {processor.py:925} INFO - DAG(s) 'example_python_decorator' retrieved from /home/airflow/.local/lib/python3.12/site-packages/airflow/example_dags/example_python_decorator.py
[2024-10-28T00:20:55.475+0000] {logging_mixin.py:190} INFO - [2024-10-28T00:20:55.474+0000] {dag.py:3239} INFO - Sync 1 DAGs
[2024-10-28T00:20:55.492+0000] {logging_mixin.py:190} INFO - [2024-10-28T00:20:55.492+0000] {dag.py:4180} INFO - Setting next_dagrun for example_python_decorator to None, run_after=None
[2024-10-28T00:20:55.511+0000] {processor.py:208} INFO - Processing /home/airflow/.local/lib/python3.12/site-packages/airflow/example_dags/example_python_decorator.py took 0.085 seconds
[2024-10-28T00:21:26.178+0000] {processor.py:186} INFO - Started process (PID=48271) to work on /home/airflow/.local/lib/python3.12/site-packages/airflow/example_dags/example_python_decorator.py
[2024-10-28T00:21:26.180+0000] {processor.py:914} INFO - Processing file /home/airflow/.local/lib/python3.12/site-packages/airflow/example_dags/example_python_decorator.py for tasks to queue
[2024-10-28T00:21:26.182+0000] {logging_mixin.py:190} INFO - [2024-10-28T00:21:26.182+0000] {dagbag.py:588} INFO - Filling up the DagBag from /home/airflow/.local/lib/python3.12/site-packages/airflow/example_dags/example_python_decorator.py
[2024-10-28T00:21:26.198+0000] {processor.py:925} INFO - DAG(s) 'example_python_decorator' retrieved from /home/airflow/.local/lib/python3.12/site-packages/airflow/example_dags/example_python_decorator.py
[2024-10-28T00:21:26.221+0000] {logging_mixin.py:190} INFO - [2024-10-28T00:21:26.221+0000] {dag.py:3239} INFO - Sync 1 DAGs
[2024-10-28T00:21:26.236+0000] {logging_mixin.py:190} INFO - [2024-10-28T00:21:26.236+0000] {dag.py:4180} INFO - Setting next_dagrun for example_python_decorator to None, run_after=None
[2024-10-28T00:21:26.256+0000] {processor.py:208} INFO - Processing /home/airflow/.local/lib/python3.12/site-packages/airflow/example_dags/example_python_decorator.py took 0.084 seconds
[2024-10-28T00:21:56.687+0000] {processor.py:186} INFO - Started process (PID=48345) to work on /home/airflow/.local/lib/python3.12/site-packages/airflow/example_dags/example_python_decorator.py
[2024-10-28T00:21:56.689+0000] {processor.py:914} INFO - Processing file /home/airflow/.local/lib/python3.12/site-packages/airflow/example_dags/example_python_decorator.py for tasks to queue
[2024-10-28T00:21:56.691+0000] {logging_mixin.py:190} INFO - [2024-10-28T00:21:56.691+0000] {dagbag.py:588} INFO - Filling up the DagBag from /home/airflow/.local/lib/python3.12/site-packages/airflow/example_dags/example_python_decorator.py
[2024-10-28T00:21:56.706+0000] {processor.py:925} INFO - DAG(s) 'example_python_decorator' retrieved from /home/airflow/.local/lib/python3.12/site-packages/airflow/example_dags/example_python_decorator.py
[2024-10-28T00:21:56.733+0000] {logging_mixin.py:190} INFO - [2024-10-28T00:21:56.732+0000] {dag.py:3239} INFO - Sync 1 DAGs
[2024-10-28T00:21:56.752+0000] {logging_mixin.py:190} INFO - [2024-10-28T00:21:56.752+0000] {dag.py:4180} INFO - Setting next_dagrun for example_python_decorator to None, run_after=None
[2024-10-28T00:21:56.775+0000] {processor.py:208} INFO - Processing /home/airflow/.local/lib/python3.12/site-packages/airflow/example_dags/example_python_decorator.py took 0.094 seconds
[2024-10-28T00:22:27.768+0000] {processor.py:186} INFO - Started process (PID=48419) to work on /home/airflow/.local/lib/python3.12/site-packages/airflow/example_dags/example_python_decorator.py
[2024-10-28T00:22:27.770+0000] {processor.py:914} INFO - Processing file /home/airflow/.local/lib/python3.12/site-packages/airflow/example_dags/example_python_decorator.py for tasks to queue
[2024-10-28T00:22:27.771+0000] {logging_mixin.py:190} INFO - [2024-10-28T00:22:27.771+0000] {dagbag.py:588} INFO - Filling up the DagBag from /home/airflow/.local/lib/python3.12/site-packages/airflow/example_dags/example_python_decorator.py
[2024-10-28T00:22:27.786+0000] {processor.py:925} INFO - DAG(s) 'example_python_decorator' retrieved from /home/airflow/.local/lib/python3.12/site-packages/airflow/example_dags/example_python_decorator.py
[2024-10-28T00:22:27.811+0000] {logging_mixin.py:190} INFO - [2024-10-28T00:22:27.811+0000] {dag.py:3239} INFO - Sync 1 DAGs
[2024-10-28T00:22:27.828+0000] {logging_mixin.py:190} INFO - [2024-10-28T00:22:27.828+0000] {dag.py:4180} INFO - Setting next_dagrun for example_python_decorator to None, run_after=None
[2024-10-28T00:22:27.850+0000] {processor.py:208} INFO - Processing /home/airflow/.local/lib/python3.12/site-packages/airflow/example_dags/example_python_decorator.py took 0.088 seconds
[2024-10-28T00:22:58.400+0000] {processor.py:186} INFO - Started process (PID=48493) to work on /home/airflow/.local/lib/python3.12/site-packages/airflow/example_dags/example_python_decorator.py
[2024-10-28T00:22:58.401+0000] {processor.py:914} INFO - Processing file /home/airflow/.local/lib/python3.12/site-packages/airflow/example_dags/example_python_decorator.py for tasks to queue
[2024-10-28T00:22:58.403+0000] {logging_mixin.py:190} INFO - [2024-10-28T00:22:58.403+0000] {dagbag.py:588} INFO - Filling up the DagBag from /home/airflow/.local/lib/python3.12/site-packages/airflow/example_dags/example_python_decorator.py
[2024-10-28T00:22:58.420+0000] {processor.py:925} INFO - DAG(s) 'example_python_decorator' retrieved from /home/airflow/.local/lib/python3.12/site-packages/airflow/example_dags/example_python_decorator.py
[2024-10-28T00:22:58.449+0000] {logging_mixin.py:190} INFO - [2024-10-28T00:22:58.448+0000] {dag.py:3239} INFO - Sync 1 DAGs
[2024-10-28T00:22:58.472+0000] {logging_mixin.py:190} INFO - [2024-10-28T00:22:58.472+0000] {dag.py:4180} INFO - Setting next_dagrun for example_python_decorator to None, run_after=None
[2024-10-28T00:22:58.496+0000] {processor.py:208} INFO - Processing /home/airflow/.local/lib/python3.12/site-packages/airflow/example_dags/example_python_decorator.py took 0.102 seconds
[2024-10-28T00:23:28.618+0000] {processor.py:186} INFO - Started process (PID=48567) to work on /home/airflow/.local/lib/python3.12/site-packages/airflow/example_dags/example_python_decorator.py
[2024-10-28T00:23:28.619+0000] {processor.py:914} INFO - Processing file /home/airflow/.local/lib/python3.12/site-packages/airflow/example_dags/example_python_decorator.py for tasks to queue
[2024-10-28T00:23:28.621+0000] {logging_mixin.py:190} INFO - [2024-10-28T00:23:28.620+0000] {dagbag.py:588} INFO - Filling up the DagBag from /home/airflow/.local/lib/python3.12/site-packages/airflow/example_dags/example_python_decorator.py
[2024-10-28T00:23:28.635+0000] {processor.py:925} INFO - DAG(s) 'example_python_decorator' retrieved from /home/airflow/.local/lib/python3.12/site-packages/airflow/example_dags/example_python_decorator.py
[2024-10-28T00:23:28.658+0000] {logging_mixin.py:190} INFO - [2024-10-28T00:23:28.658+0000] {dag.py:3239} INFO - Sync 1 DAGs
[2024-10-28T00:23:28.672+0000] {logging_mixin.py:190} INFO - [2024-10-28T00:23:28.672+0000] {dag.py:4180} INFO - Setting next_dagrun for example_python_decorator to None, run_after=None
[2024-10-28T00:23:28.690+0000] {processor.py:208} INFO - Processing /home/airflow/.local/lib/python3.12/site-packages/airflow/example_dags/example_python_decorator.py took 0.077 seconds
[2024-10-28T00:23:59.654+0000] {processor.py:186} INFO - Started process (PID=48641) to work on /home/airflow/.local/lib/python3.12/site-packages/airflow/example_dags/example_python_decorator.py
[2024-10-28T00:23:59.655+0000] {processor.py:914} INFO - Processing file /home/airflow/.local/lib/python3.12/site-packages/airflow/example_dags/example_python_decorator.py for tasks to queue
[2024-10-28T00:23:59.657+0000] {logging_mixin.py:190} INFO - [2024-10-28T00:23:59.656+0000] {dagbag.py:588} INFO - Filling up the DagBag from /home/airflow/.local/lib/python3.12/site-packages/airflow/example_dags/example_python_decorator.py
[2024-10-28T00:23:59.672+0000] {processor.py:925} INFO - DAG(s) 'example_python_decorator' retrieved from /home/airflow/.local/lib/python3.12/site-packages/airflow/example_dags/example_python_decorator.py
[2024-10-28T00:23:59.697+0000] {logging_mixin.py:190} INFO - [2024-10-28T00:23:59.696+0000] {dag.py:3239} INFO - Sync 1 DAGs
[2024-10-28T00:23:59.717+0000] {logging_mixin.py:190} INFO - [2024-10-28T00:23:59.717+0000] {dag.py:4180} INFO - Setting next_dagrun for example_python_decorator to None, run_after=None
[2024-10-28T00:23:59.744+0000] {processor.py:208} INFO - Processing /home/airflow/.local/lib/python3.12/site-packages/airflow/example_dags/example_python_decorator.py took 0.096 seconds
[2024-10-28T00:24:30.303+0000] {processor.py:186} INFO - Started process (PID=48715) to work on /home/airflow/.local/lib/python3.12/site-packages/airflow/example_dags/example_python_decorator.py
[2024-10-28T00:24:30.304+0000] {processor.py:914} INFO - Processing file /home/airflow/.local/lib/python3.12/site-packages/airflow/example_dags/example_python_decorator.py for tasks to queue
[2024-10-28T00:24:30.306+0000] {logging_mixin.py:190} INFO - [2024-10-28T00:24:30.305+0000] {dagbag.py:588} INFO - Filling up the DagBag from /home/airflow/.local/lib/python3.12/site-packages/airflow/example_dags/example_python_decorator.py
[2024-10-28T00:24:30.322+0000] {processor.py:925} INFO - DAG(s) 'example_python_decorator' retrieved from /home/airflow/.local/lib/python3.12/site-packages/airflow/example_dags/example_python_decorator.py
[2024-10-28T00:24:30.344+0000] {logging_mixin.py:190} INFO - [2024-10-28T00:24:30.344+0000] {dag.py:3239} INFO - Sync 1 DAGs
[2024-10-28T00:24:30.359+0000] {logging_mixin.py:190} INFO - [2024-10-28T00:24:30.359+0000] {dag.py:4180} INFO - Setting next_dagrun for example_python_decorator to None, run_after=None
[2024-10-28T00:24:30.526+0000] {processor.py:208} INFO - Processing /home/airflow/.local/lib/python3.12/site-packages/airflow/example_dags/example_python_decorator.py took 0.230 seconds
[2024-10-28T00:25:01.463+0000] {processor.py:186} INFO - Started process (PID=48789) to work on /home/airflow/.local/lib/python3.12/site-packages/airflow/example_dags/example_python_decorator.py
[2024-10-28T00:25:01.464+0000] {processor.py:914} INFO - Processing file /home/airflow/.local/lib/python3.12/site-packages/airflow/example_dags/example_python_decorator.py for tasks to queue
[2024-10-28T00:25:01.465+0000] {logging_mixin.py:190} INFO - [2024-10-28T00:25:01.465+0000] {dagbag.py:588} INFO - Filling up the DagBag from /home/airflow/.local/lib/python3.12/site-packages/airflow/example_dags/example_python_decorator.py
[2024-10-28T00:25:01.479+0000] {processor.py:925} INFO - DAG(s) 'example_python_decorator' retrieved from /home/airflow/.local/lib/python3.12/site-packages/airflow/example_dags/example_python_decorator.py
[2024-10-28T00:25:01.510+0000] {logging_mixin.py:190} INFO - [2024-10-28T00:25:01.509+0000] {dag.py:3239} INFO - Sync 1 DAGs
[2024-10-28T00:25:01.692+0000] {logging_mixin.py:190} INFO - [2024-10-28T00:25:01.692+0000] {dag.py:4180} INFO - Setting next_dagrun for example_python_decorator to None, run_after=None
[2024-10-28T00:25:01.715+0000] {processor.py:208} INFO - Processing /home/airflow/.local/lib/python3.12/site-packages/airflow/example_dags/example_python_decorator.py took 0.258 seconds
[2024-10-28T00:25:32.575+0000] {processor.py:186} INFO - Started process (PID=48863) to work on /home/airflow/.local/lib/python3.12/site-packages/airflow/example_dags/example_python_decorator.py
[2024-10-28T00:25:32.576+0000] {processor.py:914} INFO - Processing file /home/airflow/.local/lib/python3.12/site-packages/airflow/example_dags/example_python_decorator.py for tasks to queue
[2024-10-28T00:25:32.578+0000] {logging_mixin.py:190} INFO - [2024-10-28T00:25:32.577+0000] {dagbag.py:588} INFO - Filling up the DagBag from /home/airflow/.local/lib/python3.12/site-packages/airflow/example_dags/example_python_decorator.py
[2024-10-28T00:25:32.598+0000] {processor.py:925} INFO - DAG(s) 'example_python_decorator' retrieved from /home/airflow/.local/lib/python3.12/site-packages/airflow/example_dags/example_python_decorator.py
[2024-10-28T00:25:32.626+0000] {logging_mixin.py:190} INFO - [2024-10-28T00:25:32.626+0000] {dag.py:3239} INFO - Sync 1 DAGs
[2024-10-28T00:25:32.821+0000] {logging_mixin.py:190} INFO - [2024-10-28T00:25:32.820+0000] {dag.py:4180} INFO - Setting next_dagrun for example_python_decorator to None, run_after=None
[2024-10-28T00:25:32.837+0000] {processor.py:208} INFO - Processing /home/airflow/.local/lib/python3.12/site-packages/airflow/example_dags/example_python_decorator.py took 0.268 seconds
[2024-10-28T00:26:03.103+0000] {processor.py:186} INFO - Started process (PID=48937) to work on /home/airflow/.local/lib/python3.12/site-packages/airflow/example_dags/example_python_decorator.py
[2024-10-28T00:26:03.104+0000] {processor.py:914} INFO - Processing file /home/airflow/.local/lib/python3.12/site-packages/airflow/example_dags/example_python_decorator.py for tasks to queue
[2024-10-28T00:26:03.106+0000] {logging_mixin.py:190} INFO - [2024-10-28T00:26:03.105+0000] {dagbag.py:588} INFO - Filling up the DagBag from /home/airflow/.local/lib/python3.12/site-packages/airflow/example_dags/example_python_decorator.py
[2024-10-28T00:26:03.119+0000] {processor.py:925} INFO - DAG(s) 'example_python_decorator' retrieved from /home/airflow/.local/lib/python3.12/site-packages/airflow/example_dags/example_python_decorator.py
[2024-10-28T00:26:03.139+0000] {logging_mixin.py:190} INFO - [2024-10-28T00:26:03.139+0000] {dag.py:3239} INFO - Sync 1 DAGs
[2024-10-28T00:26:03.296+0000] {logging_mixin.py:190} INFO - [2024-10-28T00:26:03.296+0000] {dag.py:4180} INFO - Setting next_dagrun for example_python_decorator to None, run_after=None
[2024-10-28T00:26:03.317+0000] {processor.py:208} INFO - Processing /home/airflow/.local/lib/python3.12/site-packages/airflow/example_dags/example_python_decorator.py took 0.220 seconds
[2024-10-28T00:26:33.773+0000] {processor.py:186} INFO - Started process (PID=49011) to work on /home/airflow/.local/lib/python3.12/site-packages/airflow/example_dags/example_python_decorator.py
[2024-10-28T00:26:33.774+0000] {processor.py:914} INFO - Processing file /home/airflow/.local/lib/python3.12/site-packages/airflow/example_dags/example_python_decorator.py for tasks to queue
[2024-10-28T00:26:33.775+0000] {logging_mixin.py:190} INFO - [2024-10-28T00:26:33.775+0000] {dagbag.py:588} INFO - Filling up the DagBag from /home/airflow/.local/lib/python3.12/site-packages/airflow/example_dags/example_python_decorator.py
[2024-10-28T00:26:33.789+0000] {processor.py:925} INFO - DAG(s) 'example_python_decorator' retrieved from /home/airflow/.local/lib/python3.12/site-packages/airflow/example_dags/example_python_decorator.py
[2024-10-28T00:26:33.811+0000] {logging_mixin.py:190} INFO - [2024-10-28T00:26:33.811+0000] {dag.py:3239} INFO - Sync 1 DAGs
[2024-10-28T00:26:33.826+0000] {logging_mixin.py:190} INFO - [2024-10-28T00:26:33.826+0000] {dag.py:4180} INFO - Setting next_dagrun for example_python_decorator to None, run_after=None
[2024-10-28T00:26:33.844+0000] {processor.py:208} INFO - Processing /home/airflow/.local/lib/python3.12/site-packages/airflow/example_dags/example_python_decorator.py took 0.077 seconds
[2024-10-28T00:27:04.158+0000] {processor.py:186} INFO - Started process (PID=49085) to work on /home/airflow/.local/lib/python3.12/site-packages/airflow/example_dags/example_python_decorator.py
[2024-10-28T00:27:04.159+0000] {processor.py:914} INFO - Processing file /home/airflow/.local/lib/python3.12/site-packages/airflow/example_dags/example_python_decorator.py for tasks to queue
[2024-10-28T00:27:04.160+0000] {logging_mixin.py:190} INFO - [2024-10-28T00:27:04.160+0000] {dagbag.py:588} INFO - Filling up the DagBag from /home/airflow/.local/lib/python3.12/site-packages/airflow/example_dags/example_python_decorator.py
[2024-10-28T00:27:04.173+0000] {processor.py:925} INFO - DAG(s) 'example_python_decorator' retrieved from /home/airflow/.local/lib/python3.12/site-packages/airflow/example_dags/example_python_decorator.py
[2024-10-28T00:27:04.195+0000] {logging_mixin.py:190} INFO - [2024-10-28T00:27:04.195+0000] {dag.py:3239} INFO - Sync 1 DAGs
[2024-10-28T00:27:04.209+0000] {logging_mixin.py:190} INFO - [2024-10-28T00:27:04.209+0000] {dag.py:4180} INFO - Setting next_dagrun for example_python_decorator to None, run_after=None
[2024-10-28T00:27:04.226+0000] {processor.py:208} INFO - Processing /home/airflow/.local/lib/python3.12/site-packages/airflow/example_dags/example_python_decorator.py took 0.073 seconds
[2024-10-28T00:27:35.055+0000] {processor.py:186} INFO - Started process (PID=49159) to work on /home/airflow/.local/lib/python3.12/site-packages/airflow/example_dags/example_python_decorator.py
[2024-10-28T00:27:35.055+0000] {processor.py:914} INFO - Processing file /home/airflow/.local/lib/python3.12/site-packages/airflow/example_dags/example_python_decorator.py for tasks to queue
[2024-10-28T00:27:35.057+0000] {logging_mixin.py:190} INFO - [2024-10-28T00:27:35.057+0000] {dagbag.py:588} INFO - Filling up the DagBag from /home/airflow/.local/lib/python3.12/site-packages/airflow/example_dags/example_python_decorator.py
[2024-10-28T00:27:35.070+0000] {processor.py:925} INFO - DAG(s) 'example_python_decorator' retrieved from /home/airflow/.local/lib/python3.12/site-packages/airflow/example_dags/example_python_decorator.py
[2024-10-28T00:27:35.093+0000] {logging_mixin.py:190} INFO - [2024-10-28T00:27:35.093+0000] {dag.py:3239} INFO - Sync 1 DAGs
[2024-10-28T00:27:35.107+0000] {logging_mixin.py:190} INFO - [2024-10-28T00:27:35.107+0000] {dag.py:4180} INFO - Setting next_dagrun for example_python_decorator to None, run_after=None
[2024-10-28T00:27:35.125+0000] {processor.py:208} INFO - Processing /home/airflow/.local/lib/python3.12/site-packages/airflow/example_dags/example_python_decorator.py took 0.076 seconds
[2024-10-28T00:28:06.095+0000] {processor.py:186} INFO - Started process (PID=49233) to work on /home/airflow/.local/lib/python3.12/site-packages/airflow/example_dags/example_python_decorator.py
[2024-10-28T00:28:06.096+0000] {processor.py:914} INFO - Processing file /home/airflow/.local/lib/python3.12/site-packages/airflow/example_dags/example_python_decorator.py for tasks to queue
[2024-10-28T00:28:06.097+0000] {logging_mixin.py:190} INFO - [2024-10-28T00:28:06.097+0000] {dagbag.py:588} INFO - Filling up the DagBag from /home/airflow/.local/lib/python3.12/site-packages/airflow/example_dags/example_python_decorator.py
[2024-10-28T00:28:06.111+0000] {processor.py:925} INFO - DAG(s) 'example_python_decorator' retrieved from /home/airflow/.local/lib/python3.12/site-packages/airflow/example_dags/example_python_decorator.py
[2024-10-28T00:28:06.134+0000] {logging_mixin.py:190} INFO - [2024-10-28T00:28:06.134+0000] {dag.py:3239} INFO - Sync 1 DAGs
[2024-10-28T00:28:06.149+0000] {logging_mixin.py:190} INFO - [2024-10-28T00:28:06.148+0000] {dag.py:4180} INFO - Setting next_dagrun for example_python_decorator to None, run_after=None
[2024-10-28T00:28:06.167+0000] {processor.py:208} INFO - Processing /home/airflow/.local/lib/python3.12/site-packages/airflow/example_dags/example_python_decorator.py took 0.079 seconds
[2024-10-28T00:28:36.662+0000] {processor.py:186} INFO - Started process (PID=49307) to work on /home/airflow/.local/lib/python3.12/site-packages/airflow/example_dags/example_python_decorator.py
[2024-10-28T00:28:36.663+0000] {processor.py:914} INFO - Processing file /home/airflow/.local/lib/python3.12/site-packages/airflow/example_dags/example_python_decorator.py for tasks to queue
[2024-10-28T00:28:36.665+0000] {logging_mixin.py:190} INFO - [2024-10-28T00:28:36.665+0000] {dagbag.py:588} INFO - Filling up the DagBag from /home/airflow/.local/lib/python3.12/site-packages/airflow/example_dags/example_python_decorator.py
[2024-10-28T00:28:36.682+0000] {processor.py:925} INFO - DAG(s) 'example_python_decorator' retrieved from /home/airflow/.local/lib/python3.12/site-packages/airflow/example_dags/example_python_decorator.py
[2024-10-28T00:28:36.710+0000] {logging_mixin.py:190} INFO - [2024-10-28T00:28:36.710+0000] {dag.py:3239} INFO - Sync 1 DAGs
[2024-10-28T00:28:36.729+0000] {logging_mixin.py:190} INFO - [2024-10-28T00:28:36.728+0000] {dag.py:4180} INFO - Setting next_dagrun for example_python_decorator to None, run_after=None
[2024-10-28T00:28:36.750+0000] {processor.py:208} INFO - Processing /home/airflow/.local/lib/python3.12/site-packages/airflow/example_dags/example_python_decorator.py took 0.095 seconds
[2024-10-28T00:29:07.535+0000] {processor.py:186} INFO - Started process (PID=49381) to work on /home/airflow/.local/lib/python3.12/site-packages/airflow/example_dags/example_python_decorator.py
[2024-10-28T00:29:07.536+0000] {processor.py:914} INFO - Processing file /home/airflow/.local/lib/python3.12/site-packages/airflow/example_dags/example_python_decorator.py for tasks to queue
[2024-10-28T00:29:07.538+0000] {logging_mixin.py:190} INFO - [2024-10-28T00:29:07.537+0000] {dagbag.py:588} INFO - Filling up the DagBag from /home/airflow/.local/lib/python3.12/site-packages/airflow/example_dags/example_python_decorator.py
[2024-10-28T00:29:07.552+0000] {processor.py:925} INFO - DAG(s) 'example_python_decorator' retrieved from /home/airflow/.local/lib/python3.12/site-packages/airflow/example_dags/example_python_decorator.py
[2024-10-28T00:29:07.589+0000] {logging_mixin.py:190} INFO - [2024-10-28T00:29:07.589+0000] {dag.py:3239} INFO - Sync 1 DAGs
[2024-10-28T00:29:07.613+0000] {logging_mixin.py:190} INFO - [2024-10-28T00:29:07.613+0000] {dag.py:4180} INFO - Setting next_dagrun for example_python_decorator to None, run_after=None
[2024-10-28T00:29:07.635+0000] {processor.py:208} INFO - Processing /home/airflow/.local/lib/python3.12/site-packages/airflow/example_dags/example_python_decorator.py took 0.107 seconds
[2024-10-28T00:29:38.391+0000] {processor.py:186} INFO - Started process (PID=49461) to work on /home/airflow/.local/lib/python3.12/site-packages/airflow/example_dags/example_python_decorator.py
[2024-10-28T00:29:38.392+0000] {processor.py:914} INFO - Processing file /home/airflow/.local/lib/python3.12/site-packages/airflow/example_dags/example_python_decorator.py for tasks to queue
[2024-10-28T00:29:38.393+0000] {logging_mixin.py:190} INFO - [2024-10-28T00:29:38.393+0000] {dagbag.py:588} INFO - Filling up the DagBag from /home/airflow/.local/lib/python3.12/site-packages/airflow/example_dags/example_python_decorator.py
[2024-10-28T00:29:38.407+0000] {processor.py:925} INFO - DAG(s) 'example_python_decorator' retrieved from /home/airflow/.local/lib/python3.12/site-packages/airflow/example_dags/example_python_decorator.py
[2024-10-28T00:29:38.430+0000] {logging_mixin.py:190} INFO - [2024-10-28T00:29:38.430+0000] {dag.py:3239} INFO - Sync 1 DAGs
[2024-10-28T00:29:38.445+0000] {logging_mixin.py:190} INFO - [2024-10-28T00:29:38.445+0000] {dag.py:4180} INFO - Setting next_dagrun for example_python_decorator to None, run_after=None
[2024-10-28T00:29:38.465+0000] {processor.py:208} INFO - Processing /home/airflow/.local/lib/python3.12/site-packages/airflow/example_dags/example_python_decorator.py took 0.079 seconds
[2024-10-28T00:30:09.304+0000] {processor.py:186} INFO - Started process (PID=49535) to work on /home/airflow/.local/lib/python3.12/site-packages/airflow/example_dags/example_python_decorator.py
[2024-10-28T00:30:09.305+0000] {processor.py:914} INFO - Processing file /home/airflow/.local/lib/python3.12/site-packages/airflow/example_dags/example_python_decorator.py for tasks to queue
[2024-10-28T00:30:09.306+0000] {logging_mixin.py:190} INFO - [2024-10-28T00:30:09.306+0000] {dagbag.py:588} INFO - Filling up the DagBag from /home/airflow/.local/lib/python3.12/site-packages/airflow/example_dags/example_python_decorator.py
[2024-10-28T00:30:09.320+0000] {processor.py:925} INFO - DAG(s) 'example_python_decorator' retrieved from /home/airflow/.local/lib/python3.12/site-packages/airflow/example_dags/example_python_decorator.py
[2024-10-28T00:30:09.343+0000] {logging_mixin.py:190} INFO - [2024-10-28T00:30:09.343+0000] {dag.py:3239} INFO - Sync 1 DAGs
[2024-10-28T00:30:09.358+0000] {logging_mixin.py:190} INFO - [2024-10-28T00:30:09.357+0000] {dag.py:4180} INFO - Setting next_dagrun for example_python_decorator to None, run_after=None
[2024-10-28T00:30:09.376+0000] {processor.py:208} INFO - Processing /home/airflow/.local/lib/python3.12/site-packages/airflow/example_dags/example_python_decorator.py took 0.077 seconds
[2024-10-28T00:30:40.204+0000] {processor.py:186} INFO - Started process (PID=49609) to work on /home/airflow/.local/lib/python3.12/site-packages/airflow/example_dags/example_python_decorator.py
[2024-10-28T00:30:40.206+0000] {processor.py:914} INFO - Processing file /home/airflow/.local/lib/python3.12/site-packages/airflow/example_dags/example_python_decorator.py for tasks to queue
[2024-10-28T00:30:40.207+0000] {logging_mixin.py:190} INFO - [2024-10-28T00:30:40.207+0000] {dagbag.py:588} INFO - Filling up the DagBag from /home/airflow/.local/lib/python3.12/site-packages/airflow/example_dags/example_python_decorator.py
[2024-10-28T00:30:40.223+0000] {processor.py:925} INFO - DAG(s) 'example_python_decorator' retrieved from /home/airflow/.local/lib/python3.12/site-packages/airflow/example_dags/example_python_decorator.py
[2024-10-28T00:30:40.247+0000] {logging_mixin.py:190} INFO - [2024-10-28T00:30:40.247+0000] {dag.py:3239} INFO - Sync 1 DAGs
[2024-10-28T00:30:40.262+0000] {logging_mixin.py:190} INFO - [2024-10-28T00:30:40.262+0000] {dag.py:4180} INFO - Setting next_dagrun for example_python_decorator to None, run_after=None
[2024-10-28T00:30:40.285+0000] {processor.py:208} INFO - Processing /home/airflow/.local/lib/python3.12/site-packages/airflow/example_dags/example_python_decorator.py took 0.087 seconds
[2024-10-28T00:31:10.945+0000] {processor.py:186} INFO - Started process (PID=49683) to work on /home/airflow/.local/lib/python3.12/site-packages/airflow/example_dags/example_python_decorator.py
[2024-10-28T00:31:10.946+0000] {processor.py:914} INFO - Processing file /home/airflow/.local/lib/python3.12/site-packages/airflow/example_dags/example_python_decorator.py for tasks to queue
[2024-10-28T00:31:10.947+0000] {logging_mixin.py:190} INFO - [2024-10-28T00:31:10.947+0000] {dagbag.py:588} INFO - Filling up the DagBag from /home/airflow/.local/lib/python3.12/site-packages/airflow/example_dags/example_python_decorator.py
[2024-10-28T00:31:10.960+0000] {processor.py:925} INFO - DAG(s) 'example_python_decorator' retrieved from /home/airflow/.local/lib/python3.12/site-packages/airflow/example_dags/example_python_decorator.py
[2024-10-28T00:31:10.983+0000] {logging_mixin.py:190} INFO - [2024-10-28T00:31:10.982+0000] {dag.py:3239} INFO - Sync 1 DAGs
[2024-10-28T00:31:10.997+0000] {logging_mixin.py:190} INFO - [2024-10-28T00:31:10.997+0000] {dag.py:4180} INFO - Setting next_dagrun for example_python_decorator to None, run_after=None
[2024-10-28T00:31:11.015+0000] {processor.py:208} INFO - Processing /home/airflow/.local/lib/python3.12/site-packages/airflow/example_dags/example_python_decorator.py took 0.076 seconds
[2024-10-28T00:31:41.083+0000] {processor.py:186} INFO - Started process (PID=49757) to work on /home/airflow/.local/lib/python3.12/site-packages/airflow/example_dags/example_python_decorator.py
[2024-10-28T00:31:41.084+0000] {processor.py:914} INFO - Processing file /home/airflow/.local/lib/python3.12/site-packages/airflow/example_dags/example_python_decorator.py for tasks to queue
[2024-10-28T00:31:41.086+0000] {logging_mixin.py:190} INFO - [2024-10-28T00:31:41.085+0000] {dagbag.py:588} INFO - Filling up the DagBag from /home/airflow/.local/lib/python3.12/site-packages/airflow/example_dags/example_python_decorator.py
[2024-10-28T00:31:41.100+0000] {processor.py:925} INFO - DAG(s) 'example_python_decorator' retrieved from /home/airflow/.local/lib/python3.12/site-packages/airflow/example_dags/example_python_decorator.py
[2024-10-28T00:31:41.123+0000] {logging_mixin.py:190} INFO - [2024-10-28T00:31:41.123+0000] {dag.py:3239} INFO - Sync 1 DAGs
[2024-10-28T00:31:41.137+0000] {logging_mixin.py:190} INFO - [2024-10-28T00:31:41.137+0000] {dag.py:4180} INFO - Setting next_dagrun for example_python_decorator to None, run_after=None
[2024-10-28T00:31:41.156+0000] {processor.py:208} INFO - Processing /home/airflow/.local/lib/python3.12/site-packages/airflow/example_dags/example_python_decorator.py took 0.078 seconds
[2024-10-28T00:32:11.927+0000] {processor.py:186} INFO - Started process (PID=49831) to work on /home/airflow/.local/lib/python3.12/site-packages/airflow/example_dags/example_python_decorator.py
[2024-10-28T00:32:11.928+0000] {processor.py:914} INFO - Processing file /home/airflow/.local/lib/python3.12/site-packages/airflow/example_dags/example_python_decorator.py for tasks to queue
[2024-10-28T00:32:11.930+0000] {logging_mixin.py:190} INFO - [2024-10-28T00:32:11.929+0000] {dagbag.py:588} INFO - Filling up the DagBag from /home/airflow/.local/lib/python3.12/site-packages/airflow/example_dags/example_python_decorator.py
[2024-10-28T00:32:11.943+0000] {processor.py:925} INFO - DAG(s) 'example_python_decorator' retrieved from /home/airflow/.local/lib/python3.12/site-packages/airflow/example_dags/example_python_decorator.py
[2024-10-28T00:32:11.966+0000] {logging_mixin.py:190} INFO - [2024-10-28T00:32:11.966+0000] {dag.py:3239} INFO - Sync 1 DAGs
[2024-10-28T00:32:11.980+0000] {logging_mixin.py:190} INFO - [2024-10-28T00:32:11.980+0000] {dag.py:4180} INFO - Setting next_dagrun for example_python_decorator to None, run_after=None
[2024-10-28T00:32:12.001+0000] {processor.py:208} INFO - Processing /home/airflow/.local/lib/python3.12/site-packages/airflow/example_dags/example_python_decorator.py took 0.079 seconds
[2024-10-28T00:32:42.785+0000] {processor.py:186} INFO - Started process (PID=49905) to work on /home/airflow/.local/lib/python3.12/site-packages/airflow/example_dags/example_python_decorator.py
[2024-10-28T00:32:42.786+0000] {processor.py:914} INFO - Processing file /home/airflow/.local/lib/python3.12/site-packages/airflow/example_dags/example_python_decorator.py for tasks to queue
[2024-10-28T00:32:42.788+0000] {logging_mixin.py:190} INFO - [2024-10-28T00:32:42.787+0000] {dagbag.py:588} INFO - Filling up the DagBag from /home/airflow/.local/lib/python3.12/site-packages/airflow/example_dags/example_python_decorator.py
[2024-10-28T00:32:42.801+0000] {processor.py:925} INFO - DAG(s) 'example_python_decorator' retrieved from /home/airflow/.local/lib/python3.12/site-packages/airflow/example_dags/example_python_decorator.py
[2024-10-28T00:32:42.822+0000] {logging_mixin.py:190} INFO - [2024-10-28T00:32:42.822+0000] {dag.py:3239} INFO - Sync 1 DAGs
[2024-10-28T00:32:42.836+0000] {logging_mixin.py:190} INFO - [2024-10-28T00:32:42.836+0000] {dag.py:4180} INFO - Setting next_dagrun for example_python_decorator to None, run_after=None
[2024-10-28T00:32:42.853+0000] {processor.py:208} INFO - Processing /home/airflow/.local/lib/python3.12/site-packages/airflow/example_dags/example_python_decorator.py took 0.074 seconds
[2024-10-28T00:33:13.623+0000] {processor.py:186} INFO - Started process (PID=49979) to work on /home/airflow/.local/lib/python3.12/site-packages/airflow/example_dags/example_python_decorator.py
[2024-10-28T00:33:13.624+0000] {processor.py:914} INFO - Processing file /home/airflow/.local/lib/python3.12/site-packages/airflow/example_dags/example_python_decorator.py for tasks to queue
[2024-10-28T00:33:13.626+0000] {logging_mixin.py:190} INFO - [2024-10-28T00:33:13.625+0000] {dagbag.py:588} INFO - Filling up the DagBag from /home/airflow/.local/lib/python3.12/site-packages/airflow/example_dags/example_python_decorator.py
[2024-10-28T00:33:13.640+0000] {processor.py:925} INFO - DAG(s) 'example_python_decorator' retrieved from /home/airflow/.local/lib/python3.12/site-packages/airflow/example_dags/example_python_decorator.py
[2024-10-28T00:33:13.662+0000] {logging_mixin.py:190} INFO - [2024-10-28T00:33:13.662+0000] {dag.py:3239} INFO - Sync 1 DAGs
[2024-10-28T00:33:13.676+0000] {logging_mixin.py:190} INFO - [2024-10-28T00:33:13.676+0000] {dag.py:4180} INFO - Setting next_dagrun for example_python_decorator to None, run_after=None
[2024-10-28T00:33:13.693+0000] {processor.py:208} INFO - Processing /home/airflow/.local/lib/python3.12/site-packages/airflow/example_dags/example_python_decorator.py took 0.077 seconds
[2024-10-28T00:33:44.392+0000] {processor.py:186} INFO - Started process (PID=50053) to work on /home/airflow/.local/lib/python3.12/site-packages/airflow/example_dags/example_python_decorator.py
[2024-10-28T00:33:44.393+0000] {processor.py:914} INFO - Processing file /home/airflow/.local/lib/python3.12/site-packages/airflow/example_dags/example_python_decorator.py for tasks to queue
[2024-10-28T00:33:44.395+0000] {logging_mixin.py:190} INFO - [2024-10-28T00:33:44.394+0000] {dagbag.py:588} INFO - Filling up the DagBag from /home/airflow/.local/lib/python3.12/site-packages/airflow/example_dags/example_python_decorator.py
[2024-10-28T00:33:44.408+0000] {processor.py:925} INFO - DAG(s) 'example_python_decorator' retrieved from /home/airflow/.local/lib/python3.12/site-packages/airflow/example_dags/example_python_decorator.py
[2024-10-28T00:33:44.432+0000] {logging_mixin.py:190} INFO - [2024-10-28T00:33:44.432+0000] {dag.py:3239} INFO - Sync 1 DAGs
[2024-10-28T00:33:44.447+0000] {logging_mixin.py:190} INFO - [2024-10-28T00:33:44.447+0000] {dag.py:4180} INFO - Setting next_dagrun for example_python_decorator to None, run_after=None
[2024-10-28T00:33:44.465+0000] {processor.py:208} INFO - Processing /home/airflow/.local/lib/python3.12/site-packages/airflow/example_dags/example_python_decorator.py took 0.079 seconds
