[2024-10-28T00:00:16.771+0000] {processor.py:186} INFO - Started process (PID=45196) to work on /home/airflow/.local/lib/python3.12/site-packages/airflow/example_dags/example_python_operator.py
[2024-10-28T00:00:16.773+0000] {processor.py:914} INFO - Processing file /home/airflow/.local/lib/python3.12/site-packages/airflow/example_dags/example_python_operator.py for tasks to queue
[2024-10-28T00:00:16.775+0000] {logging_mixin.py:190} INFO - [2024-10-28T00:00:16.775+0000] {dagbag.py:588} INFO - Filling up the DagBag from /home/airflow/.local/lib/python3.12/site-packages/airflow/example_dags/example_python_operator.py
[2024-10-28T00:00:16.790+0000] {processor.py:925} INFO - DAG(s) 'example_python_operator' retrieved from /home/airflow/.local/lib/python3.12/site-packages/airflow/example_dags/example_python_operator.py
[2024-10-28T00:00:16.819+0000] {logging_mixin.py:190} INFO - [2024-10-28T00:00:16.819+0000] {dag.py:3239} INFO - Sync 1 DAGs
[2024-10-28T00:00:16.838+0000] {logging_mixin.py:190} INFO - [2024-10-28T00:00:16.838+0000] {dag.py:4180} INFO - Setting next_dagrun for example_python_operator to None, run_after=None
[2024-10-28T00:00:16.864+0000] {processor.py:208} INFO - Processing /home/airflow/.local/lib/python3.12/site-packages/airflow/example_dags/example_python_operator.py took 0.100 seconds
[2024-10-28T00:00:47.251+0000] {processor.py:186} INFO - Started process (PID=45270) to work on /home/airflow/.local/lib/python3.12/site-packages/airflow/example_dags/example_python_operator.py
[2024-10-28T00:00:47.253+0000] {processor.py:914} INFO - Processing file /home/airflow/.local/lib/python3.12/site-packages/airflow/example_dags/example_python_operator.py for tasks to queue
[2024-10-28T00:00:47.256+0000] {logging_mixin.py:190} INFO - [2024-10-28T00:00:47.255+0000] {dagbag.py:588} INFO - Filling up the DagBag from /home/airflow/.local/lib/python3.12/site-packages/airflow/example_dags/example_python_operator.py
[2024-10-28T00:00:47.298+0000] {processor.py:925} INFO - DAG(s) 'example_python_operator' retrieved from /home/airflow/.local/lib/python3.12/site-packages/airflow/example_dags/example_python_operator.py
[2024-10-28T00:00:47.326+0000] {logging_mixin.py:190} INFO - [2024-10-28T00:00:47.326+0000] {dag.py:3239} INFO - Sync 1 DAGs
[2024-10-28T00:00:47.345+0000] {logging_mixin.py:190} INFO - [2024-10-28T00:00:47.345+0000] {dag.py:4180} INFO - Setting next_dagrun for example_python_operator to None, run_after=None
[2024-10-28T00:00:47.367+0000] {processor.py:208} INFO - Processing /home/airflow/.local/lib/python3.12/site-packages/airflow/example_dags/example_python_operator.py took 0.136 seconds
[2024-10-28T00:01:17.875+0000] {processor.py:186} INFO - Started process (PID=45344) to work on /home/airflow/.local/lib/python3.12/site-packages/airflow/example_dags/example_python_operator.py
[2024-10-28T00:01:17.876+0000] {processor.py:914} INFO - Processing file /home/airflow/.local/lib/python3.12/site-packages/airflow/example_dags/example_python_operator.py for tasks to queue
[2024-10-28T00:01:17.877+0000] {logging_mixin.py:190} INFO - [2024-10-28T00:01:17.877+0000] {dagbag.py:588} INFO - Filling up the DagBag from /home/airflow/.local/lib/python3.12/site-packages/airflow/example_dags/example_python_operator.py
[2024-10-28T00:01:17.892+0000] {processor.py:925} INFO - DAG(s) 'example_python_operator' retrieved from /home/airflow/.local/lib/python3.12/site-packages/airflow/example_dags/example_python_operator.py
[2024-10-28T00:01:17.919+0000] {logging_mixin.py:190} INFO - [2024-10-28T00:01:17.919+0000] {dag.py:3239} INFO - Sync 1 DAGs
[2024-10-28T00:01:17.937+0000] {logging_mixin.py:190} INFO - [2024-10-28T00:01:17.937+0000] {dag.py:4180} INFO - Setting next_dagrun for example_python_operator to None, run_after=None
[2024-10-28T00:01:17.959+0000] {processor.py:208} INFO - Processing /home/airflow/.local/lib/python3.12/site-packages/airflow/example_dags/example_python_operator.py took 0.090 seconds
[2024-10-28T00:01:48.933+0000] {processor.py:186} INFO - Started process (PID=45418) to work on /home/airflow/.local/lib/python3.12/site-packages/airflow/example_dags/example_python_operator.py
[2024-10-28T00:01:48.934+0000] {processor.py:914} INFO - Processing file /home/airflow/.local/lib/python3.12/site-packages/airflow/example_dags/example_python_operator.py for tasks to queue
[2024-10-28T00:01:48.935+0000] {logging_mixin.py:190} INFO - [2024-10-28T00:01:48.935+0000] {dagbag.py:588} INFO - Filling up the DagBag from /home/airflow/.local/lib/python3.12/site-packages/airflow/example_dags/example_python_operator.py
[2024-10-28T00:01:48.948+0000] {processor.py:925} INFO - DAG(s) 'example_python_operator' retrieved from /home/airflow/.local/lib/python3.12/site-packages/airflow/example_dags/example_python_operator.py
[2024-10-28T00:01:48.971+0000] {logging_mixin.py:190} INFO - [2024-10-28T00:01:48.971+0000] {dag.py:3239} INFO - Sync 1 DAGs
[2024-10-28T00:01:48.988+0000] {logging_mixin.py:190} INFO - [2024-10-28T00:01:48.988+0000] {dag.py:4180} INFO - Setting next_dagrun for example_python_operator to None, run_after=None
[2024-10-28T00:01:49.006+0000] {processor.py:208} INFO - Processing /home/airflow/.local/lib/python3.12/site-packages/airflow/example_dags/example_python_operator.py took 0.080 seconds
[2024-10-28T00:02:19.231+0000] {processor.py:186} INFO - Started process (PID=45492) to work on /home/airflow/.local/lib/python3.12/site-packages/airflow/example_dags/example_python_operator.py
[2024-10-28T00:02:19.233+0000] {processor.py:914} INFO - Processing file /home/airflow/.local/lib/python3.12/site-packages/airflow/example_dags/example_python_operator.py for tasks to queue
[2024-10-28T00:02:19.234+0000] {logging_mixin.py:190} INFO - [2024-10-28T00:02:19.234+0000] {dagbag.py:588} INFO - Filling up the DagBag from /home/airflow/.local/lib/python3.12/site-packages/airflow/example_dags/example_python_operator.py
[2024-10-28T00:02:19.250+0000] {processor.py:925} INFO - DAG(s) 'example_python_operator' retrieved from /home/airflow/.local/lib/python3.12/site-packages/airflow/example_dags/example_python_operator.py
[2024-10-28T00:02:19.275+0000] {logging_mixin.py:190} INFO - [2024-10-28T00:02:19.274+0000] {dag.py:3239} INFO - Sync 1 DAGs
[2024-10-28T00:02:19.291+0000] {logging_mixin.py:190} INFO - [2024-10-28T00:02:19.291+0000] {dag.py:4180} INFO - Setting next_dagrun for example_python_operator to None, run_after=None
[2024-10-28T00:02:19.313+0000] {processor.py:208} INFO - Processing /home/airflow/.local/lib/python3.12/site-packages/airflow/example_dags/example_python_operator.py took 0.090 seconds
[2024-10-28T00:02:49.380+0000] {processor.py:186} INFO - Started process (PID=45566) to work on /home/airflow/.local/lib/python3.12/site-packages/airflow/example_dags/example_python_operator.py
[2024-10-28T00:02:49.382+0000] {processor.py:914} INFO - Processing file /home/airflow/.local/lib/python3.12/site-packages/airflow/example_dags/example_python_operator.py for tasks to queue
[2024-10-28T00:02:49.384+0000] {logging_mixin.py:190} INFO - [2024-10-28T00:02:49.383+0000] {dagbag.py:588} INFO - Filling up the DagBag from /home/airflow/.local/lib/python3.12/site-packages/airflow/example_dags/example_python_operator.py
[2024-10-28T00:02:49.399+0000] {processor.py:925} INFO - DAG(s) 'example_python_operator' retrieved from /home/airflow/.local/lib/python3.12/site-packages/airflow/example_dags/example_python_operator.py
[2024-10-28T00:02:49.426+0000] {logging_mixin.py:190} INFO - [2024-10-28T00:02:49.426+0000] {dag.py:3239} INFO - Sync 1 DAGs
[2024-10-28T00:02:49.443+0000] {logging_mixin.py:190} INFO - [2024-10-28T00:02:49.443+0000] {dag.py:4180} INFO - Setting next_dagrun for example_python_operator to None, run_after=None
[2024-10-28T00:02:49.464+0000] {processor.py:208} INFO - Processing /home/airflow/.local/lib/python3.12/site-packages/airflow/example_dags/example_python_operator.py took 0.090 seconds
[2024-10-28T00:03:19.773+0000] {processor.py:186} INFO - Started process (PID=45640) to work on /home/airflow/.local/lib/python3.12/site-packages/airflow/example_dags/example_python_operator.py
[2024-10-28T00:03:19.774+0000] {processor.py:914} INFO - Processing file /home/airflow/.local/lib/python3.12/site-packages/airflow/example_dags/example_python_operator.py for tasks to queue
[2024-10-28T00:03:19.775+0000] {logging_mixin.py:190} INFO - [2024-10-28T00:03:19.775+0000] {dagbag.py:588} INFO - Filling up the DagBag from /home/airflow/.local/lib/python3.12/site-packages/airflow/example_dags/example_python_operator.py
[2024-10-28T00:03:19.787+0000] {processor.py:925} INFO - DAG(s) 'example_python_operator' retrieved from /home/airflow/.local/lib/python3.12/site-packages/airflow/example_dags/example_python_operator.py
[2024-10-28T00:03:19.810+0000] {logging_mixin.py:190} INFO - [2024-10-28T00:03:19.810+0000] {dag.py:3239} INFO - Sync 1 DAGs
[2024-10-28T00:03:19.825+0000] {logging_mixin.py:190} INFO - [2024-10-28T00:03:19.825+0000] {dag.py:4180} INFO - Setting next_dagrun for example_python_operator to None, run_after=None
[2024-10-28T00:03:19.844+0000] {processor.py:208} INFO - Processing /home/airflow/.local/lib/python3.12/site-packages/airflow/example_dags/example_python_operator.py took 0.077 seconds
[2024-10-28T00:03:49.941+0000] {processor.py:186} INFO - Started process (PID=45713) to work on /home/airflow/.local/lib/python3.12/site-packages/airflow/example_dags/example_python_operator.py
[2024-10-28T00:03:49.942+0000] {processor.py:914} INFO - Processing file /home/airflow/.local/lib/python3.12/site-packages/airflow/example_dags/example_python_operator.py for tasks to queue
[2024-10-28T00:03:49.943+0000] {logging_mixin.py:190} INFO - [2024-10-28T00:03:49.943+0000] {dagbag.py:588} INFO - Filling up the DagBag from /home/airflow/.local/lib/python3.12/site-packages/airflow/example_dags/example_python_operator.py
[2024-10-28T00:03:49.954+0000] {processor.py:925} INFO - DAG(s) 'example_python_operator' retrieved from /home/airflow/.local/lib/python3.12/site-packages/airflow/example_dags/example_python_operator.py
[2024-10-28T00:03:49.976+0000] {logging_mixin.py:190} INFO - [2024-10-28T00:03:49.975+0000] {dag.py:3239} INFO - Sync 1 DAGs
[2024-10-28T00:03:49.990+0000] {logging_mixin.py:190} INFO - [2024-10-28T00:03:49.990+0000] {dag.py:4180} INFO - Setting next_dagrun for example_python_operator to None, run_after=None
[2024-10-28T00:03:50.008+0000] {processor.py:208} INFO - Processing /home/airflow/.local/lib/python3.12/site-packages/airflow/example_dags/example_python_operator.py took 0.073 seconds
[2024-10-28T00:04:20.592+0000] {processor.py:186} INFO - Started process (PID=45787) to work on /home/airflow/.local/lib/python3.12/site-packages/airflow/example_dags/example_python_operator.py
[2024-10-28T00:04:20.593+0000] {processor.py:914} INFO - Processing file /home/airflow/.local/lib/python3.12/site-packages/airflow/example_dags/example_python_operator.py for tasks to queue
[2024-10-28T00:04:20.594+0000] {logging_mixin.py:190} INFO - [2024-10-28T00:04:20.594+0000] {dagbag.py:588} INFO - Filling up the DagBag from /home/airflow/.local/lib/python3.12/site-packages/airflow/example_dags/example_python_operator.py
[2024-10-28T00:04:20.607+0000] {processor.py:925} INFO - DAG(s) 'example_python_operator' retrieved from /home/airflow/.local/lib/python3.12/site-packages/airflow/example_dags/example_python_operator.py
[2024-10-28T00:04:20.629+0000] {logging_mixin.py:190} INFO - [2024-10-28T00:04:20.629+0000] {dag.py:3239} INFO - Sync 1 DAGs
[2024-10-28T00:04:20.644+0000] {logging_mixin.py:190} INFO - [2024-10-28T00:04:20.644+0000] {dag.py:4180} INFO - Setting next_dagrun for example_python_operator to None, run_after=None
[2024-10-28T00:04:20.663+0000] {processor.py:208} INFO - Processing /home/airflow/.local/lib/python3.12/site-packages/airflow/example_dags/example_python_operator.py took 0.078 seconds
[2024-10-28T00:04:51.018+0000] {processor.py:186} INFO - Started process (PID=45861) to work on /home/airflow/.local/lib/python3.12/site-packages/airflow/example_dags/example_python_operator.py
[2024-10-28T00:04:51.020+0000] {processor.py:914} INFO - Processing file /home/airflow/.local/lib/python3.12/site-packages/airflow/example_dags/example_python_operator.py for tasks to queue
[2024-10-28T00:04:51.022+0000] {logging_mixin.py:190} INFO - [2024-10-28T00:04:51.022+0000] {dagbag.py:588} INFO - Filling up the DagBag from /home/airflow/.local/lib/python3.12/site-packages/airflow/example_dags/example_python_operator.py
[2024-10-28T00:04:51.037+0000] {processor.py:925} INFO - DAG(s) 'example_python_operator' retrieved from /home/airflow/.local/lib/python3.12/site-packages/airflow/example_dags/example_python_operator.py
[2024-10-28T00:04:51.065+0000] {logging_mixin.py:190} INFO - [2024-10-28T00:04:51.065+0000] {dag.py:3239} INFO - Sync 1 DAGs
[2024-10-28T00:04:51.085+0000] {logging_mixin.py:190} INFO - [2024-10-28T00:04:51.085+0000] {dag.py:4180} INFO - Setting next_dagrun for example_python_operator to None, run_after=None
[2024-10-28T00:04:51.110+0000] {processor.py:208} INFO - Processing /home/airflow/.local/lib/python3.12/site-packages/airflow/example_dags/example_python_operator.py took 0.099 seconds
[2024-10-28T00:05:21.828+0000] {processor.py:186} INFO - Started process (PID=45935) to work on /home/airflow/.local/lib/python3.12/site-packages/airflow/example_dags/example_python_operator.py
[2024-10-28T00:05:21.830+0000] {processor.py:914} INFO - Processing file /home/airflow/.local/lib/python3.12/site-packages/airflow/example_dags/example_python_operator.py for tasks to queue
[2024-10-28T00:05:21.832+0000] {logging_mixin.py:190} INFO - [2024-10-28T00:05:21.832+0000] {dagbag.py:588} INFO - Filling up the DagBag from /home/airflow/.local/lib/python3.12/site-packages/airflow/example_dags/example_python_operator.py
[2024-10-28T00:05:21.850+0000] {processor.py:925} INFO - DAG(s) 'example_python_operator' retrieved from /home/airflow/.local/lib/python3.12/site-packages/airflow/example_dags/example_python_operator.py
[2024-10-28T00:05:21.890+0000] {logging_mixin.py:190} INFO - [2024-10-28T00:05:21.889+0000] {dag.py:3239} INFO - Sync 1 DAGs
[2024-10-28T00:05:21.920+0000] {logging_mixin.py:190} INFO - [2024-10-28T00:05:21.920+0000] {dag.py:4180} INFO - Setting next_dagrun for example_python_operator to None, run_after=None
[2024-10-28T00:05:21.953+0000] {processor.py:208} INFO - Processing /home/airflow/.local/lib/python3.12/site-packages/airflow/example_dags/example_python_operator.py took 0.130 seconds
[2024-10-28T00:05:52.308+0000] {processor.py:186} INFO - Started process (PID=46009) to work on /home/airflow/.local/lib/python3.12/site-packages/airflow/example_dags/example_python_operator.py
[2024-10-28T00:05:52.310+0000] {processor.py:914} INFO - Processing file /home/airflow/.local/lib/python3.12/site-packages/airflow/example_dags/example_python_operator.py for tasks to queue
[2024-10-28T00:05:52.313+0000] {logging_mixin.py:190} INFO - [2024-10-28T00:05:52.312+0000] {dagbag.py:588} INFO - Filling up the DagBag from /home/airflow/.local/lib/python3.12/site-packages/airflow/example_dags/example_python_operator.py
[2024-10-28T00:05:52.331+0000] {processor.py:925} INFO - DAG(s) 'example_python_operator' retrieved from /home/airflow/.local/lib/python3.12/site-packages/airflow/example_dags/example_python_operator.py
[2024-10-28T00:05:52.363+0000] {logging_mixin.py:190} INFO - [2024-10-28T00:05:52.363+0000] {dag.py:3239} INFO - Sync 1 DAGs
[2024-10-28T00:05:52.381+0000] {logging_mixin.py:190} INFO - [2024-10-28T00:05:52.381+0000] {dag.py:4180} INFO - Setting next_dagrun for example_python_operator to None, run_after=None
[2024-10-28T00:05:52.402+0000] {processor.py:208} INFO - Processing /home/airflow/.local/lib/python3.12/site-packages/airflow/example_dags/example_python_operator.py took 0.100 seconds
[2024-10-28T00:06:22.719+0000] {processor.py:186} INFO - Started process (PID=46083) to work on /home/airflow/.local/lib/python3.12/site-packages/airflow/example_dags/example_python_operator.py
[2024-10-28T00:06:22.720+0000] {processor.py:914} INFO - Processing file /home/airflow/.local/lib/python3.12/site-packages/airflow/example_dags/example_python_operator.py for tasks to queue
[2024-10-28T00:06:22.722+0000] {logging_mixin.py:190} INFO - [2024-10-28T00:06:22.721+0000] {dagbag.py:588} INFO - Filling up the DagBag from /home/airflow/.local/lib/python3.12/site-packages/airflow/example_dags/example_python_operator.py
[2024-10-28T00:06:22.736+0000] {processor.py:925} INFO - DAG(s) 'example_python_operator' retrieved from /home/airflow/.local/lib/python3.12/site-packages/airflow/example_dags/example_python_operator.py
[2024-10-28T00:06:22.762+0000] {logging_mixin.py:190} INFO - [2024-10-28T00:06:22.762+0000] {dag.py:3239} INFO - Sync 1 DAGs
[2024-10-28T00:06:22.780+0000] {logging_mixin.py:190} INFO - [2024-10-28T00:06:22.780+0000] {dag.py:4180} INFO - Setting next_dagrun for example_python_operator to None, run_after=None
[2024-10-28T00:06:22.801+0000] {processor.py:208} INFO - Processing /home/airflow/.local/lib/python3.12/site-packages/airflow/example_dags/example_python_operator.py took 0.088 seconds
[2024-10-28T00:06:53.904+0000] {processor.py:186} INFO - Started process (PID=46158) to work on /home/airflow/.local/lib/python3.12/site-packages/airflow/example_dags/example_python_operator.py
[2024-10-28T00:06:53.905+0000] {processor.py:914} INFO - Processing file /home/airflow/.local/lib/python3.12/site-packages/airflow/example_dags/example_python_operator.py for tasks to queue
[2024-10-28T00:06:53.907+0000] {logging_mixin.py:190} INFO - [2024-10-28T00:06:53.906+0000] {dagbag.py:588} INFO - Filling up the DagBag from /home/airflow/.local/lib/python3.12/site-packages/airflow/example_dags/example_python_operator.py
[2024-10-28T00:06:53.918+0000] {processor.py:925} INFO - DAG(s) 'example_python_operator' retrieved from /home/airflow/.local/lib/python3.12/site-packages/airflow/example_dags/example_python_operator.py
[2024-10-28T00:06:53.939+0000] {logging_mixin.py:190} INFO - [2024-10-28T00:06:53.939+0000] {dag.py:3239} INFO - Sync 1 DAGs
[2024-10-28T00:06:53.953+0000] {logging_mixin.py:190} INFO - [2024-10-28T00:06:53.953+0000] {dag.py:4180} INFO - Setting next_dagrun for example_python_operator to None, run_after=None
[2024-10-28T00:06:53.971+0000] {processor.py:208} INFO - Processing /home/airflow/.local/lib/python3.12/site-packages/airflow/example_dags/example_python_operator.py took 0.072 seconds
[2024-10-28T00:07:24.455+0000] {processor.py:186} INFO - Started process (PID=46232) to work on /home/airflow/.local/lib/python3.12/site-packages/airflow/example_dags/example_python_operator.py
[2024-10-28T00:07:24.456+0000] {processor.py:914} INFO - Processing file /home/airflow/.local/lib/python3.12/site-packages/airflow/example_dags/example_python_operator.py for tasks to queue
[2024-10-28T00:07:24.457+0000] {logging_mixin.py:190} INFO - [2024-10-28T00:07:24.457+0000] {dagbag.py:588} INFO - Filling up the DagBag from /home/airflow/.local/lib/python3.12/site-packages/airflow/example_dags/example_python_operator.py
[2024-10-28T00:07:24.469+0000] {processor.py:925} INFO - DAG(s) 'example_python_operator' retrieved from /home/airflow/.local/lib/python3.12/site-packages/airflow/example_dags/example_python_operator.py
[2024-10-28T00:07:24.491+0000] {logging_mixin.py:190} INFO - [2024-10-28T00:07:24.491+0000] {dag.py:3239} INFO - Sync 1 DAGs
[2024-10-28T00:07:24.505+0000] {logging_mixin.py:190} INFO - [2024-10-28T00:07:24.505+0000] {dag.py:4180} INFO - Setting next_dagrun for example_python_operator to None, run_after=None
[2024-10-28T00:07:24.525+0000] {processor.py:208} INFO - Processing /home/airflow/.local/lib/python3.12/site-packages/airflow/example_dags/example_python_operator.py took 0.075 seconds
[2024-10-28T00:07:55.241+0000] {processor.py:186} INFO - Started process (PID=46307) to work on /home/airflow/.local/lib/python3.12/site-packages/airflow/example_dags/example_python_operator.py
[2024-10-28T00:07:55.242+0000] {processor.py:914} INFO - Processing file /home/airflow/.local/lib/python3.12/site-packages/airflow/example_dags/example_python_operator.py for tasks to queue
[2024-10-28T00:07:55.243+0000] {logging_mixin.py:190} INFO - [2024-10-28T00:07:55.243+0000] {dagbag.py:588} INFO - Filling up the DagBag from /home/airflow/.local/lib/python3.12/site-packages/airflow/example_dags/example_python_operator.py
[2024-10-28T00:07:55.254+0000] {processor.py:925} INFO - DAG(s) 'example_python_operator' retrieved from /home/airflow/.local/lib/python3.12/site-packages/airflow/example_dags/example_python_operator.py
[2024-10-28T00:07:55.277+0000] {logging_mixin.py:190} INFO - [2024-10-28T00:07:55.277+0000] {dag.py:3239} INFO - Sync 1 DAGs
[2024-10-28T00:07:55.291+0000] {logging_mixin.py:190} INFO - [2024-10-28T00:07:55.291+0000] {dag.py:4180} INFO - Setting next_dagrun for example_python_operator to None, run_after=None
[2024-10-28T00:07:55.310+0000] {processor.py:208} INFO - Processing /home/airflow/.local/lib/python3.12/site-packages/airflow/example_dags/example_python_operator.py took 0.074 seconds
[2024-10-28T00:08:25.754+0000] {processor.py:186} INFO - Started process (PID=46381) to work on /home/airflow/.local/lib/python3.12/site-packages/airflow/example_dags/example_python_operator.py
[2024-10-28T00:08:25.755+0000] {processor.py:914} INFO - Processing file /home/airflow/.local/lib/python3.12/site-packages/airflow/example_dags/example_python_operator.py for tasks to queue
[2024-10-28T00:08:25.757+0000] {logging_mixin.py:190} INFO - [2024-10-28T00:08:25.756+0000] {dagbag.py:588} INFO - Filling up the DagBag from /home/airflow/.local/lib/python3.12/site-packages/airflow/example_dags/example_python_operator.py
[2024-10-28T00:08:25.768+0000] {processor.py:925} INFO - DAG(s) 'example_python_operator' retrieved from /home/airflow/.local/lib/python3.12/site-packages/airflow/example_dags/example_python_operator.py
[2024-10-28T00:08:25.791+0000] {logging_mixin.py:190} INFO - [2024-10-28T00:08:25.791+0000] {dag.py:3239} INFO - Sync 1 DAGs
[2024-10-28T00:08:25.806+0000] {logging_mixin.py:190} INFO - [2024-10-28T00:08:25.806+0000] {dag.py:4180} INFO - Setting next_dagrun for example_python_operator to None, run_after=None
[2024-10-28T00:08:25.826+0000] {processor.py:208} INFO - Processing /home/airflow/.local/lib/python3.12/site-packages/airflow/example_dags/example_python_operator.py took 0.078 seconds
[2024-10-28T00:08:56.613+0000] {processor.py:186} INFO - Started process (PID=46455) to work on /home/airflow/.local/lib/python3.12/site-packages/airflow/example_dags/example_python_operator.py
[2024-10-28T00:08:56.614+0000] {processor.py:914} INFO - Processing file /home/airflow/.local/lib/python3.12/site-packages/airflow/example_dags/example_python_operator.py for tasks to queue
[2024-10-28T00:08:56.615+0000] {logging_mixin.py:190} INFO - [2024-10-28T00:08:56.615+0000] {dagbag.py:588} INFO - Filling up the DagBag from /home/airflow/.local/lib/python3.12/site-packages/airflow/example_dags/example_python_operator.py
[2024-10-28T00:08:56.629+0000] {processor.py:925} INFO - DAG(s) 'example_python_operator' retrieved from /home/airflow/.local/lib/python3.12/site-packages/airflow/example_dags/example_python_operator.py
[2024-10-28T00:08:56.658+0000] {logging_mixin.py:190} INFO - [2024-10-28T00:08:56.657+0000] {dag.py:3239} INFO - Sync 1 DAGs
[2024-10-28T00:08:56.675+0000] {logging_mixin.py:190} INFO - [2024-10-28T00:08:56.675+0000] {dag.py:4180} INFO - Setting next_dagrun for example_python_operator to None, run_after=None
[2024-10-28T00:08:56.697+0000] {processor.py:208} INFO - Processing /home/airflow/.local/lib/python3.12/site-packages/airflow/example_dags/example_python_operator.py took 0.090 seconds
[2024-10-28T00:09:27.014+0000] {processor.py:186} INFO - Started process (PID=46529) to work on /home/airflow/.local/lib/python3.12/site-packages/airflow/example_dags/example_python_operator.py
[2024-10-28T00:09:27.015+0000] {processor.py:914} INFO - Processing file /home/airflow/.local/lib/python3.12/site-packages/airflow/example_dags/example_python_operator.py for tasks to queue
[2024-10-28T00:09:27.017+0000] {logging_mixin.py:190} INFO - [2024-10-28T00:09:27.017+0000] {dagbag.py:588} INFO - Filling up the DagBag from /home/airflow/.local/lib/python3.12/site-packages/airflow/example_dags/example_python_operator.py
[2024-10-28T00:09:27.028+0000] {processor.py:925} INFO - DAG(s) 'example_python_operator' retrieved from /home/airflow/.local/lib/python3.12/site-packages/airflow/example_dags/example_python_operator.py
[2024-10-28T00:09:27.050+0000] {logging_mixin.py:190} INFO - [2024-10-28T00:09:27.050+0000] {dag.py:3239} INFO - Sync 1 DAGs
[2024-10-28T00:09:27.064+0000] {logging_mixin.py:190} INFO - [2024-10-28T00:09:27.064+0000] {dag.py:4180} INFO - Setting next_dagrun for example_python_operator to None, run_after=None
[2024-10-28T00:09:27.083+0000] {processor.py:208} INFO - Processing /home/airflow/.local/lib/python3.12/site-packages/airflow/example_dags/example_python_operator.py took 0.074 seconds
[2024-10-28T00:09:57.357+0000] {processor.py:186} INFO - Started process (PID=46603) to work on /home/airflow/.local/lib/python3.12/site-packages/airflow/example_dags/example_python_operator.py
[2024-10-28T00:09:57.358+0000] {processor.py:914} INFO - Processing file /home/airflow/.local/lib/python3.12/site-packages/airflow/example_dags/example_python_operator.py for tasks to queue
[2024-10-28T00:09:57.359+0000] {logging_mixin.py:190} INFO - [2024-10-28T00:09:57.359+0000] {dagbag.py:588} INFO - Filling up the DagBag from /home/airflow/.local/lib/python3.12/site-packages/airflow/example_dags/example_python_operator.py
[2024-10-28T00:09:57.374+0000] {processor.py:925} INFO - DAG(s) 'example_python_operator' retrieved from /home/airflow/.local/lib/python3.12/site-packages/airflow/example_dags/example_python_operator.py
[2024-10-28T00:09:57.401+0000] {logging_mixin.py:190} INFO - [2024-10-28T00:09:57.400+0000] {dag.py:3239} INFO - Sync 1 DAGs
[2024-10-28T00:09:57.418+0000] {logging_mixin.py:190} INFO - [2024-10-28T00:09:57.418+0000] {dag.py:4180} INFO - Setting next_dagrun for example_python_operator to None, run_after=None
[2024-10-28T00:09:57.441+0000] {processor.py:208} INFO - Processing /home/airflow/.local/lib/python3.12/site-packages/airflow/example_dags/example_python_operator.py took 0.090 seconds
[2024-10-28T00:10:27.514+0000] {processor.py:186} INFO - Started process (PID=46677) to work on /home/airflow/.local/lib/python3.12/site-packages/airflow/example_dags/example_python_operator.py
[2024-10-28T00:10:27.515+0000] {processor.py:914} INFO - Processing file /home/airflow/.local/lib/python3.12/site-packages/airflow/example_dags/example_python_operator.py for tasks to queue
[2024-10-28T00:10:27.517+0000] {logging_mixin.py:190} INFO - [2024-10-28T00:10:27.517+0000] {dagbag.py:588} INFO - Filling up the DagBag from /home/airflow/.local/lib/python3.12/site-packages/airflow/example_dags/example_python_operator.py
[2024-10-28T00:10:27.529+0000] {processor.py:925} INFO - DAG(s) 'example_python_operator' retrieved from /home/airflow/.local/lib/python3.12/site-packages/airflow/example_dags/example_python_operator.py
[2024-10-28T00:10:27.552+0000] {logging_mixin.py:190} INFO - [2024-10-28T00:10:27.552+0000] {dag.py:3239} INFO - Sync 1 DAGs
[2024-10-28T00:10:27.569+0000] {logging_mixin.py:190} INFO - [2024-10-28T00:10:27.569+0000] {dag.py:4180} INFO - Setting next_dagrun for example_python_operator to None, run_after=None
[2024-10-28T00:10:27.589+0000] {processor.py:208} INFO - Processing /home/airflow/.local/lib/python3.12/site-packages/airflow/example_dags/example_python_operator.py took 0.081 seconds
[2024-10-28T00:10:57.629+0000] {processor.py:186} INFO - Started process (PID=46750) to work on /home/airflow/.local/lib/python3.12/site-packages/airflow/example_dags/example_python_operator.py
[2024-10-28T00:10:57.631+0000] {processor.py:914} INFO - Processing file /home/airflow/.local/lib/python3.12/site-packages/airflow/example_dags/example_python_operator.py for tasks to queue
[2024-10-28T00:10:57.632+0000] {logging_mixin.py:190} INFO - [2024-10-28T00:10:57.632+0000] {dagbag.py:588} INFO - Filling up the DagBag from /home/airflow/.local/lib/python3.12/site-packages/airflow/example_dags/example_python_operator.py
[2024-10-28T00:10:57.646+0000] {processor.py:925} INFO - DAG(s) 'example_python_operator' retrieved from /home/airflow/.local/lib/python3.12/site-packages/airflow/example_dags/example_python_operator.py
[2024-10-28T00:10:57.671+0000] {logging_mixin.py:190} INFO - [2024-10-28T00:10:57.670+0000] {dag.py:3239} INFO - Sync 1 DAGs
[2024-10-28T00:10:57.686+0000] {logging_mixin.py:190} INFO - [2024-10-28T00:10:57.686+0000] {dag.py:4180} INFO - Setting next_dagrun for example_python_operator to None, run_after=None
[2024-10-28T00:10:57.704+0000] {processor.py:208} INFO - Processing /home/airflow/.local/lib/python3.12/site-packages/airflow/example_dags/example_python_operator.py took 0.081 seconds
[2024-10-28T00:11:27.767+0000] {processor.py:186} INFO - Started process (PID=46824) to work on /home/airflow/.local/lib/python3.12/site-packages/airflow/example_dags/example_python_operator.py
[2024-10-28T00:11:27.768+0000] {processor.py:914} INFO - Processing file /home/airflow/.local/lib/python3.12/site-packages/airflow/example_dags/example_python_operator.py for tasks to queue
[2024-10-28T00:11:27.769+0000] {logging_mixin.py:190} INFO - [2024-10-28T00:11:27.769+0000] {dagbag.py:588} INFO - Filling up the DagBag from /home/airflow/.local/lib/python3.12/site-packages/airflow/example_dags/example_python_operator.py
[2024-10-28T00:11:27.780+0000] {processor.py:925} INFO - DAG(s) 'example_python_operator' retrieved from /home/airflow/.local/lib/python3.12/site-packages/airflow/example_dags/example_python_operator.py
[2024-10-28T00:11:27.802+0000] {logging_mixin.py:190} INFO - [2024-10-28T00:11:27.801+0000] {dag.py:3239} INFO - Sync 1 DAGs
[2024-10-28T00:11:27.816+0000] {logging_mixin.py:190} INFO - [2024-10-28T00:11:27.815+0000] {dag.py:4180} INFO - Setting next_dagrun for example_python_operator to None, run_after=None
[2024-10-28T00:11:27.834+0000] {processor.py:208} INFO - Processing /home/airflow/.local/lib/python3.12/site-packages/airflow/example_dags/example_python_operator.py took 0.073 seconds
[2024-10-28T00:11:58.536+0000] {processor.py:186} INFO - Started process (PID=46898) to work on /home/airflow/.local/lib/python3.12/site-packages/airflow/example_dags/example_python_operator.py
[2024-10-28T00:11:58.537+0000] {processor.py:914} INFO - Processing file /home/airflow/.local/lib/python3.12/site-packages/airflow/example_dags/example_python_operator.py for tasks to queue
[2024-10-28T00:11:58.538+0000] {logging_mixin.py:190} INFO - [2024-10-28T00:11:58.538+0000] {dagbag.py:588} INFO - Filling up the DagBag from /home/airflow/.local/lib/python3.12/site-packages/airflow/example_dags/example_python_operator.py
[2024-10-28T00:11:58.550+0000] {processor.py:925} INFO - DAG(s) 'example_python_operator' retrieved from /home/airflow/.local/lib/python3.12/site-packages/airflow/example_dags/example_python_operator.py
[2024-10-28T00:11:58.572+0000] {logging_mixin.py:190} INFO - [2024-10-28T00:11:58.571+0000] {dag.py:3239} INFO - Sync 1 DAGs
[2024-10-28T00:11:58.586+0000] {logging_mixin.py:190} INFO - [2024-10-28T00:11:58.586+0000] {dag.py:4180} INFO - Setting next_dagrun for example_python_operator to None, run_after=None
[2024-10-28T00:11:58.602+0000] {processor.py:208} INFO - Processing /home/airflow/.local/lib/python3.12/site-packages/airflow/example_dags/example_python_operator.py took 0.071 seconds
[2024-10-28T00:12:28.739+0000] {processor.py:186} INFO - Started process (PID=46972) to work on /home/airflow/.local/lib/python3.12/site-packages/airflow/example_dags/example_python_operator.py
[2024-10-28T00:12:28.740+0000] {processor.py:914} INFO - Processing file /home/airflow/.local/lib/python3.12/site-packages/airflow/example_dags/example_python_operator.py for tasks to queue
[2024-10-28T00:12:28.742+0000] {logging_mixin.py:190} INFO - [2024-10-28T00:12:28.741+0000] {dagbag.py:588} INFO - Filling up the DagBag from /home/airflow/.local/lib/python3.12/site-packages/airflow/example_dags/example_python_operator.py
[2024-10-28T00:12:28.752+0000] {processor.py:925} INFO - DAG(s) 'example_python_operator' retrieved from /home/airflow/.local/lib/python3.12/site-packages/airflow/example_dags/example_python_operator.py
[2024-10-28T00:12:28.773+0000] {logging_mixin.py:190} INFO - [2024-10-28T00:12:28.772+0000] {dag.py:3239} INFO - Sync 1 DAGs
[2024-10-28T00:12:28.789+0000] {logging_mixin.py:190} INFO - [2024-10-28T00:12:28.789+0000] {dag.py:4180} INFO - Setting next_dagrun for example_python_operator to None, run_after=None
[2024-10-28T00:12:28.812+0000] {processor.py:208} INFO - Processing /home/airflow/.local/lib/python3.12/site-packages/airflow/example_dags/example_python_operator.py took 0.078 seconds
[2024-10-28T00:12:59.297+0000] {processor.py:186} INFO - Started process (PID=47046) to work on /home/airflow/.local/lib/python3.12/site-packages/airflow/example_dags/example_python_operator.py
[2024-10-28T00:12:59.298+0000] {processor.py:914} INFO - Processing file /home/airflow/.local/lib/python3.12/site-packages/airflow/example_dags/example_python_operator.py for tasks to queue
[2024-10-28T00:12:59.299+0000] {logging_mixin.py:190} INFO - [2024-10-28T00:12:59.299+0000] {dagbag.py:588} INFO - Filling up the DagBag from /home/airflow/.local/lib/python3.12/site-packages/airflow/example_dags/example_python_operator.py
[2024-10-28T00:12:59.310+0000] {processor.py:925} INFO - DAG(s) 'example_python_operator' retrieved from /home/airflow/.local/lib/python3.12/site-packages/airflow/example_dags/example_python_operator.py
[2024-10-28T00:12:59.332+0000] {logging_mixin.py:190} INFO - [2024-10-28T00:12:59.332+0000] {dag.py:3239} INFO - Sync 1 DAGs
[2024-10-28T00:12:59.346+0000] {logging_mixin.py:190} INFO - [2024-10-28T00:12:59.346+0000] {dag.py:4180} INFO - Setting next_dagrun for example_python_operator to None, run_after=None
[2024-10-28T00:12:59.363+0000] {processor.py:208} INFO - Processing /home/airflow/.local/lib/python3.12/site-packages/airflow/example_dags/example_python_operator.py took 0.072 seconds
[2024-10-28T00:13:29.641+0000] {processor.py:186} INFO - Started process (PID=47120) to work on /home/airflow/.local/lib/python3.12/site-packages/airflow/example_dags/example_python_operator.py
[2024-10-28T00:13:29.642+0000] {processor.py:914} INFO - Processing file /home/airflow/.local/lib/python3.12/site-packages/airflow/example_dags/example_python_operator.py for tasks to queue
[2024-10-28T00:13:29.643+0000] {logging_mixin.py:190} INFO - [2024-10-28T00:13:29.643+0000] {dagbag.py:588} INFO - Filling up the DagBag from /home/airflow/.local/lib/python3.12/site-packages/airflow/example_dags/example_python_operator.py
[2024-10-28T00:13:29.654+0000] {processor.py:925} INFO - DAG(s) 'example_python_operator' retrieved from /home/airflow/.local/lib/python3.12/site-packages/airflow/example_dags/example_python_operator.py
[2024-10-28T00:13:29.674+0000] {logging_mixin.py:190} INFO - [2024-10-28T00:13:29.673+0000] {dag.py:3239} INFO - Sync 1 DAGs
[2024-10-28T00:13:29.689+0000] {logging_mixin.py:190} INFO - [2024-10-28T00:13:29.689+0000] {dag.py:4180} INFO - Setting next_dagrun for example_python_operator to None, run_after=None
[2024-10-28T00:13:29.705+0000] {processor.py:208} INFO - Processing /home/airflow/.local/lib/python3.12/site-packages/airflow/example_dags/example_python_operator.py took 0.070 seconds
[2024-10-28T00:14:00.166+0000] {processor.py:186} INFO - Started process (PID=47194) to work on /home/airflow/.local/lib/python3.12/site-packages/airflow/example_dags/example_python_operator.py
[2024-10-28T00:14:00.167+0000] {processor.py:914} INFO - Processing file /home/airflow/.local/lib/python3.12/site-packages/airflow/example_dags/example_python_operator.py for tasks to queue
[2024-10-28T00:14:00.168+0000] {logging_mixin.py:190} INFO - [2024-10-28T00:14:00.168+0000] {dagbag.py:588} INFO - Filling up the DagBag from /home/airflow/.local/lib/python3.12/site-packages/airflow/example_dags/example_python_operator.py
[2024-10-28T00:14:00.179+0000] {processor.py:925} INFO - DAG(s) 'example_python_operator' retrieved from /home/airflow/.local/lib/python3.12/site-packages/airflow/example_dags/example_python_operator.py
[2024-10-28T00:14:00.199+0000] {logging_mixin.py:190} INFO - [2024-10-28T00:14:00.199+0000] {dag.py:3239} INFO - Sync 1 DAGs
[2024-10-28T00:14:00.213+0000] {logging_mixin.py:190} INFO - [2024-10-28T00:14:00.213+0000] {dag.py:4180} INFO - Setting next_dagrun for example_python_operator to None, run_after=None
[2024-10-28T00:14:00.230+0000] {processor.py:208} INFO - Processing /home/airflow/.local/lib/python3.12/site-packages/airflow/example_dags/example_python_operator.py took 0.070 seconds
[2024-10-28T00:14:30.445+0000] {processor.py:186} INFO - Started process (PID=47268) to work on /home/airflow/.local/lib/python3.12/site-packages/airflow/example_dags/example_python_operator.py
[2024-10-28T00:14:30.446+0000] {processor.py:914} INFO - Processing file /home/airflow/.local/lib/python3.12/site-packages/airflow/example_dags/example_python_operator.py for tasks to queue
[2024-10-28T00:14:30.448+0000] {logging_mixin.py:190} INFO - [2024-10-28T00:14:30.447+0000] {dagbag.py:588} INFO - Filling up the DagBag from /home/airflow/.local/lib/python3.12/site-packages/airflow/example_dags/example_python_operator.py
[2024-10-28T00:14:30.460+0000] {processor.py:925} INFO - DAG(s) 'example_python_operator' retrieved from /home/airflow/.local/lib/python3.12/site-packages/airflow/example_dags/example_python_operator.py
[2024-10-28T00:14:30.482+0000] {logging_mixin.py:190} INFO - [2024-10-28T00:14:30.482+0000] {dag.py:3239} INFO - Sync 1 DAGs
[2024-10-28T00:14:30.497+0000] {logging_mixin.py:190} INFO - [2024-10-28T00:14:30.497+0000] {dag.py:4180} INFO - Setting next_dagrun for example_python_operator to None, run_after=None
[2024-10-28T00:14:30.515+0000] {processor.py:208} INFO - Processing /home/airflow/.local/lib/python3.12/site-packages/airflow/example_dags/example_python_operator.py took 0.076 seconds
[2024-10-28T00:15:00.572+0000] {processor.py:186} INFO - Started process (PID=47342) to work on /home/airflow/.local/lib/python3.12/site-packages/airflow/example_dags/example_python_operator.py
[2024-10-28T00:15:00.573+0000] {processor.py:914} INFO - Processing file /home/airflow/.local/lib/python3.12/site-packages/airflow/example_dags/example_python_operator.py for tasks to queue
[2024-10-28T00:15:00.575+0000] {logging_mixin.py:190} INFO - [2024-10-28T00:15:00.574+0000] {dagbag.py:588} INFO - Filling up the DagBag from /home/airflow/.local/lib/python3.12/site-packages/airflow/example_dags/example_python_operator.py
[2024-10-28T00:15:00.586+0000] {processor.py:925} INFO - DAG(s) 'example_python_operator' retrieved from /home/airflow/.local/lib/python3.12/site-packages/airflow/example_dags/example_python_operator.py
[2024-10-28T00:15:00.607+0000] {logging_mixin.py:190} INFO - [2024-10-28T00:15:00.607+0000] {dag.py:3239} INFO - Sync 1 DAGs
[2024-10-28T00:15:00.621+0000] {logging_mixin.py:190} INFO - [2024-10-28T00:15:00.621+0000] {dag.py:4180} INFO - Setting next_dagrun for example_python_operator to None, run_after=None
[2024-10-28T00:15:00.637+0000] {processor.py:208} INFO - Processing /home/airflow/.local/lib/python3.12/site-packages/airflow/example_dags/example_python_operator.py took 0.071 seconds
[2024-10-28T00:15:31.351+0000] {processor.py:186} INFO - Started process (PID=47416) to work on /home/airflow/.local/lib/python3.12/site-packages/airflow/example_dags/example_python_operator.py
[2024-10-28T00:15:31.352+0000] {processor.py:914} INFO - Processing file /home/airflow/.local/lib/python3.12/site-packages/airflow/example_dags/example_python_operator.py for tasks to queue
[2024-10-28T00:15:31.353+0000] {logging_mixin.py:190} INFO - [2024-10-28T00:15:31.353+0000] {dagbag.py:588} INFO - Filling up the DagBag from /home/airflow/.local/lib/python3.12/site-packages/airflow/example_dags/example_python_operator.py
[2024-10-28T00:15:31.364+0000] {processor.py:925} INFO - DAG(s) 'example_python_operator' retrieved from /home/airflow/.local/lib/python3.12/site-packages/airflow/example_dags/example_python_operator.py
[2024-10-28T00:15:31.386+0000] {logging_mixin.py:190} INFO - [2024-10-28T00:15:31.386+0000] {dag.py:3239} INFO - Sync 1 DAGs
[2024-10-28T00:15:31.400+0000] {logging_mixin.py:190} INFO - [2024-10-28T00:15:31.400+0000] {dag.py:4180} INFO - Setting next_dagrun for example_python_operator to None, run_after=None
[2024-10-28T00:15:31.419+0000] {processor.py:208} INFO - Processing /home/airflow/.local/lib/python3.12/site-packages/airflow/example_dags/example_python_operator.py took 0.074 seconds
[2024-10-28T00:16:02.124+0000] {processor.py:186} INFO - Started process (PID=47490) to work on /home/airflow/.local/lib/python3.12/site-packages/airflow/example_dags/example_python_operator.py
[2024-10-28T00:16:02.125+0000] {processor.py:914} INFO - Processing file /home/airflow/.local/lib/python3.12/site-packages/airflow/example_dags/example_python_operator.py for tasks to queue
[2024-10-28T00:16:02.126+0000] {logging_mixin.py:190} INFO - [2024-10-28T00:16:02.126+0000] {dagbag.py:588} INFO - Filling up the DagBag from /home/airflow/.local/lib/python3.12/site-packages/airflow/example_dags/example_python_operator.py
[2024-10-28T00:16:02.138+0000] {processor.py:925} INFO - DAG(s) 'example_python_operator' retrieved from /home/airflow/.local/lib/python3.12/site-packages/airflow/example_dags/example_python_operator.py
[2024-10-28T00:16:02.160+0000] {logging_mixin.py:190} INFO - [2024-10-28T00:16:02.160+0000] {dag.py:3239} INFO - Sync 1 DAGs
[2024-10-28T00:16:02.174+0000] {logging_mixin.py:190} INFO - [2024-10-28T00:16:02.173+0000] {dag.py:4180} INFO - Setting next_dagrun for example_python_operator to None, run_after=None
[2024-10-28T00:16:02.191+0000] {processor.py:208} INFO - Processing /home/airflow/.local/lib/python3.12/site-packages/airflow/example_dags/example_python_operator.py took 0.073 seconds
[2024-10-28T00:16:32.297+0000] {processor.py:186} INFO - Started process (PID=47552) to work on /home/airflow/.local/lib/python3.12/site-packages/airflow/example_dags/example_python_operator.py
[2024-10-28T00:16:32.298+0000] {processor.py:914} INFO - Processing file /home/airflow/.local/lib/python3.12/site-packages/airflow/example_dags/example_python_operator.py for tasks to queue
[2024-10-28T00:16:32.300+0000] {logging_mixin.py:190} INFO - [2024-10-28T00:16:32.299+0000] {dagbag.py:588} INFO - Filling up the DagBag from /home/airflow/.local/lib/python3.12/site-packages/airflow/example_dags/example_python_operator.py
[2024-10-28T00:16:32.311+0000] {processor.py:925} INFO - DAG(s) 'example_python_operator' retrieved from /home/airflow/.local/lib/python3.12/site-packages/airflow/example_dags/example_python_operator.py
[2024-10-28T00:16:32.331+0000] {logging_mixin.py:190} INFO - [2024-10-28T00:16:32.331+0000] {dag.py:3239} INFO - Sync 1 DAGs
[2024-10-28T00:16:32.345+0000] {logging_mixin.py:190} INFO - [2024-10-28T00:16:32.345+0000] {dag.py:4180} INFO - Setting next_dagrun for example_python_operator to None, run_after=None
[2024-10-28T00:16:32.362+0000] {processor.py:208} INFO - Processing /home/airflow/.local/lib/python3.12/site-packages/airflow/example_dags/example_python_operator.py took 0.071 seconds
[2024-10-28T00:17:02.831+0000] {processor.py:186} INFO - Started process (PID=47626) to work on /home/airflow/.local/lib/python3.12/site-packages/airflow/example_dags/example_python_operator.py
[2024-10-28T00:17:02.832+0000] {processor.py:914} INFO - Processing file /home/airflow/.local/lib/python3.12/site-packages/airflow/example_dags/example_python_operator.py for tasks to queue
[2024-10-28T00:17:02.833+0000] {logging_mixin.py:190} INFO - [2024-10-28T00:17:02.833+0000] {dagbag.py:588} INFO - Filling up the DagBag from /home/airflow/.local/lib/python3.12/site-packages/airflow/example_dags/example_python_operator.py
[2024-10-28T00:17:02.844+0000] {processor.py:925} INFO - DAG(s) 'example_python_operator' retrieved from /home/airflow/.local/lib/python3.12/site-packages/airflow/example_dags/example_python_operator.py
[2024-10-28T00:17:02.864+0000] {logging_mixin.py:190} INFO - [2024-10-28T00:17:02.864+0000] {dag.py:3239} INFO - Sync 1 DAGs
[2024-10-28T00:17:02.879+0000] {logging_mixin.py:190} INFO - [2024-10-28T00:17:02.879+0000] {dag.py:4180} INFO - Setting next_dagrun for example_python_operator to None, run_after=None
[2024-10-28T00:17:02.897+0000] {processor.py:208} INFO - Processing /home/airflow/.local/lib/python3.12/site-packages/airflow/example_dags/example_python_operator.py took 0.071 seconds
[2024-10-28T00:17:33.473+0000] {processor.py:186} INFO - Started process (PID=47700) to work on /home/airflow/.local/lib/python3.12/site-packages/airflow/example_dags/example_python_operator.py
[2024-10-28T00:17:33.474+0000] {processor.py:914} INFO - Processing file /home/airflow/.local/lib/python3.12/site-packages/airflow/example_dags/example_python_operator.py for tasks to queue
[2024-10-28T00:17:33.475+0000] {logging_mixin.py:190} INFO - [2024-10-28T00:17:33.475+0000] {dagbag.py:588} INFO - Filling up the DagBag from /home/airflow/.local/lib/python3.12/site-packages/airflow/example_dags/example_python_operator.py
[2024-10-28T00:17:33.486+0000] {processor.py:925} INFO - DAG(s) 'example_python_operator' retrieved from /home/airflow/.local/lib/python3.12/site-packages/airflow/example_dags/example_python_operator.py
[2024-10-28T00:17:33.507+0000] {logging_mixin.py:190} INFO - [2024-10-28T00:17:33.507+0000] {dag.py:3239} INFO - Sync 1 DAGs
[2024-10-28T00:17:33.523+0000] {logging_mixin.py:190} INFO - [2024-10-28T00:17:33.522+0000] {dag.py:4180} INFO - Setting next_dagrun for example_python_operator to None, run_after=None
[2024-10-28T00:17:33.541+0000] {processor.py:208} INFO - Processing /home/airflow/.local/lib/python3.12/site-packages/airflow/example_dags/example_python_operator.py took 0.074 seconds
[2024-10-28T00:18:03.944+0000] {processor.py:186} INFO - Started process (PID=47774) to work on /home/airflow/.local/lib/python3.12/site-packages/airflow/example_dags/example_python_operator.py
[2024-10-28T00:18:03.945+0000] {processor.py:914} INFO - Processing file /home/airflow/.local/lib/python3.12/site-packages/airflow/example_dags/example_python_operator.py for tasks to queue
[2024-10-28T00:18:03.947+0000] {logging_mixin.py:190} INFO - [2024-10-28T00:18:03.947+0000] {dagbag.py:588} INFO - Filling up the DagBag from /home/airflow/.local/lib/python3.12/site-packages/airflow/example_dags/example_python_operator.py
[2024-10-28T00:18:03.966+0000] {processor.py:925} INFO - DAG(s) 'example_python_operator' retrieved from /home/airflow/.local/lib/python3.12/site-packages/airflow/example_dags/example_python_operator.py
[2024-10-28T00:18:04.000+0000] {logging_mixin.py:190} INFO - [2024-10-28T00:18:03.999+0000] {dag.py:3239} INFO - Sync 1 DAGs
[2024-10-28T00:18:04.023+0000] {logging_mixin.py:190} INFO - [2024-10-28T00:18:04.023+0000] {dag.py:4180} INFO - Setting next_dagrun for example_python_operator to None, run_after=None
[2024-10-28T00:18:04.050+0000] {processor.py:208} INFO - Processing /home/airflow/.local/lib/python3.12/site-packages/airflow/example_dags/example_python_operator.py took 0.116 seconds
[2024-10-28T00:18:34.383+0000] {processor.py:186} INFO - Started process (PID=47848) to work on /home/airflow/.local/lib/python3.12/site-packages/airflow/example_dags/example_python_operator.py
[2024-10-28T00:18:34.384+0000] {processor.py:914} INFO - Processing file /home/airflow/.local/lib/python3.12/site-packages/airflow/example_dags/example_python_operator.py for tasks to queue
[2024-10-28T00:18:34.387+0000] {logging_mixin.py:190} INFO - [2024-10-28T00:18:34.386+0000] {dagbag.py:588} INFO - Filling up the DagBag from /home/airflow/.local/lib/python3.12/site-packages/airflow/example_dags/example_python_operator.py
[2024-10-28T00:18:34.399+0000] {processor.py:925} INFO - DAG(s) 'example_python_operator' retrieved from /home/airflow/.local/lib/python3.12/site-packages/airflow/example_dags/example_python_operator.py
[2024-10-28T00:18:34.427+0000] {logging_mixin.py:190} INFO - [2024-10-28T00:18:34.426+0000] {dag.py:3239} INFO - Sync 1 DAGs
[2024-10-28T00:18:34.444+0000] {logging_mixin.py:190} INFO - [2024-10-28T00:18:34.443+0000] {dag.py:4180} INFO - Setting next_dagrun for example_python_operator to None, run_after=None
[2024-10-28T00:18:34.466+0000] {processor.py:208} INFO - Processing /home/airflow/.local/lib/python3.12/site-packages/airflow/example_dags/example_python_operator.py took 0.089 seconds
[2024-10-28T00:19:04.605+0000] {processor.py:186} INFO - Started process (PID=47921) to work on /home/airflow/.local/lib/python3.12/site-packages/airflow/example_dags/example_python_operator.py
[2024-10-28T00:19:04.606+0000] {processor.py:914} INFO - Processing file /home/airflow/.local/lib/python3.12/site-packages/airflow/example_dags/example_python_operator.py for tasks to queue
[2024-10-28T00:19:04.608+0000] {logging_mixin.py:190} INFO - [2024-10-28T00:19:04.607+0000] {dagbag.py:588} INFO - Filling up the DagBag from /home/airflow/.local/lib/python3.12/site-packages/airflow/example_dags/example_python_operator.py
[2024-10-28T00:19:04.621+0000] {processor.py:925} INFO - DAG(s) 'example_python_operator' retrieved from /home/airflow/.local/lib/python3.12/site-packages/airflow/example_dags/example_python_operator.py
[2024-10-28T00:19:04.647+0000] {logging_mixin.py:190} INFO - [2024-10-28T00:19:04.647+0000] {dag.py:3239} INFO - Sync 1 DAGs
[2024-10-28T00:19:04.665+0000] {logging_mixin.py:190} INFO - [2024-10-28T00:19:04.664+0000] {dag.py:4180} INFO - Setting next_dagrun for example_python_operator to None, run_after=None
[2024-10-28T00:19:04.683+0000] {processor.py:208} INFO - Processing /home/airflow/.local/lib/python3.12/site-packages/airflow/example_dags/example_python_operator.py took 0.084 seconds
[2024-10-28T00:19:34.958+0000] {processor.py:186} INFO - Started process (PID=47995) to work on /home/airflow/.local/lib/python3.12/site-packages/airflow/example_dags/example_python_operator.py
[2024-10-28T00:19:34.959+0000] {processor.py:914} INFO - Processing file /home/airflow/.local/lib/python3.12/site-packages/airflow/example_dags/example_python_operator.py for tasks to queue
[2024-10-28T00:19:34.961+0000] {logging_mixin.py:190} INFO - [2024-10-28T00:19:34.960+0000] {dagbag.py:588} INFO - Filling up the DagBag from /home/airflow/.local/lib/python3.12/site-packages/airflow/example_dags/example_python_operator.py
[2024-10-28T00:19:34.973+0000] {processor.py:925} INFO - DAG(s) 'example_python_operator' retrieved from /home/airflow/.local/lib/python3.12/site-packages/airflow/example_dags/example_python_operator.py
[2024-10-28T00:19:34.998+0000] {logging_mixin.py:190} INFO - [2024-10-28T00:19:34.998+0000] {dag.py:3239} INFO - Sync 1 DAGs
[2024-10-28T00:19:35.014+0000] {logging_mixin.py:190} INFO - [2024-10-28T00:19:35.014+0000] {dag.py:4180} INFO - Setting next_dagrun for example_python_operator to None, run_after=None
[2024-10-28T00:19:35.034+0000] {processor.py:208} INFO - Processing /home/airflow/.local/lib/python3.12/site-packages/airflow/example_dags/example_python_operator.py took 0.082 seconds
[2024-10-28T00:20:05.811+0000] {processor.py:186} INFO - Started process (PID=48069) to work on /home/airflow/.local/lib/python3.12/site-packages/airflow/example_dags/example_python_operator.py
[2024-10-28T00:20:05.813+0000] {processor.py:914} INFO - Processing file /home/airflow/.local/lib/python3.12/site-packages/airflow/example_dags/example_python_operator.py for tasks to queue
[2024-10-28T00:20:05.814+0000] {logging_mixin.py:190} INFO - [2024-10-28T00:20:05.814+0000] {dagbag.py:588} INFO - Filling up the DagBag from /home/airflow/.local/lib/python3.12/site-packages/airflow/example_dags/example_python_operator.py
[2024-10-28T00:20:05.827+0000] {processor.py:925} INFO - DAG(s) 'example_python_operator' retrieved from /home/airflow/.local/lib/python3.12/site-packages/airflow/example_dags/example_python_operator.py
[2024-10-28T00:20:05.852+0000] {logging_mixin.py:190} INFO - [2024-10-28T00:20:05.852+0000] {dag.py:3239} INFO - Sync 1 DAGs
[2024-10-28T00:20:05.870+0000] {logging_mixin.py:190} INFO - [2024-10-28T00:20:05.870+0000] {dag.py:4180} INFO - Setting next_dagrun for example_python_operator to None, run_after=None
[2024-10-28T00:20:05.888+0000] {processor.py:208} INFO - Processing /home/airflow/.local/lib/python3.12/site-packages/airflow/example_dags/example_python_operator.py took 0.085 seconds
[2024-10-28T00:20:36.122+0000] {processor.py:186} INFO - Started process (PID=48143) to work on /home/airflow/.local/lib/python3.12/site-packages/airflow/example_dags/example_python_operator.py
[2024-10-28T00:20:36.123+0000] {processor.py:914} INFO - Processing file /home/airflow/.local/lib/python3.12/site-packages/airflow/example_dags/example_python_operator.py for tasks to queue
[2024-10-28T00:20:36.125+0000] {logging_mixin.py:190} INFO - [2024-10-28T00:20:36.125+0000] {dagbag.py:588} INFO - Filling up the DagBag from /home/airflow/.local/lib/python3.12/site-packages/airflow/example_dags/example_python_operator.py
[2024-10-28T00:20:36.140+0000] {processor.py:925} INFO - DAG(s) 'example_python_operator' retrieved from /home/airflow/.local/lib/python3.12/site-packages/airflow/example_dags/example_python_operator.py
[2024-10-28T00:20:36.169+0000] {logging_mixin.py:190} INFO - [2024-10-28T00:20:36.168+0000] {dag.py:3239} INFO - Sync 1 DAGs
[2024-10-28T00:20:36.189+0000] {logging_mixin.py:190} INFO - [2024-10-28T00:20:36.189+0000] {dag.py:4180} INFO - Setting next_dagrun for example_python_operator to None, run_after=None
[2024-10-28T00:20:36.212+0000] {processor.py:208} INFO - Processing /home/airflow/.local/lib/python3.12/site-packages/airflow/example_dags/example_python_operator.py took 0.098 seconds
[2024-10-28T00:21:06.770+0000] {processor.py:186} INFO - Started process (PID=48217) to work on /home/airflow/.local/lib/python3.12/site-packages/airflow/example_dags/example_python_operator.py
[2024-10-28T00:21:06.772+0000] {processor.py:914} INFO - Processing file /home/airflow/.local/lib/python3.12/site-packages/airflow/example_dags/example_python_operator.py for tasks to queue
[2024-10-28T00:21:06.773+0000] {logging_mixin.py:190} INFO - [2024-10-28T00:21:06.773+0000] {dagbag.py:588} INFO - Filling up the DagBag from /home/airflow/.local/lib/python3.12/site-packages/airflow/example_dags/example_python_operator.py
[2024-10-28T00:21:06.787+0000] {processor.py:925} INFO - DAG(s) 'example_python_operator' retrieved from /home/airflow/.local/lib/python3.12/site-packages/airflow/example_dags/example_python_operator.py
[2024-10-28T00:21:06.817+0000] {logging_mixin.py:190} INFO - [2024-10-28T00:21:06.816+0000] {dag.py:3239} INFO - Sync 1 DAGs
[2024-10-28T00:21:06.837+0000] {logging_mixin.py:190} INFO - [2024-10-28T00:21:06.836+0000] {dag.py:4180} INFO - Setting next_dagrun for example_python_operator to None, run_after=None
[2024-10-28T00:21:06.859+0000] {processor.py:208} INFO - Processing /home/airflow/.local/lib/python3.12/site-packages/airflow/example_dags/example_python_operator.py took 0.097 seconds
[2024-10-28T00:21:37.362+0000] {processor.py:186} INFO - Started process (PID=48291) to work on /home/airflow/.local/lib/python3.12/site-packages/airflow/example_dags/example_python_operator.py
[2024-10-28T00:21:37.363+0000] {processor.py:914} INFO - Processing file /home/airflow/.local/lib/python3.12/site-packages/airflow/example_dags/example_python_operator.py for tasks to queue
[2024-10-28T00:21:37.365+0000] {logging_mixin.py:190} INFO - [2024-10-28T00:21:37.365+0000] {dagbag.py:588} INFO - Filling up the DagBag from /home/airflow/.local/lib/python3.12/site-packages/airflow/example_dags/example_python_operator.py
[2024-10-28T00:21:37.377+0000] {processor.py:925} INFO - DAG(s) 'example_python_operator' retrieved from /home/airflow/.local/lib/python3.12/site-packages/airflow/example_dags/example_python_operator.py
[2024-10-28T00:21:37.404+0000] {logging_mixin.py:190} INFO - [2024-10-28T00:21:37.404+0000] {dag.py:3239} INFO - Sync 1 DAGs
[2024-10-28T00:21:37.418+0000] {logging_mixin.py:190} INFO - [2024-10-28T00:21:37.418+0000] {dag.py:4180} INFO - Setting next_dagrun for example_python_operator to None, run_after=None
[2024-10-28T00:21:37.437+0000] {processor.py:208} INFO - Processing /home/airflow/.local/lib/python3.12/site-packages/airflow/example_dags/example_python_operator.py took 0.082 seconds
[2024-10-28T00:22:07.853+0000] {processor.py:186} INFO - Started process (PID=48371) to work on /home/airflow/.local/lib/python3.12/site-packages/airflow/example_dags/example_python_operator.py
[2024-10-28T00:22:07.854+0000] {processor.py:914} INFO - Processing file /home/airflow/.local/lib/python3.12/site-packages/airflow/example_dags/example_python_operator.py for tasks to queue
[2024-10-28T00:22:07.856+0000] {logging_mixin.py:190} INFO - [2024-10-28T00:22:07.855+0000] {dagbag.py:588} INFO - Filling up the DagBag from /home/airflow/.local/lib/python3.12/site-packages/airflow/example_dags/example_python_operator.py
[2024-10-28T00:22:07.868+0000] {processor.py:925} INFO - DAG(s) 'example_python_operator' retrieved from /home/airflow/.local/lib/python3.12/site-packages/airflow/example_dags/example_python_operator.py
[2024-10-28T00:22:07.894+0000] {logging_mixin.py:190} INFO - [2024-10-28T00:22:07.894+0000] {dag.py:3239} INFO - Sync 1 DAGs
[2024-10-28T00:22:07.911+0000] {logging_mixin.py:190} INFO - [2024-10-28T00:22:07.911+0000] {dag.py:4180} INFO - Setting next_dagrun for example_python_operator to None, run_after=None
[2024-10-28T00:22:07.934+0000] {processor.py:208} INFO - Processing /home/airflow/.local/lib/python3.12/site-packages/airflow/example_dags/example_python_operator.py took 0.087 seconds
[2024-10-28T00:22:38.223+0000] {processor.py:186} INFO - Started process (PID=48445) to work on /home/airflow/.local/lib/python3.12/site-packages/airflow/example_dags/example_python_operator.py
[2024-10-28T00:22:38.224+0000] {processor.py:914} INFO - Processing file /home/airflow/.local/lib/python3.12/site-packages/airflow/example_dags/example_python_operator.py for tasks to queue
[2024-10-28T00:22:38.226+0000] {logging_mixin.py:190} INFO - [2024-10-28T00:22:38.225+0000] {dagbag.py:588} INFO - Filling up the DagBag from /home/airflow/.local/lib/python3.12/site-packages/airflow/example_dags/example_python_operator.py
[2024-10-28T00:22:38.240+0000] {processor.py:925} INFO - DAG(s) 'example_python_operator' retrieved from /home/airflow/.local/lib/python3.12/site-packages/airflow/example_dags/example_python_operator.py
[2024-10-28T00:22:38.264+0000] {logging_mixin.py:190} INFO - [2024-10-28T00:22:38.264+0000] {dag.py:3239} INFO - Sync 1 DAGs
[2024-10-28T00:22:38.280+0000] {logging_mixin.py:190} INFO - [2024-10-28T00:22:38.279+0000] {dag.py:4180} INFO - Setting next_dagrun for example_python_operator to None, run_after=None
[2024-10-28T00:22:38.298+0000] {processor.py:208} INFO - Processing /home/airflow/.local/lib/python3.12/site-packages/airflow/example_dags/example_python_operator.py took 0.081 seconds
[2024-10-28T00:23:08.649+0000] {processor.py:186} INFO - Started process (PID=48519) to work on /home/airflow/.local/lib/python3.12/site-packages/airflow/example_dags/example_python_operator.py
[2024-10-28T00:23:08.650+0000] {processor.py:914} INFO - Processing file /home/airflow/.local/lib/python3.12/site-packages/airflow/example_dags/example_python_operator.py for tasks to queue
[2024-10-28T00:23:08.652+0000] {logging_mixin.py:190} INFO - [2024-10-28T00:23:08.651+0000] {dagbag.py:588} INFO - Filling up the DagBag from /home/airflow/.local/lib/python3.12/site-packages/airflow/example_dags/example_python_operator.py
[2024-10-28T00:23:08.662+0000] {processor.py:925} INFO - DAG(s) 'example_python_operator' retrieved from /home/airflow/.local/lib/python3.12/site-packages/airflow/example_dags/example_python_operator.py
[2024-10-28T00:23:08.685+0000] {logging_mixin.py:190} INFO - [2024-10-28T00:23:08.685+0000] {dag.py:3239} INFO - Sync 1 DAGs
[2024-10-28T00:23:08.703+0000] {logging_mixin.py:190} INFO - [2024-10-28T00:23:08.703+0000] {dag.py:4180} INFO - Setting next_dagrun for example_python_operator to None, run_after=None
[2024-10-28T00:23:08.720+0000] {processor.py:208} INFO - Processing /home/airflow/.local/lib/python3.12/site-packages/airflow/example_dags/example_python_operator.py took 0.077 seconds
[2024-10-28T00:23:38.882+0000] {processor.py:186} INFO - Started process (PID=48593) to work on /home/airflow/.local/lib/python3.12/site-packages/airflow/example_dags/example_python_operator.py
[2024-10-28T00:23:38.883+0000] {processor.py:914} INFO - Processing file /home/airflow/.local/lib/python3.12/site-packages/airflow/example_dags/example_python_operator.py for tasks to queue
[2024-10-28T00:23:38.884+0000] {logging_mixin.py:190} INFO - [2024-10-28T00:23:38.884+0000] {dagbag.py:588} INFO - Filling up the DagBag from /home/airflow/.local/lib/python3.12/site-packages/airflow/example_dags/example_python_operator.py
[2024-10-28T00:23:38.896+0000] {processor.py:925} INFO - DAG(s) 'example_python_operator' retrieved from /home/airflow/.local/lib/python3.12/site-packages/airflow/example_dags/example_python_operator.py
[2024-10-28T00:23:38.919+0000] {logging_mixin.py:190} INFO - [2024-10-28T00:23:38.919+0000] {dag.py:3239} INFO - Sync 1 DAGs
[2024-10-28T00:23:38.934+0000] {logging_mixin.py:190} INFO - [2024-10-28T00:23:38.934+0000] {dag.py:4180} INFO - Setting next_dagrun for example_python_operator to None, run_after=None
[2024-10-28T00:23:38.952+0000] {processor.py:208} INFO - Processing /home/airflow/.local/lib/python3.12/site-packages/airflow/example_dags/example_python_operator.py took 0.076 seconds
[2024-10-28T00:24:09.960+0000] {processor.py:186} INFO - Started process (PID=48667) to work on /home/airflow/.local/lib/python3.12/site-packages/airflow/example_dags/example_python_operator.py
[2024-10-28T00:24:09.961+0000] {processor.py:914} INFO - Processing file /home/airflow/.local/lib/python3.12/site-packages/airflow/example_dags/example_python_operator.py for tasks to queue
[2024-10-28T00:24:09.963+0000] {logging_mixin.py:190} INFO - [2024-10-28T00:24:09.963+0000] {dagbag.py:588} INFO - Filling up the DagBag from /home/airflow/.local/lib/python3.12/site-packages/airflow/example_dags/example_python_operator.py
[2024-10-28T00:24:09.977+0000] {processor.py:925} INFO - DAG(s) 'example_python_operator' retrieved from /home/airflow/.local/lib/python3.12/site-packages/airflow/example_dags/example_python_operator.py
[2024-10-28T00:24:10.005+0000] {logging_mixin.py:190} INFO - [2024-10-28T00:24:10.004+0000] {dag.py:3239} INFO - Sync 1 DAGs
[2024-10-28T00:24:10.028+0000] {logging_mixin.py:190} INFO - [2024-10-28T00:24:10.027+0000] {dag.py:4180} INFO - Setting next_dagrun for example_python_operator to None, run_after=None
[2024-10-28T00:24:10.055+0000] {processor.py:208} INFO - Processing /home/airflow/.local/lib/python3.12/site-packages/airflow/example_dags/example_python_operator.py took 0.102 seconds
[2024-10-28T00:24:40.894+0000] {processor.py:186} INFO - Started process (PID=48741) to work on /home/airflow/.local/lib/python3.12/site-packages/airflow/example_dags/example_python_operator.py
[2024-10-28T00:24:40.895+0000] {processor.py:914} INFO - Processing file /home/airflow/.local/lib/python3.12/site-packages/airflow/example_dags/example_python_operator.py for tasks to queue
[2024-10-28T00:24:40.897+0000] {logging_mixin.py:190} INFO - [2024-10-28T00:24:40.896+0000] {dagbag.py:588} INFO - Filling up the DagBag from /home/airflow/.local/lib/python3.12/site-packages/airflow/example_dags/example_python_operator.py
[2024-10-28T00:24:40.911+0000] {processor.py:925} INFO - DAG(s) 'example_python_operator' retrieved from /home/airflow/.local/lib/python3.12/site-packages/airflow/example_dags/example_python_operator.py
[2024-10-28T00:24:40.939+0000] {logging_mixin.py:190} INFO - [2024-10-28T00:24:40.939+0000] {dag.py:3239} INFO - Sync 1 DAGs
[2024-10-28T00:24:40.957+0000] {logging_mixin.py:190} INFO - [2024-10-28T00:24:40.956+0000] {dag.py:4180} INFO - Setting next_dagrun for example_python_operator to None, run_after=None
[2024-10-28T00:24:40.977+0000] {processor.py:208} INFO - Processing /home/airflow/.local/lib/python3.12/site-packages/airflow/example_dags/example_python_operator.py took 0.089 seconds
[2024-10-28T00:25:11.760+0000] {processor.py:186} INFO - Started process (PID=48815) to work on /home/airflow/.local/lib/python3.12/site-packages/airflow/example_dags/example_python_operator.py
[2024-10-28T00:25:11.761+0000] {processor.py:914} INFO - Processing file /home/airflow/.local/lib/python3.12/site-packages/airflow/example_dags/example_python_operator.py for tasks to queue
[2024-10-28T00:25:11.763+0000] {logging_mixin.py:190} INFO - [2024-10-28T00:25:11.762+0000] {dagbag.py:588} INFO - Filling up the DagBag from /home/airflow/.local/lib/python3.12/site-packages/airflow/example_dags/example_python_operator.py
[2024-10-28T00:25:11.776+0000] {processor.py:925} INFO - DAG(s) 'example_python_operator' retrieved from /home/airflow/.local/lib/python3.12/site-packages/airflow/example_dags/example_python_operator.py
[2024-10-28T00:25:11.804+0000] {logging_mixin.py:190} INFO - [2024-10-28T00:25:11.804+0000] {dag.py:3239} INFO - Sync 1 DAGs
[2024-10-28T00:25:11.819+0000] {logging_mixin.py:190} INFO - [2024-10-28T00:25:11.819+0000] {dag.py:4180} INFO - Setting next_dagrun for example_python_operator to None, run_after=None
[2024-10-28T00:25:11.839+0000] {processor.py:208} INFO - Processing /home/airflow/.local/lib/python3.12/site-packages/airflow/example_dags/example_python_operator.py took 0.085 seconds
[2024-10-28T00:25:41.939+0000] {processor.py:186} INFO - Started process (PID=48889) to work on /home/airflow/.local/lib/python3.12/site-packages/airflow/example_dags/example_python_operator.py
[2024-10-28T00:25:41.940+0000] {processor.py:914} INFO - Processing file /home/airflow/.local/lib/python3.12/site-packages/airflow/example_dags/example_python_operator.py for tasks to queue
[2024-10-28T00:25:41.941+0000] {logging_mixin.py:190} INFO - [2024-10-28T00:25:41.941+0000] {dagbag.py:588} INFO - Filling up the DagBag from /home/airflow/.local/lib/python3.12/site-packages/airflow/example_dags/example_python_operator.py
[2024-10-28T00:25:41.953+0000] {processor.py:925} INFO - DAG(s) 'example_python_operator' retrieved from /home/airflow/.local/lib/python3.12/site-packages/airflow/example_dags/example_python_operator.py
[2024-10-28T00:25:41.976+0000] {logging_mixin.py:190} INFO - [2024-10-28T00:25:41.975+0000] {dag.py:3239} INFO - Sync 1 DAGs
[2024-10-28T00:25:41.991+0000] {logging_mixin.py:190} INFO - [2024-10-28T00:25:41.991+0000] {dag.py:4180} INFO - Setting next_dagrun for example_python_operator to None, run_after=None
[2024-10-28T00:25:42.008+0000] {processor.py:208} INFO - Processing /home/airflow/.local/lib/python3.12/site-packages/airflow/example_dags/example_python_operator.py took 0.076 seconds
[2024-10-28T00:26:12.635+0000] {processor.py:186} INFO - Started process (PID=48963) to work on /home/airflow/.local/lib/python3.12/site-packages/airflow/example_dags/example_python_operator.py
[2024-10-28T00:26:12.636+0000] {processor.py:914} INFO - Processing file /home/airflow/.local/lib/python3.12/site-packages/airflow/example_dags/example_python_operator.py for tasks to queue
[2024-10-28T00:26:12.638+0000] {logging_mixin.py:190} INFO - [2024-10-28T00:26:12.637+0000] {dagbag.py:588} INFO - Filling up the DagBag from /home/airflow/.local/lib/python3.12/site-packages/airflow/example_dags/example_python_operator.py
[2024-10-28T00:26:12.649+0000] {processor.py:925} INFO - DAG(s) 'example_python_operator' retrieved from /home/airflow/.local/lib/python3.12/site-packages/airflow/example_dags/example_python_operator.py
[2024-10-28T00:26:12.819+0000] {logging_mixin.py:190} INFO - [2024-10-28T00:26:12.819+0000] {dag.py:3239} INFO - Sync 1 DAGs
[2024-10-28T00:26:12.838+0000] {logging_mixin.py:190} INFO - [2024-10-28T00:26:12.837+0000] {dag.py:4180} INFO - Setting next_dagrun for example_python_operator to None, run_after=None
[2024-10-28T00:26:12.857+0000] {processor.py:208} INFO - Processing /home/airflow/.local/lib/python3.12/site-packages/airflow/example_dags/example_python_operator.py took 0.227 seconds
[2024-10-28T00:26:43.759+0000] {processor.py:186} INFO - Started process (PID=49037) to work on /home/airflow/.local/lib/python3.12/site-packages/airflow/example_dags/example_python_operator.py
[2024-10-28T00:26:43.760+0000] {processor.py:914} INFO - Processing file /home/airflow/.local/lib/python3.12/site-packages/airflow/example_dags/example_python_operator.py for tasks to queue
[2024-10-28T00:26:43.762+0000] {logging_mixin.py:190} INFO - [2024-10-28T00:26:43.762+0000] {dagbag.py:588} INFO - Filling up the DagBag from /home/airflow/.local/lib/python3.12/site-packages/airflow/example_dags/example_python_operator.py
[2024-10-28T00:26:43.773+0000] {processor.py:925} INFO - DAG(s) 'example_python_operator' retrieved from /home/airflow/.local/lib/python3.12/site-packages/airflow/example_dags/example_python_operator.py
[2024-10-28T00:26:43.795+0000] {logging_mixin.py:190} INFO - [2024-10-28T00:26:43.794+0000] {dag.py:3239} INFO - Sync 1 DAGs
[2024-10-28T00:26:43.809+0000] {logging_mixin.py:190} INFO - [2024-10-28T00:26:43.809+0000] {dag.py:4180} INFO - Setting next_dagrun for example_python_operator to None, run_after=None
[2024-10-28T00:26:43.827+0000] {processor.py:208} INFO - Processing /home/airflow/.local/lib/python3.12/site-packages/airflow/example_dags/example_python_operator.py took 0.073 seconds
[2024-10-28T00:27:14.173+0000] {processor.py:186} INFO - Started process (PID=49111) to work on /home/airflow/.local/lib/python3.12/site-packages/airflow/example_dags/example_python_operator.py
[2024-10-28T00:27:14.174+0000] {processor.py:914} INFO - Processing file /home/airflow/.local/lib/python3.12/site-packages/airflow/example_dags/example_python_operator.py for tasks to queue
[2024-10-28T00:27:14.175+0000] {logging_mixin.py:190} INFO - [2024-10-28T00:27:14.175+0000] {dagbag.py:588} INFO - Filling up the DagBag from /home/airflow/.local/lib/python3.12/site-packages/airflow/example_dags/example_python_operator.py
[2024-10-28T00:27:14.187+0000] {processor.py:925} INFO - DAG(s) 'example_python_operator' retrieved from /home/airflow/.local/lib/python3.12/site-packages/airflow/example_dags/example_python_operator.py
[2024-10-28T00:27:14.208+0000] {logging_mixin.py:190} INFO - [2024-10-28T00:27:14.207+0000] {dag.py:3239} INFO - Sync 1 DAGs
[2024-10-28T00:27:14.222+0000] {logging_mixin.py:190} INFO - [2024-10-28T00:27:14.221+0000] {dag.py:4180} INFO - Setting next_dagrun for example_python_operator to None, run_after=None
[2024-10-28T00:27:14.241+0000] {processor.py:208} INFO - Processing /home/airflow/.local/lib/python3.12/site-packages/airflow/example_dags/example_python_operator.py took 0.073 seconds
[2024-10-28T00:27:45.049+0000] {processor.py:186} INFO - Started process (PID=49185) to work on /home/airflow/.local/lib/python3.12/site-packages/airflow/example_dags/example_python_operator.py
[2024-10-28T00:27:45.051+0000] {processor.py:914} INFO - Processing file /home/airflow/.local/lib/python3.12/site-packages/airflow/example_dags/example_python_operator.py for tasks to queue
[2024-10-28T00:27:45.052+0000] {logging_mixin.py:190} INFO - [2024-10-28T00:27:45.052+0000] {dagbag.py:588} INFO - Filling up the DagBag from /home/airflow/.local/lib/python3.12/site-packages/airflow/example_dags/example_python_operator.py
[2024-10-28T00:27:45.063+0000] {processor.py:925} INFO - DAG(s) 'example_python_operator' retrieved from /home/airflow/.local/lib/python3.12/site-packages/airflow/example_dags/example_python_operator.py
[2024-10-28T00:27:45.083+0000] {logging_mixin.py:190} INFO - [2024-10-28T00:27:45.083+0000] {dag.py:3239} INFO - Sync 1 DAGs
[2024-10-28T00:27:45.097+0000] {logging_mixin.py:190} INFO - [2024-10-28T00:27:45.097+0000] {dag.py:4180} INFO - Setting next_dagrun for example_python_operator to None, run_after=None
[2024-10-28T00:27:45.115+0000] {processor.py:208} INFO - Processing /home/airflow/.local/lib/python3.12/site-packages/airflow/example_dags/example_python_operator.py took 0.070 seconds
[2024-10-28T00:28:15.194+0000] {processor.py:186} INFO - Started process (PID=49259) to work on /home/airflow/.local/lib/python3.12/site-packages/airflow/example_dags/example_python_operator.py
[2024-10-28T00:28:15.195+0000] {processor.py:914} INFO - Processing file /home/airflow/.local/lib/python3.12/site-packages/airflow/example_dags/example_python_operator.py for tasks to queue
[2024-10-28T00:28:15.197+0000] {logging_mixin.py:190} INFO - [2024-10-28T00:28:15.196+0000] {dagbag.py:588} INFO - Filling up the DagBag from /home/airflow/.local/lib/python3.12/site-packages/airflow/example_dags/example_python_operator.py
[2024-10-28T00:28:15.208+0000] {processor.py:925} INFO - DAG(s) 'example_python_operator' retrieved from /home/airflow/.local/lib/python3.12/site-packages/airflow/example_dags/example_python_operator.py
[2024-10-28T00:28:15.231+0000] {logging_mixin.py:190} INFO - [2024-10-28T00:28:15.231+0000] {dag.py:3239} INFO - Sync 1 DAGs
[2024-10-28T00:28:15.249+0000] {logging_mixin.py:190} INFO - [2024-10-28T00:28:15.249+0000] {dag.py:4180} INFO - Setting next_dagrun for example_python_operator to None, run_after=None
[2024-10-28T00:28:15.268+0000] {processor.py:208} INFO - Processing /home/airflow/.local/lib/python3.12/site-packages/airflow/example_dags/example_python_operator.py took 0.080 seconds
[2024-10-28T00:28:45.766+0000] {processor.py:186} INFO - Started process (PID=49333) to work on /home/airflow/.local/lib/python3.12/site-packages/airflow/example_dags/example_python_operator.py
[2024-10-28T00:28:45.767+0000] {processor.py:914} INFO - Processing file /home/airflow/.local/lib/python3.12/site-packages/airflow/example_dags/example_python_operator.py for tasks to queue
[2024-10-28T00:28:45.770+0000] {logging_mixin.py:190} INFO - [2024-10-28T00:28:45.769+0000] {dagbag.py:588} INFO - Filling up the DagBag from /home/airflow/.local/lib/python3.12/site-packages/airflow/example_dags/example_python_operator.py
[2024-10-28T00:28:45.783+0000] {processor.py:925} INFO - DAG(s) 'example_python_operator' retrieved from /home/airflow/.local/lib/python3.12/site-packages/airflow/example_dags/example_python_operator.py
[2024-10-28T00:28:45.807+0000] {logging_mixin.py:190} INFO - [2024-10-28T00:28:45.807+0000] {dag.py:3239} INFO - Sync 1 DAGs
[2024-10-28T00:28:45.823+0000] {logging_mixin.py:190} INFO - [2024-10-28T00:28:45.823+0000] {dag.py:4180} INFO - Setting next_dagrun for example_python_operator to None, run_after=None
[2024-10-28T00:28:45.843+0000] {processor.py:208} INFO - Processing /home/airflow/.local/lib/python3.12/site-packages/airflow/example_dags/example_python_operator.py took 0.083 seconds
[2024-10-28T00:29:16.624+0000] {processor.py:186} INFO - Started process (PID=49407) to work on /home/airflow/.local/lib/python3.12/site-packages/airflow/example_dags/example_python_operator.py
[2024-10-28T00:29:16.625+0000] {processor.py:914} INFO - Processing file /home/airflow/.local/lib/python3.12/site-packages/airflow/example_dags/example_python_operator.py for tasks to queue
[2024-10-28T00:29:16.627+0000] {logging_mixin.py:190} INFO - [2024-10-28T00:29:16.626+0000] {dagbag.py:588} INFO - Filling up the DagBag from /home/airflow/.local/lib/python3.12/site-packages/airflow/example_dags/example_python_operator.py
[2024-10-28T00:29:16.637+0000] {processor.py:925} INFO - DAG(s) 'example_python_operator' retrieved from /home/airflow/.local/lib/python3.12/site-packages/airflow/example_dags/example_python_operator.py
[2024-10-28T00:29:16.659+0000] {logging_mixin.py:190} INFO - [2024-10-28T00:29:16.659+0000] {dag.py:3239} INFO - Sync 1 DAGs
[2024-10-28T00:29:16.673+0000] {logging_mixin.py:190} INFO - [2024-10-28T00:29:16.673+0000] {dag.py:4180} INFO - Setting next_dagrun for example_python_operator to None, run_after=None
[2024-10-28T00:29:16.691+0000] {processor.py:208} INFO - Processing /home/airflow/.local/lib/python3.12/site-packages/airflow/example_dags/example_python_operator.py took 0.072 seconds
[2024-10-28T00:29:47.460+0000] {processor.py:186} INFO - Started process (PID=49481) to work on /home/airflow/.local/lib/python3.12/site-packages/airflow/example_dags/example_python_operator.py
[2024-10-28T00:29:47.461+0000] {processor.py:914} INFO - Processing file /home/airflow/.local/lib/python3.12/site-packages/airflow/example_dags/example_python_operator.py for tasks to queue
[2024-10-28T00:29:47.463+0000] {logging_mixin.py:190} INFO - [2024-10-28T00:29:47.462+0000] {dagbag.py:588} INFO - Filling up the DagBag from /home/airflow/.local/lib/python3.12/site-packages/airflow/example_dags/example_python_operator.py
[2024-10-28T00:29:47.473+0000] {processor.py:925} INFO - DAG(s) 'example_python_operator' retrieved from /home/airflow/.local/lib/python3.12/site-packages/airflow/example_dags/example_python_operator.py
[2024-10-28T00:29:47.495+0000] {logging_mixin.py:190} INFO - [2024-10-28T00:29:47.495+0000] {dag.py:3239} INFO - Sync 1 DAGs
[2024-10-28T00:29:47.509+0000] {logging_mixin.py:190} INFO - [2024-10-28T00:29:47.509+0000] {dag.py:4180} INFO - Setting next_dagrun for example_python_operator to None, run_after=None
[2024-10-28T00:29:47.526+0000] {processor.py:208} INFO - Processing /home/airflow/.local/lib/python3.12/site-packages/airflow/example_dags/example_python_operator.py took 0.072 seconds
[2024-10-28T00:30:18.365+0000] {processor.py:186} INFO - Started process (PID=49555) to work on /home/airflow/.local/lib/python3.12/site-packages/airflow/example_dags/example_python_operator.py
[2024-10-28T00:30:18.366+0000] {processor.py:914} INFO - Processing file /home/airflow/.local/lib/python3.12/site-packages/airflow/example_dags/example_python_operator.py for tasks to queue
[2024-10-28T00:30:18.367+0000] {logging_mixin.py:190} INFO - [2024-10-28T00:30:18.367+0000] {dagbag.py:588} INFO - Filling up the DagBag from /home/airflow/.local/lib/python3.12/site-packages/airflow/example_dags/example_python_operator.py
[2024-10-28T00:30:18.379+0000] {processor.py:925} INFO - DAG(s) 'example_python_operator' retrieved from /home/airflow/.local/lib/python3.12/site-packages/airflow/example_dags/example_python_operator.py
[2024-10-28T00:30:18.400+0000] {logging_mixin.py:190} INFO - [2024-10-28T00:30:18.399+0000] {dag.py:3239} INFO - Sync 1 DAGs
[2024-10-28T00:30:18.415+0000] {logging_mixin.py:190} INFO - [2024-10-28T00:30:18.414+0000] {dag.py:4180} INFO - Setting next_dagrun for example_python_operator to None, run_after=None
[2024-10-28T00:30:18.433+0000] {processor.py:208} INFO - Processing /home/airflow/.local/lib/python3.12/site-packages/airflow/example_dags/example_python_operator.py took 0.075 seconds
[2024-10-28T00:30:49.258+0000] {processor.py:186} INFO - Started process (PID=49629) to work on /home/airflow/.local/lib/python3.12/site-packages/airflow/example_dags/example_python_operator.py
[2024-10-28T00:30:49.259+0000] {processor.py:914} INFO - Processing file /home/airflow/.local/lib/python3.12/site-packages/airflow/example_dags/example_python_operator.py for tasks to queue
[2024-10-28T00:30:49.261+0000] {logging_mixin.py:190} INFO - [2024-10-28T00:30:49.261+0000] {dagbag.py:588} INFO - Filling up the DagBag from /home/airflow/.local/lib/python3.12/site-packages/airflow/example_dags/example_python_operator.py
[2024-10-28T00:30:49.273+0000] {processor.py:925} INFO - DAG(s) 'example_python_operator' retrieved from /home/airflow/.local/lib/python3.12/site-packages/airflow/example_dags/example_python_operator.py
[2024-10-28T00:30:49.298+0000] {logging_mixin.py:190} INFO - [2024-10-28T00:30:49.297+0000] {dag.py:3239} INFO - Sync 1 DAGs
[2024-10-28T00:30:49.316+0000] {logging_mixin.py:190} INFO - [2024-10-28T00:30:49.316+0000] {dag.py:4180} INFO - Setting next_dagrun for example_python_operator to None, run_after=None
[2024-10-28T00:30:49.336+0000] {processor.py:208} INFO - Processing /home/airflow/.local/lib/python3.12/site-packages/airflow/example_dags/example_python_operator.py took 0.087 seconds
[2024-10-28T00:31:20.135+0000] {processor.py:186} INFO - Started process (PID=49703) to work on /home/airflow/.local/lib/python3.12/site-packages/airflow/example_dags/example_python_operator.py
[2024-10-28T00:31:20.136+0000] {processor.py:914} INFO - Processing file /home/airflow/.local/lib/python3.12/site-packages/airflow/example_dags/example_python_operator.py for tasks to queue
[2024-10-28T00:31:20.139+0000] {logging_mixin.py:190} INFO - [2024-10-28T00:31:20.138+0000] {dagbag.py:588} INFO - Filling up the DagBag from /home/airflow/.local/lib/python3.12/site-packages/airflow/example_dags/example_python_operator.py
[2024-10-28T00:31:20.162+0000] {processor.py:925} INFO - DAG(s) 'example_python_operator' retrieved from /home/airflow/.local/lib/python3.12/site-packages/airflow/example_dags/example_python_operator.py
[2024-10-28T00:31:20.193+0000] {logging_mixin.py:190} INFO - [2024-10-28T00:31:20.193+0000] {dag.py:3239} INFO - Sync 1 DAGs
[2024-10-28T00:31:20.219+0000] {logging_mixin.py:190} INFO - [2024-10-28T00:31:20.219+0000] {dag.py:4180} INFO - Setting next_dagrun for example_python_operator to None, run_after=None
[2024-10-28T00:31:20.251+0000] {processor.py:208} INFO - Processing /home/airflow/.local/lib/python3.12/site-packages/airflow/example_dags/example_python_operator.py took 0.126 seconds
[2024-10-28T00:31:50.343+0000] {processor.py:186} INFO - Started process (PID=49777) to work on /home/airflow/.local/lib/python3.12/site-packages/airflow/example_dags/example_python_operator.py
[2024-10-28T00:31:50.345+0000] {processor.py:914} INFO - Processing file /home/airflow/.local/lib/python3.12/site-packages/airflow/example_dags/example_python_operator.py for tasks to queue
[2024-10-28T00:31:50.347+0000] {logging_mixin.py:190} INFO - [2024-10-28T00:31:50.346+0000] {dagbag.py:588} INFO - Filling up the DagBag from /home/airflow/.local/lib/python3.12/site-packages/airflow/example_dags/example_python_operator.py
[2024-10-28T00:31:50.359+0000] {processor.py:925} INFO - DAG(s) 'example_python_operator' retrieved from /home/airflow/.local/lib/python3.12/site-packages/airflow/example_dags/example_python_operator.py
[2024-10-28T00:31:50.382+0000] {logging_mixin.py:190} INFO - [2024-10-28T00:31:50.382+0000] {dag.py:3239} INFO - Sync 1 DAGs
[2024-10-28T00:31:50.397+0000] {logging_mixin.py:190} INFO - [2024-10-28T00:31:50.396+0000] {dag.py:4180} INFO - Setting next_dagrun for example_python_operator to None, run_after=None
[2024-10-28T00:31:50.419+0000] {processor.py:208} INFO - Processing /home/airflow/.local/lib/python3.12/site-packages/airflow/example_dags/example_python_operator.py took 0.082 seconds
[2024-10-28T00:32:21.085+0000] {processor.py:186} INFO - Started process (PID=49851) to work on /home/airflow/.local/lib/python3.12/site-packages/airflow/example_dags/example_python_operator.py
[2024-10-28T00:32:21.086+0000] {processor.py:914} INFO - Processing file /home/airflow/.local/lib/python3.12/site-packages/airflow/example_dags/example_python_operator.py for tasks to queue
[2024-10-28T00:32:21.089+0000] {logging_mixin.py:190} INFO - [2024-10-28T00:32:21.088+0000] {dagbag.py:588} INFO - Filling up the DagBag from /home/airflow/.local/lib/python3.12/site-packages/airflow/example_dags/example_python_operator.py
[2024-10-28T00:32:21.101+0000] {processor.py:925} INFO - DAG(s) 'example_python_operator' retrieved from /home/airflow/.local/lib/python3.12/site-packages/airflow/example_dags/example_python_operator.py
[2024-10-28T00:32:21.126+0000] {logging_mixin.py:190} INFO - [2024-10-28T00:32:21.126+0000] {dag.py:3239} INFO - Sync 1 DAGs
[2024-10-28T00:32:21.141+0000] {logging_mixin.py:190} INFO - [2024-10-28T00:32:21.141+0000] {dag.py:4180} INFO - Setting next_dagrun for example_python_operator to None, run_after=None
[2024-10-28T00:32:21.163+0000] {processor.py:208} INFO - Processing /home/airflow/.local/lib/python3.12/site-packages/airflow/example_dags/example_python_operator.py took 0.084 seconds
[2024-10-28T00:32:51.883+0000] {processor.py:186} INFO - Started process (PID=49925) to work on /home/airflow/.local/lib/python3.12/site-packages/airflow/example_dags/example_python_operator.py
[2024-10-28T00:32:51.884+0000] {processor.py:914} INFO - Processing file /home/airflow/.local/lib/python3.12/site-packages/airflow/example_dags/example_python_operator.py for tasks to queue
[2024-10-28T00:32:51.886+0000] {logging_mixin.py:190} INFO - [2024-10-28T00:32:51.885+0000] {dagbag.py:588} INFO - Filling up the DagBag from /home/airflow/.local/lib/python3.12/site-packages/airflow/example_dags/example_python_operator.py
[2024-10-28T00:32:51.896+0000] {processor.py:925} INFO - DAG(s) 'example_python_operator' retrieved from /home/airflow/.local/lib/python3.12/site-packages/airflow/example_dags/example_python_operator.py
[2024-10-28T00:32:51.917+0000] {logging_mixin.py:190} INFO - [2024-10-28T00:32:51.916+0000] {dag.py:3239} INFO - Sync 1 DAGs
[2024-10-28T00:32:51.930+0000] {logging_mixin.py:190} INFO - [2024-10-28T00:32:51.930+0000] {dag.py:4180} INFO - Setting next_dagrun for example_python_operator to None, run_after=None
[2024-10-28T00:32:51.953+0000] {processor.py:208} INFO - Processing /home/airflow/.local/lib/python3.12/site-packages/airflow/example_dags/example_python_operator.py took 0.075 seconds
[2024-10-28T00:33:22.665+0000] {processor.py:186} INFO - Started process (PID=49999) to work on /home/airflow/.local/lib/python3.12/site-packages/airflow/example_dags/example_python_operator.py
[2024-10-28T00:33:22.666+0000] {processor.py:914} INFO - Processing file /home/airflow/.local/lib/python3.12/site-packages/airflow/example_dags/example_python_operator.py for tasks to queue
[2024-10-28T00:33:22.668+0000] {logging_mixin.py:190} INFO - [2024-10-28T00:33:22.668+0000] {dagbag.py:588} INFO - Filling up the DagBag from /home/airflow/.local/lib/python3.12/site-packages/airflow/example_dags/example_python_operator.py
[2024-10-28T00:33:22.683+0000] {processor.py:925} INFO - DAG(s) 'example_python_operator' retrieved from /home/airflow/.local/lib/python3.12/site-packages/airflow/example_dags/example_python_operator.py
[2024-10-28T00:33:22.706+0000] {logging_mixin.py:190} INFO - [2024-10-28T00:33:22.706+0000] {dag.py:3239} INFO - Sync 1 DAGs
[2024-10-28T00:33:22.722+0000] {logging_mixin.py:190} INFO - [2024-10-28T00:33:22.722+0000] {dag.py:4180} INFO - Setting next_dagrun for example_python_operator to None, run_after=None
[2024-10-28T00:33:22.742+0000] {processor.py:208} INFO - Processing /home/airflow/.local/lib/python3.12/site-packages/airflow/example_dags/example_python_operator.py took 0.084 seconds
[2024-10-28T00:33:53.487+0000] {processor.py:186} INFO - Started process (PID=50073) to work on /home/airflow/.local/lib/python3.12/site-packages/airflow/example_dags/example_python_operator.py
[2024-10-28T00:33:53.488+0000] {processor.py:914} INFO - Processing file /home/airflow/.local/lib/python3.12/site-packages/airflow/example_dags/example_python_operator.py for tasks to queue
[2024-10-28T00:33:53.489+0000] {logging_mixin.py:190} INFO - [2024-10-28T00:33:53.489+0000] {dagbag.py:588} INFO - Filling up the DagBag from /home/airflow/.local/lib/python3.12/site-packages/airflow/example_dags/example_python_operator.py
[2024-10-28T00:33:53.502+0000] {processor.py:925} INFO - DAG(s) 'example_python_operator' retrieved from /home/airflow/.local/lib/python3.12/site-packages/airflow/example_dags/example_python_operator.py
[2024-10-28T00:33:53.526+0000] {logging_mixin.py:190} INFO - [2024-10-28T00:33:53.525+0000] {dag.py:3239} INFO - Sync 1 DAGs
[2024-10-28T00:33:53.542+0000] {logging_mixin.py:190} INFO - [2024-10-28T00:33:53.542+0000] {dag.py:4180} INFO - Setting next_dagrun for example_python_operator to None, run_after=None
[2024-10-28T00:33:53.562+0000] {processor.py:208} INFO - Processing /home/airflow/.local/lib/python3.12/site-packages/airflow/example_dags/example_python_operator.py took 0.082 seconds
