[2024-10-28T00:00:16.774+0000] {processor.py:186} INFO - Started process (PID=45197) to work on /home/airflow/.local/lib/python3.12/site-packages/airflow/example_dags/example_branch_labels.py
[2024-10-28T00:00:16.776+0000] {processor.py:914} INFO - Processing file /home/airflow/.local/lib/python3.12/site-packages/airflow/example_dags/example_branch_labels.py for tasks to queue
[2024-10-28T00:00:16.777+0000] {logging_mixin.py:190} INFO - [2024-10-28T00:00:16.777+0000] {dagbag.py:588} INFO - Filling up the DagBag from /home/airflow/.local/lib/python3.12/site-packages/airflow/example_dags/example_branch_labels.py
[2024-10-28T00:00:16.788+0000] {processor.py:925} INFO - DAG(s) 'example_branch_labels' retrieved from /home/airflow/.local/lib/python3.12/site-packages/airflow/example_dags/example_branch_labels.py
[2024-10-28T00:00:16.815+0000] {logging_mixin.py:190} INFO - [2024-10-28T00:00:16.814+0000] {dag.py:3239} INFO - Sync 1 DAGs
[2024-10-28T00:00:16.847+0000] {logging_mixin.py:190} INFO - [2024-10-28T00:00:16.847+0000] {dag.py:4180} INFO - Setting next_dagrun for example_branch_labels to 2024-10-27 00:00:00+00:00, run_after=2024-10-28 00:00:00+00:00
[2024-10-28T00:00:16.873+0000] {processor.py:208} INFO - Processing /home/airflow/.local/lib/python3.12/site-packages/airflow/example_dags/example_branch_labels.py took 0.107 seconds
[2024-10-28T00:00:47.414+0000] {processor.py:186} INFO - Started process (PID=45271) to work on /home/airflow/.local/lib/python3.12/site-packages/airflow/example_dags/example_branch_labels.py
[2024-10-28T00:00:47.415+0000] {processor.py:914} INFO - Processing file /home/airflow/.local/lib/python3.12/site-packages/airflow/example_dags/example_branch_labels.py for tasks to queue
[2024-10-28T00:00:47.417+0000] {logging_mixin.py:190} INFO - [2024-10-28T00:00:47.416+0000] {dagbag.py:588} INFO - Filling up the DagBag from /home/airflow/.local/lib/python3.12/site-packages/airflow/example_dags/example_branch_labels.py
[2024-10-28T00:00:47.427+0000] {processor.py:925} INFO - DAG(s) 'example_branch_labels' retrieved from /home/airflow/.local/lib/python3.12/site-packages/airflow/example_dags/example_branch_labels.py
[2024-10-28T00:00:47.452+0000] {logging_mixin.py:190} INFO - [2024-10-28T00:00:47.452+0000] {dag.py:3239} INFO - Sync 1 DAGs
[2024-10-28T00:00:47.480+0000] {logging_mixin.py:190} INFO - [2024-10-28T00:00:47.480+0000] {dag.py:4180} INFO - Setting next_dagrun for example_branch_labels to 2024-10-27 00:00:00+00:00, run_after=2024-10-28 00:00:00+00:00
[2024-10-28T00:00:47.507+0000] {processor.py:208} INFO - Processing /home/airflow/.local/lib/python3.12/site-packages/airflow/example_dags/example_branch_labels.py took 0.099 seconds
[2024-10-28T00:01:17.946+0000] {processor.py:186} INFO - Started process (PID=45345) to work on /home/airflow/.local/lib/python3.12/site-packages/airflow/example_dags/example_branch_labels.py
[2024-10-28T00:01:17.948+0000] {processor.py:914} INFO - Processing file /home/airflow/.local/lib/python3.12/site-packages/airflow/example_dags/example_branch_labels.py for tasks to queue
[2024-10-28T00:01:17.951+0000] {logging_mixin.py:190} INFO - [2024-10-28T00:01:17.950+0000] {dagbag.py:588} INFO - Filling up the DagBag from /home/airflow/.local/lib/python3.12/site-packages/airflow/example_dags/example_branch_labels.py
[2024-10-28T00:01:17.961+0000] {processor.py:925} INFO - DAG(s) 'example_branch_labels' retrieved from /home/airflow/.local/lib/python3.12/site-packages/airflow/example_dags/example_branch_labels.py
[2024-10-28T00:01:17.987+0000] {logging_mixin.py:190} INFO - [2024-10-28T00:01:17.986+0000] {dag.py:3239} INFO - Sync 1 DAGs
[2024-10-28T00:01:18.015+0000] {logging_mixin.py:190} INFO - [2024-10-28T00:01:18.014+0000] {dag.py:4180} INFO - Setting next_dagrun for example_branch_labels to 2024-10-27 00:00:00+00:00, run_after=2024-10-28 00:00:00+00:00
[2024-10-28T00:01:18.038+0000] {processor.py:208} INFO - Processing /home/airflow/.local/lib/python3.12/site-packages/airflow/example_dags/example_branch_labels.py took 0.098 seconds
[2024-10-28T00:01:49.047+0000] {processor.py:186} INFO - Started process (PID=45419) to work on /home/airflow/.local/lib/python3.12/site-packages/airflow/example_dags/example_branch_labels.py
[2024-10-28T00:01:49.048+0000] {processor.py:914} INFO - Processing file /home/airflow/.local/lib/python3.12/site-packages/airflow/example_dags/example_branch_labels.py for tasks to queue
[2024-10-28T00:01:49.050+0000] {logging_mixin.py:190} INFO - [2024-10-28T00:01:49.049+0000] {dagbag.py:588} INFO - Filling up the DagBag from /home/airflow/.local/lib/python3.12/site-packages/airflow/example_dags/example_branch_labels.py
[2024-10-28T00:01:49.059+0000] {processor.py:925} INFO - DAG(s) 'example_branch_labels' retrieved from /home/airflow/.local/lib/python3.12/site-packages/airflow/example_dags/example_branch_labels.py
[2024-10-28T00:01:49.082+0000] {logging_mixin.py:190} INFO - [2024-10-28T00:01:49.082+0000] {dag.py:3239} INFO - Sync 1 DAGs
[2024-10-28T00:01:49.107+0000] {logging_mixin.py:190} INFO - [2024-10-28T00:01:49.107+0000] {dag.py:4180} INFO - Setting next_dagrun for example_branch_labels to 2024-10-27 00:00:00+00:00, run_after=2024-10-28 00:00:00+00:00
[2024-10-28T00:01:49.127+0000] {processor.py:208} INFO - Processing /home/airflow/.local/lib/python3.12/site-packages/airflow/example_dags/example_branch_labels.py took 0.086 seconds
[2024-10-28T00:02:19.258+0000] {processor.py:186} INFO - Started process (PID=45493) to work on /home/airflow/.local/lib/python3.12/site-packages/airflow/example_dags/example_branch_labels.py
[2024-10-28T00:02:19.259+0000] {processor.py:914} INFO - Processing file /home/airflow/.local/lib/python3.12/site-packages/airflow/example_dags/example_branch_labels.py for tasks to queue
[2024-10-28T00:02:19.261+0000] {logging_mixin.py:190} INFO - [2024-10-28T00:02:19.260+0000] {dagbag.py:588} INFO - Filling up the DagBag from /home/airflow/.local/lib/python3.12/site-packages/airflow/example_dags/example_branch_labels.py
[2024-10-28T00:02:19.270+0000] {processor.py:925} INFO - DAG(s) 'example_branch_labels' retrieved from /home/airflow/.local/lib/python3.12/site-packages/airflow/example_dags/example_branch_labels.py
[2024-10-28T00:02:19.294+0000] {logging_mixin.py:190} INFO - [2024-10-28T00:02:19.293+0000] {dag.py:3239} INFO - Sync 1 DAGs
[2024-10-28T00:02:19.321+0000] {logging_mixin.py:190} INFO - [2024-10-28T00:02:19.321+0000] {dag.py:4180} INFO - Setting next_dagrun for example_branch_labels to 2024-10-27 00:00:00+00:00, run_after=2024-10-28 00:00:00+00:00
[2024-10-28T00:02:19.345+0000] {processor.py:208} INFO - Processing /home/airflow/.local/lib/python3.12/site-packages/airflow/example_dags/example_branch_labels.py took 0.094 seconds
[2024-10-28T00:02:49.503+0000] {processor.py:186} INFO - Started process (PID=45567) to work on /home/airflow/.local/lib/python3.12/site-packages/airflow/example_dags/example_branch_labels.py
[2024-10-28T00:02:49.505+0000] {processor.py:914} INFO - Processing file /home/airflow/.local/lib/python3.12/site-packages/airflow/example_dags/example_branch_labels.py for tasks to queue
[2024-10-28T00:02:49.507+0000] {logging_mixin.py:190} INFO - [2024-10-28T00:02:49.506+0000] {dagbag.py:588} INFO - Filling up the DagBag from /home/airflow/.local/lib/python3.12/site-packages/airflow/example_dags/example_branch_labels.py
[2024-10-28T00:02:49.517+0000] {processor.py:925} INFO - DAG(s) 'example_branch_labels' retrieved from /home/airflow/.local/lib/python3.12/site-packages/airflow/example_dags/example_branch_labels.py
[2024-10-28T00:02:49.540+0000] {logging_mixin.py:190} INFO - [2024-10-28T00:02:49.540+0000] {dag.py:3239} INFO - Sync 1 DAGs
[2024-10-28T00:02:49.568+0000] {logging_mixin.py:190} INFO - [2024-10-28T00:02:49.567+0000] {dag.py:4180} INFO - Setting next_dagrun for example_branch_labels to 2024-10-27 00:00:00+00:00, run_after=2024-10-28 00:00:00+00:00
[2024-10-28T00:02:49.587+0000] {processor.py:208} INFO - Processing /home/airflow/.local/lib/python3.12/site-packages/airflow/example_dags/example_branch_labels.py took 0.090 seconds
[2024-10-28T00:03:19.879+0000] {processor.py:186} INFO - Started process (PID=45641) to work on /home/airflow/.local/lib/python3.12/site-packages/airflow/example_dags/example_branch_labels.py
[2024-10-28T00:03:19.880+0000] {processor.py:914} INFO - Processing file /home/airflow/.local/lib/python3.12/site-packages/airflow/example_dags/example_branch_labels.py for tasks to queue
[2024-10-28T00:03:19.882+0000] {logging_mixin.py:190} INFO - [2024-10-28T00:03:19.882+0000] {dagbag.py:588} INFO - Filling up the DagBag from /home/airflow/.local/lib/python3.12/site-packages/airflow/example_dags/example_branch_labels.py
[2024-10-28T00:03:19.891+0000] {processor.py:925} INFO - DAG(s) 'example_branch_labels' retrieved from /home/airflow/.local/lib/python3.12/site-packages/airflow/example_dags/example_branch_labels.py
[2024-10-28T00:03:19.913+0000] {logging_mixin.py:190} INFO - [2024-10-28T00:03:19.912+0000] {dag.py:3239} INFO - Sync 1 DAGs
[2024-10-28T00:03:19.937+0000] {logging_mixin.py:190} INFO - [2024-10-28T00:03:19.937+0000] {dag.py:4180} INFO - Setting next_dagrun for example_branch_labels to 2024-10-27 00:00:00+00:00, run_after=2024-10-28 00:00:00+00:00
[2024-10-28T00:03:19.955+0000] {processor.py:208} INFO - Processing /home/airflow/.local/lib/python3.12/site-packages/airflow/example_dags/example_branch_labels.py took 0.082 seconds
[2024-10-28T00:03:50.053+0000] {processor.py:186} INFO - Started process (PID=45715) to work on /home/airflow/.local/lib/python3.12/site-packages/airflow/example_dags/example_branch_labels.py
[2024-10-28T00:03:50.054+0000] {processor.py:914} INFO - Processing file /home/airflow/.local/lib/python3.12/site-packages/airflow/example_dags/example_branch_labels.py for tasks to queue
[2024-10-28T00:03:50.056+0000] {logging_mixin.py:190} INFO - [2024-10-28T00:03:50.055+0000] {dagbag.py:588} INFO - Filling up the DagBag from /home/airflow/.local/lib/python3.12/site-packages/airflow/example_dags/example_branch_labels.py
[2024-10-28T00:03:50.064+0000] {processor.py:925} INFO - DAG(s) 'example_branch_labels' retrieved from /home/airflow/.local/lib/python3.12/site-packages/airflow/example_dags/example_branch_labels.py
[2024-10-28T00:03:50.085+0000] {logging_mixin.py:190} INFO - [2024-10-28T00:03:50.084+0000] {dag.py:3239} INFO - Sync 1 DAGs
[2024-10-28T00:03:50.110+0000] {logging_mixin.py:190} INFO - [2024-10-28T00:03:50.109+0000] {dag.py:4180} INFO - Setting next_dagrun for example_branch_labels to 2024-10-27 00:00:00+00:00, run_after=2024-10-28 00:00:00+00:00
[2024-10-28T00:03:50.128+0000] {processor.py:208} INFO - Processing /home/airflow/.local/lib/python3.12/site-packages/airflow/example_dags/example_branch_labels.py took 0.080 seconds
[2024-10-28T00:04:20.657+0000] {processor.py:186} INFO - Started process (PID=45788) to work on /home/airflow/.local/lib/python3.12/site-packages/airflow/example_dags/example_branch_labels.py
[2024-10-28T00:04:20.658+0000] {processor.py:914} INFO - Processing file /home/airflow/.local/lib/python3.12/site-packages/airflow/example_dags/example_branch_labels.py for tasks to queue
[2024-10-28T00:04:20.659+0000] {logging_mixin.py:190} INFO - [2024-10-28T00:04:20.659+0000] {dagbag.py:588} INFO - Filling up the DagBag from /home/airflow/.local/lib/python3.12/site-packages/airflow/example_dags/example_branch_labels.py
[2024-10-28T00:04:20.668+0000] {processor.py:925} INFO - DAG(s) 'example_branch_labels' retrieved from /home/airflow/.local/lib/python3.12/site-packages/airflow/example_dags/example_branch_labels.py
[2024-10-28T00:04:20.690+0000] {logging_mixin.py:190} INFO - [2024-10-28T00:04:20.689+0000] {dag.py:3239} INFO - Sync 1 DAGs
[2024-10-28T00:04:20.714+0000] {logging_mixin.py:190} INFO - [2024-10-28T00:04:20.714+0000] {dag.py:4180} INFO - Setting next_dagrun for example_branch_labels to 2024-10-27 00:00:00+00:00, run_after=2024-10-28 00:00:00+00:00
[2024-10-28T00:04:20.731+0000] {processor.py:208} INFO - Processing /home/airflow/.local/lib/python3.12/site-packages/airflow/example_dags/example_branch_labels.py took 0.080 seconds
[2024-10-28T00:04:51.090+0000] {processor.py:186} INFO - Started process (PID=45862) to work on /home/airflow/.local/lib/python3.12/site-packages/airflow/example_dags/example_branch_labels.py
[2024-10-28T00:04:51.091+0000] {processor.py:914} INFO - Processing file /home/airflow/.local/lib/python3.12/site-packages/airflow/example_dags/example_branch_labels.py for tasks to queue
[2024-10-28T00:04:51.093+0000] {logging_mixin.py:190} INFO - [2024-10-28T00:04:51.093+0000] {dagbag.py:588} INFO - Filling up the DagBag from /home/airflow/.local/lib/python3.12/site-packages/airflow/example_dags/example_branch_labels.py
[2024-10-28T00:04:51.105+0000] {processor.py:925} INFO - DAG(s) 'example_branch_labels' retrieved from /home/airflow/.local/lib/python3.12/site-packages/airflow/example_dags/example_branch_labels.py
[2024-10-28T00:04:51.132+0000] {logging_mixin.py:190} INFO - [2024-10-28T00:04:51.131+0000] {dag.py:3239} INFO - Sync 1 DAGs
[2024-10-28T00:04:51.164+0000] {logging_mixin.py:190} INFO - [2024-10-28T00:04:51.163+0000] {dag.py:4180} INFO - Setting next_dagrun for example_branch_labels to 2024-10-27 00:00:00+00:00, run_after=2024-10-28 00:00:00+00:00
[2024-10-28T00:04:51.185+0000] {processor.py:208} INFO - Processing /home/airflow/.local/lib/python3.12/site-packages/airflow/example_dags/example_branch_labels.py took 0.103 seconds
[2024-10-28T00:05:21.952+0000] {processor.py:186} INFO - Started process (PID=45936) to work on /home/airflow/.local/lib/python3.12/site-packages/airflow/example_dags/example_branch_labels.py
[2024-10-28T00:05:21.954+0000] {processor.py:914} INFO - Processing file /home/airflow/.local/lib/python3.12/site-packages/airflow/example_dags/example_branch_labels.py for tasks to queue
[2024-10-28T00:05:21.956+0000] {logging_mixin.py:190} INFO - [2024-10-28T00:05:21.955+0000] {dagbag.py:588} INFO - Filling up the DagBag from /home/airflow/.local/lib/python3.12/site-packages/airflow/example_dags/example_branch_labels.py
[2024-10-28T00:05:21.972+0000] {processor.py:925} INFO - DAG(s) 'example_branch_labels' retrieved from /home/airflow/.local/lib/python3.12/site-packages/airflow/example_dags/example_branch_labels.py
[2024-10-28T00:05:22.005+0000] {logging_mixin.py:190} INFO - [2024-10-28T00:05:22.005+0000] {dag.py:3239} INFO - Sync 1 DAGs
[2024-10-28T00:05:22.049+0000] {logging_mixin.py:190} INFO - [2024-10-28T00:05:22.049+0000] {dag.py:4180} INFO - Setting next_dagrun for example_branch_labels to 2024-10-27 00:00:00+00:00, run_after=2024-10-28 00:00:00+00:00
[2024-10-28T00:05:22.081+0000] {processor.py:208} INFO - Processing /home/airflow/.local/lib/python3.12/site-packages/airflow/example_dags/example_branch_labels.py took 0.142 seconds
[2024-10-28T00:05:52.377+0000] {processor.py:186} INFO - Started process (PID=46010) to work on /home/airflow/.local/lib/python3.12/site-packages/airflow/example_dags/example_branch_labels.py
[2024-10-28T00:05:52.379+0000] {processor.py:914} INFO - Processing file /home/airflow/.local/lib/python3.12/site-packages/airflow/example_dags/example_branch_labels.py for tasks to queue
[2024-10-28T00:05:52.380+0000] {logging_mixin.py:190} INFO - [2024-10-28T00:05:52.380+0000] {dagbag.py:588} INFO - Filling up the DagBag from /home/airflow/.local/lib/python3.12/site-packages/airflow/example_dags/example_branch_labels.py
[2024-10-28T00:05:52.390+0000] {processor.py:925} INFO - DAG(s) 'example_branch_labels' retrieved from /home/airflow/.local/lib/python3.12/site-packages/airflow/example_dags/example_branch_labels.py
[2024-10-28T00:05:52.413+0000] {logging_mixin.py:190} INFO - [2024-10-28T00:05:52.413+0000] {dag.py:3239} INFO - Sync 1 DAGs
[2024-10-28T00:05:52.440+0000] {logging_mixin.py:190} INFO - [2024-10-28T00:05:52.440+0000] {dag.py:4180} INFO - Setting next_dagrun for example_branch_labels to 2024-10-27 00:00:00+00:00, run_after=2024-10-28 00:00:00+00:00
[2024-10-28T00:05:52.463+0000] {processor.py:208} INFO - Processing /home/airflow/.local/lib/python3.12/site-packages/airflow/example_dags/example_branch_labels.py took 0.093 seconds
[2024-10-28T00:06:22.795+0000] {processor.py:186} INFO - Started process (PID=46084) to work on /home/airflow/.local/lib/python3.12/site-packages/airflow/example_dags/example_branch_labels.py
[2024-10-28T00:06:22.796+0000] {processor.py:914} INFO - Processing file /home/airflow/.local/lib/python3.12/site-packages/airflow/example_dags/example_branch_labels.py for tasks to queue
[2024-10-28T00:06:22.797+0000] {logging_mixin.py:190} INFO - [2024-10-28T00:06:22.797+0000] {dagbag.py:588} INFO - Filling up the DagBag from /home/airflow/.local/lib/python3.12/site-packages/airflow/example_dags/example_branch_labels.py
[2024-10-28T00:06:22.807+0000] {processor.py:925} INFO - DAG(s) 'example_branch_labels' retrieved from /home/airflow/.local/lib/python3.12/site-packages/airflow/example_dags/example_branch_labels.py
[2024-10-28T00:06:22.830+0000] {logging_mixin.py:190} INFO - [2024-10-28T00:06:22.830+0000] {dag.py:3239} INFO - Sync 1 DAGs
[2024-10-28T00:06:22.855+0000] {logging_mixin.py:190} INFO - [2024-10-28T00:06:22.854+0000] {dag.py:4180} INFO - Setting next_dagrun for example_branch_labels to 2024-10-27 00:00:00+00:00, run_after=2024-10-28 00:00:00+00:00
[2024-10-28T00:06:22.876+0000] {processor.py:208} INFO - Processing /home/airflow/.local/lib/python3.12/site-packages/airflow/example_dags/example_branch_labels.py took 0.090 seconds
[2024-10-28T00:06:54.004+0000] {processor.py:186} INFO - Started process (PID=46159) to work on /home/airflow/.local/lib/python3.12/site-packages/airflow/example_dags/example_branch_labels.py
[2024-10-28T00:06:54.005+0000] {processor.py:914} INFO - Processing file /home/airflow/.local/lib/python3.12/site-packages/airflow/example_dags/example_branch_labels.py for tasks to queue
[2024-10-28T00:06:54.006+0000] {logging_mixin.py:190} INFO - [2024-10-28T00:06:54.006+0000] {dagbag.py:588} INFO - Filling up the DagBag from /home/airflow/.local/lib/python3.12/site-packages/airflow/example_dags/example_branch_labels.py
[2024-10-28T00:06:54.015+0000] {processor.py:925} INFO - DAG(s) 'example_branch_labels' retrieved from /home/airflow/.local/lib/python3.12/site-packages/airflow/example_dags/example_branch_labels.py
[2024-10-28T00:06:54.035+0000] {logging_mixin.py:190} INFO - [2024-10-28T00:06:54.034+0000] {dag.py:3239} INFO - Sync 1 DAGs
[2024-10-28T00:06:54.057+0000] {logging_mixin.py:190} INFO - [2024-10-28T00:06:54.057+0000] {dag.py:4180} INFO - Setting next_dagrun for example_branch_labels to 2024-10-27 00:00:00+00:00, run_after=2024-10-28 00:00:00+00:00
[2024-10-28T00:06:54.075+0000] {processor.py:208} INFO - Processing /home/airflow/.local/lib/python3.12/site-packages/airflow/example_dags/example_branch_labels.py took 0.076 seconds
[2024-10-28T00:07:24.548+0000] {processor.py:186} INFO - Started process (PID=46233) to work on /home/airflow/.local/lib/python3.12/site-packages/airflow/example_dags/example_branch_labels.py
[2024-10-28T00:07:24.549+0000] {processor.py:914} INFO - Processing file /home/airflow/.local/lib/python3.12/site-packages/airflow/example_dags/example_branch_labels.py for tasks to queue
[2024-10-28T00:07:24.550+0000] {logging_mixin.py:190} INFO - [2024-10-28T00:07:24.550+0000] {dagbag.py:588} INFO - Filling up the DagBag from /home/airflow/.local/lib/python3.12/site-packages/airflow/example_dags/example_branch_labels.py
[2024-10-28T00:07:24.559+0000] {processor.py:925} INFO - DAG(s) 'example_branch_labels' retrieved from /home/airflow/.local/lib/python3.12/site-packages/airflow/example_dags/example_branch_labels.py
[2024-10-28T00:07:24.580+0000] {logging_mixin.py:190} INFO - [2024-10-28T00:07:24.580+0000] {dag.py:3239} INFO - Sync 1 DAGs
[2024-10-28T00:07:24.605+0000] {logging_mixin.py:190} INFO - [2024-10-28T00:07:24.604+0000] {dag.py:4180} INFO - Setting next_dagrun for example_branch_labels to 2024-10-27 00:00:00+00:00, run_after=2024-10-28 00:00:00+00:00
[2024-10-28T00:07:24.622+0000] {processor.py:208} INFO - Processing /home/airflow/.local/lib/python3.12/site-packages/airflow/example_dags/example_branch_labels.py took 0.081 seconds
[2024-10-28T00:07:55.343+0000] {processor.py:186} INFO - Started process (PID=46308) to work on /home/airflow/.local/lib/python3.12/site-packages/airflow/example_dags/example_branch_labels.py
[2024-10-28T00:07:55.344+0000] {processor.py:914} INFO - Processing file /home/airflow/.local/lib/python3.12/site-packages/airflow/example_dags/example_branch_labels.py for tasks to queue
[2024-10-28T00:07:55.345+0000] {logging_mixin.py:190} INFO - [2024-10-28T00:07:55.345+0000] {dagbag.py:588} INFO - Filling up the DagBag from /home/airflow/.local/lib/python3.12/site-packages/airflow/example_dags/example_branch_labels.py
[2024-10-28T00:07:55.354+0000] {processor.py:925} INFO - DAG(s) 'example_branch_labels' retrieved from /home/airflow/.local/lib/python3.12/site-packages/airflow/example_dags/example_branch_labels.py
[2024-10-28T00:07:55.374+0000] {logging_mixin.py:190} INFO - [2024-10-28T00:07:55.374+0000] {dag.py:3239} INFO - Sync 1 DAGs
[2024-10-28T00:07:55.403+0000] {logging_mixin.py:190} INFO - [2024-10-28T00:07:55.403+0000] {dag.py:4180} INFO - Setting next_dagrun for example_branch_labels to 2024-10-27 00:00:00+00:00, run_after=2024-10-28 00:00:00+00:00
[2024-10-28T00:07:55.421+0000] {processor.py:208} INFO - Processing /home/airflow/.local/lib/python3.12/site-packages/airflow/example_dags/example_branch_labels.py took 0.084 seconds
[2024-10-28T00:08:25.868+0000] {processor.py:186} INFO - Started process (PID=46382) to work on /home/airflow/.local/lib/python3.12/site-packages/airflow/example_dags/example_branch_labels.py
[2024-10-28T00:08:25.870+0000] {processor.py:914} INFO - Processing file /home/airflow/.local/lib/python3.12/site-packages/airflow/example_dags/example_branch_labels.py for tasks to queue
[2024-10-28T00:08:25.871+0000] {logging_mixin.py:190} INFO - [2024-10-28T00:08:25.871+0000] {dagbag.py:588} INFO - Filling up the DagBag from /home/airflow/.local/lib/python3.12/site-packages/airflow/example_dags/example_branch_labels.py
[2024-10-28T00:08:25.881+0000] {processor.py:925} INFO - DAG(s) 'example_branch_labels' retrieved from /home/airflow/.local/lib/python3.12/site-packages/airflow/example_dags/example_branch_labels.py
[2024-10-28T00:08:25.902+0000] {logging_mixin.py:190} INFO - [2024-10-28T00:08:25.902+0000] {dag.py:3239} INFO - Sync 1 DAGs
[2024-10-28T00:08:25.927+0000] {logging_mixin.py:190} INFO - [2024-10-28T00:08:25.927+0000] {dag.py:4180} INFO - Setting next_dagrun for example_branch_labels to 2024-10-27 00:00:00+00:00, run_after=2024-10-28 00:00:00+00:00
[2024-10-28T00:08:25.948+0000] {processor.py:208} INFO - Processing /home/airflow/.local/lib/python3.12/site-packages/airflow/example_dags/example_branch_labels.py took 0.085 seconds
[2024-10-28T00:08:56.740+0000] {processor.py:186} INFO - Started process (PID=46456) to work on /home/airflow/.local/lib/python3.12/site-packages/airflow/example_dags/example_branch_labels.py
[2024-10-28T00:08:56.741+0000] {processor.py:914} INFO - Processing file /home/airflow/.local/lib/python3.12/site-packages/airflow/example_dags/example_branch_labels.py for tasks to queue
[2024-10-28T00:08:56.742+0000] {logging_mixin.py:190} INFO - [2024-10-28T00:08:56.742+0000] {dagbag.py:588} INFO - Filling up the DagBag from /home/airflow/.local/lib/python3.12/site-packages/airflow/example_dags/example_branch_labels.py
[2024-10-28T00:08:56.751+0000] {processor.py:925} INFO - DAG(s) 'example_branch_labels' retrieved from /home/airflow/.local/lib/python3.12/site-packages/airflow/example_dags/example_branch_labels.py
[2024-10-28T00:08:56.774+0000] {logging_mixin.py:190} INFO - [2024-10-28T00:08:56.774+0000] {dag.py:3239} INFO - Sync 1 DAGs
[2024-10-28T00:08:56.799+0000] {logging_mixin.py:190} INFO - [2024-10-28T00:08:56.799+0000] {dag.py:4180} INFO - Setting next_dagrun for example_branch_labels to 2024-10-27 00:00:00+00:00, run_after=2024-10-28 00:00:00+00:00
[2024-10-28T00:08:56.822+0000] {processor.py:208} INFO - Processing /home/airflow/.local/lib/python3.12/site-packages/airflow/example_dags/example_branch_labels.py took 0.089 seconds
[2024-10-28T00:09:27.113+0000] {processor.py:186} INFO - Started process (PID=46530) to work on /home/airflow/.local/lib/python3.12/site-packages/airflow/example_dags/example_branch_labels.py
[2024-10-28T00:09:27.114+0000] {processor.py:914} INFO - Processing file /home/airflow/.local/lib/python3.12/site-packages/airflow/example_dags/example_branch_labels.py for tasks to queue
[2024-10-28T00:09:27.116+0000] {logging_mixin.py:190} INFO - [2024-10-28T00:09:27.115+0000] {dagbag.py:588} INFO - Filling up the DagBag from /home/airflow/.local/lib/python3.12/site-packages/airflow/example_dags/example_branch_labels.py
[2024-10-28T00:09:27.124+0000] {processor.py:925} INFO - DAG(s) 'example_branch_labels' retrieved from /home/airflow/.local/lib/python3.12/site-packages/airflow/example_dags/example_branch_labels.py
[2024-10-28T00:09:27.144+0000] {logging_mixin.py:190} INFO - [2024-10-28T00:09:27.143+0000] {dag.py:3239} INFO - Sync 1 DAGs
[2024-10-28T00:09:27.166+0000] {logging_mixin.py:190} INFO - [2024-10-28T00:09:27.166+0000] {dag.py:4180} INFO - Setting next_dagrun for example_branch_labels to 2024-10-27 00:00:00+00:00, run_after=2024-10-28 00:00:00+00:00
[2024-10-28T00:09:27.183+0000] {processor.py:208} INFO - Processing /home/airflow/.local/lib/python3.12/site-packages/airflow/example_dags/example_branch_labels.py took 0.076 seconds
[2024-10-28T00:09:57.376+0000] {processor.py:186} INFO - Started process (PID=46604) to work on /home/airflow/.local/lib/python3.12/site-packages/airflow/example_dags/example_branch_labels.py
[2024-10-28T00:09:57.378+0000] {processor.py:914} INFO - Processing file /home/airflow/.local/lib/python3.12/site-packages/airflow/example_dags/example_branch_labels.py for tasks to queue
[2024-10-28T00:09:57.381+0000] {logging_mixin.py:190} INFO - [2024-10-28T00:09:57.380+0000] {dagbag.py:588} INFO - Filling up the DagBag from /home/airflow/.local/lib/python3.12/site-packages/airflow/example_dags/example_branch_labels.py
[2024-10-28T00:09:57.390+0000] {processor.py:925} INFO - DAG(s) 'example_branch_labels' retrieved from /home/airflow/.local/lib/python3.12/site-packages/airflow/example_dags/example_branch_labels.py
[2024-10-28T00:09:57.414+0000] {logging_mixin.py:190} INFO - [2024-10-28T00:09:57.414+0000] {dag.py:3239} INFO - Sync 1 DAGs
[2024-10-28T00:09:57.442+0000] {logging_mixin.py:190} INFO - [2024-10-28T00:09:57.442+0000] {dag.py:4180} INFO - Setting next_dagrun for example_branch_labels to 2024-10-27 00:00:00+00:00, run_after=2024-10-28 00:00:00+00:00
[2024-10-28T00:09:57.467+0000] {processor.py:208} INFO - Processing /home/airflow/.local/lib/python3.12/site-packages/airflow/example_dags/example_branch_labels.py took 0.097 seconds
[2024-10-28T00:10:27.627+0000] {processor.py:186} INFO - Started process (PID=46678) to work on /home/airflow/.local/lib/python3.12/site-packages/airflow/example_dags/example_branch_labels.py
[2024-10-28T00:10:27.628+0000] {processor.py:914} INFO - Processing file /home/airflow/.local/lib/python3.12/site-packages/airflow/example_dags/example_branch_labels.py for tasks to queue
[2024-10-28T00:10:27.630+0000] {logging_mixin.py:190} INFO - [2024-10-28T00:10:27.630+0000] {dagbag.py:588} INFO - Filling up the DagBag from /home/airflow/.local/lib/python3.12/site-packages/airflow/example_dags/example_branch_labels.py
[2024-10-28T00:10:27.639+0000] {processor.py:925} INFO - DAG(s) 'example_branch_labels' retrieved from /home/airflow/.local/lib/python3.12/site-packages/airflow/example_dags/example_branch_labels.py
[2024-10-28T00:10:27.661+0000] {logging_mixin.py:190} INFO - [2024-10-28T00:10:27.661+0000] {dag.py:3239} INFO - Sync 1 DAGs
[2024-10-28T00:10:27.687+0000] {logging_mixin.py:190} INFO - [2024-10-28T00:10:27.687+0000] {dag.py:4180} INFO - Setting next_dagrun for example_branch_labels to 2024-10-27 00:00:00+00:00, run_after=2024-10-28 00:00:00+00:00
[2024-10-28T00:10:27.708+0000] {processor.py:208} INFO - Processing /home/airflow/.local/lib/python3.12/site-packages/airflow/example_dags/example_branch_labels.py took 0.089 seconds
[2024-10-28T00:10:58.709+0000] {processor.py:186} INFO - Started process (PID=46752) to work on /home/airflow/.local/lib/python3.12/site-packages/airflow/example_dags/example_branch_labels.py
[2024-10-28T00:10:58.710+0000] {processor.py:914} INFO - Processing file /home/airflow/.local/lib/python3.12/site-packages/airflow/example_dags/example_branch_labels.py for tasks to queue
[2024-10-28T00:10:58.712+0000] {logging_mixin.py:190} INFO - [2024-10-28T00:10:58.711+0000] {dagbag.py:588} INFO - Filling up the DagBag from /home/airflow/.local/lib/python3.12/site-packages/airflow/example_dags/example_branch_labels.py
[2024-10-28T00:10:58.721+0000] {processor.py:925} INFO - DAG(s) 'example_branch_labels' retrieved from /home/airflow/.local/lib/python3.12/site-packages/airflow/example_dags/example_branch_labels.py
[2024-10-28T00:10:58.743+0000] {logging_mixin.py:190} INFO - [2024-10-28T00:10:58.743+0000] {dag.py:3239} INFO - Sync 1 DAGs
[2024-10-28T00:10:58.767+0000] {logging_mixin.py:190} INFO - [2024-10-28T00:10:58.767+0000] {dag.py:4180} INFO - Setting next_dagrun for example_branch_labels to 2024-10-27 00:00:00+00:00, run_after=2024-10-28 00:00:00+00:00
[2024-10-28T00:10:58.787+0000] {processor.py:208} INFO - Processing /home/airflow/.local/lib/python3.12/site-packages/airflow/example_dags/example_branch_labels.py took 0.084 seconds
[2024-10-28T00:11:28.876+0000] {processor.py:186} INFO - Started process (PID=46825) to work on /home/airflow/.local/lib/python3.12/site-packages/airflow/example_dags/example_branch_labels.py
[2024-10-28T00:11:28.878+0000] {processor.py:914} INFO - Processing file /home/airflow/.local/lib/python3.12/site-packages/airflow/example_dags/example_branch_labels.py for tasks to queue
[2024-10-28T00:11:28.880+0000] {logging_mixin.py:190} INFO - [2024-10-28T00:11:28.880+0000] {dagbag.py:588} INFO - Filling up the DagBag from /home/airflow/.local/lib/python3.12/site-packages/airflow/example_dags/example_branch_labels.py
[2024-10-28T00:11:28.895+0000] {processor.py:925} INFO - DAG(s) 'example_branch_labels' retrieved from /home/airflow/.local/lib/python3.12/site-packages/airflow/example_dags/example_branch_labels.py
[2024-10-28T00:11:28.918+0000] {logging_mixin.py:190} INFO - [2024-10-28T00:11:28.918+0000] {dag.py:3239} INFO - Sync 1 DAGs
[2024-10-28T00:11:28.942+0000] {logging_mixin.py:190} INFO - [2024-10-28T00:11:28.941+0000] {dag.py:4180} INFO - Setting next_dagrun for example_branch_labels to 2024-10-27 00:00:00+00:00, run_after=2024-10-28 00:00:00+00:00
[2024-10-28T00:11:28.959+0000] {processor.py:208} INFO - Processing /home/airflow/.local/lib/python3.12/site-packages/airflow/example_dags/example_branch_labels.py took 0.092 seconds
[2024-10-28T00:11:59.617+0000] {processor.py:186} INFO - Started process (PID=46900) to work on /home/airflow/.local/lib/python3.12/site-packages/airflow/example_dags/example_branch_labels.py
[2024-10-28T00:11:59.618+0000] {processor.py:914} INFO - Processing file /home/airflow/.local/lib/python3.12/site-packages/airflow/example_dags/example_branch_labels.py for tasks to queue
[2024-10-28T00:11:59.620+0000] {logging_mixin.py:190} INFO - [2024-10-28T00:11:59.619+0000] {dagbag.py:588} INFO - Filling up the DagBag from /home/airflow/.local/lib/python3.12/site-packages/airflow/example_dags/example_branch_labels.py
[2024-10-28T00:11:59.628+0000] {processor.py:925} INFO - DAG(s) 'example_branch_labels' retrieved from /home/airflow/.local/lib/python3.12/site-packages/airflow/example_dags/example_branch_labels.py
[2024-10-28T00:11:59.653+0000] {logging_mixin.py:190} INFO - [2024-10-28T00:11:59.652+0000] {dag.py:3239} INFO - Sync 1 DAGs
[2024-10-28T00:11:59.679+0000] {logging_mixin.py:190} INFO - [2024-10-28T00:11:59.679+0000] {dag.py:4180} INFO - Setting next_dagrun for example_branch_labels to 2024-10-27 00:00:00+00:00, run_after=2024-10-28 00:00:00+00:00
[2024-10-28T00:11:59.698+0000] {processor.py:208} INFO - Processing /home/airflow/.local/lib/python3.12/site-packages/airflow/example_dags/example_branch_labels.py took 0.086 seconds
[2024-10-28T00:12:29.771+0000] {processor.py:186} INFO - Started process (PID=46973) to work on /home/airflow/.local/lib/python3.12/site-packages/airflow/example_dags/example_branch_labels.py
[2024-10-28T00:12:29.772+0000] {processor.py:914} INFO - Processing file /home/airflow/.local/lib/python3.12/site-packages/airflow/example_dags/example_branch_labels.py for tasks to queue
[2024-10-28T00:12:29.774+0000] {logging_mixin.py:190} INFO - [2024-10-28T00:12:29.773+0000] {dagbag.py:588} INFO - Filling up the DagBag from /home/airflow/.local/lib/python3.12/site-packages/airflow/example_dags/example_branch_labels.py
[2024-10-28T00:12:29.782+0000] {processor.py:925} INFO - DAG(s) 'example_branch_labels' retrieved from /home/airflow/.local/lib/python3.12/site-packages/airflow/example_dags/example_branch_labels.py
[2024-10-28T00:12:29.802+0000] {logging_mixin.py:190} INFO - [2024-10-28T00:12:29.802+0000] {dag.py:3239} INFO - Sync 1 DAGs
[2024-10-28T00:12:29.832+0000] {logging_mixin.py:190} INFO - [2024-10-28T00:12:29.832+0000] {dag.py:4180} INFO - Setting next_dagrun for example_branch_labels to 2024-10-27 00:00:00+00:00, run_after=2024-10-28 00:00:00+00:00
[2024-10-28T00:12:29.851+0000] {processor.py:208} INFO - Processing /home/airflow/.local/lib/python3.12/site-packages/airflow/example_dags/example_branch_labels.py took 0.086 seconds
[2024-10-28T00:13:00.371+0000] {processor.py:186} INFO - Started process (PID=47048) to work on /home/airflow/.local/lib/python3.12/site-packages/airflow/example_dags/example_branch_labels.py
[2024-10-28T00:13:00.372+0000] {processor.py:914} INFO - Processing file /home/airflow/.local/lib/python3.12/site-packages/airflow/example_dags/example_branch_labels.py for tasks to queue
[2024-10-28T00:13:00.374+0000] {logging_mixin.py:190} INFO - [2024-10-28T00:13:00.374+0000] {dagbag.py:588} INFO - Filling up the DagBag from /home/airflow/.local/lib/python3.12/site-packages/airflow/example_dags/example_branch_labels.py
[2024-10-28T00:13:00.382+0000] {processor.py:925} INFO - DAG(s) 'example_branch_labels' retrieved from /home/airflow/.local/lib/python3.12/site-packages/airflow/example_dags/example_branch_labels.py
[2024-10-28T00:13:00.402+0000] {logging_mixin.py:190} INFO - [2024-10-28T00:13:00.401+0000] {dag.py:3239} INFO - Sync 1 DAGs
[2024-10-28T00:13:00.425+0000] {logging_mixin.py:190} INFO - [2024-10-28T00:13:00.425+0000] {dag.py:4180} INFO - Setting next_dagrun for example_branch_labels to 2024-10-27 00:00:00+00:00, run_after=2024-10-28 00:00:00+00:00
[2024-10-28T00:13:00.442+0000] {processor.py:208} INFO - Processing /home/airflow/.local/lib/python3.12/site-packages/airflow/example_dags/example_branch_labels.py took 0.077 seconds
[2024-10-28T00:13:30.726+0000] {processor.py:186} INFO - Started process (PID=47121) to work on /home/airflow/.local/lib/python3.12/site-packages/airflow/example_dags/example_branch_labels.py
[2024-10-28T00:13:30.727+0000] {processor.py:914} INFO - Processing file /home/airflow/.local/lib/python3.12/site-packages/airflow/example_dags/example_branch_labels.py for tasks to queue
[2024-10-28T00:13:30.728+0000] {logging_mixin.py:190} INFO - [2024-10-28T00:13:30.728+0000] {dagbag.py:588} INFO - Filling up the DagBag from /home/airflow/.local/lib/python3.12/site-packages/airflow/example_dags/example_branch_labels.py
[2024-10-28T00:13:30.737+0000] {processor.py:925} INFO - DAG(s) 'example_branch_labels' retrieved from /home/airflow/.local/lib/python3.12/site-packages/airflow/example_dags/example_branch_labels.py
[2024-10-28T00:13:30.756+0000] {logging_mixin.py:190} INFO - [2024-10-28T00:13:30.756+0000] {dag.py:3239} INFO - Sync 1 DAGs
[2024-10-28T00:13:30.779+0000] {logging_mixin.py:190} INFO - [2024-10-28T00:13:30.778+0000] {dag.py:4180} INFO - Setting next_dagrun for example_branch_labels to 2024-10-27 00:00:00+00:00, run_after=2024-10-28 00:00:00+00:00
[2024-10-28T00:13:30.797+0000] {processor.py:208} INFO - Processing /home/airflow/.local/lib/python3.12/site-packages/airflow/example_dags/example_branch_labels.py took 0.076 seconds
[2024-10-28T00:14:01.252+0000] {processor.py:186} INFO - Started process (PID=47195) to work on /home/airflow/.local/lib/python3.12/site-packages/airflow/example_dags/example_branch_labels.py
[2024-10-28T00:14:01.253+0000] {processor.py:914} INFO - Processing file /home/airflow/.local/lib/python3.12/site-packages/airflow/example_dags/example_branch_labels.py for tasks to queue
[2024-10-28T00:14:01.254+0000] {logging_mixin.py:190} INFO - [2024-10-28T00:14:01.254+0000] {dagbag.py:588} INFO - Filling up the DagBag from /home/airflow/.local/lib/python3.12/site-packages/airflow/example_dags/example_branch_labels.py
[2024-10-28T00:14:01.264+0000] {processor.py:925} INFO - DAG(s) 'example_branch_labels' retrieved from /home/airflow/.local/lib/python3.12/site-packages/airflow/example_dags/example_branch_labels.py
[2024-10-28T00:14:01.290+0000] {logging_mixin.py:190} INFO - [2024-10-28T00:14:01.290+0000] {dag.py:3239} INFO - Sync 1 DAGs
[2024-10-28T00:14:01.316+0000] {logging_mixin.py:190} INFO - [2024-10-28T00:14:01.316+0000] {dag.py:4180} INFO - Setting next_dagrun for example_branch_labels to 2024-10-27 00:00:00+00:00, run_after=2024-10-28 00:00:00+00:00
[2024-10-28T00:14:01.337+0000] {processor.py:208} INFO - Processing /home/airflow/.local/lib/python3.12/site-packages/airflow/example_dags/example_branch_labels.py took 0.092 seconds
[2024-10-28T00:14:31.523+0000] {processor.py:186} INFO - Started process (PID=47269) to work on /home/airflow/.local/lib/python3.12/site-packages/airflow/example_dags/example_branch_labels.py
[2024-10-28T00:14:31.524+0000] {processor.py:914} INFO - Processing file /home/airflow/.local/lib/python3.12/site-packages/airflow/example_dags/example_branch_labels.py for tasks to queue
[2024-10-28T00:14:31.527+0000] {logging_mixin.py:190} INFO - [2024-10-28T00:14:31.526+0000] {dagbag.py:588} INFO - Filling up the DagBag from /home/airflow/.local/lib/python3.12/site-packages/airflow/example_dags/example_branch_labels.py
[2024-10-28T00:14:31.536+0000] {processor.py:925} INFO - DAG(s) 'example_branch_labels' retrieved from /home/airflow/.local/lib/python3.12/site-packages/airflow/example_dags/example_branch_labels.py
[2024-10-28T00:14:31.559+0000] {logging_mixin.py:190} INFO - [2024-10-28T00:14:31.558+0000] {dag.py:3239} INFO - Sync 1 DAGs
[2024-10-28T00:14:31.582+0000] {logging_mixin.py:190} INFO - [2024-10-28T00:14:31.581+0000] {dag.py:4180} INFO - Setting next_dagrun for example_branch_labels to 2024-10-27 00:00:00+00:00, run_after=2024-10-28 00:00:00+00:00
[2024-10-28T00:14:31.600+0000] {processor.py:208} INFO - Processing /home/airflow/.local/lib/python3.12/site-packages/airflow/example_dags/example_branch_labels.py took 0.083 seconds
[2024-10-28T00:15:01.654+0000] {processor.py:186} INFO - Started process (PID=47343) to work on /home/airflow/.local/lib/python3.12/site-packages/airflow/example_dags/example_branch_labels.py
[2024-10-28T00:15:01.655+0000] {processor.py:914} INFO - Processing file /home/airflow/.local/lib/python3.12/site-packages/airflow/example_dags/example_branch_labels.py for tasks to queue
[2024-10-28T00:15:01.657+0000] {logging_mixin.py:190} INFO - [2024-10-28T00:15:01.656+0000] {dagbag.py:588} INFO - Filling up the DagBag from /home/airflow/.local/lib/python3.12/site-packages/airflow/example_dags/example_branch_labels.py
[2024-10-28T00:15:01.666+0000] {processor.py:925} INFO - DAG(s) 'example_branch_labels' retrieved from /home/airflow/.local/lib/python3.12/site-packages/airflow/example_dags/example_branch_labels.py
[2024-10-28T00:15:01.688+0000] {logging_mixin.py:190} INFO - [2024-10-28T00:15:01.688+0000] {dag.py:3239} INFO - Sync 1 DAGs
[2024-10-28T00:15:01.710+0000] {logging_mixin.py:190} INFO - [2024-10-28T00:15:01.710+0000] {dag.py:4180} INFO - Setting next_dagrun for example_branch_labels to 2024-10-27 00:00:00+00:00, run_after=2024-10-28 00:00:00+00:00
[2024-10-28T00:15:01.728+0000] {processor.py:208} INFO - Processing /home/airflow/.local/lib/python3.12/site-packages/airflow/example_dags/example_branch_labels.py took 0.079 seconds
[2024-10-28T00:15:32.407+0000] {processor.py:186} INFO - Started process (PID=47417) to work on /home/airflow/.local/lib/python3.12/site-packages/airflow/example_dags/example_branch_labels.py
[2024-10-28T00:15:32.408+0000] {processor.py:914} INFO - Processing file /home/airflow/.local/lib/python3.12/site-packages/airflow/example_dags/example_branch_labels.py for tasks to queue
[2024-10-28T00:15:32.409+0000] {logging_mixin.py:190} INFO - [2024-10-28T00:15:32.409+0000] {dagbag.py:588} INFO - Filling up the DagBag from /home/airflow/.local/lib/python3.12/site-packages/airflow/example_dags/example_branch_labels.py
[2024-10-28T00:15:32.418+0000] {processor.py:925} INFO - DAG(s) 'example_branch_labels' retrieved from /home/airflow/.local/lib/python3.12/site-packages/airflow/example_dags/example_branch_labels.py
[2024-10-28T00:15:32.439+0000] {logging_mixin.py:190} INFO - [2024-10-28T00:15:32.438+0000] {dag.py:3239} INFO - Sync 1 DAGs
[2024-10-28T00:15:32.461+0000] {logging_mixin.py:190} INFO - [2024-10-28T00:15:32.460+0000] {dag.py:4180} INFO - Setting next_dagrun for example_branch_labels to 2024-10-27 00:00:00+00:00, run_after=2024-10-28 00:00:00+00:00
[2024-10-28T00:15:32.478+0000] {processor.py:208} INFO - Processing /home/airflow/.local/lib/python3.12/site-packages/airflow/example_dags/example_branch_labels.py took 0.076 seconds
[2024-10-28T00:16:03.246+0000] {processor.py:186} INFO - Started process (PID=47491) to work on /home/airflow/.local/lib/python3.12/site-packages/airflow/example_dags/example_branch_labels.py
[2024-10-28T00:16:03.248+0000] {processor.py:914} INFO - Processing file /home/airflow/.local/lib/python3.12/site-packages/airflow/example_dags/example_branch_labels.py for tasks to queue
[2024-10-28T00:16:03.249+0000] {logging_mixin.py:190} INFO - [2024-10-28T00:16:03.249+0000] {dagbag.py:588} INFO - Filling up the DagBag from /home/airflow/.local/lib/python3.12/site-packages/airflow/example_dags/example_branch_labels.py
[2024-10-28T00:16:03.257+0000] {processor.py:925} INFO - DAG(s) 'example_branch_labels' retrieved from /home/airflow/.local/lib/python3.12/site-packages/airflow/example_dags/example_branch_labels.py
[2024-10-28T00:16:03.277+0000] {logging_mixin.py:190} INFO - [2024-10-28T00:16:03.277+0000] {dag.py:3239} INFO - Sync 1 DAGs
[2024-10-28T00:16:03.301+0000] {logging_mixin.py:190} INFO - [2024-10-28T00:16:03.301+0000] {dag.py:4180} INFO - Setting next_dagrun for example_branch_labels to 2024-10-27 00:00:00+00:00, run_after=2024-10-28 00:00:00+00:00
[2024-10-28T00:16:03.320+0000] {processor.py:208} INFO - Processing /home/airflow/.local/lib/python3.12/site-packages/airflow/example_dags/example_branch_labels.py took 0.079 seconds
[2024-10-28T00:16:33.440+0000] {processor.py:186} INFO - Started process (PID=47565) to work on /home/airflow/.local/lib/python3.12/site-packages/airflow/example_dags/example_branch_labels.py
[2024-10-28T00:16:33.441+0000] {processor.py:914} INFO - Processing file /home/airflow/.local/lib/python3.12/site-packages/airflow/example_dags/example_branch_labels.py for tasks to queue
[2024-10-28T00:16:33.442+0000] {logging_mixin.py:190} INFO - [2024-10-28T00:16:33.442+0000] {dagbag.py:588} INFO - Filling up the DagBag from /home/airflow/.local/lib/python3.12/site-packages/airflow/example_dags/example_branch_labels.py
[2024-10-28T00:16:33.450+0000] {processor.py:925} INFO - DAG(s) 'example_branch_labels' retrieved from /home/airflow/.local/lib/python3.12/site-packages/airflow/example_dags/example_branch_labels.py
[2024-10-28T00:16:33.469+0000] {logging_mixin.py:190} INFO - [2024-10-28T00:16:33.469+0000] {dag.py:3239} INFO - Sync 1 DAGs
[2024-10-28T00:16:33.491+0000] {logging_mixin.py:190} INFO - [2024-10-28T00:16:33.491+0000] {dag.py:4180} INFO - Setting next_dagrun for example_branch_labels to 2024-10-27 00:00:00+00:00, run_after=2024-10-28 00:00:00+00:00
[2024-10-28T00:16:33.508+0000] {processor.py:208} INFO - Processing /home/airflow/.local/lib/python3.12/site-packages/airflow/example_dags/example_branch_labels.py took 0.073 seconds
[2024-10-28T00:17:03.862+0000] {processor.py:186} INFO - Started process (PID=47628) to work on /home/airflow/.local/lib/python3.12/site-packages/airflow/example_dags/example_branch_labels.py
[2024-10-28T00:17:03.863+0000] {processor.py:914} INFO - Processing file /home/airflow/.local/lib/python3.12/site-packages/airflow/example_dags/example_branch_labels.py for tasks to queue
[2024-10-28T00:17:03.864+0000] {logging_mixin.py:190} INFO - [2024-10-28T00:17:03.864+0000] {dagbag.py:588} INFO - Filling up the DagBag from /home/airflow/.local/lib/python3.12/site-packages/airflow/example_dags/example_branch_labels.py
[2024-10-28T00:17:03.873+0000] {processor.py:925} INFO - DAG(s) 'example_branch_labels' retrieved from /home/airflow/.local/lib/python3.12/site-packages/airflow/example_dags/example_branch_labels.py
[2024-10-28T00:17:03.893+0000] {logging_mixin.py:190} INFO - [2024-10-28T00:17:03.893+0000] {dag.py:3239} INFO - Sync 1 DAGs
[2024-10-28T00:17:03.915+0000] {logging_mixin.py:190} INFO - [2024-10-28T00:17:03.915+0000] {dag.py:4180} INFO - Setting next_dagrun for example_branch_labels to 2024-10-27 00:00:00+00:00, run_after=2024-10-28 00:00:00+00:00
[2024-10-28T00:17:03.937+0000] {processor.py:208} INFO - Processing /home/airflow/.local/lib/python3.12/site-packages/airflow/example_dags/example_branch_labels.py took 0.083 seconds
[2024-10-28T00:17:34.483+0000] {processor.py:186} INFO - Started process (PID=47701) to work on /home/airflow/.local/lib/python3.12/site-packages/airflow/example_dags/example_branch_labels.py
[2024-10-28T00:17:34.484+0000] {processor.py:914} INFO - Processing file /home/airflow/.local/lib/python3.12/site-packages/airflow/example_dags/example_branch_labels.py for tasks to queue
[2024-10-28T00:17:34.486+0000] {logging_mixin.py:190} INFO - [2024-10-28T00:17:34.485+0000] {dagbag.py:588} INFO - Filling up the DagBag from /home/airflow/.local/lib/python3.12/site-packages/airflow/example_dags/example_branch_labels.py
[2024-10-28T00:17:34.495+0000] {processor.py:925} INFO - DAG(s) 'example_branch_labels' retrieved from /home/airflow/.local/lib/python3.12/site-packages/airflow/example_dags/example_branch_labels.py
[2024-10-28T00:17:34.516+0000] {logging_mixin.py:190} INFO - [2024-10-28T00:17:34.515+0000] {dag.py:3239} INFO - Sync 1 DAGs
[2024-10-28T00:17:34.540+0000] {logging_mixin.py:190} INFO - [2024-10-28T00:17:34.539+0000] {dag.py:4180} INFO - Setting next_dagrun for example_branch_labels to 2024-10-27 00:00:00+00:00, run_after=2024-10-28 00:00:00+00:00
[2024-10-28T00:17:34.559+0000] {processor.py:208} INFO - Processing /home/airflow/.local/lib/python3.12/site-packages/airflow/example_dags/example_branch_labels.py took 0.081 seconds
[2024-10-28T00:18:05.111+0000] {processor.py:186} INFO - Started process (PID=47775) to work on /home/airflow/.local/lib/python3.12/site-packages/airflow/example_dags/example_branch_labels.py
[2024-10-28T00:18:05.112+0000] {processor.py:914} INFO - Processing file /home/airflow/.local/lib/python3.12/site-packages/airflow/example_dags/example_branch_labels.py for tasks to queue
[2024-10-28T00:18:05.115+0000] {logging_mixin.py:190} INFO - [2024-10-28T00:18:05.114+0000] {dagbag.py:588} INFO - Filling up the DagBag from /home/airflow/.local/lib/python3.12/site-packages/airflow/example_dags/example_branch_labels.py
[2024-10-28T00:18:05.130+0000] {processor.py:925} INFO - DAG(s) 'example_branch_labels' retrieved from /home/airflow/.local/lib/python3.12/site-packages/airflow/example_dags/example_branch_labels.py
[2024-10-28T00:18:05.161+0000] {logging_mixin.py:190} INFO - [2024-10-28T00:18:05.160+0000] {dag.py:3239} INFO - Sync 1 DAGs
[2024-10-28T00:18:05.187+0000] {logging_mixin.py:190} INFO - [2024-10-28T00:18:05.187+0000] {dag.py:4180} INFO - Setting next_dagrun for example_branch_labels to 2024-10-27 00:00:00+00:00, run_after=2024-10-28 00:00:00+00:00
[2024-10-28T00:18:05.207+0000] {processor.py:208} INFO - Processing /home/airflow/.local/lib/python3.12/site-packages/airflow/example_dags/example_branch_labels.py took 0.103 seconds
[2024-10-28T00:18:35.522+0000] {processor.py:186} INFO - Started process (PID=47849) to work on /home/airflow/.local/lib/python3.12/site-packages/airflow/example_dags/example_branch_labels.py
[2024-10-28T00:18:35.523+0000] {processor.py:914} INFO - Processing file /home/airflow/.local/lib/python3.12/site-packages/airflow/example_dags/example_branch_labels.py for tasks to queue
[2024-10-28T00:18:35.524+0000] {logging_mixin.py:190} INFO - [2024-10-28T00:18:35.524+0000] {dagbag.py:588} INFO - Filling up the DagBag from /home/airflow/.local/lib/python3.12/site-packages/airflow/example_dags/example_branch_labels.py
[2024-10-28T00:18:35.535+0000] {processor.py:925} INFO - DAG(s) 'example_branch_labels' retrieved from /home/airflow/.local/lib/python3.12/site-packages/airflow/example_dags/example_branch_labels.py
[2024-10-28T00:18:35.561+0000] {logging_mixin.py:190} INFO - [2024-10-28T00:18:35.560+0000] {dag.py:3239} INFO - Sync 1 DAGs
[2024-10-28T00:18:35.592+0000] {logging_mixin.py:190} INFO - [2024-10-28T00:18:35.592+0000] {dag.py:4180} INFO - Setting next_dagrun for example_branch_labels to 2024-10-27 00:00:00+00:00, run_after=2024-10-28 00:00:00+00:00
[2024-10-28T00:18:35.614+0000] {processor.py:208} INFO - Processing /home/airflow/.local/lib/python3.12/site-packages/airflow/example_dags/example_branch_labels.py took 0.099 seconds
[2024-10-28T00:19:05.698+0000] {processor.py:186} INFO - Started process (PID=47923) to work on /home/airflow/.local/lib/python3.12/site-packages/airflow/example_dags/example_branch_labels.py
[2024-10-28T00:19:05.700+0000] {processor.py:914} INFO - Processing file /home/airflow/.local/lib/python3.12/site-packages/airflow/example_dags/example_branch_labels.py for tasks to queue
[2024-10-28T00:19:05.702+0000] {logging_mixin.py:190} INFO - [2024-10-28T00:19:05.702+0000] {dagbag.py:588} INFO - Filling up the DagBag from /home/airflow/.local/lib/python3.12/site-packages/airflow/example_dags/example_branch_labels.py
[2024-10-28T00:19:05.712+0000] {processor.py:925} INFO - DAG(s) 'example_branch_labels' retrieved from /home/airflow/.local/lib/python3.12/site-packages/airflow/example_dags/example_branch_labels.py
[2024-10-28T00:19:05.737+0000] {logging_mixin.py:190} INFO - [2024-10-28T00:19:05.737+0000] {dag.py:3239} INFO - Sync 1 DAGs
[2024-10-28T00:19:05.765+0000] {logging_mixin.py:190} INFO - [2024-10-28T00:19:05.765+0000] {dag.py:4180} INFO - Setting next_dagrun for example_branch_labels to 2024-10-27 00:00:00+00:00, run_after=2024-10-28 00:00:00+00:00
[2024-10-28T00:19:05.788+0000] {processor.py:208} INFO - Processing /home/airflow/.local/lib/python3.12/site-packages/airflow/example_dags/example_branch_labels.py took 0.096 seconds
[2024-10-28T00:19:36.038+0000] {processor.py:186} INFO - Started process (PID=47996) to work on /home/airflow/.local/lib/python3.12/site-packages/airflow/example_dags/example_branch_labels.py
[2024-10-28T00:19:36.039+0000] {processor.py:914} INFO - Processing file /home/airflow/.local/lib/python3.12/site-packages/airflow/example_dags/example_branch_labels.py for tasks to queue
[2024-10-28T00:19:36.041+0000] {logging_mixin.py:190} INFO - [2024-10-28T00:19:36.040+0000] {dagbag.py:588} INFO - Filling up the DagBag from /home/airflow/.local/lib/python3.12/site-packages/airflow/example_dags/example_branch_labels.py
[2024-10-28T00:19:36.050+0000] {processor.py:925} INFO - DAG(s) 'example_branch_labels' retrieved from /home/airflow/.local/lib/python3.12/site-packages/airflow/example_dags/example_branch_labels.py
[2024-10-28T00:19:36.072+0000] {logging_mixin.py:190} INFO - [2024-10-28T00:19:36.072+0000] {dag.py:3239} INFO - Sync 1 DAGs
[2024-10-28T00:19:36.095+0000] {logging_mixin.py:190} INFO - [2024-10-28T00:19:36.095+0000] {dag.py:4180} INFO - Setting next_dagrun for example_branch_labels to 2024-10-27 00:00:00+00:00, run_after=2024-10-28 00:00:00+00:00
[2024-10-28T00:19:36.115+0000] {processor.py:208} INFO - Processing /home/airflow/.local/lib/python3.12/site-packages/airflow/example_dags/example_branch_labels.py took 0.083 seconds
[2024-10-28T00:20:06.893+0000] {processor.py:186} INFO - Started process (PID=48070) to work on /home/airflow/.local/lib/python3.12/site-packages/airflow/example_dags/example_branch_labels.py
[2024-10-28T00:20:06.894+0000] {processor.py:914} INFO - Processing file /home/airflow/.local/lib/python3.12/site-packages/airflow/example_dags/example_branch_labels.py for tasks to queue
[2024-10-28T00:20:06.895+0000] {logging_mixin.py:190} INFO - [2024-10-28T00:20:06.895+0000] {dagbag.py:588} INFO - Filling up the DagBag from /home/airflow/.local/lib/python3.12/site-packages/airflow/example_dags/example_branch_labels.py
[2024-10-28T00:20:06.904+0000] {processor.py:925} INFO - DAG(s) 'example_branch_labels' retrieved from /home/airflow/.local/lib/python3.12/site-packages/airflow/example_dags/example_branch_labels.py
[2024-10-28T00:20:06.929+0000] {logging_mixin.py:190} INFO - [2024-10-28T00:20:06.929+0000] {dag.py:3239} INFO - Sync 1 DAGs
[2024-10-28T00:20:06.955+0000] {logging_mixin.py:190} INFO - [2024-10-28T00:20:06.955+0000] {dag.py:4180} INFO - Setting next_dagrun for example_branch_labels to 2024-10-27 00:00:00+00:00, run_after=2024-10-28 00:00:00+00:00
[2024-10-28T00:20:06.975+0000] {processor.py:208} INFO - Processing /home/airflow/.local/lib/python3.12/site-packages/airflow/example_dags/example_branch_labels.py took 0.089 seconds
[2024-10-28T00:20:37.228+0000] {processor.py:186} INFO - Started process (PID=48144) to work on /home/airflow/.local/lib/python3.12/site-packages/airflow/example_dags/example_branch_labels.py
[2024-10-28T00:20:37.229+0000] {processor.py:914} INFO - Processing file /home/airflow/.local/lib/python3.12/site-packages/airflow/example_dags/example_branch_labels.py for tasks to queue
[2024-10-28T00:20:37.231+0000] {logging_mixin.py:190} INFO - [2024-10-28T00:20:37.230+0000] {dagbag.py:588} INFO - Filling up the DagBag from /home/airflow/.local/lib/python3.12/site-packages/airflow/example_dags/example_branch_labels.py
[2024-10-28T00:20:37.243+0000] {processor.py:925} INFO - DAG(s) 'example_branch_labels' retrieved from /home/airflow/.local/lib/python3.12/site-packages/airflow/example_dags/example_branch_labels.py
[2024-10-28T00:20:37.270+0000] {logging_mixin.py:190} INFO - [2024-10-28T00:20:37.269+0000] {dag.py:3239} INFO - Sync 1 DAGs
[2024-10-28T00:20:37.302+0000] {logging_mixin.py:190} INFO - [2024-10-28T00:20:37.302+0000] {dag.py:4180} INFO - Setting next_dagrun for example_branch_labels to 2024-10-27 00:00:00+00:00, run_after=2024-10-28 00:00:00+00:00
[2024-10-28T00:20:37.328+0000] {processor.py:208} INFO - Processing /home/airflow/.local/lib/python3.12/site-packages/airflow/example_dags/example_branch_labels.py took 0.108 seconds
[2024-10-28T00:21:07.869+0000] {processor.py:186} INFO - Started process (PID=48224) to work on /home/airflow/.local/lib/python3.12/site-packages/airflow/example_dags/example_branch_labels.py
[2024-10-28T00:21:07.870+0000] {processor.py:914} INFO - Processing file /home/airflow/.local/lib/python3.12/site-packages/airflow/example_dags/example_branch_labels.py for tasks to queue
[2024-10-28T00:21:07.872+0000] {logging_mixin.py:190} INFO - [2024-10-28T00:21:07.872+0000] {dagbag.py:588} INFO - Filling up the DagBag from /home/airflow/.local/lib/python3.12/site-packages/airflow/example_dags/example_branch_labels.py
[2024-10-28T00:21:07.884+0000] {processor.py:925} INFO - DAG(s) 'example_branch_labels' retrieved from /home/airflow/.local/lib/python3.12/site-packages/airflow/example_dags/example_branch_labels.py
[2024-10-28T00:21:07.910+0000] {logging_mixin.py:190} INFO - [2024-10-28T00:21:07.909+0000] {dag.py:3239} INFO - Sync 1 DAGs
[2024-10-28T00:21:07.941+0000] {logging_mixin.py:190} INFO - [2024-10-28T00:21:07.941+0000] {dag.py:4180} INFO - Setting next_dagrun for example_branch_labels to 2024-10-27 00:00:00+00:00, run_after=2024-10-28 00:00:00+00:00
[2024-10-28T00:21:07.964+0000] {processor.py:208} INFO - Processing /home/airflow/.local/lib/python3.12/site-packages/airflow/example_dags/example_branch_labels.py took 0.103 seconds
[2024-10-28T00:21:38.442+0000] {processor.py:186} INFO - Started process (PID=48298) to work on /home/airflow/.local/lib/python3.12/site-packages/airflow/example_dags/example_branch_labels.py
[2024-10-28T00:21:38.443+0000] {processor.py:914} INFO - Processing file /home/airflow/.local/lib/python3.12/site-packages/airflow/example_dags/example_branch_labels.py for tasks to queue
[2024-10-28T00:21:38.445+0000] {logging_mixin.py:190} INFO - [2024-10-28T00:21:38.444+0000] {dagbag.py:588} INFO - Filling up the DagBag from /home/airflow/.local/lib/python3.12/site-packages/airflow/example_dags/example_branch_labels.py
[2024-10-28T00:21:38.453+0000] {processor.py:925} INFO - DAG(s) 'example_branch_labels' retrieved from /home/airflow/.local/lib/python3.12/site-packages/airflow/example_dags/example_branch_labels.py
[2024-10-28T00:21:38.475+0000] {logging_mixin.py:190} INFO - [2024-10-28T00:21:38.474+0000] {dag.py:3239} INFO - Sync 1 DAGs
[2024-10-28T00:21:38.500+0000] {logging_mixin.py:190} INFO - [2024-10-28T00:21:38.499+0000] {dag.py:4180} INFO - Setting next_dagrun for example_branch_labels to 2024-10-27 00:00:00+00:00, run_after=2024-10-28 00:00:00+00:00
[2024-10-28T00:21:38.518+0000] {processor.py:208} INFO - Processing /home/airflow/.local/lib/python3.12/site-packages/airflow/example_dags/example_branch_labels.py took 0.082 seconds
[2024-10-28T00:22:08.927+0000] {processor.py:186} INFO - Started process (PID=48372) to work on /home/airflow/.local/lib/python3.12/site-packages/airflow/example_dags/example_branch_labels.py
[2024-10-28T00:22:08.928+0000] {processor.py:914} INFO - Processing file /home/airflow/.local/lib/python3.12/site-packages/airflow/example_dags/example_branch_labels.py for tasks to queue
[2024-10-28T00:22:08.930+0000] {logging_mixin.py:190} INFO - [2024-10-28T00:22:08.929+0000] {dagbag.py:588} INFO - Filling up the DagBag from /home/airflow/.local/lib/python3.12/site-packages/airflow/example_dags/example_branch_labels.py
[2024-10-28T00:22:08.938+0000] {processor.py:925} INFO - DAG(s) 'example_branch_labels' retrieved from /home/airflow/.local/lib/python3.12/site-packages/airflow/example_dags/example_branch_labels.py
[2024-10-28T00:22:08.963+0000] {logging_mixin.py:190} INFO - [2024-10-28T00:22:08.962+0000] {dag.py:3239} INFO - Sync 1 DAGs
[2024-10-28T00:22:08.986+0000] {logging_mixin.py:190} INFO - [2024-10-28T00:22:08.986+0000] {dag.py:4180} INFO - Setting next_dagrun for example_branch_labels to 2024-10-27 00:00:00+00:00, run_after=2024-10-28 00:00:00+00:00
[2024-10-28T00:22:09.005+0000] {processor.py:208} INFO - Processing /home/airflow/.local/lib/python3.12/site-packages/airflow/example_dags/example_branch_labels.py took 0.083 seconds
[2024-10-28T00:22:39.293+0000] {processor.py:186} INFO - Started process (PID=48446) to work on /home/airflow/.local/lib/python3.12/site-packages/airflow/example_dags/example_branch_labels.py
[2024-10-28T00:22:39.294+0000] {processor.py:914} INFO - Processing file /home/airflow/.local/lib/python3.12/site-packages/airflow/example_dags/example_branch_labels.py for tasks to queue
[2024-10-28T00:22:39.295+0000] {logging_mixin.py:190} INFO - [2024-10-28T00:22:39.295+0000] {dagbag.py:588} INFO - Filling up the DagBag from /home/airflow/.local/lib/python3.12/site-packages/airflow/example_dags/example_branch_labels.py
[2024-10-28T00:22:39.304+0000] {processor.py:925} INFO - DAG(s) 'example_branch_labels' retrieved from /home/airflow/.local/lib/python3.12/site-packages/airflow/example_dags/example_branch_labels.py
[2024-10-28T00:22:39.326+0000] {logging_mixin.py:190} INFO - [2024-10-28T00:22:39.325+0000] {dag.py:3239} INFO - Sync 1 DAGs
[2024-10-28T00:22:39.349+0000] {logging_mixin.py:190} INFO - [2024-10-28T00:22:39.349+0000] {dag.py:4180} INFO - Setting next_dagrun for example_branch_labels to 2024-10-27 00:00:00+00:00, run_after=2024-10-28 00:00:00+00:00
[2024-10-28T00:22:39.371+0000] {processor.py:208} INFO - Processing /home/airflow/.local/lib/python3.12/site-packages/airflow/example_dags/example_branch_labels.py took 0.084 seconds
[2024-10-28T00:23:09.727+0000] {processor.py:186} INFO - Started process (PID=48520) to work on /home/airflow/.local/lib/python3.12/site-packages/airflow/example_dags/example_branch_labels.py
[2024-10-28T00:23:09.728+0000] {processor.py:914} INFO - Processing file /home/airflow/.local/lib/python3.12/site-packages/airflow/example_dags/example_branch_labels.py for tasks to queue
[2024-10-28T00:23:09.730+0000] {logging_mixin.py:190} INFO - [2024-10-28T00:23:09.729+0000] {dagbag.py:588} INFO - Filling up the DagBag from /home/airflow/.local/lib/python3.12/site-packages/airflow/example_dags/example_branch_labels.py
[2024-10-28T00:23:09.740+0000] {processor.py:925} INFO - DAG(s) 'example_branch_labels' retrieved from /home/airflow/.local/lib/python3.12/site-packages/airflow/example_dags/example_branch_labels.py
[2024-10-28T00:23:09.764+0000] {logging_mixin.py:190} INFO - [2024-10-28T00:23:09.763+0000] {dag.py:3239} INFO - Sync 1 DAGs
[2024-10-28T00:23:09.790+0000] {logging_mixin.py:190} INFO - [2024-10-28T00:23:09.789+0000] {dag.py:4180} INFO - Setting next_dagrun for example_branch_labels to 2024-10-27 00:00:00+00:00, run_after=2024-10-28 00:00:00+00:00
[2024-10-28T00:23:09.811+0000] {processor.py:208} INFO - Processing /home/airflow/.local/lib/python3.12/site-packages/airflow/example_dags/example_branch_labels.py took 0.091 seconds
[2024-10-28T00:23:39.963+0000] {processor.py:186} INFO - Started process (PID=48594) to work on /home/airflow/.local/lib/python3.12/site-packages/airflow/example_dags/example_branch_labels.py
[2024-10-28T00:23:39.964+0000] {processor.py:914} INFO - Processing file /home/airflow/.local/lib/python3.12/site-packages/airflow/example_dags/example_branch_labels.py for tasks to queue
[2024-10-28T00:23:39.965+0000] {logging_mixin.py:190} INFO - [2024-10-28T00:23:39.965+0000] {dagbag.py:588} INFO - Filling up the DagBag from /home/airflow/.local/lib/python3.12/site-packages/airflow/example_dags/example_branch_labels.py
[2024-10-28T00:23:39.974+0000] {processor.py:925} INFO - DAG(s) 'example_branch_labels' retrieved from /home/airflow/.local/lib/python3.12/site-packages/airflow/example_dags/example_branch_labels.py
[2024-10-28T00:23:39.993+0000] {logging_mixin.py:190} INFO - [2024-10-28T00:23:39.993+0000] {dag.py:3239} INFO - Sync 1 DAGs
[2024-10-28T00:23:40.015+0000] {logging_mixin.py:190} INFO - [2024-10-28T00:23:40.015+0000] {dag.py:4180} INFO - Setting next_dagrun for example_branch_labels to 2024-10-27 00:00:00+00:00, run_after=2024-10-28 00:00:00+00:00
[2024-10-28T00:23:40.033+0000] {processor.py:208} INFO - Processing /home/airflow/.local/lib/python3.12/site-packages/airflow/example_dags/example_branch_labels.py took 0.076 seconds
[2024-10-28T00:24:10.101+0000] {processor.py:186} INFO - Started process (PID=48668) to work on /home/airflow/.local/lib/python3.12/site-packages/airflow/example_dags/example_branch_labels.py
[2024-10-28T00:24:10.103+0000] {processor.py:914} INFO - Processing file /home/airflow/.local/lib/python3.12/site-packages/airflow/example_dags/example_branch_labels.py for tasks to queue
[2024-10-28T00:24:10.104+0000] {logging_mixin.py:190} INFO - [2024-10-28T00:24:10.104+0000] {dagbag.py:588} INFO - Filling up the DagBag from /home/airflow/.local/lib/python3.12/site-packages/airflow/example_dags/example_branch_labels.py
[2024-10-28T00:24:10.116+0000] {processor.py:925} INFO - DAG(s) 'example_branch_labels' retrieved from /home/airflow/.local/lib/python3.12/site-packages/airflow/example_dags/example_branch_labels.py
[2024-10-28T00:24:10.143+0000] {logging_mixin.py:190} INFO - [2024-10-28T00:24:10.142+0000] {dag.py:3239} INFO - Sync 1 DAGs
[2024-10-28T00:24:10.184+0000] {logging_mixin.py:190} INFO - [2024-10-28T00:24:10.184+0000] {dag.py:4180} INFO - Setting next_dagrun for example_branch_labels to 2024-10-27 00:00:00+00:00, run_after=2024-10-28 00:00:00+00:00
[2024-10-28T00:24:10.213+0000] {processor.py:208} INFO - Processing /home/airflow/.local/lib/python3.12/site-packages/airflow/example_dags/example_branch_labels.py took 0.119 seconds
[2024-10-28T00:24:40.966+0000] {processor.py:186} INFO - Started process (PID=48742) to work on /home/airflow/.local/lib/python3.12/site-packages/airflow/example_dags/example_branch_labels.py
[2024-10-28T00:24:40.967+0000] {processor.py:914} INFO - Processing file /home/airflow/.local/lib/python3.12/site-packages/airflow/example_dags/example_branch_labels.py for tasks to queue
[2024-10-28T00:24:40.969+0000] {logging_mixin.py:190} INFO - [2024-10-28T00:24:40.969+0000] {dagbag.py:588} INFO - Filling up the DagBag from /home/airflow/.local/lib/python3.12/site-packages/airflow/example_dags/example_branch_labels.py
[2024-10-28T00:24:40.979+0000] {processor.py:925} INFO - DAG(s) 'example_branch_labels' retrieved from /home/airflow/.local/lib/python3.12/site-packages/airflow/example_dags/example_branch_labels.py
[2024-10-28T00:24:41.002+0000] {logging_mixin.py:190} INFO - [2024-10-28T00:24:41.002+0000] {dag.py:3239} INFO - Sync 1 DAGs
[2024-10-28T00:24:41.030+0000] {logging_mixin.py:190} INFO - [2024-10-28T00:24:41.030+0000] {dag.py:4180} INFO - Setting next_dagrun for example_branch_labels to 2024-10-27 00:00:00+00:00, run_after=2024-10-28 00:00:00+00:00
[2024-10-28T00:24:41.050+0000] {processor.py:208} INFO - Processing /home/airflow/.local/lib/python3.12/site-packages/airflow/example_dags/example_branch_labels.py took 0.090 seconds
[2024-10-28T00:25:11.824+0000] {processor.py:186} INFO - Started process (PID=48816) to work on /home/airflow/.local/lib/python3.12/site-packages/airflow/example_dags/example_branch_labels.py
[2024-10-28T00:25:11.826+0000] {processor.py:914} INFO - Processing file /home/airflow/.local/lib/python3.12/site-packages/airflow/example_dags/example_branch_labels.py for tasks to queue
[2024-10-28T00:25:11.827+0000] {logging_mixin.py:190} INFO - [2024-10-28T00:25:11.827+0000] {dagbag.py:588} INFO - Filling up the DagBag from /home/airflow/.local/lib/python3.12/site-packages/airflow/example_dags/example_branch_labels.py
[2024-10-28T00:25:11.837+0000] {processor.py:925} INFO - DAG(s) 'example_branch_labels' retrieved from /home/airflow/.local/lib/python3.12/site-packages/airflow/example_dags/example_branch_labels.py
[2024-10-28T00:25:11.862+0000] {logging_mixin.py:190} INFO - [2024-10-28T00:25:11.862+0000] {dag.py:3239} INFO - Sync 1 DAGs
[2024-10-28T00:25:11.890+0000] {logging_mixin.py:190} INFO - [2024-10-28T00:25:11.890+0000] {dag.py:4180} INFO - Setting next_dagrun for example_branch_labels to 2024-10-27 00:00:00+00:00, run_after=2024-10-28 00:00:00+00:00
[2024-10-28T00:25:11.908+0000] {processor.py:208} INFO - Processing /home/airflow/.local/lib/python3.12/site-packages/airflow/example_dags/example_branch_labels.py took 0.089 seconds
[2024-10-28T00:25:42.001+0000] {processor.py:186} INFO - Started process (PID=48890) to work on /home/airflow/.local/lib/python3.12/site-packages/airflow/example_dags/example_branch_labels.py
[2024-10-28T00:25:42.002+0000] {processor.py:914} INFO - Processing file /home/airflow/.local/lib/python3.12/site-packages/airflow/example_dags/example_branch_labels.py for tasks to queue
[2024-10-28T00:25:42.003+0000] {logging_mixin.py:190} INFO - [2024-10-28T00:25:42.003+0000] {dagbag.py:588} INFO - Filling up the DagBag from /home/airflow/.local/lib/python3.12/site-packages/airflow/example_dags/example_branch_labels.py
[2024-10-28T00:25:42.012+0000] {processor.py:925} INFO - DAG(s) 'example_branch_labels' retrieved from /home/airflow/.local/lib/python3.12/site-packages/airflow/example_dags/example_branch_labels.py
[2024-10-28T00:25:42.034+0000] {logging_mixin.py:190} INFO - [2024-10-28T00:25:42.034+0000] {dag.py:3239} INFO - Sync 1 DAGs
[2024-10-28T00:25:42.057+0000] {logging_mixin.py:190} INFO - [2024-10-28T00:25:42.057+0000] {dag.py:4180} INFO - Setting next_dagrun for example_branch_labels to 2024-10-27 00:00:00+00:00, run_after=2024-10-28 00:00:00+00:00
[2024-10-28T00:25:42.075+0000] {processor.py:208} INFO - Processing /home/airflow/.local/lib/python3.12/site-packages/airflow/example_dags/example_branch_labels.py took 0.080 seconds
[2024-10-28T00:26:12.866+0000] {processor.py:186} INFO - Started process (PID=48964) to work on /home/airflow/.local/lib/python3.12/site-packages/airflow/example_dags/example_branch_labels.py
[2024-10-28T00:26:12.867+0000] {processor.py:914} INFO - Processing file /home/airflow/.local/lib/python3.12/site-packages/airflow/example_dags/example_branch_labels.py for tasks to queue
[2024-10-28T00:26:12.869+0000] {logging_mixin.py:190} INFO - [2024-10-28T00:26:12.868+0000] {dagbag.py:588} INFO - Filling up the DagBag from /home/airflow/.local/lib/python3.12/site-packages/airflow/example_dags/example_branch_labels.py
[2024-10-28T00:26:12.878+0000] {processor.py:925} INFO - DAG(s) 'example_branch_labels' retrieved from /home/airflow/.local/lib/python3.12/site-packages/airflow/example_dags/example_branch_labels.py
[2024-10-28T00:26:13.046+0000] {logging_mixin.py:190} INFO - [2024-10-28T00:26:13.046+0000] {dag.py:3239} INFO - Sync 1 DAGs
[2024-10-28T00:26:13.071+0000] {logging_mixin.py:190} INFO - [2024-10-28T00:26:13.070+0000] {dag.py:4180} INFO - Setting next_dagrun for example_branch_labels to 2024-10-27 00:00:00+00:00, run_after=2024-10-28 00:00:00+00:00
[2024-10-28T00:26:13.089+0000] {processor.py:208} INFO - Processing /home/airflow/.local/lib/python3.12/site-packages/airflow/example_dags/example_branch_labels.py took 0.229 seconds
[2024-10-28T00:26:43.861+0000] {processor.py:186} INFO - Started process (PID=49038) to work on /home/airflow/.local/lib/python3.12/site-packages/airflow/example_dags/example_branch_labels.py
[2024-10-28T00:26:43.862+0000] {processor.py:914} INFO - Processing file /home/airflow/.local/lib/python3.12/site-packages/airflow/example_dags/example_branch_labels.py for tasks to queue
[2024-10-28T00:26:43.863+0000] {logging_mixin.py:190} INFO - [2024-10-28T00:26:43.863+0000] {dagbag.py:588} INFO - Filling up the DagBag from /home/airflow/.local/lib/python3.12/site-packages/airflow/example_dags/example_branch_labels.py
[2024-10-28T00:26:43.872+0000] {processor.py:925} INFO - DAG(s) 'example_branch_labels' retrieved from /home/airflow/.local/lib/python3.12/site-packages/airflow/example_dags/example_branch_labels.py
[2024-10-28T00:26:43.892+0000] {logging_mixin.py:190} INFO - [2024-10-28T00:26:43.892+0000] {dag.py:3239} INFO - Sync 1 DAGs
[2024-10-28T00:26:43.915+0000] {logging_mixin.py:190} INFO - [2024-10-28T00:26:43.915+0000] {dag.py:4180} INFO - Setting next_dagrun for example_branch_labels to 2024-10-27 00:00:00+00:00, run_after=2024-10-28 00:00:00+00:00
[2024-10-28T00:26:43.933+0000] {processor.py:208} INFO - Processing /home/airflow/.local/lib/python3.12/site-packages/airflow/example_dags/example_branch_labels.py took 0.078 seconds
[2024-10-28T00:27:14.273+0000] {processor.py:186} INFO - Started process (PID=49112) to work on /home/airflow/.local/lib/python3.12/site-packages/airflow/example_dags/example_branch_labels.py
[2024-10-28T00:27:14.274+0000] {processor.py:914} INFO - Processing file /home/airflow/.local/lib/python3.12/site-packages/airflow/example_dags/example_branch_labels.py for tasks to queue
[2024-10-28T00:27:14.276+0000] {logging_mixin.py:190} INFO - [2024-10-28T00:27:14.275+0000] {dagbag.py:588} INFO - Filling up the DagBag from /home/airflow/.local/lib/python3.12/site-packages/airflow/example_dags/example_branch_labels.py
[2024-10-28T00:27:14.284+0000] {processor.py:925} INFO - DAG(s) 'example_branch_labels' retrieved from /home/airflow/.local/lib/python3.12/site-packages/airflow/example_dags/example_branch_labels.py
[2024-10-28T00:27:14.304+0000] {logging_mixin.py:190} INFO - [2024-10-28T00:27:14.304+0000] {dag.py:3239} INFO - Sync 1 DAGs
[2024-10-28T00:27:14.326+0000] {logging_mixin.py:190} INFO - [2024-10-28T00:27:14.326+0000] {dag.py:4180} INFO - Setting next_dagrun for example_branch_labels to 2024-10-27 00:00:00+00:00, run_after=2024-10-28 00:00:00+00:00
[2024-10-28T00:27:14.342+0000] {processor.py:208} INFO - Processing /home/airflow/.local/lib/python3.12/site-packages/airflow/example_dags/example_branch_labels.py took 0.075 seconds
[2024-10-28T00:27:45.148+0000] {processor.py:186} INFO - Started process (PID=49186) to work on /home/airflow/.local/lib/python3.12/site-packages/airflow/example_dags/example_branch_labels.py
[2024-10-28T00:27:45.149+0000] {processor.py:914} INFO - Processing file /home/airflow/.local/lib/python3.12/site-packages/airflow/example_dags/example_branch_labels.py for tasks to queue
[2024-10-28T00:27:45.150+0000] {logging_mixin.py:190} INFO - [2024-10-28T00:27:45.150+0000] {dagbag.py:588} INFO - Filling up the DagBag from /home/airflow/.local/lib/python3.12/site-packages/airflow/example_dags/example_branch_labels.py
[2024-10-28T00:27:45.158+0000] {processor.py:925} INFO - DAG(s) 'example_branch_labels' retrieved from /home/airflow/.local/lib/python3.12/site-packages/airflow/example_dags/example_branch_labels.py
[2024-10-28T00:27:45.177+0000] {logging_mixin.py:190} INFO - [2024-10-28T00:27:45.177+0000] {dag.py:3239} INFO - Sync 1 DAGs
[2024-10-28T00:27:45.199+0000] {logging_mixin.py:190} INFO - [2024-10-28T00:27:45.199+0000] {dag.py:4180} INFO - Setting next_dagrun for example_branch_labels to 2024-10-27 00:00:00+00:00, run_after=2024-10-28 00:00:00+00:00
[2024-10-28T00:27:45.215+0000] {processor.py:208} INFO - Processing /home/airflow/.local/lib/python3.12/site-packages/airflow/example_dags/example_branch_labels.py took 0.073 seconds
[2024-10-28T00:28:15.301+0000] {processor.py:186} INFO - Started process (PID=49260) to work on /home/airflow/.local/lib/python3.12/site-packages/airflow/example_dags/example_branch_labels.py
[2024-10-28T00:28:15.303+0000] {processor.py:914} INFO - Processing file /home/airflow/.local/lib/python3.12/site-packages/airflow/example_dags/example_branch_labels.py for tasks to queue
[2024-10-28T00:28:15.304+0000] {logging_mixin.py:190} INFO - [2024-10-28T00:28:15.304+0000] {dagbag.py:588} INFO - Filling up the DagBag from /home/airflow/.local/lib/python3.12/site-packages/airflow/example_dags/example_branch_labels.py
[2024-10-28T00:28:15.313+0000] {processor.py:925} INFO - DAG(s) 'example_branch_labels' retrieved from /home/airflow/.local/lib/python3.12/site-packages/airflow/example_dags/example_branch_labels.py
[2024-10-28T00:28:15.332+0000] {logging_mixin.py:190} INFO - [2024-10-28T00:28:15.332+0000] {dag.py:3239} INFO - Sync 1 DAGs
[2024-10-28T00:28:15.355+0000] {logging_mixin.py:190} INFO - [2024-10-28T00:28:15.355+0000] {dag.py:4180} INFO - Setting next_dagrun for example_branch_labels to 2024-10-27 00:00:00+00:00, run_after=2024-10-28 00:00:00+00:00
[2024-10-28T00:28:15.372+0000] {processor.py:208} INFO - Processing /home/airflow/.local/lib/python3.12/site-packages/airflow/example_dags/example_branch_labels.py took 0.076 seconds
[2024-10-28T00:28:45.879+0000] {processor.py:186} INFO - Started process (PID=49334) to work on /home/airflow/.local/lib/python3.12/site-packages/airflow/example_dags/example_branch_labels.py
[2024-10-28T00:28:45.880+0000] {processor.py:914} INFO - Processing file /home/airflow/.local/lib/python3.12/site-packages/airflow/example_dags/example_branch_labels.py for tasks to queue
[2024-10-28T00:28:45.882+0000] {logging_mixin.py:190} INFO - [2024-10-28T00:28:45.882+0000] {dagbag.py:588} INFO - Filling up the DagBag from /home/airflow/.local/lib/python3.12/site-packages/airflow/example_dags/example_branch_labels.py
[2024-10-28T00:28:45.893+0000] {processor.py:925} INFO - DAG(s) 'example_branch_labels' retrieved from /home/airflow/.local/lib/python3.12/site-packages/airflow/example_dags/example_branch_labels.py
[2024-10-28T00:28:45.914+0000] {logging_mixin.py:190} INFO - [2024-10-28T00:28:45.914+0000] {dag.py:3239} INFO - Sync 1 DAGs
[2024-10-28T00:28:45.941+0000] {logging_mixin.py:190} INFO - [2024-10-28T00:28:45.940+0000] {dag.py:4180} INFO - Setting next_dagrun for example_branch_labels to 2024-10-27 00:00:00+00:00, run_after=2024-10-28 00:00:00+00:00
[2024-10-28T00:28:45.959+0000] {processor.py:208} INFO - Processing /home/airflow/.local/lib/python3.12/site-packages/airflow/example_dags/example_branch_labels.py took 0.086 seconds
[2024-10-28T00:29:16.722+0000] {processor.py:186} INFO - Started process (PID=49408) to work on /home/airflow/.local/lib/python3.12/site-packages/airflow/example_dags/example_branch_labels.py
[2024-10-28T00:29:16.723+0000] {processor.py:914} INFO - Processing file /home/airflow/.local/lib/python3.12/site-packages/airflow/example_dags/example_branch_labels.py for tasks to queue
[2024-10-28T00:29:16.725+0000] {logging_mixin.py:190} INFO - [2024-10-28T00:29:16.724+0000] {dagbag.py:588} INFO - Filling up the DagBag from /home/airflow/.local/lib/python3.12/site-packages/airflow/example_dags/example_branch_labels.py
[2024-10-28T00:29:16.733+0000] {processor.py:925} INFO - DAG(s) 'example_branch_labels' retrieved from /home/airflow/.local/lib/python3.12/site-packages/airflow/example_dags/example_branch_labels.py
[2024-10-28T00:29:16.753+0000] {logging_mixin.py:190} INFO - [2024-10-28T00:29:16.753+0000] {dag.py:3239} INFO - Sync 1 DAGs
[2024-10-28T00:29:16.776+0000] {logging_mixin.py:190} INFO - [2024-10-28T00:29:16.776+0000] {dag.py:4180} INFO - Setting next_dagrun for example_branch_labels to 2024-10-27 00:00:00+00:00, run_after=2024-10-28 00:00:00+00:00
[2024-10-28T00:29:16.794+0000] {processor.py:208} INFO - Processing /home/airflow/.local/lib/python3.12/site-packages/airflow/example_dags/example_branch_labels.py took 0.077 seconds
[2024-10-28T00:29:47.558+0000] {processor.py:186} INFO - Started process (PID=49482) to work on /home/airflow/.local/lib/python3.12/site-packages/airflow/example_dags/example_branch_labels.py
[2024-10-28T00:29:47.559+0000] {processor.py:914} INFO - Processing file /home/airflow/.local/lib/python3.12/site-packages/airflow/example_dags/example_branch_labels.py for tasks to queue
[2024-10-28T00:29:47.561+0000] {logging_mixin.py:190} INFO - [2024-10-28T00:29:47.560+0000] {dagbag.py:588} INFO - Filling up the DagBag from /home/airflow/.local/lib/python3.12/site-packages/airflow/example_dags/example_branch_labels.py
[2024-10-28T00:29:47.569+0000] {processor.py:925} INFO - DAG(s) 'example_branch_labels' retrieved from /home/airflow/.local/lib/python3.12/site-packages/airflow/example_dags/example_branch_labels.py
[2024-10-28T00:29:47.589+0000] {logging_mixin.py:190} INFO - [2024-10-28T00:29:47.589+0000] {dag.py:3239} INFO - Sync 1 DAGs
[2024-10-28T00:29:47.613+0000] {logging_mixin.py:190} INFO - [2024-10-28T00:29:47.613+0000] {dag.py:4180} INFO - Setting next_dagrun for example_branch_labels to 2024-10-27 00:00:00+00:00, run_after=2024-10-28 00:00:00+00:00
[2024-10-28T00:29:47.631+0000] {processor.py:208} INFO - Processing /home/airflow/.local/lib/python3.12/site-packages/airflow/example_dags/example_branch_labels.py took 0.078 seconds
[2024-10-28T00:30:18.464+0000] {processor.py:186} INFO - Started process (PID=49556) to work on /home/airflow/.local/lib/python3.12/site-packages/airflow/example_dags/example_branch_labels.py
[2024-10-28T00:30:18.465+0000] {processor.py:914} INFO - Processing file /home/airflow/.local/lib/python3.12/site-packages/airflow/example_dags/example_branch_labels.py for tasks to queue
[2024-10-28T00:30:18.466+0000] {logging_mixin.py:190} INFO - [2024-10-28T00:30:18.466+0000] {dagbag.py:588} INFO - Filling up the DagBag from /home/airflow/.local/lib/python3.12/site-packages/airflow/example_dags/example_branch_labels.py
[2024-10-28T00:30:18.474+0000] {processor.py:925} INFO - DAG(s) 'example_branch_labels' retrieved from /home/airflow/.local/lib/python3.12/site-packages/airflow/example_dags/example_branch_labels.py
[2024-10-28T00:30:18.494+0000] {logging_mixin.py:190} INFO - [2024-10-28T00:30:18.494+0000] {dag.py:3239} INFO - Sync 1 DAGs
[2024-10-28T00:30:18.518+0000] {logging_mixin.py:190} INFO - [2024-10-28T00:30:18.518+0000] {dag.py:4180} INFO - Setting next_dagrun for example_branch_labels to 2024-10-27 00:00:00+00:00, run_after=2024-10-28 00:00:00+00:00
[2024-10-28T00:30:18.538+0000] {processor.py:208} INFO - Processing /home/airflow/.local/lib/python3.12/site-packages/airflow/example_dags/example_branch_labels.py took 0.080 seconds
[2024-10-28T00:30:49.365+0000] {processor.py:186} INFO - Started process (PID=49630) to work on /home/airflow/.local/lib/python3.12/site-packages/airflow/example_dags/example_branch_labels.py
[2024-10-28T00:30:49.366+0000] {processor.py:914} INFO - Processing file /home/airflow/.local/lib/python3.12/site-packages/airflow/example_dags/example_branch_labels.py for tasks to queue
[2024-10-28T00:30:49.367+0000] {logging_mixin.py:190} INFO - [2024-10-28T00:30:49.367+0000] {dagbag.py:588} INFO - Filling up the DagBag from /home/airflow/.local/lib/python3.12/site-packages/airflow/example_dags/example_branch_labels.py
[2024-10-28T00:30:49.376+0000] {processor.py:925} INFO - DAG(s) 'example_branch_labels' retrieved from /home/airflow/.local/lib/python3.12/site-packages/airflow/example_dags/example_branch_labels.py
[2024-10-28T00:30:49.397+0000] {logging_mixin.py:190} INFO - [2024-10-28T00:30:49.396+0000] {dag.py:3239} INFO - Sync 1 DAGs
[2024-10-28T00:30:49.423+0000] {logging_mixin.py:190} INFO - [2024-10-28T00:30:49.422+0000] {dag.py:4180} INFO - Setting next_dagrun for example_branch_labels to 2024-10-27 00:00:00+00:00, run_after=2024-10-28 00:00:00+00:00
[2024-10-28T00:30:49.441+0000] {processor.py:208} INFO - Processing /home/airflow/.local/lib/python3.12/site-packages/airflow/example_dags/example_branch_labels.py took 0.082 seconds
[2024-10-28T00:31:20.283+0000] {processor.py:186} INFO - Started process (PID=49704) to work on /home/airflow/.local/lib/python3.12/site-packages/airflow/example_dags/example_branch_labels.py
[2024-10-28T00:31:20.284+0000] {processor.py:914} INFO - Processing file /home/airflow/.local/lib/python3.12/site-packages/airflow/example_dags/example_branch_labels.py for tasks to queue
[2024-10-28T00:31:20.287+0000] {logging_mixin.py:190} INFO - [2024-10-28T00:31:20.286+0000] {dagbag.py:588} INFO - Filling up the DagBag from /home/airflow/.local/lib/python3.12/site-packages/airflow/example_dags/example_branch_labels.py
[2024-10-28T00:31:20.309+0000] {processor.py:925} INFO - DAG(s) 'example_branch_labels' retrieved from /home/airflow/.local/lib/python3.12/site-packages/airflow/example_dags/example_branch_labels.py
[2024-10-28T00:31:20.352+0000] {logging_mixin.py:190} INFO - [2024-10-28T00:31:20.352+0000] {dag.py:3239} INFO - Sync 1 DAGs
[2024-10-28T00:31:20.393+0000] {logging_mixin.py:190} INFO - [2024-10-28T00:31:20.392+0000] {dag.py:4180} INFO - Setting next_dagrun for example_branch_labels to 2024-10-27 00:00:00+00:00, run_after=2024-10-28 00:00:00+00:00
[2024-10-28T00:31:20.420+0000] {processor.py:208} INFO - Processing /home/airflow/.local/lib/python3.12/site-packages/airflow/example_dags/example_branch_labels.py took 0.149 seconds
[2024-10-28T00:31:51.465+0000] {processor.py:186} INFO - Started process (PID=49778) to work on /home/airflow/.local/lib/python3.12/site-packages/airflow/example_dags/example_branch_labels.py
[2024-10-28T00:31:51.466+0000] {processor.py:914} INFO - Processing file /home/airflow/.local/lib/python3.12/site-packages/airflow/example_dags/example_branch_labels.py for tasks to queue
[2024-10-28T00:31:51.467+0000] {logging_mixin.py:190} INFO - [2024-10-28T00:31:51.467+0000] {dagbag.py:588} INFO - Filling up the DagBag from /home/airflow/.local/lib/python3.12/site-packages/airflow/example_dags/example_branch_labels.py
[2024-10-28T00:31:51.476+0000] {processor.py:925} INFO - DAG(s) 'example_branch_labels' retrieved from /home/airflow/.local/lib/python3.12/site-packages/airflow/example_dags/example_branch_labels.py
[2024-10-28T00:31:51.495+0000] {logging_mixin.py:190} INFO - [2024-10-28T00:31:51.495+0000] {dag.py:3239} INFO - Sync 1 DAGs
[2024-10-28T00:31:51.517+0000] {logging_mixin.py:190} INFO - [2024-10-28T00:31:51.516+0000] {dag.py:4180} INFO - Setting next_dagrun for example_branch_labels to 2024-10-27 00:00:00+00:00, run_after=2024-10-28 00:00:00+00:00
[2024-10-28T00:31:51.535+0000] {processor.py:208} INFO - Processing /home/airflow/.local/lib/python3.12/site-packages/airflow/example_dags/example_branch_labels.py took 0.075 seconds
[2024-10-28T00:32:22.193+0000] {processor.py:186} INFO - Started process (PID=49852) to work on /home/airflow/.local/lib/python3.12/site-packages/airflow/example_dags/example_branch_labels.py
[2024-10-28T00:32:22.194+0000] {processor.py:914} INFO - Processing file /home/airflow/.local/lib/python3.12/site-packages/airflow/example_dags/example_branch_labels.py for tasks to queue
[2024-10-28T00:32:22.195+0000] {logging_mixin.py:190} INFO - [2024-10-28T00:32:22.195+0000] {dagbag.py:588} INFO - Filling up the DagBag from /home/airflow/.local/lib/python3.12/site-packages/airflow/example_dags/example_branch_labels.py
[2024-10-28T00:32:22.203+0000] {processor.py:925} INFO - DAG(s) 'example_branch_labels' retrieved from /home/airflow/.local/lib/python3.12/site-packages/airflow/example_dags/example_branch_labels.py
[2024-10-28T00:32:22.223+0000] {logging_mixin.py:190} INFO - [2024-10-28T00:32:22.223+0000] {dag.py:3239} INFO - Sync 1 DAGs
[2024-10-28T00:32:22.253+0000] {logging_mixin.py:190} INFO - [2024-10-28T00:32:22.253+0000] {dag.py:4180} INFO - Setting next_dagrun for example_branch_labels to 2024-10-27 00:00:00+00:00, run_after=2024-10-28 00:00:00+00:00
[2024-10-28T00:32:22.273+0000] {processor.py:208} INFO - Processing /home/airflow/.local/lib/python3.12/site-packages/airflow/example_dags/example_branch_labels.py took 0.086 seconds
[2024-10-28T00:32:53.009+0000] {processor.py:186} INFO - Started process (PID=49926) to work on /home/airflow/.local/lib/python3.12/site-packages/airflow/example_dags/example_branch_labels.py
[2024-10-28T00:32:53.010+0000] {processor.py:914} INFO - Processing file /home/airflow/.local/lib/python3.12/site-packages/airflow/example_dags/example_branch_labels.py for tasks to queue
[2024-10-28T00:32:53.012+0000] {logging_mixin.py:190} INFO - [2024-10-28T00:32:53.011+0000] {dagbag.py:588} INFO - Filling up the DagBag from /home/airflow/.local/lib/python3.12/site-packages/airflow/example_dags/example_branch_labels.py
[2024-10-28T00:32:53.020+0000] {processor.py:925} INFO - DAG(s) 'example_branch_labels' retrieved from /home/airflow/.local/lib/python3.12/site-packages/airflow/example_dags/example_branch_labels.py
[2024-10-28T00:32:53.039+0000] {logging_mixin.py:190} INFO - [2024-10-28T00:32:53.039+0000] {dag.py:3239} INFO - Sync 1 DAGs
[2024-10-28T00:32:53.061+0000] {logging_mixin.py:190} INFO - [2024-10-28T00:32:53.061+0000] {dag.py:4180} INFO - Setting next_dagrun for example_branch_labels to 2024-10-27 00:00:00+00:00, run_after=2024-10-28 00:00:00+00:00
[2024-10-28T00:32:53.080+0000] {processor.py:208} INFO - Processing /home/airflow/.local/lib/python3.12/site-packages/airflow/example_dags/example_branch_labels.py took 0.075 seconds
[2024-10-28T00:33:23.783+0000] {processor.py:186} INFO - Started process (PID=50000) to work on /home/airflow/.local/lib/python3.12/site-packages/airflow/example_dags/example_branch_labels.py
[2024-10-28T00:33:23.784+0000] {processor.py:914} INFO - Processing file /home/airflow/.local/lib/python3.12/site-packages/airflow/example_dags/example_branch_labels.py for tasks to queue
[2024-10-28T00:33:23.785+0000] {logging_mixin.py:190} INFO - [2024-10-28T00:33:23.785+0000] {dagbag.py:588} INFO - Filling up the DagBag from /home/airflow/.local/lib/python3.12/site-packages/airflow/example_dags/example_branch_labels.py
[2024-10-28T00:33:23.794+0000] {processor.py:925} INFO - DAG(s) 'example_branch_labels' retrieved from /home/airflow/.local/lib/python3.12/site-packages/airflow/example_dags/example_branch_labels.py
[2024-10-28T00:33:23.816+0000] {logging_mixin.py:190} INFO - [2024-10-28T00:33:23.815+0000] {dag.py:3239} INFO - Sync 1 DAGs
[2024-10-28T00:33:23.840+0000] {logging_mixin.py:190} INFO - [2024-10-28T00:33:23.840+0000] {dag.py:4180} INFO - Setting next_dagrun for example_branch_labels to 2024-10-27 00:00:00+00:00, run_after=2024-10-28 00:00:00+00:00
[2024-10-28T00:33:23.859+0000] {processor.py:208} INFO - Processing /home/airflow/.local/lib/python3.12/site-packages/airflow/example_dags/example_branch_labels.py took 0.083 seconds
[2024-10-28T00:33:54.544+0000] {processor.py:186} INFO - Started process (PID=50074) to work on /home/airflow/.local/lib/python3.12/site-packages/airflow/example_dags/example_branch_labels.py
[2024-10-28T00:33:54.545+0000] {processor.py:914} INFO - Processing file /home/airflow/.local/lib/python3.12/site-packages/airflow/example_dags/example_branch_labels.py for tasks to queue
[2024-10-28T00:33:54.547+0000] {logging_mixin.py:190} INFO - [2024-10-28T00:33:54.546+0000] {dagbag.py:588} INFO - Filling up the DagBag from /home/airflow/.local/lib/python3.12/site-packages/airflow/example_dags/example_branch_labels.py
[2024-10-28T00:33:54.555+0000] {processor.py:925} INFO - DAG(s) 'example_branch_labels' retrieved from /home/airflow/.local/lib/python3.12/site-packages/airflow/example_dags/example_branch_labels.py
[2024-10-28T00:33:54.575+0000] {logging_mixin.py:190} INFO - [2024-10-28T00:33:54.575+0000] {dag.py:3239} INFO - Sync 1 DAGs
[2024-10-28T00:33:54.599+0000] {logging_mixin.py:190} INFO - [2024-10-28T00:33:54.599+0000] {dag.py:4180} INFO - Setting next_dagrun for example_branch_labels to 2024-10-27 00:00:00+00:00, run_after=2024-10-28 00:00:00+00:00
[2024-10-28T00:33:54.618+0000] {processor.py:208} INFO - Processing /home/airflow/.local/lib/python3.12/site-packages/airflow/example_dags/example_branch_labels.py took 0.081 seconds
