[2024-10-28T00:00:13.689+0000] {processor.py:186} INFO - Started process (PID=45185) to work on /home/airflow/.local/lib/python3.12/site-packages/airflow/example_dags/example_short_circuit_operator.py
[2024-10-28T00:00:13.691+0000] {processor.py:914} INFO - Processing file /home/airflow/.local/lib/python3.12/site-packages/airflow/example_dags/example_short_circuit_operator.py for tasks to queue
[2024-10-28T00:00:13.693+0000] {logging_mixin.py:190} INFO - [2024-10-28T00:00:13.693+0000] {dagbag.py:588} INFO - Filling up the DagBag from /home/airflow/.local/lib/python3.12/site-packages/airflow/example_dags/example_short_circuit_operator.py
[2024-10-28T00:00:13.701+0000] {processor.py:925} INFO - DAG(s) 'example_short_circuit_operator' retrieved from /home/airflow/.local/lib/python3.12/site-packages/airflow/example_dags/example_short_circuit_operator.py
[2024-10-28T00:00:13.729+0000] {logging_mixin.py:190} INFO - [2024-10-28T00:00:13.729+0000] {dag.py:3239} INFO - Sync 1 DAGs
[2024-10-28T00:00:13.746+0000] {logging_mixin.py:190} INFO - [2024-10-28T00:00:13.746+0000] {dag.py:4180} INFO - Setting next_dagrun for example_short_circuit_operator to None, run_after=None
[2024-10-28T00:00:13.767+0000] {processor.py:208} INFO - Processing /home/airflow/.local/lib/python3.12/site-packages/airflow/example_dags/example_short_circuit_operator.py took 0.084 seconds
[2024-10-28T00:00:44.343+0000] {processor.py:186} INFO - Started process (PID=45259) to work on /home/airflow/.local/lib/python3.12/site-packages/airflow/example_dags/example_short_circuit_operator.py
[2024-10-28T00:00:44.344+0000] {processor.py:914} INFO - Processing file /home/airflow/.local/lib/python3.12/site-packages/airflow/example_dags/example_short_circuit_operator.py for tasks to queue
[2024-10-28T00:00:44.345+0000] {logging_mixin.py:190} INFO - [2024-10-28T00:00:44.345+0000] {dagbag.py:588} INFO - Filling up the DagBag from /home/airflow/.local/lib/python3.12/site-packages/airflow/example_dags/example_short_circuit_operator.py
[2024-10-28T00:00:44.355+0000] {processor.py:925} INFO - DAG(s) 'example_short_circuit_operator' retrieved from /home/airflow/.local/lib/python3.12/site-packages/airflow/example_dags/example_short_circuit_operator.py
[2024-10-28T00:00:44.378+0000] {logging_mixin.py:190} INFO - [2024-10-28T00:00:44.378+0000] {dag.py:3239} INFO - Sync 1 DAGs
[2024-10-28T00:00:44.393+0000] {logging_mixin.py:190} INFO - [2024-10-28T00:00:44.392+0000] {dag.py:4180} INFO - Setting next_dagrun for example_short_circuit_operator to None, run_after=None
[2024-10-28T00:00:44.414+0000] {processor.py:208} INFO - Processing /home/airflow/.local/lib/python3.12/site-packages/airflow/example_dags/example_short_circuit_operator.py took 0.077 seconds
[2024-10-28T00:01:15.028+0000] {processor.py:186} INFO - Started process (PID=45333) to work on /home/airflow/.local/lib/python3.12/site-packages/airflow/example_dags/example_short_circuit_operator.py
[2024-10-28T00:01:15.030+0000] {processor.py:914} INFO - Processing file /home/airflow/.local/lib/python3.12/site-packages/airflow/example_dags/example_short_circuit_operator.py for tasks to queue
[2024-10-28T00:01:15.033+0000] {logging_mixin.py:190} INFO - [2024-10-28T00:01:15.032+0000] {dagbag.py:588} INFO - Filling up the DagBag from /home/airflow/.local/lib/python3.12/site-packages/airflow/example_dags/example_short_circuit_operator.py
[2024-10-28T00:01:15.049+0000] {processor.py:925} INFO - DAG(s) 'example_short_circuit_operator' retrieved from /home/airflow/.local/lib/python3.12/site-packages/airflow/example_dags/example_short_circuit_operator.py
[2024-10-28T00:01:15.078+0000] {logging_mixin.py:190} INFO - [2024-10-28T00:01:15.078+0000] {dag.py:3239} INFO - Sync 1 DAGs
[2024-10-28T00:01:15.097+0000] {logging_mixin.py:190} INFO - [2024-10-28T00:01:15.097+0000] {dag.py:4180} INFO - Setting next_dagrun for example_short_circuit_operator to None, run_after=None
[2024-10-28T00:01:15.126+0000] {processor.py:208} INFO - Processing /home/airflow/.local/lib/python3.12/site-packages/airflow/example_dags/example_short_circuit_operator.py took 0.105 seconds
[2024-10-28T00:01:45.215+0000] {processor.py:186} INFO - Started process (PID=45407) to work on /home/airflow/.local/lib/python3.12/site-packages/airflow/example_dags/example_short_circuit_operator.py
[2024-10-28T00:01:45.216+0000] {processor.py:914} INFO - Processing file /home/airflow/.local/lib/python3.12/site-packages/airflow/example_dags/example_short_circuit_operator.py for tasks to queue
[2024-10-28T00:01:45.218+0000] {logging_mixin.py:190} INFO - [2024-10-28T00:01:45.218+0000] {dagbag.py:588} INFO - Filling up the DagBag from /home/airflow/.local/lib/python3.12/site-packages/airflow/example_dags/example_short_circuit_operator.py
[2024-10-28T00:01:45.229+0000] {processor.py:925} INFO - DAG(s) 'example_short_circuit_operator' retrieved from /home/airflow/.local/lib/python3.12/site-packages/airflow/example_dags/example_short_circuit_operator.py
[2024-10-28T00:01:45.257+0000] {logging_mixin.py:190} INFO - [2024-10-28T00:01:45.257+0000] {dag.py:3239} INFO - Sync 1 DAGs
[2024-10-28T00:01:45.274+0000] {logging_mixin.py:190} INFO - [2024-10-28T00:01:45.274+0000] {dag.py:4180} INFO - Setting next_dagrun for example_short_circuit_operator to None, run_after=None
[2024-10-28T00:01:45.299+0000] {processor.py:208} INFO - Processing /home/airflow/.local/lib/python3.12/site-packages/airflow/example_dags/example_short_circuit_operator.py took 0.089 seconds
[2024-10-28T00:02:15.473+0000] {processor.py:186} INFO - Started process (PID=45481) to work on /home/airflow/.local/lib/python3.12/site-packages/airflow/example_dags/example_short_circuit_operator.py
[2024-10-28T00:02:15.474+0000] {processor.py:914} INFO - Processing file /home/airflow/.local/lib/python3.12/site-packages/airflow/example_dags/example_short_circuit_operator.py for tasks to queue
[2024-10-28T00:02:15.476+0000] {logging_mixin.py:190} INFO - [2024-10-28T00:02:15.475+0000] {dagbag.py:588} INFO - Filling up the DagBag from /home/airflow/.local/lib/python3.12/site-packages/airflow/example_dags/example_short_circuit_operator.py
[2024-10-28T00:02:15.483+0000] {processor.py:925} INFO - DAG(s) 'example_short_circuit_operator' retrieved from /home/airflow/.local/lib/python3.12/site-packages/airflow/example_dags/example_short_circuit_operator.py
[2024-10-28T00:02:15.508+0000] {logging_mixin.py:190} INFO - [2024-10-28T00:02:15.508+0000] {dag.py:3239} INFO - Sync 1 DAGs
[2024-10-28T00:02:15.522+0000] {logging_mixin.py:190} INFO - [2024-10-28T00:02:15.522+0000] {dag.py:4180} INFO - Setting next_dagrun for example_short_circuit_operator to None, run_after=None
[2024-10-28T00:02:15.542+0000] {processor.py:208} INFO - Processing /home/airflow/.local/lib/python3.12/site-packages/airflow/example_dags/example_short_circuit_operator.py took 0.075 seconds
[2024-10-28T00:02:45.683+0000] {processor.py:186} INFO - Started process (PID=45555) to work on /home/airflow/.local/lib/python3.12/site-packages/airflow/example_dags/example_short_circuit_operator.py
[2024-10-28T00:02:45.684+0000] {processor.py:914} INFO - Processing file /home/airflow/.local/lib/python3.12/site-packages/airflow/example_dags/example_short_circuit_operator.py for tasks to queue
[2024-10-28T00:02:45.686+0000] {logging_mixin.py:190} INFO - [2024-10-28T00:02:45.686+0000] {dagbag.py:588} INFO - Filling up the DagBag from /home/airflow/.local/lib/python3.12/site-packages/airflow/example_dags/example_short_circuit_operator.py
[2024-10-28T00:02:45.694+0000] {processor.py:925} INFO - DAG(s) 'example_short_circuit_operator' retrieved from /home/airflow/.local/lib/python3.12/site-packages/airflow/example_dags/example_short_circuit_operator.py
[2024-10-28T00:02:45.719+0000] {logging_mixin.py:190} INFO - [2024-10-28T00:02:45.719+0000] {dag.py:3239} INFO - Sync 1 DAGs
[2024-10-28T00:02:45.733+0000] {logging_mixin.py:190} INFO - [2024-10-28T00:02:45.733+0000] {dag.py:4180} INFO - Setting next_dagrun for example_short_circuit_operator to None, run_after=None
[2024-10-28T00:02:45.754+0000] {processor.py:208} INFO - Processing /home/airflow/.local/lib/python3.12/site-packages/airflow/example_dags/example_short_circuit_operator.py took 0.077 seconds
[2024-10-28T00:03:16.197+0000] {processor.py:186} INFO - Started process (PID=45629) to work on /home/airflow/.local/lib/python3.12/site-packages/airflow/example_dags/example_short_circuit_operator.py
[2024-10-28T00:03:16.199+0000] {processor.py:914} INFO - Processing file /home/airflow/.local/lib/python3.12/site-packages/airflow/example_dags/example_short_circuit_operator.py for tasks to queue
[2024-10-28T00:03:16.200+0000] {logging_mixin.py:190} INFO - [2024-10-28T00:03:16.200+0000] {dagbag.py:588} INFO - Filling up the DagBag from /home/airflow/.local/lib/python3.12/site-packages/airflow/example_dags/example_short_circuit_operator.py
[2024-10-28T00:03:16.208+0000] {processor.py:925} INFO - DAG(s) 'example_short_circuit_operator' retrieved from /home/airflow/.local/lib/python3.12/site-packages/airflow/example_dags/example_short_circuit_operator.py
[2024-10-28T00:03:16.233+0000] {logging_mixin.py:190} INFO - [2024-10-28T00:03:16.233+0000] {dag.py:3239} INFO - Sync 1 DAGs
[2024-10-28T00:03:16.247+0000] {logging_mixin.py:190} INFO - [2024-10-28T00:03:16.247+0000] {dag.py:4180} INFO - Setting next_dagrun for example_short_circuit_operator to None, run_after=None
[2024-10-28T00:03:16.266+0000] {processor.py:208} INFO - Processing /home/airflow/.local/lib/python3.12/site-packages/airflow/example_dags/example_short_circuit_operator.py took 0.075 seconds
[2024-10-28T00:03:46.443+0000] {processor.py:186} INFO - Started process (PID=45703) to work on /home/airflow/.local/lib/python3.12/site-packages/airflow/example_dags/example_short_circuit_operator.py
[2024-10-28T00:03:46.444+0000] {processor.py:914} INFO - Processing file /home/airflow/.local/lib/python3.12/site-packages/airflow/example_dags/example_short_circuit_operator.py for tasks to queue
[2024-10-28T00:03:46.446+0000] {logging_mixin.py:190} INFO - [2024-10-28T00:03:46.445+0000] {dagbag.py:588} INFO - Filling up the DagBag from /home/airflow/.local/lib/python3.12/site-packages/airflow/example_dags/example_short_circuit_operator.py
[2024-10-28T00:03:46.454+0000] {processor.py:925} INFO - DAG(s) 'example_short_circuit_operator' retrieved from /home/airflow/.local/lib/python3.12/site-packages/airflow/example_dags/example_short_circuit_operator.py
[2024-10-28T00:03:46.479+0000] {logging_mixin.py:190} INFO - [2024-10-28T00:03:46.479+0000] {dag.py:3239} INFO - Sync 1 DAGs
[2024-10-28T00:03:46.494+0000] {logging_mixin.py:190} INFO - [2024-10-28T00:03:46.493+0000] {dag.py:4180} INFO - Setting next_dagrun for example_short_circuit_operator to None, run_after=None
[2024-10-28T00:03:46.514+0000] {processor.py:208} INFO - Processing /home/airflow/.local/lib/python3.12/site-packages/airflow/example_dags/example_short_circuit_operator.py took 0.077 seconds
[2024-10-28T00:04:17.079+0000] {processor.py:186} INFO - Started process (PID=45777) to work on /home/airflow/.local/lib/python3.12/site-packages/airflow/example_dags/example_short_circuit_operator.py
[2024-10-28T00:04:17.080+0000] {processor.py:914} INFO - Processing file /home/airflow/.local/lib/python3.12/site-packages/airflow/example_dags/example_short_circuit_operator.py for tasks to queue
[2024-10-28T00:04:17.082+0000] {logging_mixin.py:190} INFO - [2024-10-28T00:04:17.081+0000] {dagbag.py:588} INFO - Filling up the DagBag from /home/airflow/.local/lib/python3.12/site-packages/airflow/example_dags/example_short_circuit_operator.py
[2024-10-28T00:04:17.091+0000] {processor.py:925} INFO - DAG(s) 'example_short_circuit_operator' retrieved from /home/airflow/.local/lib/python3.12/site-packages/airflow/example_dags/example_short_circuit_operator.py
[2024-10-28T00:04:17.115+0000] {logging_mixin.py:190} INFO - [2024-10-28T00:04:17.115+0000] {dag.py:3239} INFO - Sync 1 DAGs
[2024-10-28T00:04:17.129+0000] {logging_mixin.py:190} INFO - [2024-10-28T00:04:17.129+0000] {dag.py:4180} INFO - Setting next_dagrun for example_short_circuit_operator to None, run_after=None
[2024-10-28T00:04:17.149+0000] {processor.py:208} INFO - Processing /home/airflow/.local/lib/python3.12/site-packages/airflow/example_dags/example_short_circuit_operator.py took 0.075 seconds
[2024-10-28T00:04:47.282+0000] {processor.py:186} INFO - Started process (PID=45851) to work on /home/airflow/.local/lib/python3.12/site-packages/airflow/example_dags/example_short_circuit_operator.py
[2024-10-28T00:04:47.284+0000] {processor.py:914} INFO - Processing file /home/airflow/.local/lib/python3.12/site-packages/airflow/example_dags/example_short_circuit_operator.py for tasks to queue
[2024-10-28T00:04:47.293+0000] {logging_mixin.py:190} INFO - [2024-10-28T00:04:47.287+0000] {dagbag.py:588} INFO - Filling up the DagBag from /home/airflow/.local/lib/python3.12/site-packages/airflow/example_dags/example_short_circuit_operator.py
[2024-10-28T00:04:47.313+0000] {processor.py:925} INFO - DAG(s) 'example_short_circuit_operator' retrieved from /home/airflow/.local/lib/python3.12/site-packages/airflow/example_dags/example_short_circuit_operator.py
[2024-10-28T00:04:47.360+0000] {logging_mixin.py:190} INFO - [2024-10-28T00:04:47.359+0000] {dag.py:3239} INFO - Sync 1 DAGs
[2024-10-28T00:04:47.402+0000] {logging_mixin.py:190} INFO - [2024-10-28T00:04:47.401+0000] {dag.py:4180} INFO - Setting next_dagrun for example_short_circuit_operator to None, run_after=None
[2024-10-28T00:04:47.448+0000] {processor.py:208} INFO - Processing /home/airflow/.local/lib/python3.12/site-packages/airflow/example_dags/example_short_circuit_operator.py took 0.186 seconds
[2024-10-28T00:05:18.176+0000] {processor.py:186} INFO - Started process (PID=45925) to work on /home/airflow/.local/lib/python3.12/site-packages/airflow/example_dags/example_short_circuit_operator.py
[2024-10-28T00:05:18.177+0000] {processor.py:914} INFO - Processing file /home/airflow/.local/lib/python3.12/site-packages/airflow/example_dags/example_short_circuit_operator.py for tasks to queue
[2024-10-28T00:05:18.178+0000] {logging_mixin.py:190} INFO - [2024-10-28T00:05:18.178+0000] {dagbag.py:588} INFO - Filling up the DagBag from /home/airflow/.local/lib/python3.12/site-packages/airflow/example_dags/example_short_circuit_operator.py
[2024-10-28T00:05:18.188+0000] {processor.py:925} INFO - DAG(s) 'example_short_circuit_operator' retrieved from /home/airflow/.local/lib/python3.12/site-packages/airflow/example_dags/example_short_circuit_operator.py
[2024-10-28T00:05:18.212+0000] {logging_mixin.py:190} INFO - [2024-10-28T00:05:18.211+0000] {dag.py:3239} INFO - Sync 1 DAGs
[2024-10-28T00:05:18.229+0000] {logging_mixin.py:190} INFO - [2024-10-28T00:05:18.228+0000] {dag.py:4180} INFO - Setting next_dagrun for example_short_circuit_operator to None, run_after=None
[2024-10-28T00:05:18.253+0000] {processor.py:208} INFO - Processing /home/airflow/.local/lib/python3.12/site-packages/airflow/example_dags/example_short_circuit_operator.py took 0.081 seconds
[2024-10-28T00:05:48.637+0000] {processor.py:186} INFO - Started process (PID=45999) to work on /home/airflow/.local/lib/python3.12/site-packages/airflow/example_dags/example_short_circuit_operator.py
[2024-10-28T00:05:48.638+0000] {processor.py:914} INFO - Processing file /home/airflow/.local/lib/python3.12/site-packages/airflow/example_dags/example_short_circuit_operator.py for tasks to queue
[2024-10-28T00:05:48.640+0000] {logging_mixin.py:190} INFO - [2024-10-28T00:05:48.639+0000] {dagbag.py:588} INFO - Filling up the DagBag from /home/airflow/.local/lib/python3.12/site-packages/airflow/example_dags/example_short_circuit_operator.py
[2024-10-28T00:05:48.648+0000] {processor.py:925} INFO - DAG(s) 'example_short_circuit_operator' retrieved from /home/airflow/.local/lib/python3.12/site-packages/airflow/example_dags/example_short_circuit_operator.py
[2024-10-28T00:05:48.672+0000] {logging_mixin.py:190} INFO - [2024-10-28T00:05:48.672+0000] {dag.py:3239} INFO - Sync 1 DAGs
[2024-10-28T00:05:48.688+0000] {logging_mixin.py:190} INFO - [2024-10-28T00:05:48.687+0000] {dag.py:4180} INFO - Setting next_dagrun for example_short_circuit_operator to None, run_after=None
[2024-10-28T00:05:48.706+0000] {processor.py:208} INFO - Processing /home/airflow/.local/lib/python3.12/site-packages/airflow/example_dags/example_short_circuit_operator.py took 0.074 seconds
[2024-10-28T00:06:19.013+0000] {processor.py:186} INFO - Started process (PID=46073) to work on /home/airflow/.local/lib/python3.12/site-packages/airflow/example_dags/example_short_circuit_operator.py
[2024-10-28T00:06:19.014+0000] {processor.py:914} INFO - Processing file /home/airflow/.local/lib/python3.12/site-packages/airflow/example_dags/example_short_circuit_operator.py for tasks to queue
[2024-10-28T00:06:19.015+0000] {logging_mixin.py:190} INFO - [2024-10-28T00:06:19.015+0000] {dagbag.py:588} INFO - Filling up the DagBag from /home/airflow/.local/lib/python3.12/site-packages/airflow/example_dags/example_short_circuit_operator.py
[2024-10-28T00:06:19.025+0000] {processor.py:925} INFO - DAG(s) 'example_short_circuit_operator' retrieved from /home/airflow/.local/lib/python3.12/site-packages/airflow/example_dags/example_short_circuit_operator.py
[2024-10-28T00:06:19.051+0000] {logging_mixin.py:190} INFO - [2024-10-28T00:06:19.051+0000] {dag.py:3239} INFO - Sync 1 DAGs
[2024-10-28T00:06:19.067+0000] {logging_mixin.py:190} INFO - [2024-10-28T00:06:19.067+0000] {dag.py:4180} INFO - Setting next_dagrun for example_short_circuit_operator to None, run_after=None
[2024-10-28T00:06:19.091+0000] {processor.py:208} INFO - Processing /home/airflow/.local/lib/python3.12/site-packages/airflow/example_dags/example_short_circuit_operator.py took 0.084 seconds
[2024-10-28T00:06:49.194+0000] {processor.py:186} INFO - Started process (PID=46146) to work on /home/airflow/.local/lib/python3.12/site-packages/airflow/example_dags/example_short_circuit_operator.py
[2024-10-28T00:06:49.195+0000] {processor.py:914} INFO - Processing file /home/airflow/.local/lib/python3.12/site-packages/airflow/example_dags/example_short_circuit_operator.py for tasks to queue
[2024-10-28T00:06:49.196+0000] {logging_mixin.py:190} INFO - [2024-10-28T00:06:49.196+0000] {dagbag.py:588} INFO - Filling up the DagBag from /home/airflow/.local/lib/python3.12/site-packages/airflow/example_dags/example_short_circuit_operator.py
[2024-10-28T00:06:49.204+0000] {processor.py:925} INFO - DAG(s) 'example_short_circuit_operator' retrieved from /home/airflow/.local/lib/python3.12/site-packages/airflow/example_dags/example_short_circuit_operator.py
[2024-10-28T00:06:49.226+0000] {logging_mixin.py:190} INFO - [2024-10-28T00:06:49.226+0000] {dag.py:3239} INFO - Sync 1 DAGs
[2024-10-28T00:06:49.241+0000] {logging_mixin.py:190} INFO - [2024-10-28T00:06:49.241+0000] {dag.py:4180} INFO - Setting next_dagrun for example_short_circuit_operator to None, run_after=None
[2024-10-28T00:06:49.259+0000] {processor.py:208} INFO - Processing /home/airflow/.local/lib/python3.12/site-packages/airflow/example_dags/example_short_circuit_operator.py took 0.071 seconds
[2024-10-28T00:07:19.448+0000] {processor.py:186} INFO - Started process (PID=46220) to work on /home/airflow/.local/lib/python3.12/site-packages/airflow/example_dags/example_short_circuit_operator.py
[2024-10-28T00:07:19.459+0000] {processor.py:914} INFO - Processing file /home/airflow/.local/lib/python3.12/site-packages/airflow/example_dags/example_short_circuit_operator.py for tasks to queue
[2024-10-28T00:07:19.461+0000] {logging_mixin.py:190} INFO - [2024-10-28T00:07:19.461+0000] {dagbag.py:588} INFO - Filling up the DagBag from /home/airflow/.local/lib/python3.12/site-packages/airflow/example_dags/example_short_circuit_operator.py
[2024-10-28T00:07:19.479+0000] {processor.py:925} INFO - DAG(s) 'example_short_circuit_operator' retrieved from /home/airflow/.local/lib/python3.12/site-packages/airflow/example_dags/example_short_circuit_operator.py
[2024-10-28T00:07:19.529+0000] {logging_mixin.py:190} INFO - [2024-10-28T00:07:19.529+0000] {dag.py:3239} INFO - Sync 1 DAGs
[2024-10-28T00:07:19.548+0000] {logging_mixin.py:190} INFO - [2024-10-28T00:07:19.548+0000] {dag.py:4180} INFO - Setting next_dagrun for example_short_circuit_operator to None, run_after=None
[2024-10-28T00:07:19.571+0000] {processor.py:208} INFO - Processing /home/airflow/.local/lib/python3.12/site-packages/airflow/example_dags/example_short_circuit_operator.py took 0.131 seconds
[2024-10-28T00:07:50.264+0000] {processor.py:186} INFO - Started process (PID=46295) to work on /home/airflow/.local/lib/python3.12/site-packages/airflow/example_dags/example_short_circuit_operator.py
[2024-10-28T00:07:50.265+0000] {processor.py:914} INFO - Processing file /home/airflow/.local/lib/python3.12/site-packages/airflow/example_dags/example_short_circuit_operator.py for tasks to queue
[2024-10-28T00:07:50.267+0000] {logging_mixin.py:190} INFO - [2024-10-28T00:07:50.266+0000] {dagbag.py:588} INFO - Filling up the DagBag from /home/airflow/.local/lib/python3.12/site-packages/airflow/example_dags/example_short_circuit_operator.py
[2024-10-28T00:07:50.275+0000] {processor.py:925} INFO - DAG(s) 'example_short_circuit_operator' retrieved from /home/airflow/.local/lib/python3.12/site-packages/airflow/example_dags/example_short_circuit_operator.py
[2024-10-28T00:07:50.299+0000] {logging_mixin.py:190} INFO - [2024-10-28T00:07:50.298+0000] {dag.py:3239} INFO - Sync 1 DAGs
[2024-10-28T00:07:50.314+0000] {logging_mixin.py:190} INFO - [2024-10-28T00:07:50.314+0000] {dag.py:4180} INFO - Setting next_dagrun for example_short_circuit_operator to None, run_after=None
[2024-10-28T00:07:50.334+0000] {processor.py:208} INFO - Processing /home/airflow/.local/lib/python3.12/site-packages/airflow/example_dags/example_short_circuit_operator.py took 0.077 seconds
[2024-10-28T00:08:20.841+0000] {processor.py:186} INFO - Started process (PID=46369) to work on /home/airflow/.local/lib/python3.12/site-packages/airflow/example_dags/example_short_circuit_operator.py
[2024-10-28T00:08:20.843+0000] {processor.py:914} INFO - Processing file /home/airflow/.local/lib/python3.12/site-packages/airflow/example_dags/example_short_circuit_operator.py for tasks to queue
[2024-10-28T00:08:20.844+0000] {logging_mixin.py:190} INFO - [2024-10-28T00:08:20.844+0000] {dagbag.py:588} INFO - Filling up the DagBag from /home/airflow/.local/lib/python3.12/site-packages/airflow/example_dags/example_short_circuit_operator.py
[2024-10-28T00:08:20.852+0000] {processor.py:925} INFO - DAG(s) 'example_short_circuit_operator' retrieved from /home/airflow/.local/lib/python3.12/site-packages/airflow/example_dags/example_short_circuit_operator.py
[2024-10-28T00:08:20.876+0000] {logging_mixin.py:190} INFO - [2024-10-28T00:08:20.876+0000] {dag.py:3239} INFO - Sync 1 DAGs
[2024-10-28T00:08:20.890+0000] {logging_mixin.py:190} INFO - [2024-10-28T00:08:20.890+0000] {dag.py:4180} INFO - Setting next_dagrun for example_short_circuit_operator to None, run_after=None
[2024-10-28T00:08:20.909+0000] {processor.py:208} INFO - Processing /home/airflow/.local/lib/python3.12/site-packages/airflow/example_dags/example_short_circuit_operator.py took 0.074 seconds
[2024-10-28T00:08:51.727+0000] {processor.py:186} INFO - Started process (PID=46443) to work on /home/airflow/.local/lib/python3.12/site-packages/airflow/example_dags/example_short_circuit_operator.py
[2024-10-28T00:08:51.728+0000] {processor.py:914} INFO - Processing file /home/airflow/.local/lib/python3.12/site-packages/airflow/example_dags/example_short_circuit_operator.py for tasks to queue
[2024-10-28T00:08:51.730+0000] {logging_mixin.py:190} INFO - [2024-10-28T00:08:51.729+0000] {dagbag.py:588} INFO - Filling up the DagBag from /home/airflow/.local/lib/python3.12/site-packages/airflow/example_dags/example_short_circuit_operator.py
[2024-10-28T00:08:51.738+0000] {processor.py:925} INFO - DAG(s) 'example_short_circuit_operator' retrieved from /home/airflow/.local/lib/python3.12/site-packages/airflow/example_dags/example_short_circuit_operator.py
[2024-10-28T00:08:51.760+0000] {logging_mixin.py:190} INFO - [2024-10-28T00:08:51.760+0000] {dag.py:3239} INFO - Sync 1 DAGs
[2024-10-28T00:08:51.776+0000] {logging_mixin.py:190} INFO - [2024-10-28T00:08:51.776+0000] {dag.py:4180} INFO - Setting next_dagrun for example_short_circuit_operator to None, run_after=None
[2024-10-28T00:08:51.800+0000] {processor.py:208} INFO - Processing /home/airflow/.local/lib/python3.12/site-packages/airflow/example_dags/example_short_circuit_operator.py took 0.078 seconds
[2024-10-28T00:09:22.188+0000] {processor.py:186} INFO - Started process (PID=46517) to work on /home/airflow/.local/lib/python3.12/site-packages/airflow/example_dags/example_short_circuit_operator.py
[2024-10-28T00:09:22.189+0000] {processor.py:914} INFO - Processing file /home/airflow/.local/lib/python3.12/site-packages/airflow/example_dags/example_short_circuit_operator.py for tasks to queue
[2024-10-28T00:09:22.190+0000] {logging_mixin.py:190} INFO - [2024-10-28T00:09:22.190+0000] {dagbag.py:588} INFO - Filling up the DagBag from /home/airflow/.local/lib/python3.12/site-packages/airflow/example_dags/example_short_circuit_operator.py
[2024-10-28T00:09:22.198+0000] {processor.py:925} INFO - DAG(s) 'example_short_circuit_operator' retrieved from /home/airflow/.local/lib/python3.12/site-packages/airflow/example_dags/example_short_circuit_operator.py
[2024-10-28T00:09:22.220+0000] {logging_mixin.py:190} INFO - [2024-10-28T00:09:22.219+0000] {dag.py:3239} INFO - Sync 1 DAGs
[2024-10-28T00:09:22.234+0000] {logging_mixin.py:190} INFO - [2024-10-28T00:09:22.234+0000] {dag.py:4180} INFO - Setting next_dagrun for example_short_circuit_operator to None, run_after=None
[2024-10-28T00:09:22.253+0000] {processor.py:208} INFO - Processing /home/airflow/.local/lib/python3.12/site-packages/airflow/example_dags/example_short_circuit_operator.py took 0.071 seconds
[2024-10-28T00:09:52.386+0000] {processor.py:186} INFO - Started process (PID=46591) to work on /home/airflow/.local/lib/python3.12/site-packages/airflow/example_dags/example_short_circuit_operator.py
[2024-10-28T00:09:52.387+0000] {processor.py:914} INFO - Processing file /home/airflow/.local/lib/python3.12/site-packages/airflow/example_dags/example_short_circuit_operator.py for tasks to queue
[2024-10-28T00:09:52.389+0000] {logging_mixin.py:190} INFO - [2024-10-28T00:09:52.388+0000] {dagbag.py:588} INFO - Filling up the DagBag from /home/airflow/.local/lib/python3.12/site-packages/airflow/example_dags/example_short_circuit_operator.py
[2024-10-28T00:09:52.399+0000] {processor.py:925} INFO - DAG(s) 'example_short_circuit_operator' retrieved from /home/airflow/.local/lib/python3.12/site-packages/airflow/example_dags/example_short_circuit_operator.py
[2024-10-28T00:09:52.434+0000] {logging_mixin.py:190} INFO - [2024-10-28T00:09:52.434+0000] {dag.py:3239} INFO - Sync 1 DAGs
[2024-10-28T00:09:52.452+0000] {logging_mixin.py:190} INFO - [2024-10-28T00:09:52.452+0000] {dag.py:4180} INFO - Setting next_dagrun for example_short_circuit_operator to None, run_after=None
[2024-10-28T00:09:52.473+0000] {processor.py:208} INFO - Processing /home/airflow/.local/lib/python3.12/site-packages/airflow/example_dags/example_short_circuit_operator.py took 0.093 seconds
[2024-10-28T00:10:22.560+0000] {processor.py:186} INFO - Started process (PID=46665) to work on /home/airflow/.local/lib/python3.12/site-packages/airflow/example_dags/example_short_circuit_operator.py
[2024-10-28T00:10:22.562+0000] {processor.py:914} INFO - Processing file /home/airflow/.local/lib/python3.12/site-packages/airflow/example_dags/example_short_circuit_operator.py for tasks to queue
[2024-10-28T00:10:22.563+0000] {logging_mixin.py:190} INFO - [2024-10-28T00:10:22.563+0000] {dagbag.py:588} INFO - Filling up the DagBag from /home/airflow/.local/lib/python3.12/site-packages/airflow/example_dags/example_short_circuit_operator.py
[2024-10-28T00:10:22.571+0000] {processor.py:925} INFO - DAG(s) 'example_short_circuit_operator' retrieved from /home/airflow/.local/lib/python3.12/site-packages/airflow/example_dags/example_short_circuit_operator.py
[2024-10-28T00:10:22.599+0000] {logging_mixin.py:190} INFO - [2024-10-28T00:10:22.598+0000] {dag.py:3239} INFO - Sync 1 DAGs
[2024-10-28T00:10:22.615+0000] {logging_mixin.py:190} INFO - [2024-10-28T00:10:22.614+0000] {dag.py:4180} INFO - Setting next_dagrun for example_short_circuit_operator to None, run_after=None
[2024-10-28T00:10:22.635+0000] {processor.py:208} INFO - Processing /home/airflow/.local/lib/python3.12/site-packages/airflow/example_dags/example_short_circuit_operator.py took 0.081 seconds
[2024-10-28T00:10:52.800+0000] {processor.py:186} INFO - Started process (PID=46739) to work on /home/airflow/.local/lib/python3.12/site-packages/airflow/example_dags/example_short_circuit_operator.py
[2024-10-28T00:10:52.801+0000] {processor.py:914} INFO - Processing file /home/airflow/.local/lib/python3.12/site-packages/airflow/example_dags/example_short_circuit_operator.py for tasks to queue
[2024-10-28T00:10:52.803+0000] {logging_mixin.py:190} INFO - [2024-10-28T00:10:52.802+0000] {dagbag.py:588} INFO - Filling up the DagBag from /home/airflow/.local/lib/python3.12/site-packages/airflow/example_dags/example_short_circuit_operator.py
[2024-10-28T00:10:52.812+0000] {processor.py:925} INFO - DAG(s) 'example_short_circuit_operator' retrieved from /home/airflow/.local/lib/python3.12/site-packages/airflow/example_dags/example_short_circuit_operator.py
[2024-10-28T00:10:52.836+0000] {logging_mixin.py:190} INFO - [2024-10-28T00:10:52.835+0000] {dag.py:3239} INFO - Sync 1 DAGs
[2024-10-28T00:10:52.850+0000] {logging_mixin.py:190} INFO - [2024-10-28T00:10:52.850+0000] {dag.py:4180} INFO - Setting next_dagrun for example_short_circuit_operator to None, run_after=None
[2024-10-28T00:10:52.870+0000] {processor.py:208} INFO - Processing /home/airflow/.local/lib/python3.12/site-packages/airflow/example_dags/example_short_circuit_operator.py took 0.075 seconds
[2024-10-28T00:11:23.258+0000] {processor.py:186} INFO - Started process (PID=46813) to work on /home/airflow/.local/lib/python3.12/site-packages/airflow/example_dags/example_short_circuit_operator.py
[2024-10-28T00:11:23.259+0000] {processor.py:914} INFO - Processing file /home/airflow/.local/lib/python3.12/site-packages/airflow/example_dags/example_short_circuit_operator.py for tasks to queue
[2024-10-28T00:11:23.260+0000] {logging_mixin.py:190} INFO - [2024-10-28T00:11:23.260+0000] {dagbag.py:588} INFO - Filling up the DagBag from /home/airflow/.local/lib/python3.12/site-packages/airflow/example_dags/example_short_circuit_operator.py
[2024-10-28T00:11:23.268+0000] {processor.py:925} INFO - DAG(s) 'example_short_circuit_operator' retrieved from /home/airflow/.local/lib/python3.12/site-packages/airflow/example_dags/example_short_circuit_operator.py
[2024-10-28T00:11:23.291+0000] {logging_mixin.py:190} INFO - [2024-10-28T00:11:23.290+0000] {dag.py:3239} INFO - Sync 1 DAGs
[2024-10-28T00:11:23.304+0000] {logging_mixin.py:190} INFO - [2024-10-28T00:11:23.304+0000] {dag.py:4180} INFO - Setting next_dagrun for example_short_circuit_operator to None, run_after=None
[2024-10-28T00:11:23.322+0000] {processor.py:208} INFO - Processing /home/airflow/.local/lib/python3.12/site-packages/airflow/example_dags/example_short_circuit_operator.py took 0.070 seconds
[2024-10-28T00:11:54.043+0000] {processor.py:186} INFO - Started process (PID=46887) to work on /home/airflow/.local/lib/python3.12/site-packages/airflow/example_dags/example_short_circuit_operator.py
[2024-10-28T00:11:54.044+0000] {processor.py:914} INFO - Processing file /home/airflow/.local/lib/python3.12/site-packages/airflow/example_dags/example_short_circuit_operator.py for tasks to queue
[2024-10-28T00:11:54.045+0000] {logging_mixin.py:190} INFO - [2024-10-28T00:11:54.045+0000] {dagbag.py:588} INFO - Filling up the DagBag from /home/airflow/.local/lib/python3.12/site-packages/airflow/example_dags/example_short_circuit_operator.py
[2024-10-28T00:11:54.053+0000] {processor.py:925} INFO - DAG(s) 'example_short_circuit_operator' retrieved from /home/airflow/.local/lib/python3.12/site-packages/airflow/example_dags/example_short_circuit_operator.py
[2024-10-28T00:11:54.075+0000] {logging_mixin.py:190} INFO - [2024-10-28T00:11:54.075+0000] {dag.py:3239} INFO - Sync 1 DAGs
[2024-10-28T00:11:54.088+0000] {logging_mixin.py:190} INFO - [2024-10-28T00:11:54.088+0000] {dag.py:4180} INFO - Setting next_dagrun for example_short_circuit_operator to None, run_after=None
[2024-10-28T00:11:54.106+0000] {processor.py:208} INFO - Processing /home/airflow/.local/lib/python3.12/site-packages/airflow/example_dags/example_short_circuit_operator.py took 0.068 seconds
[2024-10-28T00:12:24.147+0000] {processor.py:186} INFO - Started process (PID=46961) to work on /home/airflow/.local/lib/python3.12/site-packages/airflow/example_dags/example_short_circuit_operator.py
[2024-10-28T00:12:24.148+0000] {processor.py:914} INFO - Processing file /home/airflow/.local/lib/python3.12/site-packages/airflow/example_dags/example_short_circuit_operator.py for tasks to queue
[2024-10-28T00:12:24.149+0000] {logging_mixin.py:190} INFO - [2024-10-28T00:12:24.149+0000] {dagbag.py:588} INFO - Filling up the DagBag from /home/airflow/.local/lib/python3.12/site-packages/airflow/example_dags/example_short_circuit_operator.py
[2024-10-28T00:12:24.157+0000] {processor.py:925} INFO - DAG(s) 'example_short_circuit_operator' retrieved from /home/airflow/.local/lib/python3.12/site-packages/airflow/example_dags/example_short_circuit_operator.py
[2024-10-28T00:12:24.179+0000] {logging_mixin.py:190} INFO - [2024-10-28T00:12:24.179+0000] {dag.py:3239} INFO - Sync 1 DAGs
[2024-10-28T00:12:24.193+0000] {logging_mixin.py:190} INFO - [2024-10-28T00:12:24.193+0000] {dag.py:4180} INFO - Setting next_dagrun for example_short_circuit_operator to None, run_after=None
[2024-10-28T00:12:24.211+0000] {processor.py:208} INFO - Processing /home/airflow/.local/lib/python3.12/site-packages/airflow/example_dags/example_short_circuit_operator.py took 0.070 seconds
[2024-10-28T00:12:54.781+0000] {processor.py:186} INFO - Started process (PID=47035) to work on /home/airflow/.local/lib/python3.12/site-packages/airflow/example_dags/example_short_circuit_operator.py
[2024-10-28T00:12:54.782+0000] {processor.py:914} INFO - Processing file /home/airflow/.local/lib/python3.12/site-packages/airflow/example_dags/example_short_circuit_operator.py for tasks to queue
[2024-10-28T00:12:54.783+0000] {logging_mixin.py:190} INFO - [2024-10-28T00:12:54.783+0000] {dagbag.py:588} INFO - Filling up the DagBag from /home/airflow/.local/lib/python3.12/site-packages/airflow/example_dags/example_short_circuit_operator.py
[2024-10-28T00:12:54.792+0000] {processor.py:925} INFO - DAG(s) 'example_short_circuit_operator' retrieved from /home/airflow/.local/lib/python3.12/site-packages/airflow/example_dags/example_short_circuit_operator.py
[2024-10-28T00:12:54.815+0000] {logging_mixin.py:190} INFO - [2024-10-28T00:12:54.815+0000] {dag.py:3239} INFO - Sync 1 DAGs
[2024-10-28T00:12:54.830+0000] {logging_mixin.py:190} INFO - [2024-10-28T00:12:54.829+0000] {dag.py:4180} INFO - Setting next_dagrun for example_short_circuit_operator to None, run_after=None
[2024-10-28T00:12:54.848+0000] {processor.py:208} INFO - Processing /home/airflow/.local/lib/python3.12/site-packages/airflow/example_dags/example_short_circuit_operator.py took 0.072 seconds
[2024-10-28T00:13:25.453+0000] {processor.py:186} INFO - Started process (PID=47098) to work on /home/airflow/.local/lib/python3.12/site-packages/airflow/example_dags/example_short_circuit_operator.py
[2024-10-28T00:13:25.454+0000] {processor.py:914} INFO - Processing file /home/airflow/.local/lib/python3.12/site-packages/airflow/example_dags/example_short_circuit_operator.py for tasks to queue
[2024-10-28T00:13:25.456+0000] {logging_mixin.py:190} INFO - [2024-10-28T00:13:25.456+0000] {dagbag.py:588} INFO - Filling up the DagBag from /home/airflow/.local/lib/python3.12/site-packages/airflow/example_dags/example_short_circuit_operator.py
[2024-10-28T00:13:25.465+0000] {processor.py:925} INFO - DAG(s) 'example_short_circuit_operator' retrieved from /home/airflow/.local/lib/python3.12/site-packages/airflow/example_dags/example_short_circuit_operator.py
[2024-10-28T00:13:25.489+0000] {logging_mixin.py:190} INFO - [2024-10-28T00:13:25.489+0000] {dag.py:3239} INFO - Sync 1 DAGs
[2024-10-28T00:13:25.505+0000] {logging_mixin.py:190} INFO - [2024-10-28T00:13:25.505+0000] {dag.py:4180} INFO - Setting next_dagrun for example_short_circuit_operator to None, run_after=None
[2024-10-28T00:13:25.525+0000] {processor.py:208} INFO - Processing /home/airflow/.local/lib/python3.12/site-packages/airflow/example_dags/example_short_circuit_operator.py took 0.077 seconds
[2024-10-28T00:13:55.923+0000] {processor.py:186} INFO - Started process (PID=47171) to work on /home/airflow/.local/lib/python3.12/site-packages/airflow/example_dags/example_short_circuit_operator.py
[2024-10-28T00:13:55.924+0000] {processor.py:914} INFO - Processing file /home/airflow/.local/lib/python3.12/site-packages/airflow/example_dags/example_short_circuit_operator.py for tasks to queue
[2024-10-28T00:13:55.926+0000] {logging_mixin.py:190} INFO - [2024-10-28T00:13:55.925+0000] {dagbag.py:588} INFO - Filling up the DagBag from /home/airflow/.local/lib/python3.12/site-packages/airflow/example_dags/example_short_circuit_operator.py
[2024-10-28T00:13:55.934+0000] {processor.py:925} INFO - DAG(s) 'example_short_circuit_operator' retrieved from /home/airflow/.local/lib/python3.12/site-packages/airflow/example_dags/example_short_circuit_operator.py
[2024-10-28T00:13:55.956+0000] {logging_mixin.py:190} INFO - [2024-10-28T00:13:55.955+0000] {dag.py:3239} INFO - Sync 1 DAGs
[2024-10-28T00:13:55.970+0000] {logging_mixin.py:190} INFO - [2024-10-28T00:13:55.969+0000] {dag.py:4180} INFO - Setting next_dagrun for example_short_circuit_operator to None, run_after=None
[2024-10-28T00:13:55.988+0000] {processor.py:208} INFO - Processing /home/airflow/.local/lib/python3.12/site-packages/airflow/example_dags/example_short_circuit_operator.py took 0.070 seconds
[2024-10-28T00:14:26.161+0000] {processor.py:186} INFO - Started process (PID=47245) to work on /home/airflow/.local/lib/python3.12/site-packages/airflow/example_dags/example_short_circuit_operator.py
[2024-10-28T00:14:26.162+0000] {processor.py:914} INFO - Processing file /home/airflow/.local/lib/python3.12/site-packages/airflow/example_dags/example_short_circuit_operator.py for tasks to queue
[2024-10-28T00:14:26.164+0000] {logging_mixin.py:190} INFO - [2024-10-28T00:14:26.164+0000] {dagbag.py:588} INFO - Filling up the DagBag from /home/airflow/.local/lib/python3.12/site-packages/airflow/example_dags/example_short_circuit_operator.py
[2024-10-28T00:14:26.171+0000] {processor.py:925} INFO - DAG(s) 'example_short_circuit_operator' retrieved from /home/airflow/.local/lib/python3.12/site-packages/airflow/example_dags/example_short_circuit_operator.py
[2024-10-28T00:14:26.194+0000] {logging_mixin.py:190} INFO - [2024-10-28T00:14:26.194+0000] {dag.py:3239} INFO - Sync 1 DAGs
[2024-10-28T00:14:26.208+0000] {logging_mixin.py:190} INFO - [2024-10-28T00:14:26.207+0000] {dag.py:4180} INFO - Setting next_dagrun for example_short_circuit_operator to None, run_after=None
[2024-10-28T00:14:26.226+0000] {processor.py:208} INFO - Processing /home/airflow/.local/lib/python3.12/site-packages/airflow/example_dags/example_short_circuit_operator.py took 0.071 seconds
[2024-10-28T00:14:56.302+0000] {processor.py:186} INFO - Started process (PID=47319) to work on /home/airflow/.local/lib/python3.12/site-packages/airflow/example_dags/example_short_circuit_operator.py
[2024-10-28T00:14:56.303+0000] {processor.py:914} INFO - Processing file /home/airflow/.local/lib/python3.12/site-packages/airflow/example_dags/example_short_circuit_operator.py for tasks to queue
[2024-10-28T00:14:56.305+0000] {logging_mixin.py:190} INFO - [2024-10-28T00:14:56.305+0000] {dagbag.py:588} INFO - Filling up the DagBag from /home/airflow/.local/lib/python3.12/site-packages/airflow/example_dags/example_short_circuit_operator.py
[2024-10-28T00:14:56.313+0000] {processor.py:925} INFO - DAG(s) 'example_short_circuit_operator' retrieved from /home/airflow/.local/lib/python3.12/site-packages/airflow/example_dags/example_short_circuit_operator.py
[2024-10-28T00:14:56.337+0000] {logging_mixin.py:190} INFO - [2024-10-28T00:14:56.336+0000] {dag.py:3239} INFO - Sync 1 DAGs
[2024-10-28T00:14:56.350+0000] {logging_mixin.py:190} INFO - [2024-10-28T00:14:56.350+0000] {dag.py:4180} INFO - Setting next_dagrun for example_short_circuit_operator to None, run_after=None
[2024-10-28T00:14:56.369+0000] {processor.py:208} INFO - Processing /home/airflow/.local/lib/python3.12/site-packages/airflow/example_dags/example_short_circuit_operator.py took 0.072 seconds
[2024-10-28T00:15:26.834+0000] {processor.py:186} INFO - Started process (PID=47393) to work on /home/airflow/.local/lib/python3.12/site-packages/airflow/example_dags/example_short_circuit_operator.py
[2024-10-28T00:15:26.835+0000] {processor.py:914} INFO - Processing file /home/airflow/.local/lib/python3.12/site-packages/airflow/example_dags/example_short_circuit_operator.py for tasks to queue
[2024-10-28T00:15:26.836+0000] {logging_mixin.py:190} INFO - [2024-10-28T00:15:26.836+0000] {dagbag.py:588} INFO - Filling up the DagBag from /home/airflow/.local/lib/python3.12/site-packages/airflow/example_dags/example_short_circuit_operator.py
[2024-10-28T00:15:26.844+0000] {processor.py:925} INFO - DAG(s) 'example_short_circuit_operator' retrieved from /home/airflow/.local/lib/python3.12/site-packages/airflow/example_dags/example_short_circuit_operator.py
[2024-10-28T00:15:26.867+0000] {logging_mixin.py:190} INFO - [2024-10-28T00:15:26.867+0000] {dag.py:3239} INFO - Sync 1 DAGs
[2024-10-28T00:15:26.880+0000] {logging_mixin.py:190} INFO - [2024-10-28T00:15:26.880+0000] {dag.py:4180} INFO - Setting next_dagrun for example_short_circuit_operator to None, run_after=None
[2024-10-28T00:15:26.903+0000] {processor.py:208} INFO - Processing /home/airflow/.local/lib/python3.12/site-packages/airflow/example_dags/example_short_circuit_operator.py took 0.075 seconds
[2024-10-28T00:15:57.201+0000] {processor.py:186} INFO - Started process (PID=47467) to work on /home/airflow/.local/lib/python3.12/site-packages/airflow/example_dags/example_short_circuit_operator.py
[2024-10-28T00:15:57.202+0000] {processor.py:914} INFO - Processing file /home/airflow/.local/lib/python3.12/site-packages/airflow/example_dags/example_short_circuit_operator.py for tasks to queue
[2024-10-28T00:15:57.204+0000] {logging_mixin.py:190} INFO - [2024-10-28T00:15:57.204+0000] {dagbag.py:588} INFO - Filling up the DagBag from /home/airflow/.local/lib/python3.12/site-packages/airflow/example_dags/example_short_circuit_operator.py
[2024-10-28T00:15:57.212+0000] {processor.py:925} INFO - DAG(s) 'example_short_circuit_operator' retrieved from /home/airflow/.local/lib/python3.12/site-packages/airflow/example_dags/example_short_circuit_operator.py
[2024-10-28T00:15:57.236+0000] {logging_mixin.py:190} INFO - [2024-10-28T00:15:57.236+0000] {dag.py:3239} INFO - Sync 1 DAGs
[2024-10-28T00:15:57.253+0000] {logging_mixin.py:190} INFO - [2024-10-28T00:15:57.252+0000] {dag.py:4180} INFO - Setting next_dagrun for example_short_circuit_operator to None, run_after=None
[2024-10-28T00:15:57.274+0000] {processor.py:208} INFO - Processing /home/airflow/.local/lib/python3.12/site-packages/airflow/example_dags/example_short_circuit_operator.py took 0.078 seconds
[2024-10-28T00:16:28.217+0000] {processor.py:186} INFO - Started process (PID=47541) to work on /home/airflow/.local/lib/python3.12/site-packages/airflow/example_dags/example_short_circuit_operator.py
[2024-10-28T00:16:28.218+0000] {processor.py:914} INFO - Processing file /home/airflow/.local/lib/python3.12/site-packages/airflow/example_dags/example_short_circuit_operator.py for tasks to queue
[2024-10-28T00:16:28.220+0000] {logging_mixin.py:190} INFO - [2024-10-28T00:16:28.219+0000] {dagbag.py:588} INFO - Filling up the DagBag from /home/airflow/.local/lib/python3.12/site-packages/airflow/example_dags/example_short_circuit_operator.py
[2024-10-28T00:16:28.227+0000] {processor.py:925} INFO - DAG(s) 'example_short_circuit_operator' retrieved from /home/airflow/.local/lib/python3.12/site-packages/airflow/example_dags/example_short_circuit_operator.py
[2024-10-28T00:16:28.252+0000] {logging_mixin.py:190} INFO - [2024-10-28T00:16:28.252+0000] {dag.py:3239} INFO - Sync 1 DAGs
[2024-10-28T00:16:28.266+0000] {logging_mixin.py:190} INFO - [2024-10-28T00:16:28.266+0000] {dag.py:4180} INFO - Setting next_dagrun for example_short_circuit_operator to None, run_after=None
[2024-10-28T00:16:28.284+0000] {processor.py:208} INFO - Processing /home/airflow/.local/lib/python3.12/site-packages/airflow/example_dags/example_short_circuit_operator.py took 0.072 seconds
[2024-10-28T00:16:59.142+0000] {processor.py:186} INFO - Started process (PID=47615) to work on /home/airflow/.local/lib/python3.12/site-packages/airflow/example_dags/example_short_circuit_operator.py
[2024-10-28T00:16:59.143+0000] {processor.py:914} INFO - Processing file /home/airflow/.local/lib/python3.12/site-packages/airflow/example_dags/example_short_circuit_operator.py for tasks to queue
[2024-10-28T00:16:59.144+0000] {logging_mixin.py:190} INFO - [2024-10-28T00:16:59.144+0000] {dagbag.py:588} INFO - Filling up the DagBag from /home/airflow/.local/lib/python3.12/site-packages/airflow/example_dags/example_short_circuit_operator.py
[2024-10-28T00:16:59.152+0000] {processor.py:925} INFO - DAG(s) 'example_short_circuit_operator' retrieved from /home/airflow/.local/lib/python3.12/site-packages/airflow/example_dags/example_short_circuit_operator.py
[2024-10-28T00:16:59.175+0000] {logging_mixin.py:190} INFO - [2024-10-28T00:16:59.175+0000] {dag.py:3239} INFO - Sync 1 DAGs
[2024-10-28T00:16:59.189+0000] {logging_mixin.py:190} INFO - [2024-10-28T00:16:59.188+0000] {dag.py:4180} INFO - Setting next_dagrun for example_short_circuit_operator to None, run_after=None
[2024-10-28T00:16:59.208+0000] {processor.py:208} INFO - Processing /home/airflow/.local/lib/python3.12/site-packages/airflow/example_dags/example_short_circuit_operator.py took 0.071 seconds
[2024-10-28T00:17:29.615+0000] {processor.py:186} INFO - Started process (PID=47689) to work on /home/airflow/.local/lib/python3.12/site-packages/airflow/example_dags/example_short_circuit_operator.py
[2024-10-28T00:17:29.617+0000] {processor.py:914} INFO - Processing file /home/airflow/.local/lib/python3.12/site-packages/airflow/example_dags/example_short_circuit_operator.py for tasks to queue
[2024-10-28T00:17:29.618+0000] {logging_mixin.py:190} INFO - [2024-10-28T00:17:29.618+0000] {dagbag.py:588} INFO - Filling up the DagBag from /home/airflow/.local/lib/python3.12/site-packages/airflow/example_dags/example_short_circuit_operator.py
[2024-10-28T00:17:29.626+0000] {processor.py:925} INFO - DAG(s) 'example_short_circuit_operator' retrieved from /home/airflow/.local/lib/python3.12/site-packages/airflow/example_dags/example_short_circuit_operator.py
[2024-10-28T00:17:29.648+0000] {logging_mixin.py:190} INFO - [2024-10-28T00:17:29.648+0000] {dag.py:3239} INFO - Sync 1 DAGs
[2024-10-28T00:17:29.666+0000] {logging_mixin.py:190} INFO - [2024-10-28T00:17:29.666+0000] {dag.py:4180} INFO - Setting next_dagrun for example_short_circuit_operator to None, run_after=None
[2024-10-28T00:17:29.688+0000] {processor.py:208} INFO - Processing /home/airflow/.local/lib/python3.12/site-packages/airflow/example_dags/example_short_circuit_operator.py took 0.078 seconds
[2024-10-28T00:18:00.055+0000] {processor.py:186} INFO - Started process (PID=47763) to work on /home/airflow/.local/lib/python3.12/site-packages/airflow/example_dags/example_short_circuit_operator.py
[2024-10-28T00:18:00.057+0000] {processor.py:914} INFO - Processing file /home/airflow/.local/lib/python3.12/site-packages/airflow/example_dags/example_short_circuit_operator.py for tasks to queue
[2024-10-28T00:18:00.058+0000] {logging_mixin.py:190} INFO - [2024-10-28T00:18:00.058+0000] {dagbag.py:588} INFO - Filling up the DagBag from /home/airflow/.local/lib/python3.12/site-packages/airflow/example_dags/example_short_circuit_operator.py
[2024-10-28T00:18:00.067+0000] {processor.py:925} INFO - DAG(s) 'example_short_circuit_operator' retrieved from /home/airflow/.local/lib/python3.12/site-packages/airflow/example_dags/example_short_circuit_operator.py
[2024-10-28T00:18:00.092+0000] {logging_mixin.py:190} INFO - [2024-10-28T00:18:00.092+0000] {dag.py:3239} INFO - Sync 1 DAGs
[2024-10-28T00:18:00.106+0000] {logging_mixin.py:190} INFO - [2024-10-28T00:18:00.105+0000] {dag.py:4180} INFO - Setting next_dagrun for example_short_circuit_operator to None, run_after=None
[2024-10-28T00:18:00.127+0000] {processor.py:208} INFO - Processing /home/airflow/.local/lib/python3.12/site-packages/airflow/example_dags/example_short_circuit_operator.py took 0.079 seconds
[2024-10-28T00:18:30.753+0000] {processor.py:186} INFO - Started process (PID=47837) to work on /home/airflow/.local/lib/python3.12/site-packages/airflow/example_dags/example_short_circuit_operator.py
[2024-10-28T00:18:30.754+0000] {processor.py:914} INFO - Processing file /home/airflow/.local/lib/python3.12/site-packages/airflow/example_dags/example_short_circuit_operator.py for tasks to queue
[2024-10-28T00:18:30.756+0000] {logging_mixin.py:190} INFO - [2024-10-28T00:18:30.755+0000] {dagbag.py:588} INFO - Filling up the DagBag from /home/airflow/.local/lib/python3.12/site-packages/airflow/example_dags/example_short_circuit_operator.py
[2024-10-28T00:18:30.764+0000] {processor.py:925} INFO - DAG(s) 'example_short_circuit_operator' retrieved from /home/airflow/.local/lib/python3.12/site-packages/airflow/example_dags/example_short_circuit_operator.py
[2024-10-28T00:18:30.791+0000] {logging_mixin.py:190} INFO - [2024-10-28T00:18:30.790+0000] {dag.py:3239} INFO - Sync 1 DAGs
[2024-10-28T00:18:30.806+0000] {logging_mixin.py:190} INFO - [2024-10-28T00:18:30.806+0000] {dag.py:4180} INFO - Setting next_dagrun for example_short_circuit_operator to None, run_after=None
[2024-10-28T00:18:30.829+0000] {processor.py:208} INFO - Processing /home/airflow/.local/lib/python3.12/site-packages/airflow/example_dags/example_short_circuit_operator.py took 0.081 seconds
[2024-10-28T00:19:01.062+0000] {processor.py:186} INFO - Started process (PID=47911) to work on /home/airflow/.local/lib/python3.12/site-packages/airflow/example_dags/example_short_circuit_operator.py
[2024-10-28T00:19:01.063+0000] {processor.py:914} INFO - Processing file /home/airflow/.local/lib/python3.12/site-packages/airflow/example_dags/example_short_circuit_operator.py for tasks to queue
[2024-10-28T00:19:01.064+0000] {logging_mixin.py:190} INFO - [2024-10-28T00:19:01.064+0000] {dagbag.py:588} INFO - Filling up the DagBag from /home/airflow/.local/lib/python3.12/site-packages/airflow/example_dags/example_short_circuit_operator.py
[2024-10-28T00:19:01.074+0000] {processor.py:925} INFO - DAG(s) 'example_short_circuit_operator' retrieved from /home/airflow/.local/lib/python3.12/site-packages/airflow/example_dags/example_short_circuit_operator.py
[2024-10-28T00:19:01.098+0000] {logging_mixin.py:190} INFO - [2024-10-28T00:19:01.097+0000] {dag.py:3239} INFO - Sync 1 DAGs
[2024-10-28T00:19:01.114+0000] {logging_mixin.py:190} INFO - [2024-10-28T00:19:01.113+0000] {dag.py:4180} INFO - Setting next_dagrun for example_short_circuit_operator to None, run_after=None
[2024-10-28T00:19:01.135+0000] {processor.py:208} INFO - Processing /home/airflow/.local/lib/python3.12/site-packages/airflow/example_dags/example_short_circuit_operator.py took 0.079 seconds
[2024-10-28T00:19:31.506+0000] {processor.py:186} INFO - Started process (PID=47985) to work on /home/airflow/.local/lib/python3.12/site-packages/airflow/example_dags/example_short_circuit_operator.py
[2024-10-28T00:19:31.507+0000] {processor.py:914} INFO - Processing file /home/airflow/.local/lib/python3.12/site-packages/airflow/example_dags/example_short_circuit_operator.py for tasks to queue
[2024-10-28T00:19:31.509+0000] {logging_mixin.py:190} INFO - [2024-10-28T00:19:31.508+0000] {dagbag.py:588} INFO - Filling up the DagBag from /home/airflow/.local/lib/python3.12/site-packages/airflow/example_dags/example_short_circuit_operator.py
[2024-10-28T00:19:31.519+0000] {processor.py:925} INFO - DAG(s) 'example_short_circuit_operator' retrieved from /home/airflow/.local/lib/python3.12/site-packages/airflow/example_dags/example_short_circuit_operator.py
[2024-10-28T00:19:31.550+0000] {logging_mixin.py:190} INFO - [2024-10-28T00:19:31.550+0000] {dag.py:3239} INFO - Sync 1 DAGs
[2024-10-28T00:19:31.570+0000] {logging_mixin.py:190} INFO - [2024-10-28T00:19:31.570+0000] {dag.py:4180} INFO - Setting next_dagrun for example_short_circuit_operator to None, run_after=None
[2024-10-28T00:19:31.593+0000] {processor.py:208} INFO - Processing /home/airflow/.local/lib/python3.12/site-packages/airflow/example_dags/example_short_circuit_operator.py took 0.093 seconds
[2024-10-28T00:20:02.215+0000] {processor.py:186} INFO - Started process (PID=48059) to work on /home/airflow/.local/lib/python3.12/site-packages/airflow/example_dags/example_short_circuit_operator.py
[2024-10-28T00:20:02.217+0000] {processor.py:914} INFO - Processing file /home/airflow/.local/lib/python3.12/site-packages/airflow/example_dags/example_short_circuit_operator.py for tasks to queue
[2024-10-28T00:20:02.218+0000] {logging_mixin.py:190} INFO - [2024-10-28T00:20:02.218+0000] {dagbag.py:588} INFO - Filling up the DagBag from /home/airflow/.local/lib/python3.12/site-packages/airflow/example_dags/example_short_circuit_operator.py
[2024-10-28T00:20:02.227+0000] {processor.py:925} INFO - DAG(s) 'example_short_circuit_operator' retrieved from /home/airflow/.local/lib/python3.12/site-packages/airflow/example_dags/example_short_circuit_operator.py
[2024-10-28T00:20:02.251+0000] {logging_mixin.py:190} INFO - [2024-10-28T00:20:02.251+0000] {dag.py:3239} INFO - Sync 1 DAGs
[2024-10-28T00:20:02.267+0000] {logging_mixin.py:190} INFO - [2024-10-28T00:20:02.267+0000] {dag.py:4180} INFO - Setting next_dagrun for example_short_circuit_operator to None, run_after=None
[2024-10-28T00:20:02.287+0000] {processor.py:208} INFO - Processing /home/airflow/.local/lib/python3.12/site-packages/airflow/example_dags/example_short_circuit_operator.py took 0.077 seconds
[2024-10-28T00:20:32.596+0000] {processor.py:186} INFO - Started process (PID=48133) to work on /home/airflow/.local/lib/python3.12/site-packages/airflow/example_dags/example_short_circuit_operator.py
[2024-10-28T00:20:32.597+0000] {processor.py:914} INFO - Processing file /home/airflow/.local/lib/python3.12/site-packages/airflow/example_dags/example_short_circuit_operator.py for tasks to queue
[2024-10-28T00:20:32.599+0000] {logging_mixin.py:190} INFO - [2024-10-28T00:20:32.599+0000] {dagbag.py:588} INFO - Filling up the DagBag from /home/airflow/.local/lib/python3.12/site-packages/airflow/example_dags/example_short_circuit_operator.py
[2024-10-28T00:20:32.611+0000] {processor.py:925} INFO - DAG(s) 'example_short_circuit_operator' retrieved from /home/airflow/.local/lib/python3.12/site-packages/airflow/example_dags/example_short_circuit_operator.py
[2024-10-28T00:20:32.647+0000] {logging_mixin.py:190} INFO - [2024-10-28T00:20:32.647+0000] {dag.py:3239} INFO - Sync 1 DAGs
[2024-10-28T00:20:32.670+0000] {logging_mixin.py:190} INFO - [2024-10-28T00:20:32.669+0000] {dag.py:4180} INFO - Setting next_dagrun for example_short_circuit_operator to None, run_after=None
[2024-10-28T00:20:32.699+0000] {processor.py:208} INFO - Processing /home/airflow/.local/lib/python3.12/site-packages/airflow/example_dags/example_short_circuit_operator.py took 0.113 seconds
[2024-10-28T00:21:03.190+0000] {processor.py:186} INFO - Started process (PID=48207) to work on /home/airflow/.local/lib/python3.12/site-packages/airflow/example_dags/example_short_circuit_operator.py
[2024-10-28T00:21:03.191+0000] {processor.py:914} INFO - Processing file /home/airflow/.local/lib/python3.12/site-packages/airflow/example_dags/example_short_circuit_operator.py for tasks to queue
[2024-10-28T00:21:03.193+0000] {logging_mixin.py:190} INFO - [2024-10-28T00:21:03.192+0000] {dagbag.py:588} INFO - Filling up the DagBag from /home/airflow/.local/lib/python3.12/site-packages/airflow/example_dags/example_short_circuit_operator.py
[2024-10-28T00:21:03.203+0000] {processor.py:925} INFO - DAG(s) 'example_short_circuit_operator' retrieved from /home/airflow/.local/lib/python3.12/site-packages/airflow/example_dags/example_short_circuit_operator.py
[2024-10-28T00:21:03.232+0000] {logging_mixin.py:190} INFO - [2024-10-28T00:21:03.232+0000] {dag.py:3239} INFO - Sync 1 DAGs
[2024-10-28T00:21:03.250+0000] {logging_mixin.py:190} INFO - [2024-10-28T00:21:03.250+0000] {dag.py:4180} INFO - Setting next_dagrun for example_short_circuit_operator to None, run_after=None
[2024-10-28T00:21:03.276+0000] {processor.py:208} INFO - Processing /home/airflow/.local/lib/python3.12/site-packages/airflow/example_dags/example_short_circuit_operator.py took 0.097 seconds
[2024-10-28T00:21:33.850+0000] {processor.py:186} INFO - Started process (PID=48281) to work on /home/airflow/.local/lib/python3.12/site-packages/airflow/example_dags/example_short_circuit_operator.py
[2024-10-28T00:21:33.851+0000] {processor.py:914} INFO - Processing file /home/airflow/.local/lib/python3.12/site-packages/airflow/example_dags/example_short_circuit_operator.py for tasks to queue
[2024-10-28T00:21:33.853+0000] {logging_mixin.py:190} INFO - [2024-10-28T00:21:33.853+0000] {dagbag.py:588} INFO - Filling up the DagBag from /home/airflow/.local/lib/python3.12/site-packages/airflow/example_dags/example_short_circuit_operator.py
[2024-10-28T00:21:33.862+0000] {processor.py:925} INFO - DAG(s) 'example_short_circuit_operator' retrieved from /home/airflow/.local/lib/python3.12/site-packages/airflow/example_dags/example_short_circuit_operator.py
[2024-10-28T00:21:33.886+0000] {logging_mixin.py:190} INFO - [2024-10-28T00:21:33.885+0000] {dag.py:3239} INFO - Sync 1 DAGs
[2024-10-28T00:21:33.900+0000] {logging_mixin.py:190} INFO - [2024-10-28T00:21:33.900+0000] {dag.py:4180} INFO - Setting next_dagrun for example_short_circuit_operator to None, run_after=None
[2024-10-28T00:21:33.920+0000] {processor.py:208} INFO - Processing /home/airflow/.local/lib/python3.12/site-packages/airflow/example_dags/example_short_circuit_operator.py took 0.074 seconds
[2024-10-28T00:22:04.395+0000] {processor.py:186} INFO - Started process (PID=48355) to work on /home/airflow/.local/lib/python3.12/site-packages/airflow/example_dags/example_short_circuit_operator.py
[2024-10-28T00:22:04.397+0000] {processor.py:914} INFO - Processing file /home/airflow/.local/lib/python3.12/site-packages/airflow/example_dags/example_short_circuit_operator.py for tasks to queue
[2024-10-28T00:22:04.398+0000] {logging_mixin.py:190} INFO - [2024-10-28T00:22:04.398+0000] {dagbag.py:588} INFO - Filling up the DagBag from /home/airflow/.local/lib/python3.12/site-packages/airflow/example_dags/example_short_circuit_operator.py
[2024-10-28T00:22:04.409+0000] {processor.py:925} INFO - DAG(s) 'example_short_circuit_operator' retrieved from /home/airflow/.local/lib/python3.12/site-packages/airflow/example_dags/example_short_circuit_operator.py
[2024-10-28T00:22:04.439+0000] {logging_mixin.py:190} INFO - [2024-10-28T00:22:04.439+0000] {dag.py:3239} INFO - Sync 1 DAGs
[2024-10-28T00:22:04.456+0000] {logging_mixin.py:190} INFO - [2024-10-28T00:22:04.456+0000] {dag.py:4180} INFO - Setting next_dagrun for example_short_circuit_operator to None, run_after=None
[2024-10-28T00:22:04.482+0000] {processor.py:208} INFO - Processing /home/airflow/.local/lib/python3.12/site-packages/airflow/example_dags/example_short_circuit_operator.py took 0.095 seconds
[2024-10-28T00:22:34.679+0000] {processor.py:186} INFO - Started process (PID=48429) to work on /home/airflow/.local/lib/python3.12/site-packages/airflow/example_dags/example_short_circuit_operator.py
[2024-10-28T00:22:34.680+0000] {processor.py:914} INFO - Processing file /home/airflow/.local/lib/python3.12/site-packages/airflow/example_dags/example_short_circuit_operator.py for tasks to queue
[2024-10-28T00:22:34.682+0000] {logging_mixin.py:190} INFO - [2024-10-28T00:22:34.681+0000] {dagbag.py:588} INFO - Filling up the DagBag from /home/airflow/.local/lib/python3.12/site-packages/airflow/example_dags/example_short_circuit_operator.py
[2024-10-28T00:22:34.693+0000] {processor.py:925} INFO - DAG(s) 'example_short_circuit_operator' retrieved from /home/airflow/.local/lib/python3.12/site-packages/airflow/example_dags/example_short_circuit_operator.py
[2024-10-28T00:22:34.725+0000] {logging_mixin.py:190} INFO - [2024-10-28T00:22:34.724+0000] {dag.py:3239} INFO - Sync 1 DAGs
[2024-10-28T00:22:34.741+0000] {logging_mixin.py:190} INFO - [2024-10-28T00:22:34.740+0000] {dag.py:4180} INFO - Setting next_dagrun for example_short_circuit_operator to None, run_after=None
[2024-10-28T00:22:34.762+0000] {processor.py:208} INFO - Processing /home/airflow/.local/lib/python3.12/site-packages/airflow/example_dags/example_short_circuit_operator.py took 0.093 seconds
[2024-10-28T00:23:05.165+0000] {processor.py:186} INFO - Started process (PID=48503) to work on /home/airflow/.local/lib/python3.12/site-packages/airflow/example_dags/example_short_circuit_operator.py
[2024-10-28T00:23:05.167+0000] {processor.py:914} INFO - Processing file /home/airflow/.local/lib/python3.12/site-packages/airflow/example_dags/example_short_circuit_operator.py for tasks to queue
[2024-10-28T00:23:05.168+0000] {logging_mixin.py:190} INFO - [2024-10-28T00:23:05.168+0000] {dagbag.py:588} INFO - Filling up the DagBag from /home/airflow/.local/lib/python3.12/site-packages/airflow/example_dags/example_short_circuit_operator.py
[2024-10-28T00:23:05.178+0000] {processor.py:925} INFO - DAG(s) 'example_short_circuit_operator' retrieved from /home/airflow/.local/lib/python3.12/site-packages/airflow/example_dags/example_short_circuit_operator.py
[2024-10-28T00:23:05.201+0000] {logging_mixin.py:190} INFO - [2024-10-28T00:23:05.201+0000] {dag.py:3239} INFO - Sync 1 DAGs
[2024-10-28T00:23:05.216+0000] {logging_mixin.py:190} INFO - [2024-10-28T00:23:05.215+0000] {dag.py:4180} INFO - Setting next_dagrun for example_short_circuit_operator to None, run_after=None
[2024-10-28T00:23:05.235+0000] {processor.py:208} INFO - Processing /home/airflow/.local/lib/python3.12/site-packages/airflow/example_dags/example_short_circuit_operator.py took 0.076 seconds
[2024-10-28T00:23:35.391+0000] {processor.py:186} INFO - Started process (PID=48577) to work on /home/airflow/.local/lib/python3.12/site-packages/airflow/example_dags/example_short_circuit_operator.py
[2024-10-28T00:23:35.392+0000] {processor.py:914} INFO - Processing file /home/airflow/.local/lib/python3.12/site-packages/airflow/example_dags/example_short_circuit_operator.py for tasks to queue
[2024-10-28T00:23:35.394+0000] {logging_mixin.py:190} INFO - [2024-10-28T00:23:35.393+0000] {dagbag.py:588} INFO - Filling up the DagBag from /home/airflow/.local/lib/python3.12/site-packages/airflow/example_dags/example_short_circuit_operator.py
[2024-10-28T00:23:35.402+0000] {processor.py:925} INFO - DAG(s) 'example_short_circuit_operator' retrieved from /home/airflow/.local/lib/python3.12/site-packages/airflow/example_dags/example_short_circuit_operator.py
[2024-10-28T00:23:35.425+0000] {logging_mixin.py:190} INFO - [2024-10-28T00:23:35.424+0000] {dag.py:3239} INFO - Sync 1 DAGs
[2024-10-28T00:23:35.438+0000] {logging_mixin.py:190} INFO - [2024-10-28T00:23:35.438+0000] {dag.py:4180} INFO - Setting next_dagrun for example_short_circuit_operator to None, run_after=None
[2024-10-28T00:23:35.456+0000] {processor.py:208} INFO - Processing /home/airflow/.local/lib/python3.12/site-packages/airflow/example_dags/example_short_circuit_operator.py took 0.070 seconds
[2024-10-28T00:24:06.352+0000] {processor.py:186} INFO - Started process (PID=48651) to work on /home/airflow/.local/lib/python3.12/site-packages/airflow/example_dags/example_short_circuit_operator.py
[2024-10-28T00:24:06.353+0000] {processor.py:914} INFO - Processing file /home/airflow/.local/lib/python3.12/site-packages/airflow/example_dags/example_short_circuit_operator.py for tasks to queue
[2024-10-28T00:24:06.356+0000] {logging_mixin.py:190} INFO - [2024-10-28T00:24:06.355+0000] {dagbag.py:588} INFO - Filling up the DagBag from /home/airflow/.local/lib/python3.12/site-packages/airflow/example_dags/example_short_circuit_operator.py
[2024-10-28T00:24:06.367+0000] {processor.py:925} INFO - DAG(s) 'example_short_circuit_operator' retrieved from /home/airflow/.local/lib/python3.12/site-packages/airflow/example_dags/example_short_circuit_operator.py
[2024-10-28T00:24:06.394+0000] {logging_mixin.py:190} INFO - [2024-10-28T00:24:06.394+0000] {dag.py:3239} INFO - Sync 1 DAGs
[2024-10-28T00:24:06.411+0000] {logging_mixin.py:190} INFO - [2024-10-28T00:24:06.411+0000] {dag.py:4180} INFO - Setting next_dagrun for example_short_circuit_operator to None, run_after=None
[2024-10-28T00:24:06.432+0000] {processor.py:208} INFO - Processing /home/airflow/.local/lib/python3.12/site-packages/airflow/example_dags/example_short_circuit_operator.py took 0.088 seconds
[2024-10-28T00:24:37.332+0000] {processor.py:186} INFO - Started process (PID=48725) to work on /home/airflow/.local/lib/python3.12/site-packages/airflow/example_dags/example_short_circuit_operator.py
[2024-10-28T00:24:37.333+0000] {processor.py:914} INFO - Processing file /home/airflow/.local/lib/python3.12/site-packages/airflow/example_dags/example_short_circuit_operator.py for tasks to queue
[2024-10-28T00:24:37.335+0000] {logging_mixin.py:190} INFO - [2024-10-28T00:24:37.334+0000] {dagbag.py:588} INFO - Filling up the DagBag from /home/airflow/.local/lib/python3.12/site-packages/airflow/example_dags/example_short_circuit_operator.py
[2024-10-28T00:24:37.348+0000] {processor.py:925} INFO - DAG(s) 'example_short_circuit_operator' retrieved from /home/airflow/.local/lib/python3.12/site-packages/airflow/example_dags/example_short_circuit_operator.py
[2024-10-28T00:24:37.377+0000] {logging_mixin.py:190} INFO - [2024-10-28T00:24:37.377+0000] {dag.py:3239} INFO - Sync 1 DAGs
[2024-10-28T00:24:37.396+0000] {logging_mixin.py:190} INFO - [2024-10-28T00:24:37.396+0000] {dag.py:4180} INFO - Setting next_dagrun for example_short_circuit_operator to None, run_after=None
[2024-10-28T00:24:37.426+0000] {processor.py:208} INFO - Processing /home/airflow/.local/lib/python3.12/site-packages/airflow/example_dags/example_short_circuit_operator.py took 0.100 seconds
[2024-10-28T00:25:08.133+0000] {processor.py:186} INFO - Started process (PID=48805) to work on /home/airflow/.local/lib/python3.12/site-packages/airflow/example_dags/example_short_circuit_operator.py
[2024-10-28T00:25:08.134+0000] {processor.py:914} INFO - Processing file /home/airflow/.local/lib/python3.12/site-packages/airflow/example_dags/example_short_circuit_operator.py for tasks to queue
[2024-10-28T00:25:08.136+0000] {logging_mixin.py:190} INFO - [2024-10-28T00:25:08.136+0000] {dagbag.py:588} INFO - Filling up the DagBag from /home/airflow/.local/lib/python3.12/site-packages/airflow/example_dags/example_short_circuit_operator.py
[2024-10-28T00:25:08.144+0000] {processor.py:925} INFO - DAG(s) 'example_short_circuit_operator' retrieved from /home/airflow/.local/lib/python3.12/site-packages/airflow/example_dags/example_short_circuit_operator.py
[2024-10-28T00:25:08.171+0000] {logging_mixin.py:190} INFO - [2024-10-28T00:25:08.171+0000] {dag.py:3239} INFO - Sync 1 DAGs
[2024-10-28T00:25:08.351+0000] {logging_mixin.py:190} INFO - [2024-10-28T00:25:08.350+0000] {dag.py:4180} INFO - Setting next_dagrun for example_short_circuit_operator to None, run_after=None
[2024-10-28T00:25:08.373+0000] {processor.py:208} INFO - Processing /home/airflow/.local/lib/python3.12/site-packages/airflow/example_dags/example_short_circuit_operator.py took 0.246 seconds
[2024-10-28T00:25:39.042+0000] {processor.py:186} INFO - Started process (PID=48879) to work on /home/airflow/.local/lib/python3.12/site-packages/airflow/example_dags/example_short_circuit_operator.py
[2024-10-28T00:25:39.043+0000] {processor.py:914} INFO - Processing file /home/airflow/.local/lib/python3.12/site-packages/airflow/example_dags/example_short_circuit_operator.py for tasks to queue
[2024-10-28T00:25:39.044+0000] {logging_mixin.py:190} INFO - [2024-10-28T00:25:39.044+0000] {dagbag.py:588} INFO - Filling up the DagBag from /home/airflow/.local/lib/python3.12/site-packages/airflow/example_dags/example_short_circuit_operator.py
[2024-10-28T00:25:39.053+0000] {processor.py:925} INFO - DAG(s) 'example_short_circuit_operator' retrieved from /home/airflow/.local/lib/python3.12/site-packages/airflow/example_dags/example_short_circuit_operator.py
[2024-10-28T00:25:39.076+0000] {logging_mixin.py:190} INFO - [2024-10-28T00:25:39.076+0000] {dag.py:3239} INFO - Sync 1 DAGs
[2024-10-28T00:25:39.236+0000] {logging_mixin.py:190} INFO - [2024-10-28T00:25:39.236+0000] {dag.py:4180} INFO - Setting next_dagrun for example_short_circuit_operator to None, run_after=None
[2024-10-28T00:25:39.256+0000] {processor.py:208} INFO - Processing /home/airflow/.local/lib/python3.12/site-packages/airflow/example_dags/example_short_circuit_operator.py took 0.219 seconds
[2024-10-28T00:26:09.519+0000] {processor.py:186} INFO - Started process (PID=48953) to work on /home/airflow/.local/lib/python3.12/site-packages/airflow/example_dags/example_short_circuit_operator.py
[2024-10-28T00:26:09.520+0000] {processor.py:914} INFO - Processing file /home/airflow/.local/lib/python3.12/site-packages/airflow/example_dags/example_short_circuit_operator.py for tasks to queue
[2024-10-28T00:26:09.521+0000] {logging_mixin.py:190} INFO - [2024-10-28T00:26:09.521+0000] {dagbag.py:588} INFO - Filling up the DagBag from /home/airflow/.local/lib/python3.12/site-packages/airflow/example_dags/example_short_circuit_operator.py
[2024-10-28T00:26:09.529+0000] {processor.py:925} INFO - DAG(s) 'example_short_circuit_operator' retrieved from /home/airflow/.local/lib/python3.12/site-packages/airflow/example_dags/example_short_circuit_operator.py
[2024-10-28T00:26:09.551+0000] {logging_mixin.py:190} INFO - [2024-10-28T00:26:09.551+0000] {dag.py:3239} INFO - Sync 1 DAGs
[2024-10-28T00:26:09.713+0000] {logging_mixin.py:190} INFO - [2024-10-28T00:26:09.713+0000] {dag.py:4180} INFO - Setting next_dagrun for example_short_circuit_operator to None, run_after=None
[2024-10-28T00:26:09.734+0000] {processor.py:208} INFO - Processing /home/airflow/.local/lib/python3.12/site-packages/airflow/example_dags/example_short_circuit_operator.py took 0.220 seconds
[2024-10-28T00:26:40.290+0000] {processor.py:186} INFO - Started process (PID=49027) to work on /home/airflow/.local/lib/python3.12/site-packages/airflow/example_dags/example_short_circuit_operator.py
[2024-10-28T00:26:40.291+0000] {processor.py:914} INFO - Processing file /home/airflow/.local/lib/python3.12/site-packages/airflow/example_dags/example_short_circuit_operator.py for tasks to queue
[2024-10-28T00:26:40.292+0000] {logging_mixin.py:190} INFO - [2024-10-28T00:26:40.292+0000] {dagbag.py:588} INFO - Filling up the DagBag from /home/airflow/.local/lib/python3.12/site-packages/airflow/example_dags/example_short_circuit_operator.py
[2024-10-28T00:26:40.300+0000] {processor.py:925} INFO - DAG(s) 'example_short_circuit_operator' retrieved from /home/airflow/.local/lib/python3.12/site-packages/airflow/example_dags/example_short_circuit_operator.py
[2024-10-28T00:26:40.323+0000] {logging_mixin.py:190} INFO - [2024-10-28T00:26:40.323+0000] {dag.py:3239} INFO - Sync 1 DAGs
[2024-10-28T00:26:40.337+0000] {logging_mixin.py:190} INFO - [2024-10-28T00:26:40.337+0000] {dag.py:4180} INFO - Setting next_dagrun for example_short_circuit_operator to None, run_after=None
[2024-10-28T00:26:40.356+0000] {processor.py:208} INFO - Processing /home/airflow/.local/lib/python3.12/site-packages/airflow/example_dags/example_short_circuit_operator.py took 0.072 seconds
[2024-10-28T00:27:10.685+0000] {processor.py:186} INFO - Started process (PID=49101) to work on /home/airflow/.local/lib/python3.12/site-packages/airflow/example_dags/example_short_circuit_operator.py
[2024-10-28T00:27:10.687+0000] {processor.py:914} INFO - Processing file /home/airflow/.local/lib/python3.12/site-packages/airflow/example_dags/example_short_circuit_operator.py for tasks to queue
[2024-10-28T00:27:10.688+0000] {logging_mixin.py:190} INFO - [2024-10-28T00:27:10.688+0000] {dagbag.py:588} INFO - Filling up the DagBag from /home/airflow/.local/lib/python3.12/site-packages/airflow/example_dags/example_short_circuit_operator.py
[2024-10-28T00:27:10.696+0000] {processor.py:925} INFO - DAG(s) 'example_short_circuit_operator' retrieved from /home/airflow/.local/lib/python3.12/site-packages/airflow/example_dags/example_short_circuit_operator.py
[2024-10-28T00:27:10.719+0000] {logging_mixin.py:190} INFO - [2024-10-28T00:27:10.719+0000] {dag.py:3239} INFO - Sync 1 DAGs
[2024-10-28T00:27:10.733+0000] {logging_mixin.py:190} INFO - [2024-10-28T00:27:10.733+0000] {dag.py:4180} INFO - Setting next_dagrun for example_short_circuit_operator to None, run_after=None
[2024-10-28T00:27:10.752+0000] {processor.py:208} INFO - Processing /home/airflow/.local/lib/python3.12/site-packages/airflow/example_dags/example_short_circuit_operator.py took 0.072 seconds
[2024-10-28T00:27:41.585+0000] {processor.py:186} INFO - Started process (PID=49175) to work on /home/airflow/.local/lib/python3.12/site-packages/airflow/example_dags/example_short_circuit_operator.py
[2024-10-28T00:27:41.587+0000] {processor.py:914} INFO - Processing file /home/airflow/.local/lib/python3.12/site-packages/airflow/example_dags/example_short_circuit_operator.py for tasks to queue
[2024-10-28T00:27:41.589+0000] {logging_mixin.py:190} INFO - [2024-10-28T00:27:41.588+0000] {dagbag.py:588} INFO - Filling up the DagBag from /home/airflow/.local/lib/python3.12/site-packages/airflow/example_dags/example_short_circuit_operator.py
[2024-10-28T00:27:41.599+0000] {processor.py:925} INFO - DAG(s) 'example_short_circuit_operator' retrieved from /home/airflow/.local/lib/python3.12/site-packages/airflow/example_dags/example_short_circuit_operator.py
[2024-10-28T00:27:41.626+0000] {logging_mixin.py:190} INFO - [2024-10-28T00:27:41.626+0000] {dag.py:3239} INFO - Sync 1 DAGs
[2024-10-28T00:27:41.641+0000] {logging_mixin.py:190} INFO - [2024-10-28T00:27:41.641+0000] {dag.py:4180} INFO - Setting next_dagrun for example_short_circuit_operator to None, run_after=None
[2024-10-28T00:27:41.663+0000] {processor.py:208} INFO - Processing /home/airflow/.local/lib/python3.12/site-packages/airflow/example_dags/example_short_circuit_operator.py took 0.084 seconds
[2024-10-28T00:28:11.734+0000] {processor.py:186} INFO - Started process (PID=49249) to work on /home/airflow/.local/lib/python3.12/site-packages/airflow/example_dags/example_short_circuit_operator.py
[2024-10-28T00:28:11.735+0000] {processor.py:914} INFO - Processing file /home/airflow/.local/lib/python3.12/site-packages/airflow/example_dags/example_short_circuit_operator.py for tasks to queue
[2024-10-28T00:28:11.737+0000] {logging_mixin.py:190} INFO - [2024-10-28T00:28:11.737+0000] {dagbag.py:588} INFO - Filling up the DagBag from /home/airflow/.local/lib/python3.12/site-packages/airflow/example_dags/example_short_circuit_operator.py
[2024-10-28T00:28:11.748+0000] {processor.py:925} INFO - DAG(s) 'example_short_circuit_operator' retrieved from /home/airflow/.local/lib/python3.12/site-packages/airflow/example_dags/example_short_circuit_operator.py
[2024-10-28T00:28:11.776+0000] {logging_mixin.py:190} INFO - [2024-10-28T00:28:11.776+0000] {dag.py:3239} INFO - Sync 1 DAGs
[2024-10-28T00:28:11.795+0000] {logging_mixin.py:190} INFO - [2024-10-28T00:28:11.795+0000] {dag.py:4180} INFO - Setting next_dagrun for example_short_circuit_operator to None, run_after=None
[2024-10-28T00:28:11.820+0000] {processor.py:208} INFO - Processing /home/airflow/.local/lib/python3.12/site-packages/airflow/example_dags/example_short_circuit_operator.py took 0.091 seconds
[2024-10-28T00:28:42.269+0000] {processor.py:186} INFO - Started process (PID=49323) to work on /home/airflow/.local/lib/python3.12/site-packages/airflow/example_dags/example_short_circuit_operator.py
[2024-10-28T00:28:42.270+0000] {processor.py:914} INFO - Processing file /home/airflow/.local/lib/python3.12/site-packages/airflow/example_dags/example_short_circuit_operator.py for tasks to queue
[2024-10-28T00:28:42.271+0000] {logging_mixin.py:190} INFO - [2024-10-28T00:28:42.271+0000] {dagbag.py:588} INFO - Filling up the DagBag from /home/airflow/.local/lib/python3.12/site-packages/airflow/example_dags/example_short_circuit_operator.py
[2024-10-28T00:28:42.279+0000] {processor.py:925} INFO - DAG(s) 'example_short_circuit_operator' retrieved from /home/airflow/.local/lib/python3.12/site-packages/airflow/example_dags/example_short_circuit_operator.py
[2024-10-28T00:28:42.302+0000] {logging_mixin.py:190} INFO - [2024-10-28T00:28:42.301+0000] {dag.py:3239} INFO - Sync 1 DAGs
[2024-10-28T00:28:42.316+0000] {logging_mixin.py:190} INFO - [2024-10-28T00:28:42.316+0000] {dag.py:4180} INFO - Setting next_dagrun for example_short_circuit_operator to None, run_after=None
[2024-10-28T00:28:42.335+0000] {processor.py:208} INFO - Processing /home/airflow/.local/lib/python3.12/site-packages/airflow/example_dags/example_short_circuit_operator.py took 0.072 seconds
[2024-10-28T00:29:13.158+0000] {processor.py:186} INFO - Started process (PID=49397) to work on /home/airflow/.local/lib/python3.12/site-packages/airflow/example_dags/example_short_circuit_operator.py
[2024-10-28T00:29:13.159+0000] {processor.py:914} INFO - Processing file /home/airflow/.local/lib/python3.12/site-packages/airflow/example_dags/example_short_circuit_operator.py for tasks to queue
[2024-10-28T00:29:13.160+0000] {logging_mixin.py:190} INFO - [2024-10-28T00:29:13.160+0000] {dagbag.py:588} INFO - Filling up the DagBag from /home/airflow/.local/lib/python3.12/site-packages/airflow/example_dags/example_short_circuit_operator.py
[2024-10-28T00:29:13.169+0000] {processor.py:925} INFO - DAG(s) 'example_short_circuit_operator' retrieved from /home/airflow/.local/lib/python3.12/site-packages/airflow/example_dags/example_short_circuit_operator.py
[2024-10-28T00:29:13.191+0000] {logging_mixin.py:190} INFO - [2024-10-28T00:29:13.191+0000] {dag.py:3239} INFO - Sync 1 DAGs
[2024-10-28T00:29:13.207+0000] {logging_mixin.py:190} INFO - [2024-10-28T00:29:13.207+0000] {dag.py:4180} INFO - Setting next_dagrun for example_short_circuit_operator to None, run_after=None
[2024-10-28T00:29:13.226+0000] {processor.py:208} INFO - Processing /home/airflow/.local/lib/python3.12/site-packages/airflow/example_dags/example_short_circuit_operator.py took 0.075 seconds
[2024-10-28T00:29:43.974+0000] {processor.py:186} INFO - Started process (PID=49471) to work on /home/airflow/.local/lib/python3.12/site-packages/airflow/example_dags/example_short_circuit_operator.py
[2024-10-28T00:29:43.975+0000] {processor.py:914} INFO - Processing file /home/airflow/.local/lib/python3.12/site-packages/airflow/example_dags/example_short_circuit_operator.py for tasks to queue
[2024-10-28T00:29:43.977+0000] {logging_mixin.py:190} INFO - [2024-10-28T00:29:43.977+0000] {dagbag.py:588} INFO - Filling up the DagBag from /home/airflow/.local/lib/python3.12/site-packages/airflow/example_dags/example_short_circuit_operator.py
[2024-10-28T00:29:43.986+0000] {processor.py:925} INFO - DAG(s) 'example_short_circuit_operator' retrieved from /home/airflow/.local/lib/python3.12/site-packages/airflow/example_dags/example_short_circuit_operator.py
[2024-10-28T00:29:44.011+0000] {logging_mixin.py:190} INFO - [2024-10-28T00:29:44.010+0000] {dag.py:3239} INFO - Sync 1 DAGs
[2024-10-28T00:29:44.025+0000] {logging_mixin.py:190} INFO - [2024-10-28T00:29:44.025+0000] {dag.py:4180} INFO - Setting next_dagrun for example_short_circuit_operator to None, run_after=None
[2024-10-28T00:29:44.044+0000] {processor.py:208} INFO - Processing /home/airflow/.local/lib/python3.12/site-packages/airflow/example_dags/example_short_circuit_operator.py took 0.076 seconds
[2024-10-28T00:30:14.891+0000] {processor.py:186} INFO - Started process (PID=49545) to work on /home/airflow/.local/lib/python3.12/site-packages/airflow/example_dags/example_short_circuit_operator.py
[2024-10-28T00:30:14.892+0000] {processor.py:914} INFO - Processing file /home/airflow/.local/lib/python3.12/site-packages/airflow/example_dags/example_short_circuit_operator.py for tasks to queue
[2024-10-28T00:30:14.893+0000] {logging_mixin.py:190} INFO - [2024-10-28T00:30:14.893+0000] {dagbag.py:588} INFO - Filling up the DagBag from /home/airflow/.local/lib/python3.12/site-packages/airflow/example_dags/example_short_circuit_operator.py
[2024-10-28T00:30:14.901+0000] {processor.py:925} INFO - DAG(s) 'example_short_circuit_operator' retrieved from /home/airflow/.local/lib/python3.12/site-packages/airflow/example_dags/example_short_circuit_operator.py
[2024-10-28T00:30:14.923+0000] {logging_mixin.py:190} INFO - [2024-10-28T00:30:14.923+0000] {dag.py:3239} INFO - Sync 1 DAGs
[2024-10-28T00:30:14.937+0000] {logging_mixin.py:190} INFO - [2024-10-28T00:30:14.937+0000] {dag.py:4180} INFO - Setting next_dagrun for example_short_circuit_operator to None, run_after=None
[2024-10-28T00:30:14.957+0000] {processor.py:208} INFO - Processing /home/airflow/.local/lib/python3.12/site-packages/airflow/example_dags/example_short_circuit_operator.py took 0.071 seconds
[2024-10-28T00:30:45.787+0000] {processor.py:186} INFO - Started process (PID=49619) to work on /home/airflow/.local/lib/python3.12/site-packages/airflow/example_dags/example_short_circuit_operator.py
[2024-10-28T00:30:45.788+0000] {processor.py:914} INFO - Processing file /home/airflow/.local/lib/python3.12/site-packages/airflow/example_dags/example_short_circuit_operator.py for tasks to queue
[2024-10-28T00:30:45.790+0000] {logging_mixin.py:190} INFO - [2024-10-28T00:30:45.790+0000] {dagbag.py:588} INFO - Filling up the DagBag from /home/airflow/.local/lib/python3.12/site-packages/airflow/example_dags/example_short_circuit_operator.py
[2024-10-28T00:30:45.798+0000] {processor.py:925} INFO - DAG(s) 'example_short_circuit_operator' retrieved from /home/airflow/.local/lib/python3.12/site-packages/airflow/example_dags/example_short_circuit_operator.py
[2024-10-28T00:30:45.822+0000] {logging_mixin.py:190} INFO - [2024-10-28T00:30:45.821+0000] {dag.py:3239} INFO - Sync 1 DAGs
[2024-10-28T00:30:45.835+0000] {logging_mixin.py:190} INFO - [2024-10-28T00:30:45.835+0000] {dag.py:4180} INFO - Setting next_dagrun for example_short_circuit_operator to None, run_after=None
[2024-10-28T00:30:45.854+0000] {processor.py:208} INFO - Processing /home/airflow/.local/lib/python3.12/site-packages/airflow/example_dags/example_short_circuit_operator.py took 0.073 seconds
[2024-10-28T00:31:16.562+0000] {processor.py:186} INFO - Started process (PID=49693) to work on /home/airflow/.local/lib/python3.12/site-packages/airflow/example_dags/example_short_circuit_operator.py
[2024-10-28T00:31:16.564+0000] {processor.py:914} INFO - Processing file /home/airflow/.local/lib/python3.12/site-packages/airflow/example_dags/example_short_circuit_operator.py for tasks to queue
[2024-10-28T00:31:16.565+0000] {logging_mixin.py:190} INFO - [2024-10-28T00:31:16.565+0000] {dagbag.py:588} INFO - Filling up the DagBag from /home/airflow/.local/lib/python3.12/site-packages/airflow/example_dags/example_short_circuit_operator.py
[2024-10-28T00:31:16.573+0000] {processor.py:925} INFO - DAG(s) 'example_short_circuit_operator' retrieved from /home/airflow/.local/lib/python3.12/site-packages/airflow/example_dags/example_short_circuit_operator.py
[2024-10-28T00:31:16.596+0000] {logging_mixin.py:190} INFO - [2024-10-28T00:31:16.596+0000] {dag.py:3239} INFO - Sync 1 DAGs
[2024-10-28T00:31:16.611+0000] {logging_mixin.py:190} INFO - [2024-10-28T00:31:16.611+0000] {dag.py:4180} INFO - Setting next_dagrun for example_short_circuit_operator to None, run_after=None
[2024-10-28T00:31:16.630+0000] {processor.py:208} INFO - Processing /home/airflow/.local/lib/python3.12/site-packages/airflow/example_dags/example_short_circuit_operator.py took 0.073 seconds
[2024-10-28T00:31:46.677+0000] {processor.py:186} INFO - Started process (PID=49767) to work on /home/airflow/.local/lib/python3.12/site-packages/airflow/example_dags/example_short_circuit_operator.py
[2024-10-28T00:31:46.678+0000] {processor.py:914} INFO - Processing file /home/airflow/.local/lib/python3.12/site-packages/airflow/example_dags/example_short_circuit_operator.py for tasks to queue
[2024-10-28T00:31:46.681+0000] {logging_mixin.py:190} INFO - [2024-10-28T00:31:46.680+0000] {dagbag.py:588} INFO - Filling up the DagBag from /home/airflow/.local/lib/python3.12/site-packages/airflow/example_dags/example_short_circuit_operator.py
[2024-10-28T00:31:46.689+0000] {processor.py:925} INFO - DAG(s) 'example_short_circuit_operator' retrieved from /home/airflow/.local/lib/python3.12/site-packages/airflow/example_dags/example_short_circuit_operator.py
[2024-10-28T00:31:46.716+0000] {logging_mixin.py:190} INFO - [2024-10-28T00:31:46.716+0000] {dag.py:3239} INFO - Sync 1 DAGs
[2024-10-28T00:31:46.733+0000] {logging_mixin.py:190} INFO - [2024-10-28T00:31:46.733+0000] {dag.py:4180} INFO - Setting next_dagrun for example_short_circuit_operator to None, run_after=None
[2024-10-28T00:31:46.762+0000] {processor.py:208} INFO - Processing /home/airflow/.local/lib/python3.12/site-packages/airflow/example_dags/example_short_circuit_operator.py took 0.091 seconds
[2024-10-28T00:32:17.532+0000] {processor.py:186} INFO - Started process (PID=49841) to work on /home/airflow/.local/lib/python3.12/site-packages/airflow/example_dags/example_short_circuit_operator.py
[2024-10-28T00:32:17.533+0000] {processor.py:914} INFO - Processing file /home/airflow/.local/lib/python3.12/site-packages/airflow/example_dags/example_short_circuit_operator.py for tasks to queue
[2024-10-28T00:32:17.535+0000] {logging_mixin.py:190} INFO - [2024-10-28T00:32:17.534+0000] {dagbag.py:588} INFO - Filling up the DagBag from /home/airflow/.local/lib/python3.12/site-packages/airflow/example_dags/example_short_circuit_operator.py
[2024-10-28T00:32:17.545+0000] {processor.py:925} INFO - DAG(s) 'example_short_circuit_operator' retrieved from /home/airflow/.local/lib/python3.12/site-packages/airflow/example_dags/example_short_circuit_operator.py
[2024-10-28T00:32:17.570+0000] {logging_mixin.py:190} INFO - [2024-10-28T00:32:17.570+0000] {dag.py:3239} INFO - Sync 1 DAGs
[2024-10-28T00:32:17.585+0000] {logging_mixin.py:190} INFO - [2024-10-28T00:32:17.585+0000] {dag.py:4180} INFO - Setting next_dagrun for example_short_circuit_operator to None, run_after=None
[2024-10-28T00:32:17.607+0000] {processor.py:208} INFO - Processing /home/airflow/.local/lib/python3.12/site-packages/airflow/example_dags/example_short_circuit_operator.py took 0.081 seconds
[2024-10-28T00:32:48.375+0000] {processor.py:186} INFO - Started process (PID=49915) to work on /home/airflow/.local/lib/python3.12/site-packages/airflow/example_dags/example_short_circuit_operator.py
[2024-10-28T00:32:48.376+0000] {processor.py:914} INFO - Processing file /home/airflow/.local/lib/python3.12/site-packages/airflow/example_dags/example_short_circuit_operator.py for tasks to queue
[2024-10-28T00:32:48.379+0000] {logging_mixin.py:190} INFO - [2024-10-28T00:32:48.378+0000] {dagbag.py:588} INFO - Filling up the DagBag from /home/airflow/.local/lib/python3.12/site-packages/airflow/example_dags/example_short_circuit_operator.py
[2024-10-28T00:32:48.393+0000] {processor.py:925} INFO - DAG(s) 'example_short_circuit_operator' retrieved from /home/airflow/.local/lib/python3.12/site-packages/airflow/example_dags/example_short_circuit_operator.py
[2024-10-28T00:32:48.427+0000] {logging_mixin.py:190} INFO - [2024-10-28T00:32:48.427+0000] {dag.py:3239} INFO - Sync 1 DAGs
[2024-10-28T00:32:48.443+0000] {logging_mixin.py:190} INFO - [2024-10-28T00:32:48.443+0000] {dag.py:4180} INFO - Setting next_dagrun for example_short_circuit_operator to None, run_after=None
[2024-10-28T00:32:48.464+0000] {processor.py:208} INFO - Processing /home/airflow/.local/lib/python3.12/site-packages/airflow/example_dags/example_short_circuit_operator.py took 0.096 seconds
[2024-10-28T00:33:19.174+0000] {processor.py:186} INFO - Started process (PID=49989) to work on /home/airflow/.local/lib/python3.12/site-packages/airflow/example_dags/example_short_circuit_operator.py
[2024-10-28T00:33:19.175+0000] {processor.py:914} INFO - Processing file /home/airflow/.local/lib/python3.12/site-packages/airflow/example_dags/example_short_circuit_operator.py for tasks to queue
[2024-10-28T00:33:19.176+0000] {logging_mixin.py:190} INFO - [2024-10-28T00:33:19.176+0000] {dagbag.py:588} INFO - Filling up the DagBag from /home/airflow/.local/lib/python3.12/site-packages/airflow/example_dags/example_short_circuit_operator.py
[2024-10-28T00:33:19.184+0000] {processor.py:925} INFO - DAG(s) 'example_short_circuit_operator' retrieved from /home/airflow/.local/lib/python3.12/site-packages/airflow/example_dags/example_short_circuit_operator.py
[2024-10-28T00:33:19.206+0000] {logging_mixin.py:190} INFO - [2024-10-28T00:33:19.206+0000] {dag.py:3239} INFO - Sync 1 DAGs
[2024-10-28T00:33:19.220+0000] {logging_mixin.py:190} INFO - [2024-10-28T00:33:19.219+0000] {dag.py:4180} INFO - Setting next_dagrun for example_short_circuit_operator to None, run_after=None
[2024-10-28T00:33:19.237+0000] {processor.py:208} INFO - Processing /home/airflow/.local/lib/python3.12/site-packages/airflow/example_dags/example_short_circuit_operator.py took 0.068 seconds
[2024-10-28T00:33:49.981+0000] {processor.py:186} INFO - Started process (PID=50063) to work on /home/airflow/.local/lib/python3.12/site-packages/airflow/example_dags/example_short_circuit_operator.py
[2024-10-28T00:33:49.982+0000] {processor.py:914} INFO - Processing file /home/airflow/.local/lib/python3.12/site-packages/airflow/example_dags/example_short_circuit_operator.py for tasks to queue
[2024-10-28T00:33:49.983+0000] {logging_mixin.py:190} INFO - [2024-10-28T00:33:49.983+0000] {dagbag.py:588} INFO - Filling up the DagBag from /home/airflow/.local/lib/python3.12/site-packages/airflow/example_dags/example_short_circuit_operator.py
[2024-10-28T00:33:49.991+0000] {processor.py:925} INFO - DAG(s) 'example_short_circuit_operator' retrieved from /home/airflow/.local/lib/python3.12/site-packages/airflow/example_dags/example_short_circuit_operator.py
[2024-10-28T00:33:50.013+0000] {logging_mixin.py:190} INFO - [2024-10-28T00:33:50.013+0000] {dag.py:3239} INFO - Sync 1 DAGs
[2024-10-28T00:33:50.027+0000] {logging_mixin.py:190} INFO - [2024-10-28T00:33:50.027+0000] {dag.py:4180} INFO - Setting next_dagrun for example_short_circuit_operator to None, run_after=None
[2024-10-28T00:33:50.045+0000] {processor.py:208} INFO - Processing /home/airflow/.local/lib/python3.12/site-packages/airflow/example_dags/example_short_circuit_operator.py took 0.069 seconds
