[2024-10-28T00:00:11.522+0000] {processor.py:186} INFO - Started process (PID=45184) to work on /home/airflow/.local/lib/python3.12/site-packages/airflow/example_dags/example_local_kubernetes_executor.py
[2024-10-28T00:00:11.525+0000] {processor.py:914} INFO - Processing file /home/airflow/.local/lib/python3.12/site-packages/airflow/example_dags/example_local_kubernetes_executor.py for tasks to queue
[2024-10-28T00:00:11.527+0000] {logging_mixin.py:190} INFO - [2024-10-28T00:00:11.526+0000] {dagbag.py:588} INFO - Filling up the DagBag from /home/airflow/.local/lib/python3.12/site-packages/airflow/example_dags/example_local_kubernetes_executor.py
[2024-10-28T00:00:11.536+0000] {processor.py:925} INFO - DAG(s) 'example_local_kubernetes_executor' retrieved from /home/airflow/.local/lib/python3.12/site-packages/airflow/example_dags/example_local_kubernetes_executor.py
[2024-10-28T00:00:11.579+0000] {logging_mixin.py:190} INFO - [2024-10-28T00:00:11.579+0000] {dag.py:3239} INFO - Sync 1 DAGs
[2024-10-28T00:00:11.594+0000] {logging_mixin.py:190} INFO - [2024-10-28T00:00:11.594+0000] {dag.py:4180} INFO - Setting next_dagrun for example_local_kubernetes_executor to None, run_after=None
[2024-10-28T00:00:11.614+0000] {processor.py:208} INFO - Processing /home/airflow/.local/lib/python3.12/site-packages/airflow/example_dags/example_local_kubernetes_executor.py took 0.098 seconds
[2024-10-28T00:00:42.169+0000] {processor.py:186} INFO - Started process (PID=45258) to work on /home/airflow/.local/lib/python3.12/site-packages/airflow/example_dags/example_local_kubernetes_executor.py
[2024-10-28T00:00:42.171+0000] {processor.py:914} INFO - Processing file /home/airflow/.local/lib/python3.12/site-packages/airflow/example_dags/example_local_kubernetes_executor.py for tasks to queue
[2024-10-28T00:00:42.173+0000] {logging_mixin.py:190} INFO - [2024-10-28T00:00:42.173+0000] {dagbag.py:588} INFO - Filling up the DagBag from /home/airflow/.local/lib/python3.12/site-packages/airflow/example_dags/example_local_kubernetes_executor.py
[2024-10-28T00:00:42.182+0000] {processor.py:925} INFO - DAG(s) 'example_local_kubernetes_executor' retrieved from /home/airflow/.local/lib/python3.12/site-packages/airflow/example_dags/example_local_kubernetes_executor.py
[2024-10-28T00:00:42.223+0000] {logging_mixin.py:190} INFO - [2024-10-28T00:00:42.223+0000] {dag.py:3239} INFO - Sync 1 DAGs
[2024-10-28T00:00:42.241+0000] {logging_mixin.py:190} INFO - [2024-10-28T00:00:42.240+0000] {dag.py:4180} INFO - Setting next_dagrun for example_local_kubernetes_executor to None, run_after=None
[2024-10-28T00:00:42.262+0000] {processor.py:208} INFO - Processing /home/airflow/.local/lib/python3.12/site-packages/airflow/example_dags/example_local_kubernetes_executor.py took 0.099 seconds
[2024-10-28T00:01:12.840+0000] {processor.py:186} INFO - Started process (PID=45332) to work on /home/airflow/.local/lib/python3.12/site-packages/airflow/example_dags/example_local_kubernetes_executor.py
[2024-10-28T00:01:12.841+0000] {processor.py:914} INFO - Processing file /home/airflow/.local/lib/python3.12/site-packages/airflow/example_dags/example_local_kubernetes_executor.py for tasks to queue
[2024-10-28T00:01:12.843+0000] {logging_mixin.py:190} INFO - [2024-10-28T00:01:12.842+0000] {dagbag.py:588} INFO - Filling up the DagBag from /home/airflow/.local/lib/python3.12/site-packages/airflow/example_dags/example_local_kubernetes_executor.py
[2024-10-28T00:01:12.854+0000] {processor.py:925} INFO - DAG(s) 'example_local_kubernetes_executor' retrieved from /home/airflow/.local/lib/python3.12/site-packages/airflow/example_dags/example_local_kubernetes_executor.py
[2024-10-28T00:01:12.901+0000] {logging_mixin.py:190} INFO - [2024-10-28T00:01:12.901+0000] {dag.py:3239} INFO - Sync 1 DAGs
[2024-10-28T00:01:12.923+0000] {logging_mixin.py:190} INFO - [2024-10-28T00:01:12.922+0000] {dag.py:4180} INFO - Setting next_dagrun for example_local_kubernetes_executor to None, run_after=None
[2024-10-28T00:01:12.946+0000] {processor.py:208} INFO - Processing /home/airflow/.local/lib/python3.12/site-packages/airflow/example_dags/example_local_kubernetes_executor.py took 0.112 seconds
[2024-10-28T00:01:43.040+0000] {processor.py:186} INFO - Started process (PID=45406) to work on /home/airflow/.local/lib/python3.12/site-packages/airflow/example_dags/example_local_kubernetes_executor.py
[2024-10-28T00:01:43.042+0000] {processor.py:914} INFO - Processing file /home/airflow/.local/lib/python3.12/site-packages/airflow/example_dags/example_local_kubernetes_executor.py for tasks to queue
[2024-10-28T00:01:43.044+0000] {logging_mixin.py:190} INFO - [2024-10-28T00:01:43.044+0000] {dagbag.py:588} INFO - Filling up the DagBag from /home/airflow/.local/lib/python3.12/site-packages/airflow/example_dags/example_local_kubernetes_executor.py
[2024-10-28T00:01:43.055+0000] {processor.py:925} INFO - DAG(s) 'example_local_kubernetes_executor' retrieved from /home/airflow/.local/lib/python3.12/site-packages/airflow/example_dags/example_local_kubernetes_executor.py
[2024-10-28T00:01:43.098+0000] {logging_mixin.py:190} INFO - [2024-10-28T00:01:43.098+0000] {dag.py:3239} INFO - Sync 1 DAGs
[2024-10-28T00:01:43.114+0000] {logging_mixin.py:190} INFO - [2024-10-28T00:01:43.114+0000] {dag.py:4180} INFO - Setting next_dagrun for example_local_kubernetes_executor to None, run_after=None
[2024-10-28T00:01:43.136+0000] {processor.py:208} INFO - Processing /home/airflow/.local/lib/python3.12/site-packages/airflow/example_dags/example_local_kubernetes_executor.py took 0.106 seconds
[2024-10-28T00:02:13.299+0000] {processor.py:186} INFO - Started process (PID=45479) to work on /home/airflow/.local/lib/python3.12/site-packages/airflow/example_dags/example_local_kubernetes_executor.py
[2024-10-28T00:02:13.300+0000] {processor.py:914} INFO - Processing file /home/airflow/.local/lib/python3.12/site-packages/airflow/example_dags/example_local_kubernetes_executor.py for tasks to queue
[2024-10-28T00:02:13.301+0000] {logging_mixin.py:190} INFO - [2024-10-28T00:02:13.301+0000] {dagbag.py:588} INFO - Filling up the DagBag from /home/airflow/.local/lib/python3.12/site-packages/airflow/example_dags/example_local_kubernetes_executor.py
[2024-10-28T00:02:13.312+0000] {processor.py:925} INFO - DAG(s) 'example_local_kubernetes_executor' retrieved from /home/airflow/.local/lib/python3.12/site-packages/airflow/example_dags/example_local_kubernetes_executor.py
[2024-10-28T00:02:13.349+0000] {logging_mixin.py:190} INFO - [2024-10-28T00:02:13.349+0000] {dag.py:3239} INFO - Sync 1 DAGs
[2024-10-28T00:02:13.363+0000] {logging_mixin.py:190} INFO - [2024-10-28T00:02:13.363+0000] {dag.py:4180} INFO - Setting next_dagrun for example_local_kubernetes_executor to None, run_after=None
[2024-10-28T00:02:13.382+0000] {processor.py:208} INFO - Processing /home/airflow/.local/lib/python3.12/site-packages/airflow/example_dags/example_local_kubernetes_executor.py took 0.089 seconds
[2024-10-28T00:02:43.514+0000] {processor.py:186} INFO - Started process (PID=45553) to work on /home/airflow/.local/lib/python3.12/site-packages/airflow/example_dags/example_local_kubernetes_executor.py
[2024-10-28T00:02:43.515+0000] {processor.py:914} INFO - Processing file /home/airflow/.local/lib/python3.12/site-packages/airflow/example_dags/example_local_kubernetes_executor.py for tasks to queue
[2024-10-28T00:02:43.516+0000] {logging_mixin.py:190} INFO - [2024-10-28T00:02:43.516+0000] {dagbag.py:588} INFO - Filling up the DagBag from /home/airflow/.local/lib/python3.12/site-packages/airflow/example_dags/example_local_kubernetes_executor.py
[2024-10-28T00:02:43.525+0000] {processor.py:925} INFO - DAG(s) 'example_local_kubernetes_executor' retrieved from /home/airflow/.local/lib/python3.12/site-packages/airflow/example_dags/example_local_kubernetes_executor.py
[2024-10-28T00:02:43.561+0000] {logging_mixin.py:190} INFO - [2024-10-28T00:02:43.561+0000] {dag.py:3239} INFO - Sync 1 DAGs
[2024-10-28T00:02:43.576+0000] {logging_mixin.py:190} INFO - [2024-10-28T00:02:43.576+0000] {dag.py:4180} INFO - Setting next_dagrun for example_local_kubernetes_executor to None, run_after=None
[2024-10-28T00:02:43.596+0000] {processor.py:208} INFO - Processing /home/airflow/.local/lib/python3.12/site-packages/airflow/example_dags/example_local_kubernetes_executor.py took 0.088 seconds
[2024-10-28T00:03:14.004+0000] {processor.py:186} INFO - Started process (PID=45627) to work on /home/airflow/.local/lib/python3.12/site-packages/airflow/example_dags/example_local_kubernetes_executor.py
[2024-10-28T00:03:14.005+0000] {processor.py:914} INFO - Processing file /home/airflow/.local/lib/python3.12/site-packages/airflow/example_dags/example_local_kubernetes_executor.py for tasks to queue
[2024-10-28T00:03:14.007+0000] {logging_mixin.py:190} INFO - [2024-10-28T00:03:14.006+0000] {dagbag.py:588} INFO - Filling up the DagBag from /home/airflow/.local/lib/python3.12/site-packages/airflow/example_dags/example_local_kubernetes_executor.py
[2024-10-28T00:03:14.018+0000] {processor.py:925} INFO - DAG(s) 'example_local_kubernetes_executor' retrieved from /home/airflow/.local/lib/python3.12/site-packages/airflow/example_dags/example_local_kubernetes_executor.py
[2024-10-28T00:03:14.064+0000] {logging_mixin.py:190} INFO - [2024-10-28T00:03:14.064+0000] {dag.py:3239} INFO - Sync 1 DAGs
[2024-10-28T00:03:14.084+0000] {logging_mixin.py:190} INFO - [2024-10-28T00:03:14.084+0000] {dag.py:4180} INFO - Setting next_dagrun for example_local_kubernetes_executor to None, run_after=None
[2024-10-28T00:03:14.108+0000] {processor.py:208} INFO - Processing /home/airflow/.local/lib/python3.12/site-packages/airflow/example_dags/example_local_kubernetes_executor.py took 0.111 seconds
[2024-10-28T00:03:44.271+0000] {processor.py:186} INFO - Started process (PID=45701) to work on /home/airflow/.local/lib/python3.12/site-packages/airflow/example_dags/example_local_kubernetes_executor.py
[2024-10-28T00:03:44.272+0000] {processor.py:914} INFO - Processing file /home/airflow/.local/lib/python3.12/site-packages/airflow/example_dags/example_local_kubernetes_executor.py for tasks to queue
[2024-10-28T00:03:44.274+0000] {logging_mixin.py:190} INFO - [2024-10-28T00:03:44.273+0000] {dagbag.py:588} INFO - Filling up the DagBag from /home/airflow/.local/lib/python3.12/site-packages/airflow/example_dags/example_local_kubernetes_executor.py
[2024-10-28T00:03:44.286+0000] {processor.py:925} INFO - DAG(s) 'example_local_kubernetes_executor' retrieved from /home/airflow/.local/lib/python3.12/site-packages/airflow/example_dags/example_local_kubernetes_executor.py
[2024-10-28T00:03:44.324+0000] {logging_mixin.py:190} INFO - [2024-10-28T00:03:44.323+0000] {dag.py:3239} INFO - Sync 1 DAGs
[2024-10-28T00:03:44.343+0000] {logging_mixin.py:190} INFO - [2024-10-28T00:03:44.342+0000] {dag.py:4180} INFO - Setting next_dagrun for example_local_kubernetes_executor to None, run_after=None
[2024-10-28T00:03:44.363+0000] {processor.py:208} INFO - Processing /home/airflow/.local/lib/python3.12/site-packages/airflow/example_dags/example_local_kubernetes_executor.py took 0.097 seconds
[2024-10-28T00:04:14.911+0000] {processor.py:186} INFO - Started process (PID=45775) to work on /home/airflow/.local/lib/python3.12/site-packages/airflow/example_dags/example_local_kubernetes_executor.py
[2024-10-28T00:04:14.912+0000] {processor.py:914} INFO - Processing file /home/airflow/.local/lib/python3.12/site-packages/airflow/example_dags/example_local_kubernetes_executor.py for tasks to queue
[2024-10-28T00:04:14.914+0000] {logging_mixin.py:190} INFO - [2024-10-28T00:04:14.914+0000] {dagbag.py:588} INFO - Filling up the DagBag from /home/airflow/.local/lib/python3.12/site-packages/airflow/example_dags/example_local_kubernetes_executor.py
[2024-10-28T00:04:14.922+0000] {processor.py:925} INFO - DAG(s) 'example_local_kubernetes_executor' retrieved from /home/airflow/.local/lib/python3.12/site-packages/airflow/example_dags/example_local_kubernetes_executor.py
[2024-10-28T00:04:14.959+0000] {logging_mixin.py:190} INFO - [2024-10-28T00:04:14.959+0000] {dag.py:3239} INFO - Sync 1 DAGs
[2024-10-28T00:04:14.974+0000] {logging_mixin.py:190} INFO - [2024-10-28T00:04:14.974+0000] {dag.py:4180} INFO - Setting next_dagrun for example_local_kubernetes_executor to None, run_after=None
[2024-10-28T00:04:14.992+0000] {processor.py:208} INFO - Processing /home/airflow/.local/lib/python3.12/site-packages/airflow/example_dags/example_local_kubernetes_executor.py took 0.086 seconds
[2024-10-28T00:04:45.731+0000] {processor.py:186} INFO - Started process (PID=45849) to work on /home/airflow/.local/lib/python3.12/site-packages/airflow/example_dags/example_local_kubernetes_executor.py
[2024-10-28T00:04:45.732+0000] {processor.py:914} INFO - Processing file /home/airflow/.local/lib/python3.12/site-packages/airflow/example_dags/example_local_kubernetes_executor.py for tasks to queue
[2024-10-28T00:04:45.733+0000] {logging_mixin.py:190} INFO - [2024-10-28T00:04:45.733+0000] {dagbag.py:588} INFO - Filling up the DagBag from /home/airflow/.local/lib/python3.12/site-packages/airflow/example_dags/example_local_kubernetes_executor.py
[2024-10-28T00:04:45.744+0000] {processor.py:925} INFO - DAG(s) 'example_local_kubernetes_executor' retrieved from /home/airflow/.local/lib/python3.12/site-packages/airflow/example_dags/example_local_kubernetes_executor.py
[2024-10-28T00:04:45.793+0000] {logging_mixin.py:190} INFO - [2024-10-28T00:04:45.793+0000] {dag.py:3239} INFO - Sync 1 DAGs
[2024-10-28T00:04:45.811+0000] {logging_mixin.py:190} INFO - [2024-10-28T00:04:45.810+0000] {dag.py:4180} INFO - Setting next_dagrun for example_local_kubernetes_executor to None, run_after=None
[2024-10-28T00:04:45.833+0000] {processor.py:208} INFO - Processing /home/airflow/.local/lib/python3.12/site-packages/airflow/example_dags/example_local_kubernetes_executor.py took 0.108 seconds
[2024-10-28T00:05:16.015+0000] {processor.py:186} INFO - Started process (PID=45923) to work on /home/airflow/.local/lib/python3.12/site-packages/airflow/example_dags/example_local_kubernetes_executor.py
[2024-10-28T00:05:16.016+0000] {processor.py:914} INFO - Processing file /home/airflow/.local/lib/python3.12/site-packages/airflow/example_dags/example_local_kubernetes_executor.py for tasks to queue
[2024-10-28T00:05:16.018+0000] {logging_mixin.py:190} INFO - [2024-10-28T00:05:16.018+0000] {dagbag.py:588} INFO - Filling up the DagBag from /home/airflow/.local/lib/python3.12/site-packages/airflow/example_dags/example_local_kubernetes_executor.py
[2024-10-28T00:05:16.027+0000] {processor.py:925} INFO - DAG(s) 'example_local_kubernetes_executor' retrieved from /home/airflow/.local/lib/python3.12/site-packages/airflow/example_dags/example_local_kubernetes_executor.py
[2024-10-28T00:05:16.065+0000] {logging_mixin.py:190} INFO - [2024-10-28T00:05:16.065+0000] {dag.py:3239} INFO - Sync 1 DAGs
[2024-10-28T00:05:16.080+0000] {logging_mixin.py:190} INFO - [2024-10-28T00:05:16.080+0000] {dag.py:4180} INFO - Setting next_dagrun for example_local_kubernetes_executor to None, run_after=None
[2024-10-28T00:05:16.102+0000] {processor.py:208} INFO - Processing /home/airflow/.local/lib/python3.12/site-packages/airflow/example_dags/example_local_kubernetes_executor.py took 0.093 seconds
[2024-10-28T00:05:46.464+0000] {processor.py:186} INFO - Started process (PID=45997) to work on /home/airflow/.local/lib/python3.12/site-packages/airflow/example_dags/example_local_kubernetes_executor.py
[2024-10-28T00:05:46.466+0000] {processor.py:914} INFO - Processing file /home/airflow/.local/lib/python3.12/site-packages/airflow/example_dags/example_local_kubernetes_executor.py for tasks to queue
[2024-10-28T00:05:46.468+0000] {logging_mixin.py:190} INFO - [2024-10-28T00:05:46.468+0000] {dagbag.py:588} INFO - Filling up the DagBag from /home/airflow/.local/lib/python3.12/site-packages/airflow/example_dags/example_local_kubernetes_executor.py
[2024-10-28T00:05:46.478+0000] {processor.py:925} INFO - DAG(s) 'example_local_kubernetes_executor' retrieved from /home/airflow/.local/lib/python3.12/site-packages/airflow/example_dags/example_local_kubernetes_executor.py
[2024-10-28T00:05:46.516+0000] {logging_mixin.py:190} INFO - [2024-10-28T00:05:46.516+0000] {dag.py:3239} INFO - Sync 1 DAGs
[2024-10-28T00:05:46.532+0000] {logging_mixin.py:190} INFO - [2024-10-28T00:05:46.532+0000] {dag.py:4180} INFO - Setting next_dagrun for example_local_kubernetes_executor to None, run_after=None
[2024-10-28T00:05:46.555+0000] {processor.py:208} INFO - Processing /home/airflow/.local/lib/python3.12/site-packages/airflow/example_dags/example_local_kubernetes_executor.py took 0.099 seconds
[2024-10-28T00:06:16.845+0000] {processor.py:186} INFO - Started process (PID=46071) to work on /home/airflow/.local/lib/python3.12/site-packages/airflow/example_dags/example_local_kubernetes_executor.py
[2024-10-28T00:06:16.846+0000] {processor.py:914} INFO - Processing file /home/airflow/.local/lib/python3.12/site-packages/airflow/example_dags/example_local_kubernetes_executor.py for tasks to queue
[2024-10-28T00:06:16.848+0000] {logging_mixin.py:190} INFO - [2024-10-28T00:06:16.847+0000] {dagbag.py:588} INFO - Filling up the DagBag from /home/airflow/.local/lib/python3.12/site-packages/airflow/example_dags/example_local_kubernetes_executor.py
[2024-10-28T00:06:16.859+0000] {processor.py:925} INFO - DAG(s) 'example_local_kubernetes_executor' retrieved from /home/airflow/.local/lib/python3.12/site-packages/airflow/example_dags/example_local_kubernetes_executor.py
[2024-10-28T00:06:16.899+0000] {logging_mixin.py:190} INFO - [2024-10-28T00:06:16.899+0000] {dag.py:3239} INFO - Sync 1 DAGs
[2024-10-28T00:06:16.916+0000] {logging_mixin.py:190} INFO - [2024-10-28T00:06:16.915+0000] {dag.py:4180} INFO - Setting next_dagrun for example_local_kubernetes_executor to None, run_after=None
[2024-10-28T00:06:16.936+0000] {processor.py:208} INFO - Processing /home/airflow/.local/lib/python3.12/site-packages/airflow/example_dags/example_local_kubernetes_executor.py took 0.099 seconds
[2024-10-28T00:06:47.046+0000] {processor.py:186} INFO - Started process (PID=46145) to work on /home/airflow/.local/lib/python3.12/site-packages/airflow/example_dags/example_local_kubernetes_executor.py
[2024-10-28T00:06:47.047+0000] {processor.py:914} INFO - Processing file /home/airflow/.local/lib/python3.12/site-packages/airflow/example_dags/example_local_kubernetes_executor.py for tasks to queue
[2024-10-28T00:06:47.049+0000] {logging_mixin.py:190} INFO - [2024-10-28T00:06:47.048+0000] {dagbag.py:588} INFO - Filling up the DagBag from /home/airflow/.local/lib/python3.12/site-packages/airflow/example_dags/example_local_kubernetes_executor.py
[2024-10-28T00:06:47.057+0000] {processor.py:925} INFO - DAG(s) 'example_local_kubernetes_executor' retrieved from /home/airflow/.local/lib/python3.12/site-packages/airflow/example_dags/example_local_kubernetes_executor.py
[2024-10-28T00:06:47.093+0000] {logging_mixin.py:190} INFO - [2024-10-28T00:06:47.093+0000] {dag.py:3239} INFO - Sync 1 DAGs
[2024-10-28T00:06:47.107+0000] {logging_mixin.py:190} INFO - [2024-10-28T00:06:47.107+0000] {dag.py:4180} INFO - Setting next_dagrun for example_local_kubernetes_executor to None, run_after=None
[2024-10-28T00:06:47.127+0000] {processor.py:208} INFO - Processing /home/airflow/.local/lib/python3.12/site-packages/airflow/example_dags/example_local_kubernetes_executor.py took 0.086 seconds
[2024-10-28T00:07:17.293+0000] {processor.py:186} INFO - Started process (PID=46219) to work on /home/airflow/.local/lib/python3.12/site-packages/airflow/example_dags/example_local_kubernetes_executor.py
[2024-10-28T00:07:17.294+0000] {processor.py:914} INFO - Processing file /home/airflow/.local/lib/python3.12/site-packages/airflow/example_dags/example_local_kubernetes_executor.py for tasks to queue
[2024-10-28T00:07:17.295+0000] {logging_mixin.py:190} INFO - [2024-10-28T00:07:17.295+0000] {dagbag.py:588} INFO - Filling up the DagBag from /home/airflow/.local/lib/python3.12/site-packages/airflow/example_dags/example_local_kubernetes_executor.py
[2024-10-28T00:07:17.304+0000] {processor.py:925} INFO - DAG(s) 'example_local_kubernetes_executor' retrieved from /home/airflow/.local/lib/python3.12/site-packages/airflow/example_dags/example_local_kubernetes_executor.py
[2024-10-28T00:07:17.338+0000] {logging_mixin.py:190} INFO - [2024-10-28T00:07:17.338+0000] {dag.py:3239} INFO - Sync 1 DAGs
[2024-10-28T00:07:17.351+0000] {logging_mixin.py:190} INFO - [2024-10-28T00:07:17.351+0000] {dag.py:4180} INFO - Setting next_dagrun for example_local_kubernetes_executor to None, run_after=None
[2024-10-28T00:07:17.369+0000] {processor.py:208} INFO - Processing /home/airflow/.local/lib/python3.12/site-packages/airflow/example_dags/example_local_kubernetes_executor.py took 0.081 seconds
[2024-10-28T00:07:48.109+0000] {processor.py:186} INFO - Started process (PID=46294) to work on /home/airflow/.local/lib/python3.12/site-packages/airflow/example_dags/example_local_kubernetes_executor.py
[2024-10-28T00:07:48.110+0000] {processor.py:914} INFO - Processing file /home/airflow/.local/lib/python3.12/site-packages/airflow/example_dags/example_local_kubernetes_executor.py for tasks to queue
[2024-10-28T00:07:48.112+0000] {logging_mixin.py:190} INFO - [2024-10-28T00:07:48.112+0000] {dagbag.py:588} INFO - Filling up the DagBag from /home/airflow/.local/lib/python3.12/site-packages/airflow/example_dags/example_local_kubernetes_executor.py
[2024-10-28T00:07:48.121+0000] {processor.py:925} INFO - DAG(s) 'example_local_kubernetes_executor' retrieved from /home/airflow/.local/lib/python3.12/site-packages/airflow/example_dags/example_local_kubernetes_executor.py
[2024-10-28T00:07:48.158+0000] {logging_mixin.py:190} INFO - [2024-10-28T00:07:48.157+0000] {dag.py:3239} INFO - Sync 1 DAGs
[2024-10-28T00:07:48.172+0000] {logging_mixin.py:190} INFO - [2024-10-28T00:07:48.172+0000] {dag.py:4180} INFO - Setting next_dagrun for example_local_kubernetes_executor to None, run_after=None
[2024-10-28T00:07:48.190+0000] {processor.py:208} INFO - Processing /home/airflow/.local/lib/python3.12/site-packages/airflow/example_dags/example_local_kubernetes_executor.py took 0.087 seconds
[2024-10-28T00:08:18.655+0000] {processor.py:186} INFO - Started process (PID=46368) to work on /home/airflow/.local/lib/python3.12/site-packages/airflow/example_dags/example_local_kubernetes_executor.py
[2024-10-28T00:08:18.657+0000] {processor.py:914} INFO - Processing file /home/airflow/.local/lib/python3.12/site-packages/airflow/example_dags/example_local_kubernetes_executor.py for tasks to queue
[2024-10-28T00:08:18.659+0000] {logging_mixin.py:190} INFO - [2024-10-28T00:08:18.659+0000] {dagbag.py:588} INFO - Filling up the DagBag from /home/airflow/.local/lib/python3.12/site-packages/airflow/example_dags/example_local_kubernetes_executor.py
[2024-10-28T00:08:18.670+0000] {processor.py:925} INFO - DAG(s) 'example_local_kubernetes_executor' retrieved from /home/airflow/.local/lib/python3.12/site-packages/airflow/example_dags/example_local_kubernetes_executor.py
[2024-10-28T00:08:18.718+0000] {logging_mixin.py:190} INFO - [2024-10-28T00:08:18.718+0000] {dag.py:3239} INFO - Sync 1 DAGs
[2024-10-28T00:08:18.738+0000] {logging_mixin.py:190} INFO - [2024-10-28T00:08:18.737+0000] {dag.py:4180} INFO - Setting next_dagrun for example_local_kubernetes_executor to None, run_after=None
[2024-10-28T00:08:18.767+0000] {processor.py:208} INFO - Processing /home/airflow/.local/lib/python3.12/site-packages/airflow/example_dags/example_local_kubernetes_executor.py took 0.118 seconds
[2024-10-28T00:08:49.580+0000] {processor.py:186} INFO - Started process (PID=46442) to work on /home/airflow/.local/lib/python3.12/site-packages/airflow/example_dags/example_local_kubernetes_executor.py
[2024-10-28T00:08:49.581+0000] {processor.py:914} INFO - Processing file /home/airflow/.local/lib/python3.12/site-packages/airflow/example_dags/example_local_kubernetes_executor.py for tasks to queue
[2024-10-28T00:08:49.583+0000] {logging_mixin.py:190} INFO - [2024-10-28T00:08:49.582+0000] {dagbag.py:588} INFO - Filling up the DagBag from /home/airflow/.local/lib/python3.12/site-packages/airflow/example_dags/example_local_kubernetes_executor.py
[2024-10-28T00:08:49.593+0000] {processor.py:925} INFO - DAG(s) 'example_local_kubernetes_executor' retrieved from /home/airflow/.local/lib/python3.12/site-packages/airflow/example_dags/example_local_kubernetes_executor.py
[2024-10-28T00:08:49.627+0000] {logging_mixin.py:190} INFO - [2024-10-28T00:08:49.626+0000] {dag.py:3239} INFO - Sync 1 DAGs
[2024-10-28T00:08:49.642+0000] {logging_mixin.py:190} INFO - [2024-10-28T00:08:49.641+0000] {dag.py:4180} INFO - Setting next_dagrun for example_local_kubernetes_executor to None, run_after=None
[2024-10-28T00:08:49.661+0000] {processor.py:208} INFO - Processing /home/airflow/.local/lib/python3.12/site-packages/airflow/example_dags/example_local_kubernetes_executor.py took 0.087 seconds
[2024-10-28T00:09:20.035+0000] {processor.py:186} INFO - Started process (PID=46516) to work on /home/airflow/.local/lib/python3.12/site-packages/airflow/example_dags/example_local_kubernetes_executor.py
[2024-10-28T00:09:20.036+0000] {processor.py:914} INFO - Processing file /home/airflow/.local/lib/python3.12/site-packages/airflow/example_dags/example_local_kubernetes_executor.py for tasks to queue
[2024-10-28T00:09:20.038+0000] {logging_mixin.py:190} INFO - [2024-10-28T00:09:20.038+0000] {dagbag.py:588} INFO - Filling up the DagBag from /home/airflow/.local/lib/python3.12/site-packages/airflow/example_dags/example_local_kubernetes_executor.py
[2024-10-28T00:09:20.046+0000] {processor.py:925} INFO - DAG(s) 'example_local_kubernetes_executor' retrieved from /home/airflow/.local/lib/python3.12/site-packages/airflow/example_dags/example_local_kubernetes_executor.py
[2024-10-28T00:09:20.081+0000] {logging_mixin.py:190} INFO - [2024-10-28T00:09:20.080+0000] {dag.py:3239} INFO - Sync 1 DAGs
[2024-10-28T00:09:20.096+0000] {logging_mixin.py:190} INFO - [2024-10-28T00:09:20.096+0000] {dag.py:4180} INFO - Setting next_dagrun for example_local_kubernetes_executor to None, run_after=None
[2024-10-28T00:09:20.116+0000] {processor.py:208} INFO - Processing /home/airflow/.local/lib/python3.12/site-packages/airflow/example_dags/example_local_kubernetes_executor.py took 0.086 seconds
[2024-10-28T00:09:50.225+0000] {processor.py:186} INFO - Started process (PID=46590) to work on /home/airflow/.local/lib/python3.12/site-packages/airflow/example_dags/example_local_kubernetes_executor.py
[2024-10-28T00:09:50.227+0000] {processor.py:914} INFO - Processing file /home/airflow/.local/lib/python3.12/site-packages/airflow/example_dags/example_local_kubernetes_executor.py for tasks to queue
[2024-10-28T00:09:50.230+0000] {logging_mixin.py:190} INFO - [2024-10-28T00:09:50.229+0000] {dagbag.py:588} INFO - Filling up the DagBag from /home/airflow/.local/lib/python3.12/site-packages/airflow/example_dags/example_local_kubernetes_executor.py
[2024-10-28T00:09:50.240+0000] {processor.py:925} INFO - DAG(s) 'example_local_kubernetes_executor' retrieved from /home/airflow/.local/lib/python3.12/site-packages/airflow/example_dags/example_local_kubernetes_executor.py
[2024-10-28T00:09:50.275+0000] {logging_mixin.py:190} INFO - [2024-10-28T00:09:50.275+0000] {dag.py:3239} INFO - Sync 1 DAGs
[2024-10-28T00:09:50.292+0000] {logging_mixin.py:190} INFO - [2024-10-28T00:09:50.292+0000] {dag.py:4180} INFO - Setting next_dagrun for example_local_kubernetes_executor to None, run_after=None
[2024-10-28T00:09:50.315+0000] {processor.py:208} INFO - Processing /home/airflow/.local/lib/python3.12/site-packages/airflow/example_dags/example_local_kubernetes_executor.py took 0.095 seconds
[2024-10-28T00:10:20.403+0000] {processor.py:186} INFO - Started process (PID=46664) to work on /home/airflow/.local/lib/python3.12/site-packages/airflow/example_dags/example_local_kubernetes_executor.py
[2024-10-28T00:10:20.404+0000] {processor.py:914} INFO - Processing file /home/airflow/.local/lib/python3.12/site-packages/airflow/example_dags/example_local_kubernetes_executor.py for tasks to queue
[2024-10-28T00:10:20.405+0000] {logging_mixin.py:190} INFO - [2024-10-28T00:10:20.405+0000] {dagbag.py:588} INFO - Filling up the DagBag from /home/airflow/.local/lib/python3.12/site-packages/airflow/example_dags/example_local_kubernetes_executor.py
[2024-10-28T00:10:20.416+0000] {processor.py:925} INFO - DAG(s) 'example_local_kubernetes_executor' retrieved from /home/airflow/.local/lib/python3.12/site-packages/airflow/example_dags/example_local_kubernetes_executor.py
[2024-10-28T00:10:20.451+0000] {logging_mixin.py:190} INFO - [2024-10-28T00:10:20.451+0000] {dag.py:3239} INFO - Sync 1 DAGs
[2024-10-28T00:10:20.465+0000] {logging_mixin.py:190} INFO - [2024-10-28T00:10:20.465+0000] {dag.py:4180} INFO - Setting next_dagrun for example_local_kubernetes_executor to None, run_after=None
[2024-10-28T00:10:20.485+0000] {processor.py:208} INFO - Processing /home/airflow/.local/lib/python3.12/site-packages/airflow/example_dags/example_local_kubernetes_executor.py took 0.088 seconds
[2024-10-28T00:10:50.644+0000] {processor.py:186} INFO - Started process (PID=46738) to work on /home/airflow/.local/lib/python3.12/site-packages/airflow/example_dags/example_local_kubernetes_executor.py
[2024-10-28T00:10:50.645+0000] {processor.py:914} INFO - Processing file /home/airflow/.local/lib/python3.12/site-packages/airflow/example_dags/example_local_kubernetes_executor.py for tasks to queue
[2024-10-28T00:10:50.647+0000] {logging_mixin.py:190} INFO - [2024-10-28T00:10:50.646+0000] {dagbag.py:588} INFO - Filling up the DagBag from /home/airflow/.local/lib/python3.12/site-packages/airflow/example_dags/example_local_kubernetes_executor.py
[2024-10-28T00:10:50.657+0000] {processor.py:925} INFO - DAG(s) 'example_local_kubernetes_executor' retrieved from /home/airflow/.local/lib/python3.12/site-packages/airflow/example_dags/example_local_kubernetes_executor.py
[2024-10-28T00:10:50.693+0000] {logging_mixin.py:190} INFO - [2024-10-28T00:10:50.693+0000] {dag.py:3239} INFO - Sync 1 DAGs
[2024-10-28T00:10:50.708+0000] {logging_mixin.py:190} INFO - [2024-10-28T00:10:50.708+0000] {dag.py:4180} INFO - Setting next_dagrun for example_local_kubernetes_executor to None, run_after=None
[2024-10-28T00:10:50.726+0000] {processor.py:208} INFO - Processing /home/airflow/.local/lib/python3.12/site-packages/airflow/example_dags/example_local_kubernetes_executor.py took 0.087 seconds
[2024-10-28T00:11:21.103+0000] {processor.py:186} INFO - Started process (PID=46812) to work on /home/airflow/.local/lib/python3.12/site-packages/airflow/example_dags/example_local_kubernetes_executor.py
[2024-10-28T00:11:21.104+0000] {processor.py:914} INFO - Processing file /home/airflow/.local/lib/python3.12/site-packages/airflow/example_dags/example_local_kubernetes_executor.py for tasks to queue
[2024-10-28T00:11:21.105+0000] {logging_mixin.py:190} INFO - [2024-10-28T00:11:21.105+0000] {dagbag.py:588} INFO - Filling up the DagBag from /home/airflow/.local/lib/python3.12/site-packages/airflow/example_dags/example_local_kubernetes_executor.py
[2024-10-28T00:11:21.114+0000] {processor.py:925} INFO - DAG(s) 'example_local_kubernetes_executor' retrieved from /home/airflow/.local/lib/python3.12/site-packages/airflow/example_dags/example_local_kubernetes_executor.py
[2024-10-28T00:11:21.151+0000] {logging_mixin.py:190} INFO - [2024-10-28T00:11:21.151+0000] {dag.py:3239} INFO - Sync 1 DAGs
[2024-10-28T00:11:21.164+0000] {logging_mixin.py:190} INFO - [2024-10-28T00:11:21.164+0000] {dag.py:4180} INFO - Setting next_dagrun for example_local_kubernetes_executor to None, run_after=None
[2024-10-28T00:11:21.185+0000] {processor.py:208} INFO - Processing /home/airflow/.local/lib/python3.12/site-packages/airflow/example_dags/example_local_kubernetes_executor.py took 0.088 seconds
[2024-10-28T00:11:51.887+0000] {processor.py:186} INFO - Started process (PID=46886) to work on /home/airflow/.local/lib/python3.12/site-packages/airflow/example_dags/example_local_kubernetes_executor.py
[2024-10-28T00:11:51.888+0000] {processor.py:914} INFO - Processing file /home/airflow/.local/lib/python3.12/site-packages/airflow/example_dags/example_local_kubernetes_executor.py for tasks to queue
[2024-10-28T00:11:51.890+0000] {logging_mixin.py:190} INFO - [2024-10-28T00:11:51.889+0000] {dagbag.py:588} INFO - Filling up the DagBag from /home/airflow/.local/lib/python3.12/site-packages/airflow/example_dags/example_local_kubernetes_executor.py
[2024-10-28T00:11:51.898+0000] {processor.py:925} INFO - DAG(s) 'example_local_kubernetes_executor' retrieved from /home/airflow/.local/lib/python3.12/site-packages/airflow/example_dags/example_local_kubernetes_executor.py
[2024-10-28T00:11:51.932+0000] {logging_mixin.py:190} INFO - [2024-10-28T00:11:51.932+0000] {dag.py:3239} INFO - Sync 1 DAGs
[2024-10-28T00:11:51.946+0000] {logging_mixin.py:190} INFO - [2024-10-28T00:11:51.945+0000] {dag.py:4180} INFO - Setting next_dagrun for example_local_kubernetes_executor to None, run_after=None
[2024-10-28T00:11:51.963+0000] {processor.py:208} INFO - Processing /home/airflow/.local/lib/python3.12/site-packages/airflow/example_dags/example_local_kubernetes_executor.py took 0.081 seconds
[2024-10-28T00:12:22.559+0000] {processor.py:186} INFO - Started process (PID=46960) to work on /home/airflow/.local/lib/python3.12/site-packages/airflow/example_dags/example_local_kubernetes_executor.py
[2024-10-28T00:12:22.560+0000] {processor.py:914} INFO - Processing file /home/airflow/.local/lib/python3.12/site-packages/airflow/example_dags/example_local_kubernetes_executor.py for tasks to queue
[2024-10-28T00:12:22.561+0000] {logging_mixin.py:190} INFO - [2024-10-28T00:12:22.561+0000] {dagbag.py:588} INFO - Filling up the DagBag from /home/airflow/.local/lib/python3.12/site-packages/airflow/example_dags/example_local_kubernetes_executor.py
[2024-10-28T00:12:22.569+0000] {processor.py:925} INFO - DAG(s) 'example_local_kubernetes_executor' retrieved from /home/airflow/.local/lib/python3.12/site-packages/airflow/example_dags/example_local_kubernetes_executor.py
[2024-10-28T00:12:22.605+0000] {logging_mixin.py:190} INFO - [2024-10-28T00:12:22.604+0000] {dag.py:3239} INFO - Sync 1 DAGs
[2024-10-28T00:12:22.618+0000] {logging_mixin.py:190} INFO - [2024-10-28T00:12:22.618+0000] {dag.py:4180} INFO - Setting next_dagrun for example_local_kubernetes_executor to None, run_after=None
[2024-10-28T00:12:22.635+0000] {processor.py:208} INFO - Processing /home/airflow/.local/lib/python3.12/site-packages/airflow/example_dags/example_local_kubernetes_executor.py took 0.083 seconds
[2024-10-28T00:12:52.848+0000] {processor.py:186} INFO - Started process (PID=47022) to work on /home/airflow/.local/lib/python3.12/site-packages/airflow/example_dags/example_local_kubernetes_executor.py
[2024-10-28T00:12:52.849+0000] {processor.py:914} INFO - Processing file /home/airflow/.local/lib/python3.12/site-packages/airflow/example_dags/example_local_kubernetes_executor.py for tasks to queue
[2024-10-28T00:12:52.851+0000] {logging_mixin.py:190} INFO - [2024-10-28T00:12:52.851+0000] {dagbag.py:588} INFO - Filling up the DagBag from /home/airflow/.local/lib/python3.12/site-packages/airflow/example_dags/example_local_kubernetes_executor.py
[2024-10-28T00:12:52.860+0000] {processor.py:925} INFO - DAG(s) 'example_local_kubernetes_executor' retrieved from /home/airflow/.local/lib/python3.12/site-packages/airflow/example_dags/example_local_kubernetes_executor.py
[2024-10-28T00:12:52.893+0000] {logging_mixin.py:190} INFO - [2024-10-28T00:12:52.892+0000] {dag.py:3239} INFO - Sync 1 DAGs
[2024-10-28T00:12:52.907+0000] {logging_mixin.py:190} INFO - [2024-10-28T00:12:52.907+0000] {dag.py:4180} INFO - Setting next_dagrun for example_local_kubernetes_executor to None, run_after=None
[2024-10-28T00:12:52.927+0000] {processor.py:208} INFO - Processing /home/airflow/.local/lib/python3.12/site-packages/airflow/example_dags/example_local_kubernetes_executor.py took 0.084 seconds
[2024-10-28T00:13:23.301+0000] {processor.py:186} INFO - Started process (PID=47096) to work on /home/airflow/.local/lib/python3.12/site-packages/airflow/example_dags/example_local_kubernetes_executor.py
[2024-10-28T00:13:23.302+0000] {processor.py:914} INFO - Processing file /home/airflow/.local/lib/python3.12/site-packages/airflow/example_dags/example_local_kubernetes_executor.py for tasks to queue
[2024-10-28T00:13:23.303+0000] {logging_mixin.py:190} INFO - [2024-10-28T00:13:23.303+0000] {dagbag.py:588} INFO - Filling up the DagBag from /home/airflow/.local/lib/python3.12/site-packages/airflow/example_dags/example_local_kubernetes_executor.py
[2024-10-28T00:13:23.311+0000] {processor.py:925} INFO - DAG(s) 'example_local_kubernetes_executor' retrieved from /home/airflow/.local/lib/python3.12/site-packages/airflow/example_dags/example_local_kubernetes_executor.py
[2024-10-28T00:13:23.345+0000] {logging_mixin.py:190} INFO - [2024-10-28T00:13:23.345+0000] {dag.py:3239} INFO - Sync 1 DAGs
[2024-10-28T00:13:23.359+0000] {logging_mixin.py:190} INFO - [2024-10-28T00:13:23.358+0000] {dag.py:4180} INFO - Setting next_dagrun for example_local_kubernetes_executor to None, run_after=None
[2024-10-28T00:13:23.378+0000] {processor.py:208} INFO - Processing /home/airflow/.local/lib/python3.12/site-packages/airflow/example_dags/example_local_kubernetes_executor.py took 0.083 seconds
[2024-10-28T00:13:53.765+0000] {processor.py:186} INFO - Started process (PID=47170) to work on /home/airflow/.local/lib/python3.12/site-packages/airflow/example_dags/example_local_kubernetes_executor.py
[2024-10-28T00:13:53.766+0000] {processor.py:914} INFO - Processing file /home/airflow/.local/lib/python3.12/site-packages/airflow/example_dags/example_local_kubernetes_executor.py for tasks to queue
[2024-10-28T00:13:53.768+0000] {logging_mixin.py:190} INFO - [2024-10-28T00:13:53.767+0000] {dagbag.py:588} INFO - Filling up the DagBag from /home/airflow/.local/lib/python3.12/site-packages/airflow/example_dags/example_local_kubernetes_executor.py
[2024-10-28T00:13:53.776+0000] {processor.py:925} INFO - DAG(s) 'example_local_kubernetes_executor' retrieved from /home/airflow/.local/lib/python3.12/site-packages/airflow/example_dags/example_local_kubernetes_executor.py
[2024-10-28T00:13:53.809+0000] {logging_mixin.py:190} INFO - [2024-10-28T00:13:53.809+0000] {dag.py:3239} INFO - Sync 1 DAGs
[2024-10-28T00:13:53.823+0000] {logging_mixin.py:190} INFO - [2024-10-28T00:13:53.822+0000] {dag.py:4180} INFO - Setting next_dagrun for example_local_kubernetes_executor to None, run_after=None
[2024-10-28T00:13:53.840+0000] {processor.py:208} INFO - Processing /home/airflow/.local/lib/python3.12/site-packages/airflow/example_dags/example_local_kubernetes_executor.py took 0.081 seconds
[2024-10-28T00:14:24.015+0000] {processor.py:186} INFO - Started process (PID=47244) to work on /home/airflow/.local/lib/python3.12/site-packages/airflow/example_dags/example_local_kubernetes_executor.py
[2024-10-28T00:14:24.016+0000] {processor.py:914} INFO - Processing file /home/airflow/.local/lib/python3.12/site-packages/airflow/example_dags/example_local_kubernetes_executor.py for tasks to queue
[2024-10-28T00:14:24.018+0000] {logging_mixin.py:190} INFO - [2024-10-28T00:14:24.017+0000] {dagbag.py:588} INFO - Filling up the DagBag from /home/airflow/.local/lib/python3.12/site-packages/airflow/example_dags/example_local_kubernetes_executor.py
[2024-10-28T00:14:24.028+0000] {processor.py:925} INFO - DAG(s) 'example_local_kubernetes_executor' retrieved from /home/airflow/.local/lib/python3.12/site-packages/airflow/example_dags/example_local_kubernetes_executor.py
[2024-10-28T00:14:24.062+0000] {logging_mixin.py:190} INFO - [2024-10-28T00:14:24.062+0000] {dag.py:3239} INFO - Sync 1 DAGs
[2024-10-28T00:14:24.075+0000] {logging_mixin.py:190} INFO - [2024-10-28T00:14:24.075+0000] {dag.py:4180} INFO - Setting next_dagrun for example_local_kubernetes_executor to None, run_after=None
[2024-10-28T00:14:24.096+0000] {processor.py:208} INFO - Processing /home/airflow/.local/lib/python3.12/site-packages/airflow/example_dags/example_local_kubernetes_executor.py took 0.086 seconds
[2024-10-28T00:14:54.156+0000] {processor.py:186} INFO - Started process (PID=47318) to work on /home/airflow/.local/lib/python3.12/site-packages/airflow/example_dags/example_local_kubernetes_executor.py
[2024-10-28T00:14:54.157+0000] {processor.py:914} INFO - Processing file /home/airflow/.local/lib/python3.12/site-packages/airflow/example_dags/example_local_kubernetes_executor.py for tasks to queue
[2024-10-28T00:14:54.158+0000] {logging_mixin.py:190} INFO - [2024-10-28T00:14:54.158+0000] {dagbag.py:588} INFO - Filling up the DagBag from /home/airflow/.local/lib/python3.12/site-packages/airflow/example_dags/example_local_kubernetes_executor.py
[2024-10-28T00:14:54.167+0000] {processor.py:925} INFO - DAG(s) 'example_local_kubernetes_executor' retrieved from /home/airflow/.local/lib/python3.12/site-packages/airflow/example_dags/example_local_kubernetes_executor.py
[2024-10-28T00:14:54.200+0000] {logging_mixin.py:190} INFO - [2024-10-28T00:14:54.200+0000] {dag.py:3239} INFO - Sync 1 DAGs
[2024-10-28T00:14:54.215+0000] {logging_mixin.py:190} INFO - [2024-10-28T00:14:54.215+0000] {dag.py:4180} INFO - Setting next_dagrun for example_local_kubernetes_executor to None, run_after=None
[2024-10-28T00:14:54.233+0000] {processor.py:208} INFO - Processing /home/airflow/.local/lib/python3.12/site-packages/airflow/example_dags/example_local_kubernetes_executor.py took 0.083 seconds
[2024-10-28T00:15:24.678+0000] {processor.py:186} INFO - Started process (PID=47392) to work on /home/airflow/.local/lib/python3.12/site-packages/airflow/example_dags/example_local_kubernetes_executor.py
[2024-10-28T00:15:24.679+0000] {processor.py:914} INFO - Processing file /home/airflow/.local/lib/python3.12/site-packages/airflow/example_dags/example_local_kubernetes_executor.py for tasks to queue
[2024-10-28T00:15:24.680+0000] {logging_mixin.py:190} INFO - [2024-10-28T00:15:24.680+0000] {dagbag.py:588} INFO - Filling up the DagBag from /home/airflow/.local/lib/python3.12/site-packages/airflow/example_dags/example_local_kubernetes_executor.py
[2024-10-28T00:15:24.689+0000] {processor.py:925} INFO - DAG(s) 'example_local_kubernetes_executor' retrieved from /home/airflow/.local/lib/python3.12/site-packages/airflow/example_dags/example_local_kubernetes_executor.py
[2024-10-28T00:15:24.722+0000] {logging_mixin.py:190} INFO - [2024-10-28T00:15:24.722+0000] {dag.py:3239} INFO - Sync 1 DAGs
[2024-10-28T00:15:24.736+0000] {logging_mixin.py:190} INFO - [2024-10-28T00:15:24.735+0000] {dag.py:4180} INFO - Setting next_dagrun for example_local_kubernetes_executor to None, run_after=None
[2024-10-28T00:15:24.753+0000] {processor.py:208} INFO - Processing /home/airflow/.local/lib/python3.12/site-packages/airflow/example_dags/example_local_kubernetes_executor.py took 0.081 seconds
[2024-10-28T00:15:55.056+0000] {processor.py:186} INFO - Started process (PID=47466) to work on /home/airflow/.local/lib/python3.12/site-packages/airflow/example_dags/example_local_kubernetes_executor.py
[2024-10-28T00:15:55.057+0000] {processor.py:914} INFO - Processing file /home/airflow/.local/lib/python3.12/site-packages/airflow/example_dags/example_local_kubernetes_executor.py for tasks to queue
[2024-10-28T00:15:55.059+0000] {logging_mixin.py:190} INFO - [2024-10-28T00:15:55.058+0000] {dagbag.py:588} INFO - Filling up the DagBag from /home/airflow/.local/lib/python3.12/site-packages/airflow/example_dags/example_local_kubernetes_executor.py
[2024-10-28T00:15:55.067+0000] {processor.py:925} INFO - DAG(s) 'example_local_kubernetes_executor' retrieved from /home/airflow/.local/lib/python3.12/site-packages/airflow/example_dags/example_local_kubernetes_executor.py
[2024-10-28T00:15:55.101+0000] {logging_mixin.py:190} INFO - [2024-10-28T00:15:55.101+0000] {dag.py:3239} INFO - Sync 1 DAGs
[2024-10-28T00:15:55.114+0000] {logging_mixin.py:190} INFO - [2024-10-28T00:15:55.114+0000] {dag.py:4180} INFO - Setting next_dagrun for example_local_kubernetes_executor to None, run_after=None
[2024-10-28T00:15:55.132+0000] {processor.py:208} INFO - Processing /home/airflow/.local/lib/python3.12/site-packages/airflow/example_dags/example_local_kubernetes_executor.py took 0.081 seconds
[2024-10-28T00:16:26.051+0000] {processor.py:186} INFO - Started process (PID=47540) to work on /home/airflow/.local/lib/python3.12/site-packages/airflow/example_dags/example_local_kubernetes_executor.py
[2024-10-28T00:16:26.052+0000] {processor.py:914} INFO - Processing file /home/airflow/.local/lib/python3.12/site-packages/airflow/example_dags/example_local_kubernetes_executor.py for tasks to queue
[2024-10-28T00:16:26.054+0000] {logging_mixin.py:190} INFO - [2024-10-28T00:16:26.053+0000] {dagbag.py:588} INFO - Filling up the DagBag from /home/airflow/.local/lib/python3.12/site-packages/airflow/example_dags/example_local_kubernetes_executor.py
[2024-10-28T00:16:26.062+0000] {processor.py:925} INFO - DAG(s) 'example_local_kubernetes_executor' retrieved from /home/airflow/.local/lib/python3.12/site-packages/airflow/example_dags/example_local_kubernetes_executor.py
[2024-10-28T00:16:26.094+0000] {logging_mixin.py:190} INFO - [2024-10-28T00:16:26.094+0000] {dag.py:3239} INFO - Sync 1 DAGs
[2024-10-28T00:16:26.107+0000] {logging_mixin.py:190} INFO - [2024-10-28T00:16:26.107+0000] {dag.py:4180} INFO - Setting next_dagrun for example_local_kubernetes_executor to None, run_after=None
[2024-10-28T00:16:26.138+0000] {processor.py:208} INFO - Processing /home/airflow/.local/lib/python3.12/site-packages/airflow/example_dags/example_local_kubernetes_executor.py took 0.092 seconds
[2024-10-28T00:16:56.987+0000] {processor.py:186} INFO - Started process (PID=47614) to work on /home/airflow/.local/lib/python3.12/site-packages/airflow/example_dags/example_local_kubernetes_executor.py
[2024-10-28T00:16:56.988+0000] {processor.py:914} INFO - Processing file /home/airflow/.local/lib/python3.12/site-packages/airflow/example_dags/example_local_kubernetes_executor.py for tasks to queue
[2024-10-28T00:16:56.989+0000] {logging_mixin.py:190} INFO - [2024-10-28T00:16:56.989+0000] {dagbag.py:588} INFO - Filling up the DagBag from /home/airflow/.local/lib/python3.12/site-packages/airflow/example_dags/example_local_kubernetes_executor.py
[2024-10-28T00:16:56.998+0000] {processor.py:925} INFO - DAG(s) 'example_local_kubernetes_executor' retrieved from /home/airflow/.local/lib/python3.12/site-packages/airflow/example_dags/example_local_kubernetes_executor.py
[2024-10-28T00:16:57.040+0000] {logging_mixin.py:190} INFO - [2024-10-28T00:16:57.039+0000] {dag.py:3239} INFO - Sync 1 DAGs
[2024-10-28T00:16:57.053+0000] {logging_mixin.py:190} INFO - [2024-10-28T00:16:57.053+0000] {dag.py:4180} INFO - Setting next_dagrun for example_local_kubernetes_executor to None, run_after=None
[2024-10-28T00:16:57.075+0000] {processor.py:208} INFO - Processing /home/airflow/.local/lib/python3.12/site-packages/airflow/example_dags/example_local_kubernetes_executor.py took 0.094 seconds
[2024-10-28T00:17:27.557+0000] {processor.py:186} INFO - Started process (PID=47688) to work on /home/airflow/.local/lib/python3.12/site-packages/airflow/example_dags/example_local_kubernetes_executor.py
[2024-10-28T00:17:27.558+0000] {processor.py:914} INFO - Processing file /home/airflow/.local/lib/python3.12/site-packages/airflow/example_dags/example_local_kubernetes_executor.py for tasks to queue
[2024-10-28T00:17:27.560+0000] {logging_mixin.py:190} INFO - [2024-10-28T00:17:27.560+0000] {dagbag.py:588} INFO - Filling up the DagBag from /home/airflow/.local/lib/python3.12/site-packages/airflow/example_dags/example_local_kubernetes_executor.py
[2024-10-28T00:17:27.568+0000] {processor.py:925} INFO - DAG(s) 'example_local_kubernetes_executor' retrieved from /home/airflow/.local/lib/python3.12/site-packages/airflow/example_dags/example_local_kubernetes_executor.py
[2024-10-28T00:17:27.601+0000] {logging_mixin.py:190} INFO - [2024-10-28T00:17:27.601+0000] {dag.py:3239} INFO - Sync 1 DAGs
[2024-10-28T00:17:27.614+0000] {logging_mixin.py:190} INFO - [2024-10-28T00:17:27.614+0000] {dag.py:4180} INFO - Setting next_dagrun for example_local_kubernetes_executor to None, run_after=None
[2024-10-28T00:17:27.630+0000] {processor.py:208} INFO - Processing /home/airflow/.local/lib/python3.12/site-packages/airflow/example_dags/example_local_kubernetes_executor.py took 0.079 seconds
[2024-10-28T00:17:57.914+0000] {processor.py:186} INFO - Started process (PID=47762) to work on /home/airflow/.local/lib/python3.12/site-packages/airflow/example_dags/example_local_kubernetes_executor.py
[2024-10-28T00:17:57.915+0000] {processor.py:914} INFO - Processing file /home/airflow/.local/lib/python3.12/site-packages/airflow/example_dags/example_local_kubernetes_executor.py for tasks to queue
[2024-10-28T00:17:57.917+0000] {logging_mixin.py:190} INFO - [2024-10-28T00:17:57.916+0000] {dagbag.py:588} INFO - Filling up the DagBag from /home/airflow/.local/lib/python3.12/site-packages/airflow/example_dags/example_local_kubernetes_executor.py
[2024-10-28T00:17:57.927+0000] {processor.py:925} INFO - DAG(s) 'example_local_kubernetes_executor' retrieved from /home/airflow/.local/lib/python3.12/site-packages/airflow/example_dags/example_local_kubernetes_executor.py
[2024-10-28T00:17:57.963+0000] {logging_mixin.py:190} INFO - [2024-10-28T00:17:57.962+0000] {dag.py:3239} INFO - Sync 1 DAGs
[2024-10-28T00:17:57.976+0000] {logging_mixin.py:190} INFO - [2024-10-28T00:17:57.976+0000] {dag.py:4180} INFO - Setting next_dagrun for example_local_kubernetes_executor to None, run_after=None
[2024-10-28T00:17:57.997+0000] {processor.py:208} INFO - Processing /home/airflow/.local/lib/python3.12/site-packages/airflow/example_dags/example_local_kubernetes_executor.py took 0.088 seconds
[2024-10-28T00:18:28.608+0000] {processor.py:186} INFO - Started process (PID=47836) to work on /home/airflow/.local/lib/python3.12/site-packages/airflow/example_dags/example_local_kubernetes_executor.py
[2024-10-28T00:18:28.609+0000] {processor.py:914} INFO - Processing file /home/airflow/.local/lib/python3.12/site-packages/airflow/example_dags/example_local_kubernetes_executor.py for tasks to queue
[2024-10-28T00:18:28.610+0000] {logging_mixin.py:190} INFO - [2024-10-28T00:18:28.610+0000] {dagbag.py:588} INFO - Filling up the DagBag from /home/airflow/.local/lib/python3.12/site-packages/airflow/example_dags/example_local_kubernetes_executor.py
[2024-10-28T00:18:28.620+0000] {processor.py:925} INFO - DAG(s) 'example_local_kubernetes_executor' retrieved from /home/airflow/.local/lib/python3.12/site-packages/airflow/example_dags/example_local_kubernetes_executor.py
[2024-10-28T00:18:28.656+0000] {logging_mixin.py:190} INFO - [2024-10-28T00:18:28.656+0000] {dag.py:3239} INFO - Sync 1 DAGs
[2024-10-28T00:18:28.672+0000] {logging_mixin.py:190} INFO - [2024-10-28T00:18:28.672+0000] {dag.py:4180} INFO - Setting next_dagrun for example_local_kubernetes_executor to None, run_after=None
[2024-10-28T00:18:28.692+0000] {processor.py:208} INFO - Processing /home/airflow/.local/lib/python3.12/site-packages/airflow/example_dags/example_local_kubernetes_executor.py took 0.090 seconds
[2024-10-28T00:18:58.877+0000] {processor.py:186} INFO - Started process (PID=47910) to work on /home/airflow/.local/lib/python3.12/site-packages/airflow/example_dags/example_local_kubernetes_executor.py
[2024-10-28T00:18:58.878+0000] {processor.py:914} INFO - Processing file /home/airflow/.local/lib/python3.12/site-packages/airflow/example_dags/example_local_kubernetes_executor.py for tasks to queue
[2024-10-28T00:18:58.880+0000] {logging_mixin.py:190} INFO - [2024-10-28T00:18:58.879+0000] {dagbag.py:588} INFO - Filling up the DagBag from /home/airflow/.local/lib/python3.12/site-packages/airflow/example_dags/example_local_kubernetes_executor.py
[2024-10-28T00:18:58.893+0000] {processor.py:925} INFO - DAG(s) 'example_local_kubernetes_executor' retrieved from /home/airflow/.local/lib/python3.12/site-packages/airflow/example_dags/example_local_kubernetes_executor.py
[2024-10-28T00:18:58.943+0000] {logging_mixin.py:190} INFO - [2024-10-28T00:18:58.943+0000] {dag.py:3239} INFO - Sync 1 DAGs
[2024-10-28T00:18:58.970+0000] {logging_mixin.py:190} INFO - [2024-10-28T00:18:58.969+0000] {dag.py:4180} INFO - Setting next_dagrun for example_local_kubernetes_executor to None, run_after=None
[2024-10-28T00:18:58.997+0000] {processor.py:208} INFO - Processing /home/airflow/.local/lib/python3.12/site-packages/airflow/example_dags/example_local_kubernetes_executor.py took 0.129 seconds
[2024-10-28T00:19:29.326+0000] {processor.py:186} INFO - Started process (PID=47984) to work on /home/airflow/.local/lib/python3.12/site-packages/airflow/example_dags/example_local_kubernetes_executor.py
[2024-10-28T00:19:29.327+0000] {processor.py:914} INFO - Processing file /home/airflow/.local/lib/python3.12/site-packages/airflow/example_dags/example_local_kubernetes_executor.py for tasks to queue
[2024-10-28T00:19:29.330+0000] {logging_mixin.py:190} INFO - [2024-10-28T00:19:29.329+0000] {dagbag.py:588} INFO - Filling up the DagBag from /home/airflow/.local/lib/python3.12/site-packages/airflow/example_dags/example_local_kubernetes_executor.py
[2024-10-28T00:19:29.344+0000] {processor.py:925} INFO - DAG(s) 'example_local_kubernetes_executor' retrieved from /home/airflow/.local/lib/python3.12/site-packages/airflow/example_dags/example_local_kubernetes_executor.py
[2024-10-28T00:19:29.391+0000] {logging_mixin.py:190} INFO - [2024-10-28T00:19:29.391+0000] {dag.py:3239} INFO - Sync 1 DAGs
[2024-10-28T00:19:29.411+0000] {logging_mixin.py:190} INFO - [2024-10-28T00:19:29.410+0000] {dag.py:4180} INFO - Setting next_dagrun for example_local_kubernetes_executor to None, run_after=None
[2024-10-28T00:19:29.437+0000] {processor.py:208} INFO - Processing /home/airflow/.local/lib/python3.12/site-packages/airflow/example_dags/example_local_kubernetes_executor.py took 0.119 seconds
[2024-10-28T00:20:00.035+0000] {processor.py:186} INFO - Started process (PID=48058) to work on /home/airflow/.local/lib/python3.12/site-packages/airflow/example_dags/example_local_kubernetes_executor.py
[2024-10-28T00:20:00.036+0000] {processor.py:914} INFO - Processing file /home/airflow/.local/lib/python3.12/site-packages/airflow/example_dags/example_local_kubernetes_executor.py for tasks to queue
[2024-10-28T00:20:00.038+0000] {logging_mixin.py:190} INFO - [2024-10-28T00:20:00.037+0000] {dagbag.py:588} INFO - Filling up the DagBag from /home/airflow/.local/lib/python3.12/site-packages/airflow/example_dags/example_local_kubernetes_executor.py
[2024-10-28T00:20:00.057+0000] {processor.py:925} INFO - DAG(s) 'example_local_kubernetes_executor' retrieved from /home/airflow/.local/lib/python3.12/site-packages/airflow/example_dags/example_local_kubernetes_executor.py
[2024-10-28T00:20:00.104+0000] {logging_mixin.py:190} INFO - [2024-10-28T00:20:00.103+0000] {dag.py:3239} INFO - Sync 1 DAGs
[2024-10-28T00:20:00.125+0000] {logging_mixin.py:190} INFO - [2024-10-28T00:20:00.124+0000] {dag.py:4180} INFO - Setting next_dagrun for example_local_kubernetes_executor to None, run_after=None
[2024-10-28T00:20:00.155+0000] {processor.py:208} INFO - Processing /home/airflow/.local/lib/python3.12/site-packages/airflow/example_dags/example_local_kubernetes_executor.py took 0.128 seconds
[2024-10-28T00:20:30.415+0000] {processor.py:186} INFO - Started process (PID=48132) to work on /home/airflow/.local/lib/python3.12/site-packages/airflow/example_dags/example_local_kubernetes_executor.py
[2024-10-28T00:20:30.416+0000] {processor.py:914} INFO - Processing file /home/airflow/.local/lib/python3.12/site-packages/airflow/example_dags/example_local_kubernetes_executor.py for tasks to queue
[2024-10-28T00:20:30.418+0000] {logging_mixin.py:190} INFO - [2024-10-28T00:20:30.417+0000] {dagbag.py:588} INFO - Filling up the DagBag from /home/airflow/.local/lib/python3.12/site-packages/airflow/example_dags/example_local_kubernetes_executor.py
[2024-10-28T00:20:30.432+0000] {processor.py:925} INFO - DAG(s) 'example_local_kubernetes_executor' retrieved from /home/airflow/.local/lib/python3.12/site-packages/airflow/example_dags/example_local_kubernetes_executor.py
[2024-10-28T00:20:30.478+0000] {logging_mixin.py:190} INFO - [2024-10-28T00:20:30.478+0000] {dag.py:3239} INFO - Sync 1 DAGs
[2024-10-28T00:20:30.495+0000] {logging_mixin.py:190} INFO - [2024-10-28T00:20:30.495+0000] {dag.py:4180} INFO - Setting next_dagrun for example_local_kubernetes_executor to None, run_after=None
[2024-10-28T00:20:30.517+0000] {processor.py:208} INFO - Processing /home/airflow/.local/lib/python3.12/site-packages/airflow/example_dags/example_local_kubernetes_executor.py took 0.109 seconds
[2024-10-28T00:21:01.022+0000] {processor.py:186} INFO - Started process (PID=48206) to work on /home/airflow/.local/lib/python3.12/site-packages/airflow/example_dags/example_local_kubernetes_executor.py
[2024-10-28T00:21:01.023+0000] {processor.py:914} INFO - Processing file /home/airflow/.local/lib/python3.12/site-packages/airflow/example_dags/example_local_kubernetes_executor.py for tasks to queue
[2024-10-28T00:21:01.024+0000] {logging_mixin.py:190} INFO - [2024-10-28T00:21:01.024+0000] {dagbag.py:588} INFO - Filling up the DagBag from /home/airflow/.local/lib/python3.12/site-packages/airflow/example_dags/example_local_kubernetes_executor.py
[2024-10-28T00:21:01.037+0000] {processor.py:925} INFO - DAG(s) 'example_local_kubernetes_executor' retrieved from /home/airflow/.local/lib/python3.12/site-packages/airflow/example_dags/example_local_kubernetes_executor.py
[2024-10-28T00:21:01.080+0000] {logging_mixin.py:190} INFO - [2024-10-28T00:21:01.079+0000] {dag.py:3239} INFO - Sync 1 DAGs
[2024-10-28T00:21:01.097+0000] {logging_mixin.py:190} INFO - [2024-10-28T00:21:01.097+0000] {dag.py:4180} INFO - Setting next_dagrun for example_local_kubernetes_executor to None, run_after=None
[2024-10-28T00:21:01.125+0000] {processor.py:208} INFO - Processing /home/airflow/.local/lib/python3.12/site-packages/airflow/example_dags/example_local_kubernetes_executor.py took 0.111 seconds
[2024-10-28T00:21:31.712+0000] {processor.py:186} INFO - Started process (PID=48280) to work on /home/airflow/.local/lib/python3.12/site-packages/airflow/example_dags/example_local_kubernetes_executor.py
[2024-10-28T00:21:31.714+0000] {processor.py:914} INFO - Processing file /home/airflow/.local/lib/python3.12/site-packages/airflow/example_dags/example_local_kubernetes_executor.py for tasks to queue
[2024-10-28T00:21:31.715+0000] {logging_mixin.py:190} INFO - [2024-10-28T00:21:31.715+0000] {dagbag.py:588} INFO - Filling up the DagBag from /home/airflow/.local/lib/python3.12/site-packages/airflow/example_dags/example_local_kubernetes_executor.py
[2024-10-28T00:21:31.723+0000] {processor.py:925} INFO - DAG(s) 'example_local_kubernetes_executor' retrieved from /home/airflow/.local/lib/python3.12/site-packages/airflow/example_dags/example_local_kubernetes_executor.py
[2024-10-28T00:21:31.758+0000] {logging_mixin.py:190} INFO - [2024-10-28T00:21:31.758+0000] {dag.py:3239} INFO - Sync 1 DAGs
[2024-10-28T00:21:31.773+0000] {logging_mixin.py:190} INFO - [2024-10-28T00:21:31.773+0000] {dag.py:4180} INFO - Setting next_dagrun for example_local_kubernetes_executor to None, run_after=None
[2024-10-28T00:21:31.793+0000] {processor.py:208} INFO - Processing /home/airflow/.local/lib/python3.12/site-packages/airflow/example_dags/example_local_kubernetes_executor.py took 0.087 seconds
[2024-10-28T00:22:02.217+0000] {processor.py:186} INFO - Started process (PID=48354) to work on /home/airflow/.local/lib/python3.12/site-packages/airflow/example_dags/example_local_kubernetes_executor.py
[2024-10-28T00:22:02.218+0000] {processor.py:914} INFO - Processing file /home/airflow/.local/lib/python3.12/site-packages/airflow/example_dags/example_local_kubernetes_executor.py for tasks to queue
[2024-10-28T00:22:02.220+0000] {logging_mixin.py:190} INFO - [2024-10-28T00:22:02.220+0000] {dagbag.py:588} INFO - Filling up the DagBag from /home/airflow/.local/lib/python3.12/site-packages/airflow/example_dags/example_local_kubernetes_executor.py
[2024-10-28T00:22:02.233+0000] {processor.py:925} INFO - DAG(s) 'example_local_kubernetes_executor' retrieved from /home/airflow/.local/lib/python3.12/site-packages/airflow/example_dags/example_local_kubernetes_executor.py
[2024-10-28T00:22:02.280+0000] {logging_mixin.py:190} INFO - [2024-10-28T00:22:02.280+0000] {dag.py:3239} INFO - Sync 1 DAGs
[2024-10-28T00:22:02.299+0000] {logging_mixin.py:190} INFO - [2024-10-28T00:22:02.299+0000] {dag.py:4180} INFO - Setting next_dagrun for example_local_kubernetes_executor to None, run_after=None
[2024-10-28T00:22:02.329+0000] {processor.py:208} INFO - Processing /home/airflow/.local/lib/python3.12/site-packages/airflow/example_dags/example_local_kubernetes_executor.py took 0.119 seconds
[2024-10-28T00:22:32.525+0000] {processor.py:186} INFO - Started process (PID=48428) to work on /home/airflow/.local/lib/python3.12/site-packages/airflow/example_dags/example_local_kubernetes_executor.py
[2024-10-28T00:22:32.526+0000] {processor.py:914} INFO - Processing file /home/airflow/.local/lib/python3.12/site-packages/airflow/example_dags/example_local_kubernetes_executor.py for tasks to queue
[2024-10-28T00:22:32.528+0000] {logging_mixin.py:190} INFO - [2024-10-28T00:22:32.527+0000] {dagbag.py:588} INFO - Filling up the DagBag from /home/airflow/.local/lib/python3.12/site-packages/airflow/example_dags/example_local_kubernetes_executor.py
[2024-10-28T00:22:32.537+0000] {processor.py:925} INFO - DAG(s) 'example_local_kubernetes_executor' retrieved from /home/airflow/.local/lib/python3.12/site-packages/airflow/example_dags/example_local_kubernetes_executor.py
[2024-10-28T00:22:32.573+0000] {logging_mixin.py:190} INFO - [2024-10-28T00:22:32.573+0000] {dag.py:3239} INFO - Sync 1 DAGs
[2024-10-28T00:22:32.590+0000] {logging_mixin.py:190} INFO - [2024-10-28T00:22:32.589+0000] {dag.py:4180} INFO - Setting next_dagrun for example_local_kubernetes_executor to None, run_after=None
[2024-10-28T00:22:32.609+0000] {processor.py:208} INFO - Processing /home/airflow/.local/lib/python3.12/site-packages/airflow/example_dags/example_local_kubernetes_executor.py took 0.090 seconds
[2024-10-28T00:23:03.021+0000] {processor.py:186} INFO - Started process (PID=48502) to work on /home/airflow/.local/lib/python3.12/site-packages/airflow/example_dags/example_local_kubernetes_executor.py
[2024-10-28T00:23:03.022+0000] {processor.py:914} INFO - Processing file /home/airflow/.local/lib/python3.12/site-packages/airflow/example_dags/example_local_kubernetes_executor.py for tasks to queue
[2024-10-28T00:23:03.023+0000] {logging_mixin.py:190} INFO - [2024-10-28T00:23:03.023+0000] {dagbag.py:588} INFO - Filling up the DagBag from /home/airflow/.local/lib/python3.12/site-packages/airflow/example_dags/example_local_kubernetes_executor.py
[2024-10-28T00:23:03.033+0000] {processor.py:925} INFO - DAG(s) 'example_local_kubernetes_executor' retrieved from /home/airflow/.local/lib/python3.12/site-packages/airflow/example_dags/example_local_kubernetes_executor.py
[2024-10-28T00:23:03.067+0000] {logging_mixin.py:190} INFO - [2024-10-28T00:23:03.067+0000] {dag.py:3239} INFO - Sync 1 DAGs
[2024-10-28T00:23:03.080+0000] {logging_mixin.py:190} INFO - [2024-10-28T00:23:03.080+0000] {dag.py:4180} INFO - Setting next_dagrun for example_local_kubernetes_executor to None, run_after=None
[2024-10-28T00:23:03.099+0000] {processor.py:208} INFO - Processing /home/airflow/.local/lib/python3.12/site-packages/airflow/example_dags/example_local_kubernetes_executor.py took 0.084 seconds
[2024-10-28T00:23:33.223+0000] {processor.py:186} INFO - Started process (PID=48576) to work on /home/airflow/.local/lib/python3.12/site-packages/airflow/example_dags/example_local_kubernetes_executor.py
[2024-10-28T00:23:33.224+0000] {processor.py:914} INFO - Processing file /home/airflow/.local/lib/python3.12/site-packages/airflow/example_dags/example_local_kubernetes_executor.py for tasks to queue
[2024-10-28T00:23:33.226+0000] {logging_mixin.py:190} INFO - [2024-10-28T00:23:33.225+0000] {dagbag.py:588} INFO - Filling up the DagBag from /home/airflow/.local/lib/python3.12/site-packages/airflow/example_dags/example_local_kubernetes_executor.py
[2024-10-28T00:23:33.237+0000] {processor.py:925} INFO - DAG(s) 'example_local_kubernetes_executor' retrieved from /home/airflow/.local/lib/python3.12/site-packages/airflow/example_dags/example_local_kubernetes_executor.py
[2024-10-28T00:23:33.276+0000] {logging_mixin.py:190} INFO - [2024-10-28T00:23:33.276+0000] {dag.py:3239} INFO - Sync 1 DAGs
[2024-10-28T00:23:33.293+0000] {logging_mixin.py:190} INFO - [2024-10-28T00:23:33.293+0000] {dag.py:4180} INFO - Setting next_dagrun for example_local_kubernetes_executor to None, run_after=None
[2024-10-28T00:23:33.324+0000] {processor.py:208} INFO - Processing /home/airflow/.local/lib/python3.12/site-packages/airflow/example_dags/example_local_kubernetes_executor.py took 0.106 seconds
[2024-10-28T00:24:04.199+0000] {processor.py:186} INFO - Started process (PID=48650) to work on /home/airflow/.local/lib/python3.12/site-packages/airflow/example_dags/example_local_kubernetes_executor.py
[2024-10-28T00:24:04.200+0000] {processor.py:914} INFO - Processing file /home/airflow/.local/lib/python3.12/site-packages/airflow/example_dags/example_local_kubernetes_executor.py for tasks to queue
[2024-10-28T00:24:04.201+0000] {logging_mixin.py:190} INFO - [2024-10-28T00:24:04.201+0000] {dagbag.py:588} INFO - Filling up the DagBag from /home/airflow/.local/lib/python3.12/site-packages/airflow/example_dags/example_local_kubernetes_executor.py
[2024-10-28T00:24:04.211+0000] {processor.py:925} INFO - DAG(s) 'example_local_kubernetes_executor' retrieved from /home/airflow/.local/lib/python3.12/site-packages/airflow/example_dags/example_local_kubernetes_executor.py
[2024-10-28T00:24:04.249+0000] {logging_mixin.py:190} INFO - [2024-10-28T00:24:04.248+0000] {dag.py:3239} INFO - Sync 1 DAGs
[2024-10-28T00:24:04.263+0000] {logging_mixin.py:190} INFO - [2024-10-28T00:24:04.262+0000] {dag.py:4180} INFO - Setting next_dagrun for example_local_kubernetes_executor to None, run_after=None
[2024-10-28T00:24:04.284+0000] {processor.py:208} INFO - Processing /home/airflow/.local/lib/python3.12/site-packages/airflow/example_dags/example_local_kubernetes_executor.py took 0.091 seconds
[2024-10-28T00:24:35.159+0000] {processor.py:186} INFO - Started process (PID=48724) to work on /home/airflow/.local/lib/python3.12/site-packages/airflow/example_dags/example_local_kubernetes_executor.py
[2024-10-28T00:24:35.160+0000] {processor.py:914} INFO - Processing file /home/airflow/.local/lib/python3.12/site-packages/airflow/example_dags/example_local_kubernetes_executor.py for tasks to queue
[2024-10-28T00:24:35.161+0000] {logging_mixin.py:190} INFO - [2024-10-28T00:24:35.161+0000] {dagbag.py:588} INFO - Filling up the DagBag from /home/airflow/.local/lib/python3.12/site-packages/airflow/example_dags/example_local_kubernetes_executor.py
[2024-10-28T00:24:35.171+0000] {processor.py:925} INFO - DAG(s) 'example_local_kubernetes_executor' retrieved from /home/airflow/.local/lib/python3.12/site-packages/airflow/example_dags/example_local_kubernetes_executor.py
[2024-10-28T00:24:35.212+0000] {logging_mixin.py:190} INFO - [2024-10-28T00:24:35.212+0000] {dag.py:3239} INFO - Sync 1 DAGs
[2024-10-28T00:24:35.229+0000] {logging_mixin.py:190} INFO - [2024-10-28T00:24:35.229+0000] {dag.py:4180} INFO - Setting next_dagrun for example_local_kubernetes_executor to None, run_after=None
[2024-10-28T00:24:35.261+0000] {processor.py:208} INFO - Processing /home/airflow/.local/lib/python3.12/site-packages/airflow/example_dags/example_local_kubernetes_executor.py took 0.110 seconds
[2024-10-28T00:25:05.805+0000] {processor.py:186} INFO - Started process (PID=48798) to work on /home/airflow/.local/lib/python3.12/site-packages/airflow/example_dags/example_local_kubernetes_executor.py
[2024-10-28T00:25:05.806+0000] {processor.py:914} INFO - Processing file /home/airflow/.local/lib/python3.12/site-packages/airflow/example_dags/example_local_kubernetes_executor.py for tasks to queue
[2024-10-28T00:25:05.808+0000] {logging_mixin.py:190} INFO - [2024-10-28T00:25:05.808+0000] {dagbag.py:588} INFO - Filling up the DagBag from /home/airflow/.local/lib/python3.12/site-packages/airflow/example_dags/example_local_kubernetes_executor.py
[2024-10-28T00:25:05.819+0000] {processor.py:925} INFO - DAG(s) 'example_local_kubernetes_executor' retrieved from /home/airflow/.local/lib/python3.12/site-packages/airflow/example_dags/example_local_kubernetes_executor.py
[2024-10-28T00:25:06.033+0000] {logging_mixin.py:190} INFO - [2024-10-28T00:25:06.033+0000] {dag.py:3239} INFO - Sync 1 DAGs
[2024-10-28T00:25:06.049+0000] {logging_mixin.py:190} INFO - [2024-10-28T00:25:06.049+0000] {dag.py:4180} INFO - Setting next_dagrun for example_local_kubernetes_executor to None, run_after=None
[2024-10-28T00:25:06.072+0000] {processor.py:208} INFO - Processing /home/airflow/.local/lib/python3.12/site-packages/airflow/example_dags/example_local_kubernetes_executor.py took 0.274 seconds
[2024-10-28T00:25:36.752+0000] {processor.py:186} INFO - Started process (PID=48872) to work on /home/airflow/.local/lib/python3.12/site-packages/airflow/example_dags/example_local_kubernetes_executor.py
[2024-10-28T00:25:36.753+0000] {processor.py:914} INFO - Processing file /home/airflow/.local/lib/python3.12/site-packages/airflow/example_dags/example_local_kubernetes_executor.py for tasks to queue
[2024-10-28T00:25:36.754+0000] {logging_mixin.py:190} INFO - [2024-10-28T00:25:36.754+0000] {dagbag.py:588} INFO - Filling up the DagBag from /home/airflow/.local/lib/python3.12/site-packages/airflow/example_dags/example_local_kubernetes_executor.py
[2024-10-28T00:25:36.763+0000] {processor.py:925} INFO - DAG(s) 'example_local_kubernetes_executor' retrieved from /home/airflow/.local/lib/python3.12/site-packages/airflow/example_dags/example_local_kubernetes_executor.py
[2024-10-28T00:25:36.947+0000] {logging_mixin.py:190} INFO - [2024-10-28T00:25:36.946+0000] {dag.py:3239} INFO - Sync 1 DAGs
[2024-10-28T00:25:36.963+0000] {logging_mixin.py:190} INFO - [2024-10-28T00:25:36.963+0000] {dag.py:4180} INFO - Setting next_dagrun for example_local_kubernetes_executor to None, run_after=None
[2024-10-28T00:25:36.984+0000] {processor.py:208} INFO - Processing /home/airflow/.local/lib/python3.12/site-packages/airflow/example_dags/example_local_kubernetes_executor.py took 0.238 seconds
[2024-10-28T00:26:07.224+0000] {processor.py:186} INFO - Started process (PID=48946) to work on /home/airflow/.local/lib/python3.12/site-packages/airflow/example_dags/example_local_kubernetes_executor.py
[2024-10-28T00:26:07.226+0000] {processor.py:914} INFO - Processing file /home/airflow/.local/lib/python3.12/site-packages/airflow/example_dags/example_local_kubernetes_executor.py for tasks to queue
[2024-10-28T00:26:07.227+0000] {logging_mixin.py:190} INFO - [2024-10-28T00:26:07.227+0000] {dagbag.py:588} INFO - Filling up the DagBag from /home/airflow/.local/lib/python3.12/site-packages/airflow/example_dags/example_local_kubernetes_executor.py
[2024-10-28T00:26:07.236+0000] {processor.py:925} INFO - DAG(s) 'example_local_kubernetes_executor' retrieved from /home/airflow/.local/lib/python3.12/site-packages/airflow/example_dags/example_local_kubernetes_executor.py
[2024-10-28T00:26:07.416+0000] {logging_mixin.py:190} INFO - [2024-10-28T00:26:07.416+0000] {dag.py:3239} INFO - Sync 1 DAGs
[2024-10-28T00:26:07.432+0000] {logging_mixin.py:190} INFO - [2024-10-28T00:26:07.431+0000] {dag.py:4180} INFO - Setting next_dagrun for example_local_kubernetes_executor to None, run_after=None
[2024-10-28T00:26:07.456+0000] {processor.py:208} INFO - Processing /home/airflow/.local/lib/python3.12/site-packages/airflow/example_dags/example_local_kubernetes_executor.py took 0.237 seconds
[2024-10-28T00:26:38.157+0000] {processor.py:186} INFO - Started process (PID=49026) to work on /home/airflow/.local/lib/python3.12/site-packages/airflow/example_dags/example_local_kubernetes_executor.py
[2024-10-28T00:26:38.158+0000] {processor.py:914} INFO - Processing file /home/airflow/.local/lib/python3.12/site-packages/airflow/example_dags/example_local_kubernetes_executor.py for tasks to queue
[2024-10-28T00:26:38.160+0000] {logging_mixin.py:190} INFO - [2024-10-28T00:26:38.159+0000] {dagbag.py:588} INFO - Filling up the DagBag from /home/airflow/.local/lib/python3.12/site-packages/airflow/example_dags/example_local_kubernetes_executor.py
[2024-10-28T00:26:38.168+0000] {processor.py:925} INFO - DAG(s) 'example_local_kubernetes_executor' retrieved from /home/airflow/.local/lib/python3.12/site-packages/airflow/example_dags/example_local_kubernetes_executor.py
[2024-10-28T00:26:38.202+0000] {logging_mixin.py:190} INFO - [2024-10-28T00:26:38.202+0000] {dag.py:3239} INFO - Sync 1 DAGs
[2024-10-28T00:26:38.216+0000] {logging_mixin.py:190} INFO - [2024-10-28T00:26:38.216+0000] {dag.py:4180} INFO - Setting next_dagrun for example_local_kubernetes_executor to None, run_after=None
[2024-10-28T00:26:38.234+0000] {processor.py:208} INFO - Processing /home/airflow/.local/lib/python3.12/site-packages/airflow/example_dags/example_local_kubernetes_executor.py took 0.082 seconds
[2024-10-28T00:27:08.543+0000] {processor.py:186} INFO - Started process (PID=49100) to work on /home/airflow/.local/lib/python3.12/site-packages/airflow/example_dags/example_local_kubernetes_executor.py
[2024-10-28T00:27:08.544+0000] {processor.py:914} INFO - Processing file /home/airflow/.local/lib/python3.12/site-packages/airflow/example_dags/example_local_kubernetes_executor.py for tasks to queue
[2024-10-28T00:27:08.545+0000] {logging_mixin.py:190} INFO - [2024-10-28T00:27:08.545+0000] {dagbag.py:588} INFO - Filling up the DagBag from /home/airflow/.local/lib/python3.12/site-packages/airflow/example_dags/example_local_kubernetes_executor.py
[2024-10-28T00:27:08.556+0000] {processor.py:925} INFO - DAG(s) 'example_local_kubernetes_executor' retrieved from /home/airflow/.local/lib/python3.12/site-packages/airflow/example_dags/example_local_kubernetes_executor.py
[2024-10-28T00:27:08.594+0000] {logging_mixin.py:190} INFO - [2024-10-28T00:27:08.593+0000] {dag.py:3239} INFO - Sync 1 DAGs
[2024-10-28T00:27:08.609+0000] {logging_mixin.py:190} INFO - [2024-10-28T00:27:08.609+0000] {dag.py:4180} INFO - Setting next_dagrun for example_local_kubernetes_executor to None, run_after=None
[2024-10-28T00:27:08.627+0000] {processor.py:208} INFO - Processing /home/airflow/.local/lib/python3.12/site-packages/airflow/example_dags/example_local_kubernetes_executor.py took 0.090 seconds
[2024-10-28T00:27:39.445+0000] {processor.py:186} INFO - Started process (PID=49174) to work on /home/airflow/.local/lib/python3.12/site-packages/airflow/example_dags/example_local_kubernetes_executor.py
[2024-10-28T00:27:39.446+0000] {processor.py:914} INFO - Processing file /home/airflow/.local/lib/python3.12/site-packages/airflow/example_dags/example_local_kubernetes_executor.py for tasks to queue
[2024-10-28T00:27:39.448+0000] {logging_mixin.py:190} INFO - [2024-10-28T00:27:39.447+0000] {dagbag.py:588} INFO - Filling up the DagBag from /home/airflow/.local/lib/python3.12/site-packages/airflow/example_dags/example_local_kubernetes_executor.py
[2024-10-28T00:27:39.456+0000] {processor.py:925} INFO - DAG(s) 'example_local_kubernetes_executor' retrieved from /home/airflow/.local/lib/python3.12/site-packages/airflow/example_dags/example_local_kubernetes_executor.py
[2024-10-28T00:27:39.490+0000] {logging_mixin.py:190} INFO - [2024-10-28T00:27:39.490+0000] {dag.py:3239} INFO - Sync 1 DAGs
[2024-10-28T00:27:39.506+0000] {logging_mixin.py:190} INFO - [2024-10-28T00:27:39.506+0000] {dag.py:4180} INFO - Setting next_dagrun for example_local_kubernetes_executor to None, run_after=None
[2024-10-28T00:27:39.524+0000] {processor.py:208} INFO - Processing /home/airflow/.local/lib/python3.12/site-packages/airflow/example_dags/example_local_kubernetes_executor.py took 0.084 seconds
[2024-10-28T00:28:09.575+0000] {processor.py:186} INFO - Started process (PID=49247) to work on /home/airflow/.local/lib/python3.12/site-packages/airflow/example_dags/example_local_kubernetes_executor.py
[2024-10-28T00:28:09.578+0000] {processor.py:914} INFO - Processing file /home/airflow/.local/lib/python3.12/site-packages/airflow/example_dags/example_local_kubernetes_executor.py for tasks to queue
[2024-10-28T00:28:09.580+0000] {logging_mixin.py:190} INFO - [2024-10-28T00:28:09.580+0000] {dagbag.py:588} INFO - Filling up the DagBag from /home/airflow/.local/lib/python3.12/site-packages/airflow/example_dags/example_local_kubernetes_executor.py
[2024-10-28T00:28:09.589+0000] {processor.py:925} INFO - DAG(s) 'example_local_kubernetes_executor' retrieved from /home/airflow/.local/lib/python3.12/site-packages/airflow/example_dags/example_local_kubernetes_executor.py
[2024-10-28T00:28:09.633+0000] {logging_mixin.py:190} INFO - [2024-10-28T00:28:09.633+0000] {dag.py:3239} INFO - Sync 1 DAGs
[2024-10-28T00:28:09.651+0000] {logging_mixin.py:190} INFO - [2024-10-28T00:28:09.651+0000] {dag.py:4180} INFO - Setting next_dagrun for example_local_kubernetes_executor to None, run_after=None
[2024-10-28T00:28:09.674+0000] {processor.py:208} INFO - Processing /home/airflow/.local/lib/python3.12/site-packages/airflow/example_dags/example_local_kubernetes_executor.py took 0.105 seconds
[2024-10-28T00:28:40.137+0000] {processor.py:186} INFO - Started process (PID=49322) to work on /home/airflow/.local/lib/python3.12/site-packages/airflow/example_dags/example_local_kubernetes_executor.py
[2024-10-28T00:28:40.139+0000] {processor.py:914} INFO - Processing file /home/airflow/.local/lib/python3.12/site-packages/airflow/example_dags/example_local_kubernetes_executor.py for tasks to queue
[2024-10-28T00:28:40.140+0000] {logging_mixin.py:190} INFO - [2024-10-28T00:28:40.140+0000] {dagbag.py:588} INFO - Filling up the DagBag from /home/airflow/.local/lib/python3.12/site-packages/airflow/example_dags/example_local_kubernetes_executor.py
[2024-10-28T00:28:40.149+0000] {processor.py:925} INFO - DAG(s) 'example_local_kubernetes_executor' retrieved from /home/airflow/.local/lib/python3.12/site-packages/airflow/example_dags/example_local_kubernetes_executor.py
[2024-10-28T00:28:40.184+0000] {logging_mixin.py:190} INFO - [2024-10-28T00:28:40.184+0000] {dag.py:3239} INFO - Sync 1 DAGs
[2024-10-28T00:28:40.198+0000] {logging_mixin.py:190} INFO - [2024-10-28T00:28:40.198+0000] {dag.py:4180} INFO - Setting next_dagrun for example_local_kubernetes_executor to None, run_after=None
[2024-10-28T00:28:40.216+0000] {processor.py:208} INFO - Processing /home/airflow/.local/lib/python3.12/site-packages/airflow/example_dags/example_local_kubernetes_executor.py took 0.084 seconds
[2024-10-28T00:29:11.021+0000] {processor.py:186} INFO - Started process (PID=49396) to work on /home/airflow/.local/lib/python3.12/site-packages/airflow/example_dags/example_local_kubernetes_executor.py
[2024-10-28T00:29:11.022+0000] {processor.py:914} INFO - Processing file /home/airflow/.local/lib/python3.12/site-packages/airflow/example_dags/example_local_kubernetes_executor.py for tasks to queue
[2024-10-28T00:29:11.023+0000] {logging_mixin.py:190} INFO - [2024-10-28T00:29:11.023+0000] {dagbag.py:588} INFO - Filling up the DagBag from /home/airflow/.local/lib/python3.12/site-packages/airflow/example_dags/example_local_kubernetes_executor.py
[2024-10-28T00:29:11.034+0000] {processor.py:925} INFO - DAG(s) 'example_local_kubernetes_executor' retrieved from /home/airflow/.local/lib/python3.12/site-packages/airflow/example_dags/example_local_kubernetes_executor.py
[2024-10-28T00:29:11.071+0000] {logging_mixin.py:190} INFO - [2024-10-28T00:29:11.070+0000] {dag.py:3239} INFO - Sync 1 DAGs
[2024-10-28T00:29:11.085+0000] {logging_mixin.py:190} INFO - [2024-10-28T00:29:11.085+0000] {dag.py:4180} INFO - Setting next_dagrun for example_local_kubernetes_executor to None, run_after=None
[2024-10-28T00:29:11.105+0000] {processor.py:208} INFO - Processing /home/airflow/.local/lib/python3.12/site-packages/airflow/example_dags/example_local_kubernetes_executor.py took 0.091 seconds
[2024-10-28T00:29:41.840+0000] {processor.py:186} INFO - Started process (PID=49470) to work on /home/airflow/.local/lib/python3.12/site-packages/airflow/example_dags/example_local_kubernetes_executor.py
[2024-10-28T00:29:41.841+0000] {processor.py:914} INFO - Processing file /home/airflow/.local/lib/python3.12/site-packages/airflow/example_dags/example_local_kubernetes_executor.py for tasks to queue
[2024-10-28T00:29:41.842+0000] {logging_mixin.py:190} INFO - [2024-10-28T00:29:41.842+0000] {dagbag.py:588} INFO - Filling up the DagBag from /home/airflow/.local/lib/python3.12/site-packages/airflow/example_dags/example_local_kubernetes_executor.py
[2024-10-28T00:29:41.852+0000] {processor.py:925} INFO - DAG(s) 'example_local_kubernetes_executor' retrieved from /home/airflow/.local/lib/python3.12/site-packages/airflow/example_dags/example_local_kubernetes_executor.py
[2024-10-28T00:29:41.887+0000] {logging_mixin.py:190} INFO - [2024-10-28T00:29:41.886+0000] {dag.py:3239} INFO - Sync 1 DAGs
[2024-10-28T00:29:41.901+0000] {logging_mixin.py:190} INFO - [2024-10-28T00:29:41.901+0000] {dag.py:4180} INFO - Setting next_dagrun for example_local_kubernetes_executor to None, run_after=None
[2024-10-28T00:29:41.919+0000] {processor.py:208} INFO - Processing /home/airflow/.local/lib/python3.12/site-packages/airflow/example_dags/example_local_kubernetes_executor.py took 0.085 seconds
[2024-10-28T00:30:12.755+0000] {processor.py:186} INFO - Started process (PID=49544) to work on /home/airflow/.local/lib/python3.12/site-packages/airflow/example_dags/example_local_kubernetes_executor.py
[2024-10-28T00:30:12.756+0000] {processor.py:914} INFO - Processing file /home/airflow/.local/lib/python3.12/site-packages/airflow/example_dags/example_local_kubernetes_executor.py for tasks to queue
[2024-10-28T00:30:12.758+0000] {logging_mixin.py:190} INFO - [2024-10-28T00:30:12.758+0000] {dagbag.py:588} INFO - Filling up the DagBag from /home/airflow/.local/lib/python3.12/site-packages/airflow/example_dags/example_local_kubernetes_executor.py
[2024-10-28T00:30:12.767+0000] {processor.py:925} INFO - DAG(s) 'example_local_kubernetes_executor' retrieved from /home/airflow/.local/lib/python3.12/site-packages/airflow/example_dags/example_local_kubernetes_executor.py
[2024-10-28T00:30:12.800+0000] {logging_mixin.py:190} INFO - [2024-10-28T00:30:12.800+0000] {dag.py:3239} INFO - Sync 1 DAGs
[2024-10-28T00:30:12.815+0000] {logging_mixin.py:190} INFO - [2024-10-28T00:30:12.815+0000] {dag.py:4180} INFO - Setting next_dagrun for example_local_kubernetes_executor to None, run_after=None
[2024-10-28T00:30:12.833+0000] {processor.py:208} INFO - Processing /home/airflow/.local/lib/python3.12/site-packages/airflow/example_dags/example_local_kubernetes_executor.py took 0.083 seconds
[2024-10-28T00:30:43.644+0000] {processor.py:186} INFO - Started process (PID=49618) to work on /home/airflow/.local/lib/python3.12/site-packages/airflow/example_dags/example_local_kubernetes_executor.py
[2024-10-28T00:30:43.645+0000] {processor.py:914} INFO - Processing file /home/airflow/.local/lib/python3.12/site-packages/airflow/example_dags/example_local_kubernetes_executor.py for tasks to queue
[2024-10-28T00:30:43.647+0000] {logging_mixin.py:190} INFO - [2024-10-28T00:30:43.647+0000] {dagbag.py:588} INFO - Filling up the DagBag from /home/airflow/.local/lib/python3.12/site-packages/airflow/example_dags/example_local_kubernetes_executor.py
[2024-10-28T00:30:43.656+0000] {processor.py:925} INFO - DAG(s) 'example_local_kubernetes_executor' retrieved from /home/airflow/.local/lib/python3.12/site-packages/airflow/example_dags/example_local_kubernetes_executor.py
[2024-10-28T00:30:43.689+0000] {logging_mixin.py:190} INFO - [2024-10-28T00:30:43.689+0000] {dag.py:3239} INFO - Sync 1 DAGs
[2024-10-28T00:30:43.704+0000] {logging_mixin.py:190} INFO - [2024-10-28T00:30:43.704+0000] {dag.py:4180} INFO - Setting next_dagrun for example_local_kubernetes_executor to None, run_after=None
[2024-10-28T00:30:43.722+0000] {processor.py:208} INFO - Processing /home/airflow/.local/lib/python3.12/site-packages/airflow/example_dags/example_local_kubernetes_executor.py took 0.084 seconds
[2024-10-28T00:31:14.393+0000] {processor.py:186} INFO - Started process (PID=49692) to work on /home/airflow/.local/lib/python3.12/site-packages/airflow/example_dags/example_local_kubernetes_executor.py
[2024-10-28T00:31:14.394+0000] {processor.py:914} INFO - Processing file /home/airflow/.local/lib/python3.12/site-packages/airflow/example_dags/example_local_kubernetes_executor.py for tasks to queue
[2024-10-28T00:31:14.397+0000] {logging_mixin.py:190} INFO - [2024-10-28T00:31:14.396+0000] {dagbag.py:588} INFO - Filling up the DagBag from /home/airflow/.local/lib/python3.12/site-packages/airflow/example_dags/example_local_kubernetes_executor.py
[2024-10-28T00:31:14.415+0000] {processor.py:925} INFO - DAG(s) 'example_local_kubernetes_executor' retrieved from /home/airflow/.local/lib/python3.12/site-packages/airflow/example_dags/example_local_kubernetes_executor.py
[2024-10-28T00:31:14.454+0000] {logging_mixin.py:190} INFO - [2024-10-28T00:31:14.454+0000] {dag.py:3239} INFO - Sync 1 DAGs
[2024-10-28T00:31:14.468+0000] {logging_mixin.py:190} INFO - [2024-10-28T00:31:14.468+0000] {dag.py:4180} INFO - Setting next_dagrun for example_local_kubernetes_executor to None, run_after=None
[2024-10-28T00:31:14.490+0000] {processor.py:208} INFO - Processing /home/airflow/.local/lib/python3.12/site-packages/airflow/example_dags/example_local_kubernetes_executor.py took 0.105 seconds
[2024-10-28T00:31:44.538+0000] {processor.py:186} INFO - Started process (PID=49765) to work on /home/airflow/.local/lib/python3.12/site-packages/airflow/example_dags/example_local_kubernetes_executor.py
[2024-10-28T00:31:44.539+0000] {processor.py:914} INFO - Processing file /home/airflow/.local/lib/python3.12/site-packages/airflow/example_dags/example_local_kubernetes_executor.py for tasks to queue
[2024-10-28T00:31:44.540+0000] {logging_mixin.py:190} INFO - [2024-10-28T00:31:44.540+0000] {dagbag.py:588} INFO - Filling up the DagBag from /home/airflow/.local/lib/python3.12/site-packages/airflow/example_dags/example_local_kubernetes_executor.py
[2024-10-28T00:31:44.549+0000] {processor.py:925} INFO - DAG(s) 'example_local_kubernetes_executor' retrieved from /home/airflow/.local/lib/python3.12/site-packages/airflow/example_dags/example_local_kubernetes_executor.py
[2024-10-28T00:31:44.582+0000] {logging_mixin.py:190} INFO - [2024-10-28T00:31:44.582+0000] {dag.py:3239} INFO - Sync 1 DAGs
[2024-10-28T00:31:44.596+0000] {logging_mixin.py:190} INFO - [2024-10-28T00:31:44.596+0000] {dag.py:4180} INFO - Setting next_dagrun for example_local_kubernetes_executor to None, run_after=None
[2024-10-28T00:31:44.613+0000] {processor.py:208} INFO - Processing /home/airflow/.local/lib/python3.12/site-packages/airflow/example_dags/example_local_kubernetes_executor.py took 0.081 seconds
[2024-10-28T00:32:15.385+0000] {processor.py:186} INFO - Started process (PID=49840) to work on /home/airflow/.local/lib/python3.12/site-packages/airflow/example_dags/example_local_kubernetes_executor.py
[2024-10-28T00:32:15.386+0000] {processor.py:914} INFO - Processing file /home/airflow/.local/lib/python3.12/site-packages/airflow/example_dags/example_local_kubernetes_executor.py for tasks to queue
[2024-10-28T00:32:15.388+0000] {logging_mixin.py:190} INFO - [2024-10-28T00:32:15.388+0000] {dagbag.py:588} INFO - Filling up the DagBag from /home/airflow/.local/lib/python3.12/site-packages/airflow/example_dags/example_local_kubernetes_executor.py
[2024-10-28T00:32:15.399+0000] {processor.py:925} INFO - DAG(s) 'example_local_kubernetes_executor' retrieved from /home/airflow/.local/lib/python3.12/site-packages/airflow/example_dags/example_local_kubernetes_executor.py
[2024-10-28T00:32:15.437+0000] {logging_mixin.py:190} INFO - [2024-10-28T00:32:15.437+0000] {dag.py:3239} INFO - Sync 1 DAGs
[2024-10-28T00:32:15.452+0000] {logging_mixin.py:190} INFO - [2024-10-28T00:32:15.451+0000] {dag.py:4180} INFO - Setting next_dagrun for example_local_kubernetes_executor to None, run_after=None
[2024-10-28T00:32:15.473+0000] {processor.py:208} INFO - Processing /home/airflow/.local/lib/python3.12/site-packages/airflow/example_dags/example_local_kubernetes_executor.py took 0.093 seconds
[2024-10-28T00:32:46.238+0000] {processor.py:186} INFO - Started process (PID=49914) to work on /home/airflow/.local/lib/python3.12/site-packages/airflow/example_dags/example_local_kubernetes_executor.py
[2024-10-28T00:32:46.239+0000] {processor.py:914} INFO - Processing file /home/airflow/.local/lib/python3.12/site-packages/airflow/example_dags/example_local_kubernetes_executor.py for tasks to queue
[2024-10-28T00:32:46.241+0000] {logging_mixin.py:190} INFO - [2024-10-28T00:32:46.241+0000] {dagbag.py:588} INFO - Filling up the DagBag from /home/airflow/.local/lib/python3.12/site-packages/airflow/example_dags/example_local_kubernetes_executor.py
[2024-10-28T00:32:46.251+0000] {processor.py:925} INFO - DAG(s) 'example_local_kubernetes_executor' retrieved from /home/airflow/.local/lib/python3.12/site-packages/airflow/example_dags/example_local_kubernetes_executor.py
[2024-10-28T00:32:46.284+0000] {logging_mixin.py:190} INFO - [2024-10-28T00:32:46.283+0000] {dag.py:3239} INFO - Sync 1 DAGs
[2024-10-28T00:32:46.297+0000] {logging_mixin.py:190} INFO - [2024-10-28T00:32:46.297+0000] {dag.py:4180} INFO - Setting next_dagrun for example_local_kubernetes_executor to None, run_after=None
[2024-10-28T00:32:46.315+0000] {processor.py:208} INFO - Processing /home/airflow/.local/lib/python3.12/site-packages/airflow/example_dags/example_local_kubernetes_executor.py took 0.082 seconds
[2024-10-28T00:33:17.044+0000] {processor.py:186} INFO - Started process (PID=49988) to work on /home/airflow/.local/lib/python3.12/site-packages/airflow/example_dags/example_local_kubernetes_executor.py
[2024-10-28T00:33:17.045+0000] {processor.py:914} INFO - Processing file /home/airflow/.local/lib/python3.12/site-packages/airflow/example_dags/example_local_kubernetes_executor.py for tasks to queue
[2024-10-28T00:33:17.046+0000] {logging_mixin.py:190} INFO - [2024-10-28T00:33:17.046+0000] {dagbag.py:588} INFO - Filling up the DagBag from /home/airflow/.local/lib/python3.12/site-packages/airflow/example_dags/example_local_kubernetes_executor.py
[2024-10-28T00:33:17.055+0000] {processor.py:925} INFO - DAG(s) 'example_local_kubernetes_executor' retrieved from /home/airflow/.local/lib/python3.12/site-packages/airflow/example_dags/example_local_kubernetes_executor.py
[2024-10-28T00:33:17.089+0000] {logging_mixin.py:190} INFO - [2024-10-28T00:33:17.089+0000] {dag.py:3239} INFO - Sync 1 DAGs
[2024-10-28T00:33:17.103+0000] {logging_mixin.py:190} INFO - [2024-10-28T00:33:17.103+0000] {dag.py:4180} INFO - Setting next_dagrun for example_local_kubernetes_executor to None, run_after=None
[2024-10-28T00:33:17.121+0000] {processor.py:208} INFO - Processing /home/airflow/.local/lib/python3.12/site-packages/airflow/example_dags/example_local_kubernetes_executor.py took 0.083 seconds
[2024-10-28T00:33:47.847+0000] {processor.py:186} INFO - Started process (PID=50062) to work on /home/airflow/.local/lib/python3.12/site-packages/airflow/example_dags/example_local_kubernetes_executor.py
[2024-10-28T00:33:47.848+0000] {processor.py:914} INFO - Processing file /home/airflow/.local/lib/python3.12/site-packages/airflow/example_dags/example_local_kubernetes_executor.py for tasks to queue
[2024-10-28T00:33:47.849+0000] {logging_mixin.py:190} INFO - [2024-10-28T00:33:47.849+0000] {dagbag.py:588} INFO - Filling up the DagBag from /home/airflow/.local/lib/python3.12/site-packages/airflow/example_dags/example_local_kubernetes_executor.py
[2024-10-28T00:33:47.858+0000] {processor.py:925} INFO - DAG(s) 'example_local_kubernetes_executor' retrieved from /home/airflow/.local/lib/python3.12/site-packages/airflow/example_dags/example_local_kubernetes_executor.py
[2024-10-28T00:33:47.892+0000] {logging_mixin.py:190} INFO - [2024-10-28T00:33:47.892+0000] {dag.py:3239} INFO - Sync 1 DAGs
[2024-10-28T00:33:47.906+0000] {logging_mixin.py:190} INFO - [2024-10-28T00:33:47.905+0000] {dag.py:4180} INFO - Setting next_dagrun for example_local_kubernetes_executor to None, run_after=None
[2024-10-28T00:33:47.926+0000] {processor.py:208} INFO - Processing /home/airflow/.local/lib/python3.12/site-packages/airflow/example_dags/example_local_kubernetes_executor.py took 0.084 seconds
