[2024-10-28T00:00:26.181+0000] {processor.py:186} INFO - Started process (PID=45223) to work on /home/airflow/.local/lib/python3.12/site-packages/airflow/example_dags/example_time_delta_sensor_async.py
[2024-10-28T00:00:26.182+0000] {processor.py:914} INFO - Processing file /home/airflow/.local/lib/python3.12/site-packages/airflow/example_dags/example_time_delta_sensor_async.py for tasks to queue
[2024-10-28T00:00:26.184+0000] {logging_mixin.py:190} INFO - [2024-10-28T00:00:26.184+0000] {dagbag.py:588} INFO - Filling up the DagBag from /home/airflow/.local/lib/python3.12/site-packages/airflow/example_dags/example_time_delta_sensor_async.py
[2024-10-28T00:00:26.192+0000] {processor.py:925} INFO - DAG(s) 'example_time_delta_sensor_async' retrieved from /home/airflow/.local/lib/python3.12/site-packages/airflow/example_dags/example_time_delta_sensor_async.py
[2024-10-28T00:00:26.214+0000] {logging_mixin.py:190} INFO - [2024-10-28T00:00:26.213+0000] {dag.py:3239} INFO - Sync 1 DAGs
[2024-10-28T00:00:26.232+0000] {logging_mixin.py:190} INFO - [2024-10-28T00:00:26.232+0000] {dag.py:4180} INFO - Setting next_dagrun for example_time_delta_sensor_async to None, run_after=None
[2024-10-28T00:00:26.255+0000] {processor.py:208} INFO - Processing /home/airflow/.local/lib/python3.12/site-packages/airflow/example_dags/example_time_delta_sensor_async.py took 0.080 seconds
[2024-10-28T00:00:56.746+0000] {processor.py:186} INFO - Started process (PID=45297) to work on /home/airflow/.local/lib/python3.12/site-packages/airflow/example_dags/example_time_delta_sensor_async.py
[2024-10-28T00:00:56.747+0000] {processor.py:914} INFO - Processing file /home/airflow/.local/lib/python3.12/site-packages/airflow/example_dags/example_time_delta_sensor_async.py for tasks to queue
[2024-10-28T00:00:56.748+0000] {logging_mixin.py:190} INFO - [2024-10-28T00:00:56.748+0000] {dagbag.py:588} INFO - Filling up the DagBag from /home/airflow/.local/lib/python3.12/site-packages/airflow/example_dags/example_time_delta_sensor_async.py
[2024-10-28T00:00:56.754+0000] {processor.py:925} INFO - DAG(s) 'example_time_delta_sensor_async' retrieved from /home/airflow/.local/lib/python3.12/site-packages/airflow/example_dags/example_time_delta_sensor_async.py
[2024-10-28T00:00:56.775+0000] {logging_mixin.py:190} INFO - [2024-10-28T00:00:56.775+0000] {dag.py:3239} INFO - Sync 1 DAGs
[2024-10-28T00:00:56.790+0000] {logging_mixin.py:190} INFO - [2024-10-28T00:00:56.790+0000] {dag.py:4180} INFO - Setting next_dagrun for example_time_delta_sensor_async to None, run_after=None
[2024-10-28T00:00:56.808+0000] {processor.py:208} INFO - Processing /home/airflow/.local/lib/python3.12/site-packages/airflow/example_dags/example_time_delta_sensor_async.py took 0.068 seconds
[2024-10-28T00:01:27.869+0000] {processor.py:186} INFO - Started process (PID=45371) to work on /home/airflow/.local/lib/python3.12/site-packages/airflow/example_dags/example_time_delta_sensor_async.py
[2024-10-28T00:01:27.870+0000] {processor.py:914} INFO - Processing file /home/airflow/.local/lib/python3.12/site-packages/airflow/example_dags/example_time_delta_sensor_async.py for tasks to queue
[2024-10-28T00:01:27.872+0000] {logging_mixin.py:190} INFO - [2024-10-28T00:01:27.871+0000] {dagbag.py:588} INFO - Filling up the DagBag from /home/airflow/.local/lib/python3.12/site-packages/airflow/example_dags/example_time_delta_sensor_async.py
[2024-10-28T00:01:27.880+0000] {processor.py:925} INFO - DAG(s) 'example_time_delta_sensor_async' retrieved from /home/airflow/.local/lib/python3.12/site-packages/airflow/example_dags/example_time_delta_sensor_async.py
[2024-10-28T00:01:27.903+0000] {logging_mixin.py:190} INFO - [2024-10-28T00:01:27.903+0000] {dag.py:3239} INFO - Sync 1 DAGs
[2024-10-28T00:01:27.921+0000] {logging_mixin.py:190} INFO - [2024-10-28T00:01:27.921+0000] {dag.py:4180} INFO - Setting next_dagrun for example_time_delta_sensor_async to None, run_after=None
[2024-10-28T00:01:27.944+0000] {processor.py:208} INFO - Processing /home/airflow/.local/lib/python3.12/site-packages/airflow/example_dags/example_time_delta_sensor_async.py took 0.082 seconds
[2024-10-28T00:01:58.740+0000] {processor.py:186} INFO - Started process (PID=45445) to work on /home/airflow/.local/lib/python3.12/site-packages/airflow/example_dags/example_time_delta_sensor_async.py
[2024-10-28T00:01:58.741+0000] {processor.py:914} INFO - Processing file /home/airflow/.local/lib/python3.12/site-packages/airflow/example_dags/example_time_delta_sensor_async.py for tasks to queue
[2024-10-28T00:01:58.743+0000] {logging_mixin.py:190} INFO - [2024-10-28T00:01:58.742+0000] {dagbag.py:588} INFO - Filling up the DagBag from /home/airflow/.local/lib/python3.12/site-packages/airflow/example_dags/example_time_delta_sensor_async.py
[2024-10-28T00:01:58.748+0000] {processor.py:925} INFO - DAG(s) 'example_time_delta_sensor_async' retrieved from /home/airflow/.local/lib/python3.12/site-packages/airflow/example_dags/example_time_delta_sensor_async.py
[2024-10-28T00:01:58.767+0000] {logging_mixin.py:190} INFO - [2024-10-28T00:01:58.767+0000] {dag.py:3239} INFO - Sync 1 DAGs
[2024-10-28T00:01:58.783+0000] {logging_mixin.py:190} INFO - [2024-10-28T00:01:58.783+0000] {dag.py:4180} INFO - Setting next_dagrun for example_time_delta_sensor_async to None, run_after=None
[2024-10-28T00:01:58.801+0000] {processor.py:208} INFO - Processing /home/airflow/.local/lib/python3.12/site-packages/airflow/example_dags/example_time_delta_sensor_async.py took 0.067 seconds
[2024-10-28T00:02:29.909+0000] {processor.py:186} INFO - Started process (PID=45519) to work on /home/airflow/.local/lib/python3.12/site-packages/airflow/example_dags/example_time_delta_sensor_async.py
[2024-10-28T00:02:29.910+0000] {processor.py:914} INFO - Processing file /home/airflow/.local/lib/python3.12/site-packages/airflow/example_dags/example_time_delta_sensor_async.py for tasks to queue
[2024-10-28T00:02:29.912+0000] {logging_mixin.py:190} INFO - [2024-10-28T00:02:29.911+0000] {dagbag.py:588} INFO - Filling up the DagBag from /home/airflow/.local/lib/python3.12/site-packages/airflow/example_dags/example_time_delta_sensor_async.py
[2024-10-28T00:02:29.917+0000] {processor.py:925} INFO - DAG(s) 'example_time_delta_sensor_async' retrieved from /home/airflow/.local/lib/python3.12/site-packages/airflow/example_dags/example_time_delta_sensor_async.py
[2024-10-28T00:02:29.936+0000] {logging_mixin.py:190} INFO - [2024-10-28T00:02:29.936+0000] {dag.py:3239} INFO - Sync 1 DAGs
[2024-10-28T00:02:29.952+0000] {logging_mixin.py:190} INFO - [2024-10-28T00:02:29.952+0000] {dag.py:4180} INFO - Setting next_dagrun for example_time_delta_sensor_async to None, run_after=None
[2024-10-28T00:02:29.970+0000] {processor.py:208} INFO - Processing /home/airflow/.local/lib/python3.12/site-packages/airflow/example_dags/example_time_delta_sensor_async.py took 0.067 seconds
[2024-10-28T00:03:00.345+0000] {processor.py:186} INFO - Started process (PID=45593) to work on /home/airflow/.local/lib/python3.12/site-packages/airflow/example_dags/example_time_delta_sensor_async.py
[2024-10-28T00:03:00.347+0000] {processor.py:914} INFO - Processing file /home/airflow/.local/lib/python3.12/site-packages/airflow/example_dags/example_time_delta_sensor_async.py for tasks to queue
[2024-10-28T00:03:00.348+0000] {logging_mixin.py:190} INFO - [2024-10-28T00:03:00.348+0000] {dagbag.py:588} INFO - Filling up the DagBag from /home/airflow/.local/lib/python3.12/site-packages/airflow/example_dags/example_time_delta_sensor_async.py
[2024-10-28T00:03:00.356+0000] {processor.py:925} INFO - DAG(s) 'example_time_delta_sensor_async' retrieved from /home/airflow/.local/lib/python3.12/site-packages/airflow/example_dags/example_time_delta_sensor_async.py
[2024-10-28T00:03:00.376+0000] {logging_mixin.py:190} INFO - [2024-10-28T00:03:00.375+0000] {dag.py:3239} INFO - Sync 1 DAGs
[2024-10-28T00:03:00.390+0000] {logging_mixin.py:190} INFO - [2024-10-28T00:03:00.390+0000] {dag.py:4180} INFO - Setting next_dagrun for example_time_delta_sensor_async to None, run_after=None
[2024-10-28T00:03:00.410+0000] {processor.py:208} INFO - Processing /home/airflow/.local/lib/python3.12/site-packages/airflow/example_dags/example_time_delta_sensor_async.py took 0.071 seconds
[2024-10-28T00:03:30.492+0000] {processor.py:186} INFO - Started process (PID=45655) to work on /home/airflow/.local/lib/python3.12/site-packages/airflow/example_dags/example_time_delta_sensor_async.py
[2024-10-28T00:03:30.493+0000] {processor.py:914} INFO - Processing file /home/airflow/.local/lib/python3.12/site-packages/airflow/example_dags/example_time_delta_sensor_async.py for tasks to queue
[2024-10-28T00:03:30.495+0000] {logging_mixin.py:190} INFO - [2024-10-28T00:03:30.494+0000] {dagbag.py:588} INFO - Filling up the DagBag from /home/airflow/.local/lib/python3.12/site-packages/airflow/example_dags/example_time_delta_sensor_async.py
[2024-10-28T00:03:30.501+0000] {processor.py:925} INFO - DAG(s) 'example_time_delta_sensor_async' retrieved from /home/airflow/.local/lib/python3.12/site-packages/airflow/example_dags/example_time_delta_sensor_async.py
[2024-10-28T00:03:30.520+0000] {logging_mixin.py:190} INFO - [2024-10-28T00:03:30.520+0000] {dag.py:3239} INFO - Sync 1 DAGs
[2024-10-28T00:03:30.534+0000] {logging_mixin.py:190} INFO - [2024-10-28T00:03:30.534+0000] {dag.py:4180} INFO - Setting next_dagrun for example_time_delta_sensor_async to None, run_after=None
[2024-10-28T00:03:30.553+0000] {processor.py:208} INFO - Processing /home/airflow/.local/lib/python3.12/site-packages/airflow/example_dags/example_time_delta_sensor_async.py took 0.066 seconds
[2024-10-28T00:04:00.598+0000] {processor.py:186} INFO - Started process (PID=45729) to work on /home/airflow/.local/lib/python3.12/site-packages/airflow/example_dags/example_time_delta_sensor_async.py
[2024-10-28T00:04:00.599+0000] {processor.py:914} INFO - Processing file /home/airflow/.local/lib/python3.12/site-packages/airflow/example_dags/example_time_delta_sensor_async.py for tasks to queue
[2024-10-28T00:04:00.600+0000] {logging_mixin.py:190} INFO - [2024-10-28T00:04:00.600+0000] {dagbag.py:588} INFO - Filling up the DagBag from /home/airflow/.local/lib/python3.12/site-packages/airflow/example_dags/example_time_delta_sensor_async.py
[2024-10-28T00:04:00.606+0000] {processor.py:925} INFO - DAG(s) 'example_time_delta_sensor_async' retrieved from /home/airflow/.local/lib/python3.12/site-packages/airflow/example_dags/example_time_delta_sensor_async.py
[2024-10-28T00:04:00.625+0000] {logging_mixin.py:190} INFO - [2024-10-28T00:04:00.625+0000] {dag.py:3239} INFO - Sync 1 DAGs
[2024-10-28T00:04:00.640+0000] {logging_mixin.py:190} INFO - [2024-10-28T00:04:00.640+0000] {dag.py:4180} INFO - Setting next_dagrun for example_time_delta_sensor_async to None, run_after=None
[2024-10-28T00:04:00.659+0000] {processor.py:208} INFO - Processing /home/airflow/.local/lib/python3.12/site-packages/airflow/example_dags/example_time_delta_sensor_async.py took 0.067 seconds
[2024-10-28T00:04:30.885+0000] {processor.py:186} INFO - Started process (PID=45803) to work on /home/airflow/.local/lib/python3.12/site-packages/airflow/example_dags/example_time_delta_sensor_async.py
[2024-10-28T00:04:30.886+0000] {processor.py:914} INFO - Processing file /home/airflow/.local/lib/python3.12/site-packages/airflow/example_dags/example_time_delta_sensor_async.py for tasks to queue
[2024-10-28T00:04:30.888+0000] {logging_mixin.py:190} INFO - [2024-10-28T00:04:30.887+0000] {dagbag.py:588} INFO - Filling up the DagBag from /home/airflow/.local/lib/python3.12/site-packages/airflow/example_dags/example_time_delta_sensor_async.py
[2024-10-28T00:04:30.894+0000] {processor.py:925} INFO - DAG(s) 'example_time_delta_sensor_async' retrieved from /home/airflow/.local/lib/python3.12/site-packages/airflow/example_dags/example_time_delta_sensor_async.py
[2024-10-28T00:04:30.914+0000] {logging_mixin.py:190} INFO - [2024-10-28T00:04:30.914+0000] {dag.py:3239} INFO - Sync 1 DAGs
[2024-10-28T00:04:30.929+0000] {logging_mixin.py:190} INFO - [2024-10-28T00:04:30.929+0000] {dag.py:4180} INFO - Setting next_dagrun for example_time_delta_sensor_async to None, run_after=None
[2024-10-28T00:04:30.952+0000] {processor.py:208} INFO - Processing /home/airflow/.local/lib/python3.12/site-packages/airflow/example_dags/example_time_delta_sensor_async.py took 0.073 seconds
[2024-10-28T00:05:01.414+0000] {processor.py:186} INFO - Started process (PID=45877) to work on /home/airflow/.local/lib/python3.12/site-packages/airflow/example_dags/example_time_delta_sensor_async.py
[2024-10-28T00:05:01.415+0000] {processor.py:914} INFO - Processing file /home/airflow/.local/lib/python3.12/site-packages/airflow/example_dags/example_time_delta_sensor_async.py for tasks to queue
[2024-10-28T00:05:01.418+0000] {logging_mixin.py:190} INFO - [2024-10-28T00:05:01.417+0000] {dagbag.py:588} INFO - Filling up the DagBag from /home/airflow/.local/lib/python3.12/site-packages/airflow/example_dags/example_time_delta_sensor_async.py
[2024-10-28T00:05:01.425+0000] {processor.py:925} INFO - DAG(s) 'example_time_delta_sensor_async' retrieved from /home/airflow/.local/lib/python3.12/site-packages/airflow/example_dags/example_time_delta_sensor_async.py
[2024-10-28T00:05:01.445+0000] {logging_mixin.py:190} INFO - [2024-10-28T00:05:01.445+0000] {dag.py:3239} INFO - Sync 1 DAGs
[2024-10-28T00:05:01.460+0000] {logging_mixin.py:190} INFO - [2024-10-28T00:05:01.460+0000] {dag.py:4180} INFO - Setting next_dagrun for example_time_delta_sensor_async to None, run_after=None
[2024-10-28T00:05:01.480+0000] {processor.py:208} INFO - Processing /home/airflow/.local/lib/python3.12/site-packages/airflow/example_dags/example_time_delta_sensor_async.py took 0.071 seconds
[2024-10-28T00:05:31.703+0000] {processor.py:186} INFO - Started process (PID=45951) to work on /home/airflow/.local/lib/python3.12/site-packages/airflow/example_dags/example_time_delta_sensor_async.py
[2024-10-28T00:05:31.704+0000] {processor.py:914} INFO - Processing file /home/airflow/.local/lib/python3.12/site-packages/airflow/example_dags/example_time_delta_sensor_async.py for tasks to queue
[2024-10-28T00:05:31.705+0000] {logging_mixin.py:190} INFO - [2024-10-28T00:05:31.705+0000] {dagbag.py:588} INFO - Filling up the DagBag from /home/airflow/.local/lib/python3.12/site-packages/airflow/example_dags/example_time_delta_sensor_async.py
[2024-10-28T00:05:31.712+0000] {processor.py:925} INFO - DAG(s) 'example_time_delta_sensor_async' retrieved from /home/airflow/.local/lib/python3.12/site-packages/airflow/example_dags/example_time_delta_sensor_async.py
[2024-10-28T00:05:31.731+0000] {logging_mixin.py:190} INFO - [2024-10-28T00:05:31.731+0000] {dag.py:3239} INFO - Sync 1 DAGs
[2024-10-28T00:05:31.747+0000] {logging_mixin.py:190} INFO - [2024-10-28T00:05:31.747+0000] {dag.py:4180} INFO - Setting next_dagrun for example_time_delta_sensor_async to None, run_after=None
[2024-10-28T00:05:31.772+0000] {processor.py:208} INFO - Processing /home/airflow/.local/lib/python3.12/site-packages/airflow/example_dags/example_time_delta_sensor_async.py took 0.076 seconds
[2024-10-28T00:06:02.013+0000] {processor.py:186} INFO - Started process (PID=46025) to work on /home/airflow/.local/lib/python3.12/site-packages/airflow/example_dags/example_time_delta_sensor_async.py
[2024-10-28T00:06:02.014+0000] {processor.py:914} INFO - Processing file /home/airflow/.local/lib/python3.12/site-packages/airflow/example_dags/example_time_delta_sensor_async.py for tasks to queue
[2024-10-28T00:06:02.015+0000] {logging_mixin.py:190} INFO - [2024-10-28T00:06:02.015+0000] {dagbag.py:588} INFO - Filling up the DagBag from /home/airflow/.local/lib/python3.12/site-packages/airflow/example_dags/example_time_delta_sensor_async.py
[2024-10-28T00:06:02.021+0000] {processor.py:925} INFO - DAG(s) 'example_time_delta_sensor_async' retrieved from /home/airflow/.local/lib/python3.12/site-packages/airflow/example_dags/example_time_delta_sensor_async.py
[2024-10-28T00:06:02.041+0000] {logging_mixin.py:190} INFO - [2024-10-28T00:06:02.041+0000] {dag.py:3239} INFO - Sync 1 DAGs
[2024-10-28T00:06:02.057+0000] {logging_mixin.py:190} INFO - [2024-10-28T00:06:02.057+0000] {dag.py:4180} INFO - Setting next_dagrun for example_time_delta_sensor_async to None, run_after=None
[2024-10-28T00:06:02.081+0000] {processor.py:208} INFO - Processing /home/airflow/.local/lib/python3.12/site-packages/airflow/example_dags/example_time_delta_sensor_async.py took 0.076 seconds
[2024-10-28T00:06:32.566+0000] {processor.py:186} INFO - Started process (PID=46099) to work on /home/airflow/.local/lib/python3.12/site-packages/airflow/example_dags/example_time_delta_sensor_async.py
[2024-10-28T00:06:32.567+0000] {processor.py:914} INFO - Processing file /home/airflow/.local/lib/python3.12/site-packages/airflow/example_dags/example_time_delta_sensor_async.py for tasks to queue
[2024-10-28T00:06:32.568+0000] {logging_mixin.py:190} INFO - [2024-10-28T00:06:32.568+0000] {dagbag.py:588} INFO - Filling up the DagBag from /home/airflow/.local/lib/python3.12/site-packages/airflow/example_dags/example_time_delta_sensor_async.py
[2024-10-28T00:06:32.574+0000] {processor.py:925} INFO - DAG(s) 'example_time_delta_sensor_async' retrieved from /home/airflow/.local/lib/python3.12/site-packages/airflow/example_dags/example_time_delta_sensor_async.py
[2024-10-28T00:06:32.593+0000] {logging_mixin.py:190} INFO - [2024-10-28T00:06:32.593+0000] {dag.py:3239} INFO - Sync 1 DAGs
[2024-10-28T00:06:32.607+0000] {logging_mixin.py:190} INFO - [2024-10-28T00:06:32.607+0000] {dag.py:4180} INFO - Setting next_dagrun for example_time_delta_sensor_async to None, run_after=None
[2024-10-28T00:06:32.625+0000] {processor.py:208} INFO - Processing /home/airflow/.local/lib/python3.12/site-packages/airflow/example_dags/example_time_delta_sensor_async.py took 0.064 seconds
[2024-10-28T00:07:03.153+0000] {processor.py:186} INFO - Started process (PID=46173) to work on /home/airflow/.local/lib/python3.12/site-packages/airflow/example_dags/example_time_delta_sensor_async.py
[2024-10-28T00:07:03.154+0000] {processor.py:914} INFO - Processing file /home/airflow/.local/lib/python3.12/site-packages/airflow/example_dags/example_time_delta_sensor_async.py for tasks to queue
[2024-10-28T00:07:03.155+0000] {logging_mixin.py:190} INFO - [2024-10-28T00:07:03.155+0000] {dagbag.py:588} INFO - Filling up the DagBag from /home/airflow/.local/lib/python3.12/site-packages/airflow/example_dags/example_time_delta_sensor_async.py
[2024-10-28T00:07:03.161+0000] {processor.py:925} INFO - DAG(s) 'example_time_delta_sensor_async' retrieved from /home/airflow/.local/lib/python3.12/site-packages/airflow/example_dags/example_time_delta_sensor_async.py
[2024-10-28T00:07:03.177+0000] {logging_mixin.py:190} INFO - [2024-10-28T00:07:03.177+0000] {dag.py:3239} INFO - Sync 1 DAGs
[2024-10-28T00:07:03.191+0000] {logging_mixin.py:190} INFO - [2024-10-28T00:07:03.191+0000] {dag.py:4180} INFO - Setting next_dagrun for example_time_delta_sensor_async to None, run_after=None
[2024-10-28T00:07:03.208+0000] {processor.py:208} INFO - Processing /home/airflow/.local/lib/python3.12/site-packages/airflow/example_dags/example_time_delta_sensor_async.py took 0.062 seconds
[2024-10-28T00:07:33.994+0000] {processor.py:186} INFO - Started process (PID=46247) to work on /home/airflow/.local/lib/python3.12/site-packages/airflow/example_dags/example_time_delta_sensor_async.py
[2024-10-28T00:07:33.995+0000] {processor.py:914} INFO - Processing file /home/airflow/.local/lib/python3.12/site-packages/airflow/example_dags/example_time_delta_sensor_async.py for tasks to queue
[2024-10-28T00:07:33.998+0000] {logging_mixin.py:190} INFO - [2024-10-28T00:07:33.997+0000] {dagbag.py:588} INFO - Filling up the DagBag from /home/airflow/.local/lib/python3.12/site-packages/airflow/example_dags/example_time_delta_sensor_async.py
[2024-10-28T00:07:34.006+0000] {processor.py:925} INFO - DAG(s) 'example_time_delta_sensor_async' retrieved from /home/airflow/.local/lib/python3.12/site-packages/airflow/example_dags/example_time_delta_sensor_async.py
[2024-10-28T00:07:34.028+0000] {logging_mixin.py:190} INFO - [2024-10-28T00:07:34.028+0000] {dag.py:3239} INFO - Sync 1 DAGs
[2024-10-28T00:07:34.047+0000] {logging_mixin.py:190} INFO - [2024-10-28T00:07:34.046+0000] {dag.py:4180} INFO - Setting next_dagrun for example_time_delta_sensor_async to None, run_after=None
[2024-10-28T00:07:34.070+0000] {processor.py:208} INFO - Processing /home/airflow/.local/lib/python3.12/site-packages/airflow/example_dags/example_time_delta_sensor_async.py took 0.081 seconds
[2024-10-28T00:08:04.541+0000] {processor.py:186} INFO - Started process (PID=46322) to work on /home/airflow/.local/lib/python3.12/site-packages/airflow/example_dags/example_time_delta_sensor_async.py
[2024-10-28T00:08:04.542+0000] {processor.py:914} INFO - Processing file /home/airflow/.local/lib/python3.12/site-packages/airflow/example_dags/example_time_delta_sensor_async.py for tasks to queue
[2024-10-28T00:08:04.543+0000] {logging_mixin.py:190} INFO - [2024-10-28T00:08:04.543+0000] {dagbag.py:588} INFO - Filling up the DagBag from /home/airflow/.local/lib/python3.12/site-packages/airflow/example_dags/example_time_delta_sensor_async.py
[2024-10-28T00:08:04.549+0000] {processor.py:925} INFO - DAG(s) 'example_time_delta_sensor_async' retrieved from /home/airflow/.local/lib/python3.12/site-packages/airflow/example_dags/example_time_delta_sensor_async.py
[2024-10-28T00:08:04.567+0000] {logging_mixin.py:190} INFO - [2024-10-28T00:08:04.566+0000] {dag.py:3239} INFO - Sync 1 DAGs
[2024-10-28T00:08:04.581+0000] {logging_mixin.py:190} INFO - [2024-10-28T00:08:04.580+0000] {dag.py:4180} INFO - Setting next_dagrun for example_time_delta_sensor_async to None, run_after=None
[2024-10-28T00:08:04.598+0000] {processor.py:208} INFO - Processing /home/airflow/.local/lib/python3.12/site-packages/airflow/example_dags/example_time_delta_sensor_async.py took 0.063 seconds
[2024-10-28T00:08:35.184+0000] {processor.py:186} INFO - Started process (PID=46396) to work on /home/airflow/.local/lib/python3.12/site-packages/airflow/example_dags/example_time_delta_sensor_async.py
[2024-10-28T00:08:35.185+0000] {processor.py:914} INFO - Processing file /home/airflow/.local/lib/python3.12/site-packages/airflow/example_dags/example_time_delta_sensor_async.py for tasks to queue
[2024-10-28T00:08:35.187+0000] {logging_mixin.py:190} INFO - [2024-10-28T00:08:35.187+0000] {dagbag.py:588} INFO - Filling up the DagBag from /home/airflow/.local/lib/python3.12/site-packages/airflow/example_dags/example_time_delta_sensor_async.py
[2024-10-28T00:08:35.195+0000] {processor.py:925} INFO - DAG(s) 'example_time_delta_sensor_async' retrieved from /home/airflow/.local/lib/python3.12/site-packages/airflow/example_dags/example_time_delta_sensor_async.py
[2024-10-28T00:08:35.218+0000] {logging_mixin.py:190} INFO - [2024-10-28T00:08:35.218+0000] {dag.py:3239} INFO - Sync 1 DAGs
[2024-10-28T00:08:35.239+0000] {logging_mixin.py:190} INFO - [2024-10-28T00:08:35.238+0000] {dag.py:4180} INFO - Setting next_dagrun for example_time_delta_sensor_async to None, run_after=None
[2024-10-28T00:08:35.258+0000] {processor.py:208} INFO - Processing /home/airflow/.local/lib/python3.12/site-packages/airflow/example_dags/example_time_delta_sensor_async.py took 0.081 seconds
[2024-10-28T00:09:05.987+0000] {processor.py:186} INFO - Started process (PID=46471) to work on /home/airflow/.local/lib/python3.12/site-packages/airflow/example_dags/example_time_delta_sensor_async.py
[2024-10-28T00:09:05.989+0000] {processor.py:914} INFO - Processing file /home/airflow/.local/lib/python3.12/site-packages/airflow/example_dags/example_time_delta_sensor_async.py for tasks to queue
[2024-10-28T00:09:05.991+0000] {logging_mixin.py:190} INFO - [2024-10-28T00:09:05.990+0000] {dagbag.py:588} INFO - Filling up the DagBag from /home/airflow/.local/lib/python3.12/site-packages/airflow/example_dags/example_time_delta_sensor_async.py
[2024-10-28T00:09:05.997+0000] {processor.py:925} INFO - DAG(s) 'example_time_delta_sensor_async' retrieved from /home/airflow/.local/lib/python3.12/site-packages/airflow/example_dags/example_time_delta_sensor_async.py
[2024-10-28T00:09:06.019+0000] {logging_mixin.py:190} INFO - [2024-10-28T00:09:06.019+0000] {dag.py:3239} INFO - Sync 1 DAGs
[2024-10-28T00:09:06.036+0000] {logging_mixin.py:190} INFO - [2024-10-28T00:09:06.036+0000] {dag.py:4180} INFO - Setting next_dagrun for example_time_delta_sensor_async to None, run_after=None
[2024-10-28T00:09:06.059+0000] {processor.py:208} INFO - Processing /home/airflow/.local/lib/python3.12/site-packages/airflow/example_dags/example_time_delta_sensor_async.py took 0.078 seconds
[2024-10-28T00:09:36.611+0000] {processor.py:186} INFO - Started process (PID=46550) to work on /home/airflow/.local/lib/python3.12/site-packages/airflow/example_dags/example_time_delta_sensor_async.py
[2024-10-28T00:09:36.612+0000] {processor.py:914} INFO - Processing file /home/airflow/.local/lib/python3.12/site-packages/airflow/example_dags/example_time_delta_sensor_async.py for tasks to queue
[2024-10-28T00:09:36.614+0000] {logging_mixin.py:190} INFO - [2024-10-28T00:09:36.613+0000] {dagbag.py:588} INFO - Filling up the DagBag from /home/airflow/.local/lib/python3.12/site-packages/airflow/example_dags/example_time_delta_sensor_async.py
[2024-10-28T00:09:36.620+0000] {processor.py:925} INFO - DAG(s) 'example_time_delta_sensor_async' retrieved from /home/airflow/.local/lib/python3.12/site-packages/airflow/example_dags/example_time_delta_sensor_async.py
[2024-10-28T00:09:36.641+0000] {logging_mixin.py:190} INFO - [2024-10-28T00:09:36.641+0000] {dag.py:3239} INFO - Sync 1 DAGs
[2024-10-28T00:09:36.659+0000] {logging_mixin.py:190} INFO - [2024-10-28T00:09:36.659+0000] {dag.py:4180} INFO - Setting next_dagrun for example_time_delta_sensor_async to None, run_after=None
[2024-10-28T00:09:36.677+0000] {processor.py:208} INFO - Processing /home/airflow/.local/lib/python3.12/site-packages/airflow/example_dags/example_time_delta_sensor_async.py took 0.071 seconds
[2024-10-28T00:10:06.913+0000] {processor.py:186} INFO - Started process (PID=46624) to work on /home/airflow/.local/lib/python3.12/site-packages/airflow/example_dags/example_time_delta_sensor_async.py
[2024-10-28T00:10:06.915+0000] {processor.py:914} INFO - Processing file /home/airflow/.local/lib/python3.12/site-packages/airflow/example_dags/example_time_delta_sensor_async.py for tasks to queue
[2024-10-28T00:10:06.916+0000] {logging_mixin.py:190} INFO - [2024-10-28T00:10:06.916+0000] {dagbag.py:588} INFO - Filling up the DagBag from /home/airflow/.local/lib/python3.12/site-packages/airflow/example_dags/example_time_delta_sensor_async.py
[2024-10-28T00:10:06.923+0000] {processor.py:925} INFO - DAG(s) 'example_time_delta_sensor_async' retrieved from /home/airflow/.local/lib/python3.12/site-packages/airflow/example_dags/example_time_delta_sensor_async.py
[2024-10-28T00:10:06.946+0000] {logging_mixin.py:190} INFO - [2024-10-28T00:10:06.946+0000] {dag.py:3239} INFO - Sync 1 DAGs
[2024-10-28T00:10:06.970+0000] {logging_mixin.py:190} INFO - [2024-10-28T00:10:06.970+0000] {dag.py:4180} INFO - Setting next_dagrun for example_time_delta_sensor_async to None, run_after=None
[2024-10-28T00:10:06.993+0000] {processor.py:208} INFO - Processing /home/airflow/.local/lib/python3.12/site-packages/airflow/example_dags/example_time_delta_sensor_async.py took 0.088 seconds
[2024-10-28T00:10:37.195+0000] {processor.py:186} INFO - Started process (PID=46698) to work on /home/airflow/.local/lib/python3.12/site-packages/airflow/example_dags/example_time_delta_sensor_async.py
[2024-10-28T00:10:37.196+0000] {processor.py:914} INFO - Processing file /home/airflow/.local/lib/python3.12/site-packages/airflow/example_dags/example_time_delta_sensor_async.py for tasks to queue
[2024-10-28T00:10:37.198+0000] {logging_mixin.py:190} INFO - [2024-10-28T00:10:37.197+0000] {dagbag.py:588} INFO - Filling up the DagBag from /home/airflow/.local/lib/python3.12/site-packages/airflow/example_dags/example_time_delta_sensor_async.py
[2024-10-28T00:10:37.205+0000] {processor.py:925} INFO - DAG(s) 'example_time_delta_sensor_async' retrieved from /home/airflow/.local/lib/python3.12/site-packages/airflow/example_dags/example_time_delta_sensor_async.py
[2024-10-28T00:10:37.225+0000] {logging_mixin.py:190} INFO - [2024-10-28T00:10:37.225+0000] {dag.py:3239} INFO - Sync 1 DAGs
[2024-10-28T00:10:37.242+0000] {logging_mixin.py:190} INFO - [2024-10-28T00:10:37.242+0000] {dag.py:4180} INFO - Setting next_dagrun for example_time_delta_sensor_async to None, run_after=None
[2024-10-28T00:10:37.264+0000] {processor.py:208} INFO - Processing /home/airflow/.local/lib/python3.12/site-packages/airflow/example_dags/example_time_delta_sensor_async.py took 0.076 seconds
[2024-10-28T00:11:08.184+0000] {processor.py:186} INFO - Started process (PID=46772) to work on /home/airflow/.local/lib/python3.12/site-packages/airflow/example_dags/example_time_delta_sensor_async.py
[2024-10-28T00:11:08.186+0000] {processor.py:914} INFO - Processing file /home/airflow/.local/lib/python3.12/site-packages/airflow/example_dags/example_time_delta_sensor_async.py for tasks to queue
[2024-10-28T00:11:08.189+0000] {logging_mixin.py:190} INFO - [2024-10-28T00:11:08.188+0000] {dagbag.py:588} INFO - Filling up the DagBag from /home/airflow/.local/lib/python3.12/site-packages/airflow/example_dags/example_time_delta_sensor_async.py
[2024-10-28T00:11:08.196+0000] {processor.py:925} INFO - DAG(s) 'example_time_delta_sensor_async' retrieved from /home/airflow/.local/lib/python3.12/site-packages/airflow/example_dags/example_time_delta_sensor_async.py
[2024-10-28T00:11:08.217+0000] {logging_mixin.py:190} INFO - [2024-10-28T00:11:08.217+0000] {dag.py:3239} INFO - Sync 1 DAGs
[2024-10-28T00:11:08.233+0000] {logging_mixin.py:190} INFO - [2024-10-28T00:11:08.233+0000] {dag.py:4180} INFO - Setting next_dagrun for example_time_delta_sensor_async to None, run_after=None
[2024-10-28T00:11:08.259+0000] {processor.py:208} INFO - Processing /home/airflow/.local/lib/python3.12/site-packages/airflow/example_dags/example_time_delta_sensor_async.py took 0.081 seconds
[2024-10-28T00:11:38.400+0000] {processor.py:186} INFO - Started process (PID=46846) to work on /home/airflow/.local/lib/python3.12/site-packages/airflow/example_dags/example_time_delta_sensor_async.py
[2024-10-28T00:11:38.401+0000] {processor.py:914} INFO - Processing file /home/airflow/.local/lib/python3.12/site-packages/airflow/example_dags/example_time_delta_sensor_async.py for tasks to queue
[2024-10-28T00:11:38.402+0000] {logging_mixin.py:190} INFO - [2024-10-28T00:11:38.402+0000] {dagbag.py:588} INFO - Filling up the DagBag from /home/airflow/.local/lib/python3.12/site-packages/airflow/example_dags/example_time_delta_sensor_async.py
[2024-10-28T00:11:38.408+0000] {processor.py:925} INFO - DAG(s) 'example_time_delta_sensor_async' retrieved from /home/airflow/.local/lib/python3.12/site-packages/airflow/example_dags/example_time_delta_sensor_async.py
[2024-10-28T00:11:38.425+0000] {logging_mixin.py:190} INFO - [2024-10-28T00:11:38.425+0000] {dag.py:3239} INFO - Sync 1 DAGs
[2024-10-28T00:11:38.439+0000] {logging_mixin.py:190} INFO - [2024-10-28T00:11:38.439+0000] {dag.py:4180} INFO - Setting next_dagrun for example_time_delta_sensor_async to None, run_after=None
[2024-10-28T00:11:38.456+0000] {processor.py:208} INFO - Processing /home/airflow/.local/lib/python3.12/site-packages/airflow/example_dags/example_time_delta_sensor_async.py took 0.062 seconds
[2024-10-28T00:12:08.850+0000] {processor.py:186} INFO - Started process (PID=46920) to work on /home/airflow/.local/lib/python3.12/site-packages/airflow/example_dags/example_time_delta_sensor_async.py
[2024-10-28T00:12:08.851+0000] {processor.py:914} INFO - Processing file /home/airflow/.local/lib/python3.12/site-packages/airflow/example_dags/example_time_delta_sensor_async.py for tasks to queue
[2024-10-28T00:12:08.852+0000] {logging_mixin.py:190} INFO - [2024-10-28T00:12:08.852+0000] {dagbag.py:588} INFO - Filling up the DagBag from /home/airflow/.local/lib/python3.12/site-packages/airflow/example_dags/example_time_delta_sensor_async.py
[2024-10-28T00:12:08.857+0000] {processor.py:925} INFO - DAG(s) 'example_time_delta_sensor_async' retrieved from /home/airflow/.local/lib/python3.12/site-packages/airflow/example_dags/example_time_delta_sensor_async.py
[2024-10-28T00:12:08.876+0000] {logging_mixin.py:190} INFO - [2024-10-28T00:12:08.875+0000] {dag.py:3239} INFO - Sync 1 DAGs
[2024-10-28T00:12:08.892+0000] {logging_mixin.py:190} INFO - [2024-10-28T00:12:08.892+0000] {dag.py:4180} INFO - Setting next_dagrun for example_time_delta_sensor_async to None, run_after=None
[2024-10-28T00:12:08.913+0000] {processor.py:208} INFO - Processing /home/airflow/.local/lib/python3.12/site-packages/airflow/example_dags/example_time_delta_sensor_async.py took 0.069 seconds
[2024-10-28T00:12:39.358+0000] {processor.py:186} INFO - Started process (PID=46994) to work on /home/airflow/.local/lib/python3.12/site-packages/airflow/example_dags/example_time_delta_sensor_async.py
[2024-10-28T00:12:39.359+0000] {processor.py:914} INFO - Processing file /home/airflow/.local/lib/python3.12/site-packages/airflow/example_dags/example_time_delta_sensor_async.py for tasks to queue
[2024-10-28T00:12:39.361+0000] {logging_mixin.py:190} INFO - [2024-10-28T00:12:39.360+0000] {dagbag.py:588} INFO - Filling up the DagBag from /home/airflow/.local/lib/python3.12/site-packages/airflow/example_dags/example_time_delta_sensor_async.py
[2024-10-28T00:12:39.367+0000] {processor.py:925} INFO - DAG(s) 'example_time_delta_sensor_async' retrieved from /home/airflow/.local/lib/python3.12/site-packages/airflow/example_dags/example_time_delta_sensor_async.py
[2024-10-28T00:12:39.386+0000] {logging_mixin.py:190} INFO - [2024-10-28T00:12:39.386+0000] {dag.py:3239} INFO - Sync 1 DAGs
[2024-10-28T00:12:39.401+0000] {logging_mixin.py:190} INFO - [2024-10-28T00:12:39.400+0000] {dag.py:4180} INFO - Setting next_dagrun for example_time_delta_sensor_async to None, run_after=None
[2024-10-28T00:12:39.419+0000] {processor.py:208} INFO - Processing /home/airflow/.local/lib/python3.12/site-packages/airflow/example_dags/example_time_delta_sensor_async.py took 0.067 seconds
[2024-10-28T00:13:09.716+0000] {processor.py:186} INFO - Started process (PID=47068) to work on /home/airflow/.local/lib/python3.12/site-packages/airflow/example_dags/example_time_delta_sensor_async.py
[2024-10-28T00:13:09.717+0000] {processor.py:914} INFO - Processing file /home/airflow/.local/lib/python3.12/site-packages/airflow/example_dags/example_time_delta_sensor_async.py for tasks to queue
[2024-10-28T00:13:09.718+0000] {logging_mixin.py:190} INFO - [2024-10-28T00:13:09.718+0000] {dagbag.py:588} INFO - Filling up the DagBag from /home/airflow/.local/lib/python3.12/site-packages/airflow/example_dags/example_time_delta_sensor_async.py
[2024-10-28T00:13:09.724+0000] {processor.py:925} INFO - DAG(s) 'example_time_delta_sensor_async' retrieved from /home/airflow/.local/lib/python3.12/site-packages/airflow/example_dags/example_time_delta_sensor_async.py
[2024-10-28T00:13:09.742+0000] {logging_mixin.py:190} INFO - [2024-10-28T00:13:09.742+0000] {dag.py:3239} INFO - Sync 1 DAGs
[2024-10-28T00:13:09.757+0000] {logging_mixin.py:190} INFO - [2024-10-28T00:13:09.756+0000] {dag.py:4180} INFO - Setting next_dagrun for example_time_delta_sensor_async to None, run_after=None
[2024-10-28T00:13:09.775+0000] {processor.py:208} INFO - Processing /home/airflow/.local/lib/python3.12/site-packages/airflow/example_dags/example_time_delta_sensor_async.py took 0.065 seconds
[2024-10-28T00:13:40.147+0000] {processor.py:186} INFO - Started process (PID=47142) to work on /home/airflow/.local/lib/python3.12/site-packages/airflow/example_dags/example_time_delta_sensor_async.py
[2024-10-28T00:13:40.148+0000] {processor.py:914} INFO - Processing file /home/airflow/.local/lib/python3.12/site-packages/airflow/example_dags/example_time_delta_sensor_async.py for tasks to queue
[2024-10-28T00:13:40.150+0000] {logging_mixin.py:190} INFO - [2024-10-28T00:13:40.149+0000] {dagbag.py:588} INFO - Filling up the DagBag from /home/airflow/.local/lib/python3.12/site-packages/airflow/example_dags/example_time_delta_sensor_async.py
[2024-10-28T00:13:40.156+0000] {processor.py:925} INFO - DAG(s) 'example_time_delta_sensor_async' retrieved from /home/airflow/.local/lib/python3.12/site-packages/airflow/example_dags/example_time_delta_sensor_async.py
[2024-10-28T00:13:40.174+0000] {logging_mixin.py:190} INFO - [2024-10-28T00:13:40.174+0000] {dag.py:3239} INFO - Sync 1 DAGs
[2024-10-28T00:13:40.187+0000] {logging_mixin.py:190} INFO - [2024-10-28T00:13:40.187+0000] {dag.py:4180} INFO - Setting next_dagrun for example_time_delta_sensor_async to None, run_after=None
[2024-10-28T00:13:40.204+0000] {processor.py:208} INFO - Processing /home/airflow/.local/lib/python3.12/site-packages/airflow/example_dags/example_time_delta_sensor_async.py took 0.063 seconds
[2024-10-28T00:14:10.375+0000] {processor.py:186} INFO - Started process (PID=47216) to work on /home/airflow/.local/lib/python3.12/site-packages/airflow/example_dags/example_time_delta_sensor_async.py
[2024-10-28T00:14:10.376+0000] {processor.py:914} INFO - Processing file /home/airflow/.local/lib/python3.12/site-packages/airflow/example_dags/example_time_delta_sensor_async.py for tasks to queue
[2024-10-28T00:14:10.377+0000] {logging_mixin.py:190} INFO - [2024-10-28T00:14:10.377+0000] {dagbag.py:588} INFO - Filling up the DagBag from /home/airflow/.local/lib/python3.12/site-packages/airflow/example_dags/example_time_delta_sensor_async.py
[2024-10-28T00:14:10.383+0000] {processor.py:925} INFO - DAG(s) 'example_time_delta_sensor_async' retrieved from /home/airflow/.local/lib/python3.12/site-packages/airflow/example_dags/example_time_delta_sensor_async.py
[2024-10-28T00:14:10.401+0000] {logging_mixin.py:190} INFO - [2024-10-28T00:14:10.401+0000] {dag.py:3239} INFO - Sync 1 DAGs
[2024-10-28T00:14:10.416+0000] {logging_mixin.py:190} INFO - [2024-10-28T00:14:10.415+0000] {dag.py:4180} INFO - Setting next_dagrun for example_time_delta_sensor_async to None, run_after=None
[2024-10-28T00:14:10.434+0000] {processor.py:208} INFO - Processing /home/airflow/.local/lib/python3.12/site-packages/airflow/example_dags/example_time_delta_sensor_async.py took 0.065 seconds
[2024-10-28T00:14:40.617+0000] {processor.py:186} INFO - Started process (PID=47290) to work on /home/airflow/.local/lib/python3.12/site-packages/airflow/example_dags/example_time_delta_sensor_async.py
[2024-10-28T00:14:40.618+0000] {processor.py:914} INFO - Processing file /home/airflow/.local/lib/python3.12/site-packages/airflow/example_dags/example_time_delta_sensor_async.py for tasks to queue
[2024-10-28T00:14:40.619+0000] {logging_mixin.py:190} INFO - [2024-10-28T00:14:40.619+0000] {dagbag.py:588} INFO - Filling up the DagBag from /home/airflow/.local/lib/python3.12/site-packages/airflow/example_dags/example_time_delta_sensor_async.py
[2024-10-28T00:14:40.626+0000] {processor.py:925} INFO - DAG(s) 'example_time_delta_sensor_async' retrieved from /home/airflow/.local/lib/python3.12/site-packages/airflow/example_dags/example_time_delta_sensor_async.py
[2024-10-28T00:14:40.643+0000] {logging_mixin.py:190} INFO - [2024-10-28T00:14:40.643+0000] {dag.py:3239} INFO - Sync 1 DAGs
[2024-10-28T00:14:40.658+0000] {logging_mixin.py:190} INFO - [2024-10-28T00:14:40.657+0000] {dag.py:4180} INFO - Setting next_dagrun for example_time_delta_sensor_async to None, run_after=None
[2024-10-28T00:14:40.676+0000] {processor.py:208} INFO - Processing /home/airflow/.local/lib/python3.12/site-packages/airflow/example_dags/example_time_delta_sensor_async.py took 0.065 seconds
[2024-10-28T00:15:11.151+0000] {processor.py:186} INFO - Started process (PID=47364) to work on /home/airflow/.local/lib/python3.12/site-packages/airflow/example_dags/example_time_delta_sensor_async.py
[2024-10-28T00:15:11.152+0000] {processor.py:914} INFO - Processing file /home/airflow/.local/lib/python3.12/site-packages/airflow/example_dags/example_time_delta_sensor_async.py for tasks to queue
[2024-10-28T00:15:11.154+0000] {logging_mixin.py:190} INFO - [2024-10-28T00:15:11.154+0000] {dagbag.py:588} INFO - Filling up the DagBag from /home/airflow/.local/lib/python3.12/site-packages/airflow/example_dags/example_time_delta_sensor_async.py
[2024-10-28T00:15:11.161+0000] {processor.py:925} INFO - DAG(s) 'example_time_delta_sensor_async' retrieved from /home/airflow/.local/lib/python3.12/site-packages/airflow/example_dags/example_time_delta_sensor_async.py
[2024-10-28T00:15:11.182+0000] {logging_mixin.py:190} INFO - [2024-10-28T00:15:11.182+0000] {dag.py:3239} INFO - Sync 1 DAGs
[2024-10-28T00:15:11.198+0000] {logging_mixin.py:190} INFO - [2024-10-28T00:15:11.197+0000] {dag.py:4180} INFO - Setting next_dagrun for example_time_delta_sensor_async to None, run_after=None
[2024-10-28T00:15:11.216+0000] {processor.py:208} INFO - Processing /home/airflow/.local/lib/python3.12/site-packages/airflow/example_dags/example_time_delta_sensor_async.py took 0.071 seconds
[2024-10-28T00:15:41.607+0000] {processor.py:186} INFO - Started process (PID=47438) to work on /home/airflow/.local/lib/python3.12/site-packages/airflow/example_dags/example_time_delta_sensor_async.py
[2024-10-28T00:15:41.608+0000] {processor.py:914} INFO - Processing file /home/airflow/.local/lib/python3.12/site-packages/airflow/example_dags/example_time_delta_sensor_async.py for tasks to queue
[2024-10-28T00:15:41.610+0000] {logging_mixin.py:190} INFO - [2024-10-28T00:15:41.609+0000] {dagbag.py:588} INFO - Filling up the DagBag from /home/airflow/.local/lib/python3.12/site-packages/airflow/example_dags/example_time_delta_sensor_async.py
[2024-10-28T00:15:41.616+0000] {processor.py:925} INFO - DAG(s) 'example_time_delta_sensor_async' retrieved from /home/airflow/.local/lib/python3.12/site-packages/airflow/example_dags/example_time_delta_sensor_async.py
[2024-10-28T00:15:41.636+0000] {logging_mixin.py:190} INFO - [2024-10-28T00:15:41.636+0000] {dag.py:3239} INFO - Sync 1 DAGs
[2024-10-28T00:15:41.652+0000] {logging_mixin.py:190} INFO - [2024-10-28T00:15:41.652+0000] {dag.py:4180} INFO - Setting next_dagrun for example_time_delta_sensor_async to None, run_after=None
[2024-10-28T00:15:41.671+0000] {processor.py:208} INFO - Processing /home/airflow/.local/lib/python3.12/site-packages/airflow/example_dags/example_time_delta_sensor_async.py took 0.070 seconds
[2024-10-28T00:16:12.501+0000] {processor.py:186} INFO - Started process (PID=47512) to work on /home/airflow/.local/lib/python3.12/site-packages/airflow/example_dags/example_time_delta_sensor_async.py
[2024-10-28T00:16:12.502+0000] {processor.py:914} INFO - Processing file /home/airflow/.local/lib/python3.12/site-packages/airflow/example_dags/example_time_delta_sensor_async.py for tasks to queue
[2024-10-28T00:16:12.503+0000] {logging_mixin.py:190} INFO - [2024-10-28T00:16:12.503+0000] {dagbag.py:588} INFO - Filling up the DagBag from /home/airflow/.local/lib/python3.12/site-packages/airflow/example_dags/example_time_delta_sensor_async.py
[2024-10-28T00:16:12.509+0000] {processor.py:925} INFO - DAG(s) 'example_time_delta_sensor_async' retrieved from /home/airflow/.local/lib/python3.12/site-packages/airflow/example_dags/example_time_delta_sensor_async.py
[2024-10-28T00:16:12.528+0000] {logging_mixin.py:190} INFO - [2024-10-28T00:16:12.527+0000] {dag.py:3239} INFO - Sync 1 DAGs
[2024-10-28T00:16:12.543+0000] {logging_mixin.py:190} INFO - [2024-10-28T00:16:12.542+0000] {dag.py:4180} INFO - Setting next_dagrun for example_time_delta_sensor_async to None, run_after=None
[2024-10-28T00:16:12.562+0000] {processor.py:208} INFO - Processing /home/airflow/.local/lib/python3.12/site-packages/airflow/example_dags/example_time_delta_sensor_async.py took 0.067 seconds
[2024-10-28T00:16:43.415+0000] {processor.py:186} INFO - Started process (PID=47586) to work on /home/airflow/.local/lib/python3.12/site-packages/airflow/example_dags/example_time_delta_sensor_async.py
[2024-10-28T00:16:43.416+0000] {processor.py:914} INFO - Processing file /home/airflow/.local/lib/python3.12/site-packages/airflow/example_dags/example_time_delta_sensor_async.py for tasks to queue
[2024-10-28T00:16:43.418+0000] {logging_mixin.py:190} INFO - [2024-10-28T00:16:43.417+0000] {dagbag.py:588} INFO - Filling up the DagBag from /home/airflow/.local/lib/python3.12/site-packages/airflow/example_dags/example_time_delta_sensor_async.py
[2024-10-28T00:16:43.424+0000] {processor.py:925} INFO - DAG(s) 'example_time_delta_sensor_async' retrieved from /home/airflow/.local/lib/python3.12/site-packages/airflow/example_dags/example_time_delta_sensor_async.py
[2024-10-28T00:16:43.441+0000] {logging_mixin.py:190} INFO - [2024-10-28T00:16:43.441+0000] {dag.py:3239} INFO - Sync 1 DAGs
[2024-10-28T00:16:43.455+0000] {logging_mixin.py:190} INFO - [2024-10-28T00:16:43.455+0000] {dag.py:4180} INFO - Setting next_dagrun for example_time_delta_sensor_async to None, run_after=None
[2024-10-28T00:16:43.476+0000] {processor.py:208} INFO - Processing /home/airflow/.local/lib/python3.12/site-packages/airflow/example_dags/example_time_delta_sensor_async.py took 0.067 seconds
[2024-10-28T00:17:13.979+0000] {processor.py:186} INFO - Started process (PID=47660) to work on /home/airflow/.local/lib/python3.12/site-packages/airflow/example_dags/example_time_delta_sensor_async.py
[2024-10-28T00:17:13.980+0000] {processor.py:914} INFO - Processing file /home/airflow/.local/lib/python3.12/site-packages/airflow/example_dags/example_time_delta_sensor_async.py for tasks to queue
[2024-10-28T00:17:13.982+0000] {logging_mixin.py:190} INFO - [2024-10-28T00:17:13.981+0000] {dagbag.py:588} INFO - Filling up the DagBag from /home/airflow/.local/lib/python3.12/site-packages/airflow/example_dags/example_time_delta_sensor_async.py
[2024-10-28T00:17:13.987+0000] {processor.py:925} INFO - DAG(s) 'example_time_delta_sensor_async' retrieved from /home/airflow/.local/lib/python3.12/site-packages/airflow/example_dags/example_time_delta_sensor_async.py
[2024-10-28T00:17:14.006+0000] {logging_mixin.py:190} INFO - [2024-10-28T00:17:14.005+0000] {dag.py:3239} INFO - Sync 1 DAGs
[2024-10-28T00:17:14.019+0000] {logging_mixin.py:190} INFO - [2024-10-28T00:17:14.019+0000] {dag.py:4180} INFO - Setting next_dagrun for example_time_delta_sensor_async to None, run_after=None
[2024-10-28T00:17:14.037+0000] {processor.py:208} INFO - Processing /home/airflow/.local/lib/python3.12/site-packages/airflow/example_dags/example_time_delta_sensor_async.py took 0.064 seconds
[2024-10-28T00:17:45.231+0000] {processor.py:186} INFO - Started process (PID=47734) to work on /home/airflow/.local/lib/python3.12/site-packages/airflow/example_dags/example_time_delta_sensor_async.py
[2024-10-28T00:17:45.232+0000] {processor.py:914} INFO - Processing file /home/airflow/.local/lib/python3.12/site-packages/airflow/example_dags/example_time_delta_sensor_async.py for tasks to queue
[2024-10-28T00:17:45.233+0000] {logging_mixin.py:190} INFO - [2024-10-28T00:17:45.233+0000] {dagbag.py:588} INFO - Filling up the DagBag from /home/airflow/.local/lib/python3.12/site-packages/airflow/example_dags/example_time_delta_sensor_async.py
[2024-10-28T00:17:45.240+0000] {processor.py:925} INFO - DAG(s) 'example_time_delta_sensor_async' retrieved from /home/airflow/.local/lib/python3.12/site-packages/airflow/example_dags/example_time_delta_sensor_async.py
[2024-10-28T00:17:45.266+0000] {logging_mixin.py:190} INFO - [2024-10-28T00:17:45.266+0000] {dag.py:3239} INFO - Sync 1 DAGs
[2024-10-28T00:17:45.288+0000] {logging_mixin.py:190} INFO - [2024-10-28T00:17:45.288+0000] {dag.py:4180} INFO - Setting next_dagrun for example_time_delta_sensor_async to None, run_after=None
[2024-10-28T00:17:45.316+0000] {processor.py:208} INFO - Processing /home/airflow/.local/lib/python3.12/site-packages/airflow/example_dags/example_time_delta_sensor_async.py took 0.093 seconds
[2024-10-28T00:18:15.529+0000] {processor.py:186} INFO - Started process (PID=47809) to work on /home/airflow/.local/lib/python3.12/site-packages/airflow/example_dags/example_time_delta_sensor_async.py
[2024-10-28T00:18:15.530+0000] {processor.py:914} INFO - Processing file /home/airflow/.local/lib/python3.12/site-packages/airflow/example_dags/example_time_delta_sensor_async.py for tasks to queue
[2024-10-28T00:18:15.532+0000] {logging_mixin.py:190} INFO - [2024-10-28T00:18:15.531+0000] {dagbag.py:588} INFO - Filling up the DagBag from /home/airflow/.local/lib/python3.12/site-packages/airflow/example_dags/example_time_delta_sensor_async.py
[2024-10-28T00:18:15.539+0000] {processor.py:925} INFO - DAG(s) 'example_time_delta_sensor_async' retrieved from /home/airflow/.local/lib/python3.12/site-packages/airflow/example_dags/example_time_delta_sensor_async.py
[2024-10-28T00:18:15.559+0000] {logging_mixin.py:190} INFO - [2024-10-28T00:18:15.559+0000] {dag.py:3239} INFO - Sync 1 DAGs
[2024-10-28T00:18:15.574+0000] {logging_mixin.py:190} INFO - [2024-10-28T00:18:15.574+0000] {dag.py:4180} INFO - Setting next_dagrun for example_time_delta_sensor_async to None, run_after=None
[2024-10-28T00:18:15.593+0000] {processor.py:208} INFO - Processing /home/airflow/.local/lib/python3.12/site-packages/airflow/example_dags/example_time_delta_sensor_async.py took 0.069 seconds
[2024-10-28T00:18:47.105+0000] {processor.py:186} INFO - Started process (PID=47882) to work on /home/airflow/.local/lib/python3.12/site-packages/airflow/example_dags/example_time_delta_sensor_async.py
[2024-10-28T00:18:47.107+0000] {processor.py:914} INFO - Processing file /home/airflow/.local/lib/python3.12/site-packages/airflow/example_dags/example_time_delta_sensor_async.py for tasks to queue
[2024-10-28T00:18:47.109+0000] {logging_mixin.py:190} INFO - [2024-10-28T00:18:47.108+0000] {dagbag.py:588} INFO - Filling up the DagBag from /home/airflow/.local/lib/python3.12/site-packages/airflow/example_dags/example_time_delta_sensor_async.py
[2024-10-28T00:18:47.117+0000] {processor.py:925} INFO - DAG(s) 'example_time_delta_sensor_async' retrieved from /home/airflow/.local/lib/python3.12/site-packages/airflow/example_dags/example_time_delta_sensor_async.py
[2024-10-28T00:18:47.139+0000] {logging_mixin.py:190} INFO - [2024-10-28T00:18:47.138+0000] {dag.py:3239} INFO - Sync 1 DAGs
[2024-10-28T00:18:47.156+0000] {logging_mixin.py:190} INFO - [2024-10-28T00:18:47.155+0000] {dag.py:4180} INFO - Setting next_dagrun for example_time_delta_sensor_async to None, run_after=None
[2024-10-28T00:18:47.178+0000] {processor.py:208} INFO - Processing /home/airflow/.local/lib/python3.12/site-packages/airflow/example_dags/example_time_delta_sensor_async.py took 0.078 seconds
[2024-10-28T00:19:17.725+0000] {processor.py:186} INFO - Started process (PID=47956) to work on /home/airflow/.local/lib/python3.12/site-packages/airflow/example_dags/example_time_delta_sensor_async.py
[2024-10-28T00:19:17.726+0000] {processor.py:914} INFO - Processing file /home/airflow/.local/lib/python3.12/site-packages/airflow/example_dags/example_time_delta_sensor_async.py for tasks to queue
[2024-10-28T00:19:17.728+0000] {logging_mixin.py:190} INFO - [2024-10-28T00:19:17.727+0000] {dagbag.py:588} INFO - Filling up the DagBag from /home/airflow/.local/lib/python3.12/site-packages/airflow/example_dags/example_time_delta_sensor_async.py
[2024-10-28T00:19:17.735+0000] {processor.py:925} INFO - DAG(s) 'example_time_delta_sensor_async' retrieved from /home/airflow/.local/lib/python3.12/site-packages/airflow/example_dags/example_time_delta_sensor_async.py
[2024-10-28T00:19:17.757+0000] {logging_mixin.py:190} INFO - [2024-10-28T00:19:17.757+0000] {dag.py:3239} INFO - Sync 1 DAGs
[2024-10-28T00:19:17.776+0000] {logging_mixin.py:190} INFO - [2024-10-28T00:19:17.775+0000] {dag.py:4180} INFO - Setting next_dagrun for example_time_delta_sensor_async to None, run_after=None
[2024-10-28T00:19:17.801+0000] {processor.py:208} INFO - Processing /home/airflow/.local/lib/python3.12/site-packages/airflow/example_dags/example_time_delta_sensor_async.py took 0.082 seconds
[2024-10-28T00:19:48.853+0000] {processor.py:186} INFO - Started process (PID=48030) to work on /home/airflow/.local/lib/python3.12/site-packages/airflow/example_dags/example_time_delta_sensor_async.py
[2024-10-28T00:19:48.854+0000] {processor.py:914} INFO - Processing file /home/airflow/.local/lib/python3.12/site-packages/airflow/example_dags/example_time_delta_sensor_async.py for tasks to queue
[2024-10-28T00:19:48.856+0000] {logging_mixin.py:190} INFO - [2024-10-28T00:19:48.855+0000] {dagbag.py:588} INFO - Filling up the DagBag from /home/airflow/.local/lib/python3.12/site-packages/airflow/example_dags/example_time_delta_sensor_async.py
[2024-10-28T00:19:48.865+0000] {processor.py:925} INFO - DAG(s) 'example_time_delta_sensor_async' retrieved from /home/airflow/.local/lib/python3.12/site-packages/airflow/example_dags/example_time_delta_sensor_async.py
[2024-10-28T00:19:48.893+0000] {logging_mixin.py:190} INFO - [2024-10-28T00:19:48.893+0000] {dag.py:3239} INFO - Sync 1 DAGs
[2024-10-28T00:19:48.916+0000] {logging_mixin.py:190} INFO - [2024-10-28T00:19:48.916+0000] {dag.py:4180} INFO - Setting next_dagrun for example_time_delta_sensor_async to None, run_after=None
[2024-10-28T00:19:48.944+0000] {processor.py:208} INFO - Processing /home/airflow/.local/lib/python3.12/site-packages/airflow/example_dags/example_time_delta_sensor_async.py took 0.097 seconds
[2024-10-28T00:20:19.426+0000] {processor.py:186} INFO - Started process (PID=48104) to work on /home/airflow/.local/lib/python3.12/site-packages/airflow/example_dags/example_time_delta_sensor_async.py
[2024-10-28T00:20:19.428+0000] {processor.py:914} INFO - Processing file /home/airflow/.local/lib/python3.12/site-packages/airflow/example_dags/example_time_delta_sensor_async.py for tasks to queue
[2024-10-28T00:20:19.429+0000] {logging_mixin.py:190} INFO - [2024-10-28T00:20:19.429+0000] {dagbag.py:588} INFO - Filling up the DagBag from /home/airflow/.local/lib/python3.12/site-packages/airflow/example_dags/example_time_delta_sensor_async.py
[2024-10-28T00:20:19.435+0000] {processor.py:925} INFO - DAG(s) 'example_time_delta_sensor_async' retrieved from /home/airflow/.local/lib/python3.12/site-packages/airflow/example_dags/example_time_delta_sensor_async.py
[2024-10-28T00:20:19.457+0000] {logging_mixin.py:190} INFO - [2024-10-28T00:20:19.457+0000] {dag.py:3239} INFO - Sync 1 DAGs
[2024-10-28T00:20:19.476+0000] {logging_mixin.py:190} INFO - [2024-10-28T00:20:19.476+0000] {dag.py:4180} INFO - Setting next_dagrun for example_time_delta_sensor_async to None, run_after=None
[2024-10-28T00:20:19.497+0000] {processor.py:208} INFO - Processing /home/airflow/.local/lib/python3.12/site-packages/airflow/example_dags/example_time_delta_sensor_async.py took 0.079 seconds
[2024-10-28T00:20:50.266+0000] {processor.py:186} INFO - Started process (PID=48178) to work on /home/airflow/.local/lib/python3.12/site-packages/airflow/example_dags/example_time_delta_sensor_async.py
[2024-10-28T00:20:50.267+0000] {processor.py:914} INFO - Processing file /home/airflow/.local/lib/python3.12/site-packages/airflow/example_dags/example_time_delta_sensor_async.py for tasks to queue
[2024-10-28T00:20:50.268+0000] {logging_mixin.py:190} INFO - [2024-10-28T00:20:50.268+0000] {dagbag.py:588} INFO - Filling up the DagBag from /home/airflow/.local/lib/python3.12/site-packages/airflow/example_dags/example_time_delta_sensor_async.py
[2024-10-28T00:20:50.274+0000] {processor.py:925} INFO - DAG(s) 'example_time_delta_sensor_async' retrieved from /home/airflow/.local/lib/python3.12/site-packages/airflow/example_dags/example_time_delta_sensor_async.py
[2024-10-28T00:20:50.296+0000] {logging_mixin.py:190} INFO - [2024-10-28T00:20:50.295+0000] {dag.py:3239} INFO - Sync 1 DAGs
[2024-10-28T00:20:50.314+0000] {logging_mixin.py:190} INFO - [2024-10-28T00:20:50.314+0000] {dag.py:4180} INFO - Setting next_dagrun for example_time_delta_sensor_async to None, run_after=None
[2024-10-28T00:20:50.338+0000] {processor.py:208} INFO - Processing /home/airflow/.local/lib/python3.12/site-packages/airflow/example_dags/example_time_delta_sensor_async.py took 0.078 seconds
[2024-10-28T00:21:20.954+0000] {processor.py:186} INFO - Started process (PID=48252) to work on /home/airflow/.local/lib/python3.12/site-packages/airflow/example_dags/example_time_delta_sensor_async.py
[2024-10-28T00:21:20.955+0000] {processor.py:914} INFO - Processing file /home/airflow/.local/lib/python3.12/site-packages/airflow/example_dags/example_time_delta_sensor_async.py for tasks to queue
[2024-10-28T00:21:20.956+0000] {logging_mixin.py:190} INFO - [2024-10-28T00:21:20.956+0000] {dagbag.py:588} INFO - Filling up the DagBag from /home/airflow/.local/lib/python3.12/site-packages/airflow/example_dags/example_time_delta_sensor_async.py
[2024-10-28T00:21:20.965+0000] {processor.py:925} INFO - DAG(s) 'example_time_delta_sensor_async' retrieved from /home/airflow/.local/lib/python3.12/site-packages/airflow/example_dags/example_time_delta_sensor_async.py
[2024-10-28T00:21:20.988+0000] {logging_mixin.py:190} INFO - [2024-10-28T00:21:20.988+0000] {dag.py:3239} INFO - Sync 1 DAGs
[2024-10-28T00:21:21.003+0000] {logging_mixin.py:190} INFO - [2024-10-28T00:21:21.003+0000] {dag.py:4180} INFO - Setting next_dagrun for example_time_delta_sensor_async to None, run_after=None
[2024-10-28T00:21:21.024+0000] {processor.py:208} INFO - Processing /home/airflow/.local/lib/python3.12/site-packages/airflow/example_dags/example_time_delta_sensor_async.py took 0.075 seconds
[2024-10-28T00:21:51.574+0000] {processor.py:186} INFO - Started process (PID=48326) to work on /home/airflow/.local/lib/python3.12/site-packages/airflow/example_dags/example_time_delta_sensor_async.py
[2024-10-28T00:21:51.576+0000] {processor.py:914} INFO - Processing file /home/airflow/.local/lib/python3.12/site-packages/airflow/example_dags/example_time_delta_sensor_async.py for tasks to queue
[2024-10-28T00:21:51.578+0000] {logging_mixin.py:190} INFO - [2024-10-28T00:21:51.577+0000] {dagbag.py:588} INFO - Filling up the DagBag from /home/airflow/.local/lib/python3.12/site-packages/airflow/example_dags/example_time_delta_sensor_async.py
[2024-10-28T00:21:51.586+0000] {processor.py:925} INFO - DAG(s) 'example_time_delta_sensor_async' retrieved from /home/airflow/.local/lib/python3.12/site-packages/airflow/example_dags/example_time_delta_sensor_async.py
[2024-10-28T00:21:51.610+0000] {logging_mixin.py:190} INFO - [2024-10-28T00:21:51.609+0000] {dag.py:3239} INFO - Sync 1 DAGs
[2024-10-28T00:21:51.625+0000] {logging_mixin.py:190} INFO - [2024-10-28T00:21:51.625+0000] {dag.py:4180} INFO - Setting next_dagrun for example_time_delta_sensor_async to None, run_after=None
[2024-10-28T00:21:51.644+0000] {processor.py:208} INFO - Processing /home/airflow/.local/lib/python3.12/site-packages/airflow/example_dags/example_time_delta_sensor_async.py took 0.075 seconds
[2024-10-28T00:22:22.417+0000] {processor.py:186} INFO - Started process (PID=48400) to work on /home/airflow/.local/lib/python3.12/site-packages/airflow/example_dags/example_time_delta_sensor_async.py
[2024-10-28T00:22:22.418+0000] {processor.py:914} INFO - Processing file /home/airflow/.local/lib/python3.12/site-packages/airflow/example_dags/example_time_delta_sensor_async.py for tasks to queue
[2024-10-28T00:22:22.419+0000] {logging_mixin.py:190} INFO - [2024-10-28T00:22:22.418+0000] {dagbag.py:588} INFO - Filling up the DagBag from /home/airflow/.local/lib/python3.12/site-packages/airflow/example_dags/example_time_delta_sensor_async.py
[2024-10-28T00:22:22.425+0000] {processor.py:925} INFO - DAG(s) 'example_time_delta_sensor_async' retrieved from /home/airflow/.local/lib/python3.12/site-packages/airflow/example_dags/example_time_delta_sensor_async.py
[2024-10-28T00:22:22.445+0000] {logging_mixin.py:190} INFO - [2024-10-28T00:22:22.444+0000] {dag.py:3239} INFO - Sync 1 DAGs
[2024-10-28T00:22:22.461+0000] {logging_mixin.py:190} INFO - [2024-10-28T00:22:22.461+0000] {dag.py:4180} INFO - Setting next_dagrun for example_time_delta_sensor_async to None, run_after=None
[2024-10-28T00:22:22.480+0000] {processor.py:208} INFO - Processing /home/airflow/.local/lib/python3.12/site-packages/airflow/example_dags/example_time_delta_sensor_async.py took 0.069 seconds
[2024-10-28T00:22:53.019+0000] {processor.py:186} INFO - Started process (PID=48474) to work on /home/airflow/.local/lib/python3.12/site-packages/airflow/example_dags/example_time_delta_sensor_async.py
[2024-10-28T00:22:53.020+0000] {processor.py:914} INFO - Processing file /home/airflow/.local/lib/python3.12/site-packages/airflow/example_dags/example_time_delta_sensor_async.py for tasks to queue
[2024-10-28T00:22:53.022+0000] {logging_mixin.py:190} INFO - [2024-10-28T00:22:53.022+0000] {dagbag.py:588} INFO - Filling up the DagBag from /home/airflow/.local/lib/python3.12/site-packages/airflow/example_dags/example_time_delta_sensor_async.py
[2024-10-28T00:22:53.029+0000] {processor.py:925} INFO - DAG(s) 'example_time_delta_sensor_async' retrieved from /home/airflow/.local/lib/python3.12/site-packages/airflow/example_dags/example_time_delta_sensor_async.py
[2024-10-28T00:22:53.053+0000] {logging_mixin.py:190} INFO - [2024-10-28T00:22:53.053+0000] {dag.py:3239} INFO - Sync 1 DAGs
[2024-10-28T00:22:53.071+0000] {logging_mixin.py:190} INFO - [2024-10-28T00:22:53.071+0000] {dag.py:4180} INFO - Setting next_dagrun for example_time_delta_sensor_async to None, run_after=None
[2024-10-28T00:22:53.093+0000] {processor.py:208} INFO - Processing /home/airflow/.local/lib/python3.12/site-packages/airflow/example_dags/example_time_delta_sensor_async.py took 0.082 seconds
[2024-10-28T00:23:23.515+0000] {processor.py:186} INFO - Started process (PID=48548) to work on /home/airflow/.local/lib/python3.12/site-packages/airflow/example_dags/example_time_delta_sensor_async.py
[2024-10-28T00:23:23.516+0000] {processor.py:914} INFO - Processing file /home/airflow/.local/lib/python3.12/site-packages/airflow/example_dags/example_time_delta_sensor_async.py for tasks to queue
[2024-10-28T00:23:23.518+0000] {logging_mixin.py:190} INFO - [2024-10-28T00:23:23.517+0000] {dagbag.py:588} INFO - Filling up the DagBag from /home/airflow/.local/lib/python3.12/site-packages/airflow/example_dags/example_time_delta_sensor_async.py
[2024-10-28T00:23:23.524+0000] {processor.py:925} INFO - DAG(s) 'example_time_delta_sensor_async' retrieved from /home/airflow/.local/lib/python3.12/site-packages/airflow/example_dags/example_time_delta_sensor_async.py
[2024-10-28T00:23:23.543+0000] {logging_mixin.py:190} INFO - [2024-10-28T00:23:23.543+0000] {dag.py:3239} INFO - Sync 1 DAGs
[2024-10-28T00:23:23.559+0000] {logging_mixin.py:190} INFO - [2024-10-28T00:23:23.559+0000] {dag.py:4180} INFO - Setting next_dagrun for example_time_delta_sensor_async to None, run_after=None
[2024-10-28T00:23:23.578+0000] {processor.py:208} INFO - Processing /home/airflow/.local/lib/python3.12/site-packages/airflow/example_dags/example_time_delta_sensor_async.py took 0.069 seconds
[2024-10-28T00:23:55.465+0000] {processor.py:186} INFO - Started process (PID=48622) to work on /home/airflow/.local/lib/python3.12/site-packages/airflow/example_dags/example_time_delta_sensor_async.py
[2024-10-28T00:23:55.466+0000] {processor.py:914} INFO - Processing file /home/airflow/.local/lib/python3.12/site-packages/airflow/example_dags/example_time_delta_sensor_async.py for tasks to queue
[2024-10-28T00:23:55.468+0000] {logging_mixin.py:190} INFO - [2024-10-28T00:23:55.468+0000] {dagbag.py:588} INFO - Filling up the DagBag from /home/airflow/.local/lib/python3.12/site-packages/airflow/example_dags/example_time_delta_sensor_async.py
[2024-10-28T00:23:55.476+0000] {processor.py:925} INFO - DAG(s) 'example_time_delta_sensor_async' retrieved from /home/airflow/.local/lib/python3.12/site-packages/airflow/example_dags/example_time_delta_sensor_async.py
[2024-10-28T00:23:55.500+0000] {logging_mixin.py:190} INFO - [2024-10-28T00:23:55.500+0000] {dag.py:3239} INFO - Sync 1 DAGs
[2024-10-28T00:23:55.520+0000] {logging_mixin.py:190} INFO - [2024-10-28T00:23:55.520+0000] {dag.py:4180} INFO - Setting next_dagrun for example_time_delta_sensor_async to None, run_after=None
[2024-10-28T00:23:55.546+0000] {processor.py:208} INFO - Processing /home/airflow/.local/lib/python3.12/site-packages/airflow/example_dags/example_time_delta_sensor_async.py took 0.088 seconds
[2024-10-28T00:24:25.656+0000] {processor.py:186} INFO - Started process (PID=48696) to work on /home/airflow/.local/lib/python3.12/site-packages/airflow/example_dags/example_time_delta_sensor_async.py
[2024-10-28T00:24:25.657+0000] {processor.py:914} INFO - Processing file /home/airflow/.local/lib/python3.12/site-packages/airflow/example_dags/example_time_delta_sensor_async.py for tasks to queue
[2024-10-28T00:24:25.659+0000] {logging_mixin.py:190} INFO - [2024-10-28T00:24:25.658+0000] {dagbag.py:588} INFO - Filling up the DagBag from /home/airflow/.local/lib/python3.12/site-packages/airflow/example_dags/example_time_delta_sensor_async.py
[2024-10-28T00:24:25.665+0000] {processor.py:925} INFO - DAG(s) 'example_time_delta_sensor_async' retrieved from /home/airflow/.local/lib/python3.12/site-packages/airflow/example_dags/example_time_delta_sensor_async.py
[2024-10-28T00:24:25.684+0000] {logging_mixin.py:190} INFO - [2024-10-28T00:24:25.684+0000] {dag.py:3239} INFO - Sync 1 DAGs
[2024-10-28T00:24:25.699+0000] {logging_mixin.py:190} INFO - [2024-10-28T00:24:25.698+0000] {dag.py:4180} INFO - Setting next_dagrun for example_time_delta_sensor_async to None, run_after=None
[2024-10-28T00:24:25.717+0000] {processor.py:208} INFO - Processing /home/airflow/.local/lib/python3.12/site-packages/airflow/example_dags/example_time_delta_sensor_async.py took 0.067 seconds
[2024-10-28T00:24:56.186+0000] {processor.py:186} INFO - Started process (PID=48769) to work on /home/airflow/.local/lib/python3.12/site-packages/airflow/example_dags/example_time_delta_sensor_async.py
[2024-10-28T00:24:56.188+0000] {processor.py:914} INFO - Processing file /home/airflow/.local/lib/python3.12/site-packages/airflow/example_dags/example_time_delta_sensor_async.py for tasks to queue
[2024-10-28T00:24:56.190+0000] {logging_mixin.py:190} INFO - [2024-10-28T00:24:56.190+0000] {dagbag.py:588} INFO - Filling up the DagBag from /home/airflow/.local/lib/python3.12/site-packages/airflow/example_dags/example_time_delta_sensor_async.py
[2024-10-28T00:24:56.196+0000] {processor.py:925} INFO - DAG(s) 'example_time_delta_sensor_async' retrieved from /home/airflow/.local/lib/python3.12/site-packages/airflow/example_dags/example_time_delta_sensor_async.py
[2024-10-28T00:24:56.218+0000] {logging_mixin.py:190} INFO - [2024-10-28T00:24:56.218+0000] {dag.py:3239} INFO - Sync 1 DAGs
[2024-10-28T00:24:56.236+0000] {logging_mixin.py:190} INFO - [2024-10-28T00:24:56.236+0000] {dag.py:4180} INFO - Setting next_dagrun for example_time_delta_sensor_async to None, run_after=None
[2024-10-28T00:24:56.257+0000] {processor.py:208} INFO - Processing /home/airflow/.local/lib/python3.12/site-packages/airflow/example_dags/example_time_delta_sensor_async.py took 0.079 seconds
[2024-10-28T00:25:26.578+0000] {processor.py:186} INFO - Started process (PID=48843) to work on /home/airflow/.local/lib/python3.12/site-packages/airflow/example_dags/example_time_delta_sensor_async.py
[2024-10-28T00:25:26.579+0000] {processor.py:914} INFO - Processing file /home/airflow/.local/lib/python3.12/site-packages/airflow/example_dags/example_time_delta_sensor_async.py for tasks to queue
[2024-10-28T00:25:26.581+0000] {logging_mixin.py:190} INFO - [2024-10-28T00:25:26.581+0000] {dagbag.py:588} INFO - Filling up the DagBag from /home/airflow/.local/lib/python3.12/site-packages/airflow/example_dags/example_time_delta_sensor_async.py
[2024-10-28T00:25:26.587+0000] {processor.py:925} INFO - DAG(s) 'example_time_delta_sensor_async' retrieved from /home/airflow/.local/lib/python3.12/site-packages/airflow/example_dags/example_time_delta_sensor_async.py
[2024-10-28T00:25:26.605+0000] {logging_mixin.py:190} INFO - [2024-10-28T00:25:26.605+0000] {dag.py:3239} INFO - Sync 1 DAGs
[2024-10-28T00:25:26.620+0000] {logging_mixin.py:190} INFO - [2024-10-28T00:25:26.620+0000] {dag.py:4180} INFO - Setting next_dagrun for example_time_delta_sensor_async to None, run_after=None
[2024-10-28T00:25:26.638+0000] {processor.py:208} INFO - Processing /home/airflow/.local/lib/python3.12/site-packages/airflow/example_dags/example_time_delta_sensor_async.py took 0.067 seconds
[2024-10-28T00:25:57.154+0000] {processor.py:186} INFO - Started process (PID=48917) to work on /home/airflow/.local/lib/python3.12/site-packages/airflow/example_dags/example_time_delta_sensor_async.py
[2024-10-28T00:25:57.155+0000] {processor.py:914} INFO - Processing file /home/airflow/.local/lib/python3.12/site-packages/airflow/example_dags/example_time_delta_sensor_async.py for tasks to queue
[2024-10-28T00:25:57.156+0000] {logging_mixin.py:190} INFO - [2024-10-28T00:25:57.156+0000] {dagbag.py:588} INFO - Filling up the DagBag from /home/airflow/.local/lib/python3.12/site-packages/airflow/example_dags/example_time_delta_sensor_async.py
[2024-10-28T00:25:57.163+0000] {processor.py:925} INFO - DAG(s) 'example_time_delta_sensor_async' retrieved from /home/airflow/.local/lib/python3.12/site-packages/airflow/example_dags/example_time_delta_sensor_async.py
[2024-10-28T00:25:57.184+0000] {logging_mixin.py:190} INFO - [2024-10-28T00:25:57.183+0000] {dag.py:3239} INFO - Sync 1 DAGs
[2024-10-28T00:25:57.200+0000] {logging_mixin.py:190} INFO - [2024-10-28T00:25:57.200+0000] {dag.py:4180} INFO - Setting next_dagrun for example_time_delta_sensor_async to None, run_after=None
[2024-10-28T00:25:57.221+0000] {processor.py:208} INFO - Processing /home/airflow/.local/lib/python3.12/site-packages/airflow/example_dags/example_time_delta_sensor_async.py took 0.073 seconds
[2024-10-28T00:26:27.677+0000] {processor.py:186} INFO - Started process (PID=48991) to work on /home/airflow/.local/lib/python3.12/site-packages/airflow/example_dags/example_time_delta_sensor_async.py
[2024-10-28T00:26:27.679+0000] {processor.py:914} INFO - Processing file /home/airflow/.local/lib/python3.12/site-packages/airflow/example_dags/example_time_delta_sensor_async.py for tasks to queue
[2024-10-28T00:26:27.680+0000] {logging_mixin.py:190} INFO - [2024-10-28T00:26:27.680+0000] {dagbag.py:588} INFO - Filling up the DagBag from /home/airflow/.local/lib/python3.12/site-packages/airflow/example_dags/example_time_delta_sensor_async.py
[2024-10-28T00:26:27.688+0000] {processor.py:925} INFO - DAG(s) 'example_time_delta_sensor_async' retrieved from /home/airflow/.local/lib/python3.12/site-packages/airflow/example_dags/example_time_delta_sensor_async.py
[2024-10-28T00:26:27.706+0000] {logging_mixin.py:190} INFO - [2024-10-28T00:26:27.706+0000] {dag.py:3239} INFO - Sync 1 DAGs
[2024-10-28T00:26:27.721+0000] {logging_mixin.py:190} INFO - [2024-10-28T00:26:27.721+0000] {dag.py:4180} INFO - Setting next_dagrun for example_time_delta_sensor_async to None, run_after=None
[2024-10-28T00:26:27.741+0000] {processor.py:208} INFO - Processing /home/airflow/.local/lib/python3.12/site-packages/airflow/example_dags/example_time_delta_sensor_async.py took 0.070 seconds
[2024-10-28T00:26:58.062+0000] {processor.py:186} INFO - Started process (PID=49065) to work on /home/airflow/.local/lib/python3.12/site-packages/airflow/example_dags/example_time_delta_sensor_async.py
[2024-10-28T00:26:58.063+0000] {processor.py:914} INFO - Processing file /home/airflow/.local/lib/python3.12/site-packages/airflow/example_dags/example_time_delta_sensor_async.py for tasks to queue
[2024-10-28T00:26:58.064+0000] {logging_mixin.py:190} INFO - [2024-10-28T00:26:58.064+0000] {dagbag.py:588} INFO - Filling up the DagBag from /home/airflow/.local/lib/python3.12/site-packages/airflow/example_dags/example_time_delta_sensor_async.py
[2024-10-28T00:26:58.070+0000] {processor.py:925} INFO - DAG(s) 'example_time_delta_sensor_async' retrieved from /home/airflow/.local/lib/python3.12/site-packages/airflow/example_dags/example_time_delta_sensor_async.py
[2024-10-28T00:26:58.089+0000] {logging_mixin.py:190} INFO - [2024-10-28T00:26:58.089+0000] {dag.py:3239} INFO - Sync 1 DAGs
[2024-10-28T00:26:58.104+0000] {logging_mixin.py:190} INFO - [2024-10-28T00:26:58.103+0000] {dag.py:4180} INFO - Setting next_dagrun for example_time_delta_sensor_async to None, run_after=None
[2024-10-28T00:26:58.122+0000] {processor.py:208} INFO - Processing /home/airflow/.local/lib/python3.12/site-packages/airflow/example_dags/example_time_delta_sensor_async.py took 0.065 seconds
[2024-10-28T00:27:29.121+0000] {processor.py:186} INFO - Started process (PID=49140) to work on /home/airflow/.local/lib/python3.12/site-packages/airflow/example_dags/example_time_delta_sensor_async.py
[2024-10-28T00:27:29.122+0000] {processor.py:914} INFO - Processing file /home/airflow/.local/lib/python3.12/site-packages/airflow/example_dags/example_time_delta_sensor_async.py for tasks to queue
[2024-10-28T00:27:29.124+0000] {logging_mixin.py:190} INFO - [2024-10-28T00:27:29.123+0000] {dagbag.py:588} INFO - Filling up the DagBag from /home/airflow/.local/lib/python3.12/site-packages/airflow/example_dags/example_time_delta_sensor_async.py
[2024-10-28T00:27:29.134+0000] {processor.py:925} INFO - DAG(s) 'example_time_delta_sensor_async' retrieved from /home/airflow/.local/lib/python3.12/site-packages/airflow/example_dags/example_time_delta_sensor_async.py
[2024-10-28T00:27:29.160+0000] {logging_mixin.py:190} INFO - [2024-10-28T00:27:29.160+0000] {dag.py:3239} INFO - Sync 1 DAGs
[2024-10-28T00:27:29.183+0000] {logging_mixin.py:190} INFO - [2024-10-28T00:27:29.182+0000] {dag.py:4180} INFO - Setting next_dagrun for example_time_delta_sensor_async to None, run_after=None
[2024-10-28T00:27:29.208+0000] {processor.py:208} INFO - Processing /home/airflow/.local/lib/python3.12/site-packages/airflow/example_dags/example_time_delta_sensor_async.py took 0.093 seconds
[2024-10-28T00:28:00.066+0000] {processor.py:186} INFO - Started process (PID=49214) to work on /home/airflow/.local/lib/python3.12/site-packages/airflow/example_dags/example_time_delta_sensor_async.py
[2024-10-28T00:28:00.067+0000] {processor.py:914} INFO - Processing file /home/airflow/.local/lib/python3.12/site-packages/airflow/example_dags/example_time_delta_sensor_async.py for tasks to queue
[2024-10-28T00:28:00.068+0000] {logging_mixin.py:190} INFO - [2024-10-28T00:28:00.068+0000] {dagbag.py:588} INFO - Filling up the DagBag from /home/airflow/.local/lib/python3.12/site-packages/airflow/example_dags/example_time_delta_sensor_async.py
[2024-10-28T00:28:00.074+0000] {processor.py:925} INFO - DAG(s) 'example_time_delta_sensor_async' retrieved from /home/airflow/.local/lib/python3.12/site-packages/airflow/example_dags/example_time_delta_sensor_async.py
[2024-10-28T00:28:00.094+0000] {logging_mixin.py:190} INFO - [2024-10-28T00:28:00.094+0000] {dag.py:3239} INFO - Sync 1 DAGs
[2024-10-28T00:28:00.110+0000] {logging_mixin.py:190} INFO - [2024-10-28T00:28:00.109+0000] {dag.py:4180} INFO - Setting next_dagrun for example_time_delta_sensor_async to None, run_after=None
[2024-10-28T00:28:00.129+0000] {processor.py:208} INFO - Processing /home/airflow/.local/lib/python3.12/site-packages/airflow/example_dags/example_time_delta_sensor_async.py took 0.069 seconds
[2024-10-28T00:28:30.629+0000] {processor.py:186} INFO - Started process (PID=49288) to work on /home/airflow/.local/lib/python3.12/site-packages/airflow/example_dags/example_time_delta_sensor_async.py
[2024-10-28T00:28:30.630+0000] {processor.py:914} INFO - Processing file /home/airflow/.local/lib/python3.12/site-packages/airflow/example_dags/example_time_delta_sensor_async.py for tasks to queue
[2024-10-28T00:28:30.632+0000] {logging_mixin.py:190} INFO - [2024-10-28T00:28:30.631+0000] {dagbag.py:588} INFO - Filling up the DagBag from /home/airflow/.local/lib/python3.12/site-packages/airflow/example_dags/example_time_delta_sensor_async.py
[2024-10-28T00:28:30.638+0000] {processor.py:925} INFO - DAG(s) 'example_time_delta_sensor_async' retrieved from /home/airflow/.local/lib/python3.12/site-packages/airflow/example_dags/example_time_delta_sensor_async.py
[2024-10-28T00:28:30.657+0000] {logging_mixin.py:190} INFO - [2024-10-28T00:28:30.657+0000] {dag.py:3239} INFO - Sync 1 DAGs
[2024-10-28T00:28:30.671+0000] {logging_mixin.py:190} INFO - [2024-10-28T00:28:30.671+0000] {dag.py:4180} INFO - Setting next_dagrun for example_time_delta_sensor_async to None, run_after=None
[2024-10-28T00:28:30.689+0000] {processor.py:208} INFO - Processing /home/airflow/.local/lib/python3.12/site-packages/airflow/example_dags/example_time_delta_sensor_async.py took 0.065 seconds
[2024-10-28T00:29:01.410+0000] {processor.py:186} INFO - Started process (PID=49362) to work on /home/airflow/.local/lib/python3.12/site-packages/airflow/example_dags/example_time_delta_sensor_async.py
[2024-10-28T00:29:01.410+0000] {processor.py:914} INFO - Processing file /home/airflow/.local/lib/python3.12/site-packages/airflow/example_dags/example_time_delta_sensor_async.py for tasks to queue
[2024-10-28T00:29:01.412+0000] {logging_mixin.py:190} INFO - [2024-10-28T00:29:01.412+0000] {dagbag.py:588} INFO - Filling up the DagBag from /home/airflow/.local/lib/python3.12/site-packages/airflow/example_dags/example_time_delta_sensor_async.py
[2024-10-28T00:29:01.421+0000] {processor.py:925} INFO - DAG(s) 'example_time_delta_sensor_async' retrieved from /home/airflow/.local/lib/python3.12/site-packages/airflow/example_dags/example_time_delta_sensor_async.py
[2024-10-28T00:29:01.442+0000] {logging_mixin.py:190} INFO - [2024-10-28T00:29:01.441+0000] {dag.py:3239} INFO - Sync 1 DAGs
[2024-10-28T00:29:01.460+0000] {logging_mixin.py:190} INFO - [2024-10-28T00:29:01.460+0000] {dag.py:4180} INFO - Setting next_dagrun for example_time_delta_sensor_async to None, run_after=None
[2024-10-28T00:29:01.481+0000] {processor.py:208} INFO - Processing /home/airflow/.local/lib/python3.12/site-packages/airflow/example_dags/example_time_delta_sensor_async.py took 0.080 seconds
[2024-10-28T00:29:32.469+0000] {processor.py:186} INFO - Started process (PID=49436) to work on /home/airflow/.local/lib/python3.12/site-packages/airflow/example_dags/example_time_delta_sensor_async.py
[2024-10-28T00:29:32.470+0000] {processor.py:914} INFO - Processing file /home/airflow/.local/lib/python3.12/site-packages/airflow/example_dags/example_time_delta_sensor_async.py for tasks to queue
[2024-10-28T00:29:32.471+0000] {logging_mixin.py:190} INFO - [2024-10-28T00:29:32.471+0000] {dagbag.py:588} INFO - Filling up the DagBag from /home/airflow/.local/lib/python3.12/site-packages/airflow/example_dags/example_time_delta_sensor_async.py
[2024-10-28T00:29:32.478+0000] {processor.py:925} INFO - DAG(s) 'example_time_delta_sensor_async' retrieved from /home/airflow/.local/lib/python3.12/site-packages/airflow/example_dags/example_time_delta_sensor_async.py
[2024-10-28T00:29:32.497+0000] {logging_mixin.py:190} INFO - [2024-10-28T00:29:32.497+0000] {dag.py:3239} INFO - Sync 1 DAGs
[2024-10-28T00:29:32.513+0000] {logging_mixin.py:190} INFO - [2024-10-28T00:29:32.512+0000] {dag.py:4180} INFO - Setting next_dagrun for example_time_delta_sensor_async to None, run_after=None
[2024-10-28T00:29:32.536+0000] {processor.py:208} INFO - Processing /home/airflow/.local/lib/python3.12/site-packages/airflow/example_dags/example_time_delta_sensor_async.py took 0.073 seconds
[2024-10-28T00:30:03.187+0000] {processor.py:186} INFO - Started process (PID=49510) to work on /home/airflow/.local/lib/python3.12/site-packages/airflow/example_dags/example_time_delta_sensor_async.py
[2024-10-28T00:30:03.188+0000] {processor.py:914} INFO - Processing file /home/airflow/.local/lib/python3.12/site-packages/airflow/example_dags/example_time_delta_sensor_async.py for tasks to queue
[2024-10-28T00:30:03.190+0000] {logging_mixin.py:190} INFO - [2024-10-28T00:30:03.189+0000] {dagbag.py:588} INFO - Filling up the DagBag from /home/airflow/.local/lib/python3.12/site-packages/airflow/example_dags/example_time_delta_sensor_async.py
[2024-10-28T00:30:03.196+0000] {processor.py:925} INFO - DAG(s) 'example_time_delta_sensor_async' retrieved from /home/airflow/.local/lib/python3.12/site-packages/airflow/example_dags/example_time_delta_sensor_async.py
[2024-10-28T00:30:03.214+0000] {logging_mixin.py:190} INFO - [2024-10-28T00:30:03.214+0000] {dag.py:3239} INFO - Sync 1 DAGs
[2024-10-28T00:30:03.229+0000] {logging_mixin.py:190} INFO - [2024-10-28T00:30:03.228+0000] {dag.py:4180} INFO - Setting next_dagrun for example_time_delta_sensor_async to None, run_after=None
[2024-10-28T00:30:03.249+0000] {processor.py:208} INFO - Processing /home/airflow/.local/lib/python3.12/site-packages/airflow/example_dags/example_time_delta_sensor_async.py took 0.067 seconds
[2024-10-28T00:30:34.278+0000] {processor.py:186} INFO - Started process (PID=49584) to work on /home/airflow/.local/lib/python3.12/site-packages/airflow/example_dags/example_time_delta_sensor_async.py
[2024-10-28T00:30:34.279+0000] {processor.py:914} INFO - Processing file /home/airflow/.local/lib/python3.12/site-packages/airflow/example_dags/example_time_delta_sensor_async.py for tasks to queue
[2024-10-28T00:30:34.280+0000] {logging_mixin.py:190} INFO - [2024-10-28T00:30:34.280+0000] {dagbag.py:588} INFO - Filling up the DagBag from /home/airflow/.local/lib/python3.12/site-packages/airflow/example_dags/example_time_delta_sensor_async.py
[2024-10-28T00:30:34.286+0000] {processor.py:925} INFO - DAG(s) 'example_time_delta_sensor_async' retrieved from /home/airflow/.local/lib/python3.12/site-packages/airflow/example_dags/example_time_delta_sensor_async.py
[2024-10-28T00:30:34.306+0000] {logging_mixin.py:190} INFO - [2024-10-28T00:30:34.306+0000] {dag.py:3239} INFO - Sync 1 DAGs
[2024-10-28T00:30:34.321+0000] {logging_mixin.py:190} INFO - [2024-10-28T00:30:34.321+0000] {dag.py:4180} INFO - Setting next_dagrun for example_time_delta_sensor_async to None, run_after=None
[2024-10-28T00:30:34.339+0000] {processor.py:208} INFO - Processing /home/airflow/.local/lib/python3.12/site-packages/airflow/example_dags/example_time_delta_sensor_async.py took 0.067 seconds
[2024-10-28T00:31:05.016+0000] {processor.py:186} INFO - Started process (PID=49658) to work on /home/airflow/.local/lib/python3.12/site-packages/airflow/example_dags/example_time_delta_sensor_async.py
[2024-10-28T00:31:05.017+0000] {processor.py:914} INFO - Processing file /home/airflow/.local/lib/python3.12/site-packages/airflow/example_dags/example_time_delta_sensor_async.py for tasks to queue
[2024-10-28T00:31:05.018+0000] {logging_mixin.py:190} INFO - [2024-10-28T00:31:05.018+0000] {dagbag.py:588} INFO - Filling up the DagBag from /home/airflow/.local/lib/python3.12/site-packages/airflow/example_dags/example_time_delta_sensor_async.py
[2024-10-28T00:31:05.024+0000] {processor.py:925} INFO - DAG(s) 'example_time_delta_sensor_async' retrieved from /home/airflow/.local/lib/python3.12/site-packages/airflow/example_dags/example_time_delta_sensor_async.py
[2024-10-28T00:31:05.044+0000] {logging_mixin.py:190} INFO - [2024-10-28T00:31:05.044+0000] {dag.py:3239} INFO - Sync 1 DAGs
[2024-10-28T00:31:05.061+0000] {logging_mixin.py:190} INFO - [2024-10-28T00:31:05.060+0000] {dag.py:4180} INFO - Setting next_dagrun for example_time_delta_sensor_async to None, run_after=None
[2024-10-28T00:31:05.081+0000] {processor.py:208} INFO - Processing /home/airflow/.local/lib/python3.12/site-packages/airflow/example_dags/example_time_delta_sensor_async.py took 0.071 seconds
[2024-10-28T00:31:36.035+0000] {processor.py:186} INFO - Started process (PID=49732) to work on /home/airflow/.local/lib/python3.12/site-packages/airflow/example_dags/example_time_delta_sensor_async.py
[2024-10-28T00:31:36.036+0000] {processor.py:914} INFO - Processing file /home/airflow/.local/lib/python3.12/site-packages/airflow/example_dags/example_time_delta_sensor_async.py for tasks to queue
[2024-10-28T00:31:36.038+0000] {logging_mixin.py:190} INFO - [2024-10-28T00:31:36.037+0000] {dagbag.py:588} INFO - Filling up the DagBag from /home/airflow/.local/lib/python3.12/site-packages/airflow/example_dags/example_time_delta_sensor_async.py
[2024-10-28T00:31:36.044+0000] {processor.py:925} INFO - DAG(s) 'example_time_delta_sensor_async' retrieved from /home/airflow/.local/lib/python3.12/site-packages/airflow/example_dags/example_time_delta_sensor_async.py
[2024-10-28T00:31:36.062+0000] {logging_mixin.py:190} INFO - [2024-10-28T00:31:36.061+0000] {dag.py:3239} INFO - Sync 1 DAGs
[2024-10-28T00:31:36.076+0000] {logging_mixin.py:190} INFO - [2024-10-28T00:31:36.076+0000] {dag.py:4180} INFO - Setting next_dagrun for example_time_delta_sensor_async to None, run_after=None
[2024-10-28T00:31:36.094+0000] {processor.py:208} INFO - Processing /home/airflow/.local/lib/python3.12/site-packages/airflow/example_dags/example_time_delta_sensor_async.py took 0.064 seconds
[2024-10-28T00:32:06.875+0000] {processor.py:186} INFO - Started process (PID=49806) to work on /home/airflow/.local/lib/python3.12/site-packages/airflow/example_dags/example_time_delta_sensor_async.py
[2024-10-28T00:32:06.876+0000] {processor.py:914} INFO - Processing file /home/airflow/.local/lib/python3.12/site-packages/airflow/example_dags/example_time_delta_sensor_async.py for tasks to queue
[2024-10-28T00:32:06.878+0000] {logging_mixin.py:190} INFO - [2024-10-28T00:32:06.877+0000] {dagbag.py:588} INFO - Filling up the DagBag from /home/airflow/.local/lib/python3.12/site-packages/airflow/example_dags/example_time_delta_sensor_async.py
[2024-10-28T00:32:06.884+0000] {processor.py:925} INFO - DAG(s) 'example_time_delta_sensor_async' retrieved from /home/airflow/.local/lib/python3.12/site-packages/airflow/example_dags/example_time_delta_sensor_async.py
[2024-10-28T00:32:06.910+0000] {logging_mixin.py:190} INFO - [2024-10-28T00:32:06.910+0000] {dag.py:3239} INFO - Sync 1 DAGs
[2024-10-28T00:32:06.926+0000] {logging_mixin.py:190} INFO - [2024-10-28T00:32:06.926+0000] {dag.py:4180} INFO - Setting next_dagrun for example_time_delta_sensor_async to None, run_after=None
[2024-10-28T00:32:06.947+0000] {processor.py:208} INFO - Processing /home/airflow/.local/lib/python3.12/site-packages/airflow/example_dags/example_time_delta_sensor_async.py took 0.079 seconds
[2024-10-28T00:32:37.743+0000] {processor.py:186} INFO - Started process (PID=49880) to work on /home/airflow/.local/lib/python3.12/site-packages/airflow/example_dags/example_time_delta_sensor_async.py
[2024-10-28T00:32:37.744+0000] {processor.py:914} INFO - Processing file /home/airflow/.local/lib/python3.12/site-packages/airflow/example_dags/example_time_delta_sensor_async.py for tasks to queue
[2024-10-28T00:32:37.745+0000] {logging_mixin.py:190} INFO - [2024-10-28T00:32:37.745+0000] {dagbag.py:588} INFO - Filling up the DagBag from /home/airflow/.local/lib/python3.12/site-packages/airflow/example_dags/example_time_delta_sensor_async.py
[2024-10-28T00:32:37.751+0000] {processor.py:925} INFO - DAG(s) 'example_time_delta_sensor_async' retrieved from /home/airflow/.local/lib/python3.12/site-packages/airflow/example_dags/example_time_delta_sensor_async.py
[2024-10-28T00:32:37.769+0000] {logging_mixin.py:190} INFO - [2024-10-28T00:32:37.768+0000] {dag.py:3239} INFO - Sync 1 DAGs
[2024-10-28T00:32:37.782+0000] {logging_mixin.py:190} INFO - [2024-10-28T00:32:37.782+0000] {dag.py:4180} INFO - Setting next_dagrun for example_time_delta_sensor_async to None, run_after=None
[2024-10-28T00:32:37.800+0000] {processor.py:208} INFO - Processing /home/airflow/.local/lib/python3.12/site-packages/airflow/example_dags/example_time_delta_sensor_async.py took 0.062 seconds
[2024-10-28T00:33:08.666+0000] {processor.py:186} INFO - Started process (PID=49960) to work on /home/airflow/.local/lib/python3.12/site-packages/airflow/example_dags/example_time_delta_sensor_async.py
[2024-10-28T00:33:08.667+0000] {processor.py:914} INFO - Processing file /home/airflow/.local/lib/python3.12/site-packages/airflow/example_dags/example_time_delta_sensor_async.py for tasks to queue
[2024-10-28T00:33:08.669+0000] {logging_mixin.py:190} INFO - [2024-10-28T00:33:08.669+0000] {dagbag.py:588} INFO - Filling up the DagBag from /home/airflow/.local/lib/python3.12/site-packages/airflow/example_dags/example_time_delta_sensor_async.py
[2024-10-28T00:33:08.675+0000] {processor.py:925} INFO - DAG(s) 'example_time_delta_sensor_async' retrieved from /home/airflow/.local/lib/python3.12/site-packages/airflow/example_dags/example_time_delta_sensor_async.py
[2024-10-28T00:33:08.694+0000] {logging_mixin.py:190} INFO - [2024-10-28T00:33:08.694+0000] {dag.py:3239} INFO - Sync 1 DAGs
[2024-10-28T00:33:08.709+0000] {logging_mixin.py:190} INFO - [2024-10-28T00:33:08.709+0000] {dag.py:4180} INFO - Setting next_dagrun for example_time_delta_sensor_async to None, run_after=None
[2024-10-28T00:33:08.727+0000] {processor.py:208} INFO - Processing /home/airflow/.local/lib/python3.12/site-packages/airflow/example_dags/example_time_delta_sensor_async.py took 0.067 seconds
[2024-10-28T00:33:39.401+0000] {processor.py:186} INFO - Started process (PID=50034) to work on /home/airflow/.local/lib/python3.12/site-packages/airflow/example_dags/example_time_delta_sensor_async.py
[2024-10-28T00:33:39.402+0000] {processor.py:914} INFO - Processing file /home/airflow/.local/lib/python3.12/site-packages/airflow/example_dags/example_time_delta_sensor_async.py for tasks to queue
[2024-10-28T00:33:39.403+0000] {logging_mixin.py:190} INFO - [2024-10-28T00:33:39.403+0000] {dagbag.py:588} INFO - Filling up the DagBag from /home/airflow/.local/lib/python3.12/site-packages/airflow/example_dags/example_time_delta_sensor_async.py
[2024-10-28T00:33:39.409+0000] {processor.py:925} INFO - DAG(s) 'example_time_delta_sensor_async' retrieved from /home/airflow/.local/lib/python3.12/site-packages/airflow/example_dags/example_time_delta_sensor_async.py
[2024-10-28T00:33:39.426+0000] {logging_mixin.py:190} INFO - [2024-10-28T00:33:39.426+0000] {dag.py:3239} INFO - Sync 1 DAGs
[2024-10-28T00:33:39.440+0000] {logging_mixin.py:190} INFO - [2024-10-28T00:33:39.440+0000] {dag.py:4180} INFO - Setting next_dagrun for example_time_delta_sensor_async to None, run_after=None
[2024-10-28T00:33:39.457+0000] {processor.py:208} INFO - Processing /home/airflow/.local/lib/python3.12/site-packages/airflow/example_dags/example_time_delta_sensor_async.py took 0.062 seconds
