[2024-10-28T00:00:16.646+0000] {processor.py:186} INFO - Started process (PID=45195) to work on /home/airflow/.local/lib/python3.12/site-packages/airflow/example_dags/example_sensor_decorator.py
[2024-10-28T00:00:16.647+0000] {processor.py:914} INFO - Processing file /home/airflow/.local/lib/python3.12/site-packages/airflow/example_dags/example_sensor_decorator.py for tasks to queue
[2024-10-28T00:00:16.649+0000] {logging_mixin.py:190} INFO - [2024-10-28T00:00:16.649+0000] {dagbag.py:588} INFO - Filling up the DagBag from /home/airflow/.local/lib/python3.12/site-packages/airflow/example_dags/example_sensor_decorator.py
[2024-10-28T00:00:16.660+0000] {processor.py:925} INFO - DAG(s) 'example_sensor_decorator' retrieved from /home/airflow/.local/lib/python3.12/site-packages/airflow/example_dags/example_sensor_decorator.py
[2024-10-28T00:00:16.683+0000] {logging_mixin.py:190} INFO - [2024-10-28T00:00:16.682+0000] {dag.py:3239} INFO - Sync 1 DAGs
[2024-10-28T00:00:16.701+0000] {logging_mixin.py:190} INFO - [2024-10-28T00:00:16.701+0000] {dag.py:4180} INFO - Setting next_dagrun for example_sensor_decorator to None, run_after=None
[2024-10-28T00:00:16.726+0000] {processor.py:208} INFO - Processing /home/airflow/.local/lib/python3.12/site-packages/airflow/example_dags/example_sensor_decorator.py took 0.089 seconds
[2024-10-28T00:00:47.110+0000] {processor.py:186} INFO - Started process (PID=45269) to work on /home/airflow/.local/lib/python3.12/site-packages/airflow/example_dags/example_sensor_decorator.py
[2024-10-28T00:00:47.111+0000] {processor.py:914} INFO - Processing file /home/airflow/.local/lib/python3.12/site-packages/airflow/example_dags/example_sensor_decorator.py for tasks to queue
[2024-10-28T00:00:47.112+0000] {logging_mixin.py:190} INFO - [2024-10-28T00:00:47.112+0000] {dagbag.py:588} INFO - Filling up the DagBag from /home/airflow/.local/lib/python3.12/site-packages/airflow/example_dags/example_sensor_decorator.py
[2024-10-28T00:00:47.121+0000] {processor.py:925} INFO - DAG(s) 'example_sensor_decorator' retrieved from /home/airflow/.local/lib/python3.12/site-packages/airflow/example_dags/example_sensor_decorator.py
[2024-10-28T00:00:47.144+0000] {logging_mixin.py:190} INFO - [2024-10-28T00:00:47.144+0000] {dag.py:3239} INFO - Sync 1 DAGs
[2024-10-28T00:00:47.164+0000] {logging_mixin.py:190} INFO - [2024-10-28T00:00:47.163+0000] {dag.py:4180} INFO - Setting next_dagrun for example_sensor_decorator to None, run_after=None
[2024-10-28T00:00:47.190+0000] {processor.py:208} INFO - Processing /home/airflow/.local/lib/python3.12/site-packages/airflow/example_dags/example_sensor_decorator.py took 0.087 seconds
[2024-10-28T00:01:17.838+0000] {processor.py:186} INFO - Started process (PID=45343) to work on /home/airflow/.local/lib/python3.12/site-packages/airflow/example_dags/example_sensor_decorator.py
[2024-10-28T00:01:17.839+0000] {processor.py:914} INFO - Processing file /home/airflow/.local/lib/python3.12/site-packages/airflow/example_dags/example_sensor_decorator.py for tasks to queue
[2024-10-28T00:01:17.841+0000] {logging_mixin.py:190} INFO - [2024-10-28T00:01:17.841+0000] {dagbag.py:588} INFO - Filling up the DagBag from /home/airflow/.local/lib/python3.12/site-packages/airflow/example_dags/example_sensor_decorator.py
[2024-10-28T00:01:17.851+0000] {processor.py:925} INFO - DAG(s) 'example_sensor_decorator' retrieved from /home/airflow/.local/lib/python3.12/site-packages/airflow/example_dags/example_sensor_decorator.py
[2024-10-28T00:01:17.871+0000] {logging_mixin.py:190} INFO - [2024-10-28T00:01:17.871+0000] {dag.py:3239} INFO - Sync 1 DAGs
[2024-10-28T00:01:17.888+0000] {logging_mixin.py:190} INFO - [2024-10-28T00:01:17.888+0000] {dag.py:4180} INFO - Setting next_dagrun for example_sensor_decorator to None, run_after=None
[2024-10-28T00:01:17.910+0000] {processor.py:208} INFO - Processing /home/airflow/.local/lib/python3.12/site-packages/airflow/example_dags/example_sensor_decorator.py took 0.079 seconds
[2024-10-28T00:01:48.828+0000] {processor.py:186} INFO - Started process (PID=45417) to work on /home/airflow/.local/lib/python3.12/site-packages/airflow/example_dags/example_sensor_decorator.py
[2024-10-28T00:01:48.829+0000] {processor.py:914} INFO - Processing file /home/airflow/.local/lib/python3.12/site-packages/airflow/example_dags/example_sensor_decorator.py for tasks to queue
[2024-10-28T00:01:48.831+0000] {logging_mixin.py:190} INFO - [2024-10-28T00:01:48.830+0000] {dagbag.py:588} INFO - Filling up the DagBag from /home/airflow/.local/lib/python3.12/site-packages/airflow/example_dags/example_sensor_decorator.py
[2024-10-28T00:01:48.838+0000] {processor.py:925} INFO - DAG(s) 'example_sensor_decorator' retrieved from /home/airflow/.local/lib/python3.12/site-packages/airflow/example_dags/example_sensor_decorator.py
[2024-10-28T00:01:48.858+0000] {logging_mixin.py:190} INFO - [2024-10-28T00:01:48.858+0000] {dag.py:3239} INFO - Sync 1 DAGs
[2024-10-28T00:01:48.872+0000] {logging_mixin.py:190} INFO - [2024-10-28T00:01:48.872+0000] {dag.py:4180} INFO - Setting next_dagrun for example_sensor_decorator to None, run_after=None
[2024-10-28T00:01:48.892+0000] {processor.py:208} INFO - Processing /home/airflow/.local/lib/python3.12/site-packages/airflow/example_dags/example_sensor_decorator.py took 0.070 seconds
[2024-10-28T00:02:19.117+0000] {processor.py:186} INFO - Started process (PID=45491) to work on /home/airflow/.local/lib/python3.12/site-packages/airflow/example_dags/example_sensor_decorator.py
[2024-10-28T00:02:19.119+0000] {processor.py:914} INFO - Processing file /home/airflow/.local/lib/python3.12/site-packages/airflow/example_dags/example_sensor_decorator.py for tasks to queue
[2024-10-28T00:02:19.120+0000] {logging_mixin.py:190} INFO - [2024-10-28T00:02:19.120+0000] {dagbag.py:588} INFO - Filling up the DagBag from /home/airflow/.local/lib/python3.12/site-packages/airflow/example_dags/example_sensor_decorator.py
[2024-10-28T00:02:19.128+0000] {processor.py:925} INFO - DAG(s) 'example_sensor_decorator' retrieved from /home/airflow/.local/lib/python3.12/site-packages/airflow/example_dags/example_sensor_decorator.py
[2024-10-28T00:02:19.150+0000] {logging_mixin.py:190} INFO - [2024-10-28T00:02:19.150+0000] {dag.py:3239} INFO - Sync 1 DAGs
[2024-10-28T00:02:19.167+0000] {logging_mixin.py:190} INFO - [2024-10-28T00:02:19.166+0000] {dag.py:4180} INFO - Setting next_dagrun for example_sensor_decorator to None, run_after=None
[2024-10-28T00:02:19.188+0000] {processor.py:208} INFO - Processing /home/airflow/.local/lib/python3.12/site-packages/airflow/example_dags/example_sensor_decorator.py took 0.076 seconds
[2024-10-28T00:02:49.272+0000] {processor.py:186} INFO - Started process (PID=45565) to work on /home/airflow/.local/lib/python3.12/site-packages/airflow/example_dags/example_sensor_decorator.py
[2024-10-28T00:02:49.273+0000] {processor.py:914} INFO - Processing file /home/airflow/.local/lib/python3.12/site-packages/airflow/example_dags/example_sensor_decorator.py for tasks to queue
[2024-10-28T00:02:49.274+0000] {logging_mixin.py:190} INFO - [2024-10-28T00:02:49.274+0000] {dagbag.py:588} INFO - Filling up the DagBag from /home/airflow/.local/lib/python3.12/site-packages/airflow/example_dags/example_sensor_decorator.py
[2024-10-28T00:02:49.281+0000] {processor.py:925} INFO - DAG(s) 'example_sensor_decorator' retrieved from /home/airflow/.local/lib/python3.12/site-packages/airflow/example_dags/example_sensor_decorator.py
[2024-10-28T00:02:49.302+0000] {logging_mixin.py:190} INFO - [2024-10-28T00:02:49.301+0000] {dag.py:3239} INFO - Sync 1 DAGs
[2024-10-28T00:02:49.317+0000] {logging_mixin.py:190} INFO - [2024-10-28T00:02:49.317+0000] {dag.py:4180} INFO - Setting next_dagrun for example_sensor_decorator to None, run_after=None
[2024-10-28T00:02:49.339+0000] {processor.py:208} INFO - Processing /home/airflow/.local/lib/python3.12/site-packages/airflow/example_dags/example_sensor_decorator.py took 0.073 seconds
[2024-10-28T00:03:19.666+0000] {processor.py:186} INFO - Started process (PID=45638) to work on /home/airflow/.local/lib/python3.12/site-packages/airflow/example_dags/example_sensor_decorator.py
[2024-10-28T00:03:19.668+0000] {processor.py:914} INFO - Processing file /home/airflow/.local/lib/python3.12/site-packages/airflow/example_dags/example_sensor_decorator.py for tasks to queue
[2024-10-28T00:03:19.670+0000] {logging_mixin.py:190} INFO - [2024-10-28T00:03:19.669+0000] {dagbag.py:588} INFO - Filling up the DagBag from /home/airflow/.local/lib/python3.12/site-packages/airflow/example_dags/example_sensor_decorator.py
[2024-10-28T00:03:19.680+0000] {processor.py:925} INFO - DAG(s) 'example_sensor_decorator' retrieved from /home/airflow/.local/lib/python3.12/site-packages/airflow/example_dags/example_sensor_decorator.py
[2024-10-28T00:03:19.705+0000] {logging_mixin.py:190} INFO - [2024-10-28T00:03:19.704+0000] {dag.py:3239} INFO - Sync 1 DAGs
[2024-10-28T00:03:19.719+0000] {logging_mixin.py:190} INFO - [2024-10-28T00:03:19.719+0000] {dag.py:4180} INFO - Setting next_dagrun for example_sensor_decorator to None, run_after=None
[2024-10-28T00:03:19.739+0000] {processor.py:208} INFO - Processing /home/airflow/.local/lib/python3.12/site-packages/airflow/example_dags/example_sensor_decorator.py took 0.079 seconds
[2024-10-28T00:03:49.832+0000] {processor.py:186} INFO - Started process (PID=45712) to work on /home/airflow/.local/lib/python3.12/site-packages/airflow/example_dags/example_sensor_decorator.py
[2024-10-28T00:03:49.833+0000] {processor.py:914} INFO - Processing file /home/airflow/.local/lib/python3.12/site-packages/airflow/example_dags/example_sensor_decorator.py for tasks to queue
[2024-10-28T00:03:49.835+0000] {logging_mixin.py:190} INFO - [2024-10-28T00:03:49.834+0000] {dagbag.py:588} INFO - Filling up the DagBag from /home/airflow/.local/lib/python3.12/site-packages/airflow/example_dags/example_sensor_decorator.py
[2024-10-28T00:03:49.843+0000] {processor.py:925} INFO - DAG(s) 'example_sensor_decorator' retrieved from /home/airflow/.local/lib/python3.12/site-packages/airflow/example_dags/example_sensor_decorator.py
[2024-10-28T00:03:49.862+0000] {logging_mixin.py:190} INFO - [2024-10-28T00:03:49.862+0000] {dag.py:3239} INFO - Sync 1 DAGs
[2024-10-28T00:03:49.878+0000] {logging_mixin.py:190} INFO - [2024-10-28T00:03:49.878+0000] {dag.py:4180} INFO - Setting next_dagrun for example_sensor_decorator to None, run_after=None
[2024-10-28T00:03:49.900+0000] {processor.py:208} INFO - Processing /home/airflow/.local/lib/python3.12/site-packages/airflow/example_dags/example_sensor_decorator.py took 0.074 seconds
[2024-10-28T00:04:20.556+0000] {processor.py:186} INFO - Started process (PID=45786) to work on /home/airflow/.local/lib/python3.12/site-packages/airflow/example_dags/example_sensor_decorator.py
[2024-10-28T00:04:20.557+0000] {processor.py:914} INFO - Processing file /home/airflow/.local/lib/python3.12/site-packages/airflow/example_dags/example_sensor_decorator.py for tasks to queue
[2024-10-28T00:04:20.558+0000] {logging_mixin.py:190} INFO - [2024-10-28T00:04:20.558+0000] {dagbag.py:588} INFO - Filling up the DagBag from /home/airflow/.local/lib/python3.12/site-packages/airflow/example_dags/example_sensor_decorator.py
[2024-10-28T00:04:20.566+0000] {processor.py:925} INFO - DAG(s) 'example_sensor_decorator' retrieved from /home/airflow/.local/lib/python3.12/site-packages/airflow/example_dags/example_sensor_decorator.py
[2024-10-28T00:04:20.586+0000] {logging_mixin.py:190} INFO - [2024-10-28T00:04:20.586+0000] {dag.py:3239} INFO - Sync 1 DAGs
[2024-10-28T00:04:20.602+0000] {logging_mixin.py:190} INFO - [2024-10-28T00:04:20.602+0000] {dag.py:4180} INFO - Setting next_dagrun for example_sensor_decorator to None, run_after=None
[2024-10-28T00:04:20.622+0000] {processor.py:208} INFO - Processing /home/airflow/.local/lib/python3.12/site-packages/airflow/example_dags/example_sensor_decorator.py took 0.073 seconds
[2024-10-28T00:04:50.962+0000] {processor.py:186} INFO - Started process (PID=45860) to work on /home/airflow/.local/lib/python3.12/site-packages/airflow/example_dags/example_sensor_decorator.py
[2024-10-28T00:04:50.963+0000] {processor.py:914} INFO - Processing file /home/airflow/.local/lib/python3.12/site-packages/airflow/example_dags/example_sensor_decorator.py for tasks to queue
[2024-10-28T00:04:50.965+0000] {logging_mixin.py:190} INFO - [2024-10-28T00:04:50.964+0000] {dagbag.py:588} INFO - Filling up the DagBag from /home/airflow/.local/lib/python3.12/site-packages/airflow/example_dags/example_sensor_decorator.py
[2024-10-28T00:04:50.975+0000] {processor.py:925} INFO - DAG(s) 'example_sensor_decorator' retrieved from /home/airflow/.local/lib/python3.12/site-packages/airflow/example_dags/example_sensor_decorator.py
[2024-10-28T00:04:51.004+0000] {logging_mixin.py:190} INFO - [2024-10-28T00:04:51.003+0000] {dag.py:3239} INFO - Sync 1 DAGs
[2024-10-28T00:04:51.026+0000] {logging_mixin.py:190} INFO - [2024-10-28T00:04:51.026+0000] {dag.py:4180} INFO - Setting next_dagrun for example_sensor_decorator to None, run_after=None
[2024-10-28T00:04:51.049+0000] {processor.py:208} INFO - Processing /home/airflow/.local/lib/python3.12/site-packages/airflow/example_dags/example_sensor_decorator.py took 0.094 seconds
[2024-10-28T00:05:21.805+0000] {processor.py:186} INFO - Started process (PID=45934) to work on /home/airflow/.local/lib/python3.12/site-packages/airflow/example_dags/example_sensor_decorator.py
[2024-10-28T00:05:21.806+0000] {processor.py:914} INFO - Processing file /home/airflow/.local/lib/python3.12/site-packages/airflow/example_dags/example_sensor_decorator.py for tasks to queue
[2024-10-28T00:05:21.808+0000] {logging_mixin.py:190} INFO - [2024-10-28T00:05:21.807+0000] {dagbag.py:588} INFO - Filling up the DagBag from /home/airflow/.local/lib/python3.12/site-packages/airflow/example_dags/example_sensor_decorator.py
[2024-10-28T00:05:21.817+0000] {processor.py:925} INFO - DAG(s) 'example_sensor_decorator' retrieved from /home/airflow/.local/lib/python3.12/site-packages/airflow/example_dags/example_sensor_decorator.py
[2024-10-28T00:05:21.838+0000] {logging_mixin.py:190} INFO - [2024-10-28T00:05:21.837+0000] {dag.py:3239} INFO - Sync 1 DAGs
[2024-10-28T00:05:21.862+0000] {logging_mixin.py:190} INFO - [2024-10-28T00:05:21.861+0000] {dag.py:4180} INFO - Setting next_dagrun for example_sensor_decorator to None, run_after=None
[2024-10-28T00:05:21.893+0000] {processor.py:208} INFO - Processing /home/airflow/.local/lib/python3.12/site-packages/airflow/example_dags/example_sensor_decorator.py took 0.093 seconds
[2024-10-28T00:05:52.256+0000] {processor.py:186} INFO - Started process (PID=46008) to work on /home/airflow/.local/lib/python3.12/site-packages/airflow/example_dags/example_sensor_decorator.py
[2024-10-28T00:05:52.257+0000] {processor.py:914} INFO - Processing file /home/airflow/.local/lib/python3.12/site-packages/airflow/example_dags/example_sensor_decorator.py for tasks to queue
[2024-10-28T00:05:52.260+0000] {logging_mixin.py:190} INFO - [2024-10-28T00:05:52.259+0000] {dagbag.py:588} INFO - Filling up the DagBag from /home/airflow/.local/lib/python3.12/site-packages/airflow/example_dags/example_sensor_decorator.py
[2024-10-28T00:05:52.270+0000] {processor.py:925} INFO - DAG(s) 'example_sensor_decorator' retrieved from /home/airflow/.local/lib/python3.12/site-packages/airflow/example_dags/example_sensor_decorator.py
[2024-10-28T00:05:52.294+0000] {logging_mixin.py:190} INFO - [2024-10-28T00:05:52.293+0000] {dag.py:3239} INFO - Sync 1 DAGs
[2024-10-28T00:05:52.311+0000] {logging_mixin.py:190} INFO - [2024-10-28T00:05:52.311+0000] {dag.py:4180} INFO - Setting next_dagrun for example_sensor_decorator to None, run_after=None
[2024-10-28T00:05:52.333+0000] {processor.py:208} INFO - Processing /home/airflow/.local/lib/python3.12/site-packages/airflow/example_dags/example_sensor_decorator.py took 0.083 seconds
[2024-10-28T00:06:22.681+0000] {processor.py:186} INFO - Started process (PID=46082) to work on /home/airflow/.local/lib/python3.12/site-packages/airflow/example_dags/example_sensor_decorator.py
[2024-10-28T00:06:22.682+0000] {processor.py:914} INFO - Processing file /home/airflow/.local/lib/python3.12/site-packages/airflow/example_dags/example_sensor_decorator.py for tasks to queue
[2024-10-28T00:06:22.683+0000] {logging_mixin.py:190} INFO - [2024-10-28T00:06:22.683+0000] {dagbag.py:588} INFO - Filling up the DagBag from /home/airflow/.local/lib/python3.12/site-packages/airflow/example_dags/example_sensor_decorator.py
[2024-10-28T00:06:22.694+0000] {processor.py:925} INFO - DAG(s) 'example_sensor_decorator' retrieved from /home/airflow/.local/lib/python3.12/site-packages/airflow/example_dags/example_sensor_decorator.py
[2024-10-28T00:06:22.715+0000] {logging_mixin.py:190} INFO - [2024-10-28T00:06:22.714+0000] {dag.py:3239} INFO - Sync 1 DAGs
[2024-10-28T00:06:22.733+0000] {logging_mixin.py:190} INFO - [2024-10-28T00:06:22.733+0000] {dag.py:4180} INFO - Setting next_dagrun for example_sensor_decorator to None, run_after=None
[2024-10-28T00:06:22.754+0000] {processor.py:208} INFO - Processing /home/airflow/.local/lib/python3.12/site-packages/airflow/example_dags/example_sensor_decorator.py took 0.079 seconds
[2024-10-28T00:06:53.904+0000] {processor.py:186} INFO - Started process (PID=46157) to work on /home/airflow/.local/lib/python3.12/site-packages/airflow/example_dags/example_sensor_decorator.py
[2024-10-28T00:06:53.905+0000] {processor.py:914} INFO - Processing file /home/airflow/.local/lib/python3.12/site-packages/airflow/example_dags/example_sensor_decorator.py for tasks to queue
[2024-10-28T00:06:53.907+0000] {logging_mixin.py:190} INFO - [2024-10-28T00:06:53.906+0000] {dagbag.py:588} INFO - Filling up the DagBag from /home/airflow/.local/lib/python3.12/site-packages/airflow/example_dags/example_sensor_decorator.py
[2024-10-28T00:06:53.913+0000] {processor.py:925} INFO - DAG(s) 'example_sensor_decorator' retrieved from /home/airflow/.local/lib/python3.12/site-packages/airflow/example_dags/example_sensor_decorator.py
[2024-10-28T00:06:53.932+0000] {logging_mixin.py:190} INFO - [2024-10-28T00:06:53.932+0000] {dag.py:3239} INFO - Sync 1 DAGs
[2024-10-28T00:06:53.946+0000] {logging_mixin.py:190} INFO - [2024-10-28T00:06:53.946+0000] {dag.py:4180} INFO - Setting next_dagrun for example_sensor_decorator to None, run_after=None
[2024-10-28T00:06:53.966+0000] {processor.py:208} INFO - Processing /home/airflow/.local/lib/python3.12/site-packages/airflow/example_dags/example_sensor_decorator.py took 0.067 seconds
[2024-10-28T00:07:24.451+0000] {processor.py:186} INFO - Started process (PID=46231) to work on /home/airflow/.local/lib/python3.12/site-packages/airflow/example_dags/example_sensor_decorator.py
[2024-10-28T00:07:24.452+0000] {processor.py:914} INFO - Processing file /home/airflow/.local/lib/python3.12/site-packages/airflow/example_dags/example_sensor_decorator.py for tasks to queue
[2024-10-28T00:07:24.454+0000] {logging_mixin.py:190} INFO - [2024-10-28T00:07:24.453+0000] {dagbag.py:588} INFO - Filling up the DagBag from /home/airflow/.local/lib/python3.12/site-packages/airflow/example_dags/example_sensor_decorator.py
[2024-10-28T00:07:24.461+0000] {processor.py:925} INFO - DAG(s) 'example_sensor_decorator' retrieved from /home/airflow/.local/lib/python3.12/site-packages/airflow/example_dags/example_sensor_decorator.py
[2024-10-28T00:07:24.479+0000] {logging_mixin.py:190} INFO - [2024-10-28T00:07:24.479+0000] {dag.py:3239} INFO - Sync 1 DAGs
[2024-10-28T00:07:24.493+0000] {logging_mixin.py:190} INFO - [2024-10-28T00:07:24.493+0000] {dag.py:4180} INFO - Setting next_dagrun for example_sensor_decorator to None, run_after=None
[2024-10-28T00:07:24.511+0000] {processor.py:208} INFO - Processing /home/airflow/.local/lib/python3.12/site-packages/airflow/example_dags/example_sensor_decorator.py took 0.066 seconds
[2024-10-28T00:07:55.241+0000] {processor.py:186} INFO - Started process (PID=46306) to work on /home/airflow/.local/lib/python3.12/site-packages/airflow/example_dags/example_sensor_decorator.py
[2024-10-28T00:07:55.242+0000] {processor.py:914} INFO - Processing file /home/airflow/.local/lib/python3.12/site-packages/airflow/example_dags/example_sensor_decorator.py for tasks to queue
[2024-10-28T00:07:55.243+0000] {logging_mixin.py:190} INFO - [2024-10-28T00:07:55.243+0000] {dagbag.py:588} INFO - Filling up the DagBag from /home/airflow/.local/lib/python3.12/site-packages/airflow/example_dags/example_sensor_decorator.py
[2024-10-28T00:07:55.250+0000] {processor.py:925} INFO - DAG(s) 'example_sensor_decorator' retrieved from /home/airflow/.local/lib/python3.12/site-packages/airflow/example_dags/example_sensor_decorator.py
[2024-10-28T00:07:55.270+0000] {logging_mixin.py:190} INFO - [2024-10-28T00:07:55.269+0000] {dag.py:3239} INFO - Sync 1 DAGs
[2024-10-28T00:07:55.284+0000] {logging_mixin.py:190} INFO - [2024-10-28T00:07:55.284+0000] {dag.py:4180} INFO - Setting next_dagrun for example_sensor_decorator to None, run_after=None
[2024-10-28T00:07:55.303+0000] {processor.py:208} INFO - Processing /home/airflow/.local/lib/python3.12/site-packages/airflow/example_dags/example_sensor_decorator.py took 0.068 seconds
[2024-10-28T00:08:25.645+0000] {processor.py:186} INFO - Started process (PID=46380) to work on /home/airflow/.local/lib/python3.12/site-packages/airflow/example_dags/example_sensor_decorator.py
[2024-10-28T00:08:25.647+0000] {processor.py:914} INFO - Processing file /home/airflow/.local/lib/python3.12/site-packages/airflow/example_dags/example_sensor_decorator.py for tasks to queue
[2024-10-28T00:08:25.648+0000] {logging_mixin.py:190} INFO - [2024-10-28T00:08:25.648+0000] {dagbag.py:588} INFO - Filling up the DagBag from /home/airflow/.local/lib/python3.12/site-packages/airflow/example_dags/example_sensor_decorator.py
[2024-10-28T00:08:25.657+0000] {processor.py:925} INFO - DAG(s) 'example_sensor_decorator' retrieved from /home/airflow/.local/lib/python3.12/site-packages/airflow/example_dags/example_sensor_decorator.py
[2024-10-28T00:08:25.680+0000] {logging_mixin.py:190} INFO - [2024-10-28T00:08:25.679+0000] {dag.py:3239} INFO - Sync 1 DAGs
[2024-10-28T00:08:25.696+0000] {logging_mixin.py:190} INFO - [2024-10-28T00:08:25.696+0000] {dag.py:4180} INFO - Setting next_dagrun for example_sensor_decorator to None, run_after=None
[2024-10-28T00:08:25.717+0000] {processor.py:208} INFO - Processing /home/airflow/.local/lib/python3.12/site-packages/airflow/example_dags/example_sensor_decorator.py took 0.078 seconds
[2024-10-28T00:08:56.612+0000] {processor.py:186} INFO - Started process (PID=46454) to work on /home/airflow/.local/lib/python3.12/site-packages/airflow/example_dags/example_sensor_decorator.py
[2024-10-28T00:08:56.613+0000] {processor.py:914} INFO - Processing file /home/airflow/.local/lib/python3.12/site-packages/airflow/example_dags/example_sensor_decorator.py for tasks to queue
[2024-10-28T00:08:56.614+0000] {logging_mixin.py:190} INFO - [2024-10-28T00:08:56.614+0000] {dagbag.py:588} INFO - Filling up the DagBag from /home/airflow/.local/lib/python3.12/site-packages/airflow/example_dags/example_sensor_decorator.py
[2024-10-28T00:08:56.624+0000] {processor.py:925} INFO - DAG(s) 'example_sensor_decorator' retrieved from /home/airflow/.local/lib/python3.12/site-packages/airflow/example_dags/example_sensor_decorator.py
[2024-10-28T00:08:56.646+0000] {logging_mixin.py:190} INFO - [2024-10-28T00:08:56.646+0000] {dag.py:3239} INFO - Sync 1 DAGs
[2024-10-28T00:08:56.666+0000] {logging_mixin.py:190} INFO - [2024-10-28T00:08:56.665+0000] {dag.py:4180} INFO - Setting next_dagrun for example_sensor_decorator to None, run_after=None
[2024-10-28T00:08:56.692+0000] {processor.py:208} INFO - Processing /home/airflow/.local/lib/python3.12/site-packages/airflow/example_dags/example_sensor_decorator.py took 0.086 seconds
[2024-10-28T00:09:27.014+0000] {processor.py:186} INFO - Started process (PID=46528) to work on /home/airflow/.local/lib/python3.12/site-packages/airflow/example_dags/example_sensor_decorator.py
[2024-10-28T00:09:27.015+0000] {processor.py:914} INFO - Processing file /home/airflow/.local/lib/python3.12/site-packages/airflow/example_dags/example_sensor_decorator.py for tasks to queue
[2024-10-28T00:09:27.017+0000] {logging_mixin.py:190} INFO - [2024-10-28T00:09:27.017+0000] {dagbag.py:588} INFO - Filling up the DagBag from /home/airflow/.local/lib/python3.12/site-packages/airflow/example_dags/example_sensor_decorator.py
[2024-10-28T00:09:27.024+0000] {processor.py:925} INFO - DAG(s) 'example_sensor_decorator' retrieved from /home/airflow/.local/lib/python3.12/site-packages/airflow/example_dags/example_sensor_decorator.py
[2024-10-28T00:09:27.042+0000] {logging_mixin.py:190} INFO - [2024-10-28T00:09:27.042+0000] {dag.py:3239} INFO - Sync 1 DAGs
[2024-10-28T00:09:27.057+0000] {logging_mixin.py:190} INFO - [2024-10-28T00:09:27.056+0000] {dag.py:4180} INFO - Setting next_dagrun for example_sensor_decorator to None, run_after=None
[2024-10-28T00:09:27.074+0000] {processor.py:208} INFO - Processing /home/airflow/.local/lib/python3.12/site-packages/airflow/example_dags/example_sensor_decorator.py took 0.065 seconds
[2024-10-28T00:09:57.251+0000] {processor.py:186} INFO - Started process (PID=46602) to work on /home/airflow/.local/lib/python3.12/site-packages/airflow/example_dags/example_sensor_decorator.py
[2024-10-28T00:09:57.253+0000] {processor.py:914} INFO - Processing file /home/airflow/.local/lib/python3.12/site-packages/airflow/example_dags/example_sensor_decorator.py for tasks to queue
[2024-10-28T00:09:57.254+0000] {logging_mixin.py:190} INFO - [2024-10-28T00:09:57.254+0000] {dagbag.py:588} INFO - Filling up the DagBag from /home/airflow/.local/lib/python3.12/site-packages/airflow/example_dags/example_sensor_decorator.py
[2024-10-28T00:09:57.267+0000] {processor.py:925} INFO - DAG(s) 'example_sensor_decorator' retrieved from /home/airflow/.local/lib/python3.12/site-packages/airflow/example_dags/example_sensor_decorator.py
[2024-10-28T00:09:57.291+0000] {logging_mixin.py:190} INFO - [2024-10-28T00:09:57.291+0000] {dag.py:3239} INFO - Sync 1 DAGs
[2024-10-28T00:09:57.311+0000] {logging_mixin.py:190} INFO - [2024-10-28T00:09:57.311+0000] {dag.py:4180} INFO - Setting next_dagrun for example_sensor_decorator to None, run_after=None
[2024-10-28T00:09:57.337+0000] {processor.py:208} INFO - Processing /home/airflow/.local/lib/python3.12/site-packages/airflow/example_dags/example_sensor_decorator.py took 0.095 seconds
[2024-10-28T00:10:27.403+0000] {processor.py:186} INFO - Started process (PID=46676) to work on /home/airflow/.local/lib/python3.12/site-packages/airflow/example_dags/example_sensor_decorator.py
[2024-10-28T00:10:27.404+0000] {processor.py:914} INFO - Processing file /home/airflow/.local/lib/python3.12/site-packages/airflow/example_dags/example_sensor_decorator.py for tasks to queue
[2024-10-28T00:10:27.406+0000] {logging_mixin.py:190} INFO - [2024-10-28T00:10:27.405+0000] {dagbag.py:588} INFO - Filling up the DagBag from /home/airflow/.local/lib/python3.12/site-packages/airflow/example_dags/example_sensor_decorator.py
[2024-10-28T00:10:27.415+0000] {processor.py:925} INFO - DAG(s) 'example_sensor_decorator' retrieved from /home/airflow/.local/lib/python3.12/site-packages/airflow/example_dags/example_sensor_decorator.py
[2024-10-28T00:10:27.437+0000] {logging_mixin.py:190} INFO - [2024-10-28T00:10:27.436+0000] {dag.py:3239} INFO - Sync 1 DAGs
[2024-10-28T00:10:27.454+0000] {logging_mixin.py:190} INFO - [2024-10-28T00:10:27.454+0000] {dag.py:4180} INFO - Setting next_dagrun for example_sensor_decorator to None, run_after=None
[2024-10-28T00:10:27.475+0000] {processor.py:208} INFO - Processing /home/airflow/.local/lib/python3.12/site-packages/airflow/example_dags/example_sensor_decorator.py took 0.077 seconds
[2024-10-28T00:10:57.587+0000] {processor.py:186} INFO - Started process (PID=46749) to work on /home/airflow/.local/lib/python3.12/site-packages/airflow/example_dags/example_sensor_decorator.py
[2024-10-28T00:10:57.589+0000] {processor.py:914} INFO - Processing file /home/airflow/.local/lib/python3.12/site-packages/airflow/example_dags/example_sensor_decorator.py for tasks to queue
[2024-10-28T00:10:57.591+0000] {logging_mixin.py:190} INFO - [2024-10-28T00:10:57.591+0000] {dagbag.py:588} INFO - Filling up the DagBag from /home/airflow/.local/lib/python3.12/site-packages/airflow/example_dags/example_sensor_decorator.py
[2024-10-28T00:10:57.600+0000] {processor.py:925} INFO - DAG(s) 'example_sensor_decorator' retrieved from /home/airflow/.local/lib/python3.12/site-packages/airflow/example_dags/example_sensor_decorator.py
[2024-10-28T00:10:57.620+0000] {logging_mixin.py:190} INFO - [2024-10-28T00:10:57.620+0000] {dag.py:3239} INFO - Sync 1 DAGs
[2024-10-28T00:10:57.636+0000] {logging_mixin.py:190} INFO - [2024-10-28T00:10:57.635+0000] {dag.py:4180} INFO - Setting next_dagrun for example_sensor_decorator to None, run_after=None
[2024-10-28T00:10:57.656+0000] {processor.py:208} INFO - Processing /home/airflow/.local/lib/python3.12/site-packages/airflow/example_dags/example_sensor_decorator.py took 0.075 seconds
[2024-10-28T00:11:27.735+0000] {processor.py:186} INFO - Started process (PID=46823) to work on /home/airflow/.local/lib/python3.12/site-packages/airflow/example_dags/example_sensor_decorator.py
[2024-10-28T00:11:27.736+0000] {processor.py:914} INFO - Processing file /home/airflow/.local/lib/python3.12/site-packages/airflow/example_dags/example_sensor_decorator.py for tasks to queue
[2024-10-28T00:11:27.738+0000] {logging_mixin.py:190} INFO - [2024-10-28T00:11:27.737+0000] {dagbag.py:588} INFO - Filling up the DagBag from /home/airflow/.local/lib/python3.12/site-packages/airflow/example_dags/example_sensor_decorator.py
[2024-10-28T00:11:27.745+0000] {processor.py:925} INFO - DAG(s) 'example_sensor_decorator' retrieved from /home/airflow/.local/lib/python3.12/site-packages/airflow/example_dags/example_sensor_decorator.py
[2024-10-28T00:11:27.763+0000] {logging_mixin.py:190} INFO - [2024-10-28T00:11:27.763+0000] {dag.py:3239} INFO - Sync 1 DAGs
[2024-10-28T00:11:27.777+0000] {logging_mixin.py:190} INFO - [2024-10-28T00:11:27.777+0000] {dag.py:4180} INFO - Setting next_dagrun for example_sensor_decorator to None, run_after=None
[2024-10-28T00:11:27.795+0000] {processor.py:208} INFO - Processing /home/airflow/.local/lib/python3.12/site-packages/airflow/example_dags/example_sensor_decorator.py took 0.066 seconds
[2024-10-28T00:11:58.501+0000] {processor.py:186} INFO - Started process (PID=46897) to work on /home/airflow/.local/lib/python3.12/site-packages/airflow/example_dags/example_sensor_decorator.py
[2024-10-28T00:11:58.502+0000] {processor.py:914} INFO - Processing file /home/airflow/.local/lib/python3.12/site-packages/airflow/example_dags/example_sensor_decorator.py for tasks to queue
[2024-10-28T00:11:58.503+0000] {logging_mixin.py:190} INFO - [2024-10-28T00:11:58.503+0000] {dagbag.py:588} INFO - Filling up the DagBag from /home/airflow/.local/lib/python3.12/site-packages/airflow/example_dags/example_sensor_decorator.py
[2024-10-28T00:11:58.510+0000] {processor.py:925} INFO - DAG(s) 'example_sensor_decorator' retrieved from /home/airflow/.local/lib/python3.12/site-packages/airflow/example_dags/example_sensor_decorator.py
[2024-10-28T00:11:58.529+0000] {logging_mixin.py:190} INFO - [2024-10-28T00:11:58.528+0000] {dag.py:3239} INFO - Sync 1 DAGs
[2024-10-28T00:11:58.543+0000] {logging_mixin.py:190} INFO - [2024-10-28T00:11:58.543+0000] {dag.py:4180} INFO - Setting next_dagrun for example_sensor_decorator to None, run_after=None
[2024-10-28T00:11:58.561+0000] {processor.py:208} INFO - Processing /home/airflow/.local/lib/python3.12/site-packages/airflow/example_dags/example_sensor_decorator.py took 0.066 seconds
[2024-10-28T00:12:28.652+0000] {processor.py:186} INFO - Started process (PID=46971) to work on /home/airflow/.local/lib/python3.12/site-packages/airflow/example_dags/example_sensor_decorator.py
[2024-10-28T00:12:28.653+0000] {processor.py:914} INFO - Processing file /home/airflow/.local/lib/python3.12/site-packages/airflow/example_dags/example_sensor_decorator.py for tasks to queue
[2024-10-28T00:12:28.654+0000] {logging_mixin.py:190} INFO - [2024-10-28T00:12:28.654+0000] {dagbag.py:588} INFO - Filling up the DagBag from /home/airflow/.local/lib/python3.12/site-packages/airflow/example_dags/example_sensor_decorator.py
[2024-10-28T00:12:28.661+0000] {processor.py:925} INFO - DAG(s) 'example_sensor_decorator' retrieved from /home/airflow/.local/lib/python3.12/site-packages/airflow/example_dags/example_sensor_decorator.py
[2024-10-28T00:12:28.680+0000] {logging_mixin.py:190} INFO - [2024-10-28T00:12:28.679+0000] {dag.py:3239} INFO - Sync 1 DAGs
[2024-10-28T00:12:28.693+0000] {logging_mixin.py:190} INFO - [2024-10-28T00:12:28.693+0000] {dag.py:4180} INFO - Setting next_dagrun for example_sensor_decorator to None, run_after=None
[2024-10-28T00:12:28.711+0000] {processor.py:208} INFO - Processing /home/airflow/.local/lib/python3.12/site-packages/airflow/example_dags/example_sensor_decorator.py took 0.065 seconds
[2024-10-28T00:12:59.258+0000] {processor.py:186} INFO - Started process (PID=47045) to work on /home/airflow/.local/lib/python3.12/site-packages/airflow/example_dags/example_sensor_decorator.py
[2024-10-28T00:12:59.259+0000] {processor.py:914} INFO - Processing file /home/airflow/.local/lib/python3.12/site-packages/airflow/example_dags/example_sensor_decorator.py for tasks to queue
[2024-10-28T00:12:59.261+0000] {logging_mixin.py:190} INFO - [2024-10-28T00:12:59.260+0000] {dagbag.py:588} INFO - Filling up the DagBag from /home/airflow/.local/lib/python3.12/site-packages/airflow/example_dags/example_sensor_decorator.py
[2024-10-28T00:12:59.268+0000] {processor.py:925} INFO - DAG(s) 'example_sensor_decorator' retrieved from /home/airflow/.local/lib/python3.12/site-packages/airflow/example_dags/example_sensor_decorator.py
[2024-10-28T00:12:59.286+0000] {logging_mixin.py:190} INFO - [2024-10-28T00:12:59.286+0000] {dag.py:3239} INFO - Sync 1 DAGs
[2024-10-28T00:12:59.300+0000] {logging_mixin.py:190} INFO - [2024-10-28T00:12:59.300+0000] {dag.py:4180} INFO - Setting next_dagrun for example_sensor_decorator to None, run_after=None
[2024-10-28T00:12:59.318+0000] {processor.py:208} INFO - Processing /home/airflow/.local/lib/python3.12/site-packages/airflow/example_dags/example_sensor_decorator.py took 0.065 seconds
[2024-10-28T00:13:29.611+0000] {processor.py:186} INFO - Started process (PID=47119) to work on /home/airflow/.local/lib/python3.12/site-packages/airflow/example_dags/example_sensor_decorator.py
[2024-10-28T00:13:29.612+0000] {processor.py:914} INFO - Processing file /home/airflow/.local/lib/python3.12/site-packages/airflow/example_dags/example_sensor_decorator.py for tasks to queue
[2024-10-28T00:13:29.614+0000] {logging_mixin.py:190} INFO - [2024-10-28T00:13:29.613+0000] {dagbag.py:588} INFO - Filling up the DagBag from /home/airflow/.local/lib/python3.12/site-packages/airflow/example_dags/example_sensor_decorator.py
[2024-10-28T00:13:29.623+0000] {processor.py:925} INFO - DAG(s) 'example_sensor_decorator' retrieved from /home/airflow/.local/lib/python3.12/site-packages/airflow/example_dags/example_sensor_decorator.py
[2024-10-28T00:13:29.642+0000] {logging_mixin.py:190} INFO - [2024-10-28T00:13:29.641+0000] {dag.py:3239} INFO - Sync 1 DAGs
[2024-10-28T00:13:29.658+0000] {logging_mixin.py:190} INFO - [2024-10-28T00:13:29.658+0000] {dag.py:4180} INFO - Setting next_dagrun for example_sensor_decorator to None, run_after=None
[2024-10-28T00:13:29.677+0000] {processor.py:208} INFO - Processing /home/airflow/.local/lib/python3.12/site-packages/airflow/example_dags/example_sensor_decorator.py took 0.072 seconds
[2024-10-28T00:14:00.136+0000] {processor.py:186} INFO - Started process (PID=47193) to work on /home/airflow/.local/lib/python3.12/site-packages/airflow/example_dags/example_sensor_decorator.py
[2024-10-28T00:14:00.137+0000] {processor.py:914} INFO - Processing file /home/airflow/.local/lib/python3.12/site-packages/airflow/example_dags/example_sensor_decorator.py for tasks to queue
[2024-10-28T00:14:00.139+0000] {logging_mixin.py:190} INFO - [2024-10-28T00:14:00.139+0000] {dagbag.py:588} INFO - Filling up the DagBag from /home/airflow/.local/lib/python3.12/site-packages/airflow/example_dags/example_sensor_decorator.py
[2024-10-28T00:14:00.147+0000] {processor.py:925} INFO - DAG(s) 'example_sensor_decorator' retrieved from /home/airflow/.local/lib/python3.12/site-packages/airflow/example_dags/example_sensor_decorator.py
[2024-10-28T00:14:00.165+0000] {logging_mixin.py:190} INFO - [2024-10-28T00:14:00.164+0000] {dag.py:3239} INFO - Sync 1 DAGs
[2024-10-28T00:14:00.179+0000] {logging_mixin.py:190} INFO - [2024-10-28T00:14:00.178+0000] {dag.py:4180} INFO - Setting next_dagrun for example_sensor_decorator to None, run_after=None
[2024-10-28T00:14:00.197+0000] {processor.py:208} INFO - Processing /home/airflow/.local/lib/python3.12/site-packages/airflow/example_dags/example_sensor_decorator.py took 0.066 seconds
[2024-10-28T00:14:30.407+0000] {processor.py:186} INFO - Started process (PID=47267) to work on /home/airflow/.local/lib/python3.12/site-packages/airflow/example_dags/example_sensor_decorator.py
[2024-10-28T00:14:30.408+0000] {processor.py:914} INFO - Processing file /home/airflow/.local/lib/python3.12/site-packages/airflow/example_dags/example_sensor_decorator.py for tasks to queue
[2024-10-28T00:14:30.410+0000] {logging_mixin.py:190} INFO - [2024-10-28T00:14:30.409+0000] {dagbag.py:588} INFO - Filling up the DagBag from /home/airflow/.local/lib/python3.12/site-packages/airflow/example_dags/example_sensor_decorator.py
[2024-10-28T00:14:30.417+0000] {processor.py:925} INFO - DAG(s) 'example_sensor_decorator' retrieved from /home/airflow/.local/lib/python3.12/site-packages/airflow/example_dags/example_sensor_decorator.py
[2024-10-28T00:14:30.436+0000] {logging_mixin.py:190} INFO - [2024-10-28T00:14:30.435+0000] {dag.py:3239} INFO - Sync 1 DAGs
[2024-10-28T00:14:30.451+0000] {logging_mixin.py:190} INFO - [2024-10-28T00:14:30.450+0000] {dag.py:4180} INFO - Setting next_dagrun for example_sensor_decorator to None, run_after=None
[2024-10-28T00:14:30.471+0000] {processor.py:208} INFO - Processing /home/airflow/.local/lib/python3.12/site-packages/airflow/example_dags/example_sensor_decorator.py took 0.070 seconds
[2024-10-28T00:15:00.548+0000] {processor.py:186} INFO - Started process (PID=47341) to work on /home/airflow/.local/lib/python3.12/site-packages/airflow/example_dags/example_sensor_decorator.py
[2024-10-28T00:15:00.549+0000] {processor.py:914} INFO - Processing file /home/airflow/.local/lib/python3.12/site-packages/airflow/example_dags/example_sensor_decorator.py for tasks to queue
[2024-10-28T00:15:00.550+0000] {logging_mixin.py:190} INFO - [2024-10-28T00:15:00.550+0000] {dagbag.py:588} INFO - Filling up the DagBag from /home/airflow/.local/lib/python3.12/site-packages/airflow/example_dags/example_sensor_decorator.py
[2024-10-28T00:15:00.558+0000] {processor.py:925} INFO - DAG(s) 'example_sensor_decorator' retrieved from /home/airflow/.local/lib/python3.12/site-packages/airflow/example_dags/example_sensor_decorator.py
[2024-10-28T00:15:00.576+0000] {logging_mixin.py:190} INFO - [2024-10-28T00:15:00.576+0000] {dag.py:3239} INFO - Sync 1 DAGs
[2024-10-28T00:15:00.591+0000] {logging_mixin.py:190} INFO - [2024-10-28T00:15:00.591+0000] {dag.py:4180} INFO - Setting next_dagrun for example_sensor_decorator to None, run_after=None
[2024-10-28T00:15:00.608+0000] {processor.py:208} INFO - Processing /home/airflow/.local/lib/python3.12/site-packages/airflow/example_dags/example_sensor_decorator.py took 0.065 seconds
[2024-10-28T00:15:31.299+0000] {processor.py:186} INFO - Started process (PID=47415) to work on /home/airflow/.local/lib/python3.12/site-packages/airflow/example_dags/example_sensor_decorator.py
[2024-10-28T00:15:31.300+0000] {processor.py:914} INFO - Processing file /home/airflow/.local/lib/python3.12/site-packages/airflow/example_dags/example_sensor_decorator.py for tasks to queue
[2024-10-28T00:15:31.301+0000] {logging_mixin.py:190} INFO - [2024-10-28T00:15:31.301+0000] {dagbag.py:588} INFO - Filling up the DagBag from /home/airflow/.local/lib/python3.12/site-packages/airflow/example_dags/example_sensor_decorator.py
[2024-10-28T00:15:31.308+0000] {processor.py:925} INFO - DAG(s) 'example_sensor_decorator' retrieved from /home/airflow/.local/lib/python3.12/site-packages/airflow/example_dags/example_sensor_decorator.py
[2024-10-28T00:15:31.326+0000] {logging_mixin.py:190} INFO - [2024-10-28T00:15:31.326+0000] {dag.py:3239} INFO - Sync 1 DAGs
[2024-10-28T00:15:31.341+0000] {logging_mixin.py:190} INFO - [2024-10-28T00:15:31.341+0000] {dag.py:4180} INFO - Setting next_dagrun for example_sensor_decorator to None, run_after=None
[2024-10-28T00:15:31.358+0000] {processor.py:208} INFO - Processing /home/airflow/.local/lib/python3.12/site-packages/airflow/example_dags/example_sensor_decorator.py took 0.065 seconds
[2024-10-28T00:16:02.013+0000] {processor.py:186} INFO - Started process (PID=47489) to work on /home/airflow/.local/lib/python3.12/site-packages/airflow/example_dags/example_sensor_decorator.py
[2024-10-28T00:16:02.014+0000] {processor.py:914} INFO - Processing file /home/airflow/.local/lib/python3.12/site-packages/airflow/example_dags/example_sensor_decorator.py for tasks to queue
[2024-10-28T00:16:02.016+0000] {logging_mixin.py:190} INFO - [2024-10-28T00:16:02.015+0000] {dagbag.py:588} INFO - Filling up the DagBag from /home/airflow/.local/lib/python3.12/site-packages/airflow/example_dags/example_sensor_decorator.py
[2024-10-28T00:16:02.023+0000] {processor.py:925} INFO - DAG(s) 'example_sensor_decorator' retrieved from /home/airflow/.local/lib/python3.12/site-packages/airflow/example_dags/example_sensor_decorator.py
[2024-10-28T00:16:02.048+0000] {logging_mixin.py:190} INFO - [2024-10-28T00:16:02.047+0000] {dag.py:3239} INFO - Sync 1 DAGs
[2024-10-28T00:16:02.064+0000] {logging_mixin.py:190} INFO - [2024-10-28T00:16:02.064+0000] {dag.py:4180} INFO - Setting next_dagrun for example_sensor_decorator to None, run_after=None
[2024-10-28T00:16:02.084+0000] {processor.py:208} INFO - Processing /home/airflow/.local/lib/python3.12/site-packages/airflow/example_dags/example_sensor_decorator.py took 0.077 seconds
[2024-10-28T00:16:32.189+0000] {processor.py:186} INFO - Started process (PID=47551) to work on /home/airflow/.local/lib/python3.12/site-packages/airflow/example_dags/example_sensor_decorator.py
[2024-10-28T00:16:32.190+0000] {processor.py:914} INFO - Processing file /home/airflow/.local/lib/python3.12/site-packages/airflow/example_dags/example_sensor_decorator.py for tasks to queue
[2024-10-28T00:16:32.191+0000] {logging_mixin.py:190} INFO - [2024-10-28T00:16:32.191+0000] {dagbag.py:588} INFO - Filling up the DagBag from /home/airflow/.local/lib/python3.12/site-packages/airflow/example_dags/example_sensor_decorator.py
[2024-10-28T00:16:32.199+0000] {processor.py:925} INFO - DAG(s) 'example_sensor_decorator' retrieved from /home/airflow/.local/lib/python3.12/site-packages/airflow/example_dags/example_sensor_decorator.py
[2024-10-28T00:16:32.218+0000] {logging_mixin.py:190} INFO - [2024-10-28T00:16:32.217+0000] {dag.py:3239} INFO - Sync 1 DAGs
[2024-10-28T00:16:32.232+0000] {logging_mixin.py:190} INFO - [2024-10-28T00:16:32.232+0000] {dag.py:4180} INFO - Setting next_dagrun for example_sensor_decorator to None, run_after=None
[2024-10-28T00:16:32.252+0000] {processor.py:208} INFO - Processing /home/airflow/.local/lib/python3.12/site-packages/airflow/example_dags/example_sensor_decorator.py took 0.068 seconds
[2024-10-28T00:17:02.737+0000] {processor.py:186} INFO - Started process (PID=47625) to work on /home/airflow/.local/lib/python3.12/site-packages/airflow/example_dags/example_sensor_decorator.py
[2024-10-28T00:17:02.738+0000] {processor.py:914} INFO - Processing file /home/airflow/.local/lib/python3.12/site-packages/airflow/example_dags/example_sensor_decorator.py for tasks to queue
[2024-10-28T00:17:02.739+0000] {logging_mixin.py:190} INFO - [2024-10-28T00:17:02.739+0000] {dagbag.py:588} INFO - Filling up the DagBag from /home/airflow/.local/lib/python3.12/site-packages/airflow/example_dags/example_sensor_decorator.py
[2024-10-28T00:17:02.746+0000] {processor.py:925} INFO - DAG(s) 'example_sensor_decorator' retrieved from /home/airflow/.local/lib/python3.12/site-packages/airflow/example_dags/example_sensor_decorator.py
[2024-10-28T00:17:02.763+0000] {logging_mixin.py:190} INFO - [2024-10-28T00:17:02.763+0000] {dag.py:3239} INFO - Sync 1 DAGs
[2024-10-28T00:17:02.776+0000] {logging_mixin.py:190} INFO - [2024-10-28T00:17:02.776+0000] {dag.py:4180} INFO - Setting next_dagrun for example_sensor_decorator to None, run_after=None
[2024-10-28T00:17:02.793+0000] {processor.py:208} INFO - Processing /home/airflow/.local/lib/python3.12/site-packages/airflow/example_dags/example_sensor_decorator.py took 0.062 seconds
[2024-10-28T00:17:33.368+0000] {processor.py:186} INFO - Started process (PID=47699) to work on /home/airflow/.local/lib/python3.12/site-packages/airflow/example_dags/example_sensor_decorator.py
[2024-10-28T00:17:33.369+0000] {processor.py:914} INFO - Processing file /home/airflow/.local/lib/python3.12/site-packages/airflow/example_dags/example_sensor_decorator.py for tasks to queue
[2024-10-28T00:17:33.370+0000] {logging_mixin.py:190} INFO - [2024-10-28T00:17:33.370+0000] {dagbag.py:588} INFO - Filling up the DagBag from /home/airflow/.local/lib/python3.12/site-packages/airflow/example_dags/example_sensor_decorator.py
[2024-10-28T00:17:33.378+0000] {processor.py:925} INFO - DAG(s) 'example_sensor_decorator' retrieved from /home/airflow/.local/lib/python3.12/site-packages/airflow/example_dags/example_sensor_decorator.py
[2024-10-28T00:17:33.396+0000] {logging_mixin.py:190} INFO - [2024-10-28T00:17:33.396+0000] {dag.py:3239} INFO - Sync 1 DAGs
[2024-10-28T00:17:33.410+0000] {logging_mixin.py:190} INFO - [2024-10-28T00:17:33.410+0000] {dag.py:4180} INFO - Setting next_dagrun for example_sensor_decorator to None, run_after=None
[2024-10-28T00:17:33.430+0000] {processor.py:208} INFO - Processing /home/airflow/.local/lib/python3.12/site-packages/airflow/example_dags/example_sensor_decorator.py took 0.068 seconds
[2024-10-28T00:18:03.807+0000] {processor.py:186} INFO - Started process (PID=47773) to work on /home/airflow/.local/lib/python3.12/site-packages/airflow/example_dags/example_sensor_decorator.py
[2024-10-28T00:18:03.809+0000] {processor.py:914} INFO - Processing file /home/airflow/.local/lib/python3.12/site-packages/airflow/example_dags/example_sensor_decorator.py for tasks to queue
[2024-10-28T00:18:03.811+0000] {logging_mixin.py:190} INFO - [2024-10-28T00:18:03.811+0000] {dagbag.py:588} INFO - Filling up the DagBag from /home/airflow/.local/lib/python3.12/site-packages/airflow/example_dags/example_sensor_decorator.py
[2024-10-28T00:18:03.820+0000] {processor.py:925} INFO - DAG(s) 'example_sensor_decorator' retrieved from /home/airflow/.local/lib/python3.12/site-packages/airflow/example_dags/example_sensor_decorator.py
[2024-10-28T00:18:03.844+0000] {logging_mixin.py:190} INFO - [2024-10-28T00:18:03.843+0000] {dag.py:3239} INFO - Sync 1 DAGs
[2024-10-28T00:18:03.866+0000] {logging_mixin.py:190} INFO - [2024-10-28T00:18:03.866+0000] {dag.py:4180} INFO - Setting next_dagrun for example_sensor_decorator to None, run_after=None
[2024-10-28T00:18:03.892+0000] {processor.py:208} INFO - Processing /home/airflow/.local/lib/python3.12/site-packages/airflow/example_dags/example_sensor_decorator.py took 0.092 seconds
[2024-10-28T00:18:34.260+0000] {processor.py:186} INFO - Started process (PID=47846) to work on /home/airflow/.local/lib/python3.12/site-packages/airflow/example_dags/example_sensor_decorator.py
[2024-10-28T00:18:34.262+0000] {processor.py:914} INFO - Processing file /home/airflow/.local/lib/python3.12/site-packages/airflow/example_dags/example_sensor_decorator.py for tasks to queue
[2024-10-28T00:18:34.263+0000] {logging_mixin.py:190} INFO - [2024-10-28T00:18:34.263+0000] {dagbag.py:588} INFO - Filling up the DagBag from /home/airflow/.local/lib/python3.12/site-packages/airflow/example_dags/example_sensor_decorator.py
[2024-10-28T00:18:34.274+0000] {processor.py:925} INFO - DAG(s) 'example_sensor_decorator' retrieved from /home/airflow/.local/lib/python3.12/site-packages/airflow/example_dags/example_sensor_decorator.py
[2024-10-28T00:18:34.299+0000] {logging_mixin.py:190} INFO - [2024-10-28T00:18:34.298+0000] {dag.py:3239} INFO - Sync 1 DAGs
[2024-10-28T00:18:34.319+0000] {logging_mixin.py:190} INFO - [2024-10-28T00:18:34.319+0000] {dag.py:4180} INFO - Setting next_dagrun for example_sensor_decorator to None, run_after=None
[2024-10-28T00:18:34.344+0000] {processor.py:208} INFO - Processing /home/airflow/.local/lib/python3.12/site-packages/airflow/example_dags/example_sensor_decorator.py took 0.090 seconds
[2024-10-28T00:19:04.560+0000] {processor.py:186} INFO - Started process (PID=47920) to work on /home/airflow/.local/lib/python3.12/site-packages/airflow/example_dags/example_sensor_decorator.py
[2024-10-28T00:19:04.561+0000] {processor.py:914} INFO - Processing file /home/airflow/.local/lib/python3.12/site-packages/airflow/example_dags/example_sensor_decorator.py for tasks to queue
[2024-10-28T00:19:04.562+0000] {logging_mixin.py:190} INFO - [2024-10-28T00:19:04.562+0000] {dagbag.py:588} INFO - Filling up the DagBag from /home/airflow/.local/lib/python3.12/site-packages/airflow/example_dags/example_sensor_decorator.py
[2024-10-28T00:19:04.574+0000] {processor.py:925} INFO - DAG(s) 'example_sensor_decorator' retrieved from /home/airflow/.local/lib/python3.12/site-packages/airflow/example_dags/example_sensor_decorator.py
[2024-10-28T00:19:04.598+0000] {logging_mixin.py:190} INFO - [2024-10-28T00:19:04.598+0000] {dag.py:3239} INFO - Sync 1 DAGs
[2024-10-28T00:19:04.618+0000] {logging_mixin.py:190} INFO - [2024-10-28T00:19:04.617+0000] {dag.py:4180} INFO - Setting next_dagrun for example_sensor_decorator to None, run_after=None
[2024-10-28T00:19:04.642+0000] {processor.py:208} INFO - Processing /home/airflow/.local/lib/python3.12/site-packages/airflow/example_dags/example_sensor_decorator.py took 0.088 seconds
[2024-10-28T00:19:34.919+0000] {processor.py:186} INFO - Started process (PID=47994) to work on /home/airflow/.local/lib/python3.12/site-packages/airflow/example_dags/example_sensor_decorator.py
[2024-10-28T00:19:34.921+0000] {processor.py:914} INFO - Processing file /home/airflow/.local/lib/python3.12/site-packages/airflow/example_dags/example_sensor_decorator.py for tasks to queue
[2024-10-28T00:19:34.922+0000] {logging_mixin.py:190} INFO - [2024-10-28T00:19:34.922+0000] {dagbag.py:588} INFO - Filling up the DagBag from /home/airflow/.local/lib/python3.12/site-packages/airflow/example_dags/example_sensor_decorator.py
[2024-10-28T00:19:34.931+0000] {processor.py:925} INFO - DAG(s) 'example_sensor_decorator' retrieved from /home/airflow/.local/lib/python3.12/site-packages/airflow/example_dags/example_sensor_decorator.py
[2024-10-28T00:19:34.951+0000] {logging_mixin.py:190} INFO - [2024-10-28T00:19:34.951+0000] {dag.py:3239} INFO - Sync 1 DAGs
[2024-10-28T00:19:34.967+0000] {logging_mixin.py:190} INFO - [2024-10-28T00:19:34.967+0000] {dag.py:4180} INFO - Setting next_dagrun for example_sensor_decorator to None, run_after=None
[2024-10-28T00:19:34.986+0000] {processor.py:208} INFO - Processing /home/airflow/.local/lib/python3.12/site-packages/airflow/example_dags/example_sensor_decorator.py took 0.073 seconds
[2024-10-28T00:20:05.766+0000] {processor.py:186} INFO - Started process (PID=48068) to work on /home/airflow/.local/lib/python3.12/site-packages/airflow/example_dags/example_sensor_decorator.py
[2024-10-28T00:20:05.767+0000] {processor.py:914} INFO - Processing file /home/airflow/.local/lib/python3.12/site-packages/airflow/example_dags/example_sensor_decorator.py for tasks to queue
[2024-10-28T00:20:05.768+0000] {logging_mixin.py:190} INFO - [2024-10-28T00:20:05.768+0000] {dagbag.py:588} INFO - Filling up the DagBag from /home/airflow/.local/lib/python3.12/site-packages/airflow/example_dags/example_sensor_decorator.py
[2024-10-28T00:20:05.777+0000] {processor.py:925} INFO - DAG(s) 'example_sensor_decorator' retrieved from /home/airflow/.local/lib/python3.12/site-packages/airflow/example_dags/example_sensor_decorator.py
[2024-10-28T00:20:05.801+0000] {logging_mixin.py:190} INFO - [2024-10-28T00:20:05.801+0000] {dag.py:3239} INFO - Sync 1 DAGs
[2024-10-28T00:20:05.821+0000] {logging_mixin.py:190} INFO - [2024-10-28T00:20:05.820+0000] {dag.py:4180} INFO - Setting next_dagrun for example_sensor_decorator to None, run_after=None
[2024-10-28T00:20:05.843+0000] {processor.py:208} INFO - Processing /home/airflow/.local/lib/python3.12/site-packages/airflow/example_dags/example_sensor_decorator.py took 0.083 seconds
[2024-10-28T00:20:36.082+0000] {processor.py:186} INFO - Started process (PID=48142) to work on /home/airflow/.local/lib/python3.12/site-packages/airflow/example_dags/example_sensor_decorator.py
[2024-10-28T00:20:36.083+0000] {processor.py:914} INFO - Processing file /home/airflow/.local/lib/python3.12/site-packages/airflow/example_dags/example_sensor_decorator.py for tasks to queue
[2024-10-28T00:20:36.086+0000] {logging_mixin.py:190} INFO - [2024-10-28T00:20:36.085+0000] {dagbag.py:588} INFO - Filling up the DagBag from /home/airflow/.local/lib/python3.12/site-packages/airflow/example_dags/example_sensor_decorator.py
[2024-10-28T00:20:36.097+0000] {processor.py:925} INFO - DAG(s) 'example_sensor_decorator' retrieved from /home/airflow/.local/lib/python3.12/site-packages/airflow/example_dags/example_sensor_decorator.py
[2024-10-28T00:20:36.124+0000] {logging_mixin.py:190} INFO - [2024-10-28T00:20:36.123+0000] {dag.py:3239} INFO - Sync 1 DAGs
[2024-10-28T00:20:36.142+0000] {logging_mixin.py:190} INFO - [2024-10-28T00:20:36.142+0000] {dag.py:4180} INFO - Setting next_dagrun for example_sensor_decorator to None, run_after=None
[2024-10-28T00:20:36.165+0000] {processor.py:208} INFO - Processing /home/airflow/.local/lib/python3.12/site-packages/airflow/example_dags/example_sensor_decorator.py took 0.092 seconds
[2024-10-28T00:21:06.724+0000] {processor.py:186} INFO - Started process (PID=48216) to work on /home/airflow/.local/lib/python3.12/site-packages/airflow/example_dags/example_sensor_decorator.py
[2024-10-28T00:21:06.725+0000] {processor.py:914} INFO - Processing file /home/airflow/.local/lib/python3.12/site-packages/airflow/example_dags/example_sensor_decorator.py for tasks to queue
[2024-10-28T00:21:06.727+0000] {logging_mixin.py:190} INFO - [2024-10-28T00:21:06.726+0000] {dagbag.py:588} INFO - Filling up the DagBag from /home/airflow/.local/lib/python3.12/site-packages/airflow/example_dags/example_sensor_decorator.py
[2024-10-28T00:21:06.738+0000] {processor.py:925} INFO - DAG(s) 'example_sensor_decorator' retrieved from /home/airflow/.local/lib/python3.12/site-packages/airflow/example_dags/example_sensor_decorator.py
[2024-10-28T00:21:06.761+0000] {logging_mixin.py:190} INFO - [2024-10-28T00:21:06.761+0000] {dag.py:3239} INFO - Sync 1 DAGs
[2024-10-28T00:21:06.784+0000] {logging_mixin.py:190} INFO - [2024-10-28T00:21:06.784+0000] {dag.py:4180} INFO - Setting next_dagrun for example_sensor_decorator to None, run_after=None
[2024-10-28T00:21:06.809+0000] {processor.py:208} INFO - Processing /home/airflow/.local/lib/python3.12/site-packages/airflow/example_dags/example_sensor_decorator.py took 0.091 seconds
[2024-10-28T00:21:37.320+0000] {processor.py:186} INFO - Started process (PID=48290) to work on /home/airflow/.local/lib/python3.12/site-packages/airflow/example_dags/example_sensor_decorator.py
[2024-10-28T00:21:37.321+0000] {processor.py:914} INFO - Processing file /home/airflow/.local/lib/python3.12/site-packages/airflow/example_dags/example_sensor_decorator.py for tasks to queue
[2024-10-28T00:21:37.323+0000] {logging_mixin.py:190} INFO - [2024-10-28T00:21:37.322+0000] {dagbag.py:588} INFO - Filling up the DagBag from /home/airflow/.local/lib/python3.12/site-packages/airflow/example_dags/example_sensor_decorator.py
[2024-10-28T00:21:37.331+0000] {processor.py:925} INFO - DAG(s) 'example_sensor_decorator' retrieved from /home/airflow/.local/lib/python3.12/site-packages/airflow/example_dags/example_sensor_decorator.py
[2024-10-28T00:21:37.350+0000] {logging_mixin.py:190} INFO - [2024-10-28T00:21:37.350+0000] {dag.py:3239} INFO - Sync 1 DAGs
[2024-10-28T00:21:37.365+0000] {logging_mixin.py:190} INFO - [2024-10-28T00:21:37.365+0000] {dag.py:4180} INFO - Setting next_dagrun for example_sensor_decorator to None, run_after=None
[2024-10-28T00:21:37.384+0000] {processor.py:208} INFO - Processing /home/airflow/.local/lib/python3.12/site-packages/airflow/example_dags/example_sensor_decorator.py took 0.069 seconds
[2024-10-28T00:22:07.804+0000] {processor.py:186} INFO - Started process (PID=48370) to work on /home/airflow/.local/lib/python3.12/site-packages/airflow/example_dags/example_sensor_decorator.py
[2024-10-28T00:22:07.806+0000] {processor.py:914} INFO - Processing file /home/airflow/.local/lib/python3.12/site-packages/airflow/example_dags/example_sensor_decorator.py for tasks to queue
[2024-10-28T00:22:07.808+0000] {logging_mixin.py:190} INFO - [2024-10-28T00:22:07.807+0000] {dagbag.py:588} INFO - Filling up the DagBag from /home/airflow/.local/lib/python3.12/site-packages/airflow/example_dags/example_sensor_decorator.py
[2024-10-28T00:22:07.816+0000] {processor.py:925} INFO - DAG(s) 'example_sensor_decorator' retrieved from /home/airflow/.local/lib/python3.12/site-packages/airflow/example_dags/example_sensor_decorator.py
[2024-10-28T00:22:07.837+0000] {logging_mixin.py:190} INFO - [2024-10-28T00:22:07.837+0000] {dag.py:3239} INFO - Sync 1 DAGs
[2024-10-28T00:22:07.853+0000] {logging_mixin.py:190} INFO - [2024-10-28T00:22:07.853+0000] {dag.py:4180} INFO - Setting next_dagrun for example_sensor_decorator to None, run_after=None
[2024-10-28T00:22:07.876+0000] {processor.py:208} INFO - Processing /home/airflow/.local/lib/python3.12/site-packages/airflow/example_dags/example_sensor_decorator.py took 0.077 seconds
[2024-10-28T00:22:38.174+0000] {processor.py:186} INFO - Started process (PID=48444) to work on /home/airflow/.local/lib/python3.12/site-packages/airflow/example_dags/example_sensor_decorator.py
[2024-10-28T00:22:38.175+0000] {processor.py:914} INFO - Processing file /home/airflow/.local/lib/python3.12/site-packages/airflow/example_dags/example_sensor_decorator.py for tasks to queue
[2024-10-28T00:22:38.176+0000] {logging_mixin.py:190} INFO - [2024-10-28T00:22:38.176+0000] {dagbag.py:588} INFO - Filling up the DagBag from /home/airflow/.local/lib/python3.12/site-packages/airflow/example_dags/example_sensor_decorator.py
[2024-10-28T00:22:38.184+0000] {processor.py:925} INFO - DAG(s) 'example_sensor_decorator' retrieved from /home/airflow/.local/lib/python3.12/site-packages/airflow/example_dags/example_sensor_decorator.py
[2024-10-28T00:22:38.206+0000] {logging_mixin.py:190} INFO - [2024-10-28T00:22:38.206+0000] {dag.py:3239} INFO - Sync 1 DAGs
[2024-10-28T00:22:38.222+0000] {logging_mixin.py:190} INFO - [2024-10-28T00:22:38.222+0000] {dag.py:4180} INFO - Setting next_dagrun for example_sensor_decorator to None, run_after=None
[2024-10-28T00:22:38.243+0000] {processor.py:208} INFO - Processing /home/airflow/.local/lib/python3.12/site-packages/airflow/example_dags/example_sensor_decorator.py took 0.077 seconds
[2024-10-28T00:23:08.614+0000] {processor.py:186} INFO - Started process (PID=48518) to work on /home/airflow/.local/lib/python3.12/site-packages/airflow/example_dags/example_sensor_decorator.py
[2024-10-28T00:23:08.615+0000] {processor.py:914} INFO - Processing file /home/airflow/.local/lib/python3.12/site-packages/airflow/example_dags/example_sensor_decorator.py for tasks to queue
[2024-10-28T00:23:08.617+0000] {logging_mixin.py:190} INFO - [2024-10-28T00:23:08.617+0000] {dagbag.py:588} INFO - Filling up the DagBag from /home/airflow/.local/lib/python3.12/site-packages/airflow/example_dags/example_sensor_decorator.py
[2024-10-28T00:23:08.625+0000] {processor.py:925} INFO - DAG(s) 'example_sensor_decorator' retrieved from /home/airflow/.local/lib/python3.12/site-packages/airflow/example_dags/example_sensor_decorator.py
[2024-10-28T00:23:08.644+0000] {logging_mixin.py:190} INFO - [2024-10-28T00:23:08.644+0000] {dag.py:3239} INFO - Sync 1 DAGs
[2024-10-28T00:23:08.659+0000] {logging_mixin.py:190} INFO - [2024-10-28T00:23:08.659+0000] {dag.py:4180} INFO - Setting next_dagrun for example_sensor_decorator to None, run_after=None
[2024-10-28T00:23:08.679+0000] {processor.py:208} INFO - Processing /home/airflow/.local/lib/python3.12/site-packages/airflow/example_dags/example_sensor_decorator.py took 0.070 seconds
[2024-10-28T00:23:38.849+0000] {processor.py:186} INFO - Started process (PID=48592) to work on /home/airflow/.local/lib/python3.12/site-packages/airflow/example_dags/example_sensor_decorator.py
[2024-10-28T00:23:38.850+0000] {processor.py:914} INFO - Processing file /home/airflow/.local/lib/python3.12/site-packages/airflow/example_dags/example_sensor_decorator.py for tasks to queue
[2024-10-28T00:23:38.851+0000] {logging_mixin.py:190} INFO - [2024-10-28T00:23:38.851+0000] {dagbag.py:588} INFO - Filling up the DagBag from /home/airflow/.local/lib/python3.12/site-packages/airflow/example_dags/example_sensor_decorator.py
[2024-10-28T00:23:38.859+0000] {processor.py:925} INFO - DAG(s) 'example_sensor_decorator' retrieved from /home/airflow/.local/lib/python3.12/site-packages/airflow/example_dags/example_sensor_decorator.py
[2024-10-28T00:23:38.877+0000] {logging_mixin.py:190} INFO - [2024-10-28T00:23:38.877+0000] {dag.py:3239} INFO - Sync 1 DAGs
[2024-10-28T00:23:38.891+0000] {logging_mixin.py:190} INFO - [2024-10-28T00:23:38.891+0000] {dag.py:4180} INFO - Setting next_dagrun for example_sensor_decorator to None, run_after=None
[2024-10-28T00:23:38.912+0000] {processor.py:208} INFO - Processing /home/airflow/.local/lib/python3.12/site-packages/airflow/example_dags/example_sensor_decorator.py took 0.070 seconds
[2024-10-28T00:24:09.917+0000] {processor.py:186} INFO - Started process (PID=48666) to work on /home/airflow/.local/lib/python3.12/site-packages/airflow/example_dags/example_sensor_decorator.py
[2024-10-28T00:24:09.919+0000] {processor.py:914} INFO - Processing file /home/airflow/.local/lib/python3.12/site-packages/airflow/example_dags/example_sensor_decorator.py for tasks to queue
[2024-10-28T00:24:09.920+0000] {logging_mixin.py:190} INFO - [2024-10-28T00:24:09.920+0000] {dagbag.py:588} INFO - Filling up the DagBag from /home/airflow/.local/lib/python3.12/site-packages/airflow/example_dags/example_sensor_decorator.py
[2024-10-28T00:24:09.930+0000] {processor.py:925} INFO - DAG(s) 'example_sensor_decorator' retrieved from /home/airflow/.local/lib/python3.12/site-packages/airflow/example_dags/example_sensor_decorator.py
[2024-10-28T00:24:09.955+0000] {logging_mixin.py:190} INFO - [2024-10-28T00:24:09.954+0000] {dag.py:3239} INFO - Sync 1 DAGs
[2024-10-28T00:24:09.972+0000] {logging_mixin.py:190} INFO - [2024-10-28T00:24:09.972+0000] {dag.py:4180} INFO - Setting next_dagrun for example_sensor_decorator to None, run_after=None
[2024-10-28T00:24:09.997+0000] {processor.py:208} INFO - Processing /home/airflow/.local/lib/python3.12/site-packages/airflow/example_dags/example_sensor_decorator.py took 0.087 seconds
[2024-10-28T00:24:40.859+0000] {processor.py:186} INFO - Started process (PID=48740) to work on /home/airflow/.local/lib/python3.12/site-packages/airflow/example_dags/example_sensor_decorator.py
[2024-10-28T00:24:40.860+0000] {processor.py:914} INFO - Processing file /home/airflow/.local/lib/python3.12/site-packages/airflow/example_dags/example_sensor_decorator.py for tasks to queue
[2024-10-28T00:24:40.862+0000] {logging_mixin.py:190} INFO - [2024-10-28T00:24:40.861+0000] {dagbag.py:588} INFO - Filling up the DagBag from /home/airflow/.local/lib/python3.12/site-packages/airflow/example_dags/example_sensor_decorator.py
[2024-10-28T00:24:40.870+0000] {processor.py:925} INFO - DAG(s) 'example_sensor_decorator' retrieved from /home/airflow/.local/lib/python3.12/site-packages/airflow/example_dags/example_sensor_decorator.py
[2024-10-28T00:24:40.894+0000] {logging_mixin.py:190} INFO - [2024-10-28T00:24:40.894+0000] {dag.py:3239} INFO - Sync 1 DAGs
[2024-10-28T00:24:40.910+0000] {logging_mixin.py:190} INFO - [2024-10-28T00:24:40.910+0000] {dag.py:4180} INFO - Setting next_dagrun for example_sensor_decorator to None, run_after=None
[2024-10-28T00:24:40.931+0000] {processor.py:208} INFO - Processing /home/airflow/.local/lib/python3.12/site-packages/airflow/example_dags/example_sensor_decorator.py took 0.078 seconds
[2024-10-28T00:25:11.712+0000] {processor.py:186} INFO - Started process (PID=48814) to work on /home/airflow/.local/lib/python3.12/site-packages/airflow/example_dags/example_sensor_decorator.py
[2024-10-28T00:25:11.713+0000] {processor.py:914} INFO - Processing file /home/airflow/.local/lib/python3.12/site-packages/airflow/example_dags/example_sensor_decorator.py for tasks to queue
[2024-10-28T00:25:11.716+0000] {logging_mixin.py:190} INFO - [2024-10-28T00:25:11.715+0000] {dagbag.py:588} INFO - Filling up the DagBag from /home/airflow/.local/lib/python3.12/site-packages/airflow/example_dags/example_sensor_decorator.py
[2024-10-28T00:25:11.726+0000] {processor.py:925} INFO - DAG(s) 'example_sensor_decorator' retrieved from /home/airflow/.local/lib/python3.12/site-packages/airflow/example_dags/example_sensor_decorator.py
[2024-10-28T00:25:11.747+0000] {logging_mixin.py:190} INFO - [2024-10-28T00:25:11.747+0000] {dag.py:3239} INFO - Sync 1 DAGs
[2024-10-28T00:25:11.762+0000] {logging_mixin.py:190} INFO - [2024-10-28T00:25:11.762+0000] {dag.py:4180} INFO - Setting next_dagrun for example_sensor_decorator to None, run_after=None
[2024-10-28T00:25:11.788+0000] {processor.py:208} INFO - Processing /home/airflow/.local/lib/python3.12/site-packages/airflow/example_dags/example_sensor_decorator.py took 0.081 seconds
[2024-10-28T00:25:41.901+0000] {processor.py:186} INFO - Started process (PID=48888) to work on /home/airflow/.local/lib/python3.12/site-packages/airflow/example_dags/example_sensor_decorator.py
[2024-10-28T00:25:41.902+0000] {processor.py:914} INFO - Processing file /home/airflow/.local/lib/python3.12/site-packages/airflow/example_dags/example_sensor_decorator.py for tasks to queue
[2024-10-28T00:25:41.903+0000] {logging_mixin.py:190} INFO - [2024-10-28T00:25:41.903+0000] {dagbag.py:588} INFO - Filling up the DagBag from /home/airflow/.local/lib/python3.12/site-packages/airflow/example_dags/example_sensor_decorator.py
[2024-10-28T00:25:41.913+0000] {processor.py:925} INFO - DAG(s) 'example_sensor_decorator' retrieved from /home/airflow/.local/lib/python3.12/site-packages/airflow/example_dags/example_sensor_decorator.py
[2024-10-28T00:25:41.932+0000] {logging_mixin.py:190} INFO - [2024-10-28T00:25:41.931+0000] {dag.py:3239} INFO - Sync 1 DAGs
[2024-10-28T00:25:41.947+0000] {logging_mixin.py:190} INFO - [2024-10-28T00:25:41.947+0000] {dag.py:4180} INFO - Setting next_dagrun for example_sensor_decorator to None, run_after=None
[2024-10-28T00:25:41.966+0000] {processor.py:208} INFO - Processing /home/airflow/.local/lib/python3.12/site-packages/airflow/example_dags/example_sensor_decorator.py took 0.071 seconds
[2024-10-28T00:26:12.611+0000] {processor.py:186} INFO - Started process (PID=48962) to work on /home/airflow/.local/lib/python3.12/site-packages/airflow/example_dags/example_sensor_decorator.py
[2024-10-28T00:26:12.612+0000] {processor.py:914} INFO - Processing file /home/airflow/.local/lib/python3.12/site-packages/airflow/example_dags/example_sensor_decorator.py for tasks to queue
[2024-10-28T00:26:12.614+0000] {logging_mixin.py:190} INFO - [2024-10-28T00:26:12.613+0000] {dagbag.py:588} INFO - Filling up the DagBag from /home/airflow/.local/lib/python3.12/site-packages/airflow/example_dags/example_sensor_decorator.py
[2024-10-28T00:26:12.621+0000] {processor.py:925} INFO - DAG(s) 'example_sensor_decorator' retrieved from /home/airflow/.local/lib/python3.12/site-packages/airflow/example_dags/example_sensor_decorator.py
[2024-10-28T00:26:12.641+0000] {logging_mixin.py:190} INFO - [2024-10-28T00:26:12.641+0000] {dag.py:3239} INFO - Sync 1 DAGs
[2024-10-28T00:26:12.804+0000] {logging_mixin.py:190} INFO - [2024-10-28T00:26:12.804+0000] {dag.py:4180} INFO - Setting next_dagrun for example_sensor_decorator to None, run_after=None
[2024-10-28T00:26:12.826+0000] {processor.py:208} INFO - Processing /home/airflow/.local/lib/python3.12/site-packages/airflow/example_dags/example_sensor_decorator.py took 0.222 seconds
[2024-10-28T00:26:43.759+0000] {processor.py:186} INFO - Started process (PID=49036) to work on /home/airflow/.local/lib/python3.12/site-packages/airflow/example_dags/example_sensor_decorator.py
[2024-10-28T00:26:43.760+0000] {processor.py:914} INFO - Processing file /home/airflow/.local/lib/python3.12/site-packages/airflow/example_dags/example_sensor_decorator.py for tasks to queue
[2024-10-28T00:26:43.762+0000] {logging_mixin.py:190} INFO - [2024-10-28T00:26:43.761+0000] {dagbag.py:588} INFO - Filling up the DagBag from /home/airflow/.local/lib/python3.12/site-packages/airflow/example_dags/example_sensor_decorator.py
[2024-10-28T00:26:43.769+0000] {processor.py:925} INFO - DAG(s) 'example_sensor_decorator' retrieved from /home/airflow/.local/lib/python3.12/site-packages/airflow/example_dags/example_sensor_decorator.py
[2024-10-28T00:26:43.788+0000] {logging_mixin.py:190} INFO - [2024-10-28T00:26:43.788+0000] {dag.py:3239} INFO - Sync 1 DAGs
[2024-10-28T00:26:43.802+0000] {logging_mixin.py:190} INFO - [2024-10-28T00:26:43.802+0000] {dag.py:4180} INFO - Setting next_dagrun for example_sensor_decorator to None, run_after=None
[2024-10-28T00:26:43.821+0000] {processor.py:208} INFO - Processing /home/airflow/.local/lib/python3.12/site-packages/airflow/example_dags/example_sensor_decorator.py took 0.067 seconds
[2024-10-28T00:27:14.173+0000] {processor.py:186} INFO - Started process (PID=49110) to work on /home/airflow/.local/lib/python3.12/site-packages/airflow/example_dags/example_sensor_decorator.py
[2024-10-28T00:27:14.174+0000] {processor.py:914} INFO - Processing file /home/airflow/.local/lib/python3.12/site-packages/airflow/example_dags/example_sensor_decorator.py for tasks to queue
[2024-10-28T00:27:14.175+0000] {logging_mixin.py:190} INFO - [2024-10-28T00:27:14.175+0000] {dagbag.py:588} INFO - Filling up the DagBag from /home/airflow/.local/lib/python3.12/site-packages/airflow/example_dags/example_sensor_decorator.py
[2024-10-28T00:27:14.183+0000] {processor.py:925} INFO - DAG(s) 'example_sensor_decorator' retrieved from /home/airflow/.local/lib/python3.12/site-packages/airflow/example_dags/example_sensor_decorator.py
[2024-10-28T00:27:14.201+0000] {logging_mixin.py:190} INFO - [2024-10-28T00:27:14.201+0000] {dag.py:3239} INFO - Sync 1 DAGs
[2024-10-28T00:27:14.215+0000] {logging_mixin.py:190} INFO - [2024-10-28T00:27:14.214+0000] {dag.py:4180} INFO - Setting next_dagrun for example_sensor_decorator to None, run_after=None
[2024-10-28T00:27:14.233+0000] {processor.py:208} INFO - Processing /home/airflow/.local/lib/python3.12/site-packages/airflow/example_dags/example_sensor_decorator.py took 0.066 seconds
[2024-10-28T00:27:45.049+0000] {processor.py:186} INFO - Started process (PID=49184) to work on /home/airflow/.local/lib/python3.12/site-packages/airflow/example_dags/example_sensor_decorator.py
[2024-10-28T00:27:45.051+0000] {processor.py:914} INFO - Processing file /home/airflow/.local/lib/python3.12/site-packages/airflow/example_dags/example_sensor_decorator.py for tasks to queue
[2024-10-28T00:27:45.052+0000] {logging_mixin.py:190} INFO - [2024-10-28T00:27:45.052+0000] {dagbag.py:588} INFO - Filling up the DagBag from /home/airflow/.local/lib/python3.12/site-packages/airflow/example_dags/example_sensor_decorator.py
[2024-10-28T00:27:45.059+0000] {processor.py:925} INFO - DAG(s) 'example_sensor_decorator' retrieved from /home/airflow/.local/lib/python3.12/site-packages/airflow/example_dags/example_sensor_decorator.py
[2024-10-28T00:27:45.078+0000] {logging_mixin.py:190} INFO - [2024-10-28T00:27:45.078+0000] {dag.py:3239} INFO - Sync 1 DAGs
[2024-10-28T00:27:45.092+0000] {logging_mixin.py:190} INFO - [2024-10-28T00:27:45.092+0000] {dag.py:4180} INFO - Setting next_dagrun for example_sensor_decorator to None, run_after=None
[2024-10-28T00:27:45.111+0000] {processor.py:208} INFO - Processing /home/airflow/.local/lib/python3.12/site-packages/airflow/example_dags/example_sensor_decorator.py took 0.066 seconds
[2024-10-28T00:28:15.194+0000] {processor.py:186} INFO - Started process (PID=49258) to work on /home/airflow/.local/lib/python3.12/site-packages/airflow/example_dags/example_sensor_decorator.py
[2024-10-28T00:28:15.195+0000] {processor.py:914} INFO - Processing file /home/airflow/.local/lib/python3.12/site-packages/airflow/example_dags/example_sensor_decorator.py for tasks to queue
[2024-10-28T00:28:15.196+0000] {logging_mixin.py:190} INFO - [2024-10-28T00:28:15.196+0000] {dagbag.py:588} INFO - Filling up the DagBag from /home/airflow/.local/lib/python3.12/site-packages/airflow/example_dags/example_sensor_decorator.py
[2024-10-28T00:28:15.203+0000] {processor.py:925} INFO - DAG(s) 'example_sensor_decorator' retrieved from /home/airflow/.local/lib/python3.12/site-packages/airflow/example_dags/example_sensor_decorator.py
[2024-10-28T00:28:15.223+0000] {logging_mixin.py:190} INFO - [2024-10-28T00:28:15.222+0000] {dag.py:3239} INFO - Sync 1 DAGs
[2024-10-28T00:28:15.240+0000] {logging_mixin.py:190} INFO - [2024-10-28T00:28:15.239+0000] {dag.py:4180} INFO - Setting next_dagrun for example_sensor_decorator to None, run_after=None
[2024-10-28T00:28:15.261+0000] {processor.py:208} INFO - Processing /home/airflow/.local/lib/python3.12/site-packages/airflow/example_dags/example_sensor_decorator.py took 0.073 seconds
[2024-10-28T00:28:45.765+0000] {processor.py:186} INFO - Started process (PID=49332) to work on /home/airflow/.local/lib/python3.12/site-packages/airflow/example_dags/example_sensor_decorator.py
[2024-10-28T00:28:45.766+0000] {processor.py:914} INFO - Processing file /home/airflow/.local/lib/python3.12/site-packages/airflow/example_dags/example_sensor_decorator.py for tasks to queue
[2024-10-28T00:28:45.768+0000] {logging_mixin.py:190} INFO - [2024-10-28T00:28:45.768+0000] {dagbag.py:588} INFO - Filling up the DagBag from /home/airflow/.local/lib/python3.12/site-packages/airflow/example_dags/example_sensor_decorator.py
[2024-10-28T00:28:45.779+0000] {processor.py:925} INFO - DAG(s) 'example_sensor_decorator' retrieved from /home/airflow/.local/lib/python3.12/site-packages/airflow/example_dags/example_sensor_decorator.py
[2024-10-28T00:28:45.799+0000] {logging_mixin.py:190} INFO - [2024-10-28T00:28:45.799+0000] {dag.py:3239} INFO - Sync 1 DAGs
[2024-10-28T00:28:45.814+0000] {logging_mixin.py:190} INFO - [2024-10-28T00:28:45.814+0000] {dag.py:4180} INFO - Setting next_dagrun for example_sensor_decorator to None, run_after=None
[2024-10-28T00:28:45.835+0000] {processor.py:208} INFO - Processing /home/airflow/.local/lib/python3.12/site-packages/airflow/example_dags/example_sensor_decorator.py took 0.076 seconds
[2024-10-28T00:29:16.624+0000] {processor.py:186} INFO - Started process (PID=49406) to work on /home/airflow/.local/lib/python3.12/site-packages/airflow/example_dags/example_sensor_decorator.py
[2024-10-28T00:29:16.625+0000] {processor.py:914} INFO - Processing file /home/airflow/.local/lib/python3.12/site-packages/airflow/example_dags/example_sensor_decorator.py for tasks to queue
[2024-10-28T00:29:16.626+0000] {logging_mixin.py:190} INFO - [2024-10-28T00:29:16.626+0000] {dagbag.py:588} INFO - Filling up the DagBag from /home/airflow/.local/lib/python3.12/site-packages/airflow/example_dags/example_sensor_decorator.py
[2024-10-28T00:29:16.634+0000] {processor.py:925} INFO - DAG(s) 'example_sensor_decorator' retrieved from /home/airflow/.local/lib/python3.12/site-packages/airflow/example_dags/example_sensor_decorator.py
[2024-10-28T00:29:16.652+0000] {logging_mixin.py:190} INFO - [2024-10-28T00:29:16.652+0000] {dag.py:3239} INFO - Sync 1 DAGs
[2024-10-28T00:29:16.667+0000] {logging_mixin.py:190} INFO - [2024-10-28T00:29:16.666+0000] {dag.py:4180} INFO - Setting next_dagrun for example_sensor_decorator to None, run_after=None
[2024-10-28T00:29:16.685+0000] {processor.py:208} INFO - Processing /home/airflow/.local/lib/python3.12/site-packages/airflow/example_dags/example_sensor_decorator.py took 0.066 seconds
[2024-10-28T00:29:47.460+0000] {processor.py:186} INFO - Started process (PID=49480) to work on /home/airflow/.local/lib/python3.12/site-packages/airflow/example_dags/example_sensor_decorator.py
[2024-10-28T00:29:47.461+0000] {processor.py:914} INFO - Processing file /home/airflow/.local/lib/python3.12/site-packages/airflow/example_dags/example_sensor_decorator.py for tasks to queue
[2024-10-28T00:29:47.463+0000] {logging_mixin.py:190} INFO - [2024-10-28T00:29:47.462+0000] {dagbag.py:588} INFO - Filling up the DagBag from /home/airflow/.local/lib/python3.12/site-packages/airflow/example_dags/example_sensor_decorator.py
[2024-10-28T00:29:47.469+0000] {processor.py:925} INFO - DAG(s) 'example_sensor_decorator' retrieved from /home/airflow/.local/lib/python3.12/site-packages/airflow/example_dags/example_sensor_decorator.py
[2024-10-28T00:29:47.489+0000] {logging_mixin.py:190} INFO - [2024-10-28T00:29:47.489+0000] {dag.py:3239} INFO - Sync 1 DAGs
[2024-10-28T00:29:47.503+0000] {logging_mixin.py:190} INFO - [2024-10-28T00:29:47.503+0000] {dag.py:4180} INFO - Setting next_dagrun for example_sensor_decorator to None, run_after=None
[2024-10-28T00:29:47.521+0000] {processor.py:208} INFO - Processing /home/airflow/.local/lib/python3.12/site-packages/airflow/example_dags/example_sensor_decorator.py took 0.067 seconds
[2024-10-28T00:30:18.365+0000] {processor.py:186} INFO - Started process (PID=49554) to work on /home/airflow/.local/lib/python3.12/site-packages/airflow/example_dags/example_sensor_decorator.py
[2024-10-28T00:30:18.366+0000] {processor.py:914} INFO - Processing file /home/airflow/.local/lib/python3.12/site-packages/airflow/example_dags/example_sensor_decorator.py for tasks to queue
[2024-10-28T00:30:18.367+0000] {logging_mixin.py:190} INFO - [2024-10-28T00:30:18.367+0000] {dagbag.py:588} INFO - Filling up the DagBag from /home/airflow/.local/lib/python3.12/site-packages/airflow/example_dags/example_sensor_decorator.py
[2024-10-28T00:30:18.375+0000] {processor.py:925} INFO - DAG(s) 'example_sensor_decorator' retrieved from /home/airflow/.local/lib/python3.12/site-packages/airflow/example_dags/example_sensor_decorator.py
[2024-10-28T00:30:18.393+0000] {logging_mixin.py:190} INFO - [2024-10-28T00:30:18.393+0000] {dag.py:3239} INFO - Sync 1 DAGs
[2024-10-28T00:30:18.408+0000] {logging_mixin.py:190} INFO - [2024-10-28T00:30:18.408+0000] {dag.py:4180} INFO - Setting next_dagrun for example_sensor_decorator to None, run_after=None
[2024-10-28T00:30:18.427+0000] {processor.py:208} INFO - Processing /home/airflow/.local/lib/python3.12/site-packages/airflow/example_dags/example_sensor_decorator.py took 0.069 seconds
[2024-10-28T00:30:49.255+0000] {processor.py:186} INFO - Started process (PID=49628) to work on /home/airflow/.local/lib/python3.12/site-packages/airflow/example_dags/example_sensor_decorator.py
[2024-10-28T00:30:49.257+0000] {processor.py:914} INFO - Processing file /home/airflow/.local/lib/python3.12/site-packages/airflow/example_dags/example_sensor_decorator.py for tasks to queue
[2024-10-28T00:30:49.259+0000] {logging_mixin.py:190} INFO - [2024-10-28T00:30:49.258+0000] {dagbag.py:588} INFO - Filling up the DagBag from /home/airflow/.local/lib/python3.12/site-packages/airflow/example_dags/example_sensor_decorator.py
[2024-10-28T00:30:49.266+0000] {processor.py:925} INFO - DAG(s) 'example_sensor_decorator' retrieved from /home/airflow/.local/lib/python3.12/site-packages/airflow/example_dags/example_sensor_decorator.py
[2024-10-28T00:30:49.286+0000] {logging_mixin.py:190} INFO - [2024-10-28T00:30:49.286+0000] {dag.py:3239} INFO - Sync 1 DAGs
[2024-10-28T00:30:49.302+0000] {logging_mixin.py:190} INFO - [2024-10-28T00:30:49.302+0000] {dag.py:4180} INFO - Setting next_dagrun for example_sensor_decorator to None, run_after=None
[2024-10-28T00:30:49.325+0000] {processor.py:208} INFO - Processing /home/airflow/.local/lib/python3.12/site-packages/airflow/example_dags/example_sensor_decorator.py took 0.077 seconds
[2024-10-28T00:31:20.131+0000] {processor.py:186} INFO - Started process (PID=49702) to work on /home/airflow/.local/lib/python3.12/site-packages/airflow/example_dags/example_sensor_decorator.py
[2024-10-28T00:31:20.133+0000] {processor.py:914} INFO - Processing file /home/airflow/.local/lib/python3.12/site-packages/airflow/example_dags/example_sensor_decorator.py for tasks to queue
[2024-10-28T00:31:20.136+0000] {logging_mixin.py:190} INFO - [2024-10-28T00:31:20.135+0000] {dagbag.py:588} INFO - Filling up the DagBag from /home/airflow/.local/lib/python3.12/site-packages/airflow/example_dags/example_sensor_decorator.py
[2024-10-28T00:31:20.153+0000] {processor.py:925} INFO - DAG(s) 'example_sensor_decorator' retrieved from /home/airflow/.local/lib/python3.12/site-packages/airflow/example_dags/example_sensor_decorator.py
[2024-10-28T00:31:20.176+0000] {logging_mixin.py:190} INFO - [2024-10-28T00:31:20.176+0000] {dag.py:3239} INFO - Sync 1 DAGs
[2024-10-28T00:31:20.201+0000] {logging_mixin.py:190} INFO - [2024-10-28T00:31:20.201+0000] {dag.py:4180} INFO - Setting next_dagrun for example_sensor_decorator to None, run_after=None
[2024-10-28T00:31:20.233+0000] {processor.py:208} INFO - Processing /home/airflow/.local/lib/python3.12/site-packages/airflow/example_dags/example_sensor_decorator.py took 0.113 seconds
[2024-10-28T00:31:50.341+0000] {processor.py:186} INFO - Started process (PID=49776) to work on /home/airflow/.local/lib/python3.12/site-packages/airflow/example_dags/example_sensor_decorator.py
[2024-10-28T00:31:50.343+0000] {processor.py:914} INFO - Processing file /home/airflow/.local/lib/python3.12/site-packages/airflow/example_dags/example_sensor_decorator.py for tasks to queue
[2024-10-28T00:31:50.344+0000] {logging_mixin.py:190} INFO - [2024-10-28T00:31:50.344+0000] {dagbag.py:588} INFO - Filling up the DagBag from /home/airflow/.local/lib/python3.12/site-packages/airflow/example_dags/example_sensor_decorator.py
[2024-10-28T00:31:50.353+0000] {processor.py:925} INFO - DAG(s) 'example_sensor_decorator' retrieved from /home/airflow/.local/lib/python3.12/site-packages/airflow/example_dags/example_sensor_decorator.py
[2024-10-28T00:31:50.373+0000] {logging_mixin.py:190} INFO - [2024-10-28T00:31:50.373+0000] {dag.py:3239} INFO - Sync 1 DAGs
[2024-10-28T00:31:50.388+0000] {logging_mixin.py:190} INFO - [2024-10-28T00:31:50.387+0000] {dag.py:4180} INFO - Setting next_dagrun for example_sensor_decorator to None, run_after=None
[2024-10-28T00:31:50.409+0000] {processor.py:208} INFO - Processing /home/airflow/.local/lib/python3.12/site-packages/airflow/example_dags/example_sensor_decorator.py took 0.074 seconds
[2024-10-28T00:32:21.083+0000] {processor.py:186} INFO - Started process (PID=49850) to work on /home/airflow/.local/lib/python3.12/site-packages/airflow/example_dags/example_sensor_decorator.py
[2024-10-28T00:32:21.084+0000] {processor.py:914} INFO - Processing file /home/airflow/.local/lib/python3.12/site-packages/airflow/example_dags/example_sensor_decorator.py for tasks to queue
[2024-10-28T00:32:21.086+0000] {logging_mixin.py:190} INFO - [2024-10-28T00:32:21.085+0000] {dagbag.py:588} INFO - Filling up the DagBag from /home/airflow/.local/lib/python3.12/site-packages/airflow/example_dags/example_sensor_decorator.py
[2024-10-28T00:32:21.095+0000] {processor.py:925} INFO - DAG(s) 'example_sensor_decorator' retrieved from /home/airflow/.local/lib/python3.12/site-packages/airflow/example_dags/example_sensor_decorator.py
[2024-10-28T00:32:21.116+0000] {logging_mixin.py:190} INFO - [2024-10-28T00:32:21.116+0000] {dag.py:3239} INFO - Sync 1 DAGs
[2024-10-28T00:32:21.132+0000] {logging_mixin.py:190} INFO - [2024-10-28T00:32:21.132+0000] {dag.py:4180} INFO - Setting next_dagrun for example_sensor_decorator to None, run_after=None
[2024-10-28T00:32:21.152+0000] {processor.py:208} INFO - Processing /home/airflow/.local/lib/python3.12/site-packages/airflow/example_dags/example_sensor_decorator.py took 0.075 seconds
[2024-10-28T00:32:51.883+0000] {processor.py:186} INFO - Started process (PID=49924) to work on /home/airflow/.local/lib/python3.12/site-packages/airflow/example_dags/example_sensor_decorator.py
[2024-10-28T00:32:51.884+0000] {processor.py:914} INFO - Processing file /home/airflow/.local/lib/python3.12/site-packages/airflow/example_dags/example_sensor_decorator.py for tasks to queue
[2024-10-28T00:32:51.886+0000] {logging_mixin.py:190} INFO - [2024-10-28T00:32:51.885+0000] {dagbag.py:588} INFO - Filling up the DagBag from /home/airflow/.local/lib/python3.12/site-packages/airflow/example_dags/example_sensor_decorator.py
[2024-10-28T00:32:51.892+0000] {processor.py:925} INFO - DAG(s) 'example_sensor_decorator' retrieved from /home/airflow/.local/lib/python3.12/site-packages/airflow/example_dags/example_sensor_decorator.py
[2024-10-28T00:32:51.910+0000] {logging_mixin.py:190} INFO - [2024-10-28T00:32:51.910+0000] {dag.py:3239} INFO - Sync 1 DAGs
[2024-10-28T00:32:51.924+0000] {logging_mixin.py:190} INFO - [2024-10-28T00:32:51.924+0000] {dag.py:4180} INFO - Setting next_dagrun for example_sensor_decorator to None, run_after=None
[2024-10-28T00:32:51.941+0000] {processor.py:208} INFO - Processing /home/airflow/.local/lib/python3.12/site-packages/airflow/example_dags/example_sensor_decorator.py took 0.063 seconds
[2024-10-28T00:33:22.663+0000] {processor.py:186} INFO - Started process (PID=49998) to work on /home/airflow/.local/lib/python3.12/site-packages/airflow/example_dags/example_sensor_decorator.py
[2024-10-28T00:33:22.664+0000] {processor.py:914} INFO - Processing file /home/airflow/.local/lib/python3.12/site-packages/airflow/example_dags/example_sensor_decorator.py for tasks to queue
[2024-10-28T00:33:22.666+0000] {logging_mixin.py:190} INFO - [2024-10-28T00:33:22.665+0000] {dagbag.py:588} INFO - Filling up the DagBag from /home/airflow/.local/lib/python3.12/site-packages/airflow/example_dags/example_sensor_decorator.py
[2024-10-28T00:33:22.677+0000] {processor.py:925} INFO - DAG(s) 'example_sensor_decorator' retrieved from /home/airflow/.local/lib/python3.12/site-packages/airflow/example_dags/example_sensor_decorator.py
[2024-10-28T00:33:22.698+0000] {logging_mixin.py:190} INFO - [2024-10-28T00:33:22.697+0000] {dag.py:3239} INFO - Sync 1 DAGs
[2024-10-28T00:33:22.713+0000] {logging_mixin.py:190} INFO - [2024-10-28T00:33:22.713+0000] {dag.py:4180} INFO - Setting next_dagrun for example_sensor_decorator to None, run_after=None
[2024-10-28T00:33:22.733+0000] {processor.py:208} INFO - Processing /home/airflow/.local/lib/python3.12/site-packages/airflow/example_dags/example_sensor_decorator.py took 0.077 seconds
[2024-10-28T00:33:53.486+0000] {processor.py:186} INFO - Started process (PID=50072) to work on /home/airflow/.local/lib/python3.12/site-packages/airflow/example_dags/example_sensor_decorator.py
[2024-10-28T00:33:53.487+0000] {processor.py:914} INFO - Processing file /home/airflow/.local/lib/python3.12/site-packages/airflow/example_dags/example_sensor_decorator.py for tasks to queue
[2024-10-28T00:33:53.489+0000] {logging_mixin.py:190} INFO - [2024-10-28T00:33:53.488+0000] {dagbag.py:588} INFO - Filling up the DagBag from /home/airflow/.local/lib/python3.12/site-packages/airflow/example_dags/example_sensor_decorator.py
[2024-10-28T00:33:53.497+0000] {processor.py:925} INFO - DAG(s) 'example_sensor_decorator' retrieved from /home/airflow/.local/lib/python3.12/site-packages/airflow/example_dags/example_sensor_decorator.py
[2024-10-28T00:33:53.519+0000] {logging_mixin.py:190} INFO - [2024-10-28T00:33:53.519+0000] {dag.py:3239} INFO - Sync 1 DAGs
[2024-10-28T00:33:53.535+0000] {logging_mixin.py:190} INFO - [2024-10-28T00:33:53.534+0000] {dag.py:4180} INFO - Setting next_dagrun for example_sensor_decorator to None, run_after=None
[2024-10-28T00:33:53.556+0000] {processor.py:208} INFO - Processing /home/airflow/.local/lib/python3.12/site-packages/airflow/example_dags/example_sensor_decorator.py took 0.077 seconds
