[2024-10-28T00:00:14.830+0000] {processor.py:186} INFO - Started process (PID=45187) to work on /home/airflow/.local/lib/python3.12/site-packages/airflow/example_dags/example_branch_python_dop_operator_3.py
[2024-10-28T00:00:14.832+0000] {processor.py:914} INFO - Processing file /home/airflow/.local/lib/python3.12/site-packages/airflow/example_dags/example_branch_python_dop_operator_3.py for tasks to queue
[2024-10-28T00:00:14.833+0000] {logging_mixin.py:190} INFO - [2024-10-28T00:00:14.833+0000] {dagbag.py:588} INFO - Filling up the DagBag from /home/airflow/.local/lib/python3.12/site-packages/airflow/example_dags/example_branch_python_dop_operator_3.py
[2024-10-28T00:00:14.849+0000] {processor.py:925} INFO - DAG(s) 'example_branch_dop_operator_v3' retrieved from /home/airflow/.local/lib/python3.12/site-packages/airflow/example_dags/example_branch_python_dop_operator_3.py
[2024-10-28T00:00:14.876+0000] {logging_mixin.py:190} INFO - [2024-10-28T00:00:14.876+0000] {dag.py:3239} INFO - Sync 1 DAGs
[2024-10-28T00:00:14.914+0000] {logging_mixin.py:190} INFO - [2024-10-28T00:00:14.914+0000] {dag.py:4180} INFO - Setting next_dagrun for example_branch_dop_operator_v3 to 2024-10-27 23:59:00+00:00, run_after=2024-10-28 00:00:00+00:00
[2024-10-28T00:00:14.941+0000] {processor.py:208} INFO - Processing /home/airflow/.local/lib/python3.12/site-packages/airflow/example_dags/example_branch_python_dop_operator_3.py took 0.120 seconds
[2024-10-28T00:00:45.465+0000] {processor.py:186} INFO - Started process (PID=45261) to work on /home/airflow/.local/lib/python3.12/site-packages/airflow/example_dags/example_branch_python_dop_operator_3.py
[2024-10-28T00:00:45.466+0000] {processor.py:914} INFO - Processing file /home/airflow/.local/lib/python3.12/site-packages/airflow/example_dags/example_branch_python_dop_operator_3.py for tasks to queue
[2024-10-28T00:00:45.469+0000] {logging_mixin.py:190} INFO - [2024-10-28T00:00:45.468+0000] {dagbag.py:588} INFO - Filling up the DagBag from /home/airflow/.local/lib/python3.12/site-packages/airflow/example_dags/example_branch_python_dop_operator_3.py
[2024-10-28T00:00:45.479+0000] {processor.py:925} INFO - DAG(s) 'example_branch_dop_operator_v3' retrieved from /home/airflow/.local/lib/python3.12/site-packages/airflow/example_dags/example_branch_python_dop_operator_3.py
[2024-10-28T00:00:45.502+0000] {logging_mixin.py:190} INFO - [2024-10-28T00:00:45.502+0000] {dag.py:3239} INFO - Sync 1 DAGs
[2024-10-28T00:00:45.531+0000] {logging_mixin.py:190} INFO - [2024-10-28T00:00:45.531+0000] {dag.py:4180} INFO - Setting next_dagrun for example_branch_dop_operator_v3 to 2024-10-27 23:59:00+00:00, run_after=2024-10-28 00:00:00+00:00
[2024-10-28T00:00:45.555+0000] {processor.py:208} INFO - Processing /home/airflow/.local/lib/python3.12/site-packages/airflow/example_dags/example_branch_python_dop_operator_3.py took 0.096 seconds
[2024-10-28T00:01:16.190+0000] {processor.py:186} INFO - Started process (PID=45335) to work on /home/airflow/.local/lib/python3.12/site-packages/airflow/example_dags/example_branch_python_dop_operator_3.py
[2024-10-28T00:01:16.191+0000] {processor.py:914} INFO - Processing file /home/airflow/.local/lib/python3.12/site-packages/airflow/example_dags/example_branch_python_dop_operator_3.py for tasks to queue
[2024-10-28T00:01:16.192+0000] {logging_mixin.py:190} INFO - [2024-10-28T00:01:16.192+0000] {dagbag.py:588} INFO - Filling up the DagBag from /home/airflow/.local/lib/python3.12/site-packages/airflow/example_dags/example_branch_python_dop_operator_3.py
[2024-10-28T00:01:16.205+0000] {processor.py:925} INFO - DAG(s) 'example_branch_dop_operator_v3' retrieved from /home/airflow/.local/lib/python3.12/site-packages/airflow/example_dags/example_branch_python_dop_operator_3.py
[2024-10-28T00:01:16.232+0000] {logging_mixin.py:190} INFO - [2024-10-28T00:01:16.231+0000] {dag.py:3239} INFO - Sync 1 DAGs
[2024-10-28T00:01:16.268+0000] {logging_mixin.py:190} INFO - [2024-10-28T00:01:16.268+0000] {dag.py:4180} INFO - Setting next_dagrun for example_branch_dop_operator_v3 to 2024-10-28 00:00:00+00:00, run_after=2024-10-28 00:01:00+00:00
[2024-10-28T00:01:16.291+0000] {processor.py:208} INFO - Processing /home/airflow/.local/lib/python3.12/site-packages/airflow/example_dags/example_branch_python_dop_operator_3.py took 0.107 seconds
[2024-10-28T00:01:46.351+0000] {processor.py:186} INFO - Started process (PID=45409) to work on /home/airflow/.local/lib/python3.12/site-packages/airflow/example_dags/example_branch_python_dop_operator_3.py
[2024-10-28T00:01:46.352+0000] {processor.py:914} INFO - Processing file /home/airflow/.local/lib/python3.12/site-packages/airflow/example_dags/example_branch_python_dop_operator_3.py for tasks to queue
[2024-10-28T00:01:46.354+0000] {logging_mixin.py:190} INFO - [2024-10-28T00:01:46.353+0000] {dagbag.py:588} INFO - Filling up the DagBag from /home/airflow/.local/lib/python3.12/site-packages/airflow/example_dags/example_branch_python_dop_operator_3.py
[2024-10-28T00:01:46.365+0000] {processor.py:925} INFO - DAG(s) 'example_branch_dop_operator_v3' retrieved from /home/airflow/.local/lib/python3.12/site-packages/airflow/example_dags/example_branch_python_dop_operator_3.py
[2024-10-28T00:01:46.385+0000] {logging_mixin.py:190} INFO - [2024-10-28T00:01:46.385+0000] {dag.py:3239} INFO - Sync 1 DAGs
[2024-10-28T00:01:46.415+0000] {logging_mixin.py:190} INFO - [2024-10-28T00:01:46.414+0000] {dag.py:4180} INFO - Setting next_dagrun for example_branch_dop_operator_v3 to 2024-10-28 00:00:00+00:00, run_after=2024-10-28 00:01:00+00:00
[2024-10-28T00:01:46.436+0000] {processor.py:208} INFO - Processing /home/airflow/.local/lib/python3.12/site-packages/airflow/example_dags/example_branch_python_dop_operator_3.py took 0.092 seconds
[2024-10-28T00:02:16.594+0000] {processor.py:186} INFO - Started process (PID=45483) to work on /home/airflow/.local/lib/python3.12/site-packages/airflow/example_dags/example_branch_python_dop_operator_3.py
[2024-10-28T00:02:16.595+0000] {processor.py:914} INFO - Processing file /home/airflow/.local/lib/python3.12/site-packages/airflow/example_dags/example_branch_python_dop_operator_3.py for tasks to queue
[2024-10-28T00:02:16.597+0000] {logging_mixin.py:190} INFO - [2024-10-28T00:02:16.596+0000] {dagbag.py:588} INFO - Filling up the DagBag from /home/airflow/.local/lib/python3.12/site-packages/airflow/example_dags/example_branch_python_dop_operator_3.py
[2024-10-28T00:02:16.608+0000] {processor.py:925} INFO - DAG(s) 'example_branch_dop_operator_v3' retrieved from /home/airflow/.local/lib/python3.12/site-packages/airflow/example_dags/example_branch_python_dop_operator_3.py
[2024-10-28T00:02:16.630+0000] {logging_mixin.py:190} INFO - [2024-10-28T00:02:16.629+0000] {dag.py:3239} INFO - Sync 1 DAGs
[2024-10-28T00:02:16.658+0000] {logging_mixin.py:190} INFO - [2024-10-28T00:02:16.658+0000] {dag.py:4180} INFO - Setting next_dagrun for example_branch_dop_operator_v3 to 2024-10-28 00:01:00+00:00, run_after=2024-10-28 00:02:00+00:00
[2024-10-28T00:02:16.680+0000] {processor.py:208} INFO - Processing /home/airflow/.local/lib/python3.12/site-packages/airflow/example_dags/example_branch_python_dop_operator_3.py took 0.093 seconds
[2024-10-28T00:02:46.804+0000] {processor.py:186} INFO - Started process (PID=45557) to work on /home/airflow/.local/lib/python3.12/site-packages/airflow/example_dags/example_branch_python_dop_operator_3.py
[2024-10-28T00:02:46.805+0000] {processor.py:914} INFO - Processing file /home/airflow/.local/lib/python3.12/site-packages/airflow/example_dags/example_branch_python_dop_operator_3.py for tasks to queue
[2024-10-28T00:02:46.807+0000] {logging_mixin.py:190} INFO - [2024-10-28T00:02:46.806+0000] {dagbag.py:588} INFO - Filling up the DagBag from /home/airflow/.local/lib/python3.12/site-packages/airflow/example_dags/example_branch_python_dop_operator_3.py
[2024-10-28T00:02:46.816+0000] {processor.py:925} INFO - DAG(s) 'example_branch_dop_operator_v3' retrieved from /home/airflow/.local/lib/python3.12/site-packages/airflow/example_dags/example_branch_python_dop_operator_3.py
[2024-10-28T00:02:46.836+0000] {logging_mixin.py:190} INFO - [2024-10-28T00:02:46.836+0000] {dag.py:3239} INFO - Sync 1 DAGs
[2024-10-28T00:02:46.863+0000] {logging_mixin.py:190} INFO - [2024-10-28T00:02:46.862+0000] {dag.py:4180} INFO - Setting next_dagrun for example_branch_dop_operator_v3 to 2024-10-28 00:01:00+00:00, run_after=2024-10-28 00:02:00+00:00
[2024-10-28T00:02:46.882+0000] {processor.py:208} INFO - Processing /home/airflow/.local/lib/python3.12/site-packages/airflow/example_dags/example_branch_python_dop_operator_3.py took 0.084 seconds
[2024-10-28T00:03:17.317+0000] {processor.py:186} INFO - Started process (PID=45631) to work on /home/airflow/.local/lib/python3.12/site-packages/airflow/example_dags/example_branch_python_dop_operator_3.py
[2024-10-28T00:03:17.318+0000] {processor.py:914} INFO - Processing file /home/airflow/.local/lib/python3.12/site-packages/airflow/example_dags/example_branch_python_dop_operator_3.py for tasks to queue
[2024-10-28T00:03:17.320+0000] {logging_mixin.py:190} INFO - [2024-10-28T00:03:17.320+0000] {dagbag.py:588} INFO - Filling up the DagBag from /home/airflow/.local/lib/python3.12/site-packages/airflow/example_dags/example_branch_python_dop_operator_3.py
[2024-10-28T00:03:17.332+0000] {processor.py:925} INFO - DAG(s) 'example_branch_dop_operator_v3' retrieved from /home/airflow/.local/lib/python3.12/site-packages/airflow/example_dags/example_branch_python_dop_operator_3.py
[2024-10-28T00:03:17.351+0000] {logging_mixin.py:190} INFO - [2024-10-28T00:03:17.351+0000] {dag.py:3239} INFO - Sync 1 DAGs
[2024-10-28T00:03:17.380+0000] {logging_mixin.py:190} INFO - [2024-10-28T00:03:17.380+0000] {dag.py:4180} INFO - Setting next_dagrun for example_branch_dop_operator_v3 to 2024-10-28 00:02:00+00:00, run_after=2024-10-28 00:03:00+00:00
[2024-10-28T00:03:17.402+0000] {processor.py:208} INFO - Processing /home/airflow/.local/lib/python3.12/site-packages/airflow/example_dags/example_branch_python_dop_operator_3.py took 0.092 seconds
[2024-10-28T00:03:47.570+0000] {processor.py:186} INFO - Started process (PID=45705) to work on /home/airflow/.local/lib/python3.12/site-packages/airflow/example_dags/example_branch_python_dop_operator_3.py
[2024-10-28T00:03:47.571+0000] {processor.py:914} INFO - Processing file /home/airflow/.local/lib/python3.12/site-packages/airflow/example_dags/example_branch_python_dop_operator_3.py for tasks to queue
[2024-10-28T00:03:47.573+0000] {logging_mixin.py:190} INFO - [2024-10-28T00:03:47.572+0000] {dagbag.py:588} INFO - Filling up the DagBag from /home/airflow/.local/lib/python3.12/site-packages/airflow/example_dags/example_branch_python_dop_operator_3.py
[2024-10-28T00:03:47.584+0000] {processor.py:925} INFO - DAG(s) 'example_branch_dop_operator_v3' retrieved from /home/airflow/.local/lib/python3.12/site-packages/airflow/example_dags/example_branch_python_dop_operator_3.py
[2024-10-28T00:03:47.606+0000] {logging_mixin.py:190} INFO - [2024-10-28T00:03:47.606+0000] {dag.py:3239} INFO - Sync 1 DAGs
[2024-10-28T00:03:47.634+0000] {logging_mixin.py:190} INFO - [2024-10-28T00:03:47.634+0000] {dag.py:4180} INFO - Setting next_dagrun for example_branch_dop_operator_v3 to 2024-10-28 00:02:00+00:00, run_after=2024-10-28 00:03:00+00:00
[2024-10-28T00:03:47.652+0000] {processor.py:208} INFO - Processing /home/airflow/.local/lib/python3.12/site-packages/airflow/example_dags/example_branch_python_dop_operator_3.py took 0.087 seconds
[2024-10-28T00:04:18.202+0000] {processor.py:186} INFO - Started process (PID=45779) to work on /home/airflow/.local/lib/python3.12/site-packages/airflow/example_dags/example_branch_python_dop_operator_3.py
[2024-10-28T00:04:18.203+0000] {processor.py:914} INFO - Processing file /home/airflow/.local/lib/python3.12/site-packages/airflow/example_dags/example_branch_python_dop_operator_3.py for tasks to queue
[2024-10-28T00:04:18.204+0000] {logging_mixin.py:190} INFO - [2024-10-28T00:04:18.204+0000] {dagbag.py:588} INFO - Filling up the DagBag from /home/airflow/.local/lib/python3.12/site-packages/airflow/example_dags/example_branch_python_dop_operator_3.py
[2024-10-28T00:04:18.214+0000] {processor.py:925} INFO - DAG(s) 'example_branch_dop_operator_v3' retrieved from /home/airflow/.local/lib/python3.12/site-packages/airflow/example_dags/example_branch_python_dop_operator_3.py
[2024-10-28T00:04:18.235+0000] {logging_mixin.py:190} INFO - [2024-10-28T00:04:18.235+0000] {dag.py:3239} INFO - Sync 1 DAGs
[2024-10-28T00:04:18.264+0000] {logging_mixin.py:190} INFO - [2024-10-28T00:04:18.263+0000] {dag.py:4180} INFO - Setting next_dagrun for example_branch_dop_operator_v3 to 2024-10-28 00:03:00+00:00, run_after=2024-10-28 00:04:00+00:00
[2024-10-28T00:04:18.283+0000] {processor.py:208} INFO - Processing /home/airflow/.local/lib/python3.12/site-packages/airflow/example_dags/example_branch_python_dop_operator_3.py took 0.086 seconds
[2024-10-28T00:04:48.523+0000] {processor.py:186} INFO - Started process (PID=45853) to work on /home/airflow/.local/lib/python3.12/site-packages/airflow/example_dags/example_branch_python_dop_operator_3.py
[2024-10-28T00:04:48.525+0000] {processor.py:914} INFO - Processing file /home/airflow/.local/lib/python3.12/site-packages/airflow/example_dags/example_branch_python_dop_operator_3.py for tasks to queue
[2024-10-28T00:04:48.526+0000] {logging_mixin.py:190} INFO - [2024-10-28T00:04:48.526+0000] {dagbag.py:588} INFO - Filling up the DagBag from /home/airflow/.local/lib/python3.12/site-packages/airflow/example_dags/example_branch_python_dop_operator_3.py
[2024-10-28T00:04:48.539+0000] {processor.py:925} INFO - DAG(s) 'example_branch_dop_operator_v3' retrieved from /home/airflow/.local/lib/python3.12/site-packages/airflow/example_dags/example_branch_python_dop_operator_3.py
[2024-10-28T00:04:48.563+0000] {logging_mixin.py:190} INFO - [2024-10-28T00:04:48.563+0000] {dag.py:3239} INFO - Sync 1 DAGs
[2024-10-28T00:04:48.597+0000] {logging_mixin.py:190} INFO - [2024-10-28T00:04:48.596+0000] {dag.py:4180} INFO - Setting next_dagrun for example_branch_dop_operator_v3 to 2024-10-28 00:03:00+00:00, run_after=2024-10-28 00:04:00+00:00
[2024-10-28T00:04:48.625+0000] {processor.py:208} INFO - Processing /home/airflow/.local/lib/python3.12/site-packages/airflow/example_dags/example_branch_python_dop_operator_3.py took 0.110 seconds
[2024-10-28T00:05:19.425+0000] {processor.py:186} INFO - Started process (PID=45927) to work on /home/airflow/.local/lib/python3.12/site-packages/airflow/example_dags/example_branch_python_dop_operator_3.py
[2024-10-28T00:05:19.426+0000] {processor.py:914} INFO - Processing file /home/airflow/.local/lib/python3.12/site-packages/airflow/example_dags/example_branch_python_dop_operator_3.py for tasks to queue
[2024-10-28T00:05:19.428+0000] {logging_mixin.py:190} INFO - [2024-10-28T00:05:19.427+0000] {dagbag.py:588} INFO - Filling up the DagBag from /home/airflow/.local/lib/python3.12/site-packages/airflow/example_dags/example_branch_python_dop_operator_3.py
[2024-10-28T00:05:19.441+0000] {processor.py:925} INFO - DAG(s) 'example_branch_dop_operator_v3' retrieved from /home/airflow/.local/lib/python3.12/site-packages/airflow/example_dags/example_branch_python_dop_operator_3.py
[2024-10-28T00:05:19.463+0000] {logging_mixin.py:190} INFO - [2024-10-28T00:05:19.462+0000] {dag.py:3239} INFO - Sync 1 DAGs
[2024-10-28T00:05:19.490+0000] {logging_mixin.py:190} INFO - [2024-10-28T00:05:19.490+0000] {dag.py:4180} INFO - Setting next_dagrun for example_branch_dop_operator_v3 to 2024-10-28 00:04:00+00:00, run_after=2024-10-28 00:05:00+00:00
[2024-10-28T00:05:19.510+0000] {processor.py:208} INFO - Processing /home/airflow/.local/lib/python3.12/site-packages/airflow/example_dags/example_branch_python_dop_operator_3.py took 0.090 seconds
[2024-10-28T00:05:49.881+0000] {processor.py:186} INFO - Started process (PID=46001) to work on /home/airflow/.local/lib/python3.12/site-packages/airflow/example_dags/example_branch_python_dop_operator_3.py
[2024-10-28T00:05:49.882+0000] {processor.py:914} INFO - Processing file /home/airflow/.local/lib/python3.12/site-packages/airflow/example_dags/example_branch_python_dop_operator_3.py for tasks to queue
[2024-10-28T00:05:49.883+0000] {logging_mixin.py:190} INFO - [2024-10-28T00:05:49.883+0000] {dagbag.py:588} INFO - Filling up the DagBag from /home/airflow/.local/lib/python3.12/site-packages/airflow/example_dags/example_branch_python_dop_operator_3.py
[2024-10-28T00:05:49.893+0000] {processor.py:925} INFO - DAG(s) 'example_branch_dop_operator_v3' retrieved from /home/airflow/.local/lib/python3.12/site-packages/airflow/example_dags/example_branch_python_dop_operator_3.py
[2024-10-28T00:05:49.912+0000] {logging_mixin.py:190} INFO - [2024-10-28T00:05:49.912+0000] {dag.py:3239} INFO - Sync 1 DAGs
[2024-10-28T00:05:49.937+0000] {logging_mixin.py:190} INFO - [2024-10-28T00:05:49.937+0000] {dag.py:4180} INFO - Setting next_dagrun for example_branch_dop_operator_v3 to 2024-10-28 00:04:00+00:00, run_after=2024-10-28 00:05:00+00:00
[2024-10-28T00:05:49.956+0000] {processor.py:208} INFO - Processing /home/airflow/.local/lib/python3.12/site-packages/airflow/example_dags/example_branch_python_dop_operator_3.py took 0.081 seconds
[2024-10-28T00:06:20.269+0000] {processor.py:186} INFO - Started process (PID=46075) to work on /home/airflow/.local/lib/python3.12/site-packages/airflow/example_dags/example_branch_python_dop_operator_3.py
[2024-10-28T00:06:20.270+0000] {processor.py:914} INFO - Processing file /home/airflow/.local/lib/python3.12/site-packages/airflow/example_dags/example_branch_python_dop_operator_3.py for tasks to queue
[2024-10-28T00:06:20.272+0000] {logging_mixin.py:190} INFO - [2024-10-28T00:06:20.271+0000] {dagbag.py:588} INFO - Filling up the DagBag from /home/airflow/.local/lib/python3.12/site-packages/airflow/example_dags/example_branch_python_dop_operator_3.py
[2024-10-28T00:06:20.283+0000] {processor.py:925} INFO - DAG(s) 'example_branch_dop_operator_v3' retrieved from /home/airflow/.local/lib/python3.12/site-packages/airflow/example_dags/example_branch_python_dop_operator_3.py
[2024-10-28T00:06:20.306+0000] {logging_mixin.py:190} INFO - [2024-10-28T00:06:20.306+0000] {dag.py:3239} INFO - Sync 1 DAGs
[2024-10-28T00:06:20.335+0000] {logging_mixin.py:190} INFO - [2024-10-28T00:06:20.335+0000] {dag.py:4180} INFO - Setting next_dagrun for example_branch_dop_operator_v3 to 2024-10-28 00:05:00+00:00, run_after=2024-10-28 00:06:00+00:00
[2024-10-28T00:06:20.359+0000] {processor.py:208} INFO - Processing /home/airflow/.local/lib/python3.12/site-packages/airflow/example_dags/example_branch_python_dop_operator_3.py took 0.095 seconds
[2024-10-28T00:06:50.431+0000] {processor.py:186} INFO - Started process (PID=46149) to work on /home/airflow/.local/lib/python3.12/site-packages/airflow/example_dags/example_branch_python_dop_operator_3.py
[2024-10-28T00:06:50.432+0000] {processor.py:914} INFO - Processing file /home/airflow/.local/lib/python3.12/site-packages/airflow/example_dags/example_branch_python_dop_operator_3.py for tasks to queue
[2024-10-28T00:06:50.434+0000] {logging_mixin.py:190} INFO - [2024-10-28T00:06:50.433+0000] {dagbag.py:588} INFO - Filling up the DagBag from /home/airflow/.local/lib/python3.12/site-packages/airflow/example_dags/example_branch_python_dop_operator_3.py
[2024-10-28T00:06:50.443+0000] {processor.py:925} INFO - DAG(s) 'example_branch_dop_operator_v3' retrieved from /home/airflow/.local/lib/python3.12/site-packages/airflow/example_dags/example_branch_python_dop_operator_3.py
[2024-10-28T00:06:50.461+0000] {logging_mixin.py:190} INFO - [2024-10-28T00:06:50.461+0000] {dag.py:3239} INFO - Sync 1 DAGs
[2024-10-28T00:06:50.486+0000] {logging_mixin.py:190} INFO - [2024-10-28T00:06:50.485+0000] {dag.py:4180} INFO - Setting next_dagrun for example_branch_dop_operator_v3 to 2024-10-28 00:05:00+00:00, run_after=2024-10-28 00:06:00+00:00
[2024-10-28T00:06:50.505+0000] {processor.py:208} INFO - Processing /home/airflow/.local/lib/python3.12/site-packages/airflow/example_dags/example_branch_python_dop_operator_3.py took 0.079 seconds
[2024-10-28T00:07:20.623+0000] {processor.py:186} INFO - Started process (PID=46223) to work on /home/airflow/.local/lib/python3.12/site-packages/airflow/example_dags/example_branch_python_dop_operator_3.py
[2024-10-28T00:07:20.625+0000] {processor.py:914} INFO - Processing file /home/airflow/.local/lib/python3.12/site-packages/airflow/example_dags/example_branch_python_dop_operator_3.py for tasks to queue
[2024-10-28T00:07:20.626+0000] {logging_mixin.py:190} INFO - [2024-10-28T00:07:20.626+0000] {dagbag.py:588} INFO - Filling up the DagBag from /home/airflow/.local/lib/python3.12/site-packages/airflow/example_dags/example_branch_python_dop_operator_3.py
[2024-10-28T00:07:20.638+0000] {processor.py:925} INFO - DAG(s) 'example_branch_dop_operator_v3' retrieved from /home/airflow/.local/lib/python3.12/site-packages/airflow/example_dags/example_branch_python_dop_operator_3.py
[2024-10-28T00:07:20.661+0000] {logging_mixin.py:190} INFO - [2024-10-28T00:07:20.661+0000] {dag.py:3239} INFO - Sync 1 DAGs
[2024-10-28T00:07:20.694+0000] {logging_mixin.py:190} INFO - [2024-10-28T00:07:20.693+0000] {dag.py:4180} INFO - Setting next_dagrun for example_branch_dop_operator_v3 to 2024-10-28 00:06:00+00:00, run_after=2024-10-28 00:07:00+00:00
[2024-10-28T00:07:20.719+0000] {processor.py:208} INFO - Processing /home/airflow/.local/lib/python3.12/site-packages/airflow/example_dags/example_branch_python_dop_operator_3.py took 0.104 seconds
[2024-10-28T00:07:51.402+0000] {processor.py:186} INFO - Started process (PID=46298) to work on /home/airflow/.local/lib/python3.12/site-packages/airflow/example_dags/example_branch_python_dop_operator_3.py
[2024-10-28T00:07:51.404+0000] {processor.py:914} INFO - Processing file /home/airflow/.local/lib/python3.12/site-packages/airflow/example_dags/example_branch_python_dop_operator_3.py for tasks to queue
[2024-10-28T00:07:51.405+0000] {logging_mixin.py:190} INFO - [2024-10-28T00:07:51.405+0000] {dagbag.py:588} INFO - Filling up the DagBag from /home/airflow/.local/lib/python3.12/site-packages/airflow/example_dags/example_branch_python_dop_operator_3.py
[2024-10-28T00:07:51.429+0000] {processor.py:925} INFO - DAG(s) 'example_branch_dop_operator_v3' retrieved from /home/airflow/.local/lib/python3.12/site-packages/airflow/example_dags/example_branch_python_dop_operator_3.py
[2024-10-28T00:07:51.465+0000] {logging_mixin.py:190} INFO - [2024-10-28T00:07:51.465+0000] {dag.py:3239} INFO - Sync 1 DAGs
[2024-10-28T00:07:51.507+0000] {logging_mixin.py:190} INFO - [2024-10-28T00:07:51.507+0000] {dag.py:4180} INFO - Setting next_dagrun for example_branch_dop_operator_v3 to 2024-10-28 00:06:00+00:00, run_after=2024-10-28 00:07:00+00:00
[2024-10-28T00:07:51.526+0000] {processor.py:208} INFO - Processing /home/airflow/.local/lib/python3.12/site-packages/airflow/example_dags/example_branch_python_dop_operator_3.py took 0.140 seconds
[2024-10-28T00:08:21.967+0000] {processor.py:186} INFO - Started process (PID=46372) to work on /home/airflow/.local/lib/python3.12/site-packages/airflow/example_dags/example_branch_python_dop_operator_3.py
[2024-10-28T00:08:21.968+0000] {processor.py:914} INFO - Processing file /home/airflow/.local/lib/python3.12/site-packages/airflow/example_dags/example_branch_python_dop_operator_3.py for tasks to queue
[2024-10-28T00:08:21.970+0000] {logging_mixin.py:190} INFO - [2024-10-28T00:08:21.970+0000] {dagbag.py:588} INFO - Filling up the DagBag from /home/airflow/.local/lib/python3.12/site-packages/airflow/example_dags/example_branch_python_dop_operator_3.py
[2024-10-28T00:08:21.983+0000] {processor.py:925} INFO - DAG(s) 'example_branch_dop_operator_v3' retrieved from /home/airflow/.local/lib/python3.12/site-packages/airflow/example_dags/example_branch_python_dop_operator_3.py
[2024-10-28T00:08:22.009+0000] {logging_mixin.py:190} INFO - [2024-10-28T00:08:22.009+0000] {dag.py:3239} INFO - Sync 1 DAGs
[2024-10-28T00:08:22.047+0000] {logging_mixin.py:190} INFO - [2024-10-28T00:08:22.047+0000] {dag.py:4180} INFO - Setting next_dagrun for example_branch_dop_operator_v3 to 2024-10-28 00:07:00+00:00, run_after=2024-10-28 00:08:00+00:00
[2024-10-28T00:08:22.073+0000] {processor.py:208} INFO - Processing /home/airflow/.local/lib/python3.12/site-packages/airflow/example_dags/example_branch_python_dop_operator_3.py took 0.112 seconds
[2024-10-28T00:08:52.846+0000] {processor.py:186} INFO - Started process (PID=46446) to work on /home/airflow/.local/lib/python3.12/site-packages/airflow/example_dags/example_branch_python_dop_operator_3.py
[2024-10-28T00:08:52.847+0000] {processor.py:914} INFO - Processing file /home/airflow/.local/lib/python3.12/site-packages/airflow/example_dags/example_branch_python_dop_operator_3.py for tasks to queue
[2024-10-28T00:08:52.849+0000] {logging_mixin.py:190} INFO - [2024-10-28T00:08:52.848+0000] {dagbag.py:588} INFO - Filling up the DagBag from /home/airflow/.local/lib/python3.12/site-packages/airflow/example_dags/example_branch_python_dop_operator_3.py
[2024-10-28T00:08:52.859+0000] {processor.py:925} INFO - DAG(s) 'example_branch_dop_operator_v3' retrieved from /home/airflow/.local/lib/python3.12/site-packages/airflow/example_dags/example_branch_python_dop_operator_3.py
[2024-10-28T00:08:52.878+0000] {logging_mixin.py:190} INFO - [2024-10-28T00:08:52.878+0000] {dag.py:3239} INFO - Sync 1 DAGs
[2024-10-28T00:08:52.904+0000] {logging_mixin.py:190} INFO - [2024-10-28T00:08:52.904+0000] {dag.py:4180} INFO - Setting next_dagrun for example_branch_dop_operator_v3 to 2024-10-28 00:07:00+00:00, run_after=2024-10-28 00:08:00+00:00
[2024-10-28T00:08:52.923+0000] {processor.py:208} INFO - Processing /home/airflow/.local/lib/python3.12/site-packages/airflow/example_dags/example_branch_python_dop_operator_3.py took 0.082 seconds
[2024-10-28T00:09:23.301+0000] {processor.py:186} INFO - Started process (PID=46520) to work on /home/airflow/.local/lib/python3.12/site-packages/airflow/example_dags/example_branch_python_dop_operator_3.py
[2024-10-28T00:09:23.302+0000] {processor.py:914} INFO - Processing file /home/airflow/.local/lib/python3.12/site-packages/airflow/example_dags/example_branch_python_dop_operator_3.py for tasks to queue
[2024-10-28T00:09:23.303+0000] {logging_mixin.py:190} INFO - [2024-10-28T00:09:23.303+0000] {dagbag.py:588} INFO - Filling up the DagBag from /home/airflow/.local/lib/python3.12/site-packages/airflow/example_dags/example_branch_python_dop_operator_3.py
[2024-10-28T00:09:23.312+0000] {processor.py:925} INFO - DAG(s) 'example_branch_dop_operator_v3' retrieved from /home/airflow/.local/lib/python3.12/site-packages/airflow/example_dags/example_branch_python_dop_operator_3.py
[2024-10-28T00:09:23.332+0000] {logging_mixin.py:190} INFO - [2024-10-28T00:09:23.332+0000] {dag.py:3239} INFO - Sync 1 DAGs
[2024-10-28T00:09:23.359+0000] {logging_mixin.py:190} INFO - [2024-10-28T00:09:23.359+0000] {dag.py:4180} INFO - Setting next_dagrun for example_branch_dop_operator_v3 to 2024-10-28 00:08:00+00:00, run_after=2024-10-28 00:09:00+00:00
[2024-10-28T00:09:23.379+0000] {processor.py:208} INFO - Processing /home/airflow/.local/lib/python3.12/site-packages/airflow/example_dags/example_branch_python_dop_operator_3.py took 0.083 seconds
[2024-10-28T00:09:53.528+0000] {processor.py:186} INFO - Started process (PID=46593) to work on /home/airflow/.local/lib/python3.12/site-packages/airflow/example_dags/example_branch_python_dop_operator_3.py
[2024-10-28T00:09:53.530+0000] {processor.py:914} INFO - Processing file /home/airflow/.local/lib/python3.12/site-packages/airflow/example_dags/example_branch_python_dop_operator_3.py for tasks to queue
[2024-10-28T00:09:53.531+0000] {logging_mixin.py:190} INFO - [2024-10-28T00:09:53.531+0000] {dagbag.py:588} INFO - Filling up the DagBag from /home/airflow/.local/lib/python3.12/site-packages/airflow/example_dags/example_branch_python_dop_operator_3.py
[2024-10-28T00:09:53.541+0000] {processor.py:925} INFO - DAG(s) 'example_branch_dop_operator_v3' retrieved from /home/airflow/.local/lib/python3.12/site-packages/airflow/example_dags/example_branch_python_dop_operator_3.py
[2024-10-28T00:09:53.563+0000] {logging_mixin.py:190} INFO - [2024-10-28T00:09:53.563+0000] {dag.py:3239} INFO - Sync 1 DAGs
[2024-10-28T00:09:53.594+0000] {logging_mixin.py:190} INFO - [2024-10-28T00:09:53.594+0000] {dag.py:4180} INFO - Setting next_dagrun for example_branch_dop_operator_v3 to 2024-10-28 00:08:00+00:00, run_after=2024-10-28 00:09:00+00:00
[2024-10-28T00:09:53.618+0000] {processor.py:208} INFO - Processing /home/airflow/.local/lib/python3.12/site-packages/airflow/example_dags/example_branch_python_dop_operator_3.py took 0.096 seconds
[2024-10-28T00:10:23.686+0000] {processor.py:186} INFO - Started process (PID=46667) to work on /home/airflow/.local/lib/python3.12/site-packages/airflow/example_dags/example_branch_python_dop_operator_3.py
[2024-10-28T00:10:23.687+0000] {processor.py:914} INFO - Processing file /home/airflow/.local/lib/python3.12/site-packages/airflow/example_dags/example_branch_python_dop_operator_3.py for tasks to queue
[2024-10-28T00:10:23.689+0000] {logging_mixin.py:190} INFO - [2024-10-28T00:10:23.688+0000] {dagbag.py:588} INFO - Filling up the DagBag from /home/airflow/.local/lib/python3.12/site-packages/airflow/example_dags/example_branch_python_dop_operator_3.py
[2024-10-28T00:10:23.699+0000] {processor.py:925} INFO - DAG(s) 'example_branch_dop_operator_v3' retrieved from /home/airflow/.local/lib/python3.12/site-packages/airflow/example_dags/example_branch_python_dop_operator_3.py
[2024-10-28T00:10:23.718+0000] {logging_mixin.py:190} INFO - [2024-10-28T00:10:23.718+0000] {dag.py:3239} INFO - Sync 1 DAGs
[2024-10-28T00:10:23.753+0000] {logging_mixin.py:190} INFO - [2024-10-28T00:10:23.753+0000] {dag.py:4180} INFO - Setting next_dagrun for example_branch_dop_operator_v3 to 2024-10-28 00:09:00+00:00, run_after=2024-10-28 00:10:00+00:00
[2024-10-28T00:10:23.785+0000] {processor.py:208} INFO - Processing /home/airflow/.local/lib/python3.12/site-packages/airflow/example_dags/example_branch_python_dop_operator_3.py took 0.104 seconds
[2024-10-28T00:10:53.921+0000] {processor.py:186} INFO - Started process (PID=46741) to work on /home/airflow/.local/lib/python3.12/site-packages/airflow/example_dags/example_branch_python_dop_operator_3.py
[2024-10-28T00:10:53.924+0000] {processor.py:914} INFO - Processing file /home/airflow/.local/lib/python3.12/site-packages/airflow/example_dags/example_branch_python_dop_operator_3.py for tasks to queue
[2024-10-28T00:10:53.926+0000] {logging_mixin.py:190} INFO - [2024-10-28T00:10:53.925+0000] {dagbag.py:588} INFO - Filling up the DagBag from /home/airflow/.local/lib/python3.12/site-packages/airflow/example_dags/example_branch_python_dop_operator_3.py
[2024-10-28T00:10:53.936+0000] {processor.py:925} INFO - DAG(s) 'example_branch_dop_operator_v3' retrieved from /home/airflow/.local/lib/python3.12/site-packages/airflow/example_dags/example_branch_python_dop_operator_3.py
[2024-10-28T00:10:53.956+0000] {logging_mixin.py:190} INFO - [2024-10-28T00:10:53.956+0000] {dag.py:3239} INFO - Sync 1 DAGs
[2024-10-28T00:10:53.982+0000] {logging_mixin.py:190} INFO - [2024-10-28T00:10:53.982+0000] {dag.py:4180} INFO - Setting next_dagrun for example_branch_dop_operator_v3 to 2024-10-28 00:09:00+00:00, run_after=2024-10-28 00:10:00+00:00
[2024-10-28T00:10:54.002+0000] {processor.py:208} INFO - Processing /home/airflow/.local/lib/python3.12/site-packages/airflow/example_dags/example_branch_python_dop_operator_3.py took 0.087 seconds
[2024-10-28T00:11:24.371+0000] {processor.py:186} INFO - Started process (PID=46815) to work on /home/airflow/.local/lib/python3.12/site-packages/airflow/example_dags/example_branch_python_dop_operator_3.py
[2024-10-28T00:11:24.372+0000] {processor.py:914} INFO - Processing file /home/airflow/.local/lib/python3.12/site-packages/airflow/example_dags/example_branch_python_dop_operator_3.py for tasks to queue
[2024-10-28T00:11:24.373+0000] {logging_mixin.py:190} INFO - [2024-10-28T00:11:24.373+0000] {dagbag.py:588} INFO - Filling up the DagBag from /home/airflow/.local/lib/python3.12/site-packages/airflow/example_dags/example_branch_python_dop_operator_3.py
[2024-10-28T00:11:24.382+0000] {processor.py:925} INFO - DAG(s) 'example_branch_dop_operator_v3' retrieved from /home/airflow/.local/lib/python3.12/site-packages/airflow/example_dags/example_branch_python_dop_operator_3.py
[2024-10-28T00:11:24.400+0000] {logging_mixin.py:190} INFO - [2024-10-28T00:11:24.400+0000] {dag.py:3239} INFO - Sync 1 DAGs
[2024-10-28T00:11:24.425+0000] {logging_mixin.py:190} INFO - [2024-10-28T00:11:24.425+0000] {dag.py:4180} INFO - Setting next_dagrun for example_branch_dop_operator_v3 to 2024-10-28 00:10:00+00:00, run_after=2024-10-28 00:11:00+00:00
[2024-10-28T00:11:24.444+0000] {processor.py:208} INFO - Processing /home/airflow/.local/lib/python3.12/site-packages/airflow/example_dags/example_branch_python_dop_operator_3.py took 0.078 seconds
[2024-10-28T00:11:55.151+0000] {processor.py:186} INFO - Started process (PID=46889) to work on /home/airflow/.local/lib/python3.12/site-packages/airflow/example_dags/example_branch_python_dop_operator_3.py
[2024-10-28T00:11:55.152+0000] {processor.py:914} INFO - Processing file /home/airflow/.local/lib/python3.12/site-packages/airflow/example_dags/example_branch_python_dop_operator_3.py for tasks to queue
[2024-10-28T00:11:55.154+0000] {logging_mixin.py:190} INFO - [2024-10-28T00:11:55.153+0000] {dagbag.py:588} INFO - Filling up the DagBag from /home/airflow/.local/lib/python3.12/site-packages/airflow/example_dags/example_branch_python_dop_operator_3.py
[2024-10-28T00:11:55.164+0000] {processor.py:925} INFO - DAG(s) 'example_branch_dop_operator_v3' retrieved from /home/airflow/.local/lib/python3.12/site-packages/airflow/example_dags/example_branch_python_dop_operator_3.py
[2024-10-28T00:11:55.182+0000] {logging_mixin.py:190} INFO - [2024-10-28T00:11:55.182+0000] {dag.py:3239} INFO - Sync 1 DAGs
[2024-10-28T00:11:55.207+0000] {logging_mixin.py:190} INFO - [2024-10-28T00:11:55.207+0000] {dag.py:4180} INFO - Setting next_dagrun for example_branch_dop_operator_v3 to 2024-10-28 00:10:00+00:00, run_after=2024-10-28 00:11:00+00:00
[2024-10-28T00:11:55.224+0000] {processor.py:208} INFO - Processing /home/airflow/.local/lib/python3.12/site-packages/airflow/example_dags/example_branch_python_dop_operator_3.py took 0.078 seconds
[2024-10-28T00:12:25.265+0000] {processor.py:186} INFO - Started process (PID=46963) to work on /home/airflow/.local/lib/python3.12/site-packages/airflow/example_dags/example_branch_python_dop_operator_3.py
[2024-10-28T00:12:25.266+0000] {processor.py:914} INFO - Processing file /home/airflow/.local/lib/python3.12/site-packages/airflow/example_dags/example_branch_python_dop_operator_3.py for tasks to queue
[2024-10-28T00:12:25.268+0000] {logging_mixin.py:190} INFO - [2024-10-28T00:12:25.268+0000] {dagbag.py:588} INFO - Filling up the DagBag from /home/airflow/.local/lib/python3.12/site-packages/airflow/example_dags/example_branch_python_dop_operator_3.py
[2024-10-28T00:12:25.277+0000] {processor.py:925} INFO - DAG(s) 'example_branch_dop_operator_v3' retrieved from /home/airflow/.local/lib/python3.12/site-packages/airflow/example_dags/example_branch_python_dop_operator_3.py
[2024-10-28T00:12:25.296+0000] {logging_mixin.py:190} INFO - [2024-10-28T00:12:25.296+0000] {dag.py:3239} INFO - Sync 1 DAGs
[2024-10-28T00:12:25.322+0000] {logging_mixin.py:190} INFO - [2024-10-28T00:12:25.321+0000] {dag.py:4180} INFO - Setting next_dagrun for example_branch_dop_operator_v3 to 2024-10-28 00:11:00+00:00, run_after=2024-10-28 00:12:00+00:00
[2024-10-28T00:12:25.340+0000] {processor.py:208} INFO - Processing /home/airflow/.local/lib/python3.12/site-packages/airflow/example_dags/example_branch_python_dop_operator_3.py took 0.081 seconds
[2024-10-28T00:12:55.910+0000] {processor.py:186} INFO - Started process (PID=47037) to work on /home/airflow/.local/lib/python3.12/site-packages/airflow/example_dags/example_branch_python_dop_operator_3.py
[2024-10-28T00:12:55.911+0000] {processor.py:914} INFO - Processing file /home/airflow/.local/lib/python3.12/site-packages/airflow/example_dags/example_branch_python_dop_operator_3.py for tasks to queue
[2024-10-28T00:12:55.912+0000] {logging_mixin.py:190} INFO - [2024-10-28T00:12:55.912+0000] {dagbag.py:588} INFO - Filling up the DagBag from /home/airflow/.local/lib/python3.12/site-packages/airflow/example_dags/example_branch_python_dop_operator_3.py
[2024-10-28T00:12:55.921+0000] {processor.py:925} INFO - DAG(s) 'example_branch_dop_operator_v3' retrieved from /home/airflow/.local/lib/python3.12/site-packages/airflow/example_dags/example_branch_python_dop_operator_3.py
[2024-10-28T00:12:55.940+0000] {logging_mixin.py:190} INFO - [2024-10-28T00:12:55.939+0000] {dag.py:3239} INFO - Sync 1 DAGs
[2024-10-28T00:12:55.965+0000] {logging_mixin.py:190} INFO - [2024-10-28T00:12:55.965+0000] {dag.py:4180} INFO - Setting next_dagrun for example_branch_dop_operator_v3 to 2024-10-28 00:11:00+00:00, run_after=2024-10-28 00:12:00+00:00
[2024-10-28T00:12:55.984+0000] {processor.py:208} INFO - Processing /home/airflow/.local/lib/python3.12/site-packages/airflow/example_dags/example_branch_python_dop_operator_3.py took 0.081 seconds
[2024-10-28T00:13:26.275+0000] {processor.py:186} INFO - Started process (PID=47111) to work on /home/airflow/.local/lib/python3.12/site-packages/airflow/example_dags/example_branch_python_dop_operator_3.py
[2024-10-28T00:13:26.276+0000] {processor.py:914} INFO - Processing file /home/airflow/.local/lib/python3.12/site-packages/airflow/example_dags/example_branch_python_dop_operator_3.py for tasks to queue
[2024-10-28T00:13:26.278+0000] {logging_mixin.py:190} INFO - [2024-10-28T00:13:26.277+0000] {dagbag.py:588} INFO - Filling up the DagBag from /home/airflow/.local/lib/python3.12/site-packages/airflow/example_dags/example_branch_python_dop_operator_3.py
[2024-10-28T00:13:26.288+0000] {processor.py:925} INFO - DAG(s) 'example_branch_dop_operator_v3' retrieved from /home/airflow/.local/lib/python3.12/site-packages/airflow/example_dags/example_branch_python_dop_operator_3.py
[2024-10-28T00:13:26.312+0000] {logging_mixin.py:190} INFO - [2024-10-28T00:13:26.312+0000] {dag.py:3239} INFO - Sync 1 DAGs
[2024-10-28T00:13:26.341+0000] {logging_mixin.py:190} INFO - [2024-10-28T00:13:26.341+0000] {dag.py:4180} INFO - Setting next_dagrun for example_branch_dop_operator_v3 to 2024-10-28 00:12:00+00:00, run_after=2024-10-28 00:13:00+00:00
[2024-10-28T00:13:26.363+0000] {processor.py:208} INFO - Processing /home/airflow/.local/lib/python3.12/site-packages/airflow/example_dags/example_branch_python_dop_operator_3.py took 0.094 seconds
[2024-10-28T00:13:57.046+0000] {processor.py:186} INFO - Started process (PID=47174) to work on /home/airflow/.local/lib/python3.12/site-packages/airflow/example_dags/example_branch_python_dop_operator_3.py
[2024-10-28T00:13:57.047+0000] {processor.py:914} INFO - Processing file /home/airflow/.local/lib/python3.12/site-packages/airflow/example_dags/example_branch_python_dop_operator_3.py for tasks to queue
[2024-10-28T00:13:57.049+0000] {logging_mixin.py:190} INFO - [2024-10-28T00:13:57.049+0000] {dagbag.py:588} INFO - Filling up the DagBag from /home/airflow/.local/lib/python3.12/site-packages/airflow/example_dags/example_branch_python_dop_operator_3.py
[2024-10-28T00:13:57.058+0000] {processor.py:925} INFO - DAG(s) 'example_branch_dop_operator_v3' retrieved from /home/airflow/.local/lib/python3.12/site-packages/airflow/example_dags/example_branch_python_dop_operator_3.py
[2024-10-28T00:13:57.078+0000] {logging_mixin.py:190} INFO - [2024-10-28T00:13:57.078+0000] {dag.py:3239} INFO - Sync 1 DAGs
[2024-10-28T00:13:57.104+0000] {logging_mixin.py:190} INFO - [2024-10-28T00:13:57.104+0000] {dag.py:4180} INFO - Setting next_dagrun for example_branch_dop_operator_v3 to 2024-10-28 00:12:00+00:00, run_after=2024-10-28 00:13:00+00:00
[2024-10-28T00:13:57.128+0000] {processor.py:208} INFO - Processing /home/airflow/.local/lib/python3.12/site-packages/airflow/example_dags/example_branch_python_dop_operator_3.py took 0.088 seconds
[2024-10-28T00:14:27.272+0000] {processor.py:186} INFO - Started process (PID=47247) to work on /home/airflow/.local/lib/python3.12/site-packages/airflow/example_dags/example_branch_python_dop_operator_3.py
[2024-10-28T00:14:27.273+0000] {processor.py:914} INFO - Processing file /home/airflow/.local/lib/python3.12/site-packages/airflow/example_dags/example_branch_python_dop_operator_3.py for tasks to queue
[2024-10-28T00:14:27.275+0000] {logging_mixin.py:190} INFO - [2024-10-28T00:14:27.275+0000] {dagbag.py:588} INFO - Filling up the DagBag from /home/airflow/.local/lib/python3.12/site-packages/airflow/example_dags/example_branch_python_dop_operator_3.py
[2024-10-28T00:14:27.284+0000] {processor.py:925} INFO - DAG(s) 'example_branch_dop_operator_v3' retrieved from /home/airflow/.local/lib/python3.12/site-packages/airflow/example_dags/example_branch_python_dop_operator_3.py
[2024-10-28T00:14:27.301+0000] {logging_mixin.py:190} INFO - [2024-10-28T00:14:27.301+0000] {dag.py:3239} INFO - Sync 1 DAGs
[2024-10-28T00:14:27.325+0000] {logging_mixin.py:190} INFO - [2024-10-28T00:14:27.325+0000] {dag.py:4180} INFO - Setting next_dagrun for example_branch_dop_operator_v3 to 2024-10-28 00:13:00+00:00, run_after=2024-10-28 00:14:00+00:00
[2024-10-28T00:14:27.344+0000] {processor.py:208} INFO - Processing /home/airflow/.local/lib/python3.12/site-packages/airflow/example_dags/example_branch_python_dop_operator_3.py took 0.077 seconds
[2024-10-28T00:14:57.417+0000] {processor.py:186} INFO - Started process (PID=47321) to work on /home/airflow/.local/lib/python3.12/site-packages/airflow/example_dags/example_branch_python_dop_operator_3.py
[2024-10-28T00:14:57.419+0000] {processor.py:914} INFO - Processing file /home/airflow/.local/lib/python3.12/site-packages/airflow/example_dags/example_branch_python_dop_operator_3.py for tasks to queue
[2024-10-28T00:14:57.420+0000] {logging_mixin.py:190} INFO - [2024-10-28T00:14:57.420+0000] {dagbag.py:588} INFO - Filling up the DagBag from /home/airflow/.local/lib/python3.12/site-packages/airflow/example_dags/example_branch_python_dop_operator_3.py
[2024-10-28T00:14:57.430+0000] {processor.py:925} INFO - DAG(s) 'example_branch_dop_operator_v3' retrieved from /home/airflow/.local/lib/python3.12/site-packages/airflow/example_dags/example_branch_python_dop_operator_3.py
[2024-10-28T00:14:57.448+0000] {logging_mixin.py:190} INFO - [2024-10-28T00:14:57.448+0000] {dag.py:3239} INFO - Sync 1 DAGs
[2024-10-28T00:14:57.473+0000] {logging_mixin.py:190} INFO - [2024-10-28T00:14:57.473+0000] {dag.py:4180} INFO - Setting next_dagrun for example_branch_dop_operator_v3 to 2024-10-28 00:13:00+00:00, run_after=2024-10-28 00:14:00+00:00
[2024-10-28T00:14:57.492+0000] {processor.py:208} INFO - Processing /home/airflow/.local/lib/python3.12/site-packages/airflow/example_dags/example_branch_python_dop_operator_3.py took 0.079 seconds
[2024-10-28T00:15:27.863+0000] {processor.py:186} INFO - Started process (PID=47395) to work on /home/airflow/.local/lib/python3.12/site-packages/airflow/example_dags/example_branch_python_dop_operator_3.py
[2024-10-28T00:15:27.864+0000] {processor.py:914} INFO - Processing file /home/airflow/.local/lib/python3.12/site-packages/airflow/example_dags/example_branch_python_dop_operator_3.py for tasks to queue
[2024-10-28T00:15:27.866+0000] {logging_mixin.py:190} INFO - [2024-10-28T00:15:27.866+0000] {dagbag.py:588} INFO - Filling up the DagBag from /home/airflow/.local/lib/python3.12/site-packages/airflow/example_dags/example_branch_python_dop_operator_3.py
[2024-10-28T00:15:27.875+0000] {processor.py:925} INFO - DAG(s) 'example_branch_dop_operator_v3' retrieved from /home/airflow/.local/lib/python3.12/site-packages/airflow/example_dags/example_branch_python_dop_operator_3.py
[2024-10-28T00:15:27.893+0000] {logging_mixin.py:190} INFO - [2024-10-28T00:15:27.892+0000] {dag.py:3239} INFO - Sync 1 DAGs
[2024-10-28T00:15:27.917+0000] {logging_mixin.py:190} INFO - [2024-10-28T00:15:27.917+0000] {dag.py:4180} INFO - Setting next_dagrun for example_branch_dop_operator_v3 to 2024-10-28 00:14:00+00:00, run_after=2024-10-28 00:15:00+00:00
[2024-10-28T00:15:27.936+0000] {processor.py:208} INFO - Processing /home/airflow/.local/lib/python3.12/site-packages/airflow/example_dags/example_branch_python_dop_operator_3.py took 0.078 seconds
[2024-10-28T00:15:58.322+0000] {processor.py:186} INFO - Started process (PID=47469) to work on /home/airflow/.local/lib/python3.12/site-packages/airflow/example_dags/example_branch_python_dop_operator_3.py
[2024-10-28T00:15:58.323+0000] {processor.py:914} INFO - Processing file /home/airflow/.local/lib/python3.12/site-packages/airflow/example_dags/example_branch_python_dop_operator_3.py for tasks to queue
[2024-10-28T00:15:58.324+0000] {logging_mixin.py:190} INFO - [2024-10-28T00:15:58.324+0000] {dagbag.py:588} INFO - Filling up the DagBag from /home/airflow/.local/lib/python3.12/site-packages/airflow/example_dags/example_branch_python_dop_operator_3.py
[2024-10-28T00:15:58.333+0000] {processor.py:925} INFO - DAG(s) 'example_branch_dop_operator_v3' retrieved from /home/airflow/.local/lib/python3.12/site-packages/airflow/example_dags/example_branch_python_dop_operator_3.py
[2024-10-28T00:15:58.353+0000] {logging_mixin.py:190} INFO - [2024-10-28T00:15:58.353+0000] {dag.py:3239} INFO - Sync 1 DAGs
[2024-10-28T00:15:58.381+0000] {logging_mixin.py:190} INFO - [2024-10-28T00:15:58.380+0000] {dag.py:4180} INFO - Setting next_dagrun for example_branch_dop_operator_v3 to 2024-10-28 00:14:00+00:00, run_after=2024-10-28 00:15:00+00:00
[2024-10-28T00:15:58.399+0000] {processor.py:208} INFO - Processing /home/airflow/.local/lib/python3.12/site-packages/airflow/example_dags/example_branch_python_dop_operator_3.py took 0.083 seconds
[2024-10-28T00:16:29.330+0000] {processor.py:186} INFO - Started process (PID=47543) to work on /home/airflow/.local/lib/python3.12/site-packages/airflow/example_dags/example_branch_python_dop_operator_3.py
[2024-10-28T00:16:29.331+0000] {processor.py:914} INFO - Processing file /home/airflow/.local/lib/python3.12/site-packages/airflow/example_dags/example_branch_python_dop_operator_3.py for tasks to queue
[2024-10-28T00:16:29.333+0000] {logging_mixin.py:190} INFO - [2024-10-28T00:16:29.332+0000] {dagbag.py:588} INFO - Filling up the DagBag from /home/airflow/.local/lib/python3.12/site-packages/airflow/example_dags/example_branch_python_dop_operator_3.py
[2024-10-28T00:16:29.341+0000] {processor.py:925} INFO - DAG(s) 'example_branch_dop_operator_v3' retrieved from /home/airflow/.local/lib/python3.12/site-packages/airflow/example_dags/example_branch_python_dop_operator_3.py
[2024-10-28T00:16:29.358+0000] {logging_mixin.py:190} INFO - [2024-10-28T00:16:29.358+0000] {dag.py:3239} INFO - Sync 1 DAGs
[2024-10-28T00:16:29.390+0000] {logging_mixin.py:190} INFO - [2024-10-28T00:16:29.390+0000] {dag.py:4180} INFO - Setting next_dagrun for example_branch_dop_operator_v3 to 2024-10-28 00:15:00+00:00, run_after=2024-10-28 00:16:00+00:00
[2024-10-28T00:16:29.409+0000] {processor.py:208} INFO - Processing /home/airflow/.local/lib/python3.12/site-packages/airflow/example_dags/example_branch_python_dop_operator_3.py took 0.084 seconds
[2024-10-28T00:17:00.261+0000] {processor.py:186} INFO - Started process (PID=47617) to work on /home/airflow/.local/lib/python3.12/site-packages/airflow/example_dags/example_branch_python_dop_operator_3.py
[2024-10-28T00:17:00.262+0000] {processor.py:914} INFO - Processing file /home/airflow/.local/lib/python3.12/site-packages/airflow/example_dags/example_branch_python_dop_operator_3.py for tasks to queue
[2024-10-28T00:17:00.263+0000] {logging_mixin.py:190} INFO - [2024-10-28T00:17:00.263+0000] {dagbag.py:588} INFO - Filling up the DagBag from /home/airflow/.local/lib/python3.12/site-packages/airflow/example_dags/example_branch_python_dop_operator_3.py
[2024-10-28T00:17:00.273+0000] {processor.py:925} INFO - DAG(s) 'example_branch_dop_operator_v3' retrieved from /home/airflow/.local/lib/python3.12/site-packages/airflow/example_dags/example_branch_python_dop_operator_3.py
[2024-10-28T00:17:00.293+0000] {logging_mixin.py:190} INFO - [2024-10-28T00:17:00.293+0000] {dag.py:3239} INFO - Sync 1 DAGs
[2024-10-28T00:17:00.320+0000] {logging_mixin.py:190} INFO - [2024-10-28T00:17:00.320+0000] {dag.py:4180} INFO - Setting next_dagrun for example_branch_dop_operator_v3 to 2024-10-28 00:16:00+00:00, run_after=2024-10-28 00:17:00+00:00
[2024-10-28T00:17:00.340+0000] {processor.py:208} INFO - Processing /home/airflow/.local/lib/python3.12/site-packages/airflow/example_dags/example_branch_python_dop_operator_3.py took 0.085 seconds
[2024-10-28T00:17:30.743+0000] {processor.py:186} INFO - Started process (PID=47691) to work on /home/airflow/.local/lib/python3.12/site-packages/airflow/example_dags/example_branch_python_dop_operator_3.py
[2024-10-28T00:17:30.744+0000] {processor.py:914} INFO - Processing file /home/airflow/.local/lib/python3.12/site-packages/airflow/example_dags/example_branch_python_dop_operator_3.py for tasks to queue
[2024-10-28T00:17:30.746+0000] {logging_mixin.py:190} INFO - [2024-10-28T00:17:30.745+0000] {dagbag.py:588} INFO - Filling up the DagBag from /home/airflow/.local/lib/python3.12/site-packages/airflow/example_dags/example_branch_python_dop_operator_3.py
[2024-10-28T00:17:30.757+0000] {processor.py:925} INFO - DAG(s) 'example_branch_dop_operator_v3' retrieved from /home/airflow/.local/lib/python3.12/site-packages/airflow/example_dags/example_branch_python_dop_operator_3.py
[2024-10-28T00:17:30.780+0000] {logging_mixin.py:190} INFO - [2024-10-28T00:17:30.780+0000] {dag.py:3239} INFO - Sync 1 DAGs
[2024-10-28T00:17:30.820+0000] {logging_mixin.py:190} INFO - [2024-10-28T00:17:30.820+0000] {dag.py:4180} INFO - Setting next_dagrun for example_branch_dop_operator_v3 to 2024-10-28 00:16:00+00:00, run_after=2024-10-28 00:17:00+00:00
[2024-10-28T00:17:30.848+0000] {processor.py:208} INFO - Processing /home/airflow/.local/lib/python3.12/site-packages/airflow/example_dags/example_branch_python_dop_operator_3.py took 0.111 seconds
[2024-10-28T00:18:01.179+0000] {processor.py:186} INFO - Started process (PID=47765) to work on /home/airflow/.local/lib/python3.12/site-packages/airflow/example_dags/example_branch_python_dop_operator_3.py
[2024-10-28T00:18:01.180+0000] {processor.py:914} INFO - Processing file /home/airflow/.local/lib/python3.12/site-packages/airflow/example_dags/example_branch_python_dop_operator_3.py for tasks to queue
[2024-10-28T00:18:01.182+0000] {logging_mixin.py:190} INFO - [2024-10-28T00:18:01.181+0000] {dagbag.py:588} INFO - Filling up the DagBag from /home/airflow/.local/lib/python3.12/site-packages/airflow/example_dags/example_branch_python_dop_operator_3.py
[2024-10-28T00:18:01.192+0000] {processor.py:925} INFO - DAG(s) 'example_branch_dop_operator_v3' retrieved from /home/airflow/.local/lib/python3.12/site-packages/airflow/example_dags/example_branch_python_dop_operator_3.py
[2024-10-28T00:18:01.212+0000] {logging_mixin.py:190} INFO - [2024-10-28T00:18:01.212+0000] {dag.py:3239} INFO - Sync 1 DAGs
[2024-10-28T00:18:01.240+0000] {logging_mixin.py:190} INFO - [2024-10-28T00:18:01.239+0000] {dag.py:4180} INFO - Setting next_dagrun for example_branch_dop_operator_v3 to 2024-10-28 00:17:00+00:00, run_after=2024-10-28 00:18:00+00:00
[2024-10-28T00:18:01.262+0000] {processor.py:208} INFO - Processing /home/airflow/.local/lib/python3.12/site-packages/airflow/example_dags/example_branch_python_dop_operator_3.py took 0.089 seconds
[2024-10-28T00:18:31.881+0000] {processor.py:186} INFO - Started process (PID=47839) to work on /home/airflow/.local/lib/python3.12/site-packages/airflow/example_dags/example_branch_python_dop_operator_3.py
[2024-10-28T00:18:31.882+0000] {processor.py:914} INFO - Processing file /home/airflow/.local/lib/python3.12/site-packages/airflow/example_dags/example_branch_python_dop_operator_3.py for tasks to queue
[2024-10-28T00:18:31.885+0000] {logging_mixin.py:190} INFO - [2024-10-28T00:18:31.883+0000] {dagbag.py:588} INFO - Filling up the DagBag from /home/airflow/.local/lib/python3.12/site-packages/airflow/example_dags/example_branch_python_dop_operator_3.py
[2024-10-28T00:18:31.894+0000] {processor.py:925} INFO - DAG(s) 'example_branch_dop_operator_v3' retrieved from /home/airflow/.local/lib/python3.12/site-packages/airflow/example_dags/example_branch_python_dop_operator_3.py
[2024-10-28T00:18:31.915+0000] {logging_mixin.py:190} INFO - [2024-10-28T00:18:31.914+0000] {dag.py:3239} INFO - Sync 1 DAGs
[2024-10-28T00:18:31.942+0000] {logging_mixin.py:190} INFO - [2024-10-28T00:18:31.941+0000] {dag.py:4180} INFO - Setting next_dagrun for example_branch_dop_operator_v3 to 2024-10-28 00:17:00+00:00, run_after=2024-10-28 00:18:00+00:00
[2024-10-28T00:18:31.959+0000] {processor.py:208} INFO - Processing /home/airflow/.local/lib/python3.12/site-packages/airflow/example_dags/example_branch_python_dop_operator_3.py took 0.084 seconds
[2024-10-28T00:19:02.188+0000] {processor.py:186} INFO - Started process (PID=47913) to work on /home/airflow/.local/lib/python3.12/site-packages/airflow/example_dags/example_branch_python_dop_operator_3.py
[2024-10-28T00:19:02.189+0000] {processor.py:914} INFO - Processing file /home/airflow/.local/lib/python3.12/site-packages/airflow/example_dags/example_branch_python_dop_operator_3.py for tasks to queue
[2024-10-28T00:19:02.191+0000] {logging_mixin.py:190} INFO - [2024-10-28T00:19:02.190+0000] {dagbag.py:588} INFO - Filling up the DagBag from /home/airflow/.local/lib/python3.12/site-packages/airflow/example_dags/example_branch_python_dop_operator_3.py
[2024-10-28T00:19:02.202+0000] {processor.py:925} INFO - DAG(s) 'example_branch_dop_operator_v3' retrieved from /home/airflow/.local/lib/python3.12/site-packages/airflow/example_dags/example_branch_python_dop_operator_3.py
[2024-10-28T00:19:02.222+0000] {logging_mixin.py:190} INFO - [2024-10-28T00:19:02.221+0000] {dag.py:3239} INFO - Sync 1 DAGs
[2024-10-28T00:19:02.249+0000] {logging_mixin.py:190} INFO - [2024-10-28T00:19:02.249+0000] {dag.py:4180} INFO - Setting next_dagrun for example_branch_dop_operator_v3 to 2024-10-28 00:18:00+00:00, run_after=2024-10-28 00:19:00+00:00
[2024-10-28T00:19:02.269+0000] {processor.py:208} INFO - Processing /home/airflow/.local/lib/python3.12/site-packages/airflow/example_dags/example_branch_python_dop_operator_3.py took 0.087 seconds
[2024-10-28T00:19:32.670+0000] {processor.py:186} INFO - Started process (PID=47987) to work on /home/airflow/.local/lib/python3.12/site-packages/airflow/example_dags/example_branch_python_dop_operator_3.py
[2024-10-28T00:19:32.671+0000] {processor.py:914} INFO - Processing file /home/airflow/.local/lib/python3.12/site-packages/airflow/example_dags/example_branch_python_dop_operator_3.py for tasks to queue
[2024-10-28T00:19:32.674+0000] {logging_mixin.py:190} INFO - [2024-10-28T00:19:32.673+0000] {dagbag.py:588} INFO - Filling up the DagBag from /home/airflow/.local/lib/python3.12/site-packages/airflow/example_dags/example_branch_python_dop_operator_3.py
[2024-10-28T00:19:32.701+0000] {processor.py:925} INFO - DAG(s) 'example_branch_dop_operator_v3' retrieved from /home/airflow/.local/lib/python3.12/site-packages/airflow/example_dags/example_branch_python_dop_operator_3.py
[2024-10-28T00:19:32.733+0000] {logging_mixin.py:190} INFO - [2024-10-28T00:19:32.732+0000] {dag.py:3239} INFO - Sync 1 DAGs
[2024-10-28T00:19:32.777+0000] {logging_mixin.py:190} INFO - [2024-10-28T00:19:32.776+0000] {dag.py:4180} INFO - Setting next_dagrun for example_branch_dop_operator_v3 to 2024-10-28 00:18:00+00:00, run_after=2024-10-28 00:19:00+00:00
[2024-10-28T00:19:32.806+0000] {processor.py:208} INFO - Processing /home/airflow/.local/lib/python3.12/site-packages/airflow/example_dags/example_branch_python_dop_operator_3.py took 0.147 seconds
[2024-10-28T00:20:03.348+0000] {processor.py:186} INFO - Started process (PID=48061) to work on /home/airflow/.local/lib/python3.12/site-packages/airflow/example_dags/example_branch_python_dop_operator_3.py
[2024-10-28T00:20:03.349+0000] {processor.py:914} INFO - Processing file /home/airflow/.local/lib/python3.12/site-packages/airflow/example_dags/example_branch_python_dop_operator_3.py for tasks to queue
[2024-10-28T00:20:03.350+0000] {logging_mixin.py:190} INFO - [2024-10-28T00:20:03.350+0000] {dagbag.py:588} INFO - Filling up the DagBag from /home/airflow/.local/lib/python3.12/site-packages/airflow/example_dags/example_branch_python_dop_operator_3.py
[2024-10-28T00:20:03.363+0000] {processor.py:925} INFO - DAG(s) 'example_branch_dop_operator_v3' retrieved from /home/airflow/.local/lib/python3.12/site-packages/airflow/example_dags/example_branch_python_dop_operator_3.py
[2024-10-28T00:20:03.384+0000] {logging_mixin.py:190} INFO - [2024-10-28T00:20:03.384+0000] {dag.py:3239} INFO - Sync 1 DAGs
[2024-10-28T00:20:03.421+0000] {logging_mixin.py:190} INFO - [2024-10-28T00:20:03.420+0000] {dag.py:4180} INFO - Setting next_dagrun for example_branch_dop_operator_v3 to 2024-10-28 00:19:00+00:00, run_after=2024-10-28 00:20:00+00:00
[2024-10-28T00:20:03.446+0000] {processor.py:208} INFO - Processing /home/airflow/.local/lib/python3.12/site-packages/airflow/example_dags/example_branch_python_dop_operator_3.py took 0.105 seconds
[2024-10-28T00:20:33.773+0000] {processor.py:186} INFO - Started process (PID=48135) to work on /home/airflow/.local/lib/python3.12/site-packages/airflow/example_dags/example_branch_python_dop_operator_3.py
[2024-10-28T00:20:33.774+0000] {processor.py:914} INFO - Processing file /home/airflow/.local/lib/python3.12/site-packages/airflow/example_dags/example_branch_python_dop_operator_3.py for tasks to queue
[2024-10-28T00:20:33.776+0000] {logging_mixin.py:190} INFO - [2024-10-28T00:20:33.776+0000] {dagbag.py:588} INFO - Filling up the DagBag from /home/airflow/.local/lib/python3.12/site-packages/airflow/example_dags/example_branch_python_dop_operator_3.py
[2024-10-28T00:20:33.791+0000] {processor.py:925} INFO - DAG(s) 'example_branch_dop_operator_v3' retrieved from /home/airflow/.local/lib/python3.12/site-packages/airflow/example_dags/example_branch_python_dop_operator_3.py
[2024-10-28T00:20:33.816+0000] {logging_mixin.py:190} INFO - [2024-10-28T00:20:33.816+0000] {dag.py:3239} INFO - Sync 1 DAGs
[2024-10-28T00:20:33.849+0000] {logging_mixin.py:190} INFO - [2024-10-28T00:20:33.849+0000] {dag.py:4180} INFO - Setting next_dagrun for example_branch_dop_operator_v3 to 2024-10-28 00:19:00+00:00, run_after=2024-10-28 00:20:00+00:00
[2024-10-28T00:20:33.875+0000] {processor.py:208} INFO - Processing /home/airflow/.local/lib/python3.12/site-packages/airflow/example_dags/example_branch_python_dop_operator_3.py took 0.110 seconds
[2024-10-28T00:21:04.333+0000] {processor.py:186} INFO - Started process (PID=48209) to work on /home/airflow/.local/lib/python3.12/site-packages/airflow/example_dags/example_branch_python_dop_operator_3.py
[2024-10-28T00:21:04.335+0000] {processor.py:914} INFO - Processing file /home/airflow/.local/lib/python3.12/site-packages/airflow/example_dags/example_branch_python_dop_operator_3.py for tasks to queue
[2024-10-28T00:21:04.337+0000] {logging_mixin.py:190} INFO - [2024-10-28T00:21:04.336+0000] {dagbag.py:588} INFO - Filling up the DagBag from /home/airflow/.local/lib/python3.12/site-packages/airflow/example_dags/example_branch_python_dop_operator_3.py
[2024-10-28T00:21:04.347+0000] {processor.py:925} INFO - DAG(s) 'example_branch_dop_operator_v3' retrieved from /home/airflow/.local/lib/python3.12/site-packages/airflow/example_dags/example_branch_python_dop_operator_3.py
[2024-10-28T00:21:04.371+0000] {logging_mixin.py:190} INFO - [2024-10-28T00:21:04.371+0000] {dag.py:3239} INFO - Sync 1 DAGs
[2024-10-28T00:21:04.403+0000] {logging_mixin.py:190} INFO - [2024-10-28T00:21:04.403+0000] {dag.py:4180} INFO - Setting next_dagrun for example_branch_dop_operator_v3 to 2024-10-28 00:20:00+00:00, run_after=2024-10-28 00:21:00+00:00
[2024-10-28T00:21:04.425+0000] {processor.py:208} INFO - Processing /home/airflow/.local/lib/python3.12/site-packages/airflow/example_dags/example_branch_python_dop_operator_3.py took 0.099 seconds
[2024-10-28T00:21:34.973+0000] {processor.py:186} INFO - Started process (PID=48283) to work on /home/airflow/.local/lib/python3.12/site-packages/airflow/example_dags/example_branch_python_dop_operator_3.py
[2024-10-28T00:21:34.974+0000] {processor.py:914} INFO - Processing file /home/airflow/.local/lib/python3.12/site-packages/airflow/example_dags/example_branch_python_dop_operator_3.py for tasks to queue
[2024-10-28T00:21:34.976+0000] {logging_mixin.py:190} INFO - [2024-10-28T00:21:34.975+0000] {dagbag.py:588} INFO - Filling up the DagBag from /home/airflow/.local/lib/python3.12/site-packages/airflow/example_dags/example_branch_python_dop_operator_3.py
[2024-10-28T00:21:34.985+0000] {processor.py:925} INFO - DAG(s) 'example_branch_dop_operator_v3' retrieved from /home/airflow/.local/lib/python3.12/site-packages/airflow/example_dags/example_branch_python_dop_operator_3.py
[2024-10-28T00:21:35.006+0000] {logging_mixin.py:190} INFO - [2024-10-28T00:21:35.006+0000] {dag.py:3239} INFO - Sync 1 DAGs
[2024-10-28T00:21:35.033+0000] {logging_mixin.py:190} INFO - [2024-10-28T00:21:35.033+0000] {dag.py:4180} INFO - Setting next_dagrun for example_branch_dop_operator_v3 to 2024-10-28 00:20:00+00:00, run_after=2024-10-28 00:21:00+00:00
[2024-10-28T00:21:35.051+0000] {processor.py:208} INFO - Processing /home/airflow/.local/lib/python3.12/site-packages/airflow/example_dags/example_branch_python_dop_operator_3.py took 0.083 seconds
[2024-10-28T00:22:05.539+0000] {processor.py:186} INFO - Started process (PID=48357) to work on /home/airflow/.local/lib/python3.12/site-packages/airflow/example_dags/example_branch_python_dop_operator_3.py
[2024-10-28T00:22:05.540+0000] {processor.py:914} INFO - Processing file /home/airflow/.local/lib/python3.12/site-packages/airflow/example_dags/example_branch_python_dop_operator_3.py for tasks to queue
[2024-10-28T00:22:05.543+0000] {logging_mixin.py:190} INFO - [2024-10-28T00:22:05.542+0000] {dagbag.py:588} INFO - Filling up the DagBag from /home/airflow/.local/lib/python3.12/site-packages/airflow/example_dags/example_branch_python_dop_operator_3.py
[2024-10-28T00:22:05.555+0000] {processor.py:925} INFO - DAG(s) 'example_branch_dop_operator_v3' retrieved from /home/airflow/.local/lib/python3.12/site-packages/airflow/example_dags/example_branch_python_dop_operator_3.py
[2024-10-28T00:22:05.579+0000] {logging_mixin.py:190} INFO - [2024-10-28T00:22:05.579+0000] {dag.py:3239} INFO - Sync 1 DAGs
[2024-10-28T00:22:05.609+0000] {logging_mixin.py:190} INFO - [2024-10-28T00:22:05.609+0000] {dag.py:4180} INFO - Setting next_dagrun for example_branch_dop_operator_v3 to 2024-10-28 00:21:00+00:00, run_after=2024-10-28 00:22:00+00:00
[2024-10-28T00:22:05.634+0000] {processor.py:208} INFO - Processing /home/airflow/.local/lib/python3.12/site-packages/airflow/example_dags/example_branch_python_dop_operator_3.py took 0.100 seconds
[2024-10-28T00:22:35.816+0000] {processor.py:186} INFO - Started process (PID=48431) to work on /home/airflow/.local/lib/python3.12/site-packages/airflow/example_dags/example_branch_python_dop_operator_3.py
[2024-10-28T00:22:35.817+0000] {processor.py:914} INFO - Processing file /home/airflow/.local/lib/python3.12/site-packages/airflow/example_dags/example_branch_python_dop_operator_3.py for tasks to queue
[2024-10-28T00:22:35.820+0000] {logging_mixin.py:190} INFO - [2024-10-28T00:22:35.819+0000] {dagbag.py:588} INFO - Filling up the DagBag from /home/airflow/.local/lib/python3.12/site-packages/airflow/example_dags/example_branch_python_dop_operator_3.py
[2024-10-28T00:22:35.829+0000] {processor.py:925} INFO - DAG(s) 'example_branch_dop_operator_v3' retrieved from /home/airflow/.local/lib/python3.12/site-packages/airflow/example_dags/example_branch_python_dop_operator_3.py
[2024-10-28T00:22:35.850+0000] {logging_mixin.py:190} INFO - [2024-10-28T00:22:35.850+0000] {dag.py:3239} INFO - Sync 1 DAGs
[2024-10-28T00:22:35.881+0000] {logging_mixin.py:190} INFO - [2024-10-28T00:22:35.881+0000] {dag.py:4180} INFO - Setting next_dagrun for example_branch_dop_operator_v3 to 2024-10-28 00:21:00+00:00, run_after=2024-10-28 00:22:00+00:00
[2024-10-28T00:22:35.900+0000] {processor.py:208} INFO - Processing /home/airflow/.local/lib/python3.12/site-packages/airflow/example_dags/example_branch_python_dop_operator_3.py took 0.091 seconds
[2024-10-28T00:23:06.283+0000] {processor.py:186} INFO - Started process (PID=48505) to work on /home/airflow/.local/lib/python3.12/site-packages/airflow/example_dags/example_branch_python_dop_operator_3.py
[2024-10-28T00:23:06.285+0000] {processor.py:914} INFO - Processing file /home/airflow/.local/lib/python3.12/site-packages/airflow/example_dags/example_branch_python_dop_operator_3.py for tasks to queue
[2024-10-28T00:23:06.286+0000] {logging_mixin.py:190} INFO - [2024-10-28T00:23:06.286+0000] {dagbag.py:588} INFO - Filling up the DagBag from /home/airflow/.local/lib/python3.12/site-packages/airflow/example_dags/example_branch_python_dop_operator_3.py
[2024-10-28T00:23:06.295+0000] {processor.py:925} INFO - DAG(s) 'example_branch_dop_operator_v3' retrieved from /home/airflow/.local/lib/python3.12/site-packages/airflow/example_dags/example_branch_python_dop_operator_3.py
[2024-10-28T00:23:06.313+0000] {logging_mixin.py:190} INFO - [2024-10-28T00:23:06.312+0000] {dag.py:3239} INFO - Sync 1 DAGs
[2024-10-28T00:23:06.338+0000] {logging_mixin.py:190} INFO - [2024-10-28T00:23:06.338+0000] {dag.py:4180} INFO - Setting next_dagrun for example_branch_dop_operator_v3 to 2024-10-28 00:22:00+00:00, run_after=2024-10-28 00:23:00+00:00
[2024-10-28T00:23:06.356+0000] {processor.py:208} INFO - Processing /home/airflow/.local/lib/python3.12/site-packages/airflow/example_dags/example_branch_python_dop_operator_3.py took 0.078 seconds
[2024-10-28T00:23:36.507+0000] {processor.py:186} INFO - Started process (PID=48579) to work on /home/airflow/.local/lib/python3.12/site-packages/airflow/example_dags/example_branch_python_dop_operator_3.py
[2024-10-28T00:23:36.508+0000] {processor.py:914} INFO - Processing file /home/airflow/.local/lib/python3.12/site-packages/airflow/example_dags/example_branch_python_dop_operator_3.py for tasks to queue
[2024-10-28T00:23:36.510+0000] {logging_mixin.py:190} INFO - [2024-10-28T00:23:36.509+0000] {dagbag.py:588} INFO - Filling up the DagBag from /home/airflow/.local/lib/python3.12/site-packages/airflow/example_dags/example_branch_python_dop_operator_3.py
[2024-10-28T00:23:36.519+0000] {processor.py:925} INFO - DAG(s) 'example_branch_dop_operator_v3' retrieved from /home/airflow/.local/lib/python3.12/site-packages/airflow/example_dags/example_branch_python_dop_operator_3.py
[2024-10-28T00:23:36.538+0000] {logging_mixin.py:190} INFO - [2024-10-28T00:23:36.538+0000] {dag.py:3239} INFO - Sync 1 DAGs
[2024-10-28T00:23:36.566+0000] {logging_mixin.py:190} INFO - [2024-10-28T00:23:36.565+0000] {dag.py:4180} INFO - Setting next_dagrun for example_branch_dop_operator_v3 to 2024-10-28 00:22:00+00:00, run_after=2024-10-28 00:23:00+00:00
[2024-10-28T00:23:36.585+0000] {processor.py:208} INFO - Processing /home/airflow/.local/lib/python3.12/site-packages/airflow/example_dags/example_branch_python_dop_operator_3.py took 0.083 seconds
[2024-10-28T00:24:07.484+0000] {processor.py:186} INFO - Started process (PID=48653) to work on /home/airflow/.local/lib/python3.12/site-packages/airflow/example_dags/example_branch_python_dop_operator_3.py
[2024-10-28T00:24:07.485+0000] {processor.py:914} INFO - Processing file /home/airflow/.local/lib/python3.12/site-packages/airflow/example_dags/example_branch_python_dop_operator_3.py for tasks to queue
[2024-10-28T00:24:07.486+0000] {logging_mixin.py:190} INFO - [2024-10-28T00:24:07.486+0000] {dagbag.py:588} INFO - Filling up the DagBag from /home/airflow/.local/lib/python3.12/site-packages/airflow/example_dags/example_branch_python_dop_operator_3.py
[2024-10-28T00:24:07.496+0000] {processor.py:925} INFO - DAG(s) 'example_branch_dop_operator_v3' retrieved from /home/airflow/.local/lib/python3.12/site-packages/airflow/example_dags/example_branch_python_dop_operator_3.py
[2024-10-28T00:24:07.518+0000] {logging_mixin.py:190} INFO - [2024-10-28T00:24:07.518+0000] {dag.py:3239} INFO - Sync 1 DAGs
[2024-10-28T00:24:07.550+0000] {logging_mixin.py:190} INFO - [2024-10-28T00:24:07.549+0000] {dag.py:4180} INFO - Setting next_dagrun for example_branch_dop_operator_v3 to 2024-10-28 00:23:00+00:00, run_after=2024-10-28 00:24:00+00:00
[2024-10-28T00:24:07.570+0000] {processor.py:208} INFO - Processing /home/airflow/.local/lib/python3.12/site-packages/airflow/example_dags/example_branch_python_dop_operator_3.py took 0.093 seconds
[2024-10-28T00:24:38.482+0000] {processor.py:186} INFO - Started process (PID=48733) to work on /home/airflow/.local/lib/python3.12/site-packages/airflow/example_dags/example_branch_python_dop_operator_3.py
[2024-10-28T00:24:38.483+0000] {processor.py:914} INFO - Processing file /home/airflow/.local/lib/python3.12/site-packages/airflow/example_dags/example_branch_python_dop_operator_3.py for tasks to queue
[2024-10-28T00:24:38.485+0000] {logging_mixin.py:190} INFO - [2024-10-28T00:24:38.485+0000] {dagbag.py:588} INFO - Filling up the DagBag from /home/airflow/.local/lib/python3.12/site-packages/airflow/example_dags/example_branch_python_dop_operator_3.py
[2024-10-28T00:24:38.496+0000] {processor.py:925} INFO - DAG(s) 'example_branch_dop_operator_v3' retrieved from /home/airflow/.local/lib/python3.12/site-packages/airflow/example_dags/example_branch_python_dop_operator_3.py
[2024-10-28T00:24:38.516+0000] {logging_mixin.py:190} INFO - [2024-10-28T00:24:38.515+0000] {dag.py:3239} INFO - Sync 1 DAGs
[2024-10-28T00:24:38.543+0000] {logging_mixin.py:190} INFO - [2024-10-28T00:24:38.543+0000] {dag.py:4180} INFO - Setting next_dagrun for example_branch_dop_operator_v3 to 2024-10-28 00:23:00+00:00, run_after=2024-10-28 00:24:00+00:00
[2024-10-28T00:24:38.563+0000] {processor.py:208} INFO - Processing /home/airflow/.local/lib/python3.12/site-packages/airflow/example_dags/example_branch_python_dop_operator_3.py took 0.086 seconds
[2024-10-28T00:25:09.435+0000] {processor.py:186} INFO - Started process (PID=48807) to work on /home/airflow/.local/lib/python3.12/site-packages/airflow/example_dags/example_branch_python_dop_operator_3.py
[2024-10-28T00:25:09.437+0000] {processor.py:914} INFO - Processing file /home/airflow/.local/lib/python3.12/site-packages/airflow/example_dags/example_branch_python_dop_operator_3.py for tasks to queue
[2024-10-28T00:25:09.438+0000] {logging_mixin.py:190} INFO - [2024-10-28T00:25:09.438+0000] {dagbag.py:588} INFO - Filling up the DagBag from /home/airflow/.local/lib/python3.12/site-packages/airflow/example_dags/example_branch_python_dop_operator_3.py
[2024-10-28T00:25:09.450+0000] {processor.py:925} INFO - DAG(s) 'example_branch_dop_operator_v3' retrieved from /home/airflow/.local/lib/python3.12/site-packages/airflow/example_dags/example_branch_python_dop_operator_3.py
[2024-10-28T00:25:09.472+0000] {logging_mixin.py:190} INFO - [2024-10-28T00:25:09.472+0000] {dag.py:3239} INFO - Sync 1 DAGs
[2024-10-28T00:25:09.504+0000] {logging_mixin.py:190} INFO - [2024-10-28T00:25:09.503+0000] {dag.py:4180} INFO - Setting next_dagrun for example_branch_dop_operator_v3 to 2024-10-28 00:24:00+00:00, run_after=2024-10-28 00:25:00+00:00
[2024-10-28T00:25:09.525+0000] {processor.py:208} INFO - Processing /home/airflow/.local/lib/python3.12/site-packages/airflow/example_dags/example_branch_python_dop_operator_3.py took 0.097 seconds
[2024-10-28T00:25:40.316+0000] {processor.py:186} INFO - Started process (PID=48881) to work on /home/airflow/.local/lib/python3.12/site-packages/airflow/example_dags/example_branch_python_dop_operator_3.py
[2024-10-28T00:25:40.324+0000] {processor.py:914} INFO - Processing file /home/airflow/.local/lib/python3.12/site-packages/airflow/example_dags/example_branch_python_dop_operator_3.py for tasks to queue
[2024-10-28T00:25:40.326+0000] {logging_mixin.py:190} INFO - [2024-10-28T00:25:40.325+0000] {dagbag.py:588} INFO - Filling up the DagBag from /home/airflow/.local/lib/python3.12/site-packages/airflow/example_dags/example_branch_python_dop_operator_3.py
[2024-10-28T00:25:40.343+0000] {processor.py:925} INFO - DAG(s) 'example_branch_dop_operator_v3' retrieved from /home/airflow/.local/lib/python3.12/site-packages/airflow/example_dags/example_branch_python_dop_operator_3.py
[2024-10-28T00:25:40.373+0000] {logging_mixin.py:190} INFO - [2024-10-28T00:25:40.373+0000] {dag.py:3239} INFO - Sync 1 DAGs
[2024-10-28T00:25:40.596+0000] {logging_mixin.py:190} INFO - [2024-10-28T00:25:40.596+0000] {dag.py:4180} INFO - Setting next_dagrun for example_branch_dop_operator_v3 to 2024-10-28 00:24:00+00:00, run_after=2024-10-28 00:25:00+00:00
[2024-10-28T00:25:40.619+0000] {processor.py:208} INFO - Processing /home/airflow/.local/lib/python3.12/site-packages/airflow/example_dags/example_branch_python_dop_operator_3.py took 0.311 seconds
[2024-10-28T00:26:10.788+0000] {processor.py:186} INFO - Started process (PID=48955) to work on /home/airflow/.local/lib/python3.12/site-packages/airflow/example_dags/example_branch_python_dop_operator_3.py
[2024-10-28T00:26:10.789+0000] {processor.py:914} INFO - Processing file /home/airflow/.local/lib/python3.12/site-packages/airflow/example_dags/example_branch_python_dop_operator_3.py for tasks to queue
[2024-10-28T00:26:10.791+0000] {logging_mixin.py:190} INFO - [2024-10-28T00:26:10.790+0000] {dagbag.py:588} INFO - Filling up the DagBag from /home/airflow/.local/lib/python3.12/site-packages/airflow/example_dags/example_branch_python_dop_operator_3.py
[2024-10-28T00:26:10.801+0000] {processor.py:925} INFO - DAG(s) 'example_branch_dop_operator_v3' retrieved from /home/airflow/.local/lib/python3.12/site-packages/airflow/example_dags/example_branch_python_dop_operator_3.py
[2024-10-28T00:26:10.820+0000] {logging_mixin.py:190} INFO - [2024-10-28T00:26:10.819+0000] {dag.py:3239} INFO - Sync 1 DAGs
[2024-10-28T00:26:11.021+0000] {logging_mixin.py:190} INFO - [2024-10-28T00:26:11.020+0000] {dag.py:4180} INFO - Setting next_dagrun for example_branch_dop_operator_v3 to 2024-10-28 00:25:00+00:00, run_after=2024-10-28 00:26:00+00:00
[2024-10-28T00:26:11.042+0000] {processor.py:208} INFO - Processing /home/airflow/.local/lib/python3.12/site-packages/airflow/example_dags/example_branch_python_dop_operator_3.py took 0.259 seconds
[2024-10-28T00:26:41.405+0000] {processor.py:186} INFO - Started process (PID=49029) to work on /home/airflow/.local/lib/python3.12/site-packages/airflow/example_dags/example_branch_python_dop_operator_3.py
[2024-10-28T00:26:41.406+0000] {processor.py:914} INFO - Processing file /home/airflow/.local/lib/python3.12/site-packages/airflow/example_dags/example_branch_python_dop_operator_3.py for tasks to queue
[2024-10-28T00:26:41.408+0000] {logging_mixin.py:190} INFO - [2024-10-28T00:26:41.407+0000] {dagbag.py:588} INFO - Filling up the DagBag from /home/airflow/.local/lib/python3.12/site-packages/airflow/example_dags/example_branch_python_dop_operator_3.py
[2024-10-28T00:26:41.421+0000] {processor.py:925} INFO - DAG(s) 'example_branch_dop_operator_v3' retrieved from /home/airflow/.local/lib/python3.12/site-packages/airflow/example_dags/example_branch_python_dop_operator_3.py
[2024-10-28T00:26:41.445+0000] {logging_mixin.py:190} INFO - [2024-10-28T00:26:41.445+0000] {dag.py:3239} INFO - Sync 1 DAGs
[2024-10-28T00:26:41.473+0000] {logging_mixin.py:190} INFO - [2024-10-28T00:26:41.472+0000] {dag.py:4180} INFO - Setting next_dagrun for example_branch_dop_operator_v3 to 2024-10-28 00:25:00+00:00, run_after=2024-10-28 00:26:00+00:00
[2024-10-28T00:26:41.490+0000] {processor.py:208} INFO - Processing /home/airflow/.local/lib/python3.12/site-packages/airflow/example_dags/example_branch_python_dop_operator_3.py took 0.091 seconds
[2024-10-28T00:27:11.800+0000] {processor.py:186} INFO - Started process (PID=49103) to work on /home/airflow/.local/lib/python3.12/site-packages/airflow/example_dags/example_branch_python_dop_operator_3.py
[2024-10-28T00:27:11.801+0000] {processor.py:914} INFO - Processing file /home/airflow/.local/lib/python3.12/site-packages/airflow/example_dags/example_branch_python_dop_operator_3.py for tasks to queue
[2024-10-28T00:27:11.802+0000] {logging_mixin.py:190} INFO - [2024-10-28T00:27:11.802+0000] {dagbag.py:588} INFO - Filling up the DagBag from /home/airflow/.local/lib/python3.12/site-packages/airflow/example_dags/example_branch_python_dop_operator_3.py
[2024-10-28T00:27:11.811+0000] {processor.py:925} INFO - DAG(s) 'example_branch_dop_operator_v3' retrieved from /home/airflow/.local/lib/python3.12/site-packages/airflow/example_dags/example_branch_python_dop_operator_3.py
[2024-10-28T00:27:11.831+0000] {logging_mixin.py:190} INFO - [2024-10-28T00:27:11.831+0000] {dag.py:3239} INFO - Sync 1 DAGs
[2024-10-28T00:27:11.858+0000] {logging_mixin.py:190} INFO - [2024-10-28T00:27:11.858+0000] {dag.py:4180} INFO - Setting next_dagrun for example_branch_dop_operator_v3 to 2024-10-28 00:26:00+00:00, run_after=2024-10-28 00:27:00+00:00
[2024-10-28T00:27:11.877+0000] {processor.py:208} INFO - Processing /home/airflow/.local/lib/python3.12/site-packages/airflow/example_dags/example_branch_python_dop_operator_3.py took 0.083 seconds
[2024-10-28T00:27:42.709+0000] {processor.py:186} INFO - Started process (PID=49177) to work on /home/airflow/.local/lib/python3.12/site-packages/airflow/example_dags/example_branch_python_dop_operator_3.py
[2024-10-28T00:27:42.711+0000] {processor.py:914} INFO - Processing file /home/airflow/.local/lib/python3.12/site-packages/airflow/example_dags/example_branch_python_dop_operator_3.py for tasks to queue
[2024-10-28T00:27:42.712+0000] {logging_mixin.py:190} INFO - [2024-10-28T00:27:42.712+0000] {dagbag.py:588} INFO - Filling up the DagBag from /home/airflow/.local/lib/python3.12/site-packages/airflow/example_dags/example_branch_python_dop_operator_3.py
[2024-10-28T00:27:42.721+0000] {processor.py:925} INFO - DAG(s) 'example_branch_dop_operator_v3' retrieved from /home/airflow/.local/lib/python3.12/site-packages/airflow/example_dags/example_branch_python_dop_operator_3.py
[2024-10-28T00:27:42.739+0000] {logging_mixin.py:190} INFO - [2024-10-28T00:27:42.739+0000] {dag.py:3239} INFO - Sync 1 DAGs
[2024-10-28T00:27:42.765+0000] {logging_mixin.py:190} INFO - [2024-10-28T00:27:42.765+0000] {dag.py:4180} INFO - Setting next_dagrun for example_branch_dop_operator_v3 to 2024-10-28 00:26:00+00:00, run_after=2024-10-28 00:27:00+00:00
[2024-10-28T00:27:42.784+0000] {processor.py:208} INFO - Processing /home/airflow/.local/lib/python3.12/site-packages/airflow/example_dags/example_branch_python_dop_operator_3.py took 0.080 seconds
[2024-10-28T00:28:12.873+0000] {processor.py:186} INFO - Started process (PID=49251) to work on /home/airflow/.local/lib/python3.12/site-packages/airflow/example_dags/example_branch_python_dop_operator_3.py
[2024-10-28T00:28:12.874+0000] {processor.py:914} INFO - Processing file /home/airflow/.local/lib/python3.12/site-packages/airflow/example_dags/example_branch_python_dop_operator_3.py for tasks to queue
[2024-10-28T00:28:12.876+0000] {logging_mixin.py:190} INFO - [2024-10-28T00:28:12.875+0000] {dagbag.py:588} INFO - Filling up the DagBag from /home/airflow/.local/lib/python3.12/site-packages/airflow/example_dags/example_branch_python_dop_operator_3.py
[2024-10-28T00:28:12.885+0000] {processor.py:925} INFO - DAG(s) 'example_branch_dop_operator_v3' retrieved from /home/airflow/.local/lib/python3.12/site-packages/airflow/example_dags/example_branch_python_dop_operator_3.py
[2024-10-28T00:28:12.903+0000] {logging_mixin.py:190} INFO - [2024-10-28T00:28:12.903+0000] {dag.py:3239} INFO - Sync 1 DAGs
[2024-10-28T00:28:12.929+0000] {logging_mixin.py:190} INFO - [2024-10-28T00:28:12.929+0000] {dag.py:4180} INFO - Setting next_dagrun for example_branch_dop_operator_v3 to 2024-10-28 00:27:00+00:00, run_after=2024-10-28 00:28:00+00:00
[2024-10-28T00:28:12.947+0000] {processor.py:208} INFO - Processing /home/airflow/.local/lib/python3.12/site-packages/airflow/example_dags/example_branch_python_dop_operator_3.py took 0.080 seconds
[2024-10-28T00:28:43.380+0000] {processor.py:186} INFO - Started process (PID=49325) to work on /home/airflow/.local/lib/python3.12/site-packages/airflow/example_dags/example_branch_python_dop_operator_3.py
[2024-10-28T00:28:43.381+0000] {processor.py:914} INFO - Processing file /home/airflow/.local/lib/python3.12/site-packages/airflow/example_dags/example_branch_python_dop_operator_3.py for tasks to queue
[2024-10-28T00:28:43.383+0000] {logging_mixin.py:190} INFO - [2024-10-28T00:28:43.383+0000] {dagbag.py:588} INFO - Filling up the DagBag from /home/airflow/.local/lib/python3.12/site-packages/airflow/example_dags/example_branch_python_dop_operator_3.py
[2024-10-28T00:28:43.391+0000] {processor.py:925} INFO - DAG(s) 'example_branch_dop_operator_v3' retrieved from /home/airflow/.local/lib/python3.12/site-packages/airflow/example_dags/example_branch_python_dop_operator_3.py
[2024-10-28T00:28:43.409+0000] {logging_mixin.py:190} INFO - [2024-10-28T00:28:43.409+0000] {dag.py:3239} INFO - Sync 1 DAGs
[2024-10-28T00:28:43.435+0000] {logging_mixin.py:190} INFO - [2024-10-28T00:28:43.434+0000] {dag.py:4180} INFO - Setting next_dagrun for example_branch_dop_operator_v3 to 2024-10-28 00:27:00+00:00, run_after=2024-10-28 00:28:00+00:00
[2024-10-28T00:28:43.453+0000] {processor.py:208} INFO - Processing /home/airflow/.local/lib/python3.12/site-packages/airflow/example_dags/example_branch_python_dop_operator_3.py took 0.078 seconds
[2024-10-28T00:29:14.278+0000] {processor.py:186} INFO - Started process (PID=49399) to work on /home/airflow/.local/lib/python3.12/site-packages/airflow/example_dags/example_branch_python_dop_operator_3.py
[2024-10-28T00:29:14.279+0000] {processor.py:914} INFO - Processing file /home/airflow/.local/lib/python3.12/site-packages/airflow/example_dags/example_branch_python_dop_operator_3.py for tasks to queue
[2024-10-28T00:29:14.281+0000] {logging_mixin.py:190} INFO - [2024-10-28T00:29:14.280+0000] {dagbag.py:588} INFO - Filling up the DagBag from /home/airflow/.local/lib/python3.12/site-packages/airflow/example_dags/example_branch_python_dop_operator_3.py
[2024-10-28T00:29:14.289+0000] {processor.py:925} INFO - DAG(s) 'example_branch_dop_operator_v3' retrieved from /home/airflow/.local/lib/python3.12/site-packages/airflow/example_dags/example_branch_python_dop_operator_3.py
[2024-10-28T00:29:14.307+0000] {logging_mixin.py:190} INFO - [2024-10-28T00:29:14.307+0000] {dag.py:3239} INFO - Sync 1 DAGs
[2024-10-28T00:29:14.332+0000] {logging_mixin.py:190} INFO - [2024-10-28T00:29:14.332+0000] {dag.py:4180} INFO - Setting next_dagrun for example_branch_dop_operator_v3 to 2024-10-28 00:28:00+00:00, run_after=2024-10-28 00:29:00+00:00
[2024-10-28T00:29:14.350+0000] {processor.py:208} INFO - Processing /home/airflow/.local/lib/python3.12/site-packages/airflow/example_dags/example_branch_python_dop_operator_3.py took 0.077 seconds
[2024-10-28T00:29:45.095+0000] {processor.py:186} INFO - Started process (PID=49473) to work on /home/airflow/.local/lib/python3.12/site-packages/airflow/example_dags/example_branch_python_dop_operator_3.py
[2024-10-28T00:29:45.096+0000] {processor.py:914} INFO - Processing file /home/airflow/.local/lib/python3.12/site-packages/airflow/example_dags/example_branch_python_dop_operator_3.py for tasks to queue
[2024-10-28T00:29:45.098+0000] {logging_mixin.py:190} INFO - [2024-10-28T00:29:45.098+0000] {dagbag.py:588} INFO - Filling up the DagBag from /home/airflow/.local/lib/python3.12/site-packages/airflow/example_dags/example_branch_python_dop_operator_3.py
[2024-10-28T00:29:45.106+0000] {processor.py:925} INFO - DAG(s) 'example_branch_dop_operator_v3' retrieved from /home/airflow/.local/lib/python3.12/site-packages/airflow/example_dags/example_branch_python_dop_operator_3.py
[2024-10-28T00:29:45.126+0000] {logging_mixin.py:190} INFO - [2024-10-28T00:29:45.126+0000] {dag.py:3239} INFO - Sync 1 DAGs
[2024-10-28T00:29:45.160+0000] {logging_mixin.py:190} INFO - [2024-10-28T00:29:45.160+0000] {dag.py:4180} INFO - Setting next_dagrun for example_branch_dop_operator_v3 to 2024-10-28 00:28:00+00:00, run_after=2024-10-28 00:29:00+00:00
[2024-10-28T00:29:45.186+0000] {processor.py:208} INFO - Processing /home/airflow/.local/lib/python3.12/site-packages/airflow/example_dags/example_branch_python_dop_operator_3.py took 0.096 seconds
[2024-10-28T00:30:16.006+0000] {processor.py:186} INFO - Started process (PID=49547) to work on /home/airflow/.local/lib/python3.12/site-packages/airflow/example_dags/example_branch_python_dop_operator_3.py
[2024-10-28T00:30:16.007+0000] {processor.py:914} INFO - Processing file /home/airflow/.local/lib/python3.12/site-packages/airflow/example_dags/example_branch_python_dop_operator_3.py for tasks to queue
[2024-10-28T00:30:16.009+0000] {logging_mixin.py:190} INFO - [2024-10-28T00:30:16.008+0000] {dagbag.py:588} INFO - Filling up the DagBag from /home/airflow/.local/lib/python3.12/site-packages/airflow/example_dags/example_branch_python_dop_operator_3.py
[2024-10-28T00:30:16.018+0000] {processor.py:925} INFO - DAG(s) 'example_branch_dop_operator_v3' retrieved from /home/airflow/.local/lib/python3.12/site-packages/airflow/example_dags/example_branch_python_dop_operator_3.py
[2024-10-28T00:30:16.037+0000] {logging_mixin.py:190} INFO - [2024-10-28T00:30:16.037+0000] {dag.py:3239} INFO - Sync 1 DAGs
[2024-10-28T00:30:16.064+0000] {logging_mixin.py:190} INFO - [2024-10-28T00:30:16.064+0000] {dag.py:4180} INFO - Setting next_dagrun for example_branch_dop_operator_v3 to 2024-10-28 00:29:00+00:00, run_after=2024-10-28 00:30:00+00:00
[2024-10-28T00:30:16.084+0000] {processor.py:208} INFO - Processing /home/airflow/.local/lib/python3.12/site-packages/airflow/example_dags/example_branch_python_dop_operator_3.py took 0.084 seconds
[2024-10-28T00:30:46.903+0000] {processor.py:186} INFO - Started process (PID=49621) to work on /home/airflow/.local/lib/python3.12/site-packages/airflow/example_dags/example_branch_python_dop_operator_3.py
[2024-10-28T00:30:46.904+0000] {processor.py:914} INFO - Processing file /home/airflow/.local/lib/python3.12/site-packages/airflow/example_dags/example_branch_python_dop_operator_3.py for tasks to queue
[2024-10-28T00:30:46.906+0000] {logging_mixin.py:190} INFO - [2024-10-28T00:30:46.906+0000] {dagbag.py:588} INFO - Filling up the DagBag from /home/airflow/.local/lib/python3.12/site-packages/airflow/example_dags/example_branch_python_dop_operator_3.py
[2024-10-28T00:30:46.914+0000] {processor.py:925} INFO - DAG(s) 'example_branch_dop_operator_v3' retrieved from /home/airflow/.local/lib/python3.12/site-packages/airflow/example_dags/example_branch_python_dop_operator_3.py
[2024-10-28T00:30:46.933+0000] {logging_mixin.py:190} INFO - [2024-10-28T00:30:46.932+0000] {dag.py:3239} INFO - Sync 1 DAGs
[2024-10-28T00:30:46.959+0000] {logging_mixin.py:190} INFO - [2024-10-28T00:30:46.959+0000] {dag.py:4180} INFO - Setting next_dagrun for example_branch_dop_operator_v3 to 2024-10-28 00:29:00+00:00, run_after=2024-10-28 00:30:00+00:00
[2024-10-28T00:30:46.978+0000] {processor.py:208} INFO - Processing /home/airflow/.local/lib/python3.12/site-packages/airflow/example_dags/example_branch_python_dop_operator_3.py took 0.080 seconds
[2024-10-28T00:31:17.679+0000] {processor.py:186} INFO - Started process (PID=49695) to work on /home/airflow/.local/lib/python3.12/site-packages/airflow/example_dags/example_branch_python_dop_operator_3.py
[2024-10-28T00:31:17.680+0000] {processor.py:914} INFO - Processing file /home/airflow/.local/lib/python3.12/site-packages/airflow/example_dags/example_branch_python_dop_operator_3.py for tasks to queue
[2024-10-28T00:31:17.682+0000] {logging_mixin.py:190} INFO - [2024-10-28T00:31:17.681+0000] {dagbag.py:588} INFO - Filling up the DagBag from /home/airflow/.local/lib/python3.12/site-packages/airflow/example_dags/example_branch_python_dop_operator_3.py
[2024-10-28T00:31:17.690+0000] {processor.py:925} INFO - DAG(s) 'example_branch_dop_operator_v3' retrieved from /home/airflow/.local/lib/python3.12/site-packages/airflow/example_dags/example_branch_python_dop_operator_3.py
[2024-10-28T00:31:17.709+0000] {logging_mixin.py:190} INFO - [2024-10-28T00:31:17.708+0000] {dag.py:3239} INFO - Sync 1 DAGs
[2024-10-28T00:31:17.733+0000] {logging_mixin.py:190} INFO - [2024-10-28T00:31:17.733+0000] {dag.py:4180} INFO - Setting next_dagrun for example_branch_dop_operator_v3 to 2024-10-28 00:30:00+00:00, run_after=2024-10-28 00:31:00+00:00
[2024-10-28T00:31:17.751+0000] {processor.py:208} INFO - Processing /home/airflow/.local/lib/python3.12/site-packages/airflow/example_dags/example_branch_python_dop_operator_3.py took 0.077 seconds
[2024-10-28T00:31:47.841+0000] {processor.py:186} INFO - Started process (PID=49769) to work on /home/airflow/.local/lib/python3.12/site-packages/airflow/example_dags/example_branch_python_dop_operator_3.py
[2024-10-28T00:31:47.842+0000] {processor.py:914} INFO - Processing file /home/airflow/.local/lib/python3.12/site-packages/airflow/example_dags/example_branch_python_dop_operator_3.py for tasks to queue
[2024-10-28T00:31:47.845+0000] {logging_mixin.py:190} INFO - [2024-10-28T00:31:47.845+0000] {dagbag.py:588} INFO - Filling up the DagBag from /home/airflow/.local/lib/python3.12/site-packages/airflow/example_dags/example_branch_python_dop_operator_3.py
[2024-10-28T00:31:47.858+0000] {processor.py:925} INFO - DAG(s) 'example_branch_dop_operator_v3' retrieved from /home/airflow/.local/lib/python3.12/site-packages/airflow/example_dags/example_branch_python_dop_operator_3.py
[2024-10-28T00:31:47.891+0000] {logging_mixin.py:190} INFO - [2024-10-28T00:31:47.890+0000] {dag.py:3239} INFO - Sync 1 DAGs
[2024-10-28T00:31:47.928+0000] {logging_mixin.py:190} INFO - [2024-10-28T00:31:47.928+0000] {dag.py:4180} INFO - Setting next_dagrun for example_branch_dop_operator_v3 to 2024-10-28 00:30:00+00:00, run_after=2024-10-28 00:31:00+00:00
[2024-10-28T00:31:47.955+0000] {processor.py:208} INFO - Processing /home/airflow/.local/lib/python3.12/site-packages/airflow/example_dags/example_branch_python_dop_operator_3.py took 0.122 seconds
[2024-10-28T00:32:18.680+0000] {processor.py:186} INFO - Started process (PID=49843) to work on /home/airflow/.local/lib/python3.12/site-packages/airflow/example_dags/example_branch_python_dop_operator_3.py
[2024-10-28T00:32:18.681+0000] {processor.py:914} INFO - Processing file /home/airflow/.local/lib/python3.12/site-packages/airflow/example_dags/example_branch_python_dop_operator_3.py for tasks to queue
[2024-10-28T00:32:18.683+0000] {logging_mixin.py:190} INFO - [2024-10-28T00:32:18.682+0000] {dagbag.py:588} INFO - Filling up the DagBag from /home/airflow/.local/lib/python3.12/site-packages/airflow/example_dags/example_branch_python_dop_operator_3.py
[2024-10-28T00:32:18.694+0000] {processor.py:925} INFO - DAG(s) 'example_branch_dop_operator_v3' retrieved from /home/airflow/.local/lib/python3.12/site-packages/airflow/example_dags/example_branch_python_dop_operator_3.py
[2024-10-28T00:32:18.714+0000] {logging_mixin.py:190} INFO - [2024-10-28T00:32:18.713+0000] {dag.py:3239} INFO - Sync 1 DAGs
[2024-10-28T00:32:18.744+0000] {logging_mixin.py:190} INFO - [2024-10-28T00:32:18.744+0000] {dag.py:4180} INFO - Setting next_dagrun for example_branch_dop_operator_v3 to 2024-10-28 00:31:00+00:00, run_after=2024-10-28 00:32:00+00:00
[2024-10-28T00:32:18.765+0000] {processor.py:208} INFO - Processing /home/airflow/.local/lib/python3.12/site-packages/airflow/example_dags/example_branch_python_dop_operator_3.py took 0.092 seconds
[2024-10-28T00:32:49.510+0000] {processor.py:186} INFO - Started process (PID=49917) to work on /home/airflow/.local/lib/python3.12/site-packages/airflow/example_dags/example_branch_python_dop_operator_3.py
[2024-10-28T00:32:49.511+0000] {processor.py:914} INFO - Processing file /home/airflow/.local/lib/python3.12/site-packages/airflow/example_dags/example_branch_python_dop_operator_3.py for tasks to queue
[2024-10-28T00:32:49.513+0000] {logging_mixin.py:190} INFO - [2024-10-28T00:32:49.512+0000] {dagbag.py:588} INFO - Filling up the DagBag from /home/airflow/.local/lib/python3.12/site-packages/airflow/example_dags/example_branch_python_dop_operator_3.py
[2024-10-28T00:32:49.521+0000] {processor.py:925} INFO - DAG(s) 'example_branch_dop_operator_v3' retrieved from /home/airflow/.local/lib/python3.12/site-packages/airflow/example_dags/example_branch_python_dop_operator_3.py
[2024-10-28T00:32:49.539+0000] {logging_mixin.py:190} INFO - [2024-10-28T00:32:49.539+0000] {dag.py:3239} INFO - Sync 1 DAGs
[2024-10-28T00:32:49.564+0000] {logging_mixin.py:190} INFO - [2024-10-28T00:32:49.564+0000] {dag.py:4180} INFO - Setting next_dagrun for example_branch_dop_operator_v3 to 2024-10-28 00:31:00+00:00, run_after=2024-10-28 00:32:00+00:00
[2024-10-28T00:32:49.583+0000] {processor.py:208} INFO - Processing /home/airflow/.local/lib/python3.12/site-packages/airflow/example_dags/example_branch_python_dop_operator_3.py took 0.079 seconds
[2024-10-28T00:33:20.285+0000] {processor.py:186} INFO - Started process (PID=49991) to work on /home/airflow/.local/lib/python3.12/site-packages/airflow/example_dags/example_branch_python_dop_operator_3.py
[2024-10-28T00:33:20.286+0000] {processor.py:914} INFO - Processing file /home/airflow/.local/lib/python3.12/site-packages/airflow/example_dags/example_branch_python_dop_operator_3.py for tasks to queue
[2024-10-28T00:33:20.287+0000] {logging_mixin.py:190} INFO - [2024-10-28T00:33:20.287+0000] {dagbag.py:588} INFO - Filling up the DagBag from /home/airflow/.local/lib/python3.12/site-packages/airflow/example_dags/example_branch_python_dop_operator_3.py
[2024-10-28T00:33:20.296+0000] {processor.py:925} INFO - DAG(s) 'example_branch_dop_operator_v3' retrieved from /home/airflow/.local/lib/python3.12/site-packages/airflow/example_dags/example_branch_python_dop_operator_3.py
[2024-10-28T00:33:20.315+0000] {logging_mixin.py:190} INFO - [2024-10-28T00:33:20.315+0000] {dag.py:3239} INFO - Sync 1 DAGs
[2024-10-28T00:33:20.340+0000] {logging_mixin.py:190} INFO - [2024-10-28T00:33:20.340+0000] {dag.py:4180} INFO - Setting next_dagrun for example_branch_dop_operator_v3 to 2024-10-28 00:32:00+00:00, run_after=2024-10-28 00:33:00+00:00
[2024-10-28T00:33:20.358+0000] {processor.py:208} INFO - Processing /home/airflow/.local/lib/python3.12/site-packages/airflow/example_dags/example_branch_python_dop_operator_3.py took 0.079 seconds
[2024-10-28T00:33:51.091+0000] {processor.py:186} INFO - Started process (PID=50065) to work on /home/airflow/.local/lib/python3.12/site-packages/airflow/example_dags/example_branch_python_dop_operator_3.py
[2024-10-28T00:33:51.092+0000] {processor.py:914} INFO - Processing file /home/airflow/.local/lib/python3.12/site-packages/airflow/example_dags/example_branch_python_dop_operator_3.py for tasks to queue
[2024-10-28T00:33:51.094+0000] {logging_mixin.py:190} INFO - [2024-10-28T00:33:51.093+0000] {dagbag.py:588} INFO - Filling up the DagBag from /home/airflow/.local/lib/python3.12/site-packages/airflow/example_dags/example_branch_python_dop_operator_3.py
[2024-10-28T00:33:51.103+0000] {processor.py:925} INFO - DAG(s) 'example_branch_dop_operator_v3' retrieved from /home/airflow/.local/lib/python3.12/site-packages/airflow/example_dags/example_branch_python_dop_operator_3.py
[2024-10-28T00:33:51.121+0000] {logging_mixin.py:190} INFO - [2024-10-28T00:33:51.121+0000] {dag.py:3239} INFO - Sync 1 DAGs
[2024-10-28T00:33:51.146+0000] {logging_mixin.py:190} INFO - [2024-10-28T00:33:51.146+0000] {dag.py:4180} INFO - Setting next_dagrun for example_branch_dop_operator_v3 to 2024-10-28 00:32:00+00:00, run_after=2024-10-28 00:33:00+00:00
[2024-10-28T00:33:51.164+0000] {processor.py:208} INFO - Processing /home/airflow/.local/lib/python3.12/site-packages/airflow/example_dags/example_branch_python_dop_operator_3.py took 0.079 seconds
