[2024-10-28T00:00:25.926+0000] {processor.py:186} INFO - Started process (PID=45220) to work on /home/airflow/.local/lib/python3.12/site-packages/airflow/example_dags/example_branch_operator.py
[2024-10-28T00:00:25.927+0000] {processor.py:914} INFO - Processing file /home/airflow/.local/lib/python3.12/site-packages/airflow/example_dags/example_branch_operator.py for tasks to queue
[2024-10-28T00:00:25.929+0000] {logging_mixin.py:190} INFO - [2024-10-28T00:00:25.928+0000] {dagbag.py:588} INFO - Filling up the DagBag from /home/airflow/.local/lib/python3.12/site-packages/airflow/example_dags/example_branch_operator.py
[2024-10-28T00:00:25.946+0000] {processor.py:925} INFO - DAG(s) 'example_branch_operator' retrieved from /home/airflow/.local/lib/python3.12/site-packages/airflow/example_dags/example_branch_operator.py
[2024-10-28T00:00:25.975+0000] {logging_mixin.py:190} INFO - [2024-10-28T00:00:25.974+0000] {dag.py:3239} INFO - Sync 1 DAGs
[2024-10-28T00:00:25.999+0000] {logging_mixin.py:190} INFO - [2024-10-28T00:00:25.999+0000] {dag.py:4180} INFO - Setting next_dagrun for example_branch_operator to 2024-10-27 00:00:00+00:00, run_after=2024-10-28 00:00:00+00:00
[2024-10-28T00:00:26.020+0000] {processor.py:208} INFO - Processing /home/airflow/.local/lib/python3.12/site-packages/airflow/example_dags/example_branch_operator.py took 0.100 seconds
[2024-10-28T00:00:56.487+0000] {processor.py:186} INFO - Started process (PID=45294) to work on /home/airflow/.local/lib/python3.12/site-packages/airflow/example_dags/example_branch_operator.py
[2024-10-28T00:00:56.488+0000] {processor.py:914} INFO - Processing file /home/airflow/.local/lib/python3.12/site-packages/airflow/example_dags/example_branch_operator.py for tasks to queue
[2024-10-28T00:00:56.489+0000] {logging_mixin.py:190} INFO - [2024-10-28T00:00:56.489+0000] {dagbag.py:588} INFO - Filling up the DagBag from /home/airflow/.local/lib/python3.12/site-packages/airflow/example_dags/example_branch_operator.py
[2024-10-28T00:00:56.508+0000] {processor.py:925} INFO - DAG(s) 'example_branch_operator' retrieved from /home/airflow/.local/lib/python3.12/site-packages/airflow/example_dags/example_branch_operator.py
[2024-10-28T00:00:56.541+0000] {logging_mixin.py:190} INFO - [2024-10-28T00:00:56.541+0000] {dag.py:3239} INFO - Sync 1 DAGs
[2024-10-28T00:00:56.567+0000] {logging_mixin.py:190} INFO - [2024-10-28T00:00:56.567+0000] {dag.py:4180} INFO - Setting next_dagrun for example_branch_operator to 2024-10-27 00:00:00+00:00, run_after=2024-10-28 00:00:00+00:00
[2024-10-28T00:00:56.593+0000] {processor.py:208} INFO - Processing /home/airflow/.local/lib/python3.12/site-packages/airflow/example_dags/example_branch_operator.py took 0.112 seconds
[2024-10-28T00:01:27.685+0000] {processor.py:186} INFO - Started process (PID=45368) to work on /home/airflow/.local/lib/python3.12/site-packages/airflow/example_dags/example_branch_operator.py
[2024-10-28T00:01:27.686+0000] {processor.py:914} INFO - Processing file /home/airflow/.local/lib/python3.12/site-packages/airflow/example_dags/example_branch_operator.py for tasks to queue
[2024-10-28T00:01:27.687+0000] {logging_mixin.py:190} INFO - [2024-10-28T00:01:27.687+0000] {dagbag.py:588} INFO - Filling up the DagBag from /home/airflow/.local/lib/python3.12/site-packages/airflow/example_dags/example_branch_operator.py
[2024-10-28T00:01:27.709+0000] {processor.py:925} INFO - DAG(s) 'example_branch_operator' retrieved from /home/airflow/.local/lib/python3.12/site-packages/airflow/example_dags/example_branch_operator.py
[2024-10-28T00:01:27.748+0000] {logging_mixin.py:190} INFO - [2024-10-28T00:01:27.748+0000] {dag.py:3239} INFO - Sync 1 DAGs
[2024-10-28T00:01:27.783+0000] {logging_mixin.py:190} INFO - [2024-10-28T00:01:27.782+0000] {dag.py:4180} INFO - Setting next_dagrun for example_branch_operator to 2024-10-27 00:00:00+00:00, run_after=2024-10-28 00:00:00+00:00
[2024-10-28T00:01:27.807+0000] {processor.py:208} INFO - Processing /home/airflow/.local/lib/python3.12/site-packages/airflow/example_dags/example_branch_operator.py took 0.130 seconds
[2024-10-28T00:01:58.551+0000] {processor.py:186} INFO - Started process (PID=45442) to work on /home/airflow/.local/lib/python3.12/site-packages/airflow/example_dags/example_branch_operator.py
[2024-10-28T00:01:58.552+0000] {processor.py:914} INFO - Processing file /home/airflow/.local/lib/python3.12/site-packages/airflow/example_dags/example_branch_operator.py for tasks to queue
[2024-10-28T00:01:58.554+0000] {logging_mixin.py:190} INFO - [2024-10-28T00:01:58.553+0000] {dagbag.py:588} INFO - Filling up the DagBag from /home/airflow/.local/lib/python3.12/site-packages/airflow/example_dags/example_branch_operator.py
[2024-10-28T00:01:58.574+0000] {processor.py:925} INFO - DAG(s) 'example_branch_operator' retrieved from /home/airflow/.local/lib/python3.12/site-packages/airflow/example_dags/example_branch_operator.py
[2024-10-28T00:01:58.606+0000] {logging_mixin.py:190} INFO - [2024-10-28T00:01:58.605+0000] {dag.py:3239} INFO - Sync 1 DAGs
[2024-10-28T00:01:58.631+0000] {logging_mixin.py:190} INFO - [2024-10-28T00:01:58.630+0000] {dag.py:4180} INFO - Setting next_dagrun for example_branch_operator to 2024-10-27 00:00:00+00:00, run_after=2024-10-28 00:00:00+00:00
[2024-10-28T00:01:58.649+0000] {processor.py:208} INFO - Processing /home/airflow/.local/lib/python3.12/site-packages/airflow/example_dags/example_branch_operator.py took 0.105 seconds
[2024-10-28T00:02:29.729+0000] {processor.py:186} INFO - Started process (PID=45516) to work on /home/airflow/.local/lib/python3.12/site-packages/airflow/example_dags/example_branch_operator.py
[2024-10-28T00:02:29.730+0000] {processor.py:914} INFO - Processing file /home/airflow/.local/lib/python3.12/site-packages/airflow/example_dags/example_branch_operator.py for tasks to queue
[2024-10-28T00:02:29.731+0000] {logging_mixin.py:190} INFO - [2024-10-28T00:02:29.731+0000] {dagbag.py:588} INFO - Filling up the DagBag from /home/airflow/.local/lib/python3.12/site-packages/airflow/example_dags/example_branch_operator.py
[2024-10-28T00:02:29.749+0000] {processor.py:925} INFO - DAG(s) 'example_branch_operator' retrieved from /home/airflow/.local/lib/python3.12/site-packages/airflow/example_dags/example_branch_operator.py
[2024-10-28T00:02:29.783+0000] {logging_mixin.py:190} INFO - [2024-10-28T00:02:29.783+0000] {dag.py:3239} INFO - Sync 1 DAGs
[2024-10-28T00:02:29.811+0000] {logging_mixin.py:190} INFO - [2024-10-28T00:02:29.810+0000] {dag.py:4180} INFO - Setting next_dagrun for example_branch_operator to 2024-10-27 00:00:00+00:00, run_after=2024-10-28 00:00:00+00:00
[2024-10-28T00:02:29.829+0000] {processor.py:208} INFO - Processing /home/airflow/.local/lib/python3.12/site-packages/airflow/example_dags/example_branch_operator.py took 0.106 seconds
[2024-10-28T00:02:59.958+0000] {processor.py:186} INFO - Started process (PID=45590) to work on /home/airflow/.local/lib/python3.12/site-packages/airflow/example_dags/example_branch_operator.py
[2024-10-28T00:02:59.969+0000] {processor.py:914} INFO - Processing file /home/airflow/.local/lib/python3.12/site-packages/airflow/example_dags/example_branch_operator.py for tasks to queue
[2024-10-28T00:02:59.972+0000] {logging_mixin.py:190} INFO - [2024-10-28T00:02:59.972+0000] {dagbag.py:588} INFO - Filling up the DagBag from /home/airflow/.local/lib/python3.12/site-packages/airflow/example_dags/example_branch_operator.py
[2024-10-28T00:02:59.996+0000] {processor.py:925} INFO - DAG(s) 'example_branch_operator' retrieved from /home/airflow/.local/lib/python3.12/site-packages/airflow/example_dags/example_branch_operator.py
[2024-10-28T00:03:00.028+0000] {logging_mixin.py:190} INFO - [2024-10-28T00:03:00.027+0000] {dag.py:3239} INFO - Sync 1 DAGs
[2024-10-28T00:03:00.056+0000] {logging_mixin.py:190} INFO - [2024-10-28T00:03:00.055+0000] {dag.py:4180} INFO - Setting next_dagrun for example_branch_operator to 2024-10-27 00:00:00+00:00, run_after=2024-10-28 00:00:00+00:00
[2024-10-28T00:03:00.074+0000] {processor.py:208} INFO - Processing /home/airflow/.local/lib/python3.12/site-packages/airflow/example_dags/example_branch_operator.py took 0.124 seconds
[2024-10-28T00:03:30.117+0000] {processor.py:186} INFO - Started process (PID=45652) to work on /home/airflow/.local/lib/python3.12/site-packages/airflow/example_dags/example_branch_operator.py
[2024-10-28T00:03:30.118+0000] {processor.py:914} INFO - Processing file /home/airflow/.local/lib/python3.12/site-packages/airflow/example_dags/example_branch_operator.py for tasks to queue
[2024-10-28T00:03:30.120+0000] {logging_mixin.py:190} INFO - [2024-10-28T00:03:30.119+0000] {dagbag.py:588} INFO - Filling up the DagBag from /home/airflow/.local/lib/python3.12/site-packages/airflow/example_dags/example_branch_operator.py
[2024-10-28T00:03:30.138+0000] {processor.py:925} INFO - DAG(s) 'example_branch_operator' retrieved from /home/airflow/.local/lib/python3.12/site-packages/airflow/example_dags/example_branch_operator.py
[2024-10-28T00:03:30.168+0000] {logging_mixin.py:190} INFO - [2024-10-28T00:03:30.167+0000] {dag.py:3239} INFO - Sync 1 DAGs
[2024-10-28T00:03:30.198+0000] {logging_mixin.py:190} INFO - [2024-10-28T00:03:30.198+0000] {dag.py:4180} INFO - Setting next_dagrun for example_branch_operator to 2024-10-27 00:00:00+00:00, run_after=2024-10-28 00:00:00+00:00
[2024-10-28T00:03:30.218+0000] {processor.py:208} INFO - Processing /home/airflow/.local/lib/python3.12/site-packages/airflow/example_dags/example_branch_operator.py took 0.107 seconds
[2024-10-28T00:04:00.355+0000] {processor.py:186} INFO - Started process (PID=45726) to work on /home/airflow/.local/lib/python3.12/site-packages/airflow/example_dags/example_branch_operator.py
[2024-10-28T00:04:00.356+0000] {processor.py:914} INFO - Processing file /home/airflow/.local/lib/python3.12/site-packages/airflow/example_dags/example_branch_operator.py for tasks to queue
[2024-10-28T00:04:00.358+0000] {logging_mixin.py:190} INFO - [2024-10-28T00:04:00.358+0000] {dagbag.py:588} INFO - Filling up the DagBag from /home/airflow/.local/lib/python3.12/site-packages/airflow/example_dags/example_branch_operator.py
[2024-10-28T00:04:00.377+0000] {processor.py:925} INFO - DAG(s) 'example_branch_operator' retrieved from /home/airflow/.local/lib/python3.12/site-packages/airflow/example_dags/example_branch_operator.py
[2024-10-28T00:04:00.407+0000] {logging_mixin.py:190} INFO - [2024-10-28T00:04:00.406+0000] {dag.py:3239} INFO - Sync 1 DAGs
[2024-10-28T00:04:00.431+0000] {logging_mixin.py:190} INFO - [2024-10-28T00:04:00.431+0000] {dag.py:4180} INFO - Setting next_dagrun for example_branch_operator to 2024-10-27 00:00:00+00:00, run_after=2024-10-28 00:00:00+00:00
[2024-10-28T00:04:00.449+0000] {processor.py:208} INFO - Processing /home/airflow/.local/lib/python3.12/site-packages/airflow/example_dags/example_branch_operator.py took 0.100 seconds
[2024-10-28T00:04:30.680+0000] {processor.py:186} INFO - Started process (PID=45800) to work on /home/airflow/.local/lib/python3.12/site-packages/airflow/example_dags/example_branch_operator.py
[2024-10-28T00:04:30.681+0000] {processor.py:914} INFO - Processing file /home/airflow/.local/lib/python3.12/site-packages/airflow/example_dags/example_branch_operator.py for tasks to queue
[2024-10-28T00:04:30.682+0000] {logging_mixin.py:190} INFO - [2024-10-28T00:04:30.682+0000] {dagbag.py:588} INFO - Filling up the DagBag from /home/airflow/.local/lib/python3.12/site-packages/airflow/example_dags/example_branch_operator.py
[2024-10-28T00:04:30.701+0000] {processor.py:925} INFO - DAG(s) 'example_branch_operator' retrieved from /home/airflow/.local/lib/python3.12/site-packages/airflow/example_dags/example_branch_operator.py
[2024-10-28T00:04:30.733+0000] {logging_mixin.py:190} INFO - [2024-10-28T00:04:30.732+0000] {dag.py:3239} INFO - Sync 1 DAGs
[2024-10-28T00:04:30.760+0000] {logging_mixin.py:190} INFO - [2024-10-28T00:04:30.760+0000] {dag.py:4180} INFO - Setting next_dagrun for example_branch_operator to 2024-10-27 00:00:00+00:00, run_after=2024-10-28 00:00:00+00:00
[2024-10-28T00:04:30.780+0000] {processor.py:208} INFO - Processing /home/airflow/.local/lib/python3.12/site-packages/airflow/example_dags/example_branch_operator.py took 0.107 seconds
[2024-10-28T00:05:01.121+0000] {processor.py:186} INFO - Started process (PID=45874) to work on /home/airflow/.local/lib/python3.12/site-packages/airflow/example_dags/example_branch_operator.py
[2024-10-28T00:05:01.122+0000] {processor.py:914} INFO - Processing file /home/airflow/.local/lib/python3.12/site-packages/airflow/example_dags/example_branch_operator.py for tasks to queue
[2024-10-28T00:05:01.124+0000] {logging_mixin.py:190} INFO - [2024-10-28T00:05:01.124+0000] {dagbag.py:588} INFO - Filling up the DagBag from /home/airflow/.local/lib/python3.12/site-packages/airflow/example_dags/example_branch_operator.py
[2024-10-28T00:05:01.147+0000] {processor.py:925} INFO - DAG(s) 'example_branch_operator' retrieved from /home/airflow/.local/lib/python3.12/site-packages/airflow/example_dags/example_branch_operator.py
[2024-10-28T00:05:01.182+0000] {logging_mixin.py:190} INFO - [2024-10-28T00:05:01.182+0000] {dag.py:3239} INFO - Sync 1 DAGs
[2024-10-28T00:05:01.213+0000] {logging_mixin.py:190} INFO - [2024-10-28T00:05:01.213+0000] {dag.py:4180} INFO - Setting next_dagrun for example_branch_operator to 2024-10-27 00:00:00+00:00, run_after=2024-10-28 00:00:00+00:00
[2024-10-28T00:05:01.240+0000] {processor.py:208} INFO - Processing /home/airflow/.local/lib/python3.12/site-packages/airflow/example_dags/example_branch_operator.py took 0.128 seconds
[2024-10-28T00:05:31.439+0000] {processor.py:186} INFO - Started process (PID=45948) to work on /home/airflow/.local/lib/python3.12/site-packages/airflow/example_dags/example_branch_operator.py
[2024-10-28T00:05:31.440+0000] {processor.py:914} INFO - Processing file /home/airflow/.local/lib/python3.12/site-packages/airflow/example_dags/example_branch_operator.py for tasks to queue
[2024-10-28T00:05:31.441+0000] {logging_mixin.py:190} INFO - [2024-10-28T00:05:31.441+0000] {dagbag.py:588} INFO - Filling up the DagBag from /home/airflow/.local/lib/python3.12/site-packages/airflow/example_dags/example_branch_operator.py
[2024-10-28T00:05:31.460+0000] {processor.py:925} INFO - DAG(s) 'example_branch_operator' retrieved from /home/airflow/.local/lib/python3.12/site-packages/airflow/example_dags/example_branch_operator.py
[2024-10-28T00:05:31.494+0000] {logging_mixin.py:190} INFO - [2024-10-28T00:05:31.494+0000] {dag.py:3239} INFO - Sync 1 DAGs
[2024-10-28T00:05:31.522+0000] {logging_mixin.py:190} INFO - [2024-10-28T00:05:31.521+0000] {dag.py:4180} INFO - Setting next_dagrun for example_branch_operator to 2024-10-27 00:00:00+00:00, run_after=2024-10-28 00:00:00+00:00
[2024-10-28T00:05:31.546+0000] {processor.py:208} INFO - Processing /home/airflow/.local/lib/python3.12/site-packages/airflow/example_dags/example_branch_operator.py took 0.114 seconds
[2024-10-28T00:06:01.744+0000] {processor.py:186} INFO - Started process (PID=46022) to work on /home/airflow/.local/lib/python3.12/site-packages/airflow/example_dags/example_branch_operator.py
[2024-10-28T00:06:01.746+0000] {processor.py:914} INFO - Processing file /home/airflow/.local/lib/python3.12/site-packages/airflow/example_dags/example_branch_operator.py for tasks to queue
[2024-10-28T00:06:01.748+0000] {logging_mixin.py:190} INFO - [2024-10-28T00:06:01.747+0000] {dagbag.py:588} INFO - Filling up the DagBag from /home/airflow/.local/lib/python3.12/site-packages/airflow/example_dags/example_branch_operator.py
[2024-10-28T00:06:01.767+0000] {processor.py:925} INFO - DAG(s) 'example_branch_operator' retrieved from /home/airflow/.local/lib/python3.12/site-packages/airflow/example_dags/example_branch_operator.py
[2024-10-28T00:06:01.800+0000] {logging_mixin.py:190} INFO - [2024-10-28T00:06:01.800+0000] {dag.py:3239} INFO - Sync 1 DAGs
[2024-10-28T00:06:01.826+0000] {logging_mixin.py:190} INFO - [2024-10-28T00:06:01.826+0000] {dag.py:4180} INFO - Setting next_dagrun for example_branch_operator to 2024-10-27 00:00:00+00:00, run_after=2024-10-28 00:00:00+00:00
[2024-10-28T00:06:01.851+0000] {processor.py:208} INFO - Processing /home/airflow/.local/lib/python3.12/site-packages/airflow/example_dags/example_branch_operator.py took 0.113 seconds
[2024-10-28T00:06:32.326+0000] {processor.py:186} INFO - Started process (PID=46096) to work on /home/airflow/.local/lib/python3.12/site-packages/airflow/example_dags/example_branch_operator.py
[2024-10-28T00:06:32.327+0000] {processor.py:914} INFO - Processing file /home/airflow/.local/lib/python3.12/site-packages/airflow/example_dags/example_branch_operator.py for tasks to queue
[2024-10-28T00:06:32.328+0000] {logging_mixin.py:190} INFO - [2024-10-28T00:06:32.328+0000] {dagbag.py:588} INFO - Filling up the DagBag from /home/airflow/.local/lib/python3.12/site-packages/airflow/example_dags/example_branch_operator.py
[2024-10-28T00:06:32.345+0000] {processor.py:925} INFO - DAG(s) 'example_branch_operator' retrieved from /home/airflow/.local/lib/python3.12/site-packages/airflow/example_dags/example_branch_operator.py
[2024-10-28T00:06:32.373+0000] {logging_mixin.py:190} INFO - [2024-10-28T00:06:32.373+0000] {dag.py:3239} INFO - Sync 1 DAGs
[2024-10-28T00:06:32.407+0000] {logging_mixin.py:190} INFO - [2024-10-28T00:06:32.407+0000] {dag.py:4180} INFO - Setting next_dagrun for example_branch_operator to 2024-10-27 00:00:00+00:00, run_after=2024-10-28 00:00:00+00:00
[2024-10-28T00:06:32.426+0000] {processor.py:208} INFO - Processing /home/airflow/.local/lib/python3.12/site-packages/airflow/example_dags/example_branch_operator.py took 0.106 seconds
[2024-10-28T00:07:02.923+0000] {processor.py:186} INFO - Started process (PID=46170) to work on /home/airflow/.local/lib/python3.12/site-packages/airflow/example_dags/example_branch_operator.py
[2024-10-28T00:07:02.924+0000] {processor.py:914} INFO - Processing file /home/airflow/.local/lib/python3.12/site-packages/airflow/example_dags/example_branch_operator.py for tasks to queue
[2024-10-28T00:07:02.925+0000] {logging_mixin.py:190} INFO - [2024-10-28T00:07:02.925+0000] {dagbag.py:588} INFO - Filling up the DagBag from /home/airflow/.local/lib/python3.12/site-packages/airflow/example_dags/example_branch_operator.py
[2024-10-28T00:07:02.943+0000] {processor.py:925} INFO - DAG(s) 'example_branch_operator' retrieved from /home/airflow/.local/lib/python3.12/site-packages/airflow/example_dags/example_branch_operator.py
[2024-10-28T00:07:02.972+0000] {logging_mixin.py:190} INFO - [2024-10-28T00:07:02.972+0000] {dag.py:3239} INFO - Sync 1 DAGs
[2024-10-28T00:07:02.996+0000] {logging_mixin.py:190} INFO - [2024-10-28T00:07:02.995+0000] {dag.py:4180} INFO - Setting next_dagrun for example_branch_operator to 2024-10-27 00:00:00+00:00, run_after=2024-10-28 00:00:00+00:00
[2024-10-28T00:07:03.017+0000] {processor.py:208} INFO - Processing /home/airflow/.local/lib/python3.12/site-packages/airflow/example_dags/example_branch_operator.py took 0.100 seconds
[2024-10-28T00:07:33.747+0000] {processor.py:186} INFO - Started process (PID=46244) to work on /home/airflow/.local/lib/python3.12/site-packages/airflow/example_dags/example_branch_operator.py
[2024-10-28T00:07:33.749+0000] {processor.py:914} INFO - Processing file /home/airflow/.local/lib/python3.12/site-packages/airflow/example_dags/example_branch_operator.py for tasks to queue
[2024-10-28T00:07:33.752+0000] {logging_mixin.py:190} INFO - [2024-10-28T00:07:33.752+0000] {dagbag.py:588} INFO - Filling up the DagBag from /home/airflow/.local/lib/python3.12/site-packages/airflow/example_dags/example_branch_operator.py
[2024-10-28T00:07:33.778+0000] {processor.py:925} INFO - DAG(s) 'example_branch_operator' retrieved from /home/airflow/.local/lib/python3.12/site-packages/airflow/example_dags/example_branch_operator.py
[2024-10-28T00:07:33.810+0000] {logging_mixin.py:190} INFO - [2024-10-28T00:07:33.810+0000] {dag.py:3239} INFO - Sync 1 DAGs
[2024-10-28T00:07:33.834+0000] {logging_mixin.py:190} INFO - [2024-10-28T00:07:33.834+0000] {dag.py:4180} INFO - Setting next_dagrun for example_branch_operator to 2024-10-27 00:00:00+00:00, run_after=2024-10-28 00:00:00+00:00
[2024-10-28T00:07:33.854+0000] {processor.py:208} INFO - Processing /home/airflow/.local/lib/python3.12/site-packages/airflow/example_dags/example_branch_operator.py took 0.114 seconds
[2024-10-28T00:08:04.318+0000] {processor.py:186} INFO - Started process (PID=46319) to work on /home/airflow/.local/lib/python3.12/site-packages/airflow/example_dags/example_branch_operator.py
[2024-10-28T00:08:04.319+0000] {processor.py:914} INFO - Processing file /home/airflow/.local/lib/python3.12/site-packages/airflow/example_dags/example_branch_operator.py for tasks to queue
[2024-10-28T00:08:04.321+0000] {logging_mixin.py:190} INFO - [2024-10-28T00:08:04.320+0000] {dagbag.py:588} INFO - Filling up the DagBag from /home/airflow/.local/lib/python3.12/site-packages/airflow/example_dags/example_branch_operator.py
[2024-10-28T00:08:04.340+0000] {processor.py:925} INFO - DAG(s) 'example_branch_operator' retrieved from /home/airflow/.local/lib/python3.12/site-packages/airflow/example_dags/example_branch_operator.py
[2024-10-28T00:08:04.368+0000] {logging_mixin.py:190} INFO - [2024-10-28T00:08:04.368+0000] {dag.py:3239} INFO - Sync 1 DAGs
[2024-10-28T00:08:04.392+0000] {logging_mixin.py:190} INFO - [2024-10-28T00:08:04.392+0000] {dag.py:4180} INFO - Setting next_dagrun for example_branch_operator to 2024-10-27 00:00:00+00:00, run_after=2024-10-28 00:00:00+00:00
[2024-10-28T00:08:04.411+0000] {processor.py:208} INFO - Processing /home/airflow/.local/lib/python3.12/site-packages/airflow/example_dags/example_branch_operator.py took 0.100 seconds
[2024-10-28T00:08:34.924+0000] {processor.py:186} INFO - Started process (PID=46393) to work on /home/airflow/.local/lib/python3.12/site-packages/airflow/example_dags/example_branch_operator.py
[2024-10-28T00:08:34.925+0000] {processor.py:914} INFO - Processing file /home/airflow/.local/lib/python3.12/site-packages/airflow/example_dags/example_branch_operator.py for tasks to queue
[2024-10-28T00:08:34.928+0000] {logging_mixin.py:190} INFO - [2024-10-28T00:08:34.927+0000] {dagbag.py:588} INFO - Filling up the DagBag from /home/airflow/.local/lib/python3.12/site-packages/airflow/example_dags/example_branch_operator.py
[2024-10-28T00:08:34.955+0000] {processor.py:925} INFO - DAG(s) 'example_branch_operator' retrieved from /home/airflow/.local/lib/python3.12/site-packages/airflow/example_dags/example_branch_operator.py
[2024-10-28T00:08:34.989+0000] {logging_mixin.py:190} INFO - [2024-10-28T00:08:34.989+0000] {dag.py:3239} INFO - Sync 1 DAGs
[2024-10-28T00:08:35.020+0000] {logging_mixin.py:190} INFO - [2024-10-28T00:08:35.019+0000] {dag.py:4180} INFO - Setting next_dagrun for example_branch_operator to 2024-10-27 00:00:00+00:00, run_after=2024-10-28 00:00:00+00:00
[2024-10-28T00:08:35.042+0000] {processor.py:208} INFO - Processing /home/airflow/.local/lib/python3.12/site-packages/airflow/example_dags/example_branch_operator.py took 0.125 seconds
[2024-10-28T00:09:05.721+0000] {processor.py:186} INFO - Started process (PID=46467) to work on /home/airflow/.local/lib/python3.12/site-packages/airflow/example_dags/example_branch_operator.py
[2024-10-28T00:09:05.722+0000] {processor.py:914} INFO - Processing file /home/airflow/.local/lib/python3.12/site-packages/airflow/example_dags/example_branch_operator.py for tasks to queue
[2024-10-28T00:09:05.724+0000] {logging_mixin.py:190} INFO - [2024-10-28T00:09:05.723+0000] {dagbag.py:588} INFO - Filling up the DagBag from /home/airflow/.local/lib/python3.12/site-packages/airflow/example_dags/example_branch_operator.py
[2024-10-28T00:09:05.741+0000] {processor.py:925} INFO - DAG(s) 'example_branch_operator' retrieved from /home/airflow/.local/lib/python3.12/site-packages/airflow/example_dags/example_branch_operator.py
[2024-10-28T00:09:05.772+0000] {logging_mixin.py:190} INFO - [2024-10-28T00:09:05.772+0000] {dag.py:3239} INFO - Sync 1 DAGs
[2024-10-28T00:09:05.799+0000] {logging_mixin.py:190} INFO - [2024-10-28T00:09:05.799+0000] {dag.py:4180} INFO - Setting next_dagrun for example_branch_operator to 2024-10-27 00:00:00+00:00, run_after=2024-10-28 00:00:00+00:00
[2024-10-28T00:09:05.826+0000] {processor.py:208} INFO - Processing /home/airflow/.local/lib/python3.12/site-packages/airflow/example_dags/example_branch_operator.py took 0.111 seconds
[2024-10-28T00:09:36.325+0000] {processor.py:186} INFO - Started process (PID=46541) to work on /home/airflow/.local/lib/python3.12/site-packages/airflow/example_dags/example_branch_operator.py
[2024-10-28T00:09:36.326+0000] {processor.py:914} INFO - Processing file /home/airflow/.local/lib/python3.12/site-packages/airflow/example_dags/example_branch_operator.py for tasks to queue
[2024-10-28T00:09:36.329+0000] {logging_mixin.py:190} INFO - [2024-10-28T00:09:36.328+0000] {dagbag.py:588} INFO - Filling up the DagBag from /home/airflow/.local/lib/python3.12/site-packages/airflow/example_dags/example_branch_operator.py
[2024-10-28T00:09:36.349+0000] {processor.py:925} INFO - DAG(s) 'example_branch_operator' retrieved from /home/airflow/.local/lib/python3.12/site-packages/airflow/example_dags/example_branch_operator.py
[2024-10-28T00:09:36.379+0000] {logging_mixin.py:190} INFO - [2024-10-28T00:09:36.378+0000] {dag.py:3239} INFO - Sync 1 DAGs
[2024-10-28T00:09:36.422+0000] {logging_mixin.py:190} INFO - [2024-10-28T00:09:36.421+0000] {dag.py:4180} INFO - Setting next_dagrun for example_branch_operator to 2024-10-27 00:00:00+00:00, run_after=2024-10-28 00:00:00+00:00
[2024-10-28T00:09:36.451+0000] {processor.py:208} INFO - Processing /home/airflow/.local/lib/python3.12/site-packages/airflow/example_dags/example_branch_operator.py took 0.133 seconds
[2024-10-28T00:10:06.652+0000] {processor.py:186} INFO - Started process (PID=46621) to work on /home/airflow/.local/lib/python3.12/site-packages/airflow/example_dags/example_branch_operator.py
[2024-10-28T00:10:06.653+0000] {processor.py:914} INFO - Processing file /home/airflow/.local/lib/python3.12/site-packages/airflow/example_dags/example_branch_operator.py for tasks to queue
[2024-10-28T00:10:06.655+0000] {logging_mixin.py:190} INFO - [2024-10-28T00:10:06.655+0000] {dagbag.py:588} INFO - Filling up the DagBag from /home/airflow/.local/lib/python3.12/site-packages/airflow/example_dags/example_branch_operator.py
[2024-10-28T00:10:06.674+0000] {processor.py:925} INFO - DAG(s) 'example_branch_operator' retrieved from /home/airflow/.local/lib/python3.12/site-packages/airflow/example_dags/example_branch_operator.py
[2024-10-28T00:10:06.715+0000] {logging_mixin.py:190} INFO - [2024-10-28T00:10:06.714+0000] {dag.py:3239} INFO - Sync 1 DAGs
[2024-10-28T00:10:06.740+0000] {logging_mixin.py:190} INFO - [2024-10-28T00:10:06.739+0000] {dag.py:4180} INFO - Setting next_dagrun for example_branch_operator to 2024-10-27 00:00:00+00:00, run_after=2024-10-28 00:00:00+00:00
[2024-10-28T00:10:06.767+0000] {processor.py:208} INFO - Processing /home/airflow/.local/lib/python3.12/site-packages/airflow/example_dags/example_branch_operator.py took 0.120 seconds
[2024-10-28T00:10:36.897+0000] {processor.py:186} INFO - Started process (PID=46695) to work on /home/airflow/.local/lib/python3.12/site-packages/airflow/example_dags/example_branch_operator.py
[2024-10-28T00:10:36.898+0000] {processor.py:914} INFO - Processing file /home/airflow/.local/lib/python3.12/site-packages/airflow/example_dags/example_branch_operator.py for tasks to queue
[2024-10-28T00:10:36.900+0000] {logging_mixin.py:190} INFO - [2024-10-28T00:10:36.900+0000] {dagbag.py:588} INFO - Filling up the DagBag from /home/airflow/.local/lib/python3.12/site-packages/airflow/example_dags/example_branch_operator.py
[2024-10-28T00:10:36.934+0000] {processor.py:925} INFO - DAG(s) 'example_branch_operator' retrieved from /home/airflow/.local/lib/python3.12/site-packages/airflow/example_dags/example_branch_operator.py
[2024-10-28T00:10:36.989+0000] {logging_mixin.py:190} INFO - [2024-10-28T00:10:36.988+0000] {dag.py:3239} INFO - Sync 1 DAGs
[2024-10-28T00:10:37.034+0000] {logging_mixin.py:190} INFO - [2024-10-28T00:10:37.034+0000] {dag.py:4180} INFO - Setting next_dagrun for example_branch_operator to 2024-10-27 00:00:00+00:00, run_after=2024-10-28 00:00:00+00:00
[2024-10-28T00:10:37.062+0000] {processor.py:208} INFO - Processing /home/airflow/.local/lib/python3.12/site-packages/airflow/example_dags/example_branch_operator.py took 0.174 seconds
[2024-10-28T00:11:07.957+0000] {processor.py:186} INFO - Started process (PID=46769) to work on /home/airflow/.local/lib/python3.12/site-packages/airflow/example_dags/example_branch_operator.py
[2024-10-28T00:11:07.958+0000] {processor.py:914} INFO - Processing file /home/airflow/.local/lib/python3.12/site-packages/airflow/example_dags/example_branch_operator.py for tasks to queue
[2024-10-28T00:11:07.960+0000] {logging_mixin.py:190} INFO - [2024-10-28T00:11:07.959+0000] {dagbag.py:588} INFO - Filling up the DagBag from /home/airflow/.local/lib/python3.12/site-packages/airflow/example_dags/example_branch_operator.py
[2024-10-28T00:11:07.978+0000] {processor.py:925} INFO - DAG(s) 'example_branch_operator' retrieved from /home/airflow/.local/lib/python3.12/site-packages/airflow/example_dags/example_branch_operator.py
[2024-10-28T00:11:08.015+0000] {logging_mixin.py:190} INFO - [2024-10-28T00:11:08.015+0000] {dag.py:3239} INFO - Sync 1 DAGs
[2024-10-28T00:11:08.046+0000] {logging_mixin.py:190} INFO - [2024-10-28T00:11:08.046+0000] {dag.py:4180} INFO - Setting next_dagrun for example_branch_operator to 2024-10-27 00:00:00+00:00, run_after=2024-10-28 00:00:00+00:00
[2024-10-28T00:11:08.065+0000] {processor.py:208} INFO - Processing /home/airflow/.local/lib/python3.12/site-packages/airflow/example_dags/example_branch_operator.py took 0.114 seconds
[2024-10-28T00:11:38.176+0000] {processor.py:186} INFO - Started process (PID=46843) to work on /home/airflow/.local/lib/python3.12/site-packages/airflow/example_dags/example_branch_operator.py
[2024-10-28T00:11:38.177+0000] {processor.py:914} INFO - Processing file /home/airflow/.local/lib/python3.12/site-packages/airflow/example_dags/example_branch_operator.py for tasks to queue
[2024-10-28T00:11:38.178+0000] {logging_mixin.py:190} INFO - [2024-10-28T00:11:38.178+0000] {dagbag.py:588} INFO - Filling up the DagBag from /home/airflow/.local/lib/python3.12/site-packages/airflow/example_dags/example_branch_operator.py
[2024-10-28T00:11:38.195+0000] {processor.py:925} INFO - DAG(s) 'example_branch_operator' retrieved from /home/airflow/.local/lib/python3.12/site-packages/airflow/example_dags/example_branch_operator.py
[2024-10-28T00:11:38.223+0000] {logging_mixin.py:190} INFO - [2024-10-28T00:11:38.222+0000] {dag.py:3239} INFO - Sync 1 DAGs
[2024-10-28T00:11:38.245+0000] {logging_mixin.py:190} INFO - [2024-10-28T00:11:38.244+0000] {dag.py:4180} INFO - Setting next_dagrun for example_branch_operator to 2024-10-27 00:00:00+00:00, run_after=2024-10-28 00:00:00+00:00
[2024-10-28T00:11:38.265+0000] {processor.py:208} INFO - Processing /home/airflow/.local/lib/python3.12/site-packages/airflow/example_dags/example_branch_operator.py took 0.094 seconds
[2024-10-28T00:12:08.716+0000] {processor.py:186} INFO - Started process (PID=46917) to work on /home/airflow/.local/lib/python3.12/site-packages/airflow/example_dags/example_branch_operator.py
[2024-10-28T00:12:08.717+0000] {processor.py:914} INFO - Processing file /home/airflow/.local/lib/python3.12/site-packages/airflow/example_dags/example_branch_operator.py for tasks to queue
[2024-10-28T00:12:08.719+0000] {logging_mixin.py:190} INFO - [2024-10-28T00:12:08.719+0000] {dagbag.py:588} INFO - Filling up the DagBag from /home/airflow/.local/lib/python3.12/site-packages/airflow/example_dags/example_branch_operator.py
[2024-10-28T00:12:08.740+0000] {processor.py:925} INFO - DAG(s) 'example_branch_operator' retrieved from /home/airflow/.local/lib/python3.12/site-packages/airflow/example_dags/example_branch_operator.py
[2024-10-28T00:12:08.771+0000] {logging_mixin.py:190} INFO - [2024-10-28T00:12:08.770+0000] {dag.py:3239} INFO - Sync 1 DAGs
[2024-10-28T00:12:08.797+0000] {logging_mixin.py:190} INFO - [2024-10-28T00:12:08.796+0000] {dag.py:4180} INFO - Setting next_dagrun for example_branch_operator to 2024-10-27 00:00:00+00:00, run_after=2024-10-28 00:00:00+00:00
[2024-10-28T00:12:08.816+0000] {processor.py:208} INFO - Processing /home/airflow/.local/lib/python3.12/site-packages/airflow/example_dags/example_branch_operator.py took 0.105 seconds
[2024-10-28T00:12:39.144+0000] {processor.py:186} INFO - Started process (PID=46991) to work on /home/airflow/.local/lib/python3.12/site-packages/airflow/example_dags/example_branch_operator.py
[2024-10-28T00:12:39.145+0000] {processor.py:914} INFO - Processing file /home/airflow/.local/lib/python3.12/site-packages/airflow/example_dags/example_branch_operator.py for tasks to queue
[2024-10-28T00:12:39.146+0000] {logging_mixin.py:190} INFO - [2024-10-28T00:12:39.146+0000] {dagbag.py:588} INFO - Filling up the DagBag from /home/airflow/.local/lib/python3.12/site-packages/airflow/example_dags/example_branch_operator.py
[2024-10-28T00:12:39.163+0000] {processor.py:925} INFO - DAG(s) 'example_branch_operator' retrieved from /home/airflow/.local/lib/python3.12/site-packages/airflow/example_dags/example_branch_operator.py
[2024-10-28T00:12:39.192+0000] {logging_mixin.py:190} INFO - [2024-10-28T00:12:39.191+0000] {dag.py:3239} INFO - Sync 1 DAGs
[2024-10-28T00:12:39.214+0000] {logging_mixin.py:190} INFO - [2024-10-28T00:12:39.214+0000] {dag.py:4180} INFO - Setting next_dagrun for example_branch_operator to 2024-10-27 00:00:00+00:00, run_after=2024-10-28 00:00:00+00:00
[2024-10-28T00:12:39.233+0000] {processor.py:208} INFO - Processing /home/airflow/.local/lib/python3.12/site-packages/airflow/example_dags/example_branch_operator.py took 0.094 seconds
[2024-10-28T00:13:09.492+0000] {processor.py:186} INFO - Started process (PID=47065) to work on /home/airflow/.local/lib/python3.12/site-packages/airflow/example_dags/example_branch_operator.py
[2024-10-28T00:13:09.493+0000] {processor.py:914} INFO - Processing file /home/airflow/.local/lib/python3.12/site-packages/airflow/example_dags/example_branch_operator.py for tasks to queue
[2024-10-28T00:13:09.494+0000] {logging_mixin.py:190} INFO - [2024-10-28T00:13:09.494+0000] {dagbag.py:588} INFO - Filling up the DagBag from /home/airflow/.local/lib/python3.12/site-packages/airflow/example_dags/example_branch_operator.py
[2024-10-28T00:13:09.511+0000] {processor.py:925} INFO - DAG(s) 'example_branch_operator' retrieved from /home/airflow/.local/lib/python3.12/site-packages/airflow/example_dags/example_branch_operator.py
[2024-10-28T00:13:09.539+0000] {logging_mixin.py:190} INFO - [2024-10-28T00:13:09.539+0000] {dag.py:3239} INFO - Sync 1 DAGs
[2024-10-28T00:13:09.561+0000] {logging_mixin.py:190} INFO - [2024-10-28T00:13:09.561+0000] {dag.py:4180} INFO - Setting next_dagrun for example_branch_operator to 2024-10-27 00:00:00+00:00, run_after=2024-10-28 00:00:00+00:00
[2024-10-28T00:13:09.580+0000] {processor.py:208} INFO - Processing /home/airflow/.local/lib/python3.12/site-packages/airflow/example_dags/example_branch_operator.py took 0.093 seconds
[2024-10-28T00:13:39.926+0000] {processor.py:186} INFO - Started process (PID=47139) to work on /home/airflow/.local/lib/python3.12/site-packages/airflow/example_dags/example_branch_operator.py
[2024-10-28T00:13:39.927+0000] {processor.py:914} INFO - Processing file /home/airflow/.local/lib/python3.12/site-packages/airflow/example_dags/example_branch_operator.py for tasks to queue
[2024-10-28T00:13:39.928+0000] {logging_mixin.py:190} INFO - [2024-10-28T00:13:39.928+0000] {dagbag.py:588} INFO - Filling up the DagBag from /home/airflow/.local/lib/python3.12/site-packages/airflow/example_dags/example_branch_operator.py
[2024-10-28T00:13:39.945+0000] {processor.py:925} INFO - DAG(s) 'example_branch_operator' retrieved from /home/airflow/.local/lib/python3.12/site-packages/airflow/example_dags/example_branch_operator.py
[2024-10-28T00:13:39.975+0000] {logging_mixin.py:190} INFO - [2024-10-28T00:13:39.975+0000] {dag.py:3239} INFO - Sync 1 DAGs
[2024-10-28T00:13:39.997+0000] {logging_mixin.py:190} INFO - [2024-10-28T00:13:39.997+0000] {dag.py:4180} INFO - Setting next_dagrun for example_branch_operator to 2024-10-27 00:00:00+00:00, run_after=2024-10-28 00:00:00+00:00
[2024-10-28T00:13:40.014+0000] {processor.py:208} INFO - Processing /home/airflow/.local/lib/python3.12/site-packages/airflow/example_dags/example_branch_operator.py took 0.094 seconds
[2024-10-28T00:14:10.249+0000] {processor.py:186} INFO - Started process (PID=47213) to work on /home/airflow/.local/lib/python3.12/site-packages/airflow/example_dags/example_branch_operator.py
[2024-10-28T00:14:10.250+0000] {processor.py:914} INFO - Processing file /home/airflow/.local/lib/python3.12/site-packages/airflow/example_dags/example_branch_operator.py for tasks to queue
[2024-10-28T00:14:10.251+0000] {logging_mixin.py:190} INFO - [2024-10-28T00:14:10.251+0000] {dagbag.py:588} INFO - Filling up the DagBag from /home/airflow/.local/lib/python3.12/site-packages/airflow/example_dags/example_branch_operator.py
[2024-10-28T00:14:10.268+0000] {processor.py:925} INFO - DAG(s) 'example_branch_operator' retrieved from /home/airflow/.local/lib/python3.12/site-packages/airflow/example_dags/example_branch_operator.py
[2024-10-28T00:14:10.296+0000] {logging_mixin.py:190} INFO - [2024-10-28T00:14:10.295+0000] {dag.py:3239} INFO - Sync 1 DAGs
[2024-10-28T00:14:10.320+0000] {logging_mixin.py:190} INFO - [2024-10-28T00:14:10.320+0000] {dag.py:4180} INFO - Setting next_dagrun for example_branch_operator to 2024-10-27 00:00:00+00:00, run_after=2024-10-28 00:00:00+00:00
[2024-10-28T00:14:10.339+0000] {processor.py:208} INFO - Processing /home/airflow/.local/lib/python3.12/site-packages/airflow/example_dags/example_branch_operator.py took 0.095 seconds
[2024-10-28T00:14:40.420+0000] {processor.py:186} INFO - Started process (PID=47287) to work on /home/airflow/.local/lib/python3.12/site-packages/airflow/example_dags/example_branch_operator.py
[2024-10-28T00:14:40.421+0000] {processor.py:914} INFO - Processing file /home/airflow/.local/lib/python3.12/site-packages/airflow/example_dags/example_branch_operator.py for tasks to queue
[2024-10-28T00:14:40.423+0000] {logging_mixin.py:190} INFO - [2024-10-28T00:14:40.423+0000] {dagbag.py:588} INFO - Filling up the DagBag from /home/airflow/.local/lib/python3.12/site-packages/airflow/example_dags/example_branch_operator.py
[2024-10-28T00:14:40.439+0000] {processor.py:925} INFO - DAG(s) 'example_branch_operator' retrieved from /home/airflow/.local/lib/python3.12/site-packages/airflow/example_dags/example_branch_operator.py
[2024-10-28T00:14:40.469+0000] {logging_mixin.py:190} INFO - [2024-10-28T00:14:40.469+0000] {dag.py:3239} INFO - Sync 1 DAGs
[2024-10-28T00:14:40.498+0000] {logging_mixin.py:190} INFO - [2024-10-28T00:14:40.498+0000] {dag.py:4180} INFO - Setting next_dagrun for example_branch_operator to 2024-10-27 00:00:00+00:00, run_after=2024-10-28 00:00:00+00:00
[2024-10-28T00:14:40.516+0000] {processor.py:208} INFO - Processing /home/airflow/.local/lib/python3.12/site-packages/airflow/example_dags/example_branch_operator.py took 0.102 seconds
[2024-10-28T00:15:10.933+0000] {processor.py:186} INFO - Started process (PID=47361) to work on /home/airflow/.local/lib/python3.12/site-packages/airflow/example_dags/example_branch_operator.py
[2024-10-28T00:15:10.934+0000] {processor.py:914} INFO - Processing file /home/airflow/.local/lib/python3.12/site-packages/airflow/example_dags/example_branch_operator.py for tasks to queue
[2024-10-28T00:15:10.936+0000] {logging_mixin.py:190} INFO - [2024-10-28T00:15:10.935+0000] {dagbag.py:588} INFO - Filling up the DagBag from /home/airflow/.local/lib/python3.12/site-packages/airflow/example_dags/example_branch_operator.py
[2024-10-28T00:15:10.952+0000] {processor.py:925} INFO - DAG(s) 'example_branch_operator' retrieved from /home/airflow/.local/lib/python3.12/site-packages/airflow/example_dags/example_branch_operator.py
[2024-10-28T00:15:10.980+0000] {logging_mixin.py:190} INFO - [2024-10-28T00:15:10.980+0000] {dag.py:3239} INFO - Sync 1 DAGs
[2024-10-28T00:15:11.003+0000] {logging_mixin.py:190} INFO - [2024-10-28T00:15:11.003+0000] {dag.py:4180} INFO - Setting next_dagrun for example_branch_operator to 2024-10-27 00:00:00+00:00, run_after=2024-10-28 00:00:00+00:00
[2024-10-28T00:15:11.024+0000] {processor.py:208} INFO - Processing /home/airflow/.local/lib/python3.12/site-packages/airflow/example_dags/example_branch_operator.py took 0.096 seconds
[2024-10-28T00:15:41.399+0000] {processor.py:186} INFO - Started process (PID=47435) to work on /home/airflow/.local/lib/python3.12/site-packages/airflow/example_dags/example_branch_operator.py
[2024-10-28T00:15:41.400+0000] {processor.py:914} INFO - Processing file /home/airflow/.local/lib/python3.12/site-packages/airflow/example_dags/example_branch_operator.py for tasks to queue
[2024-10-28T00:15:41.401+0000] {logging_mixin.py:190} INFO - [2024-10-28T00:15:41.401+0000] {dagbag.py:588} INFO - Filling up the DagBag from /home/airflow/.local/lib/python3.12/site-packages/airflow/example_dags/example_branch_operator.py
[2024-10-28T00:15:41.419+0000] {processor.py:925} INFO - DAG(s) 'example_branch_operator' retrieved from /home/airflow/.local/lib/python3.12/site-packages/airflow/example_dags/example_branch_operator.py
[2024-10-28T00:15:41.447+0000] {logging_mixin.py:190} INFO - [2024-10-28T00:15:41.447+0000] {dag.py:3239} INFO - Sync 1 DAGs
[2024-10-28T00:15:41.472+0000] {logging_mixin.py:190} INFO - [2024-10-28T00:15:41.471+0000] {dag.py:4180} INFO - Setting next_dagrun for example_branch_operator to 2024-10-27 00:00:00+00:00, run_after=2024-10-28 00:00:00+00:00
[2024-10-28T00:15:41.498+0000] {processor.py:208} INFO - Processing /home/airflow/.local/lib/python3.12/site-packages/airflow/example_dags/example_branch_operator.py took 0.104 seconds
[2024-10-28T00:16:12.304+0000] {processor.py:186} INFO - Started process (PID=47509) to work on /home/airflow/.local/lib/python3.12/site-packages/airflow/example_dags/example_branch_operator.py
[2024-10-28T00:16:12.305+0000] {processor.py:914} INFO - Processing file /home/airflow/.local/lib/python3.12/site-packages/airflow/example_dags/example_branch_operator.py for tasks to queue
[2024-10-28T00:16:12.306+0000] {logging_mixin.py:190} INFO - [2024-10-28T00:16:12.306+0000] {dagbag.py:588} INFO - Filling up the DagBag from /home/airflow/.local/lib/python3.12/site-packages/airflow/example_dags/example_branch_operator.py
[2024-10-28T00:16:12.323+0000] {processor.py:925} INFO - DAG(s) 'example_branch_operator' retrieved from /home/airflow/.local/lib/python3.12/site-packages/airflow/example_dags/example_branch_operator.py
[2024-10-28T00:16:12.352+0000] {logging_mixin.py:190} INFO - [2024-10-28T00:16:12.352+0000] {dag.py:3239} INFO - Sync 1 DAGs
[2024-10-28T00:16:12.377+0000] {logging_mixin.py:190} INFO - [2024-10-28T00:16:12.377+0000] {dag.py:4180} INFO - Setting next_dagrun for example_branch_operator to 2024-10-27 00:00:00+00:00, run_after=2024-10-28 00:00:00+00:00
[2024-10-28T00:16:12.393+0000] {processor.py:208} INFO - Processing /home/airflow/.local/lib/python3.12/site-packages/airflow/example_dags/example_branch_operator.py took 0.095 seconds
[2024-10-28T00:16:43.217+0000] {processor.py:186} INFO - Started process (PID=47583) to work on /home/airflow/.local/lib/python3.12/site-packages/airflow/example_dags/example_branch_operator.py
[2024-10-28T00:16:43.218+0000] {processor.py:914} INFO - Processing file /home/airflow/.local/lib/python3.12/site-packages/airflow/example_dags/example_branch_operator.py for tasks to queue
[2024-10-28T00:16:43.219+0000] {logging_mixin.py:190} INFO - [2024-10-28T00:16:43.219+0000] {dagbag.py:588} INFO - Filling up the DagBag from /home/airflow/.local/lib/python3.12/site-packages/airflow/example_dags/example_branch_operator.py
[2024-10-28T00:16:43.237+0000] {processor.py:925} INFO - DAG(s) 'example_branch_operator' retrieved from /home/airflow/.local/lib/python3.12/site-packages/airflow/example_dags/example_branch_operator.py
[2024-10-28T00:16:43.270+0000] {logging_mixin.py:190} INFO - [2024-10-28T00:16:43.269+0000] {dag.py:3239} INFO - Sync 1 DAGs
[2024-10-28T00:16:43.294+0000] {logging_mixin.py:190} INFO - [2024-10-28T00:16:43.294+0000] {dag.py:4180} INFO - Setting next_dagrun for example_branch_operator to 2024-10-27 00:00:00+00:00, run_after=2024-10-28 00:00:00+00:00
[2024-10-28T00:16:43.312+0000] {processor.py:208} INFO - Processing /home/airflow/.local/lib/python3.12/site-packages/airflow/example_dags/example_branch_operator.py took 0.101 seconds
[2024-10-28T00:17:13.797+0000] {processor.py:186} INFO - Started process (PID=47657) to work on /home/airflow/.local/lib/python3.12/site-packages/airflow/example_dags/example_branch_operator.py
[2024-10-28T00:17:13.798+0000] {processor.py:914} INFO - Processing file /home/airflow/.local/lib/python3.12/site-packages/airflow/example_dags/example_branch_operator.py for tasks to queue
[2024-10-28T00:17:13.800+0000] {logging_mixin.py:190} INFO - [2024-10-28T00:17:13.799+0000] {dagbag.py:588} INFO - Filling up the DagBag from /home/airflow/.local/lib/python3.12/site-packages/airflow/example_dags/example_branch_operator.py
[2024-10-28T00:17:13.816+0000] {processor.py:925} INFO - DAG(s) 'example_branch_operator' retrieved from /home/airflow/.local/lib/python3.12/site-packages/airflow/example_dags/example_branch_operator.py
[2024-10-28T00:17:13.843+0000] {logging_mixin.py:190} INFO - [2024-10-28T00:17:13.843+0000] {dag.py:3239} INFO - Sync 1 DAGs
[2024-10-28T00:17:13.867+0000] {logging_mixin.py:190} INFO - [2024-10-28T00:17:13.867+0000] {dag.py:4180} INFO - Setting next_dagrun for example_branch_operator to 2024-10-27 00:00:00+00:00, run_after=2024-10-28 00:00:00+00:00
[2024-10-28T00:17:13.883+0000] {processor.py:208} INFO - Processing /home/airflow/.local/lib/python3.12/site-packages/airflow/example_dags/example_branch_operator.py took 0.092 seconds
[2024-10-28T00:17:44.965+0000] {processor.py:186} INFO - Started process (PID=47731) to work on /home/airflow/.local/lib/python3.12/site-packages/airflow/example_dags/example_branch_operator.py
[2024-10-28T00:17:44.966+0000] {processor.py:914} INFO - Processing file /home/airflow/.local/lib/python3.12/site-packages/airflow/example_dags/example_branch_operator.py for tasks to queue
[2024-10-28T00:17:44.968+0000] {logging_mixin.py:190} INFO - [2024-10-28T00:17:44.967+0000] {dagbag.py:588} INFO - Filling up the DagBag from /home/airflow/.local/lib/python3.12/site-packages/airflow/example_dags/example_branch_operator.py
[2024-10-28T00:17:44.987+0000] {processor.py:925} INFO - DAG(s) 'example_branch_operator' retrieved from /home/airflow/.local/lib/python3.12/site-packages/airflow/example_dags/example_branch_operator.py
[2024-10-28T00:17:45.019+0000] {logging_mixin.py:190} INFO - [2024-10-28T00:17:45.018+0000] {dag.py:3239} INFO - Sync 1 DAGs
[2024-10-28T00:17:45.046+0000] {logging_mixin.py:190} INFO - [2024-10-28T00:17:45.046+0000] {dag.py:4180} INFO - Setting next_dagrun for example_branch_operator to 2024-10-27 00:00:00+00:00, run_after=2024-10-28 00:00:00+00:00
[2024-10-28T00:17:45.066+0000] {processor.py:208} INFO - Processing /home/airflow/.local/lib/python3.12/site-packages/airflow/example_dags/example_branch_operator.py took 0.110 seconds
[2024-10-28T00:18:15.296+0000] {processor.py:186} INFO - Started process (PID=47805) to work on /home/airflow/.local/lib/python3.12/site-packages/airflow/example_dags/example_branch_operator.py
[2024-10-28T00:18:15.297+0000] {processor.py:914} INFO - Processing file /home/airflow/.local/lib/python3.12/site-packages/airflow/example_dags/example_branch_operator.py for tasks to queue
[2024-10-28T00:18:15.298+0000] {logging_mixin.py:190} INFO - [2024-10-28T00:18:15.298+0000] {dagbag.py:588} INFO - Filling up the DagBag from /home/airflow/.local/lib/python3.12/site-packages/airflow/example_dags/example_branch_operator.py
[2024-10-28T00:18:15.316+0000] {processor.py:925} INFO - DAG(s) 'example_branch_operator' retrieved from /home/airflow/.local/lib/python3.12/site-packages/airflow/example_dags/example_branch_operator.py
[2024-10-28T00:18:15.346+0000] {logging_mixin.py:190} INFO - [2024-10-28T00:18:15.345+0000] {dag.py:3239} INFO - Sync 1 DAGs
[2024-10-28T00:18:15.371+0000] {logging_mixin.py:190} INFO - [2024-10-28T00:18:15.371+0000] {dag.py:4180} INFO - Setting next_dagrun for example_branch_operator to 2024-10-27 00:00:00+00:00, run_after=2024-10-28 00:00:00+00:00
[2024-10-28T00:18:15.390+0000] {processor.py:208} INFO - Processing /home/airflow/.local/lib/python3.12/site-packages/airflow/example_dags/example_branch_operator.py took 0.100 seconds
[2024-10-28T00:18:46.875+0000] {processor.py:186} INFO - Started process (PID=47879) to work on /home/airflow/.local/lib/python3.12/site-packages/airflow/example_dags/example_branch_operator.py
[2024-10-28T00:18:46.876+0000] {processor.py:914} INFO - Processing file /home/airflow/.local/lib/python3.12/site-packages/airflow/example_dags/example_branch_operator.py for tasks to queue
[2024-10-28T00:18:46.878+0000] {logging_mixin.py:190} INFO - [2024-10-28T00:18:46.878+0000] {dagbag.py:588} INFO - Filling up the DagBag from /home/airflow/.local/lib/python3.12/site-packages/airflow/example_dags/example_branch_operator.py
[2024-10-28T00:18:46.901+0000] {processor.py:925} INFO - DAG(s) 'example_branch_operator' retrieved from /home/airflow/.local/lib/python3.12/site-packages/airflow/example_dags/example_branch_operator.py
[2024-10-28T00:18:46.936+0000] {logging_mixin.py:190} INFO - [2024-10-28T00:18:46.936+0000] {dag.py:3239} INFO - Sync 1 DAGs
[2024-10-28T00:18:46.968+0000] {logging_mixin.py:190} INFO - [2024-10-28T00:18:46.967+0000] {dag.py:4180} INFO - Setting next_dagrun for example_branch_operator to 2024-10-27 00:00:00+00:00, run_after=2024-10-28 00:00:00+00:00
[2024-10-28T00:18:46.989+0000] {processor.py:208} INFO - Processing /home/airflow/.local/lib/python3.12/site-packages/airflow/example_dags/example_branch_operator.py took 0.121 seconds
[2024-10-28T00:19:17.461+0000] {processor.py:186} INFO - Started process (PID=47953) to work on /home/airflow/.local/lib/python3.12/site-packages/airflow/example_dags/example_branch_operator.py
[2024-10-28T00:19:17.462+0000] {processor.py:914} INFO - Processing file /home/airflow/.local/lib/python3.12/site-packages/airflow/example_dags/example_branch_operator.py for tasks to queue
[2024-10-28T00:19:17.464+0000] {logging_mixin.py:190} INFO - [2024-10-28T00:19:17.464+0000] {dagbag.py:588} INFO - Filling up the DagBag from /home/airflow/.local/lib/python3.12/site-packages/airflow/example_dags/example_branch_operator.py
[2024-10-28T00:19:17.486+0000] {processor.py:925} INFO - DAG(s) 'example_branch_operator' retrieved from /home/airflow/.local/lib/python3.12/site-packages/airflow/example_dags/example_branch_operator.py
[2024-10-28T00:19:17.521+0000] {logging_mixin.py:190} INFO - [2024-10-28T00:19:17.521+0000] {dag.py:3239} INFO - Sync 1 DAGs
[2024-10-28T00:19:17.548+0000] {logging_mixin.py:190} INFO - [2024-10-28T00:19:17.548+0000] {dag.py:4180} INFO - Setting next_dagrun for example_branch_operator to 2024-10-27 00:00:00+00:00, run_after=2024-10-28 00:00:00+00:00
[2024-10-28T00:19:17.571+0000] {processor.py:208} INFO - Processing /home/airflow/.local/lib/python3.12/site-packages/airflow/example_dags/example_branch_operator.py took 0.116 seconds
[2024-10-28T00:19:48.581+0000] {processor.py:186} INFO - Started process (PID=48027) to work on /home/airflow/.local/lib/python3.12/site-packages/airflow/example_dags/example_branch_operator.py
[2024-10-28T00:19:48.584+0000] {processor.py:914} INFO - Processing file /home/airflow/.local/lib/python3.12/site-packages/airflow/example_dags/example_branch_operator.py for tasks to queue
[2024-10-28T00:19:48.586+0000] {logging_mixin.py:190} INFO - [2024-10-28T00:19:48.586+0000] {dagbag.py:588} INFO - Filling up the DagBag from /home/airflow/.local/lib/python3.12/site-packages/airflow/example_dags/example_branch_operator.py
[2024-10-28T00:19:48.622+0000] {processor.py:925} INFO - DAG(s) 'example_branch_operator' retrieved from /home/airflow/.local/lib/python3.12/site-packages/airflow/example_dags/example_branch_operator.py
[2024-10-28T00:19:48.672+0000] {logging_mixin.py:190} INFO - [2024-10-28T00:19:48.672+0000] {dag.py:3239} INFO - Sync 1 DAGs
[2024-10-28T00:19:48.716+0000] {logging_mixin.py:190} INFO - [2024-10-28T00:19:48.716+0000] {dag.py:4180} INFO - Setting next_dagrun for example_branch_operator to 2024-10-27 00:00:00+00:00, run_after=2024-10-28 00:00:00+00:00
[2024-10-28T00:19:48.743+0000] {processor.py:208} INFO - Processing /home/airflow/.local/lib/python3.12/site-packages/airflow/example_dags/example_branch_operator.py took 0.175 seconds
[2024-10-28T00:20:19.225+0000] {processor.py:186} INFO - Started process (PID=48101) to work on /home/airflow/.local/lib/python3.12/site-packages/airflow/example_dags/example_branch_operator.py
[2024-10-28T00:20:19.227+0000] {processor.py:914} INFO - Processing file /home/airflow/.local/lib/python3.12/site-packages/airflow/example_dags/example_branch_operator.py for tasks to queue
[2024-10-28T00:20:19.228+0000] {logging_mixin.py:190} INFO - [2024-10-28T00:20:19.228+0000] {dagbag.py:588} INFO - Filling up the DagBag from /home/airflow/.local/lib/python3.12/site-packages/airflow/example_dags/example_branch_operator.py
[2024-10-28T00:20:19.246+0000] {processor.py:925} INFO - DAG(s) 'example_branch_operator' retrieved from /home/airflow/.local/lib/python3.12/site-packages/airflow/example_dags/example_branch_operator.py
[2024-10-28T00:20:19.277+0000] {logging_mixin.py:190} INFO - [2024-10-28T00:20:19.277+0000] {dag.py:3239} INFO - Sync 1 DAGs
[2024-10-28T00:20:19.305+0000] {logging_mixin.py:190} INFO - [2024-10-28T00:20:19.304+0000] {dag.py:4180} INFO - Setting next_dagrun for example_branch_operator to 2024-10-27 00:00:00+00:00, run_after=2024-10-28 00:00:00+00:00
[2024-10-28T00:20:19.326+0000] {processor.py:208} INFO - Processing /home/airflow/.local/lib/python3.12/site-packages/airflow/example_dags/example_branch_operator.py took 0.107 seconds
[2024-10-28T00:20:50.097+0000] {processor.py:186} INFO - Started process (PID=48175) to work on /home/airflow/.local/lib/python3.12/site-packages/airflow/example_dags/example_branch_operator.py
[2024-10-28T00:20:50.098+0000] {processor.py:914} INFO - Processing file /home/airflow/.local/lib/python3.12/site-packages/airflow/example_dags/example_branch_operator.py for tasks to queue
[2024-10-28T00:20:50.100+0000] {logging_mixin.py:190} INFO - [2024-10-28T00:20:50.099+0000] {dagbag.py:588} INFO - Filling up the DagBag from /home/airflow/.local/lib/python3.12/site-packages/airflow/example_dags/example_branch_operator.py
[2024-10-28T00:20:50.118+0000] {processor.py:925} INFO - DAG(s) 'example_branch_operator' retrieved from /home/airflow/.local/lib/python3.12/site-packages/airflow/example_dags/example_branch_operator.py
[2024-10-28T00:20:50.150+0000] {logging_mixin.py:190} INFO - [2024-10-28T00:20:50.149+0000] {dag.py:3239} INFO - Sync 1 DAGs
[2024-10-28T00:20:50.178+0000] {logging_mixin.py:190} INFO - [2024-10-28T00:20:50.178+0000] {dag.py:4180} INFO - Setting next_dagrun for example_branch_operator to 2024-10-27 00:00:00+00:00, run_after=2024-10-28 00:00:00+00:00
[2024-10-28T00:20:50.201+0000] {processor.py:208} INFO - Processing /home/airflow/.local/lib/python3.12/site-packages/airflow/example_dags/example_branch_operator.py took 0.111 seconds
[2024-10-28T00:21:20.813+0000] {processor.py:186} INFO - Started process (PID=48249) to work on /home/airflow/.local/lib/python3.12/site-packages/airflow/example_dags/example_branch_operator.py
[2024-10-28T00:21:20.814+0000] {processor.py:914} INFO - Processing file /home/airflow/.local/lib/python3.12/site-packages/airflow/example_dags/example_branch_operator.py for tasks to queue
[2024-10-28T00:21:20.816+0000] {logging_mixin.py:190} INFO - [2024-10-28T00:21:20.815+0000] {dagbag.py:588} INFO - Filling up the DagBag from /home/airflow/.local/lib/python3.12/site-packages/airflow/example_dags/example_branch_operator.py
[2024-10-28T00:21:20.835+0000] {processor.py:925} INFO - DAG(s) 'example_branch_operator' retrieved from /home/airflow/.local/lib/python3.12/site-packages/airflow/example_dags/example_branch_operator.py
[2024-10-28T00:21:20.867+0000] {logging_mixin.py:190} INFO - [2024-10-28T00:21:20.867+0000] {dag.py:3239} INFO - Sync 1 DAGs
[2024-10-28T00:21:20.891+0000] {logging_mixin.py:190} INFO - [2024-10-28T00:21:20.891+0000] {dag.py:4180} INFO - Setting next_dagrun for example_branch_operator to 2024-10-27 00:00:00+00:00, run_after=2024-10-28 00:00:00+00:00
[2024-10-28T00:21:20.914+0000] {processor.py:208} INFO - Processing /home/airflow/.local/lib/python3.12/site-packages/airflow/example_dags/example_branch_operator.py took 0.109 seconds
[2024-10-28T00:21:51.323+0000] {processor.py:186} INFO - Started process (PID=48323) to work on /home/airflow/.local/lib/python3.12/site-packages/airflow/example_dags/example_branch_operator.py
[2024-10-28T00:21:51.324+0000] {processor.py:914} INFO - Processing file /home/airflow/.local/lib/python3.12/site-packages/airflow/example_dags/example_branch_operator.py for tasks to queue
[2024-10-28T00:21:51.327+0000] {logging_mixin.py:190} INFO - [2024-10-28T00:21:51.326+0000] {dagbag.py:588} INFO - Filling up the DagBag from /home/airflow/.local/lib/python3.12/site-packages/airflow/example_dags/example_branch_operator.py
[2024-10-28T00:21:51.346+0000] {processor.py:925} INFO - DAG(s) 'example_branch_operator' retrieved from /home/airflow/.local/lib/python3.12/site-packages/airflow/example_dags/example_branch_operator.py
[2024-10-28T00:21:51.377+0000] {logging_mixin.py:190} INFO - [2024-10-28T00:21:51.377+0000] {dag.py:3239} INFO - Sync 1 DAGs
[2024-10-28T00:21:51.403+0000] {logging_mixin.py:190} INFO - [2024-10-28T00:21:51.403+0000] {dag.py:4180} INFO - Setting next_dagrun for example_branch_operator to 2024-10-27 00:00:00+00:00, run_after=2024-10-28 00:00:00+00:00
[2024-10-28T00:21:51.426+0000] {processor.py:208} INFO - Processing /home/airflow/.local/lib/python3.12/site-packages/airflow/example_dags/example_branch_operator.py took 0.110 seconds
[2024-10-28T00:22:22.105+0000] {processor.py:186} INFO - Started process (PID=48397) to work on /home/airflow/.local/lib/python3.12/site-packages/airflow/example_dags/example_branch_operator.py
[2024-10-28T00:22:22.107+0000] {processor.py:914} INFO - Processing file /home/airflow/.local/lib/python3.12/site-packages/airflow/example_dags/example_branch_operator.py for tasks to queue
[2024-10-28T00:22:22.109+0000] {logging_mixin.py:190} INFO - [2024-10-28T00:22:22.108+0000] {dagbag.py:588} INFO - Filling up the DagBag from /home/airflow/.local/lib/python3.12/site-packages/airflow/example_dags/example_branch_operator.py
[2024-10-28T00:22:22.140+0000] {processor.py:925} INFO - DAG(s) 'example_branch_operator' retrieved from /home/airflow/.local/lib/python3.12/site-packages/airflow/example_dags/example_branch_operator.py
[2024-10-28T00:22:22.181+0000] {logging_mixin.py:190} INFO - [2024-10-28T00:22:22.180+0000] {dag.py:3239} INFO - Sync 1 DAGs
[2024-10-28T00:22:22.207+0000] {logging_mixin.py:190} INFO - [2024-10-28T00:22:22.207+0000] {dag.py:4180} INFO - Setting next_dagrun for example_branch_operator to 2024-10-27 00:00:00+00:00, run_after=2024-10-28 00:00:00+00:00
[2024-10-28T00:22:22.224+0000] {processor.py:208} INFO - Processing /home/airflow/.local/lib/python3.12/site-packages/airflow/example_dags/example_branch_operator.py took 0.127 seconds
[2024-10-28T00:22:52.831+0000] {processor.py:186} INFO - Started process (PID=48471) to work on /home/airflow/.local/lib/python3.12/site-packages/airflow/example_dags/example_branch_operator.py
[2024-10-28T00:22:52.832+0000] {processor.py:914} INFO - Processing file /home/airflow/.local/lib/python3.12/site-packages/airflow/example_dags/example_branch_operator.py for tasks to queue
[2024-10-28T00:22:52.834+0000] {logging_mixin.py:190} INFO - [2024-10-28T00:22:52.834+0000] {dagbag.py:588} INFO - Filling up the DagBag from /home/airflow/.local/lib/python3.12/site-packages/airflow/example_dags/example_branch_operator.py
[2024-10-28T00:22:52.854+0000] {processor.py:925} INFO - DAG(s) 'example_branch_operator' retrieved from /home/airflow/.local/lib/python3.12/site-packages/airflow/example_dags/example_branch_operator.py
[2024-10-28T00:22:52.887+0000] {logging_mixin.py:190} INFO - [2024-10-28T00:22:52.887+0000] {dag.py:3239} INFO - Sync 1 DAGs
[2024-10-28T00:22:52.914+0000] {logging_mixin.py:190} INFO - [2024-10-28T00:22:52.914+0000] {dag.py:4180} INFO - Setting next_dagrun for example_branch_operator to 2024-10-27 00:00:00+00:00, run_after=2024-10-28 00:00:00+00:00
[2024-10-28T00:22:52.936+0000] {processor.py:208} INFO - Processing /home/airflow/.local/lib/python3.12/site-packages/airflow/example_dags/example_branch_operator.py took 0.112 seconds
[2024-10-28T00:23:23.326+0000] {processor.py:186} INFO - Started process (PID=48545) to work on /home/airflow/.local/lib/python3.12/site-packages/airflow/example_dags/example_branch_operator.py
[2024-10-28T00:23:23.327+0000] {processor.py:914} INFO - Processing file /home/airflow/.local/lib/python3.12/site-packages/airflow/example_dags/example_branch_operator.py for tasks to queue
[2024-10-28T00:23:23.329+0000] {logging_mixin.py:190} INFO - [2024-10-28T00:23:23.328+0000] {dagbag.py:588} INFO - Filling up the DagBag from /home/airflow/.local/lib/python3.12/site-packages/airflow/example_dags/example_branch_operator.py
[2024-10-28T00:23:23.345+0000] {processor.py:925} INFO - DAG(s) 'example_branch_operator' retrieved from /home/airflow/.local/lib/python3.12/site-packages/airflow/example_dags/example_branch_operator.py
[2024-10-28T00:23:23.374+0000] {logging_mixin.py:190} INFO - [2024-10-28T00:23:23.374+0000] {dag.py:3239} INFO - Sync 1 DAGs
[2024-10-28T00:23:23.401+0000] {logging_mixin.py:190} INFO - [2024-10-28T00:23:23.401+0000] {dag.py:4180} INFO - Setting next_dagrun for example_branch_operator to 2024-10-27 00:00:00+00:00, run_after=2024-10-28 00:00:00+00:00
[2024-10-28T00:23:23.420+0000] {processor.py:208} INFO - Processing /home/airflow/.local/lib/python3.12/site-packages/airflow/example_dags/example_branch_operator.py took 0.100 seconds
[2024-10-28T00:23:55.116+0000] {processor.py:186} INFO - Started process (PID=48619) to work on /home/airflow/.local/lib/python3.12/site-packages/airflow/example_dags/example_branch_operator.py
[2024-10-28T00:23:55.118+0000] {processor.py:914} INFO - Processing file /home/airflow/.local/lib/python3.12/site-packages/airflow/example_dags/example_branch_operator.py for tasks to queue
[2024-10-28T00:23:55.120+0000] {logging_mixin.py:190} INFO - [2024-10-28T00:23:55.119+0000] {dagbag.py:588} INFO - Filling up the DagBag from /home/airflow/.local/lib/python3.12/site-packages/airflow/example_dags/example_branch_operator.py
[2024-10-28T00:23:55.150+0000] {processor.py:925} INFO - DAG(s) 'example_branch_operator' retrieved from /home/airflow/.local/lib/python3.12/site-packages/airflow/example_dags/example_branch_operator.py
[2024-10-28T00:23:55.186+0000] {logging_mixin.py:190} INFO - [2024-10-28T00:23:55.186+0000] {dag.py:3239} INFO - Sync 1 DAGs
[2024-10-28T00:23:55.219+0000] {logging_mixin.py:190} INFO - [2024-10-28T00:23:55.219+0000] {dag.py:4180} INFO - Setting next_dagrun for example_branch_operator to 2024-10-27 00:00:00+00:00, run_after=2024-10-28 00:00:00+00:00
[2024-10-28T00:23:55.420+0000] {processor.py:208} INFO - Processing /home/airflow/.local/lib/python3.12/site-packages/airflow/example_dags/example_branch_operator.py took 0.314 seconds
[2024-10-28T00:24:25.517+0000] {processor.py:186} INFO - Started process (PID=48694) to work on /home/airflow/.local/lib/python3.12/site-packages/airflow/example_dags/example_branch_operator.py
[2024-10-28T00:24:25.518+0000] {processor.py:914} INFO - Processing file /home/airflow/.local/lib/python3.12/site-packages/airflow/example_dags/example_branch_operator.py for tasks to queue
[2024-10-28T00:24:25.520+0000] {logging_mixin.py:190} INFO - [2024-10-28T00:24:25.520+0000] {dagbag.py:588} INFO - Filling up the DagBag from /home/airflow/.local/lib/python3.12/site-packages/airflow/example_dags/example_branch_operator.py
[2024-10-28T00:24:25.538+0000] {processor.py:925} INFO - DAG(s) 'example_branch_operator' retrieved from /home/airflow/.local/lib/python3.12/site-packages/airflow/example_dags/example_branch_operator.py
[2024-10-28T00:24:25.569+0000] {logging_mixin.py:190} INFO - [2024-10-28T00:24:25.569+0000] {dag.py:3239} INFO - Sync 1 DAGs
[2024-10-28T00:24:25.593+0000] {logging_mixin.py:190} INFO - [2024-10-28T00:24:25.593+0000] {dag.py:4180} INFO - Setting next_dagrun for example_branch_operator to 2024-10-27 00:00:00+00:00, run_after=2024-10-28 00:00:00+00:00
[2024-10-28T00:24:25.758+0000] {processor.py:208} INFO - Processing /home/airflow/.local/lib/python3.12/site-packages/airflow/example_dags/example_branch_operator.py took 0.246 seconds
[2024-10-28T00:24:56.257+0000] {processor.py:186} INFO - Started process (PID=48770) to work on /home/airflow/.local/lib/python3.12/site-packages/airflow/example_dags/example_branch_operator.py
[2024-10-28T00:24:56.258+0000] {processor.py:914} INFO - Processing file /home/airflow/.local/lib/python3.12/site-packages/airflow/example_dags/example_branch_operator.py for tasks to queue
[2024-10-28T00:24:56.259+0000] {logging_mixin.py:190} INFO - [2024-10-28T00:24:56.259+0000] {dagbag.py:588} INFO - Filling up the DagBag from /home/airflow/.local/lib/python3.12/site-packages/airflow/example_dags/example_branch_operator.py
[2024-10-28T00:24:56.281+0000] {processor.py:925} INFO - DAG(s) 'example_branch_operator' retrieved from /home/airflow/.local/lib/python3.12/site-packages/airflow/example_dags/example_branch_operator.py
[2024-10-28T00:24:56.311+0000] {logging_mixin.py:190} INFO - [2024-10-28T00:24:56.311+0000] {dag.py:3239} INFO - Sync 1 DAGs
[2024-10-28T00:24:56.344+0000] {logging_mixin.py:190} INFO - [2024-10-28T00:24:56.344+0000] {dag.py:4180} INFO - Setting next_dagrun for example_branch_operator to 2024-10-27 00:00:00+00:00, run_after=2024-10-28 00:00:00+00:00
[2024-10-28T00:24:56.536+0000] {processor.py:208} INFO - Processing /home/airflow/.local/lib/python3.12/site-packages/airflow/example_dags/example_branch_operator.py took 0.286 seconds
[2024-10-28T00:25:26.702+0000] {processor.py:186} INFO - Started process (PID=48846) to work on /home/airflow/.local/lib/python3.12/site-packages/airflow/example_dags/example_branch_operator.py
[2024-10-28T00:25:26.703+0000] {processor.py:914} INFO - Processing file /home/airflow/.local/lib/python3.12/site-packages/airflow/example_dags/example_branch_operator.py for tasks to queue
[2024-10-28T00:25:26.705+0000] {logging_mixin.py:190} INFO - [2024-10-28T00:25:26.704+0000] {dagbag.py:588} INFO - Filling up the DagBag from /home/airflow/.local/lib/python3.12/site-packages/airflow/example_dags/example_branch_operator.py
[2024-10-28T00:25:26.723+0000] {processor.py:925} INFO - DAG(s) 'example_branch_operator' retrieved from /home/airflow/.local/lib/python3.12/site-packages/airflow/example_dags/example_branch_operator.py
[2024-10-28T00:25:26.752+0000] {logging_mixin.py:190} INFO - [2024-10-28T00:25:26.752+0000] {dag.py:3239} INFO - Sync 1 DAGs
[2024-10-28T00:25:26.780+0000] {logging_mixin.py:190} INFO - [2024-10-28T00:25:26.779+0000] {dag.py:4180} INFO - Setting next_dagrun for example_branch_operator to 2024-10-27 00:00:00+00:00, run_after=2024-10-28 00:00:00+00:00
[2024-10-28T00:25:26.941+0000] {processor.py:208} INFO - Processing /home/airflow/.local/lib/python3.12/site-packages/airflow/example_dags/example_branch_operator.py took 0.245 seconds
[2024-10-28T00:25:57.232+0000] {processor.py:186} INFO - Started process (PID=48919) to work on /home/airflow/.local/lib/python3.12/site-packages/airflow/example_dags/example_branch_operator.py
[2024-10-28T00:25:57.233+0000] {processor.py:914} INFO - Processing file /home/airflow/.local/lib/python3.12/site-packages/airflow/example_dags/example_branch_operator.py for tasks to queue
[2024-10-28T00:25:57.235+0000] {logging_mixin.py:190} INFO - [2024-10-28T00:25:57.234+0000] {dagbag.py:588} INFO - Filling up the DagBag from /home/airflow/.local/lib/python3.12/site-packages/airflow/example_dags/example_branch_operator.py
[2024-10-28T00:25:57.254+0000] {processor.py:925} INFO - DAG(s) 'example_branch_operator' retrieved from /home/airflow/.local/lib/python3.12/site-packages/airflow/example_dags/example_branch_operator.py
[2024-10-28T00:25:57.285+0000] {logging_mixin.py:190} INFO - [2024-10-28T00:25:57.285+0000] {dag.py:3239} INFO - Sync 1 DAGs
[2024-10-28T00:25:57.319+0000] {logging_mixin.py:190} INFO - [2024-10-28T00:25:57.319+0000] {dag.py:4180} INFO - Setting next_dagrun for example_branch_operator to 2024-10-27 00:00:00+00:00, run_after=2024-10-28 00:00:00+00:00
[2024-10-28T00:25:57.503+0000] {processor.py:208} INFO - Processing /home/airflow/.local/lib/python3.12/site-packages/airflow/example_dags/example_branch_operator.py took 0.277 seconds
[2024-10-28T00:26:27.841+0000] {processor.py:186} INFO - Started process (PID=48993) to work on /home/airflow/.local/lib/python3.12/site-packages/airflow/example_dags/example_branch_operator.py
[2024-10-28T00:26:27.842+0000] {processor.py:914} INFO - Processing file /home/airflow/.local/lib/python3.12/site-packages/airflow/example_dags/example_branch_operator.py for tasks to queue
[2024-10-28T00:26:27.844+0000] {logging_mixin.py:190} INFO - [2024-10-28T00:26:27.843+0000] {dagbag.py:588} INFO - Filling up the DagBag from /home/airflow/.local/lib/python3.12/site-packages/airflow/example_dags/example_branch_operator.py
[2024-10-28T00:26:27.865+0000] {processor.py:925} INFO - DAG(s) 'example_branch_operator' retrieved from /home/airflow/.local/lib/python3.12/site-packages/airflow/example_dags/example_branch_operator.py
[2024-10-28T00:26:27.903+0000] {logging_mixin.py:190} INFO - [2024-10-28T00:26:27.902+0000] {dag.py:3239} INFO - Sync 1 DAGs
[2024-10-28T00:26:27.952+0000] {logging_mixin.py:190} INFO - [2024-10-28T00:26:27.952+0000] {dag.py:4180} INFO - Setting next_dagrun for example_branch_operator to 2024-10-27 00:00:00+00:00, run_after=2024-10-28 00:00:00+00:00
[2024-10-28T00:26:27.984+0000] {processor.py:208} INFO - Processing /home/airflow/.local/lib/python3.12/site-packages/airflow/example_dags/example_branch_operator.py took 0.150 seconds
[2024-10-28T00:26:58.224+0000] {processor.py:186} INFO - Started process (PID=49067) to work on /home/airflow/.local/lib/python3.12/site-packages/airflow/example_dags/example_branch_operator.py
[2024-10-28T00:26:58.225+0000] {processor.py:914} INFO - Processing file /home/airflow/.local/lib/python3.12/site-packages/airflow/example_dags/example_branch_operator.py for tasks to queue
[2024-10-28T00:26:58.226+0000] {logging_mixin.py:190} INFO - [2024-10-28T00:26:58.226+0000] {dagbag.py:588} INFO - Filling up the DagBag from /home/airflow/.local/lib/python3.12/site-packages/airflow/example_dags/example_branch_operator.py
[2024-10-28T00:26:58.249+0000] {processor.py:925} INFO - DAG(s) 'example_branch_operator' retrieved from /home/airflow/.local/lib/python3.12/site-packages/airflow/example_dags/example_branch_operator.py
[2024-10-28T00:26:58.293+0000] {logging_mixin.py:190} INFO - [2024-10-28T00:26:58.292+0000] {dag.py:3239} INFO - Sync 1 DAGs
[2024-10-28T00:26:58.324+0000] {logging_mixin.py:190} INFO - [2024-10-28T00:26:58.324+0000] {dag.py:4180} INFO - Setting next_dagrun for example_branch_operator to 2024-10-27 00:00:00+00:00, run_after=2024-10-28 00:00:00+00:00
[2024-10-28T00:26:58.347+0000] {processor.py:208} INFO - Processing /home/airflow/.local/lib/python3.12/site-packages/airflow/example_dags/example_branch_operator.py took 0.132 seconds
[2024-10-28T00:27:28.856+0000] {processor.py:186} INFO - Started process (PID=49137) to work on /home/airflow/.local/lib/python3.12/site-packages/airflow/example_dags/example_branch_operator.py
[2024-10-28T00:27:28.857+0000] {processor.py:914} INFO - Processing file /home/airflow/.local/lib/python3.12/site-packages/airflow/example_dags/example_branch_operator.py for tasks to queue
[2024-10-28T00:27:28.858+0000] {logging_mixin.py:190} INFO - [2024-10-28T00:27:28.858+0000] {dagbag.py:588} INFO - Filling up the DagBag from /home/airflow/.local/lib/python3.12/site-packages/airflow/example_dags/example_branch_operator.py
[2024-10-28T00:27:28.876+0000] {processor.py:925} INFO - DAG(s) 'example_branch_operator' retrieved from /home/airflow/.local/lib/python3.12/site-packages/airflow/example_dags/example_branch_operator.py
[2024-10-28T00:27:28.904+0000] {logging_mixin.py:190} INFO - [2024-10-28T00:27:28.904+0000] {dag.py:3239} INFO - Sync 1 DAGs
[2024-10-28T00:27:28.928+0000] {logging_mixin.py:190} INFO - [2024-10-28T00:27:28.927+0000] {dag.py:4180} INFO - Setting next_dagrun for example_branch_operator to 2024-10-27 00:00:00+00:00, run_after=2024-10-28 00:00:00+00:00
[2024-10-28T00:27:28.947+0000] {processor.py:208} INFO - Processing /home/airflow/.local/lib/python3.12/site-packages/airflow/example_dags/example_branch_operator.py took 0.098 seconds
[2024-10-28T00:27:59.839+0000] {processor.py:186} INFO - Started process (PID=49211) to work on /home/airflow/.local/lib/python3.12/site-packages/airflow/example_dags/example_branch_operator.py
[2024-10-28T00:27:59.840+0000] {processor.py:914} INFO - Processing file /home/airflow/.local/lib/python3.12/site-packages/airflow/example_dags/example_branch_operator.py for tasks to queue
[2024-10-28T00:27:59.842+0000] {logging_mixin.py:190} INFO - [2024-10-28T00:27:59.841+0000] {dagbag.py:588} INFO - Filling up the DagBag from /home/airflow/.local/lib/python3.12/site-packages/airflow/example_dags/example_branch_operator.py
[2024-10-28T00:27:59.859+0000] {processor.py:925} INFO - DAG(s) 'example_branch_operator' retrieved from /home/airflow/.local/lib/python3.12/site-packages/airflow/example_dags/example_branch_operator.py
[2024-10-28T00:27:59.888+0000] {logging_mixin.py:190} INFO - [2024-10-28T00:27:59.888+0000] {dag.py:3239} INFO - Sync 1 DAGs
[2024-10-28T00:27:59.912+0000] {logging_mixin.py:190} INFO - [2024-10-28T00:27:59.912+0000] {dag.py:4180} INFO - Setting next_dagrun for example_branch_operator to 2024-10-27 00:00:00+00:00, run_after=2024-10-28 00:00:00+00:00
[2024-10-28T00:27:59.933+0000] {processor.py:208} INFO - Processing /home/airflow/.local/lib/python3.12/site-packages/airflow/example_dags/example_branch_operator.py took 0.099 seconds
[2024-10-28T00:28:30.411+0000] {processor.py:186} INFO - Started process (PID=49285) to work on /home/airflow/.local/lib/python3.12/site-packages/airflow/example_dags/example_branch_operator.py
[2024-10-28T00:28:30.412+0000] {processor.py:914} INFO - Processing file /home/airflow/.local/lib/python3.12/site-packages/airflow/example_dags/example_branch_operator.py for tasks to queue
[2024-10-28T00:28:30.414+0000] {logging_mixin.py:190} INFO - [2024-10-28T00:28:30.413+0000] {dagbag.py:588} INFO - Filling up the DagBag from /home/airflow/.local/lib/python3.12/site-packages/airflow/example_dags/example_branch_operator.py
[2024-10-28T00:28:30.430+0000] {processor.py:925} INFO - DAG(s) 'example_branch_operator' retrieved from /home/airflow/.local/lib/python3.12/site-packages/airflow/example_dags/example_branch_operator.py
[2024-10-28T00:28:30.459+0000] {logging_mixin.py:190} INFO - [2024-10-28T00:28:30.459+0000] {dag.py:3239} INFO - Sync 1 DAGs
[2024-10-28T00:28:30.482+0000] {logging_mixin.py:190} INFO - [2024-10-28T00:28:30.481+0000] {dag.py:4180} INFO - Setting next_dagrun for example_branch_operator to 2024-10-27 00:00:00+00:00, run_after=2024-10-28 00:00:00+00:00
[2024-10-28T00:28:30.501+0000] {processor.py:208} INFO - Processing /home/airflow/.local/lib/python3.12/site-packages/airflow/example_dags/example_branch_operator.py took 0.096 seconds
[2024-10-28T00:29:01.119+0000] {processor.py:186} INFO - Started process (PID=49359) to work on /home/airflow/.local/lib/python3.12/site-packages/airflow/example_dags/example_branch_operator.py
[2024-10-28T00:29:01.121+0000] {processor.py:914} INFO - Processing file /home/airflow/.local/lib/python3.12/site-packages/airflow/example_dags/example_branch_operator.py for tasks to queue
[2024-10-28T00:29:01.122+0000] {logging_mixin.py:190} INFO - [2024-10-28T00:29:01.122+0000] {dagbag.py:588} INFO - Filling up the DagBag from /home/airflow/.local/lib/python3.12/site-packages/airflow/example_dags/example_branch_operator.py
[2024-10-28T00:29:01.144+0000] {processor.py:925} INFO - DAG(s) 'example_branch_operator' retrieved from /home/airflow/.local/lib/python3.12/site-packages/airflow/example_dags/example_branch_operator.py
[2024-10-28T00:29:01.182+0000] {logging_mixin.py:190} INFO - [2024-10-28T00:29:01.182+0000] {dag.py:3239} INFO - Sync 1 DAGs
[2024-10-28T00:29:01.214+0000] {logging_mixin.py:190} INFO - [2024-10-28T00:29:01.214+0000] {dag.py:4180} INFO - Setting next_dagrun for example_branch_operator to 2024-10-27 00:00:00+00:00, run_after=2024-10-28 00:00:00+00:00
[2024-10-28T00:29:01.246+0000] {processor.py:208} INFO - Processing /home/airflow/.local/lib/python3.12/site-packages/airflow/example_dags/example_branch_operator.py took 0.133 seconds
[2024-10-28T00:29:32.235+0000] {processor.py:186} INFO - Started process (PID=49433) to work on /home/airflow/.local/lib/python3.12/site-packages/airflow/example_dags/example_branch_operator.py
[2024-10-28T00:29:32.236+0000] {processor.py:914} INFO - Processing file /home/airflow/.local/lib/python3.12/site-packages/airflow/example_dags/example_branch_operator.py for tasks to queue
[2024-10-28T00:29:32.238+0000] {logging_mixin.py:190} INFO - [2024-10-28T00:29:32.237+0000] {dagbag.py:588} INFO - Filling up the DagBag from /home/airflow/.local/lib/python3.12/site-packages/airflow/example_dags/example_branch_operator.py
[2024-10-28T00:29:32.255+0000] {processor.py:925} INFO - DAG(s) 'example_branch_operator' retrieved from /home/airflow/.local/lib/python3.12/site-packages/airflow/example_dags/example_branch_operator.py
[2024-10-28T00:29:32.284+0000] {logging_mixin.py:190} INFO - [2024-10-28T00:29:32.284+0000] {dag.py:3239} INFO - Sync 1 DAGs
[2024-10-28T00:29:32.308+0000] {logging_mixin.py:190} INFO - [2024-10-28T00:29:32.307+0000] {dag.py:4180} INFO - Setting next_dagrun for example_branch_operator to 2024-10-27 00:00:00+00:00, run_after=2024-10-28 00:00:00+00:00
[2024-10-28T00:29:32.326+0000] {processor.py:208} INFO - Processing /home/airflow/.local/lib/python3.12/site-packages/airflow/example_dags/example_branch_operator.py took 0.096 seconds
[2024-10-28T00:30:03.058+0000] {processor.py:186} INFO - Started process (PID=49507) to work on /home/airflow/.local/lib/python3.12/site-packages/airflow/example_dags/example_branch_operator.py
[2024-10-28T00:30:03.059+0000] {processor.py:914} INFO - Processing file /home/airflow/.local/lib/python3.12/site-packages/airflow/example_dags/example_branch_operator.py for tasks to queue
[2024-10-28T00:30:03.060+0000] {logging_mixin.py:190} INFO - [2024-10-28T00:30:03.060+0000] {dagbag.py:588} INFO - Filling up the DagBag from /home/airflow/.local/lib/python3.12/site-packages/airflow/example_dags/example_branch_operator.py
[2024-10-28T00:30:03.077+0000] {processor.py:925} INFO - DAG(s) 'example_branch_operator' retrieved from /home/airflow/.local/lib/python3.12/site-packages/airflow/example_dags/example_branch_operator.py
[2024-10-28T00:30:03.106+0000] {logging_mixin.py:190} INFO - [2024-10-28T00:30:03.106+0000] {dag.py:3239} INFO - Sync 1 DAGs
[2024-10-28T00:30:03.131+0000] {logging_mixin.py:190} INFO - [2024-10-28T00:30:03.131+0000] {dag.py:4180} INFO - Setting next_dagrun for example_branch_operator to 2024-10-27 00:00:00+00:00, run_after=2024-10-28 00:00:00+00:00
[2024-10-28T00:30:03.149+0000] {processor.py:208} INFO - Processing /home/airflow/.local/lib/python3.12/site-packages/airflow/example_dags/example_branch_operator.py took 0.097 seconds
[2024-10-28T00:30:34.044+0000] {processor.py:186} INFO - Started process (PID=49581) to work on /home/airflow/.local/lib/python3.12/site-packages/airflow/example_dags/example_branch_operator.py
[2024-10-28T00:30:34.045+0000] {processor.py:914} INFO - Processing file /home/airflow/.local/lib/python3.12/site-packages/airflow/example_dags/example_branch_operator.py for tasks to queue
[2024-10-28T00:30:34.046+0000] {logging_mixin.py:190} INFO - [2024-10-28T00:30:34.046+0000] {dagbag.py:588} INFO - Filling up the DagBag from /home/airflow/.local/lib/python3.12/site-packages/airflow/example_dags/example_branch_operator.py
[2024-10-28T00:30:34.063+0000] {processor.py:925} INFO - DAG(s) 'example_branch_operator' retrieved from /home/airflow/.local/lib/python3.12/site-packages/airflow/example_dags/example_branch_operator.py
[2024-10-28T00:30:34.092+0000] {logging_mixin.py:190} INFO - [2024-10-28T00:30:34.092+0000] {dag.py:3239} INFO - Sync 1 DAGs
[2024-10-28T00:30:34.114+0000] {logging_mixin.py:190} INFO - [2024-10-28T00:30:34.114+0000] {dag.py:4180} INFO - Setting next_dagrun for example_branch_operator to 2024-10-27 00:00:00+00:00, run_after=2024-10-28 00:00:00+00:00
[2024-10-28T00:30:34.133+0000] {processor.py:208} INFO - Processing /home/airflow/.local/lib/python3.12/site-packages/airflow/example_dags/example_branch_operator.py took 0.095 seconds
[2024-10-28T00:31:04.793+0000] {processor.py:186} INFO - Started process (PID=49655) to work on /home/airflow/.local/lib/python3.12/site-packages/airflow/example_dags/example_branch_operator.py
[2024-10-28T00:31:04.794+0000] {processor.py:914} INFO - Processing file /home/airflow/.local/lib/python3.12/site-packages/airflow/example_dags/example_branch_operator.py for tasks to queue
[2024-10-28T00:31:04.795+0000] {logging_mixin.py:190} INFO - [2024-10-28T00:31:04.795+0000] {dagbag.py:588} INFO - Filling up the DagBag from /home/airflow/.local/lib/python3.12/site-packages/airflow/example_dags/example_branch_operator.py
[2024-10-28T00:31:04.813+0000] {processor.py:925} INFO - DAG(s) 'example_branch_operator' retrieved from /home/airflow/.local/lib/python3.12/site-packages/airflow/example_dags/example_branch_operator.py
[2024-10-28T00:31:04.841+0000] {logging_mixin.py:190} INFO - [2024-10-28T00:31:04.841+0000] {dag.py:3239} INFO - Sync 1 DAGs
[2024-10-28T00:31:04.864+0000] {logging_mixin.py:190} INFO - [2024-10-28T00:31:04.863+0000] {dag.py:4180} INFO - Setting next_dagrun for example_branch_operator to 2024-10-27 00:00:00+00:00, run_after=2024-10-28 00:00:00+00:00
[2024-10-28T00:31:04.883+0000] {processor.py:208} INFO - Processing /home/airflow/.local/lib/python3.12/site-packages/airflow/example_dags/example_branch_operator.py took 0.095 seconds
[2024-10-28T00:31:35.796+0000] {processor.py:186} INFO - Started process (PID=49729) to work on /home/airflow/.local/lib/python3.12/site-packages/airflow/example_dags/example_branch_operator.py
[2024-10-28T00:31:35.797+0000] {processor.py:914} INFO - Processing file /home/airflow/.local/lib/python3.12/site-packages/airflow/example_dags/example_branch_operator.py for tasks to queue
[2024-10-28T00:31:35.799+0000] {logging_mixin.py:190} INFO - [2024-10-28T00:31:35.798+0000] {dagbag.py:588} INFO - Filling up the DagBag from /home/airflow/.local/lib/python3.12/site-packages/airflow/example_dags/example_branch_operator.py
[2024-10-28T00:31:35.815+0000] {processor.py:925} INFO - DAG(s) 'example_branch_operator' retrieved from /home/airflow/.local/lib/python3.12/site-packages/airflow/example_dags/example_branch_operator.py
[2024-10-28T00:31:35.843+0000] {logging_mixin.py:190} INFO - [2024-10-28T00:31:35.842+0000] {dag.py:3239} INFO - Sync 1 DAGs
[2024-10-28T00:31:35.866+0000] {logging_mixin.py:190} INFO - [2024-10-28T00:31:35.866+0000] {dag.py:4180} INFO - Setting next_dagrun for example_branch_operator to 2024-10-27 00:00:00+00:00, run_after=2024-10-28 00:00:00+00:00
[2024-10-28T00:31:35.884+0000] {processor.py:208} INFO - Processing /home/airflow/.local/lib/python3.12/site-packages/airflow/example_dags/example_branch_operator.py took 0.093 seconds
[2024-10-28T00:32:06.665+0000] {processor.py:186} INFO - Started process (PID=49803) to work on /home/airflow/.local/lib/python3.12/site-packages/airflow/example_dags/example_branch_operator.py
[2024-10-28T00:32:06.666+0000] {processor.py:914} INFO - Processing file /home/airflow/.local/lib/python3.12/site-packages/airflow/example_dags/example_branch_operator.py for tasks to queue
[2024-10-28T00:32:06.668+0000] {logging_mixin.py:190} INFO - [2024-10-28T00:32:06.667+0000] {dagbag.py:588} INFO - Filling up the DagBag from /home/airflow/.local/lib/python3.12/site-packages/airflow/example_dags/example_branch_operator.py
[2024-10-28T00:32:06.688+0000] {processor.py:925} INFO - DAG(s) 'example_branch_operator' retrieved from /home/airflow/.local/lib/python3.12/site-packages/airflow/example_dags/example_branch_operator.py
[2024-10-28T00:32:06.721+0000] {logging_mixin.py:190} INFO - [2024-10-28T00:32:06.721+0000] {dag.py:3239} INFO - Sync 1 DAGs
[2024-10-28T00:32:06.748+0000] {logging_mixin.py:190} INFO - [2024-10-28T00:32:06.748+0000] {dag.py:4180} INFO - Setting next_dagrun for example_branch_operator to 2024-10-27 00:00:00+00:00, run_after=2024-10-28 00:00:00+00:00
[2024-10-28T00:32:06.768+0000] {processor.py:208} INFO - Processing /home/airflow/.local/lib/python3.12/site-packages/airflow/example_dags/example_branch_operator.py took 0.109 seconds
[2024-10-28T00:32:37.522+0000] {processor.py:186} INFO - Started process (PID=49877) to work on /home/airflow/.local/lib/python3.12/site-packages/airflow/example_dags/example_branch_operator.py
[2024-10-28T00:32:37.523+0000] {processor.py:914} INFO - Processing file /home/airflow/.local/lib/python3.12/site-packages/airflow/example_dags/example_branch_operator.py for tasks to queue
[2024-10-28T00:32:37.525+0000] {logging_mixin.py:190} INFO - [2024-10-28T00:32:37.524+0000] {dagbag.py:588} INFO - Filling up the DagBag from /home/airflow/.local/lib/python3.12/site-packages/airflow/example_dags/example_branch_operator.py
[2024-10-28T00:32:37.541+0000] {processor.py:925} INFO - DAG(s) 'example_branch_operator' retrieved from /home/airflow/.local/lib/python3.12/site-packages/airflow/example_dags/example_branch_operator.py
[2024-10-28T00:32:37.569+0000] {logging_mixin.py:190} INFO - [2024-10-28T00:32:37.568+0000] {dag.py:3239} INFO - Sync 1 DAGs
[2024-10-28T00:32:37.591+0000] {logging_mixin.py:190} INFO - [2024-10-28T00:32:37.590+0000] {dag.py:4180} INFO - Setting next_dagrun for example_branch_operator to 2024-10-27 00:00:00+00:00, run_after=2024-10-28 00:00:00+00:00
[2024-10-28T00:32:37.609+0000] {processor.py:208} INFO - Processing /home/airflow/.local/lib/python3.12/site-packages/airflow/example_dags/example_branch_operator.py took 0.093 seconds
[2024-10-28T00:33:08.304+0000] {processor.py:186} INFO - Started process (PID=49951) to work on /home/airflow/.local/lib/python3.12/site-packages/airflow/example_dags/example_branch_operator.py
[2024-10-28T00:33:08.305+0000] {processor.py:914} INFO - Processing file /home/airflow/.local/lib/python3.12/site-packages/airflow/example_dags/example_branch_operator.py for tasks to queue
[2024-10-28T00:33:08.306+0000] {logging_mixin.py:190} INFO - [2024-10-28T00:33:08.306+0000] {dagbag.py:588} INFO - Filling up the DagBag from /home/airflow/.local/lib/python3.12/site-packages/airflow/example_dags/example_branch_operator.py
[2024-10-28T00:33:08.323+0000] {processor.py:925} INFO - DAG(s) 'example_branch_operator' retrieved from /home/airflow/.local/lib/python3.12/site-packages/airflow/example_dags/example_branch_operator.py
[2024-10-28T00:33:08.351+0000] {logging_mixin.py:190} INFO - [2024-10-28T00:33:08.350+0000] {dag.py:3239} INFO - Sync 1 DAGs
[2024-10-28T00:33:08.372+0000] {logging_mixin.py:190} INFO - [2024-10-28T00:33:08.372+0000] {dag.py:4180} INFO - Setting next_dagrun for example_branch_operator to 2024-10-27 00:00:00+00:00, run_after=2024-10-28 00:00:00+00:00
[2024-10-28T00:33:08.395+0000] {processor.py:208} INFO - Processing /home/airflow/.local/lib/python3.12/site-packages/airflow/example_dags/example_branch_operator.py took 0.097 seconds
[2024-10-28T00:33:39.171+0000] {processor.py:186} INFO - Started process (PID=50031) to work on /home/airflow/.local/lib/python3.12/site-packages/airflow/example_dags/example_branch_operator.py
[2024-10-28T00:33:39.172+0000] {processor.py:914} INFO - Processing file /home/airflow/.local/lib/python3.12/site-packages/airflow/example_dags/example_branch_operator.py for tasks to queue
[2024-10-28T00:33:39.174+0000] {logging_mixin.py:190} INFO - [2024-10-28T00:33:39.173+0000] {dagbag.py:588} INFO - Filling up the DagBag from /home/airflow/.local/lib/python3.12/site-packages/airflow/example_dags/example_branch_operator.py
[2024-10-28T00:33:39.190+0000] {processor.py:925} INFO - DAG(s) 'example_branch_operator' retrieved from /home/airflow/.local/lib/python3.12/site-packages/airflow/example_dags/example_branch_operator.py
[2024-10-28T00:33:39.218+0000] {logging_mixin.py:190} INFO - [2024-10-28T00:33:39.217+0000] {dag.py:3239} INFO - Sync 1 DAGs
[2024-10-28T00:33:39.245+0000] {logging_mixin.py:190} INFO - [2024-10-28T00:33:39.244+0000] {dag.py:4180} INFO - Setting next_dagrun for example_branch_operator to 2024-10-27 00:00:00+00:00, run_after=2024-10-28 00:00:00+00:00
[2024-10-28T00:33:39.265+0000] {processor.py:208} INFO - Processing /home/airflow/.local/lib/python3.12/site-packages/airflow/example_dags/example_branch_operator.py took 0.100 seconds
