[2024-10-28T00:00:25.927+0000] {processor.py:186} INFO - Started process (PID=45221) to work on /home/airflow/.local/lib/python3.12/site-packages/airflow/example_dags/example_complex.py
[2024-10-28T00:00:25.928+0000] {processor.py:914} INFO - Processing file /home/airflow/.local/lib/python3.12/site-packages/airflow/example_dags/example_complex.py for tasks to queue
[2024-10-28T00:00:25.929+0000] {logging_mixin.py:190} INFO - [2024-10-28T00:00:25.929+0000] {dagbag.py:588} INFO - Filling up the DagBag from /home/airflow/.local/lib/python3.12/site-packages/airflow/example_dags/example_complex.py
[2024-10-28T00:00:25.942+0000] {processor.py:925} INFO - DAG(s) 'example_complex' retrieved from /home/airflow/.local/lib/python3.12/site-packages/airflow/example_dags/example_complex.py
[2024-10-28T00:00:25.975+0000] {logging_mixin.py:190} INFO - [2024-10-28T00:00:25.975+0000] {dag.py:3239} INFO - Sync 1 DAGs
[2024-10-28T00:00:25.990+0000] {logging_mixin.py:190} INFO - [2024-10-28T00:00:25.989+0000] {dag.py:4180} INFO - Setting next_dagrun for example_complex to None, run_after=None
[2024-10-28T00:00:26.010+0000] {processor.py:208} INFO - Processing /home/airflow/.local/lib/python3.12/site-packages/airflow/example_dags/example_complex.py took 0.089 seconds
[2024-10-28T00:00:56.609+0000] {processor.py:186} INFO - Started process (PID=45295) to work on /home/airflow/.local/lib/python3.12/site-packages/airflow/example_dags/example_complex.py
[2024-10-28T00:00:56.610+0000] {processor.py:914} INFO - Processing file /home/airflow/.local/lib/python3.12/site-packages/airflow/example_dags/example_complex.py for tasks to queue
[2024-10-28T00:00:56.611+0000] {logging_mixin.py:190} INFO - [2024-10-28T00:00:56.611+0000] {dagbag.py:588} INFO - Filling up the DagBag from /home/airflow/.local/lib/python3.12/site-packages/airflow/example_dags/example_complex.py
[2024-10-28T00:00:56.625+0000] {processor.py:925} INFO - DAG(s) 'example_complex' retrieved from /home/airflow/.local/lib/python3.12/site-packages/airflow/example_dags/example_complex.py
[2024-10-28T00:00:56.670+0000] {logging_mixin.py:190} INFO - [2024-10-28T00:00:56.669+0000] {dag.py:3239} INFO - Sync 1 DAGs
[2024-10-28T00:00:56.685+0000] {logging_mixin.py:190} INFO - [2024-10-28T00:00:56.685+0000] {dag.py:4180} INFO - Setting next_dagrun for example_complex to None, run_after=None
[2024-10-28T00:00:56.706+0000] {processor.py:208} INFO - Processing /home/airflow/.local/lib/python3.12/site-packages/airflow/example_dags/example_complex.py took 0.106 seconds
[2024-10-28T00:01:27.718+0000] {processor.py:186} INFO - Started process (PID=45369) to work on /home/airflow/.local/lib/python3.12/site-packages/airflow/example_dags/example_complex.py
[2024-10-28T00:01:27.720+0000] {processor.py:914} INFO - Processing file /home/airflow/.local/lib/python3.12/site-packages/airflow/example_dags/example_complex.py for tasks to queue
[2024-10-28T00:01:27.722+0000] {logging_mixin.py:190} INFO - [2024-10-28T00:01:27.721+0000] {dagbag.py:588} INFO - Filling up the DagBag from /home/airflow/.local/lib/python3.12/site-packages/airflow/example_dags/example_complex.py
[2024-10-28T00:01:27.737+0000] {processor.py:925} INFO - DAG(s) 'example_complex' retrieved from /home/airflow/.local/lib/python3.12/site-packages/airflow/example_dags/example_complex.py
[2024-10-28T00:01:27.784+0000] {logging_mixin.py:190} INFO - [2024-10-28T00:01:27.783+0000] {dag.py:3239} INFO - Sync 1 DAGs
[2024-10-28T00:01:27.803+0000] {logging_mixin.py:190} INFO - [2024-10-28T00:01:27.803+0000] {dag.py:4180} INFO - Setting next_dagrun for example_complex to None, run_after=None
[2024-10-28T00:01:27.828+0000] {processor.py:208} INFO - Processing /home/airflow/.local/lib/python3.12/site-packages/airflow/example_dags/example_complex.py took 0.117 seconds
[2024-10-28T00:01:58.621+0000] {processor.py:186} INFO - Started process (PID=45443) to work on /home/airflow/.local/lib/python3.12/site-packages/airflow/example_dags/example_complex.py
[2024-10-28T00:01:58.622+0000] {processor.py:914} INFO - Processing file /home/airflow/.local/lib/python3.12/site-packages/airflow/example_dags/example_complex.py for tasks to queue
[2024-10-28T00:01:58.624+0000] {logging_mixin.py:190} INFO - [2024-10-28T00:01:58.623+0000] {dagbag.py:588} INFO - Filling up the DagBag from /home/airflow/.local/lib/python3.12/site-packages/airflow/example_dags/example_complex.py
[2024-10-28T00:01:58.636+0000] {processor.py:925} INFO - DAG(s) 'example_complex' retrieved from /home/airflow/.local/lib/python3.12/site-packages/airflow/example_dags/example_complex.py
[2024-10-28T00:01:58.671+0000] {logging_mixin.py:190} INFO - [2024-10-28T00:01:58.670+0000] {dag.py:3239} INFO - Sync 1 DAGs
[2024-10-28T00:01:58.687+0000] {logging_mixin.py:190} INFO - [2024-10-28T00:01:58.686+0000] {dag.py:4180} INFO - Setting next_dagrun for example_complex to None, run_after=None
[2024-10-28T00:01:58.705+0000] {processor.py:208} INFO - Processing /home/airflow/.local/lib/python3.12/site-packages/airflow/example_dags/example_complex.py took 0.090 seconds
[2024-10-28T00:02:29.788+0000] {processor.py:186} INFO - Started process (PID=45517) to work on /home/airflow/.local/lib/python3.12/site-packages/airflow/example_dags/example_complex.py
[2024-10-28T00:02:29.789+0000] {processor.py:914} INFO - Processing file /home/airflow/.local/lib/python3.12/site-packages/airflow/example_dags/example_complex.py for tasks to queue
[2024-10-28T00:02:29.791+0000] {logging_mixin.py:190} INFO - [2024-10-28T00:02:29.791+0000] {dagbag.py:588} INFO - Filling up the DagBag from /home/airflow/.local/lib/python3.12/site-packages/airflow/example_dags/example_complex.py
[2024-10-28T00:02:29.804+0000] {processor.py:925} INFO - DAG(s) 'example_complex' retrieved from /home/airflow/.local/lib/python3.12/site-packages/airflow/example_dags/example_complex.py
[2024-10-28T00:02:29.838+0000] {logging_mixin.py:190} INFO - [2024-10-28T00:02:29.838+0000] {dag.py:3239} INFO - Sync 1 DAGs
[2024-10-28T00:02:29.853+0000] {logging_mixin.py:190} INFO - [2024-10-28T00:02:29.853+0000] {dag.py:4180} INFO - Setting next_dagrun for example_complex to None, run_after=None
[2024-10-28T00:02:29.873+0000] {processor.py:208} INFO - Processing /home/airflow/.local/lib/python3.12/site-packages/airflow/example_dags/example_complex.py took 0.092 seconds
[2024-10-28T00:03:00.114+0000] {processor.py:186} INFO - Started process (PID=45591) to work on /home/airflow/.local/lib/python3.12/site-packages/airflow/example_dags/example_complex.py
[2024-10-28T00:03:00.115+0000] {processor.py:914} INFO - Processing file /home/airflow/.local/lib/python3.12/site-packages/airflow/example_dags/example_complex.py for tasks to queue
[2024-10-28T00:03:00.117+0000] {logging_mixin.py:190} INFO - [2024-10-28T00:03:00.116+0000] {dagbag.py:588} INFO - Filling up the DagBag from /home/airflow/.local/lib/python3.12/site-packages/airflow/example_dags/example_complex.py
[2024-10-28T00:03:00.129+0000] {processor.py:925} INFO - DAG(s) 'example_complex' retrieved from /home/airflow/.local/lib/python3.12/site-packages/airflow/example_dags/example_complex.py
[2024-10-28T00:03:00.163+0000] {logging_mixin.py:190} INFO - [2024-10-28T00:03:00.163+0000] {dag.py:3239} INFO - Sync 1 DAGs
[2024-10-28T00:03:00.178+0000] {logging_mixin.py:190} INFO - [2024-10-28T00:03:00.177+0000] {dag.py:4180} INFO - Setting next_dagrun for example_complex to None, run_after=None
[2024-10-28T00:03:00.196+0000] {processor.py:208} INFO - Processing /home/airflow/.local/lib/python3.12/site-packages/airflow/example_dags/example_complex.py took 0.089 seconds
[2024-10-28T00:03:30.261+0000] {processor.py:186} INFO - Started process (PID=45653) to work on /home/airflow/.local/lib/python3.12/site-packages/airflow/example_dags/example_complex.py
[2024-10-28T00:03:30.263+0000] {processor.py:914} INFO - Processing file /home/airflow/.local/lib/python3.12/site-packages/airflow/example_dags/example_complex.py for tasks to queue
[2024-10-28T00:03:30.265+0000] {logging_mixin.py:190} INFO - [2024-10-28T00:03:30.264+0000] {dagbag.py:588} INFO - Filling up the DagBag from /home/airflow/.local/lib/python3.12/site-packages/airflow/example_dags/example_complex.py
[2024-10-28T00:03:30.277+0000] {processor.py:925} INFO - DAG(s) 'example_complex' retrieved from /home/airflow/.local/lib/python3.12/site-packages/airflow/example_dags/example_complex.py
[2024-10-28T00:03:30.311+0000] {logging_mixin.py:190} INFO - [2024-10-28T00:03:30.310+0000] {dag.py:3239} INFO - Sync 1 DAGs
[2024-10-28T00:03:30.325+0000] {logging_mixin.py:190} INFO - [2024-10-28T00:03:30.325+0000] {dag.py:4180} INFO - Setting next_dagrun for example_complex to None, run_after=None
[2024-10-28T00:03:30.343+0000] {processor.py:208} INFO - Processing /home/airflow/.local/lib/python3.12/site-packages/airflow/example_dags/example_complex.py took 0.087 seconds
[2024-10-28T00:04:00.398+0000] {processor.py:186} INFO - Started process (PID=45727) to work on /home/airflow/.local/lib/python3.12/site-packages/airflow/example_dags/example_complex.py
[2024-10-28T00:04:00.399+0000] {processor.py:914} INFO - Processing file /home/airflow/.local/lib/python3.12/site-packages/airflow/example_dags/example_complex.py for tasks to queue
[2024-10-28T00:04:00.401+0000] {logging_mixin.py:190} INFO - [2024-10-28T00:04:00.400+0000] {dagbag.py:588} INFO - Filling up the DagBag from /home/airflow/.local/lib/python3.12/site-packages/airflow/example_dags/example_complex.py
[2024-10-28T00:04:00.413+0000] {processor.py:925} INFO - DAG(s) 'example_complex' retrieved from /home/airflow/.local/lib/python3.12/site-packages/airflow/example_dags/example_complex.py
[2024-10-28T00:04:00.449+0000] {logging_mixin.py:190} INFO - [2024-10-28T00:04:00.449+0000] {dag.py:3239} INFO - Sync 1 DAGs
[2024-10-28T00:04:00.466+0000] {logging_mixin.py:190} INFO - [2024-10-28T00:04:00.466+0000] {dag.py:4180} INFO - Setting next_dagrun for example_complex to None, run_after=None
[2024-10-28T00:04:00.487+0000] {processor.py:208} INFO - Processing /home/airflow/.local/lib/python3.12/site-packages/airflow/example_dags/example_complex.py took 0.094 seconds
[2024-10-28T00:04:30.766+0000] {processor.py:186} INFO - Started process (PID=45801) to work on /home/airflow/.local/lib/python3.12/site-packages/airflow/example_dags/example_complex.py
[2024-10-28T00:04:30.767+0000] {processor.py:914} INFO - Processing file /home/airflow/.local/lib/python3.12/site-packages/airflow/example_dags/example_complex.py for tasks to queue
[2024-10-28T00:04:30.768+0000] {logging_mixin.py:190} INFO - [2024-10-28T00:04:30.768+0000] {dagbag.py:588} INFO - Filling up the DagBag from /home/airflow/.local/lib/python3.12/site-packages/airflow/example_dags/example_complex.py
[2024-10-28T00:04:30.781+0000] {processor.py:925} INFO - DAG(s) 'example_complex' retrieved from /home/airflow/.local/lib/python3.12/site-packages/airflow/example_dags/example_complex.py
[2024-10-28T00:04:30.816+0000] {logging_mixin.py:190} INFO - [2024-10-28T00:04:30.816+0000] {dag.py:3239} INFO - Sync 1 DAGs
[2024-10-28T00:04:30.830+0000] {logging_mixin.py:190} INFO - [2024-10-28T00:04:30.830+0000] {dag.py:4180} INFO - Setting next_dagrun for example_complex to None, run_after=None
[2024-10-28T00:04:30.848+0000] {processor.py:208} INFO - Processing /home/airflow/.local/lib/python3.12/site-packages/airflow/example_dags/example_complex.py took 0.088 seconds
[2024-10-28T00:05:01.257+0000] {processor.py:186} INFO - Started process (PID=45875) to work on /home/airflow/.local/lib/python3.12/site-packages/airflow/example_dags/example_complex.py
[2024-10-28T00:05:01.258+0000] {processor.py:914} INFO - Processing file /home/airflow/.local/lib/python3.12/site-packages/airflow/example_dags/example_complex.py for tasks to queue
[2024-10-28T00:05:01.259+0000] {logging_mixin.py:190} INFO - [2024-10-28T00:05:01.259+0000] {dagbag.py:588} INFO - Filling up the DagBag from /home/airflow/.local/lib/python3.12/site-packages/airflow/example_dags/example_complex.py
[2024-10-28T00:05:01.275+0000] {processor.py:925} INFO - DAG(s) 'example_complex' retrieved from /home/airflow/.local/lib/python3.12/site-packages/airflow/example_dags/example_complex.py
[2024-10-28T00:05:01.317+0000] {logging_mixin.py:190} INFO - [2024-10-28T00:05:01.317+0000] {dag.py:3239} INFO - Sync 1 DAGs
[2024-10-28T00:05:01.337+0000] {logging_mixin.py:190} INFO - [2024-10-28T00:05:01.336+0000] {dag.py:4180} INFO - Setting next_dagrun for example_complex to None, run_after=None
[2024-10-28T00:05:01.364+0000] {processor.py:208} INFO - Processing /home/airflow/.local/lib/python3.12/site-packages/airflow/example_dags/example_complex.py took 0.116 seconds
[2024-10-28T00:05:31.566+0000] {processor.py:186} INFO - Started process (PID=45949) to work on /home/airflow/.local/lib/python3.12/site-packages/airflow/example_dags/example_complex.py
[2024-10-28T00:05:31.568+0000] {processor.py:914} INFO - Processing file /home/airflow/.local/lib/python3.12/site-packages/airflow/example_dags/example_complex.py for tasks to queue
[2024-10-28T00:05:31.570+0000] {logging_mixin.py:190} INFO - [2024-10-28T00:05:31.570+0000] {dagbag.py:588} INFO - Filling up the DagBag from /home/airflow/.local/lib/python3.12/site-packages/airflow/example_dags/example_complex.py
[2024-10-28T00:05:31.585+0000] {processor.py:925} INFO - DAG(s) 'example_complex' retrieved from /home/airflow/.local/lib/python3.12/site-packages/airflow/example_dags/example_complex.py
[2024-10-28T00:05:31.621+0000] {logging_mixin.py:190} INFO - [2024-10-28T00:05:31.621+0000] {dag.py:3239} INFO - Sync 1 DAGs
[2024-10-28T00:05:31.638+0000] {logging_mixin.py:190} INFO - [2024-10-28T00:05:31.638+0000] {dag.py:4180} INFO - Setting next_dagrun for example_complex to None, run_after=None
[2024-10-28T00:05:31.657+0000] {processor.py:208} INFO - Processing /home/airflow/.local/lib/python3.12/site-packages/airflow/example_dags/example_complex.py took 0.099 seconds
[2024-10-28T00:06:01.866+0000] {processor.py:186} INFO - Started process (PID=46023) to work on /home/airflow/.local/lib/python3.12/site-packages/airflow/example_dags/example_complex.py
[2024-10-28T00:06:01.867+0000] {processor.py:914} INFO - Processing file /home/airflow/.local/lib/python3.12/site-packages/airflow/example_dags/example_complex.py for tasks to queue
[2024-10-28T00:06:01.869+0000] {logging_mixin.py:190} INFO - [2024-10-28T00:06:01.868+0000] {dagbag.py:588} INFO - Filling up the DagBag from /home/airflow/.local/lib/python3.12/site-packages/airflow/example_dags/example_complex.py
[2024-10-28T00:06:01.883+0000] {processor.py:925} INFO - DAG(s) 'example_complex' retrieved from /home/airflow/.local/lib/python3.12/site-packages/airflow/example_dags/example_complex.py
[2024-10-28T00:06:01.927+0000] {logging_mixin.py:190} INFO - [2024-10-28T00:06:01.926+0000] {dag.py:3239} INFO - Sync 1 DAGs
[2024-10-28T00:06:01.945+0000] {logging_mixin.py:190} INFO - [2024-10-28T00:06:01.945+0000] {dag.py:4180} INFO - Setting next_dagrun for example_complex to None, run_after=None
[2024-10-28T00:06:01.965+0000] {processor.py:208} INFO - Processing /home/airflow/.local/lib/python3.12/site-packages/airflow/example_dags/example_complex.py took 0.108 seconds
[2024-10-28T00:06:32.336+0000] {processor.py:186} INFO - Started process (PID=46097) to work on /home/airflow/.local/lib/python3.12/site-packages/airflow/example_dags/example_complex.py
[2024-10-28T00:06:32.337+0000] {processor.py:914} INFO - Processing file /home/airflow/.local/lib/python3.12/site-packages/airflow/example_dags/example_complex.py for tasks to queue
[2024-10-28T00:06:32.339+0000] {logging_mixin.py:190} INFO - [2024-10-28T00:06:32.338+0000] {dagbag.py:588} INFO - Filling up the DagBag from /home/airflow/.local/lib/python3.12/site-packages/airflow/example_dags/example_complex.py
[2024-10-28T00:06:32.351+0000] {processor.py:925} INFO - DAG(s) 'example_complex' retrieved from /home/airflow/.local/lib/python3.12/site-packages/airflow/example_dags/example_complex.py
[2024-10-28T00:06:32.389+0000] {logging_mixin.py:190} INFO - [2024-10-28T00:06:32.389+0000] {dag.py:3239} INFO - Sync 1 DAGs
[2024-10-28T00:06:32.406+0000] {logging_mixin.py:190} INFO - [2024-10-28T00:06:32.405+0000] {dag.py:4180} INFO - Setting next_dagrun for example_complex to None, run_after=None
[2024-10-28T00:06:32.426+0000] {processor.py:208} INFO - Processing /home/airflow/.local/lib/python3.12/site-packages/airflow/example_dags/example_complex.py took 0.095 seconds
[2024-10-28T00:07:03.026+0000] {processor.py:186} INFO - Started process (PID=46171) to work on /home/airflow/.local/lib/python3.12/site-packages/airflow/example_dags/example_complex.py
[2024-10-28T00:07:03.028+0000] {processor.py:914} INFO - Processing file /home/airflow/.local/lib/python3.12/site-packages/airflow/example_dags/example_complex.py for tasks to queue
[2024-10-28T00:07:03.029+0000] {logging_mixin.py:190} INFO - [2024-10-28T00:07:03.029+0000] {dagbag.py:588} INFO - Filling up the DagBag from /home/airflow/.local/lib/python3.12/site-packages/airflow/example_dags/example_complex.py
[2024-10-28T00:07:03.041+0000] {processor.py:925} INFO - DAG(s) 'example_complex' retrieved from /home/airflow/.local/lib/python3.12/site-packages/airflow/example_dags/example_complex.py
[2024-10-28T00:07:03.074+0000] {logging_mixin.py:190} INFO - [2024-10-28T00:07:03.074+0000] {dag.py:3239} INFO - Sync 1 DAGs
[2024-10-28T00:07:03.088+0000] {logging_mixin.py:190} INFO - [2024-10-28T00:07:03.088+0000] {dag.py:4180} INFO - Setting next_dagrun for example_complex to None, run_after=None
[2024-10-28T00:07:03.106+0000] {processor.py:208} INFO - Processing /home/airflow/.local/lib/python3.12/site-packages/airflow/example_dags/example_complex.py took 0.086 seconds
[2024-10-28T00:07:33.871+0000] {processor.py:186} INFO - Started process (PID=46245) to work on /home/airflow/.local/lib/python3.12/site-packages/airflow/example_dags/example_complex.py
[2024-10-28T00:07:33.872+0000] {processor.py:914} INFO - Processing file /home/airflow/.local/lib/python3.12/site-packages/airflow/example_dags/example_complex.py for tasks to queue
[2024-10-28T00:07:33.873+0000] {logging_mixin.py:190} INFO - [2024-10-28T00:07:33.873+0000] {dagbag.py:588} INFO - Filling up the DagBag from /home/airflow/.local/lib/python3.12/site-packages/airflow/example_dags/example_complex.py
[2024-10-28T00:07:33.886+0000] {processor.py:925} INFO - DAG(s) 'example_complex' retrieved from /home/airflow/.local/lib/python3.12/site-packages/airflow/example_dags/example_complex.py
[2024-10-28T00:07:33.919+0000] {logging_mixin.py:190} INFO - [2024-10-28T00:07:33.918+0000] {dag.py:3239} INFO - Sync 1 DAGs
[2024-10-28T00:07:33.933+0000] {logging_mixin.py:190} INFO - [2024-10-28T00:07:33.933+0000] {dag.py:4180} INFO - Setting next_dagrun for example_complex to None, run_after=None
[2024-10-28T00:07:33.951+0000] {processor.py:208} INFO - Processing /home/airflow/.local/lib/python3.12/site-packages/airflow/example_dags/example_complex.py took 0.089 seconds
[2024-10-28T00:08:04.427+0000] {processor.py:186} INFO - Started process (PID=46320) to work on /home/airflow/.local/lib/python3.12/site-packages/airflow/example_dags/example_complex.py
[2024-10-28T00:08:04.428+0000] {processor.py:914} INFO - Processing file /home/airflow/.local/lib/python3.12/site-packages/airflow/example_dags/example_complex.py for tasks to queue
[2024-10-28T00:08:04.429+0000] {logging_mixin.py:190} INFO - [2024-10-28T00:08:04.429+0000] {dagbag.py:588} INFO - Filling up the DagBag from /home/airflow/.local/lib/python3.12/site-packages/airflow/example_dags/example_complex.py
[2024-10-28T00:08:04.441+0000] {processor.py:925} INFO - DAG(s) 'example_complex' retrieved from /home/airflow/.local/lib/python3.12/site-packages/airflow/example_dags/example_complex.py
[2024-10-28T00:08:04.473+0000] {logging_mixin.py:190} INFO - [2024-10-28T00:08:04.473+0000] {dag.py:3239} INFO - Sync 1 DAGs
[2024-10-28T00:08:04.487+0000] {logging_mixin.py:190} INFO - [2024-10-28T00:08:04.487+0000] {dag.py:4180} INFO - Setting next_dagrun for example_complex to None, run_after=None
[2024-10-28T00:08:04.504+0000] {processor.py:208} INFO - Processing /home/airflow/.local/lib/python3.12/site-packages/airflow/example_dags/example_complex.py took 0.083 seconds
[2024-10-28T00:08:34.926+0000] {processor.py:186} INFO - Started process (PID=46394) to work on /home/airflow/.local/lib/python3.12/site-packages/airflow/example_dags/example_complex.py
[2024-10-28T00:08:34.927+0000] {processor.py:914} INFO - Processing file /home/airflow/.local/lib/python3.12/site-packages/airflow/example_dags/example_complex.py for tasks to queue
[2024-10-28T00:08:34.929+0000] {logging_mixin.py:190} INFO - [2024-10-28T00:08:34.929+0000] {dagbag.py:588} INFO - Filling up the DagBag from /home/airflow/.local/lib/python3.12/site-packages/airflow/example_dags/example_complex.py
[2024-10-28T00:08:34.950+0000] {processor.py:925} INFO - DAG(s) 'example_complex' retrieved from /home/airflow/.local/lib/python3.12/site-packages/airflow/example_dags/example_complex.py
[2024-10-28T00:08:34.989+0000] {logging_mixin.py:190} INFO - [2024-10-28T00:08:34.989+0000] {dag.py:3239} INFO - Sync 1 DAGs
[2024-10-28T00:08:35.008+0000] {logging_mixin.py:190} INFO - [2024-10-28T00:08:35.007+0000] {dag.py:4180} INFO - Setting next_dagrun for example_complex to None, run_after=None
[2024-10-28T00:08:35.032+0000] {processor.py:208} INFO - Processing /home/airflow/.local/lib/python3.12/site-packages/airflow/example_dags/example_complex.py took 0.113 seconds
[2024-10-28T00:09:05.833+0000] {processor.py:186} INFO - Started process (PID=46468) to work on /home/airflow/.local/lib/python3.12/site-packages/airflow/example_dags/example_complex.py
[2024-10-28T00:09:05.835+0000] {processor.py:914} INFO - Processing file /home/airflow/.local/lib/python3.12/site-packages/airflow/example_dags/example_complex.py for tasks to queue
[2024-10-28T00:09:05.838+0000] {logging_mixin.py:190} INFO - [2024-10-28T00:09:05.837+0000] {dagbag.py:588} INFO - Filling up the DagBag from /home/airflow/.local/lib/python3.12/site-packages/airflow/example_dags/example_complex.py
[2024-10-28T00:09:05.852+0000] {processor.py:925} INFO - DAG(s) 'example_complex' retrieved from /home/airflow/.local/lib/python3.12/site-packages/airflow/example_dags/example_complex.py
[2024-10-28T00:09:05.891+0000] {logging_mixin.py:190} INFO - [2024-10-28T00:09:05.891+0000] {dag.py:3239} INFO - Sync 1 DAGs
[2024-10-28T00:09:05.908+0000] {logging_mixin.py:190} INFO - [2024-10-28T00:09:05.908+0000] {dag.py:4180} INFO - Setting next_dagrun for example_complex to None, run_after=None
[2024-10-28T00:09:05.931+0000] {processor.py:208} INFO - Processing /home/airflow/.local/lib/python3.12/site-packages/airflow/example_dags/example_complex.py took 0.105 seconds
[2024-10-28T00:09:36.453+0000] {processor.py:186} INFO - Started process (PID=46542) to work on /home/airflow/.local/lib/python3.12/site-packages/airflow/example_dags/example_complex.py
[2024-10-28T00:09:36.454+0000] {processor.py:914} INFO - Processing file /home/airflow/.local/lib/python3.12/site-packages/airflow/example_dags/example_complex.py for tasks to queue
[2024-10-28T00:09:36.456+0000] {logging_mixin.py:190} INFO - [2024-10-28T00:09:36.456+0000] {dagbag.py:588} INFO - Filling up the DagBag from /home/airflow/.local/lib/python3.12/site-packages/airflow/example_dags/example_complex.py
[2024-10-28T00:09:36.471+0000] {processor.py:925} INFO - DAG(s) 'example_complex' retrieved from /home/airflow/.local/lib/python3.12/site-packages/airflow/example_dags/example_complex.py
[2024-10-28T00:09:36.524+0000] {logging_mixin.py:190} INFO - [2024-10-28T00:09:36.523+0000] {dag.py:3239} INFO - Sync 1 DAGs
[2024-10-28T00:09:36.542+0000] {logging_mixin.py:190} INFO - [2024-10-28T00:09:36.541+0000] {dag.py:4180} INFO - Setting next_dagrun for example_complex to None, run_after=None
[2024-10-28T00:09:36.566+0000] {processor.py:208} INFO - Processing /home/airflow/.local/lib/python3.12/site-packages/airflow/example_dags/example_complex.py took 0.121 seconds
[2024-10-28T00:10:06.774+0000] {processor.py:186} INFO - Started process (PID=46622) to work on /home/airflow/.local/lib/python3.12/site-packages/airflow/example_dags/example_complex.py
[2024-10-28T00:10:06.775+0000] {processor.py:914} INFO - Processing file /home/airflow/.local/lib/python3.12/site-packages/airflow/example_dags/example_complex.py for tasks to queue
[2024-10-28T00:10:06.778+0000] {logging_mixin.py:190} INFO - [2024-10-28T00:10:06.777+0000] {dagbag.py:588} INFO - Filling up the DagBag from /home/airflow/.local/lib/python3.12/site-packages/airflow/example_dags/example_complex.py
[2024-10-28T00:10:06.794+0000] {processor.py:925} INFO - DAG(s) 'example_complex' retrieved from /home/airflow/.local/lib/python3.12/site-packages/airflow/example_dags/example_complex.py
[2024-10-28T00:10:06.831+0000] {logging_mixin.py:190} INFO - [2024-10-28T00:10:06.831+0000] {dag.py:3239} INFO - Sync 1 DAGs
[2024-10-28T00:10:06.849+0000] {logging_mixin.py:190} INFO - [2024-10-28T00:10:06.848+0000] {dag.py:4180} INFO - Setting next_dagrun for example_complex to None, run_after=None
[2024-10-28T00:10:06.870+0000] {processor.py:208} INFO - Processing /home/airflow/.local/lib/python3.12/site-packages/airflow/example_dags/example_complex.py took 0.103 seconds
[2024-10-28T00:10:37.045+0000] {processor.py:186} INFO - Started process (PID=46696) to work on /home/airflow/.local/lib/python3.12/site-packages/airflow/example_dags/example_complex.py
[2024-10-28T00:10:37.047+0000] {processor.py:914} INFO - Processing file /home/airflow/.local/lib/python3.12/site-packages/airflow/example_dags/example_complex.py for tasks to queue
[2024-10-28T00:10:37.048+0000] {logging_mixin.py:190} INFO - [2024-10-28T00:10:37.048+0000] {dagbag.py:588} INFO - Filling up the DagBag from /home/airflow/.local/lib/python3.12/site-packages/airflow/example_dags/example_complex.py
[2024-10-28T00:10:37.066+0000] {processor.py:925} INFO - DAG(s) 'example_complex' retrieved from /home/airflow/.local/lib/python3.12/site-packages/airflow/example_dags/example_complex.py
[2024-10-28T00:10:37.104+0000] {logging_mixin.py:190} INFO - [2024-10-28T00:10:37.104+0000] {dag.py:3239} INFO - Sync 1 DAGs
[2024-10-28T00:10:37.125+0000] {logging_mixin.py:190} INFO - [2024-10-28T00:10:37.125+0000] {dag.py:4180} INFO - Setting next_dagrun for example_complex to None, run_after=None
[2024-10-28T00:10:37.161+0000] {processor.py:208} INFO - Processing /home/airflow/.local/lib/python3.12/site-packages/airflow/example_dags/example_complex.py took 0.126 seconds
[2024-10-28T00:11:08.055+0000] {processor.py:186} INFO - Started process (PID=46770) to work on /home/airflow/.local/lib/python3.12/site-packages/airflow/example_dags/example_complex.py
[2024-10-28T00:11:08.056+0000] {processor.py:914} INFO - Processing file /home/airflow/.local/lib/python3.12/site-packages/airflow/example_dags/example_complex.py for tasks to queue
[2024-10-28T00:11:08.058+0000] {logging_mixin.py:190} INFO - [2024-10-28T00:11:08.057+0000] {dagbag.py:588} INFO - Filling up the DagBag from /home/airflow/.local/lib/python3.12/site-packages/airflow/example_dags/example_complex.py
[2024-10-28T00:11:08.072+0000] {processor.py:925} INFO - DAG(s) 'example_complex' retrieved from /home/airflow/.local/lib/python3.12/site-packages/airflow/example_dags/example_complex.py
[2024-10-28T00:11:08.109+0000] {logging_mixin.py:190} INFO - [2024-10-28T00:11:08.109+0000] {dag.py:3239} INFO - Sync 1 DAGs
[2024-10-28T00:11:08.126+0000] {logging_mixin.py:190} INFO - [2024-10-28T00:11:08.126+0000] {dag.py:4180} INFO - Setting next_dagrun for example_complex to None, run_after=None
[2024-10-28T00:11:08.147+0000] {processor.py:208} INFO - Processing /home/airflow/.local/lib/python3.12/site-packages/airflow/example_dags/example_complex.py took 0.099 seconds
[2024-10-28T00:11:38.277+0000] {processor.py:186} INFO - Started process (PID=46844) to work on /home/airflow/.local/lib/python3.12/site-packages/airflow/example_dags/example_complex.py
[2024-10-28T00:11:38.278+0000] {processor.py:914} INFO - Processing file /home/airflow/.local/lib/python3.12/site-packages/airflow/example_dags/example_complex.py for tasks to queue
[2024-10-28T00:11:38.280+0000] {logging_mixin.py:190} INFO - [2024-10-28T00:11:38.280+0000] {dagbag.py:588} INFO - Filling up the DagBag from /home/airflow/.local/lib/python3.12/site-packages/airflow/example_dags/example_complex.py
[2024-10-28T00:11:38.293+0000] {processor.py:925} INFO - DAG(s) 'example_complex' retrieved from /home/airflow/.local/lib/python3.12/site-packages/airflow/example_dags/example_complex.py
[2024-10-28T00:11:38.326+0000] {logging_mixin.py:190} INFO - [2024-10-28T00:11:38.326+0000] {dag.py:3239} INFO - Sync 1 DAGs
[2024-10-28T00:11:38.341+0000] {logging_mixin.py:190} INFO - [2024-10-28T00:11:38.341+0000] {dag.py:4180} INFO - Setting next_dagrun for example_complex to None, run_after=None
[2024-10-28T00:11:38.360+0000] {processor.py:208} INFO - Processing /home/airflow/.local/lib/python3.12/site-packages/airflow/example_dags/example_complex.py took 0.088 seconds
[2024-10-28T00:12:08.717+0000] {processor.py:186} INFO - Started process (PID=46918) to work on /home/airflow/.local/lib/python3.12/site-packages/airflow/example_dags/example_complex.py
[2024-10-28T00:12:08.718+0000] {processor.py:914} INFO - Processing file /home/airflow/.local/lib/python3.12/site-packages/airflow/example_dags/example_complex.py for tasks to queue
[2024-10-28T00:12:08.719+0000] {logging_mixin.py:190} INFO - [2024-10-28T00:12:08.719+0000] {dagbag.py:588} INFO - Filling up the DagBag from /home/airflow/.local/lib/python3.12/site-packages/airflow/example_dags/example_complex.py
[2024-10-28T00:12:08.736+0000] {processor.py:925} INFO - DAG(s) 'example_complex' retrieved from /home/airflow/.local/lib/python3.12/site-packages/airflow/example_dags/example_complex.py
[2024-10-28T00:12:08.770+0000] {logging_mixin.py:190} INFO - [2024-10-28T00:12:08.770+0000] {dag.py:3239} INFO - Sync 1 DAGs
[2024-10-28T00:12:08.785+0000] {logging_mixin.py:190} INFO - [2024-10-28T00:12:08.785+0000] {dag.py:4180} INFO - Setting next_dagrun for example_complex to None, run_after=None
[2024-10-28T00:12:08.804+0000] {processor.py:208} INFO - Processing /home/airflow/.local/lib/python3.12/site-packages/airflow/example_dags/example_complex.py took 0.093 seconds
[2024-10-28T00:12:39.242+0000] {processor.py:186} INFO - Started process (PID=46992) to work on /home/airflow/.local/lib/python3.12/site-packages/airflow/example_dags/example_complex.py
[2024-10-28T00:12:39.243+0000] {processor.py:914} INFO - Processing file /home/airflow/.local/lib/python3.12/site-packages/airflow/example_dags/example_complex.py for tasks to queue
[2024-10-28T00:12:39.244+0000] {logging_mixin.py:190} INFO - [2024-10-28T00:12:39.244+0000] {dagbag.py:588} INFO - Filling up the DagBag from /home/airflow/.local/lib/python3.12/site-packages/airflow/example_dags/example_complex.py
[2024-10-28T00:12:39.256+0000] {processor.py:925} INFO - DAG(s) 'example_complex' retrieved from /home/airflow/.local/lib/python3.12/site-packages/airflow/example_dags/example_complex.py
[2024-10-28T00:12:39.287+0000] {logging_mixin.py:190} INFO - [2024-10-28T00:12:39.287+0000] {dag.py:3239} INFO - Sync 1 DAGs
[2024-10-28T00:12:39.301+0000] {logging_mixin.py:190} INFO - [2024-10-28T00:12:39.301+0000] {dag.py:4180} INFO - Setting next_dagrun for example_complex to None, run_after=None
[2024-10-28T00:12:39.319+0000] {processor.py:208} INFO - Processing /home/airflow/.local/lib/python3.12/site-packages/airflow/example_dags/example_complex.py took 0.084 seconds
[2024-10-28T00:13:09.592+0000] {processor.py:186} INFO - Started process (PID=47066) to work on /home/airflow/.local/lib/python3.12/site-packages/airflow/example_dags/example_complex.py
[2024-10-28T00:13:09.593+0000] {processor.py:914} INFO - Processing file /home/airflow/.local/lib/python3.12/site-packages/airflow/example_dags/example_complex.py for tasks to queue
[2024-10-28T00:13:09.595+0000] {logging_mixin.py:190} INFO - [2024-10-28T00:13:09.595+0000] {dagbag.py:588} INFO - Filling up the DagBag from /home/airflow/.local/lib/python3.12/site-packages/airflow/example_dags/example_complex.py
[2024-10-28T00:13:09.607+0000] {processor.py:925} INFO - DAG(s) 'example_complex' retrieved from /home/airflow/.local/lib/python3.12/site-packages/airflow/example_dags/example_complex.py
[2024-10-28T00:13:09.639+0000] {logging_mixin.py:190} INFO - [2024-10-28T00:13:09.638+0000] {dag.py:3239} INFO - Sync 1 DAGs
[2024-10-28T00:13:09.653+0000] {logging_mixin.py:190} INFO - [2024-10-28T00:13:09.653+0000] {dag.py:4180} INFO - Setting next_dagrun for example_complex to None, run_after=None
[2024-10-28T00:13:09.673+0000] {processor.py:208} INFO - Processing /home/airflow/.local/lib/python3.12/site-packages/airflow/example_dags/example_complex.py took 0.087 seconds
[2024-10-28T00:13:39.926+0000] {processor.py:186} INFO - Started process (PID=47140) to work on /home/airflow/.local/lib/python3.12/site-packages/airflow/example_dags/example_complex.py
[2024-10-28T00:13:39.927+0000] {processor.py:914} INFO - Processing file /home/airflow/.local/lib/python3.12/site-packages/airflow/example_dags/example_complex.py for tasks to queue
[2024-10-28T00:13:39.928+0000] {logging_mixin.py:190} INFO - [2024-10-28T00:13:39.928+0000] {dagbag.py:588} INFO - Filling up the DagBag from /home/airflow/.local/lib/python3.12/site-packages/airflow/example_dags/example_complex.py
[2024-10-28T00:13:39.940+0000] {processor.py:925} INFO - DAG(s) 'example_complex' retrieved from /home/airflow/.local/lib/python3.12/site-packages/airflow/example_dags/example_complex.py
[2024-10-28T00:13:39.974+0000] {logging_mixin.py:190} INFO - [2024-10-28T00:13:39.974+0000] {dag.py:3239} INFO - Sync 1 DAGs
[2024-10-28T00:13:39.988+0000] {logging_mixin.py:190} INFO - [2024-10-28T00:13:39.987+0000] {dag.py:4180} INFO - Setting next_dagrun for example_complex to None, run_after=None
[2024-10-28T00:13:40.005+0000] {processor.py:208} INFO - Processing /home/airflow/.local/lib/python3.12/site-packages/airflow/example_dags/example_complex.py took 0.084 seconds
[2024-10-28T00:14:10.250+0000] {processor.py:186} INFO - Started process (PID=47214) to work on /home/airflow/.local/lib/python3.12/site-packages/airflow/example_dags/example_complex.py
[2024-10-28T00:14:10.251+0000] {processor.py:914} INFO - Processing file /home/airflow/.local/lib/python3.12/site-packages/airflow/example_dags/example_complex.py for tasks to queue
[2024-10-28T00:14:10.252+0000] {logging_mixin.py:190} INFO - [2024-10-28T00:14:10.252+0000] {dagbag.py:588} INFO - Filling up the DagBag from /home/airflow/.local/lib/python3.12/site-packages/airflow/example_dags/example_complex.py
[2024-10-28T00:14:10.264+0000] {processor.py:925} INFO - DAG(s) 'example_complex' retrieved from /home/airflow/.local/lib/python3.12/site-packages/airflow/example_dags/example_complex.py
[2024-10-28T00:14:10.296+0000] {logging_mixin.py:190} INFO - [2024-10-28T00:14:10.295+0000] {dag.py:3239} INFO - Sync 1 DAGs
[2024-10-28T00:14:10.310+0000] {logging_mixin.py:190} INFO - [2024-10-28T00:14:10.309+0000] {dag.py:4180} INFO - Setting next_dagrun for example_complex to None, run_after=None
[2024-10-28T00:14:10.327+0000] {processor.py:208} INFO - Processing /home/airflow/.local/lib/python3.12/site-packages/airflow/example_dags/example_complex.py took 0.082 seconds
[2024-10-28T00:14:40.503+0000] {processor.py:186} INFO - Started process (PID=47288) to work on /home/airflow/.local/lib/python3.12/site-packages/airflow/example_dags/example_complex.py
[2024-10-28T00:14:40.504+0000] {processor.py:914} INFO - Processing file /home/airflow/.local/lib/python3.12/site-packages/airflow/example_dags/example_complex.py for tasks to queue
[2024-10-28T00:14:40.505+0000] {logging_mixin.py:190} INFO - [2024-10-28T00:14:40.505+0000] {dagbag.py:588} INFO - Filling up the DagBag from /home/airflow/.local/lib/python3.12/site-packages/airflow/example_dags/example_complex.py
[2024-10-28T00:14:40.517+0000] {processor.py:925} INFO - DAG(s) 'example_complex' retrieved from /home/airflow/.local/lib/python3.12/site-packages/airflow/example_dags/example_complex.py
[2024-10-28T00:14:40.551+0000] {logging_mixin.py:190} INFO - [2024-10-28T00:14:40.551+0000] {dag.py:3239} INFO - Sync 1 DAGs
[2024-10-28T00:14:40.566+0000] {logging_mixin.py:190} INFO - [2024-10-28T00:14:40.566+0000] {dag.py:4180} INFO - Setting next_dagrun for example_complex to None, run_after=None
[2024-10-28T00:14:40.583+0000] {processor.py:208} INFO - Processing /home/airflow/.local/lib/python3.12/site-packages/airflow/example_dags/example_complex.py took 0.086 seconds
[2024-10-28T00:15:11.033+0000] {processor.py:186} INFO - Started process (PID=47362) to work on /home/airflow/.local/lib/python3.12/site-packages/airflow/example_dags/example_complex.py
[2024-10-28T00:15:11.034+0000] {processor.py:914} INFO - Processing file /home/airflow/.local/lib/python3.12/site-packages/airflow/example_dags/example_complex.py for tasks to queue
[2024-10-28T00:15:11.035+0000] {logging_mixin.py:190} INFO - [2024-10-28T00:15:11.035+0000] {dagbag.py:588} INFO - Filling up the DagBag from /home/airflow/.local/lib/python3.12/site-packages/airflow/example_dags/example_complex.py
[2024-10-28T00:15:11.047+0000] {processor.py:925} INFO - DAG(s) 'example_complex' retrieved from /home/airflow/.local/lib/python3.12/site-packages/airflow/example_dags/example_complex.py
[2024-10-28T00:15:11.079+0000] {logging_mixin.py:190} INFO - [2024-10-28T00:15:11.079+0000] {dag.py:3239} INFO - Sync 1 DAGs
[2024-10-28T00:15:11.093+0000] {logging_mixin.py:190} INFO - [2024-10-28T00:15:11.093+0000] {dag.py:4180} INFO - Setting next_dagrun for example_complex to None, run_after=None
[2024-10-28T00:15:11.111+0000] {processor.py:208} INFO - Processing /home/airflow/.local/lib/python3.12/site-packages/airflow/example_dags/example_complex.py took 0.084 seconds
[2024-10-28T00:15:41.497+0000] {processor.py:186} INFO - Started process (PID=47436) to work on /home/airflow/.local/lib/python3.12/site-packages/airflow/example_dags/example_complex.py
[2024-10-28T00:15:41.498+0000] {processor.py:914} INFO - Processing file /home/airflow/.local/lib/python3.12/site-packages/airflow/example_dags/example_complex.py for tasks to queue
[2024-10-28T00:15:41.500+0000] {logging_mixin.py:190} INFO - [2024-10-28T00:15:41.500+0000] {dagbag.py:588} INFO - Filling up the DagBag from /home/airflow/.local/lib/python3.12/site-packages/airflow/example_dags/example_complex.py
[2024-10-28T00:15:41.512+0000] {processor.py:925} INFO - DAG(s) 'example_complex' retrieved from /home/airflow/.local/lib/python3.12/site-packages/airflow/example_dags/example_complex.py
[2024-10-28T00:15:41.543+0000] {logging_mixin.py:190} INFO - [2024-10-28T00:15:41.543+0000] {dag.py:3239} INFO - Sync 1 DAGs
[2024-10-28T00:15:41.557+0000] {logging_mixin.py:190} INFO - [2024-10-28T00:15:41.557+0000] {dag.py:4180} INFO - Setting next_dagrun for example_complex to None, run_after=None
[2024-10-28T00:15:41.574+0000] {processor.py:208} INFO - Processing /home/airflow/.local/lib/python3.12/site-packages/airflow/example_dags/example_complex.py took 0.082 seconds
[2024-10-28T00:16:12.382+0000] {processor.py:186} INFO - Started process (PID=47510) to work on /home/airflow/.local/lib/python3.12/site-packages/airflow/example_dags/example_complex.py
[2024-10-28T00:16:12.383+0000] {processor.py:914} INFO - Processing file /home/airflow/.local/lib/python3.12/site-packages/airflow/example_dags/example_complex.py for tasks to queue
[2024-10-28T00:16:12.385+0000] {logging_mixin.py:190} INFO - [2024-10-28T00:16:12.384+0000] {dagbag.py:588} INFO - Filling up the DagBag from /home/airflow/.local/lib/python3.12/site-packages/airflow/example_dags/example_complex.py
[2024-10-28T00:16:12.396+0000] {processor.py:925} INFO - DAG(s) 'example_complex' retrieved from /home/airflow/.local/lib/python3.12/site-packages/airflow/example_dags/example_complex.py
[2024-10-28T00:16:12.430+0000] {logging_mixin.py:190} INFO - [2024-10-28T00:16:12.429+0000] {dag.py:3239} INFO - Sync 1 DAGs
[2024-10-28T00:16:12.444+0000] {logging_mixin.py:190} INFO - [2024-10-28T00:16:12.444+0000] {dag.py:4180} INFO - Setting next_dagrun for example_complex to None, run_after=None
[2024-10-28T00:16:12.465+0000] {processor.py:208} INFO - Processing /home/airflow/.local/lib/python3.12/site-packages/airflow/example_dags/example_complex.py took 0.089 seconds
[2024-10-28T00:16:43.303+0000] {processor.py:186} INFO - Started process (PID=47584) to work on /home/airflow/.local/lib/python3.12/site-packages/airflow/example_dags/example_complex.py
[2024-10-28T00:16:43.304+0000] {processor.py:914} INFO - Processing file /home/airflow/.local/lib/python3.12/site-packages/airflow/example_dags/example_complex.py for tasks to queue
[2024-10-28T00:16:43.306+0000] {logging_mixin.py:190} INFO - [2024-10-28T00:16:43.305+0000] {dagbag.py:588} INFO - Filling up the DagBag from /home/airflow/.local/lib/python3.12/site-packages/airflow/example_dags/example_complex.py
[2024-10-28T00:16:43.317+0000] {processor.py:925} INFO - DAG(s) 'example_complex' retrieved from /home/airflow/.local/lib/python3.12/site-packages/airflow/example_dags/example_complex.py
[2024-10-28T00:16:43.350+0000] {logging_mixin.py:190} INFO - [2024-10-28T00:16:43.350+0000] {dag.py:3239} INFO - Sync 1 DAGs
[2024-10-28T00:16:43.364+0000] {logging_mixin.py:190} INFO - [2024-10-28T00:16:43.364+0000] {dag.py:4180} INFO - Setting next_dagrun for example_complex to None, run_after=None
[2024-10-28T00:16:43.382+0000] {processor.py:208} INFO - Processing /home/airflow/.local/lib/python3.12/site-packages/airflow/example_dags/example_complex.py took 0.084 seconds
[2024-10-28T00:17:13.869+0000] {processor.py:186} INFO - Started process (PID=47658) to work on /home/airflow/.local/lib/python3.12/site-packages/airflow/example_dags/example_complex.py
[2024-10-28T00:17:13.870+0000] {processor.py:914} INFO - Processing file /home/airflow/.local/lib/python3.12/site-packages/airflow/example_dags/example_complex.py for tasks to queue
[2024-10-28T00:17:13.871+0000] {logging_mixin.py:190} INFO - [2024-10-28T00:17:13.870+0000] {dagbag.py:588} INFO - Filling up the DagBag from /home/airflow/.local/lib/python3.12/site-packages/airflow/example_dags/example_complex.py
[2024-10-28T00:17:13.882+0000] {processor.py:925} INFO - DAG(s) 'example_complex' retrieved from /home/airflow/.local/lib/python3.12/site-packages/airflow/example_dags/example_complex.py
[2024-10-28T00:17:13.913+0000] {logging_mixin.py:190} INFO - [2024-10-28T00:17:13.913+0000] {dag.py:3239} INFO - Sync 1 DAGs
[2024-10-28T00:17:13.928+0000] {logging_mixin.py:190} INFO - [2024-10-28T00:17:13.928+0000] {dag.py:4180} INFO - Setting next_dagrun for example_complex to None, run_after=None
[2024-10-28T00:17:13.947+0000] {processor.py:208} INFO - Processing /home/airflow/.local/lib/python3.12/site-packages/airflow/example_dags/example_complex.py took 0.084 seconds
[2024-10-28T00:17:45.113+0000] {processor.py:186} INFO - Started process (PID=47732) to work on /home/airflow/.local/lib/python3.12/site-packages/airflow/example_dags/example_complex.py
[2024-10-28T00:17:45.115+0000] {processor.py:914} INFO - Processing file /home/airflow/.local/lib/python3.12/site-packages/airflow/example_dags/example_complex.py for tasks to queue
[2024-10-28T00:17:45.116+0000] {logging_mixin.py:190} INFO - [2024-10-28T00:17:45.116+0000] {dagbag.py:588} INFO - Filling up the DagBag from /home/airflow/.local/lib/python3.12/site-packages/airflow/example_dags/example_complex.py
[2024-10-28T00:17:45.129+0000] {processor.py:925} INFO - DAG(s) 'example_complex' retrieved from /home/airflow/.local/lib/python3.12/site-packages/airflow/example_dags/example_complex.py
[2024-10-28T00:17:45.164+0000] {logging_mixin.py:190} INFO - [2024-10-28T00:17:45.164+0000] {dag.py:3239} INFO - Sync 1 DAGs
[2024-10-28T00:17:45.181+0000] {logging_mixin.py:190} INFO - [2024-10-28T00:17:45.181+0000] {dag.py:4180} INFO - Setting next_dagrun for example_complex to None, run_after=None
[2024-10-28T00:17:45.206+0000] {processor.py:208} INFO - Processing /home/airflow/.local/lib/python3.12/site-packages/airflow/example_dags/example_complex.py took 0.100 seconds
[2024-10-28T00:18:15.346+0000] {processor.py:186} INFO - Started process (PID=47806) to work on /home/airflow/.local/lib/python3.12/site-packages/airflow/example_dags/example_complex.py
[2024-10-28T00:18:15.347+0000] {processor.py:914} INFO - Processing file /home/airflow/.local/lib/python3.12/site-packages/airflow/example_dags/example_complex.py for tasks to queue
[2024-10-28T00:18:15.349+0000] {logging_mixin.py:190} INFO - [2024-10-28T00:18:15.348+0000] {dagbag.py:588} INFO - Filling up the DagBag from /home/airflow/.local/lib/python3.12/site-packages/airflow/example_dags/example_complex.py
[2024-10-28T00:18:15.361+0000] {processor.py:925} INFO - DAG(s) 'example_complex' retrieved from /home/airflow/.local/lib/python3.12/site-packages/airflow/example_dags/example_complex.py
[2024-10-28T00:18:15.396+0000] {logging_mixin.py:190} INFO - [2024-10-28T00:18:15.395+0000] {dag.py:3239} INFO - Sync 1 DAGs
[2024-10-28T00:18:15.415+0000] {logging_mixin.py:190} INFO - [2024-10-28T00:18:15.415+0000] {dag.py:4180} INFO - Setting next_dagrun for example_complex to None, run_after=None
[2024-10-28T00:18:15.435+0000] {processor.py:208} INFO - Processing /home/airflow/.local/lib/python3.12/site-packages/airflow/example_dags/example_complex.py took 0.094 seconds
[2024-10-28T00:18:46.971+0000] {processor.py:186} INFO - Started process (PID=47880) to work on /home/airflow/.local/lib/python3.12/site-packages/airflow/example_dags/example_complex.py
[2024-10-28T00:18:46.972+0000] {processor.py:914} INFO - Processing file /home/airflow/.local/lib/python3.12/site-packages/airflow/example_dags/example_complex.py for tasks to queue
[2024-10-28T00:18:46.973+0000] {logging_mixin.py:190} INFO - [2024-10-28T00:18:46.973+0000] {dagbag.py:588} INFO - Filling up the DagBag from /home/airflow/.local/lib/python3.12/site-packages/airflow/example_dags/example_complex.py
[2024-10-28T00:18:46.987+0000] {processor.py:925} INFO - DAG(s) 'example_complex' retrieved from /home/airflow/.local/lib/python3.12/site-packages/airflow/example_dags/example_complex.py
[2024-10-28T00:18:47.026+0000] {logging_mixin.py:190} INFO - [2024-10-28T00:18:47.026+0000] {dag.py:3239} INFO - Sync 1 DAGs
[2024-10-28T00:18:47.044+0000] {logging_mixin.py:190} INFO - [2024-10-28T00:18:47.043+0000] {dag.py:4180} INFO - Setting next_dagrun for example_complex to None, run_after=None
[2024-10-28T00:18:47.066+0000] {processor.py:208} INFO - Processing /home/airflow/.local/lib/python3.12/site-packages/airflow/example_dags/example_complex.py took 0.103 seconds
[2024-10-28T00:19:17.464+0000] {processor.py:186} INFO - Started process (PID=47954) to work on /home/airflow/.local/lib/python3.12/site-packages/airflow/example_dags/example_complex.py
[2024-10-28T00:19:17.465+0000] {processor.py:914} INFO - Processing file /home/airflow/.local/lib/python3.12/site-packages/airflow/example_dags/example_complex.py for tasks to queue
[2024-10-28T00:19:17.467+0000] {logging_mixin.py:190} INFO - [2024-10-28T00:19:17.467+0000] {dagbag.py:588} INFO - Filling up the DagBag from /home/airflow/.local/lib/python3.12/site-packages/airflow/example_dags/example_complex.py
[2024-10-28T00:19:17.482+0000] {processor.py:925} INFO - DAG(s) 'example_complex' retrieved from /home/airflow/.local/lib/python3.12/site-packages/airflow/example_dags/example_complex.py
[2024-10-28T00:19:17.522+0000] {logging_mixin.py:190} INFO - [2024-10-28T00:19:17.522+0000] {dag.py:3239} INFO - Sync 1 DAGs
[2024-10-28T00:19:17.540+0000] {logging_mixin.py:190} INFO - [2024-10-28T00:19:17.539+0000] {dag.py:4180} INFO - Setting next_dagrun for example_complex to None, run_after=None
[2024-10-28T00:19:17.562+0000] {processor.py:208} INFO - Processing /home/airflow/.local/lib/python3.12/site-packages/airflow/example_dags/example_complex.py took 0.105 seconds
[2024-10-28T00:19:48.704+0000] {processor.py:186} INFO - Started process (PID=48028) to work on /home/airflow/.local/lib/python3.12/site-packages/airflow/example_dags/example_complex.py
[2024-10-28T00:19:48.705+0000] {processor.py:914} INFO - Processing file /home/airflow/.local/lib/python3.12/site-packages/airflow/example_dags/example_complex.py for tasks to queue
[2024-10-28T00:19:48.708+0000] {logging_mixin.py:190} INFO - [2024-10-28T00:19:48.707+0000] {dagbag.py:588} INFO - Filling up the DagBag from /home/airflow/.local/lib/python3.12/site-packages/airflow/example_dags/example_complex.py
[2024-10-28T00:19:48.727+0000] {processor.py:925} INFO - DAG(s) 'example_complex' retrieved from /home/airflow/.local/lib/python3.12/site-packages/airflow/example_dags/example_complex.py
[2024-10-28T00:19:48.774+0000] {logging_mixin.py:190} INFO - [2024-10-28T00:19:48.773+0000] {dag.py:3239} INFO - Sync 1 DAGs
[2024-10-28T00:19:48.797+0000] {logging_mixin.py:190} INFO - [2024-10-28T00:19:48.797+0000] {dag.py:4180} INFO - Setting next_dagrun for example_complex to None, run_after=None
[2024-10-28T00:19:48.817+0000] {processor.py:208} INFO - Processing /home/airflow/.local/lib/python3.12/site-packages/airflow/example_dags/example_complex.py took 0.121 seconds
[2024-10-28T00:20:19.299+0000] {processor.py:186} INFO - Started process (PID=48102) to work on /home/airflow/.local/lib/python3.12/site-packages/airflow/example_dags/example_complex.py
[2024-10-28T00:20:19.300+0000] {processor.py:914} INFO - Processing file /home/airflow/.local/lib/python3.12/site-packages/airflow/example_dags/example_complex.py for tasks to queue
[2024-10-28T00:20:19.302+0000] {logging_mixin.py:190} INFO - [2024-10-28T00:20:19.302+0000] {dagbag.py:588} INFO - Filling up the DagBag from /home/airflow/.local/lib/python3.12/site-packages/airflow/example_dags/example_complex.py
[2024-10-28T00:20:19.314+0000] {processor.py:925} INFO - DAG(s) 'example_complex' retrieved from /home/airflow/.local/lib/python3.12/site-packages/airflow/example_dags/example_complex.py
[2024-10-28T00:20:19.350+0000] {logging_mixin.py:190} INFO - [2024-10-28T00:20:19.350+0000] {dag.py:3239} INFO - Sync 1 DAGs
[2024-10-28T00:20:19.366+0000] {logging_mixin.py:190} INFO - [2024-10-28T00:20:19.366+0000] {dag.py:4180} INFO - Setting next_dagrun for example_complex to None, run_after=None
[2024-10-28T00:20:19.386+0000] {processor.py:208} INFO - Processing /home/airflow/.local/lib/python3.12/site-packages/airflow/example_dags/example_complex.py took 0.092 seconds
[2024-10-28T00:20:50.147+0000] {processor.py:186} INFO - Started process (PID=48176) to work on /home/airflow/.local/lib/python3.12/site-packages/airflow/example_dags/example_complex.py
[2024-10-28T00:20:50.148+0000] {processor.py:914} INFO - Processing file /home/airflow/.local/lib/python3.12/site-packages/airflow/example_dags/example_complex.py for tasks to queue
[2024-10-28T00:20:50.150+0000] {logging_mixin.py:190} INFO - [2024-10-28T00:20:50.149+0000] {dagbag.py:588} INFO - Filling up the DagBag from /home/airflow/.local/lib/python3.12/site-packages/airflow/example_dags/example_complex.py
[2024-10-28T00:20:50.162+0000] {processor.py:925} INFO - DAG(s) 'example_complex' retrieved from /home/airflow/.local/lib/python3.12/site-packages/airflow/example_dags/example_complex.py
[2024-10-28T00:20:50.196+0000] {logging_mixin.py:190} INFO - [2024-10-28T00:20:50.196+0000] {dag.py:3239} INFO - Sync 1 DAGs
[2024-10-28T00:20:50.212+0000] {logging_mixin.py:190} INFO - [2024-10-28T00:20:50.212+0000] {dag.py:4180} INFO - Setting next_dagrun for example_complex to None, run_after=None
[2024-10-28T00:20:50.232+0000] {processor.py:208} INFO - Processing /home/airflow/.local/lib/python3.12/site-packages/airflow/example_dags/example_complex.py took 0.091 seconds
[2024-10-28T00:21:20.813+0000] {processor.py:186} INFO - Started process (PID=48250) to work on /home/airflow/.local/lib/python3.12/site-packages/airflow/example_dags/example_complex.py
[2024-10-28T00:21:20.814+0000] {processor.py:914} INFO - Processing file /home/airflow/.local/lib/python3.12/site-packages/airflow/example_dags/example_complex.py for tasks to queue
[2024-10-28T00:21:20.816+0000] {logging_mixin.py:190} INFO - [2024-10-28T00:21:20.815+0000] {dagbag.py:588} INFO - Filling up the DagBag from /home/airflow/.local/lib/python3.12/site-packages/airflow/example_dags/example_complex.py
[2024-10-28T00:21:20.828+0000] {processor.py:925} INFO - DAG(s) 'example_complex' retrieved from /home/airflow/.local/lib/python3.12/site-packages/airflow/example_dags/example_complex.py
[2024-10-28T00:21:20.866+0000] {logging_mixin.py:190} INFO - [2024-10-28T00:21:20.866+0000] {dag.py:3239} INFO - Sync 1 DAGs
[2024-10-28T00:21:20.881+0000] {logging_mixin.py:190} INFO - [2024-10-28T00:21:20.881+0000] {dag.py:4180} INFO - Setting next_dagrun for example_complex to None, run_after=None
[2024-10-28T00:21:20.902+0000] {processor.py:208} INFO - Processing /home/airflow/.local/lib/python3.12/site-packages/airflow/example_dags/example_complex.py took 0.097 seconds
[2024-10-28T00:21:51.343+0000] {processor.py:186} INFO - Started process (PID=48324) to work on /home/airflow/.local/lib/python3.12/site-packages/airflow/example_dags/example_complex.py
[2024-10-28T00:21:51.344+0000] {processor.py:914} INFO - Processing file /home/airflow/.local/lib/python3.12/site-packages/airflow/example_dags/example_complex.py for tasks to queue
[2024-10-28T00:21:51.346+0000] {logging_mixin.py:190} INFO - [2024-10-28T00:21:51.346+0000] {dagbag.py:588} INFO - Filling up the DagBag from /home/airflow/.local/lib/python3.12/site-packages/airflow/example_dags/example_complex.py
[2024-10-28T00:21:51.359+0000] {processor.py:925} INFO - DAG(s) 'example_complex' retrieved from /home/airflow/.local/lib/python3.12/site-packages/airflow/example_dags/example_complex.py
[2024-10-28T00:21:51.394+0000] {logging_mixin.py:190} INFO - [2024-10-28T00:21:51.394+0000] {dag.py:3239} INFO - Sync 1 DAGs
[2024-10-28T00:21:51.410+0000] {logging_mixin.py:190} INFO - [2024-10-28T00:21:51.410+0000] {dag.py:4180} INFO - Setting next_dagrun for example_complex to None, run_after=None
[2024-10-28T00:21:51.428+0000] {processor.py:208} INFO - Processing /home/airflow/.local/lib/python3.12/site-packages/airflow/example_dags/example_complex.py took 0.092 seconds
[2024-10-28T00:22:22.279+0000] {processor.py:186} INFO - Started process (PID=48398) to work on /home/airflow/.local/lib/python3.12/site-packages/airflow/example_dags/example_complex.py
[2024-10-28T00:22:22.280+0000] {processor.py:914} INFO - Processing file /home/airflow/.local/lib/python3.12/site-packages/airflow/example_dags/example_complex.py for tasks to queue
[2024-10-28T00:22:22.281+0000] {logging_mixin.py:190} INFO - [2024-10-28T00:22:22.281+0000] {dagbag.py:588} INFO - Filling up the DagBag from /home/airflow/.local/lib/python3.12/site-packages/airflow/example_dags/example_complex.py
[2024-10-28T00:22:22.296+0000] {processor.py:925} INFO - DAG(s) 'example_complex' retrieved from /home/airflow/.local/lib/python3.12/site-packages/airflow/example_dags/example_complex.py
[2024-10-28T00:22:22.330+0000] {logging_mixin.py:190} INFO - [2024-10-28T00:22:22.330+0000] {dag.py:3239} INFO - Sync 1 DAGs
[2024-10-28T00:22:22.348+0000] {logging_mixin.py:190} INFO - [2024-10-28T00:22:22.347+0000] {dag.py:4180} INFO - Setting next_dagrun for example_complex to None, run_after=None
[2024-10-28T00:22:22.369+0000] {processor.py:208} INFO - Processing /home/airflow/.local/lib/python3.12/site-packages/airflow/example_dags/example_complex.py took 0.098 seconds
[2024-10-28T00:22:52.882+0000] {processor.py:186} INFO - Started process (PID=48472) to work on /home/airflow/.local/lib/python3.12/site-packages/airflow/example_dags/example_complex.py
[2024-10-28T00:22:52.884+0000] {processor.py:914} INFO - Processing file /home/airflow/.local/lib/python3.12/site-packages/airflow/example_dags/example_complex.py for tasks to queue
[2024-10-28T00:22:52.886+0000] {logging_mixin.py:190} INFO - [2024-10-28T00:22:52.885+0000] {dagbag.py:588} INFO - Filling up the DagBag from /home/airflow/.local/lib/python3.12/site-packages/airflow/example_dags/example_complex.py
[2024-10-28T00:22:52.898+0000] {processor.py:925} INFO - DAG(s) 'example_complex' retrieved from /home/airflow/.local/lib/python3.12/site-packages/airflow/example_dags/example_complex.py
[2024-10-28T00:22:52.936+0000] {logging_mixin.py:190} INFO - [2024-10-28T00:22:52.936+0000] {dag.py:3239} INFO - Sync 1 DAGs
[2024-10-28T00:22:52.955+0000] {logging_mixin.py:190} INFO - [2024-10-28T00:22:52.955+0000] {dag.py:4180} INFO - Setting next_dagrun for example_complex to None, run_after=None
[2024-10-28T00:22:52.978+0000] {processor.py:208} INFO - Processing /home/airflow/.local/lib/python3.12/site-packages/airflow/example_dags/example_complex.py took 0.102 seconds
[2024-10-28T00:23:23.401+0000] {processor.py:186} INFO - Started process (PID=48546) to work on /home/airflow/.local/lib/python3.12/site-packages/airflow/example_dags/example_complex.py
[2024-10-28T00:23:23.402+0000] {processor.py:914} INFO - Processing file /home/airflow/.local/lib/python3.12/site-packages/airflow/example_dags/example_complex.py for tasks to queue
[2024-10-28T00:23:23.403+0000] {logging_mixin.py:190} INFO - [2024-10-28T00:23:23.403+0000] {dagbag.py:588} INFO - Filling up the DagBag from /home/airflow/.local/lib/python3.12/site-packages/airflow/example_dags/example_complex.py
[2024-10-28T00:23:23.415+0000] {processor.py:925} INFO - DAG(s) 'example_complex' retrieved from /home/airflow/.local/lib/python3.12/site-packages/airflow/example_dags/example_complex.py
[2024-10-28T00:23:23.450+0000] {logging_mixin.py:190} INFO - [2024-10-28T00:23:23.449+0000] {dag.py:3239} INFO - Sync 1 DAGs
[2024-10-28T00:23:23.465+0000] {logging_mixin.py:190} INFO - [2024-10-28T00:23:23.465+0000] {dag.py:4180} INFO - Setting next_dagrun for example_complex to None, run_after=None
[2024-10-28T00:23:23.483+0000] {processor.py:208} INFO - Processing /home/airflow/.local/lib/python3.12/site-packages/airflow/example_dags/example_complex.py took 0.088 seconds
[2024-10-28T00:23:55.219+0000] {processor.py:186} INFO - Started process (PID=48620) to work on /home/airflow/.local/lib/python3.12/site-packages/airflow/example_dags/example_complex.py
[2024-10-28T00:23:55.220+0000] {processor.py:914} INFO - Processing file /home/airflow/.local/lib/python3.12/site-packages/airflow/example_dags/example_complex.py for tasks to queue
[2024-10-28T00:23:55.222+0000] {logging_mixin.py:190} INFO - [2024-10-28T00:23:55.222+0000] {dagbag.py:588} INFO - Filling up the DagBag from /home/airflow/.local/lib/python3.12/site-packages/airflow/example_dags/example_complex.py
[2024-10-28T00:23:55.238+0000] {processor.py:925} INFO - DAG(s) 'example_complex' retrieved from /home/airflow/.local/lib/python3.12/site-packages/airflow/example_dags/example_complex.py
[2024-10-28T00:23:55.281+0000] {logging_mixin.py:190} INFO - [2024-10-28T00:23:55.281+0000] {dag.py:3239} INFO - Sync 1 DAGs
[2024-10-28T00:23:55.301+0000] {logging_mixin.py:190} INFO - [2024-10-28T00:23:55.301+0000] {dag.py:4180} INFO - Setting next_dagrun for example_complex to None, run_after=None
[2024-10-28T00:23:55.326+0000] {processor.py:208} INFO - Processing /home/airflow/.local/lib/python3.12/site-packages/airflow/example_dags/example_complex.py took 0.114 seconds
[2024-10-28T00:24:25.441+0000] {processor.py:186} INFO - Started process (PID=48693) to work on /home/airflow/.local/lib/python3.12/site-packages/airflow/example_dags/example_complex.py
[2024-10-28T00:24:25.442+0000] {processor.py:914} INFO - Processing file /home/airflow/.local/lib/python3.12/site-packages/airflow/example_dags/example_complex.py for tasks to queue
[2024-10-28T00:24:25.443+0000] {logging_mixin.py:190} INFO - [2024-10-28T00:24:25.443+0000] {dagbag.py:588} INFO - Filling up the DagBag from /home/airflow/.local/lib/python3.12/site-packages/airflow/example_dags/example_complex.py
[2024-10-28T00:24:25.455+0000] {processor.py:925} INFO - DAG(s) 'example_complex' retrieved from /home/airflow/.local/lib/python3.12/site-packages/airflow/example_dags/example_complex.py
[2024-10-28T00:24:25.487+0000] {logging_mixin.py:190} INFO - [2024-10-28T00:24:25.487+0000] {dag.py:3239} INFO - Sync 1 DAGs
[2024-10-28T00:24:25.502+0000] {logging_mixin.py:190} INFO - [2024-10-28T00:24:25.501+0000] {dag.py:4180} INFO - Setting next_dagrun for example_complex to None, run_after=None
[2024-10-28T00:24:25.522+0000] {processor.py:208} INFO - Processing /home/airflow/.local/lib/python3.12/site-packages/airflow/example_dags/example_complex.py took 0.087 seconds
[2024-10-28T00:24:56.047+0000] {processor.py:186} INFO - Started process (PID=48767) to work on /home/airflow/.local/lib/python3.12/site-packages/airflow/example_dags/example_complex.py
[2024-10-28T00:24:56.048+0000] {processor.py:914} INFO - Processing file /home/airflow/.local/lib/python3.12/site-packages/airflow/example_dags/example_complex.py for tasks to queue
[2024-10-28T00:24:56.050+0000] {logging_mixin.py:190} INFO - [2024-10-28T00:24:56.050+0000] {dagbag.py:588} INFO - Filling up the DagBag from /home/airflow/.local/lib/python3.12/site-packages/airflow/example_dags/example_complex.py
[2024-10-28T00:24:56.064+0000] {processor.py:925} INFO - DAG(s) 'example_complex' retrieved from /home/airflow/.local/lib/python3.12/site-packages/airflow/example_dags/example_complex.py
[2024-10-28T00:24:56.101+0000] {logging_mixin.py:190} INFO - [2024-10-28T00:24:56.101+0000] {dag.py:3239} INFO - Sync 1 DAGs
[2024-10-28T00:24:56.120+0000] {logging_mixin.py:190} INFO - [2024-10-28T00:24:56.120+0000] {dag.py:4180} INFO - Setting next_dagrun for example_complex to None, run_after=None
[2024-10-28T00:24:56.144+0000] {processor.py:208} INFO - Processing /home/airflow/.local/lib/python3.12/site-packages/airflow/example_dags/example_complex.py took 0.103 seconds
[2024-10-28T00:25:26.458+0000] {processor.py:186} INFO - Started process (PID=48841) to work on /home/airflow/.local/lib/python3.12/site-packages/airflow/example_dags/example_complex.py
[2024-10-28T00:25:26.459+0000] {processor.py:914} INFO - Processing file /home/airflow/.local/lib/python3.12/site-packages/airflow/example_dags/example_complex.py for tasks to queue
[2024-10-28T00:25:26.461+0000] {logging_mixin.py:190} INFO - [2024-10-28T00:25:26.461+0000] {dagbag.py:588} INFO - Filling up the DagBag from /home/airflow/.local/lib/python3.12/site-packages/airflow/example_dags/example_complex.py
[2024-10-28T00:25:26.474+0000] {processor.py:925} INFO - DAG(s) 'example_complex' retrieved from /home/airflow/.local/lib/python3.12/site-packages/airflow/example_dags/example_complex.py
[2024-10-28T00:25:26.507+0000] {logging_mixin.py:190} INFO - [2024-10-28T00:25:26.507+0000] {dag.py:3239} INFO - Sync 1 DAGs
[2024-10-28T00:25:26.523+0000] {logging_mixin.py:190} INFO - [2024-10-28T00:25:26.523+0000] {dag.py:4180} INFO - Setting next_dagrun for example_complex to None, run_after=None
[2024-10-28T00:25:26.543+0000] {processor.py:208} INFO - Processing /home/airflow/.local/lib/python3.12/site-packages/airflow/example_dags/example_complex.py took 0.091 seconds
[2024-10-28T00:25:57.054+0000] {processor.py:186} INFO - Started process (PID=48915) to work on /home/airflow/.local/lib/python3.12/site-packages/airflow/example_dags/example_complex.py
[2024-10-28T00:25:57.055+0000] {processor.py:914} INFO - Processing file /home/airflow/.local/lib/python3.12/site-packages/airflow/example_dags/example_complex.py for tasks to queue
[2024-10-28T00:25:57.056+0000] {logging_mixin.py:190} INFO - [2024-10-28T00:25:57.056+0000] {dagbag.py:588} INFO - Filling up the DagBag from /home/airflow/.local/lib/python3.12/site-packages/airflow/example_dags/example_complex.py
[2024-10-28T00:25:57.068+0000] {processor.py:925} INFO - DAG(s) 'example_complex' retrieved from /home/airflow/.local/lib/python3.12/site-packages/airflow/example_dags/example_complex.py
[2024-10-28T00:25:57.102+0000] {logging_mixin.py:190} INFO - [2024-10-28T00:25:57.102+0000] {dag.py:3239} INFO - Sync 1 DAGs
[2024-10-28T00:25:57.117+0000] {logging_mixin.py:190} INFO - [2024-10-28T00:25:57.117+0000] {dag.py:4180} INFO - Setting next_dagrun for example_complex to None, run_after=None
[2024-10-28T00:25:57.136+0000] {processor.py:208} INFO - Processing /home/airflow/.local/lib/python3.12/site-packages/airflow/example_dags/example_complex.py took 0.088 seconds
[2024-10-28T00:26:27.545+0000] {processor.py:186} INFO - Started process (PID=48989) to work on /home/airflow/.local/lib/python3.12/site-packages/airflow/example_dags/example_complex.py
[2024-10-28T00:26:27.546+0000] {processor.py:914} INFO - Processing file /home/airflow/.local/lib/python3.12/site-packages/airflow/example_dags/example_complex.py for tasks to queue
[2024-10-28T00:26:27.547+0000] {logging_mixin.py:190} INFO - [2024-10-28T00:26:27.547+0000] {dagbag.py:588} INFO - Filling up the DagBag from /home/airflow/.local/lib/python3.12/site-packages/airflow/example_dags/example_complex.py
[2024-10-28T00:26:27.560+0000] {processor.py:925} INFO - DAG(s) 'example_complex' retrieved from /home/airflow/.local/lib/python3.12/site-packages/airflow/example_dags/example_complex.py
[2024-10-28T00:26:27.599+0000] {logging_mixin.py:190} INFO - [2024-10-28T00:26:27.599+0000] {dag.py:3239} INFO - Sync 1 DAGs
[2024-10-28T00:26:27.617+0000] {logging_mixin.py:190} INFO - [2024-10-28T00:26:27.617+0000] {dag.py:4180} INFO - Setting next_dagrun for example_complex to None, run_after=None
[2024-10-28T00:26:27.640+0000] {processor.py:208} INFO - Processing /home/airflow/.local/lib/python3.12/site-packages/airflow/example_dags/example_complex.py took 0.102 seconds
[2024-10-28T00:26:57.942+0000] {processor.py:186} INFO - Started process (PID=49063) to work on /home/airflow/.local/lib/python3.12/site-packages/airflow/example_dags/example_complex.py
[2024-10-28T00:26:57.943+0000] {processor.py:914} INFO - Processing file /home/airflow/.local/lib/python3.12/site-packages/airflow/example_dags/example_complex.py for tasks to queue
[2024-10-28T00:26:57.944+0000] {logging_mixin.py:190} INFO - [2024-10-28T00:26:57.944+0000] {dagbag.py:588} INFO - Filling up the DagBag from /home/airflow/.local/lib/python3.12/site-packages/airflow/example_dags/example_complex.py
[2024-10-28T00:26:57.956+0000] {processor.py:925} INFO - DAG(s) 'example_complex' retrieved from /home/airflow/.local/lib/python3.12/site-packages/airflow/example_dags/example_complex.py
[2024-10-28T00:26:57.990+0000] {logging_mixin.py:190} INFO - [2024-10-28T00:26:57.989+0000] {dag.py:3239} INFO - Sync 1 DAGs
[2024-10-28T00:26:58.004+0000] {logging_mixin.py:190} INFO - [2024-10-28T00:26:58.004+0000] {dag.py:4180} INFO - Setting next_dagrun for example_complex to None, run_after=None
[2024-10-28T00:26:58.023+0000] {processor.py:208} INFO - Processing /home/airflow/.local/lib/python3.12/site-packages/airflow/example_dags/example_complex.py took 0.087 seconds
[2024-10-28T00:27:28.875+0000] {processor.py:186} INFO - Started process (PID=49138) to work on /home/airflow/.local/lib/python3.12/site-packages/airflow/example_dags/example_complex.py
[2024-10-28T00:27:28.876+0000] {processor.py:914} INFO - Processing file /home/airflow/.local/lib/python3.12/site-packages/airflow/example_dags/example_complex.py for tasks to queue
[2024-10-28T00:27:28.878+0000] {logging_mixin.py:190} INFO - [2024-10-28T00:27:28.877+0000] {dagbag.py:588} INFO - Filling up the DagBag from /home/airflow/.local/lib/python3.12/site-packages/airflow/example_dags/example_complex.py
[2024-10-28T00:27:28.890+0000] {processor.py:925} INFO - DAG(s) 'example_complex' retrieved from /home/airflow/.local/lib/python3.12/site-packages/airflow/example_dags/example_complex.py
[2024-10-28T00:27:28.922+0000] {logging_mixin.py:190} INFO - [2024-10-28T00:27:28.922+0000] {dag.py:3239} INFO - Sync 1 DAGs
[2024-10-28T00:27:28.937+0000] {logging_mixin.py:190} INFO - [2024-10-28T00:27:28.937+0000] {dag.py:4180} INFO - Setting next_dagrun for example_complex to None, run_after=None
[2024-10-28T00:27:28.958+0000] {processor.py:208} INFO - Processing /home/airflow/.local/lib/python3.12/site-packages/airflow/example_dags/example_complex.py took 0.088 seconds
[2024-10-28T00:27:59.839+0000] {processor.py:186} INFO - Started process (PID=49212) to work on /home/airflow/.local/lib/python3.12/site-packages/airflow/example_dags/example_complex.py
[2024-10-28T00:27:59.840+0000] {processor.py:914} INFO - Processing file /home/airflow/.local/lib/python3.12/site-packages/airflow/example_dags/example_complex.py for tasks to queue
[2024-10-28T00:27:59.842+0000] {logging_mixin.py:190} INFO - [2024-10-28T00:27:59.841+0000] {dagbag.py:588} INFO - Filling up the DagBag from /home/airflow/.local/lib/python3.12/site-packages/airflow/example_dags/example_complex.py
[2024-10-28T00:27:59.853+0000] {processor.py:925} INFO - DAG(s) 'example_complex' retrieved from /home/airflow/.local/lib/python3.12/site-packages/airflow/example_dags/example_complex.py
[2024-10-28T00:27:59.887+0000] {logging_mixin.py:190} INFO - [2024-10-28T00:27:59.887+0000] {dag.py:3239} INFO - Sync 1 DAGs
[2024-10-28T00:27:59.902+0000] {logging_mixin.py:190} INFO - [2024-10-28T00:27:59.902+0000] {dag.py:4180} INFO - Setting next_dagrun for example_complex to None, run_after=None
[2024-10-28T00:27:59.922+0000] {processor.py:208} INFO - Processing /home/airflow/.local/lib/python3.12/site-packages/airflow/example_dags/example_complex.py took 0.089 seconds
[2024-10-28T00:28:30.412+0000] {processor.py:186} INFO - Started process (PID=49286) to work on /home/airflow/.local/lib/python3.12/site-packages/airflow/example_dags/example_complex.py
[2024-10-28T00:28:30.413+0000] {processor.py:914} INFO - Processing file /home/airflow/.local/lib/python3.12/site-packages/airflow/example_dags/example_complex.py for tasks to queue
[2024-10-28T00:28:30.414+0000] {logging_mixin.py:190} INFO - [2024-10-28T00:28:30.414+0000] {dagbag.py:588} INFO - Filling up the DagBag from /home/airflow/.local/lib/python3.12/site-packages/airflow/example_dags/example_complex.py
[2024-10-28T00:28:30.426+0000] {processor.py:925} INFO - DAG(s) 'example_complex' retrieved from /home/airflow/.local/lib/python3.12/site-packages/airflow/example_dags/example_complex.py
[2024-10-28T00:28:30.459+0000] {logging_mixin.py:190} INFO - [2024-10-28T00:28:30.459+0000] {dag.py:3239} INFO - Sync 1 DAGs
[2024-10-28T00:28:30.473+0000] {logging_mixin.py:190} INFO - [2024-10-28T00:28:30.473+0000] {dag.py:4180} INFO - Setting next_dagrun for example_complex to None, run_after=None
[2024-10-28T00:28:30.491+0000] {processor.py:208} INFO - Processing /home/airflow/.local/lib/python3.12/site-packages/airflow/example_dags/example_complex.py took 0.085 seconds
[2024-10-28T00:29:01.256+0000] {processor.py:186} INFO - Started process (PID=49360) to work on /home/airflow/.local/lib/python3.12/site-packages/airflow/example_dags/example_complex.py
[2024-10-28T00:29:01.258+0000] {processor.py:914} INFO - Processing file /home/airflow/.local/lib/python3.12/site-packages/airflow/example_dags/example_complex.py for tasks to queue
[2024-10-28T00:29:01.260+0000] {logging_mixin.py:190} INFO - [2024-10-28T00:29:01.260+0000] {dagbag.py:588} INFO - Filling up the DagBag from /home/airflow/.local/lib/python3.12/site-packages/airflow/example_dags/example_complex.py
[2024-10-28T00:29:01.282+0000] {processor.py:925} INFO - DAG(s) 'example_complex' retrieved from /home/airflow/.local/lib/python3.12/site-packages/airflow/example_dags/example_complex.py
[2024-10-28T00:29:01.326+0000] {logging_mixin.py:190} INFO - [2024-10-28T00:29:01.326+0000] {dag.py:3239} INFO - Sync 1 DAGs
[2024-10-28T00:29:01.344+0000] {logging_mixin.py:190} INFO - [2024-10-28T00:29:01.343+0000] {dag.py:4180} INFO - Setting next_dagrun for example_complex to None, run_after=None
[2024-10-28T00:29:01.365+0000] {processor.py:208} INFO - Processing /home/airflow/.local/lib/python3.12/site-packages/airflow/example_dags/example_complex.py took 0.118 seconds
[2024-10-28T00:29:32.369+0000] {processor.py:186} INFO - Started process (PID=49434) to work on /home/airflow/.local/lib/python3.12/site-packages/airflow/example_dags/example_complex.py
[2024-10-28T00:29:32.370+0000] {processor.py:914} INFO - Processing file /home/airflow/.local/lib/python3.12/site-packages/airflow/example_dags/example_complex.py for tasks to queue
[2024-10-28T00:29:32.371+0000] {logging_mixin.py:190} INFO - [2024-10-28T00:29:32.371+0000] {dagbag.py:588} INFO - Filling up the DagBag from /home/airflow/.local/lib/python3.12/site-packages/airflow/example_dags/example_complex.py
[2024-10-28T00:29:32.384+0000] {processor.py:925} INFO - DAG(s) 'example_complex' retrieved from /home/airflow/.local/lib/python3.12/site-packages/airflow/example_dags/example_complex.py
[2024-10-28T00:29:32.417+0000] {logging_mixin.py:190} INFO - [2024-10-28T00:29:32.417+0000] {dag.py:3239} INFO - Sync 1 DAGs
[2024-10-28T00:29:32.432+0000] {logging_mixin.py:190} INFO - [2024-10-28T00:29:32.432+0000] {dag.py:4180} INFO - Setting next_dagrun for example_complex to None, run_after=None
[2024-10-28T00:29:32.452+0000] {processor.py:208} INFO - Processing /home/airflow/.local/lib/python3.12/site-packages/airflow/example_dags/example_complex.py took 0.089 seconds
[2024-10-28T00:30:03.058+0000] {processor.py:186} INFO - Started process (PID=49508) to work on /home/airflow/.local/lib/python3.12/site-packages/airflow/example_dags/example_complex.py
[2024-10-28T00:30:03.059+0000] {processor.py:914} INFO - Processing file /home/airflow/.local/lib/python3.12/site-packages/airflow/example_dags/example_complex.py for tasks to queue
[2024-10-28T00:30:03.061+0000] {logging_mixin.py:190} INFO - [2024-10-28T00:30:03.060+0000] {dagbag.py:588} INFO - Filling up the DagBag from /home/airflow/.local/lib/python3.12/site-packages/airflow/example_dags/example_complex.py
[2024-10-28T00:30:03.072+0000] {processor.py:925} INFO - DAG(s) 'example_complex' retrieved from /home/airflow/.local/lib/python3.12/site-packages/airflow/example_dags/example_complex.py
[2024-10-28T00:30:03.104+0000] {logging_mixin.py:190} INFO - [2024-10-28T00:30:03.104+0000] {dag.py:3239} INFO - Sync 1 DAGs
[2024-10-28T00:30:03.120+0000] {logging_mixin.py:190} INFO - [2024-10-28T00:30:03.120+0000] {dag.py:4180} INFO - Setting next_dagrun for example_complex to None, run_after=None
[2024-10-28T00:30:03.138+0000] {processor.py:208} INFO - Processing /home/airflow/.local/lib/python3.12/site-packages/airflow/example_dags/example_complex.py took 0.085 seconds
[2024-10-28T00:30:34.045+0000] {processor.py:186} INFO - Started process (PID=49582) to work on /home/airflow/.local/lib/python3.12/site-packages/airflow/example_dags/example_complex.py
[2024-10-28T00:30:34.046+0000] {processor.py:914} INFO - Processing file /home/airflow/.local/lib/python3.12/site-packages/airflow/example_dags/example_complex.py for tasks to queue
[2024-10-28T00:30:34.047+0000] {logging_mixin.py:190} INFO - [2024-10-28T00:30:34.047+0000] {dagbag.py:588} INFO - Filling up the DagBag from /home/airflow/.local/lib/python3.12/site-packages/airflow/example_dags/example_complex.py
[2024-10-28T00:30:34.060+0000] {processor.py:925} INFO - DAG(s) 'example_complex' retrieved from /home/airflow/.local/lib/python3.12/site-packages/airflow/example_dags/example_complex.py
[2024-10-28T00:30:34.092+0000] {logging_mixin.py:190} INFO - [2024-10-28T00:30:34.092+0000] {dag.py:3239} INFO - Sync 1 DAGs
[2024-10-28T00:30:34.106+0000] {logging_mixin.py:190} INFO - [2024-10-28T00:30:34.106+0000] {dag.py:4180} INFO - Setting next_dagrun for example_complex to None, run_after=None
[2024-10-28T00:30:34.124+0000] {processor.py:208} INFO - Processing /home/airflow/.local/lib/python3.12/site-packages/airflow/example_dags/example_complex.py took 0.085 seconds
[2024-10-28T00:31:04.793+0000] {processor.py:186} INFO - Started process (PID=49656) to work on /home/airflow/.local/lib/python3.12/site-packages/airflow/example_dags/example_complex.py
[2024-10-28T00:31:04.794+0000] {processor.py:914} INFO - Processing file /home/airflow/.local/lib/python3.12/site-packages/airflow/example_dags/example_complex.py for tasks to queue
[2024-10-28T00:31:04.795+0000] {logging_mixin.py:190} INFO - [2024-10-28T00:31:04.795+0000] {dagbag.py:588} INFO - Filling up the DagBag from /home/airflow/.local/lib/python3.12/site-packages/airflow/example_dags/example_complex.py
[2024-10-28T00:31:04.807+0000] {processor.py:925} INFO - DAG(s) 'example_complex' retrieved from /home/airflow/.local/lib/python3.12/site-packages/airflow/example_dags/example_complex.py
[2024-10-28T00:31:04.840+0000] {logging_mixin.py:190} INFO - [2024-10-28T00:31:04.840+0000] {dag.py:3239} INFO - Sync 1 DAGs
[2024-10-28T00:31:04.854+0000] {logging_mixin.py:190} INFO - [2024-10-28T00:31:04.854+0000] {dag.py:4180} INFO - Setting next_dagrun for example_complex to None, run_after=None
[2024-10-28T00:31:04.873+0000] {processor.py:208} INFO - Processing /home/airflow/.local/lib/python3.12/site-packages/airflow/example_dags/example_complex.py took 0.086 seconds
[2024-10-28T00:31:35.922+0000] {processor.py:186} INFO - Started process (PID=49730) to work on /home/airflow/.local/lib/python3.12/site-packages/airflow/example_dags/example_complex.py
[2024-10-28T00:31:35.923+0000] {processor.py:914} INFO - Processing file /home/airflow/.local/lib/python3.12/site-packages/airflow/example_dags/example_complex.py for tasks to queue
[2024-10-28T00:31:35.924+0000] {logging_mixin.py:190} INFO - [2024-10-28T00:31:35.924+0000] {dagbag.py:588} INFO - Filling up the DagBag from /home/airflow/.local/lib/python3.12/site-packages/airflow/example_dags/example_complex.py
[2024-10-28T00:31:35.936+0000] {processor.py:925} INFO - DAG(s) 'example_complex' retrieved from /home/airflow/.local/lib/python3.12/site-packages/airflow/example_dags/example_complex.py
[2024-10-28T00:31:35.967+0000] {logging_mixin.py:190} INFO - [2024-10-28T00:31:35.967+0000] {dag.py:3239} INFO - Sync 1 DAGs
[2024-10-28T00:31:35.981+0000] {logging_mixin.py:190} INFO - [2024-10-28T00:31:35.981+0000] {dag.py:4180} INFO - Setting next_dagrun for example_complex to None, run_after=None
[2024-10-28T00:31:35.998+0000] {processor.py:208} INFO - Processing /home/airflow/.local/lib/python3.12/site-packages/airflow/example_dags/example_complex.py took 0.081 seconds
[2024-10-28T00:32:06.746+0000] {processor.py:186} INFO - Started process (PID=49804) to work on /home/airflow/.local/lib/python3.12/site-packages/airflow/example_dags/example_complex.py
[2024-10-28T00:32:06.747+0000] {processor.py:914} INFO - Processing file /home/airflow/.local/lib/python3.12/site-packages/airflow/example_dags/example_complex.py for tasks to queue
[2024-10-28T00:32:06.748+0000] {logging_mixin.py:190} INFO - [2024-10-28T00:32:06.748+0000] {dagbag.py:588} INFO - Filling up the DagBag from /home/airflow/.local/lib/python3.12/site-packages/airflow/example_dags/example_complex.py
[2024-10-28T00:32:06.760+0000] {processor.py:925} INFO - DAG(s) 'example_complex' retrieved from /home/airflow/.local/lib/python3.12/site-packages/airflow/example_dags/example_complex.py
[2024-10-28T00:32:06.800+0000] {logging_mixin.py:190} INFO - [2024-10-28T00:32:06.800+0000] {dag.py:3239} INFO - Sync 1 DAGs
[2024-10-28T00:32:06.816+0000] {logging_mixin.py:190} INFO - [2024-10-28T00:32:06.816+0000] {dag.py:4180} INFO - Setting next_dagrun for example_complex to None, run_after=None
[2024-10-28T00:32:06.836+0000] {processor.py:208} INFO - Processing /home/airflow/.local/lib/python3.12/site-packages/airflow/example_dags/example_complex.py took 0.096 seconds
[2024-10-28T00:32:37.628+0000] {processor.py:186} INFO - Started process (PID=49878) to work on /home/airflow/.local/lib/python3.12/site-packages/airflow/example_dags/example_complex.py
[2024-10-28T00:32:37.629+0000] {processor.py:914} INFO - Processing file /home/airflow/.local/lib/python3.12/site-packages/airflow/example_dags/example_complex.py for tasks to queue
[2024-10-28T00:32:37.630+0000] {logging_mixin.py:190} INFO - [2024-10-28T00:32:37.630+0000] {dagbag.py:588} INFO - Filling up the DagBag from /home/airflow/.local/lib/python3.12/site-packages/airflow/example_dags/example_complex.py
[2024-10-28T00:32:37.641+0000] {processor.py:925} INFO - DAG(s) 'example_complex' retrieved from /home/airflow/.local/lib/python3.12/site-packages/airflow/example_dags/example_complex.py
[2024-10-28T00:32:37.673+0000] {logging_mixin.py:190} INFO - [2024-10-28T00:32:37.673+0000] {dag.py:3239} INFO - Sync 1 DAGs
[2024-10-28T00:32:37.687+0000] {logging_mixin.py:190} INFO - [2024-10-28T00:32:37.687+0000] {dag.py:4180} INFO - Setting next_dagrun for example_complex to None, run_after=None
[2024-10-28T00:32:37.704+0000] {processor.py:208} INFO - Processing /home/airflow/.local/lib/python3.12/site-packages/airflow/example_dags/example_complex.py took 0.082 seconds
[2024-10-28T00:33:08.438+0000] {processor.py:186} INFO - Started process (PID=49958) to work on /home/airflow/.local/lib/python3.12/site-packages/airflow/example_dags/example_complex.py
[2024-10-28T00:33:08.439+0000] {processor.py:914} INFO - Processing file /home/airflow/.local/lib/python3.12/site-packages/airflow/example_dags/example_complex.py for tasks to queue
[2024-10-28T00:33:08.440+0000] {logging_mixin.py:190} INFO - [2024-10-28T00:33:08.440+0000] {dagbag.py:588} INFO - Filling up the DagBag from /home/airflow/.local/lib/python3.12/site-packages/airflow/example_dags/example_complex.py
[2024-10-28T00:33:08.452+0000] {processor.py:925} INFO - DAG(s) 'example_complex' retrieved from /home/airflow/.local/lib/python3.12/site-packages/airflow/example_dags/example_complex.py
[2024-10-28T00:33:08.484+0000] {logging_mixin.py:190} INFO - [2024-10-28T00:33:08.484+0000] {dag.py:3239} INFO - Sync 1 DAGs
[2024-10-28T00:33:08.498+0000] {logging_mixin.py:190} INFO - [2024-10-28T00:33:08.498+0000] {dag.py:4180} INFO - Setting next_dagrun for example_complex to None, run_after=None
[2024-10-28T00:33:08.516+0000] {processor.py:208} INFO - Processing /home/airflow/.local/lib/python3.12/site-packages/airflow/example_dags/example_complex.py took 0.083 seconds
[2024-10-28T00:33:39.278+0000] {processor.py:186} INFO - Started process (PID=50032) to work on /home/airflow/.local/lib/python3.12/site-packages/airflow/example_dags/example_complex.py
[2024-10-28T00:33:39.279+0000] {processor.py:914} INFO - Processing file /home/airflow/.local/lib/python3.12/site-packages/airflow/example_dags/example_complex.py for tasks to queue
[2024-10-28T00:33:39.281+0000] {logging_mixin.py:190} INFO - [2024-10-28T00:33:39.281+0000] {dagbag.py:588} INFO - Filling up the DagBag from /home/airflow/.local/lib/python3.12/site-packages/airflow/example_dags/example_complex.py
[2024-10-28T00:33:39.294+0000] {processor.py:925} INFO - DAG(s) 'example_complex' retrieved from /home/airflow/.local/lib/python3.12/site-packages/airflow/example_dags/example_complex.py
[2024-10-28T00:33:39.329+0000] {logging_mixin.py:190} INFO - [2024-10-28T00:33:39.328+0000] {dag.py:3239} INFO - Sync 1 DAGs
[2024-10-28T00:33:39.344+0000] {logging_mixin.py:190} INFO - [2024-10-28T00:33:39.344+0000] {dag.py:4180} INFO - Setting next_dagrun for example_complex to None, run_after=None
[2024-10-28T00:33:39.363+0000] {processor.py:208} INFO - Processing /home/airflow/.local/lib/python3.12/site-packages/airflow/example_dags/example_complex.py took 0.091 seconds
