[2024-10-28T00:00:05.275+0000] {processor.py:186} INFO - Started process (PID=45162) to work on /home/airflow/.local/lib/python3.12/site-packages/airflow/example_dags/example_bash_decorator.py
[2024-10-28T00:00:05.276+0000] {processor.py:914} INFO - Processing file /home/airflow/.local/lib/python3.12/site-packages/airflow/example_dags/example_bash_decorator.py for tasks to queue
[2024-10-28T00:00:05.278+0000] {logging_mixin.py:190} INFO - [2024-10-28T00:00:05.278+0000] {dagbag.py:588} INFO - Filling up the DagBag from /home/airflow/.local/lib/python3.12/site-packages/airflow/example_dags/example_bash_decorator.py
[2024-10-28T00:00:05.296+0000] {processor.py:925} INFO - DAG(s) 'example_bash_decorator' retrieved from /home/airflow/.local/lib/python3.12/site-packages/airflow/example_dags/example_bash_decorator.py
[2024-10-28T00:00:05.321+0000] {logging_mixin.py:190} INFO - [2024-10-28T00:00:05.321+0000] {dag.py:3239} INFO - Sync 1 DAGs
[2024-10-28T00:00:05.336+0000] {logging_mixin.py:190} INFO - [2024-10-28T00:00:05.336+0000] {dag.py:4180} INFO - Setting next_dagrun for example_bash_decorator to None, run_after=None
[2024-10-28T00:00:05.355+0000] {processor.py:208} INFO - Processing /home/airflow/.local/lib/python3.12/site-packages/airflow/example_dags/example_bash_decorator.py took 0.086 seconds
[2024-10-28T00:00:35.929+0000] {processor.py:186} INFO - Started process (PID=45242) to work on /home/airflow/.local/lib/python3.12/site-packages/airflow/example_dags/example_bash_decorator.py
[2024-10-28T00:00:35.930+0000] {processor.py:914} INFO - Processing file /home/airflow/.local/lib/python3.12/site-packages/airflow/example_dags/example_bash_decorator.py for tasks to queue
[2024-10-28T00:00:35.932+0000] {logging_mixin.py:190} INFO - [2024-10-28T00:00:35.932+0000] {dagbag.py:588} INFO - Filling up the DagBag from /home/airflow/.local/lib/python3.12/site-packages/airflow/example_dags/example_bash_decorator.py
[2024-10-28T00:00:35.954+0000] {processor.py:925} INFO - DAG(s) 'example_bash_decorator' retrieved from /home/airflow/.local/lib/python3.12/site-packages/airflow/example_dags/example_bash_decorator.py
[2024-10-28T00:00:35.978+0000] {logging_mixin.py:190} INFO - [2024-10-28T00:00:35.977+0000] {dag.py:3239} INFO - Sync 1 DAGs
[2024-10-28T00:00:35.996+0000] {logging_mixin.py:190} INFO - [2024-10-28T00:00:35.996+0000] {dag.py:4180} INFO - Setting next_dagrun for example_bash_decorator to None, run_after=None
[2024-10-28T00:00:36.018+0000] {processor.py:208} INFO - Processing /home/airflow/.local/lib/python3.12/site-packages/airflow/example_dags/example_bash_decorator.py took 0.096 seconds
[2024-10-28T00:01:06.576+0000] {processor.py:186} INFO - Started process (PID=45316) to work on /home/airflow/.local/lib/python3.12/site-packages/airflow/example_dags/example_bash_decorator.py
[2024-10-28T00:01:06.578+0000] {processor.py:914} INFO - Processing file /home/airflow/.local/lib/python3.12/site-packages/airflow/example_dags/example_bash_decorator.py for tasks to queue
[2024-10-28T00:01:06.580+0000] {logging_mixin.py:190} INFO - [2024-10-28T00:01:06.580+0000] {dagbag.py:588} INFO - Filling up the DagBag from /home/airflow/.local/lib/python3.12/site-packages/airflow/example_dags/example_bash_decorator.py
[2024-10-28T00:01:06.607+0000] {processor.py:925} INFO - DAG(s) 'example_bash_decorator' retrieved from /home/airflow/.local/lib/python3.12/site-packages/airflow/example_dags/example_bash_decorator.py
[2024-10-28T00:01:06.636+0000] {logging_mixin.py:190} INFO - [2024-10-28T00:01:06.636+0000] {dag.py:3239} INFO - Sync 1 DAGs
[2024-10-28T00:01:06.655+0000] {logging_mixin.py:190} INFO - [2024-10-28T00:01:06.654+0000] {dag.py:4180} INFO - Setting next_dagrun for example_bash_decorator to None, run_after=None
[2024-10-28T00:01:06.689+0000] {processor.py:208} INFO - Processing /home/airflow/.local/lib/python3.12/site-packages/airflow/example_dags/example_bash_decorator.py took 0.120 seconds
[2024-10-28T00:01:36.744+0000] {processor.py:186} INFO - Started process (PID=45389) to work on /home/airflow/.local/lib/python3.12/site-packages/airflow/example_dags/example_bash_decorator.py
[2024-10-28T00:01:36.745+0000] {processor.py:914} INFO - Processing file /home/airflow/.local/lib/python3.12/site-packages/airflow/example_dags/example_bash_decorator.py for tasks to queue
[2024-10-28T00:01:36.747+0000] {logging_mixin.py:190} INFO - [2024-10-28T00:01:36.747+0000] {dagbag.py:588} INFO - Filling up the DagBag from /home/airflow/.local/lib/python3.12/site-packages/airflow/example_dags/example_bash_decorator.py
[2024-10-28T00:01:36.763+0000] {processor.py:925} INFO - DAG(s) 'example_bash_decorator' retrieved from /home/airflow/.local/lib/python3.12/site-packages/airflow/example_dags/example_bash_decorator.py
[2024-10-28T00:01:36.798+0000] {logging_mixin.py:190} INFO - [2024-10-28T00:01:36.798+0000] {dag.py:3239} INFO - Sync 1 DAGs
[2024-10-28T00:01:36.819+0000] {logging_mixin.py:190} INFO - [2024-10-28T00:01:36.819+0000] {dag.py:4180} INFO - Setting next_dagrun for example_bash_decorator to None, run_after=None
[2024-10-28T00:01:36.839+0000] {processor.py:208} INFO - Processing /home/airflow/.local/lib/python3.12/site-packages/airflow/example_dags/example_bash_decorator.py took 0.100 seconds
[2024-10-28T00:02:07.401+0000] {processor.py:186} INFO - Started process (PID=45464) to work on /home/airflow/.local/lib/python3.12/site-packages/airflow/example_dags/example_bash_decorator.py
[2024-10-28T00:02:07.402+0000] {processor.py:914} INFO - Processing file /home/airflow/.local/lib/python3.12/site-packages/airflow/example_dags/example_bash_decorator.py for tasks to queue
[2024-10-28T00:02:07.403+0000] {logging_mixin.py:190} INFO - [2024-10-28T00:02:07.403+0000] {dagbag.py:588} INFO - Filling up the DagBag from /home/airflow/.local/lib/python3.12/site-packages/airflow/example_dags/example_bash_decorator.py
[2024-10-28T00:02:07.418+0000] {processor.py:925} INFO - DAG(s) 'example_bash_decorator' retrieved from /home/airflow/.local/lib/python3.12/site-packages/airflow/example_dags/example_bash_decorator.py
[2024-10-28T00:02:07.442+0000] {logging_mixin.py:190} INFO - [2024-10-28T00:02:07.442+0000] {dag.py:3239} INFO - Sync 1 DAGs
[2024-10-28T00:02:07.457+0000] {logging_mixin.py:190} INFO - [2024-10-28T00:02:07.457+0000] {dag.py:4180} INFO - Setting next_dagrun for example_bash_decorator to None, run_after=None
[2024-10-28T00:02:07.476+0000] {processor.py:208} INFO - Processing /home/airflow/.local/lib/python3.12/site-packages/airflow/example_dags/example_bash_decorator.py took 0.080 seconds
[2024-10-28T00:02:37.638+0000] {processor.py:186} INFO - Started process (PID=45538) to work on /home/airflow/.local/lib/python3.12/site-packages/airflow/example_dags/example_bash_decorator.py
[2024-10-28T00:02:37.639+0000] {processor.py:914} INFO - Processing file /home/airflow/.local/lib/python3.12/site-packages/airflow/example_dags/example_bash_decorator.py for tasks to queue
[2024-10-28T00:02:37.640+0000] {logging_mixin.py:190} INFO - [2024-10-28T00:02:37.640+0000] {dagbag.py:588} INFO - Filling up the DagBag from /home/airflow/.local/lib/python3.12/site-packages/airflow/example_dags/example_bash_decorator.py
[2024-10-28T00:02:37.656+0000] {processor.py:925} INFO - DAG(s) 'example_bash_decorator' retrieved from /home/airflow/.local/lib/python3.12/site-packages/airflow/example_dags/example_bash_decorator.py
[2024-10-28T00:02:37.679+0000] {logging_mixin.py:190} INFO - [2024-10-28T00:02:37.679+0000] {dag.py:3239} INFO - Sync 1 DAGs
[2024-10-28T00:02:37.694+0000] {logging_mixin.py:190} INFO - [2024-10-28T00:02:37.693+0000] {dag.py:4180} INFO - Setting next_dagrun for example_bash_decorator to None, run_after=None
[2024-10-28T00:02:37.713+0000] {processor.py:208} INFO - Processing /home/airflow/.local/lib/python3.12/site-packages/airflow/example_dags/example_bash_decorator.py took 0.080 seconds
[2024-10-28T00:03:08.113+0000] {processor.py:186} INFO - Started process (PID=45612) to work on /home/airflow/.local/lib/python3.12/site-packages/airflow/example_dags/example_bash_decorator.py
[2024-10-28T00:03:08.114+0000] {processor.py:914} INFO - Processing file /home/airflow/.local/lib/python3.12/site-packages/airflow/example_dags/example_bash_decorator.py for tasks to queue
[2024-10-28T00:03:08.115+0000] {logging_mixin.py:190} INFO - [2024-10-28T00:03:08.115+0000] {dagbag.py:588} INFO - Filling up the DagBag from /home/airflow/.local/lib/python3.12/site-packages/airflow/example_dags/example_bash_decorator.py
[2024-10-28T00:03:08.129+0000] {processor.py:925} INFO - DAG(s) 'example_bash_decorator' retrieved from /home/airflow/.local/lib/python3.12/site-packages/airflow/example_dags/example_bash_decorator.py
[2024-10-28T00:03:08.154+0000] {logging_mixin.py:190} INFO - [2024-10-28T00:03:08.154+0000] {dag.py:3239} INFO - Sync 1 DAGs
[2024-10-28T00:03:08.169+0000] {logging_mixin.py:190} INFO - [2024-10-28T00:03:08.169+0000] {dag.py:4180} INFO - Setting next_dagrun for example_bash_decorator to None, run_after=None
[2024-10-28T00:03:08.188+0000] {processor.py:208} INFO - Processing /home/airflow/.local/lib/python3.12/site-packages/airflow/example_dags/example_bash_decorator.py took 0.081 seconds
[2024-10-28T00:03:38.322+0000] {processor.py:186} INFO - Started process (PID=45686) to work on /home/airflow/.local/lib/python3.12/site-packages/airflow/example_dags/example_bash_decorator.py
[2024-10-28T00:03:38.323+0000] {processor.py:914} INFO - Processing file /home/airflow/.local/lib/python3.12/site-packages/airflow/example_dags/example_bash_decorator.py for tasks to queue
[2024-10-28T00:03:38.324+0000] {logging_mixin.py:190} INFO - [2024-10-28T00:03:38.324+0000] {dagbag.py:588} INFO - Filling up the DagBag from /home/airflow/.local/lib/python3.12/site-packages/airflow/example_dags/example_bash_decorator.py
[2024-10-28T00:03:38.339+0000] {processor.py:925} INFO - DAG(s) 'example_bash_decorator' retrieved from /home/airflow/.local/lib/python3.12/site-packages/airflow/example_dags/example_bash_decorator.py
[2024-10-28T00:03:38.363+0000] {logging_mixin.py:190} INFO - [2024-10-28T00:03:38.363+0000] {dag.py:3239} INFO - Sync 1 DAGs
[2024-10-28T00:03:38.377+0000] {logging_mixin.py:190} INFO - [2024-10-28T00:03:38.377+0000] {dag.py:4180} INFO - Setting next_dagrun for example_bash_decorator to None, run_after=None
[2024-10-28T00:03:38.397+0000] {processor.py:208} INFO - Processing /home/airflow/.local/lib/python3.12/site-packages/airflow/example_dags/example_bash_decorator.py took 0.081 seconds
[2024-10-28T00:04:09.071+0000] {processor.py:186} INFO - Started process (PID=45760) to work on /home/airflow/.local/lib/python3.12/site-packages/airflow/example_dags/example_bash_decorator.py
[2024-10-28T00:04:09.073+0000] {processor.py:914} INFO - Processing file /home/airflow/.local/lib/python3.12/site-packages/airflow/example_dags/example_bash_decorator.py for tasks to queue
[2024-10-28T00:04:09.074+0000] {logging_mixin.py:190} INFO - [2024-10-28T00:04:09.074+0000] {dagbag.py:588} INFO - Filling up the DagBag from /home/airflow/.local/lib/python3.12/site-packages/airflow/example_dags/example_bash_decorator.py
[2024-10-28T00:04:09.090+0000] {processor.py:925} INFO - DAG(s) 'example_bash_decorator' retrieved from /home/airflow/.local/lib/python3.12/site-packages/airflow/example_dags/example_bash_decorator.py
[2024-10-28T00:04:09.115+0000] {logging_mixin.py:190} INFO - [2024-10-28T00:04:09.115+0000] {dag.py:3239} INFO - Sync 1 DAGs
[2024-10-28T00:04:09.131+0000] {logging_mixin.py:190} INFO - [2024-10-28T00:04:09.131+0000] {dag.py:4180} INFO - Setting next_dagrun for example_bash_decorator to None, run_after=None
[2024-10-28T00:04:09.152+0000] {processor.py:208} INFO - Processing /home/airflow/.local/lib/python3.12/site-packages/airflow/example_dags/example_bash_decorator.py took 0.086 seconds
[2024-10-28T00:04:39.486+0000] {processor.py:186} INFO - Started process (PID=45834) to work on /home/airflow/.local/lib/python3.12/site-packages/airflow/example_dags/example_bash_decorator.py
[2024-10-28T00:04:39.487+0000] {processor.py:914} INFO - Processing file /home/airflow/.local/lib/python3.12/site-packages/airflow/example_dags/example_bash_decorator.py for tasks to queue
[2024-10-28T00:04:39.489+0000] {logging_mixin.py:190} INFO - [2024-10-28T00:04:39.489+0000] {dagbag.py:588} INFO - Filling up the DagBag from /home/airflow/.local/lib/python3.12/site-packages/airflow/example_dags/example_bash_decorator.py
[2024-10-28T00:04:39.502+0000] {processor.py:925} INFO - DAG(s) 'example_bash_decorator' retrieved from /home/airflow/.local/lib/python3.12/site-packages/airflow/example_dags/example_bash_decorator.py
[2024-10-28T00:04:39.524+0000] {logging_mixin.py:190} INFO - [2024-10-28T00:04:39.524+0000] {dag.py:3239} INFO - Sync 1 DAGs
[2024-10-28T00:04:39.537+0000] {logging_mixin.py:190} INFO - [2024-10-28T00:04:39.537+0000] {dag.py:4180} INFO - Setting next_dagrun for example_bash_decorator to None, run_after=None
[2024-10-28T00:04:39.555+0000] {processor.py:208} INFO - Processing /home/airflow/.local/lib/python3.12/site-packages/airflow/example_dags/example_bash_decorator.py took 0.074 seconds
[2024-10-28T00:05:10.020+0000] {processor.py:186} INFO - Started process (PID=45908) to work on /home/airflow/.local/lib/python3.12/site-packages/airflow/example_dags/example_bash_decorator.py
[2024-10-28T00:05:10.022+0000] {processor.py:914} INFO - Processing file /home/airflow/.local/lib/python3.12/site-packages/airflow/example_dags/example_bash_decorator.py for tasks to queue
[2024-10-28T00:05:10.023+0000] {logging_mixin.py:190} INFO - [2024-10-28T00:05:10.023+0000] {dagbag.py:588} INFO - Filling up the DagBag from /home/airflow/.local/lib/python3.12/site-packages/airflow/example_dags/example_bash_decorator.py
[2024-10-28T00:05:10.038+0000] {processor.py:925} INFO - DAG(s) 'example_bash_decorator' retrieved from /home/airflow/.local/lib/python3.12/site-packages/airflow/example_dags/example_bash_decorator.py
[2024-10-28T00:05:10.063+0000] {logging_mixin.py:190} INFO - [2024-10-28T00:05:10.062+0000] {dag.py:3239} INFO - Sync 1 DAGs
[2024-10-28T00:05:10.081+0000] {logging_mixin.py:190} INFO - [2024-10-28T00:05:10.080+0000] {dag.py:4180} INFO - Setting next_dagrun for example_bash_decorator to None, run_after=None
[2024-10-28T00:05:10.104+0000] {processor.py:208} INFO - Processing /home/airflow/.local/lib/python3.12/site-packages/airflow/example_dags/example_bash_decorator.py took 0.091 seconds
[2024-10-28T00:05:40.452+0000] {processor.py:186} INFO - Started process (PID=45982) to work on /home/airflow/.local/lib/python3.12/site-packages/airflow/example_dags/example_bash_decorator.py
[2024-10-28T00:05:40.453+0000] {processor.py:914} INFO - Processing file /home/airflow/.local/lib/python3.12/site-packages/airflow/example_dags/example_bash_decorator.py for tasks to queue
[2024-10-28T00:05:40.454+0000] {logging_mixin.py:190} INFO - [2024-10-28T00:05:40.454+0000] {dagbag.py:588} INFO - Filling up the DagBag from /home/airflow/.local/lib/python3.12/site-packages/airflow/example_dags/example_bash_decorator.py
[2024-10-28T00:05:40.470+0000] {processor.py:925} INFO - DAG(s) 'example_bash_decorator' retrieved from /home/airflow/.local/lib/python3.12/site-packages/airflow/example_dags/example_bash_decorator.py
[2024-10-28T00:05:40.498+0000] {logging_mixin.py:190} INFO - [2024-10-28T00:05:40.498+0000] {dag.py:3239} INFO - Sync 1 DAGs
[2024-10-28T00:05:40.513+0000] {logging_mixin.py:190} INFO - [2024-10-28T00:05:40.513+0000] {dag.py:4180} INFO - Setting next_dagrun for example_bash_decorator to None, run_after=None
[2024-10-28T00:05:40.534+0000] {processor.py:208} INFO - Processing /home/airflow/.local/lib/python3.12/site-packages/airflow/example_dags/example_bash_decorator.py took 0.088 seconds
[2024-10-28T00:06:10.822+0000] {processor.py:186} INFO - Started process (PID=46056) to work on /home/airflow/.local/lib/python3.12/site-packages/airflow/example_dags/example_bash_decorator.py
[2024-10-28T00:06:10.824+0000] {processor.py:914} INFO - Processing file /home/airflow/.local/lib/python3.12/site-packages/airflow/example_dags/example_bash_decorator.py for tasks to queue
[2024-10-28T00:06:10.825+0000] {logging_mixin.py:190} INFO - [2024-10-28T00:06:10.825+0000] {dagbag.py:588} INFO - Filling up the DagBag from /home/airflow/.local/lib/python3.12/site-packages/airflow/example_dags/example_bash_decorator.py
[2024-10-28T00:06:10.839+0000] {processor.py:925} INFO - DAG(s) 'example_bash_decorator' retrieved from /home/airflow/.local/lib/python3.12/site-packages/airflow/example_dags/example_bash_decorator.py
[2024-10-28T00:06:10.866+0000] {logging_mixin.py:190} INFO - [2024-10-28T00:06:10.866+0000] {dag.py:3239} INFO - Sync 1 DAGs
[2024-10-28T00:06:10.882+0000] {logging_mixin.py:190} INFO - [2024-10-28T00:06:10.881+0000] {dag.py:4180} INFO - Setting next_dagrun for example_bash_decorator to None, run_after=None
[2024-10-28T00:06:10.903+0000] {processor.py:208} INFO - Processing /home/airflow/.local/lib/python3.12/site-packages/airflow/example_dags/example_bash_decorator.py took 0.086 seconds
[2024-10-28T00:06:41.135+0000] {processor.py:186} INFO - Started process (PID=46130) to work on /home/airflow/.local/lib/python3.12/site-packages/airflow/example_dags/example_bash_decorator.py
[2024-10-28T00:06:41.136+0000] {processor.py:914} INFO - Processing file /home/airflow/.local/lib/python3.12/site-packages/airflow/example_dags/example_bash_decorator.py for tasks to queue
[2024-10-28T00:06:41.138+0000] {logging_mixin.py:190} INFO - [2024-10-28T00:06:41.138+0000] {dagbag.py:588} INFO - Filling up the DagBag from /home/airflow/.local/lib/python3.12/site-packages/airflow/example_dags/example_bash_decorator.py
[2024-10-28T00:06:41.162+0000] {processor.py:925} INFO - DAG(s) 'example_bash_decorator' retrieved from /home/airflow/.local/lib/python3.12/site-packages/airflow/example_dags/example_bash_decorator.py
[2024-10-28T00:06:41.186+0000] {logging_mixin.py:190} INFO - [2024-10-28T00:06:41.185+0000] {dag.py:3239} INFO - Sync 1 DAGs
[2024-10-28T00:06:41.203+0000] {logging_mixin.py:190} INFO - [2024-10-28T00:06:41.203+0000] {dag.py:4180} INFO - Setting next_dagrun for example_bash_decorator to None, run_after=None
[2024-10-28T00:06:41.225+0000] {processor.py:208} INFO - Processing /home/airflow/.local/lib/python3.12/site-packages/airflow/example_dags/example_bash_decorator.py took 0.095 seconds
[2024-10-28T00:07:11.277+0000] {processor.py:186} INFO - Started process (PID=46203) to work on /home/airflow/.local/lib/python3.12/site-packages/airflow/example_dags/example_bash_decorator.py
[2024-10-28T00:07:11.278+0000] {processor.py:914} INFO - Processing file /home/airflow/.local/lib/python3.12/site-packages/airflow/example_dags/example_bash_decorator.py for tasks to queue
[2024-10-28T00:07:11.280+0000] {logging_mixin.py:190} INFO - [2024-10-28T00:07:11.280+0000] {dagbag.py:588} INFO - Filling up the DagBag from /home/airflow/.local/lib/python3.12/site-packages/airflow/example_dags/example_bash_decorator.py
[2024-10-28T00:07:11.293+0000] {processor.py:925} INFO - DAG(s) 'example_bash_decorator' retrieved from /home/airflow/.local/lib/python3.12/site-packages/airflow/example_dags/example_bash_decorator.py
[2024-10-28T00:07:11.316+0000] {logging_mixin.py:190} INFO - [2024-10-28T00:07:11.316+0000] {dag.py:3239} INFO - Sync 1 DAGs
[2024-10-28T00:07:11.331+0000] {logging_mixin.py:190} INFO - [2024-10-28T00:07:11.331+0000] {dag.py:4180} INFO - Setting next_dagrun for example_bash_decorator to None, run_after=None
[2024-10-28T00:07:11.349+0000] {processor.py:208} INFO - Processing /home/airflow/.local/lib/python3.12/site-packages/airflow/example_dags/example_bash_decorator.py took 0.077 seconds
[2024-10-28T00:07:42.147+0000] {processor.py:186} INFO - Started process (PID=46279) to work on /home/airflow/.local/lib/python3.12/site-packages/airflow/example_dags/example_bash_decorator.py
[2024-10-28T00:07:42.148+0000] {processor.py:914} INFO - Processing file /home/airflow/.local/lib/python3.12/site-packages/airflow/example_dags/example_bash_decorator.py for tasks to queue
[2024-10-28T00:07:42.150+0000] {logging_mixin.py:190} INFO - [2024-10-28T00:07:42.149+0000] {dagbag.py:588} INFO - Filling up the DagBag from /home/airflow/.local/lib/python3.12/site-packages/airflow/example_dags/example_bash_decorator.py
[2024-10-28T00:07:42.164+0000] {processor.py:925} INFO - DAG(s) 'example_bash_decorator' retrieved from /home/airflow/.local/lib/python3.12/site-packages/airflow/example_dags/example_bash_decorator.py
[2024-10-28T00:07:42.187+0000] {logging_mixin.py:190} INFO - [2024-10-28T00:07:42.187+0000] {dag.py:3239} INFO - Sync 1 DAGs
[2024-10-28T00:07:42.203+0000] {logging_mixin.py:190} INFO - [2024-10-28T00:07:42.202+0000] {dag.py:4180} INFO - Setting next_dagrun for example_bash_decorator to None, run_after=None
[2024-10-28T00:07:42.224+0000] {processor.py:208} INFO - Processing /home/airflow/.local/lib/python3.12/site-packages/airflow/example_dags/example_bash_decorator.py took 0.083 seconds
[2024-10-28T00:08:12.417+0000] {processor.py:186} INFO - Started process (PID=46353) to work on /home/airflow/.local/lib/python3.12/site-packages/airflow/example_dags/example_bash_decorator.py
[2024-10-28T00:08:12.418+0000] {processor.py:914} INFO - Processing file /home/airflow/.local/lib/python3.12/site-packages/airflow/example_dags/example_bash_decorator.py for tasks to queue
[2024-10-28T00:08:12.419+0000] {logging_mixin.py:190} INFO - [2024-10-28T00:08:12.419+0000] {dagbag.py:588} INFO - Filling up the DagBag from /home/airflow/.local/lib/python3.12/site-packages/airflow/example_dags/example_bash_decorator.py
[2024-10-28T00:08:12.436+0000] {processor.py:925} INFO - DAG(s) 'example_bash_decorator' retrieved from /home/airflow/.local/lib/python3.12/site-packages/airflow/example_dags/example_bash_decorator.py
[2024-10-28T00:08:12.464+0000] {logging_mixin.py:190} INFO - [2024-10-28T00:08:12.464+0000] {dag.py:3239} INFO - Sync 1 DAGs
[2024-10-28T00:08:12.481+0000] {logging_mixin.py:190} INFO - [2024-10-28T00:08:12.481+0000] {dag.py:4180} INFO - Setting next_dagrun for example_bash_decorator to None, run_after=None
[2024-10-28T00:08:12.501+0000] {processor.py:208} INFO - Processing /home/airflow/.local/lib/python3.12/site-packages/airflow/example_dags/example_bash_decorator.py took 0.091 seconds
[2024-10-28T00:08:42.880+0000] {processor.py:186} INFO - Started process (PID=46415) to work on /home/airflow/.local/lib/python3.12/site-packages/airflow/example_dags/example_bash_decorator.py
[2024-10-28T00:08:42.881+0000] {processor.py:914} INFO - Processing file /home/airflow/.local/lib/python3.12/site-packages/airflow/example_dags/example_bash_decorator.py for tasks to queue
[2024-10-28T00:08:42.882+0000] {logging_mixin.py:190} INFO - [2024-10-28T00:08:42.882+0000] {dagbag.py:588} INFO - Filling up the DagBag from /home/airflow/.local/lib/python3.12/site-packages/airflow/example_dags/example_bash_decorator.py
[2024-10-28T00:08:42.896+0000] {processor.py:925} INFO - DAG(s) 'example_bash_decorator' retrieved from /home/airflow/.local/lib/python3.12/site-packages/airflow/example_dags/example_bash_decorator.py
[2024-10-28T00:08:42.919+0000] {logging_mixin.py:190} INFO - [2024-10-28T00:08:42.919+0000] {dag.py:3239} INFO - Sync 1 DAGs
[2024-10-28T00:08:42.934+0000] {logging_mixin.py:190} INFO - [2024-10-28T00:08:42.934+0000] {dag.py:4180} INFO - Setting next_dagrun for example_bash_decorator to None, run_after=None
[2024-10-28T00:08:42.952+0000] {processor.py:208} INFO - Processing /home/airflow/.local/lib/python3.12/site-packages/airflow/example_dags/example_bash_decorator.py took 0.078 seconds
[2024-10-28T00:09:13.760+0000] {processor.py:186} INFO - Started process (PID=46489) to work on /home/airflow/.local/lib/python3.12/site-packages/airflow/example_dags/example_bash_decorator.py
[2024-10-28T00:09:13.762+0000] {processor.py:914} INFO - Processing file /home/airflow/.local/lib/python3.12/site-packages/airflow/example_dags/example_bash_decorator.py for tasks to queue
[2024-10-28T00:09:13.765+0000] {logging_mixin.py:190} INFO - [2024-10-28T00:09:13.764+0000] {dagbag.py:588} INFO - Filling up the DagBag from /home/airflow/.local/lib/python3.12/site-packages/airflow/example_dags/example_bash_decorator.py
[2024-10-28T00:09:13.804+0000] {processor.py:925} INFO - DAG(s) 'example_bash_decorator' retrieved from /home/airflow/.local/lib/python3.12/site-packages/airflow/example_dags/example_bash_decorator.py
[2024-10-28T00:09:13.858+0000] {logging_mixin.py:190} INFO - [2024-10-28T00:09:13.858+0000] {dag.py:3239} INFO - Sync 1 DAGs
[2024-10-28T00:09:13.889+0000] {logging_mixin.py:190} INFO - [2024-10-28T00:09:13.888+0000] {dag.py:4180} INFO - Setting next_dagrun for example_bash_decorator to None, run_after=None
[2024-10-28T00:09:13.914+0000] {processor.py:208} INFO - Processing /home/airflow/.local/lib/python3.12/site-packages/airflow/example_dags/example_bash_decorator.py took 0.165 seconds
[2024-10-28T00:09:44.450+0000] {processor.py:186} INFO - Started process (PID=46563) to work on /home/airflow/.local/lib/python3.12/site-packages/airflow/example_dags/example_bash_decorator.py
[2024-10-28T00:09:44.451+0000] {processor.py:914} INFO - Processing file /home/airflow/.local/lib/python3.12/site-packages/airflow/example_dags/example_bash_decorator.py for tasks to queue
[2024-10-28T00:09:44.453+0000] {logging_mixin.py:190} INFO - [2024-10-28T00:09:44.452+0000] {dagbag.py:588} INFO - Filling up the DagBag from /home/airflow/.local/lib/python3.12/site-packages/airflow/example_dags/example_bash_decorator.py
[2024-10-28T00:09:44.469+0000] {processor.py:925} INFO - DAG(s) 'example_bash_decorator' retrieved from /home/airflow/.local/lib/python3.12/site-packages/airflow/example_dags/example_bash_decorator.py
[2024-10-28T00:09:44.497+0000] {logging_mixin.py:190} INFO - [2024-10-28T00:09:44.496+0000] {dag.py:3239} INFO - Sync 1 DAGs
[2024-10-28T00:09:44.516+0000] {logging_mixin.py:190} INFO - [2024-10-28T00:09:44.515+0000] {dag.py:4180} INFO - Setting next_dagrun for example_bash_decorator to None, run_after=None
[2024-10-28T00:09:44.542+0000] {processor.py:208} INFO - Processing /home/airflow/.local/lib/python3.12/site-packages/airflow/example_dags/example_bash_decorator.py took 0.100 seconds
[2024-10-28T00:10:14.794+0000] {processor.py:186} INFO - Started process (PID=46637) to work on /home/airflow/.local/lib/python3.12/site-packages/airflow/example_dags/example_bash_decorator.py
[2024-10-28T00:10:14.796+0000] {processor.py:914} INFO - Processing file /home/airflow/.local/lib/python3.12/site-packages/airflow/example_dags/example_bash_decorator.py for tasks to queue
[2024-10-28T00:10:14.798+0000] {logging_mixin.py:190} INFO - [2024-10-28T00:10:14.797+0000] {dagbag.py:588} INFO - Filling up the DagBag from /home/airflow/.local/lib/python3.12/site-packages/airflow/example_dags/example_bash_decorator.py
[2024-10-28T00:10:14.812+0000] {processor.py:925} INFO - DAG(s) 'example_bash_decorator' retrieved from /home/airflow/.local/lib/python3.12/site-packages/airflow/example_dags/example_bash_decorator.py
[2024-10-28T00:10:14.835+0000] {logging_mixin.py:190} INFO - [2024-10-28T00:10:14.835+0000] {dag.py:3239} INFO - Sync 1 DAGs
[2024-10-28T00:10:14.850+0000] {logging_mixin.py:190} INFO - [2024-10-28T00:10:14.850+0000] {dag.py:4180} INFO - Setting next_dagrun for example_bash_decorator to None, run_after=None
[2024-10-28T00:10:14.872+0000] {processor.py:208} INFO - Processing /home/airflow/.local/lib/python3.12/site-packages/airflow/example_dags/example_bash_decorator.py took 0.085 seconds
[2024-10-28T00:10:44.991+0000] {processor.py:186} INFO - Started process (PID=46711) to work on /home/airflow/.local/lib/python3.12/site-packages/airflow/example_dags/example_bash_decorator.py
[2024-10-28T00:10:44.992+0000] {processor.py:914} INFO - Processing file /home/airflow/.local/lib/python3.12/site-packages/airflow/example_dags/example_bash_decorator.py for tasks to queue
[2024-10-28T00:10:44.994+0000] {logging_mixin.py:190} INFO - [2024-10-28T00:10:44.993+0000] {dagbag.py:588} INFO - Filling up the DagBag from /home/airflow/.local/lib/python3.12/site-packages/airflow/example_dags/example_bash_decorator.py
[2024-10-28T00:10:45.009+0000] {processor.py:925} INFO - DAG(s) 'example_bash_decorator' retrieved from /home/airflow/.local/lib/python3.12/site-packages/airflow/example_dags/example_bash_decorator.py
[2024-10-28T00:10:45.034+0000] {logging_mixin.py:190} INFO - [2024-10-28T00:10:45.034+0000] {dag.py:3239} INFO - Sync 1 DAGs
[2024-10-28T00:10:45.065+0000] {logging_mixin.py:190} INFO - [2024-10-28T00:10:45.065+0000] {dag.py:4180} INFO - Setting next_dagrun for example_bash_decorator to None, run_after=None
[2024-10-28T00:10:45.090+0000] {processor.py:208} INFO - Processing /home/airflow/.local/lib/python3.12/site-packages/airflow/example_dags/example_bash_decorator.py took 0.105 seconds
[2024-10-28T00:11:15.909+0000] {processor.py:186} INFO - Started process (PID=46785) to work on /home/airflow/.local/lib/python3.12/site-packages/airflow/example_dags/example_bash_decorator.py
[2024-10-28T00:11:15.910+0000] {processor.py:914} INFO - Processing file /home/airflow/.local/lib/python3.12/site-packages/airflow/example_dags/example_bash_decorator.py for tasks to queue
[2024-10-28T00:11:15.911+0000] {logging_mixin.py:190} INFO - [2024-10-28T00:11:15.911+0000] {dagbag.py:588} INFO - Filling up the DagBag from /home/airflow/.local/lib/python3.12/site-packages/airflow/example_dags/example_bash_decorator.py
[2024-10-28T00:11:15.926+0000] {processor.py:925} INFO - DAG(s) 'example_bash_decorator' retrieved from /home/airflow/.local/lib/python3.12/site-packages/airflow/example_dags/example_bash_decorator.py
[2024-10-28T00:11:15.954+0000] {logging_mixin.py:190} INFO - [2024-10-28T00:11:15.954+0000] {dag.py:3239} INFO - Sync 1 DAGs
[2024-10-28T00:11:15.971+0000] {logging_mixin.py:190} INFO - [2024-10-28T00:11:15.970+0000] {dag.py:4180} INFO - Setting next_dagrun for example_bash_decorator to None, run_after=None
[2024-10-28T00:11:15.993+0000] {processor.py:208} INFO - Processing /home/airflow/.local/lib/python3.12/site-packages/airflow/example_dags/example_bash_decorator.py took 0.090 seconds
[2024-10-28T00:11:46.209+0000] {processor.py:186} INFO - Started process (PID=46859) to work on /home/airflow/.local/lib/python3.12/site-packages/airflow/example_dags/example_bash_decorator.py
[2024-10-28T00:11:46.210+0000] {processor.py:914} INFO - Processing file /home/airflow/.local/lib/python3.12/site-packages/airflow/example_dags/example_bash_decorator.py for tasks to queue
[2024-10-28T00:11:46.211+0000] {logging_mixin.py:190} INFO - [2024-10-28T00:11:46.211+0000] {dagbag.py:588} INFO - Filling up the DagBag from /home/airflow/.local/lib/python3.12/site-packages/airflow/example_dags/example_bash_decorator.py
[2024-10-28T00:11:46.225+0000] {processor.py:925} INFO - DAG(s) 'example_bash_decorator' retrieved from /home/airflow/.local/lib/python3.12/site-packages/airflow/example_dags/example_bash_decorator.py
[2024-10-28T00:11:46.250+0000] {logging_mixin.py:190} INFO - [2024-10-28T00:11:46.250+0000] {dag.py:3239} INFO - Sync 1 DAGs
[2024-10-28T00:11:46.265+0000] {logging_mixin.py:190} INFO - [2024-10-28T00:11:46.265+0000] {dag.py:4180} INFO - Setting next_dagrun for example_bash_decorator to None, run_after=None
[2024-10-28T00:11:46.284+0000] {processor.py:208} INFO - Processing /home/airflow/.local/lib/python3.12/site-packages/airflow/example_dags/example_bash_decorator.py took 0.081 seconds
[2024-10-28T00:12:16.577+0000] {processor.py:186} INFO - Started process (PID=46933) to work on /home/airflow/.local/lib/python3.12/site-packages/airflow/example_dags/example_bash_decorator.py
[2024-10-28T00:12:16.578+0000] {processor.py:914} INFO - Processing file /home/airflow/.local/lib/python3.12/site-packages/airflow/example_dags/example_bash_decorator.py for tasks to queue
[2024-10-28T00:12:16.580+0000] {logging_mixin.py:190} INFO - [2024-10-28T00:12:16.579+0000] {dagbag.py:588} INFO - Filling up the DagBag from /home/airflow/.local/lib/python3.12/site-packages/airflow/example_dags/example_bash_decorator.py
[2024-10-28T00:12:16.593+0000] {processor.py:925} INFO - DAG(s) 'example_bash_decorator' retrieved from /home/airflow/.local/lib/python3.12/site-packages/airflow/example_dags/example_bash_decorator.py
[2024-10-28T00:12:16.615+0000] {logging_mixin.py:190} INFO - [2024-10-28T00:12:16.615+0000] {dag.py:3239} INFO - Sync 1 DAGs
[2024-10-28T00:12:16.629+0000] {logging_mixin.py:190} INFO - [2024-10-28T00:12:16.629+0000] {dag.py:4180} INFO - Setting next_dagrun for example_bash_decorator to None, run_after=None
[2024-10-28T00:12:16.647+0000] {processor.py:208} INFO - Processing /home/airflow/.local/lib/python3.12/site-packages/airflow/example_dags/example_bash_decorator.py took 0.076 seconds
[2024-10-28T00:12:47.025+0000] {processor.py:186} INFO - Started process (PID=47007) to work on /home/airflow/.local/lib/python3.12/site-packages/airflow/example_dags/example_bash_decorator.py
[2024-10-28T00:12:47.026+0000] {processor.py:914} INFO - Processing file /home/airflow/.local/lib/python3.12/site-packages/airflow/example_dags/example_bash_decorator.py for tasks to queue
[2024-10-28T00:12:47.027+0000] {logging_mixin.py:190} INFO - [2024-10-28T00:12:47.027+0000] {dagbag.py:588} INFO - Filling up the DagBag from /home/airflow/.local/lib/python3.12/site-packages/airflow/example_dags/example_bash_decorator.py
[2024-10-28T00:12:47.041+0000] {processor.py:925} INFO - DAG(s) 'example_bash_decorator' retrieved from /home/airflow/.local/lib/python3.12/site-packages/airflow/example_dags/example_bash_decorator.py
[2024-10-28T00:12:47.064+0000] {logging_mixin.py:190} INFO - [2024-10-28T00:12:47.064+0000] {dag.py:3239} INFO - Sync 1 DAGs
[2024-10-28T00:12:47.079+0000] {logging_mixin.py:190} INFO - [2024-10-28T00:12:47.079+0000] {dag.py:4180} INFO - Setting next_dagrun for example_bash_decorator to None, run_after=None
[2024-10-28T00:12:47.097+0000] {processor.py:208} INFO - Processing /home/airflow/.local/lib/python3.12/site-packages/airflow/example_dags/example_bash_decorator.py took 0.078 seconds
[2024-10-28T00:13:17.504+0000] {processor.py:186} INFO - Started process (PID=47081) to work on /home/airflow/.local/lib/python3.12/site-packages/airflow/example_dags/example_bash_decorator.py
[2024-10-28T00:13:17.505+0000] {processor.py:914} INFO - Processing file /home/airflow/.local/lib/python3.12/site-packages/airflow/example_dags/example_bash_decorator.py for tasks to queue
[2024-10-28T00:13:17.507+0000] {logging_mixin.py:190} INFO - [2024-10-28T00:13:17.506+0000] {dagbag.py:588} INFO - Filling up the DagBag from /home/airflow/.local/lib/python3.12/site-packages/airflow/example_dags/example_bash_decorator.py
[2024-10-28T00:13:17.522+0000] {processor.py:925} INFO - DAG(s) 'example_bash_decorator' retrieved from /home/airflow/.local/lib/python3.12/site-packages/airflow/example_dags/example_bash_decorator.py
[2024-10-28T00:13:17.545+0000] {logging_mixin.py:190} INFO - [2024-10-28T00:13:17.544+0000] {dag.py:3239} INFO - Sync 1 DAGs
[2024-10-28T00:13:17.558+0000] {logging_mixin.py:190} INFO - [2024-10-28T00:13:17.558+0000] {dag.py:4180} INFO - Setting next_dagrun for example_bash_decorator to None, run_after=None
[2024-10-28T00:13:17.575+0000] {processor.py:208} INFO - Processing /home/airflow/.local/lib/python3.12/site-packages/airflow/example_dags/example_bash_decorator.py took 0.076 seconds
[2024-10-28T00:13:47.940+0000] {processor.py:186} INFO - Started process (PID=47155) to work on /home/airflow/.local/lib/python3.12/site-packages/airflow/example_dags/example_bash_decorator.py
[2024-10-28T00:13:47.941+0000] {processor.py:914} INFO - Processing file /home/airflow/.local/lib/python3.12/site-packages/airflow/example_dags/example_bash_decorator.py for tasks to queue
[2024-10-28T00:13:47.943+0000] {logging_mixin.py:190} INFO - [2024-10-28T00:13:47.942+0000] {dagbag.py:588} INFO - Filling up the DagBag from /home/airflow/.local/lib/python3.12/site-packages/airflow/example_dags/example_bash_decorator.py
[2024-10-28T00:13:47.957+0000] {processor.py:925} INFO - DAG(s) 'example_bash_decorator' retrieved from /home/airflow/.local/lib/python3.12/site-packages/airflow/example_dags/example_bash_decorator.py
[2024-10-28T00:13:47.981+0000] {logging_mixin.py:190} INFO - [2024-10-28T00:13:47.980+0000] {dag.py:3239} INFO - Sync 1 DAGs
[2024-10-28T00:13:47.995+0000] {logging_mixin.py:190} INFO - [2024-10-28T00:13:47.995+0000] {dag.py:4180} INFO - Setting next_dagrun for example_bash_decorator to None, run_after=None
[2024-10-28T00:13:48.012+0000] {processor.py:208} INFO - Processing /home/airflow/.local/lib/python3.12/site-packages/airflow/example_dags/example_bash_decorator.py took 0.077 seconds
[2024-10-28T00:14:18.081+0000] {processor.py:186} INFO - Started process (PID=47229) to work on /home/airflow/.local/lib/python3.12/site-packages/airflow/example_dags/example_bash_decorator.py
[2024-10-28T00:14:18.082+0000] {processor.py:914} INFO - Processing file /home/airflow/.local/lib/python3.12/site-packages/airflow/example_dags/example_bash_decorator.py for tasks to queue
[2024-10-28T00:14:18.084+0000] {logging_mixin.py:190} INFO - [2024-10-28T00:14:18.083+0000] {dagbag.py:588} INFO - Filling up the DagBag from /home/airflow/.local/lib/python3.12/site-packages/airflow/example_dags/example_bash_decorator.py
[2024-10-28T00:14:18.097+0000] {processor.py:925} INFO - DAG(s) 'example_bash_decorator' retrieved from /home/airflow/.local/lib/python3.12/site-packages/airflow/example_dags/example_bash_decorator.py
[2024-10-28T00:14:18.119+0000] {logging_mixin.py:190} INFO - [2024-10-28T00:14:18.119+0000] {dag.py:3239} INFO - Sync 1 DAGs
[2024-10-28T00:14:18.134+0000] {logging_mixin.py:190} INFO - [2024-10-28T00:14:18.133+0000] {dag.py:4180} INFO - Setting next_dagrun for example_bash_decorator to None, run_after=None
[2024-10-28T00:14:18.151+0000] {processor.py:208} INFO - Processing /home/airflow/.local/lib/python3.12/site-packages/airflow/example_dags/example_bash_decorator.py took 0.075 seconds
[2024-10-28T00:14:48.365+0000] {processor.py:186} INFO - Started process (PID=47303) to work on /home/airflow/.local/lib/python3.12/site-packages/airflow/example_dags/example_bash_decorator.py
[2024-10-28T00:14:48.366+0000] {processor.py:914} INFO - Processing file /home/airflow/.local/lib/python3.12/site-packages/airflow/example_dags/example_bash_decorator.py for tasks to queue
[2024-10-28T00:14:48.367+0000] {logging_mixin.py:190} INFO - [2024-10-28T00:14:48.367+0000] {dagbag.py:588} INFO - Filling up the DagBag from /home/airflow/.local/lib/python3.12/site-packages/airflow/example_dags/example_bash_decorator.py
[2024-10-28T00:14:48.381+0000] {processor.py:925} INFO - DAG(s) 'example_bash_decorator' retrieved from /home/airflow/.local/lib/python3.12/site-packages/airflow/example_dags/example_bash_decorator.py
[2024-10-28T00:14:48.404+0000] {logging_mixin.py:190} INFO - [2024-10-28T00:14:48.404+0000] {dag.py:3239} INFO - Sync 1 DAGs
[2024-10-28T00:14:48.418+0000] {logging_mixin.py:190} INFO - [2024-10-28T00:14:48.417+0000] {dag.py:4180} INFO - Setting next_dagrun for example_bash_decorator to None, run_after=None
[2024-10-28T00:14:48.436+0000] {processor.py:208} INFO - Processing /home/airflow/.local/lib/python3.12/site-packages/airflow/example_dags/example_bash_decorator.py took 0.077 seconds
[2024-10-28T00:15:18.790+0000] {processor.py:186} INFO - Started process (PID=47377) to work on /home/airflow/.local/lib/python3.12/site-packages/airflow/example_dags/example_bash_decorator.py
[2024-10-28T00:15:18.791+0000] {processor.py:914} INFO - Processing file /home/airflow/.local/lib/python3.12/site-packages/airflow/example_dags/example_bash_decorator.py for tasks to queue
[2024-10-28T00:15:18.792+0000] {logging_mixin.py:190} INFO - [2024-10-28T00:15:18.792+0000] {dagbag.py:588} INFO - Filling up the DagBag from /home/airflow/.local/lib/python3.12/site-packages/airflow/example_dags/example_bash_decorator.py
[2024-10-28T00:15:18.806+0000] {processor.py:925} INFO - DAG(s) 'example_bash_decorator' retrieved from /home/airflow/.local/lib/python3.12/site-packages/airflow/example_dags/example_bash_decorator.py
[2024-10-28T00:15:18.828+0000] {logging_mixin.py:190} INFO - [2024-10-28T00:15:18.828+0000] {dag.py:3239} INFO - Sync 1 DAGs
[2024-10-28T00:15:18.843+0000] {logging_mixin.py:190} INFO - [2024-10-28T00:15:18.842+0000] {dag.py:4180} INFO - Setting next_dagrun for example_bash_decorator to None, run_after=None
[2024-10-28T00:15:18.860+0000] {processor.py:208} INFO - Processing /home/airflow/.local/lib/python3.12/site-packages/airflow/example_dags/example_bash_decorator.py took 0.075 seconds
[2024-10-28T00:15:49.236+0000] {processor.py:186} INFO - Started process (PID=47451) to work on /home/airflow/.local/lib/python3.12/site-packages/airflow/example_dags/example_bash_decorator.py
[2024-10-28T00:15:49.237+0000] {processor.py:914} INFO - Processing file /home/airflow/.local/lib/python3.12/site-packages/airflow/example_dags/example_bash_decorator.py for tasks to queue
[2024-10-28T00:15:49.238+0000] {logging_mixin.py:190} INFO - [2024-10-28T00:15:49.238+0000] {dagbag.py:588} INFO - Filling up the DagBag from /home/airflow/.local/lib/python3.12/site-packages/airflow/example_dags/example_bash_decorator.py
[2024-10-28T00:15:49.252+0000] {processor.py:925} INFO - DAG(s) 'example_bash_decorator' retrieved from /home/airflow/.local/lib/python3.12/site-packages/airflow/example_dags/example_bash_decorator.py
[2024-10-28T00:15:49.275+0000] {logging_mixin.py:190} INFO - [2024-10-28T00:15:49.274+0000] {dag.py:3239} INFO - Sync 1 DAGs
[2024-10-28T00:15:49.289+0000] {logging_mixin.py:190} INFO - [2024-10-28T00:15:49.288+0000] {dag.py:4180} INFO - Setting next_dagrun for example_bash_decorator to None, run_after=None
[2024-10-28T00:15:49.306+0000] {processor.py:208} INFO - Processing /home/airflow/.local/lib/python3.12/site-packages/airflow/example_dags/example_bash_decorator.py took 0.076 seconds
[2024-10-28T00:16:20.154+0000] {processor.py:186} INFO - Started process (PID=47525) to work on /home/airflow/.local/lib/python3.12/site-packages/airflow/example_dags/example_bash_decorator.py
[2024-10-28T00:16:20.155+0000] {processor.py:914} INFO - Processing file /home/airflow/.local/lib/python3.12/site-packages/airflow/example_dags/example_bash_decorator.py for tasks to queue
[2024-10-28T00:16:20.157+0000] {logging_mixin.py:190} INFO - [2024-10-28T00:16:20.156+0000] {dagbag.py:588} INFO - Filling up the DagBag from /home/airflow/.local/lib/python3.12/site-packages/airflow/example_dags/example_bash_decorator.py
[2024-10-28T00:16:20.170+0000] {processor.py:925} INFO - DAG(s) 'example_bash_decorator' retrieved from /home/airflow/.local/lib/python3.12/site-packages/airflow/example_dags/example_bash_decorator.py
[2024-10-28T00:16:20.193+0000] {logging_mixin.py:190} INFO - [2024-10-28T00:16:20.193+0000] {dag.py:3239} INFO - Sync 1 DAGs
[2024-10-28T00:16:20.210+0000] {logging_mixin.py:190} INFO - [2024-10-28T00:16:20.210+0000] {dag.py:4180} INFO - Setting next_dagrun for example_bash_decorator to None, run_after=None
[2024-10-28T00:16:20.228+0000] {processor.py:208} INFO - Processing /home/airflow/.local/lib/python3.12/site-packages/airflow/example_dags/example_bash_decorator.py took 0.080 seconds
[2024-10-28T00:16:51.073+0000] {processor.py:186} INFO - Started process (PID=47599) to work on /home/airflow/.local/lib/python3.12/site-packages/airflow/example_dags/example_bash_decorator.py
[2024-10-28T00:16:51.074+0000] {processor.py:914} INFO - Processing file /home/airflow/.local/lib/python3.12/site-packages/airflow/example_dags/example_bash_decorator.py for tasks to queue
[2024-10-28T00:16:51.075+0000] {logging_mixin.py:190} INFO - [2024-10-28T00:16:51.075+0000] {dagbag.py:588} INFO - Filling up the DagBag from /home/airflow/.local/lib/python3.12/site-packages/airflow/example_dags/example_bash_decorator.py
[2024-10-28T00:16:51.088+0000] {processor.py:925} INFO - DAG(s) 'example_bash_decorator' retrieved from /home/airflow/.local/lib/python3.12/site-packages/airflow/example_dags/example_bash_decorator.py
[2024-10-28T00:16:51.110+0000] {logging_mixin.py:190} INFO - [2024-10-28T00:16:51.110+0000] {dag.py:3239} INFO - Sync 1 DAGs
[2024-10-28T00:16:51.124+0000] {logging_mixin.py:190} INFO - [2024-10-28T00:16:51.124+0000] {dag.py:4180} INFO - Setting next_dagrun for example_bash_decorator to None, run_after=None
[2024-10-28T00:16:51.141+0000] {processor.py:208} INFO - Processing /home/airflow/.local/lib/python3.12/site-packages/airflow/example_dags/example_bash_decorator.py took 0.074 seconds
[2024-10-28T00:17:21.626+0000] {processor.py:186} INFO - Started process (PID=47673) to work on /home/airflow/.local/lib/python3.12/site-packages/airflow/example_dags/example_bash_decorator.py
[2024-10-28T00:17:21.627+0000] {processor.py:914} INFO - Processing file /home/airflow/.local/lib/python3.12/site-packages/airflow/example_dags/example_bash_decorator.py for tasks to queue
[2024-10-28T00:17:21.628+0000] {logging_mixin.py:190} INFO - [2024-10-28T00:17:21.628+0000] {dagbag.py:588} INFO - Filling up the DagBag from /home/airflow/.local/lib/python3.12/site-packages/airflow/example_dags/example_bash_decorator.py
[2024-10-28T00:17:21.641+0000] {processor.py:925} INFO - DAG(s) 'example_bash_decorator' retrieved from /home/airflow/.local/lib/python3.12/site-packages/airflow/example_dags/example_bash_decorator.py
[2024-10-28T00:17:21.662+0000] {logging_mixin.py:190} INFO - [2024-10-28T00:17:21.662+0000] {dag.py:3239} INFO - Sync 1 DAGs
[2024-10-28T00:17:21.677+0000] {logging_mixin.py:190} INFO - [2024-10-28T00:17:21.677+0000] {dag.py:4180} INFO - Setting next_dagrun for example_bash_decorator to None, run_after=None
[2024-10-28T00:17:21.692+0000] {processor.py:208} INFO - Processing /home/airflow/.local/lib/python3.12/site-packages/airflow/example_dags/example_bash_decorator.py took 0.072 seconds
[2024-10-28T00:17:51.950+0000] {processor.py:186} INFO - Started process (PID=47747) to work on /home/airflow/.local/lib/python3.12/site-packages/airflow/example_dags/example_bash_decorator.py
[2024-10-28T00:17:51.951+0000] {processor.py:914} INFO - Processing file /home/airflow/.local/lib/python3.12/site-packages/airflow/example_dags/example_bash_decorator.py for tasks to queue
[2024-10-28T00:17:51.952+0000] {logging_mixin.py:190} INFO - [2024-10-28T00:17:51.952+0000] {dagbag.py:588} INFO - Filling up the DagBag from /home/airflow/.local/lib/python3.12/site-packages/airflow/example_dags/example_bash_decorator.py
[2024-10-28T00:17:51.968+0000] {processor.py:925} INFO - DAG(s) 'example_bash_decorator' retrieved from /home/airflow/.local/lib/python3.12/site-packages/airflow/example_dags/example_bash_decorator.py
[2024-10-28T00:17:51.993+0000] {logging_mixin.py:190} INFO - [2024-10-28T00:17:51.992+0000] {dag.py:3239} INFO - Sync 1 DAGs
[2024-10-28T00:17:52.009+0000] {logging_mixin.py:190} INFO - [2024-10-28T00:17:52.009+0000] {dag.py:4180} INFO - Setting next_dagrun for example_bash_decorator to None, run_after=None
[2024-10-28T00:17:52.027+0000] {processor.py:208} INFO - Processing /home/airflow/.local/lib/python3.12/site-packages/airflow/example_dags/example_bash_decorator.py took 0.083 seconds
[2024-10-28T00:18:22.509+0000] {processor.py:186} INFO - Started process (PID=47821) to work on /home/airflow/.local/lib/python3.12/site-packages/airflow/example_dags/example_bash_decorator.py
[2024-10-28T00:18:22.510+0000] {processor.py:914} INFO - Processing file /home/airflow/.local/lib/python3.12/site-packages/airflow/example_dags/example_bash_decorator.py for tasks to queue
[2024-10-28T00:18:22.512+0000] {logging_mixin.py:190} INFO - [2024-10-28T00:18:22.511+0000] {dagbag.py:588} INFO - Filling up the DagBag from /home/airflow/.local/lib/python3.12/site-packages/airflow/example_dags/example_bash_decorator.py
[2024-10-28T00:18:22.529+0000] {processor.py:925} INFO - DAG(s) 'example_bash_decorator' retrieved from /home/airflow/.local/lib/python3.12/site-packages/airflow/example_dags/example_bash_decorator.py
[2024-10-28T00:18:22.559+0000] {logging_mixin.py:190} INFO - [2024-10-28T00:18:22.559+0000] {dag.py:3239} INFO - Sync 1 DAGs
[2024-10-28T00:18:22.578+0000] {logging_mixin.py:190} INFO - [2024-10-28T00:18:22.578+0000] {dag.py:4180} INFO - Setting next_dagrun for example_bash_decorator to None, run_after=None
[2024-10-28T00:18:22.598+0000] {processor.py:208} INFO - Processing /home/airflow/.local/lib/python3.12/site-packages/airflow/example_dags/example_bash_decorator.py took 0.097 seconds
[2024-10-28T00:18:52.744+0000] {processor.py:186} INFO - Started process (PID=47894) to work on /home/airflow/.local/lib/python3.12/site-packages/airflow/example_dags/example_bash_decorator.py
[2024-10-28T00:18:52.745+0000] {processor.py:914} INFO - Processing file /home/airflow/.local/lib/python3.12/site-packages/airflow/example_dags/example_bash_decorator.py for tasks to queue
[2024-10-28T00:18:52.746+0000] {logging_mixin.py:190} INFO - [2024-10-28T00:18:52.746+0000] {dagbag.py:588} INFO - Filling up the DagBag from /home/airflow/.local/lib/python3.12/site-packages/airflow/example_dags/example_bash_decorator.py
[2024-10-28T00:18:52.760+0000] {processor.py:925} INFO - DAG(s) 'example_bash_decorator' retrieved from /home/airflow/.local/lib/python3.12/site-packages/airflow/example_dags/example_bash_decorator.py
[2024-10-28T00:18:52.782+0000] {logging_mixin.py:190} INFO - [2024-10-28T00:18:52.782+0000] {dag.py:3239} INFO - Sync 1 DAGs
[2024-10-28T00:18:52.797+0000] {logging_mixin.py:190} INFO - [2024-10-28T00:18:52.797+0000] {dag.py:4180} INFO - Setting next_dagrun for example_bash_decorator to None, run_after=None
[2024-10-28T00:18:52.814+0000] {processor.py:208} INFO - Processing /home/airflow/.local/lib/python3.12/site-packages/airflow/example_dags/example_bash_decorator.py took 0.076 seconds
[2024-10-28T00:19:23.472+0000] {processor.py:186} INFO - Started process (PID=47969) to work on /home/airflow/.local/lib/python3.12/site-packages/airflow/example_dags/example_bash_decorator.py
[2024-10-28T00:19:23.473+0000] {processor.py:914} INFO - Processing file /home/airflow/.local/lib/python3.12/site-packages/airflow/example_dags/example_bash_decorator.py for tasks to queue
[2024-10-28T00:19:23.474+0000] {logging_mixin.py:190} INFO - [2024-10-28T00:19:23.474+0000] {dagbag.py:588} INFO - Filling up the DagBag from /home/airflow/.local/lib/python3.12/site-packages/airflow/example_dags/example_bash_decorator.py
[2024-10-28T00:19:23.492+0000] {processor.py:925} INFO - DAG(s) 'example_bash_decorator' retrieved from /home/airflow/.local/lib/python3.12/site-packages/airflow/example_dags/example_bash_decorator.py
[2024-10-28T00:19:23.521+0000] {logging_mixin.py:190} INFO - [2024-10-28T00:19:23.520+0000] {dag.py:3239} INFO - Sync 1 DAGs
[2024-10-28T00:19:23.541+0000] {logging_mixin.py:190} INFO - [2024-10-28T00:19:23.541+0000] {dag.py:4180} INFO - Setting next_dagrun for example_bash_decorator to None, run_after=None
[2024-10-28T00:19:23.566+0000] {processor.py:208} INFO - Processing /home/airflow/.local/lib/python3.12/site-packages/airflow/example_dags/example_bash_decorator.py took 0.100 seconds
[2024-10-28T00:19:53.747+0000] {processor.py:186} INFO - Started process (PID=48043) to work on /home/airflow/.local/lib/python3.12/site-packages/airflow/example_dags/example_bash_decorator.py
[2024-10-28T00:19:53.748+0000] {processor.py:914} INFO - Processing file /home/airflow/.local/lib/python3.12/site-packages/airflow/example_dags/example_bash_decorator.py for tasks to queue
[2024-10-28T00:19:53.750+0000] {logging_mixin.py:190} INFO - [2024-10-28T00:19:53.749+0000] {dagbag.py:588} INFO - Filling up the DagBag from /home/airflow/.local/lib/python3.12/site-packages/airflow/example_dags/example_bash_decorator.py
[2024-10-28T00:19:53.768+0000] {processor.py:925} INFO - DAG(s) 'example_bash_decorator' retrieved from /home/airflow/.local/lib/python3.12/site-packages/airflow/example_dags/example_bash_decorator.py
[2024-10-28T00:19:53.794+0000] {logging_mixin.py:190} INFO - [2024-10-28T00:19:53.793+0000] {dag.py:3239} INFO - Sync 1 DAGs
[2024-10-28T00:19:53.810+0000] {logging_mixin.py:190} INFO - [2024-10-28T00:19:53.809+0000] {dag.py:4180} INFO - Setting next_dagrun for example_bash_decorator to None, run_after=None
[2024-10-28T00:19:53.833+0000] {processor.py:208} INFO - Processing /home/airflow/.local/lib/python3.12/site-packages/airflow/example_dags/example_bash_decorator.py took 0.093 seconds
[2024-10-28T00:20:24.251+0000] {processor.py:186} INFO - Started process (PID=48117) to work on /home/airflow/.local/lib/python3.12/site-packages/airflow/example_dags/example_bash_decorator.py
[2024-10-28T00:20:24.252+0000] {processor.py:914} INFO - Processing file /home/airflow/.local/lib/python3.12/site-packages/airflow/example_dags/example_bash_decorator.py for tasks to queue
[2024-10-28T00:20:24.254+0000] {logging_mixin.py:190} INFO - [2024-10-28T00:20:24.254+0000] {dagbag.py:588} INFO - Filling up the DagBag from /home/airflow/.local/lib/python3.12/site-packages/airflow/example_dags/example_bash_decorator.py
[2024-10-28T00:20:24.271+0000] {processor.py:925} INFO - DAG(s) 'example_bash_decorator' retrieved from /home/airflow/.local/lib/python3.12/site-packages/airflow/example_dags/example_bash_decorator.py
[2024-10-28T00:20:24.296+0000] {logging_mixin.py:190} INFO - [2024-10-28T00:20:24.296+0000] {dag.py:3239} INFO - Sync 1 DAGs
[2024-10-28T00:20:24.314+0000] {logging_mixin.py:190} INFO - [2024-10-28T00:20:24.314+0000] {dag.py:4180} INFO - Setting next_dagrun for example_bash_decorator to None, run_after=None
[2024-10-28T00:20:24.339+0000] {processor.py:208} INFO - Processing /home/airflow/.local/lib/python3.12/site-packages/airflow/example_dags/example_bash_decorator.py took 0.093 seconds
[2024-10-28T00:20:55.031+0000] {processor.py:186} INFO - Started process (PID=48191) to work on /home/airflow/.local/lib/python3.12/site-packages/airflow/example_dags/example_bash_decorator.py
[2024-10-28T00:20:55.033+0000] {processor.py:914} INFO - Processing file /home/airflow/.local/lib/python3.12/site-packages/airflow/example_dags/example_bash_decorator.py for tasks to queue
[2024-10-28T00:20:55.034+0000] {logging_mixin.py:190} INFO - [2024-10-28T00:20:55.034+0000] {dagbag.py:588} INFO - Filling up the DagBag from /home/airflow/.local/lib/python3.12/site-packages/airflow/example_dags/example_bash_decorator.py
[2024-10-28T00:20:55.049+0000] {processor.py:925} INFO - DAG(s) 'example_bash_decorator' retrieved from /home/airflow/.local/lib/python3.12/site-packages/airflow/example_dags/example_bash_decorator.py
[2024-10-28T00:20:55.078+0000] {logging_mixin.py:190} INFO - [2024-10-28T00:20:55.078+0000] {dag.py:3239} INFO - Sync 1 DAGs
[2024-10-28T00:20:55.097+0000] {logging_mixin.py:190} INFO - [2024-10-28T00:20:55.096+0000] {dag.py:4180} INFO - Setting next_dagrun for example_bash_decorator to None, run_after=None
[2024-10-28T00:20:55.120+0000] {processor.py:208} INFO - Processing /home/airflow/.local/lib/python3.12/site-packages/airflow/example_dags/example_bash_decorator.py took 0.094 seconds
[2024-10-28T00:21:25.815+0000] {processor.py:186} INFO - Started process (PID=48265) to work on /home/airflow/.local/lib/python3.12/site-packages/airflow/example_dags/example_bash_decorator.py
[2024-10-28T00:21:25.816+0000] {processor.py:914} INFO - Processing file /home/airflow/.local/lib/python3.12/site-packages/airflow/example_dags/example_bash_decorator.py for tasks to queue
[2024-10-28T00:21:25.818+0000] {logging_mixin.py:190} INFO - [2024-10-28T00:21:25.817+0000] {dagbag.py:588} INFO - Filling up the DagBag from /home/airflow/.local/lib/python3.12/site-packages/airflow/example_dags/example_bash_decorator.py
[2024-10-28T00:21:25.832+0000] {processor.py:925} INFO - DAG(s) 'example_bash_decorator' retrieved from /home/airflow/.local/lib/python3.12/site-packages/airflow/example_dags/example_bash_decorator.py
[2024-10-28T00:21:25.856+0000] {logging_mixin.py:190} INFO - [2024-10-28T00:21:25.856+0000] {dag.py:3239} INFO - Sync 1 DAGs
[2024-10-28T00:21:25.872+0000] {logging_mixin.py:190} INFO - [2024-10-28T00:21:25.872+0000] {dag.py:4180} INFO - Setting next_dagrun for example_bash_decorator to None, run_after=None
[2024-10-28T00:21:25.892+0000] {processor.py:208} INFO - Processing /home/airflow/.local/lib/python3.12/site-packages/airflow/example_dags/example_bash_decorator.py took 0.084 seconds
[2024-10-28T00:21:56.317+0000] {processor.py:186} INFO - Started process (PID=48339) to work on /home/airflow/.local/lib/python3.12/site-packages/airflow/example_dags/example_bash_decorator.py
[2024-10-28T00:21:56.318+0000] {processor.py:914} INFO - Processing file /home/airflow/.local/lib/python3.12/site-packages/airflow/example_dags/example_bash_decorator.py for tasks to queue
[2024-10-28T00:21:56.320+0000] {logging_mixin.py:190} INFO - [2024-10-28T00:21:56.319+0000] {dagbag.py:588} INFO - Filling up the DagBag from /home/airflow/.local/lib/python3.12/site-packages/airflow/example_dags/example_bash_decorator.py
[2024-10-28T00:21:56.335+0000] {processor.py:925} INFO - DAG(s) 'example_bash_decorator' retrieved from /home/airflow/.local/lib/python3.12/site-packages/airflow/example_dags/example_bash_decorator.py
[2024-10-28T00:21:56.364+0000] {logging_mixin.py:190} INFO - [2024-10-28T00:21:56.364+0000] {dag.py:3239} INFO - Sync 1 DAGs
[2024-10-28T00:21:56.381+0000] {logging_mixin.py:190} INFO - [2024-10-28T00:21:56.381+0000] {dag.py:4180} INFO - Setting next_dagrun for example_bash_decorator to None, run_after=None
[2024-10-28T00:21:56.401+0000] {processor.py:208} INFO - Processing /home/airflow/.local/lib/python3.12/site-packages/airflow/example_dags/example_bash_decorator.py took 0.090 seconds
[2024-10-28T00:22:27.244+0000] {processor.py:186} INFO - Started process (PID=48413) to work on /home/airflow/.local/lib/python3.12/site-packages/airflow/example_dags/example_bash_decorator.py
[2024-10-28T00:22:27.246+0000] {processor.py:914} INFO - Processing file /home/airflow/.local/lib/python3.12/site-packages/airflow/example_dags/example_bash_decorator.py for tasks to queue
[2024-10-28T00:22:27.248+0000] {logging_mixin.py:190} INFO - [2024-10-28T00:22:27.247+0000] {dagbag.py:588} INFO - Filling up the DagBag from /home/airflow/.local/lib/python3.12/site-packages/airflow/example_dags/example_bash_decorator.py
[2024-10-28T00:22:27.263+0000] {processor.py:925} INFO - DAG(s) 'example_bash_decorator' retrieved from /home/airflow/.local/lib/python3.12/site-packages/airflow/example_dags/example_bash_decorator.py
[2024-10-28T00:22:27.290+0000] {logging_mixin.py:190} INFO - [2024-10-28T00:22:27.290+0000] {dag.py:3239} INFO - Sync 1 DAGs
[2024-10-28T00:22:27.305+0000] {logging_mixin.py:190} INFO - [2024-10-28T00:22:27.305+0000] {dag.py:4180} INFO - Setting next_dagrun for example_bash_decorator to None, run_after=None
[2024-10-28T00:22:27.325+0000] {processor.py:208} INFO - Processing /home/airflow/.local/lib/python3.12/site-packages/airflow/example_dags/example_bash_decorator.py took 0.091 seconds
[2024-10-28T00:22:57.800+0000] {processor.py:186} INFO - Started process (PID=48487) to work on /home/airflow/.local/lib/python3.12/site-packages/airflow/example_dags/example_bash_decorator.py
[2024-10-28T00:22:57.801+0000] {processor.py:914} INFO - Processing file /home/airflow/.local/lib/python3.12/site-packages/airflow/example_dags/example_bash_decorator.py for tasks to queue
[2024-10-28T00:22:57.803+0000] {logging_mixin.py:190} INFO - [2024-10-28T00:22:57.802+0000] {dagbag.py:588} INFO - Filling up the DagBag from /home/airflow/.local/lib/python3.12/site-packages/airflow/example_dags/example_bash_decorator.py
[2024-10-28T00:22:57.819+0000] {processor.py:925} INFO - DAG(s) 'example_bash_decorator' retrieved from /home/airflow/.local/lib/python3.12/site-packages/airflow/example_dags/example_bash_decorator.py
[2024-10-28T00:22:57.849+0000] {logging_mixin.py:190} INFO - [2024-10-28T00:22:57.849+0000] {dag.py:3239} INFO - Sync 1 DAGs
[2024-10-28T00:22:57.866+0000] {logging_mixin.py:190} INFO - [2024-10-28T00:22:57.865+0000] {dag.py:4180} INFO - Setting next_dagrun for example_bash_decorator to None, run_after=None
[2024-10-28T00:22:57.891+0000] {processor.py:208} INFO - Processing /home/airflow/.local/lib/python3.12/site-packages/airflow/example_dags/example_bash_decorator.py took 0.096 seconds
[2024-10-28T00:23:28.173+0000] {processor.py:186} INFO - Started process (PID=48561) to work on /home/airflow/.local/lib/python3.12/site-packages/airflow/example_dags/example_bash_decorator.py
[2024-10-28T00:23:28.174+0000] {processor.py:914} INFO - Processing file /home/airflow/.local/lib/python3.12/site-packages/airflow/example_dags/example_bash_decorator.py for tasks to queue
[2024-10-28T00:23:28.175+0000] {logging_mixin.py:190} INFO - [2024-10-28T00:23:28.175+0000] {dagbag.py:588} INFO - Filling up the DagBag from /home/airflow/.local/lib/python3.12/site-packages/airflow/example_dags/example_bash_decorator.py
[2024-10-28T00:23:28.189+0000] {processor.py:925} INFO - DAG(s) 'example_bash_decorator' retrieved from /home/airflow/.local/lib/python3.12/site-packages/airflow/example_dags/example_bash_decorator.py
[2024-10-28T00:23:28.211+0000] {logging_mixin.py:190} INFO - [2024-10-28T00:23:28.211+0000] {dag.py:3239} INFO - Sync 1 DAGs
[2024-10-28T00:23:28.225+0000] {logging_mixin.py:190} INFO - [2024-10-28T00:23:28.224+0000] {dag.py:4180} INFO - Setting next_dagrun for example_bash_decorator to None, run_after=None
[2024-10-28T00:23:28.242+0000] {processor.py:208} INFO - Processing /home/airflow/.local/lib/python3.12/site-packages/airflow/example_dags/example_bash_decorator.py took 0.075 seconds
[2024-10-28T00:23:59.275+0000] {processor.py:186} INFO - Started process (PID=48635) to work on /home/airflow/.local/lib/python3.12/site-packages/airflow/example_dags/example_bash_decorator.py
[2024-10-28T00:23:59.277+0000] {processor.py:914} INFO - Processing file /home/airflow/.local/lib/python3.12/site-packages/airflow/example_dags/example_bash_decorator.py for tasks to queue
[2024-10-28T00:23:59.278+0000] {logging_mixin.py:190} INFO - [2024-10-28T00:23:59.278+0000] {dagbag.py:588} INFO - Filling up the DagBag from /home/airflow/.local/lib/python3.12/site-packages/airflow/example_dags/example_bash_decorator.py
[2024-10-28T00:23:59.294+0000] {processor.py:925} INFO - DAG(s) 'example_bash_decorator' retrieved from /home/airflow/.local/lib/python3.12/site-packages/airflow/example_dags/example_bash_decorator.py
[2024-10-28T00:23:59.320+0000] {logging_mixin.py:190} INFO - [2024-10-28T00:23:59.320+0000] {dag.py:3239} INFO - Sync 1 DAGs
[2024-10-28T00:23:59.338+0000] {logging_mixin.py:190} INFO - [2024-10-28T00:23:59.338+0000] {dag.py:4180} INFO - Setting next_dagrun for example_bash_decorator to None, run_after=None
[2024-10-28T00:23:59.360+0000] {processor.py:208} INFO - Processing /home/airflow/.local/lib/python3.12/site-packages/airflow/example_dags/example_bash_decorator.py took 0.092 seconds
[2024-10-28T00:24:29.536+0000] {processor.py:186} INFO - Started process (PID=48709) to work on /home/airflow/.local/lib/python3.12/site-packages/airflow/example_dags/example_bash_decorator.py
[2024-10-28T00:24:29.537+0000] {processor.py:914} INFO - Processing file /home/airflow/.local/lib/python3.12/site-packages/airflow/example_dags/example_bash_decorator.py for tasks to queue
[2024-10-28T00:24:29.539+0000] {logging_mixin.py:190} INFO - [2024-10-28T00:24:29.539+0000] {dagbag.py:588} INFO - Filling up the DagBag from /home/airflow/.local/lib/python3.12/site-packages/airflow/example_dags/example_bash_decorator.py
[2024-10-28T00:24:29.552+0000] {processor.py:925} INFO - DAG(s) 'example_bash_decorator' retrieved from /home/airflow/.local/lib/python3.12/site-packages/airflow/example_dags/example_bash_decorator.py
[2024-10-28T00:24:29.576+0000] {logging_mixin.py:190} INFO - [2024-10-28T00:24:29.576+0000] {dag.py:3239} INFO - Sync 1 DAGs
[2024-10-28T00:24:29.591+0000] {logging_mixin.py:190} INFO - [2024-10-28T00:24:29.591+0000] {dag.py:4180} INFO - Setting next_dagrun for example_bash_decorator to None, run_after=None
[2024-10-28T00:24:29.761+0000] {processor.py:208} INFO - Processing /home/airflow/.local/lib/python3.12/site-packages/airflow/example_dags/example_bash_decorator.py took 0.231 seconds
[2024-10-28T00:25:00.224+0000] {processor.py:186} INFO - Started process (PID=48783) to work on /home/airflow/.local/lib/python3.12/site-packages/airflow/example_dags/example_bash_decorator.py
[2024-10-28T00:25:00.225+0000] {processor.py:914} INFO - Processing file /home/airflow/.local/lib/python3.12/site-packages/airflow/example_dags/example_bash_decorator.py for tasks to queue
[2024-10-28T00:25:00.227+0000] {logging_mixin.py:190} INFO - [2024-10-28T00:25:00.227+0000] {dagbag.py:588} INFO - Filling up the DagBag from /home/airflow/.local/lib/python3.12/site-packages/airflow/example_dags/example_bash_decorator.py
[2024-10-28T00:25:00.247+0000] {processor.py:925} INFO - DAG(s) 'example_bash_decorator' retrieved from /home/airflow/.local/lib/python3.12/site-packages/airflow/example_dags/example_bash_decorator.py
[2024-10-28T00:25:00.274+0000] {logging_mixin.py:190} INFO - [2024-10-28T00:25:00.273+0000] {dag.py:3239} INFO - Sync 1 DAGs
[2024-10-28T00:25:00.289+0000] {logging_mixin.py:190} INFO - [2024-10-28T00:25:00.289+0000] {dag.py:4180} INFO - Setting next_dagrun for example_bash_decorator to None, run_after=None
[2024-10-28T00:25:00.495+0000] {processor.py:208} INFO - Processing /home/airflow/.local/lib/python3.12/site-packages/airflow/example_dags/example_bash_decorator.py took 0.278 seconds
[2024-10-28T00:25:31.499+0000] {processor.py:186} INFO - Started process (PID=48857) to work on /home/airflow/.local/lib/python3.12/site-packages/airflow/example_dags/example_bash_decorator.py
[2024-10-28T00:25:31.500+0000] {processor.py:914} INFO - Processing file /home/airflow/.local/lib/python3.12/site-packages/airflow/example_dags/example_bash_decorator.py for tasks to queue
[2024-10-28T00:25:31.501+0000] {logging_mixin.py:190} INFO - [2024-10-28T00:25:31.501+0000] {dagbag.py:588} INFO - Filling up the DagBag from /home/airflow/.local/lib/python3.12/site-packages/airflow/example_dags/example_bash_decorator.py
[2024-10-28T00:25:31.516+0000] {processor.py:925} INFO - DAG(s) 'example_bash_decorator' retrieved from /home/airflow/.local/lib/python3.12/site-packages/airflow/example_dags/example_bash_decorator.py
[2024-10-28T00:25:31.542+0000] {logging_mixin.py:190} INFO - [2024-10-28T00:25:31.542+0000] {dag.py:3239} INFO - Sync 1 DAGs
[2024-10-28T00:25:31.558+0000] {logging_mixin.py:190} INFO - [2024-10-28T00:25:31.558+0000] {dag.py:4180} INFO - Setting next_dagrun for example_bash_decorator to None, run_after=None
[2024-10-28T00:25:31.726+0000] {processor.py:208} INFO - Processing /home/airflow/.local/lib/python3.12/site-packages/airflow/example_dags/example_bash_decorator.py took 0.235 seconds
[2024-10-28T00:26:02.030+0000] {processor.py:186} INFO - Started process (PID=48931) to work on /home/airflow/.local/lib/python3.12/site-packages/airflow/example_dags/example_bash_decorator.py
[2024-10-28T00:26:02.031+0000] {processor.py:914} INFO - Processing file /home/airflow/.local/lib/python3.12/site-packages/airflow/example_dags/example_bash_decorator.py for tasks to queue
[2024-10-28T00:26:02.032+0000] {logging_mixin.py:190} INFO - [2024-10-28T00:26:02.032+0000] {dagbag.py:588} INFO - Filling up the DagBag from /home/airflow/.local/lib/python3.12/site-packages/airflow/example_dags/example_bash_decorator.py
[2024-10-28T00:26:02.047+0000] {processor.py:925} INFO - DAG(s) 'example_bash_decorator' retrieved from /home/airflow/.local/lib/python3.12/site-packages/airflow/example_dags/example_bash_decorator.py
[2024-10-28T00:26:02.069+0000] {logging_mixin.py:190} INFO - [2024-10-28T00:26:02.069+0000] {dag.py:3239} INFO - Sync 1 DAGs
[2024-10-28T00:26:02.084+0000] {logging_mixin.py:190} INFO - [2024-10-28T00:26:02.083+0000] {dag.py:4180} INFO - Setting next_dagrun for example_bash_decorator to None, run_after=None
[2024-10-28T00:26:02.250+0000] {processor.py:208} INFO - Processing /home/airflow/.local/lib/python3.12/site-packages/airflow/example_dags/example_bash_decorator.py took 0.226 seconds
[2024-10-28T00:26:32.418+0000] {processor.py:186} INFO - Started process (PID=49005) to work on /home/airflow/.local/lib/python3.12/site-packages/airflow/example_dags/example_bash_decorator.py
[2024-10-28T00:26:32.419+0000] {processor.py:914} INFO - Processing file /home/airflow/.local/lib/python3.12/site-packages/airflow/example_dags/example_bash_decorator.py for tasks to queue
[2024-10-28T00:26:32.420+0000] {logging_mixin.py:190} INFO - [2024-10-28T00:26:32.420+0000] {dagbag.py:588} INFO - Filling up the DagBag from /home/airflow/.local/lib/python3.12/site-packages/airflow/example_dags/example_bash_decorator.py
[2024-10-28T00:26:32.434+0000] {processor.py:925} INFO - DAG(s) 'example_bash_decorator' retrieved from /home/airflow/.local/lib/python3.12/site-packages/airflow/example_dags/example_bash_decorator.py
[2024-10-28T00:26:32.457+0000] {logging_mixin.py:190} INFO - [2024-10-28T00:26:32.457+0000] {dag.py:3239} INFO - Sync 1 DAGs
[2024-10-28T00:26:32.471+0000] {logging_mixin.py:190} INFO - [2024-10-28T00:26:32.471+0000] {dag.py:4180} INFO - Setting next_dagrun for example_bash_decorator to None, run_after=None
[2024-10-28T00:26:32.490+0000] {processor.py:208} INFO - Processing /home/airflow/.local/lib/python3.12/site-packages/airflow/example_dags/example_bash_decorator.py took 0.077 seconds
[2024-10-28T00:27:02.801+0000] {processor.py:186} INFO - Started process (PID=49079) to work on /home/airflow/.local/lib/python3.12/site-packages/airflow/example_dags/example_bash_decorator.py
[2024-10-28T00:27:02.803+0000] {processor.py:914} INFO - Processing file /home/airflow/.local/lib/python3.12/site-packages/airflow/example_dags/example_bash_decorator.py for tasks to queue
[2024-10-28T00:27:02.804+0000] {logging_mixin.py:190} INFO - [2024-10-28T00:27:02.804+0000] {dagbag.py:588} INFO - Filling up the DagBag from /home/airflow/.local/lib/python3.12/site-packages/airflow/example_dags/example_bash_decorator.py
[2024-10-28T00:27:02.818+0000] {processor.py:925} INFO - DAG(s) 'example_bash_decorator' retrieved from /home/airflow/.local/lib/python3.12/site-packages/airflow/example_dags/example_bash_decorator.py
[2024-10-28T00:27:02.840+0000] {logging_mixin.py:190} INFO - [2024-10-28T00:27:02.840+0000] {dag.py:3239} INFO - Sync 1 DAGs
[2024-10-28T00:27:02.855+0000] {logging_mixin.py:190} INFO - [2024-10-28T00:27:02.855+0000] {dag.py:4180} INFO - Setting next_dagrun for example_bash_decorator to None, run_after=None
[2024-10-28T00:27:02.874+0000] {processor.py:208} INFO - Processing /home/airflow/.local/lib/python3.12/site-packages/airflow/example_dags/example_bash_decorator.py took 0.078 seconds
[2024-10-28T00:27:33.692+0000] {processor.py:186} INFO - Started process (PID=49153) to work on /home/airflow/.local/lib/python3.12/site-packages/airflow/example_dags/example_bash_decorator.py
[2024-10-28T00:27:33.693+0000] {processor.py:914} INFO - Processing file /home/airflow/.local/lib/python3.12/site-packages/airflow/example_dags/example_bash_decorator.py for tasks to queue
[2024-10-28T00:27:33.694+0000] {logging_mixin.py:190} INFO - [2024-10-28T00:27:33.694+0000] {dagbag.py:588} INFO - Filling up the DagBag from /home/airflow/.local/lib/python3.12/site-packages/airflow/example_dags/example_bash_decorator.py
[2024-10-28T00:27:33.708+0000] {processor.py:925} INFO - DAG(s) 'example_bash_decorator' retrieved from /home/airflow/.local/lib/python3.12/site-packages/airflow/example_dags/example_bash_decorator.py
[2024-10-28T00:27:33.733+0000] {logging_mixin.py:190} INFO - [2024-10-28T00:27:33.733+0000] {dag.py:3239} INFO - Sync 1 DAGs
[2024-10-28T00:27:33.748+0000] {logging_mixin.py:190} INFO - [2024-10-28T00:27:33.747+0000] {dag.py:4180} INFO - Setting next_dagrun for example_bash_decorator to None, run_after=None
[2024-10-28T00:27:33.766+0000] {processor.py:208} INFO - Processing /home/airflow/.local/lib/python3.12/site-packages/airflow/example_dags/example_bash_decorator.py took 0.080 seconds
[2024-10-28T00:28:04.721+0000] {processor.py:186} INFO - Started process (PID=49227) to work on /home/airflow/.local/lib/python3.12/site-packages/airflow/example_dags/example_bash_decorator.py
[2024-10-28T00:28:04.722+0000] {processor.py:914} INFO - Processing file /home/airflow/.local/lib/python3.12/site-packages/airflow/example_dags/example_bash_decorator.py for tasks to queue
[2024-10-28T00:28:04.724+0000] {logging_mixin.py:190} INFO - [2024-10-28T00:28:04.723+0000] {dagbag.py:588} INFO - Filling up the DagBag from /home/airflow/.local/lib/python3.12/site-packages/airflow/example_dags/example_bash_decorator.py
[2024-10-28T00:28:04.738+0000] {processor.py:925} INFO - DAG(s) 'example_bash_decorator' retrieved from /home/airflow/.local/lib/python3.12/site-packages/airflow/example_dags/example_bash_decorator.py
[2024-10-28T00:28:04.761+0000] {logging_mixin.py:190} INFO - [2024-10-28T00:28:04.760+0000] {dag.py:3239} INFO - Sync 1 DAGs
[2024-10-28T00:28:04.776+0000] {logging_mixin.py:190} INFO - [2024-10-28T00:28:04.776+0000] {dag.py:4180} INFO - Setting next_dagrun for example_bash_decorator to None, run_after=None
[2024-10-28T00:28:04.797+0000] {processor.py:208} INFO - Processing /home/airflow/.local/lib/python3.12/site-packages/airflow/example_dags/example_bash_decorator.py took 0.080 seconds
[2024-10-28T00:28:35.274+0000] {processor.py:186} INFO - Started process (PID=49301) to work on /home/airflow/.local/lib/python3.12/site-packages/airflow/example_dags/example_bash_decorator.py
[2024-10-28T00:28:35.275+0000] {processor.py:914} INFO - Processing file /home/airflow/.local/lib/python3.12/site-packages/airflow/example_dags/example_bash_decorator.py for tasks to queue
[2024-10-28T00:28:35.277+0000] {logging_mixin.py:190} INFO - [2024-10-28T00:28:35.276+0000] {dagbag.py:588} INFO - Filling up the DagBag from /home/airflow/.local/lib/python3.12/site-packages/airflow/example_dags/example_bash_decorator.py
[2024-10-28T00:28:35.294+0000] {processor.py:925} INFO - DAG(s) 'example_bash_decorator' retrieved from /home/airflow/.local/lib/python3.12/site-packages/airflow/example_dags/example_bash_decorator.py
[2024-10-28T00:28:35.321+0000] {logging_mixin.py:190} INFO - [2024-10-28T00:28:35.320+0000] {dag.py:3239} INFO - Sync 1 DAGs
[2024-10-28T00:28:35.341+0000] {logging_mixin.py:190} INFO - [2024-10-28T00:28:35.341+0000] {dag.py:4180} INFO - Setting next_dagrun for example_bash_decorator to None, run_after=None
[2024-10-28T00:28:35.363+0000] {processor.py:208} INFO - Processing /home/airflow/.local/lib/python3.12/site-packages/airflow/example_dags/example_bash_decorator.py took 0.097 seconds
[2024-10-28T00:29:06.125+0000] {processor.py:186} INFO - Started process (PID=49375) to work on /home/airflow/.local/lib/python3.12/site-packages/airflow/example_dags/example_bash_decorator.py
[2024-10-28T00:29:06.126+0000] {processor.py:914} INFO - Processing file /home/airflow/.local/lib/python3.12/site-packages/airflow/example_dags/example_bash_decorator.py for tasks to queue
[2024-10-28T00:29:06.128+0000] {logging_mixin.py:190} INFO - [2024-10-28T00:29:06.127+0000] {dagbag.py:588} INFO - Filling up the DagBag from /home/airflow/.local/lib/python3.12/site-packages/airflow/example_dags/example_bash_decorator.py
[2024-10-28T00:29:06.144+0000] {processor.py:925} INFO - DAG(s) 'example_bash_decorator' retrieved from /home/airflow/.local/lib/python3.12/site-packages/airflow/example_dags/example_bash_decorator.py
[2024-10-28T00:29:06.172+0000] {logging_mixin.py:190} INFO - [2024-10-28T00:29:06.172+0000] {dag.py:3239} INFO - Sync 1 DAGs
[2024-10-28T00:29:06.187+0000] {logging_mixin.py:190} INFO - [2024-10-28T00:29:06.187+0000] {dag.py:4180} INFO - Setting next_dagrun for example_bash_decorator to None, run_after=None
[2024-10-28T00:29:06.208+0000] {processor.py:208} INFO - Processing /home/airflow/.local/lib/python3.12/site-packages/airflow/example_dags/example_bash_decorator.py took 0.088 seconds
[2024-10-28T00:29:37.021+0000] {processor.py:186} INFO - Started process (PID=49449) to work on /home/airflow/.local/lib/python3.12/site-packages/airflow/example_dags/example_bash_decorator.py
[2024-10-28T00:29:37.022+0000] {processor.py:914} INFO - Processing file /home/airflow/.local/lib/python3.12/site-packages/airflow/example_dags/example_bash_decorator.py for tasks to queue
[2024-10-28T00:29:37.023+0000] {logging_mixin.py:190} INFO - [2024-10-28T00:29:37.023+0000] {dagbag.py:588} INFO - Filling up the DagBag from /home/airflow/.local/lib/python3.12/site-packages/airflow/example_dags/example_bash_decorator.py
[2024-10-28T00:29:37.037+0000] {processor.py:925} INFO - DAG(s) 'example_bash_decorator' retrieved from /home/airflow/.local/lib/python3.12/site-packages/airflow/example_dags/example_bash_decorator.py
[2024-10-28T00:29:37.060+0000] {logging_mixin.py:190} INFO - [2024-10-28T00:29:37.060+0000] {dag.py:3239} INFO - Sync 1 DAGs
[2024-10-28T00:29:37.074+0000] {logging_mixin.py:190} INFO - [2024-10-28T00:29:37.074+0000] {dag.py:4180} INFO - Setting next_dagrun for example_bash_decorator to None, run_after=None
[2024-10-28T00:29:37.092+0000] {processor.py:208} INFO - Processing /home/airflow/.local/lib/python3.12/site-packages/airflow/example_dags/example_bash_decorator.py took 0.077 seconds
[2024-10-28T00:30:07.951+0000] {processor.py:186} INFO - Started process (PID=49523) to work on /home/airflow/.local/lib/python3.12/site-packages/airflow/example_dags/example_bash_decorator.py
[2024-10-28T00:30:07.952+0000] {processor.py:914} INFO - Processing file /home/airflow/.local/lib/python3.12/site-packages/airflow/example_dags/example_bash_decorator.py for tasks to queue
[2024-10-28T00:30:07.953+0000] {logging_mixin.py:190} INFO - [2024-10-28T00:30:07.953+0000] {dagbag.py:588} INFO - Filling up the DagBag from /home/airflow/.local/lib/python3.12/site-packages/airflow/example_dags/example_bash_decorator.py
[2024-10-28T00:30:07.967+0000] {processor.py:925} INFO - DAG(s) 'example_bash_decorator' retrieved from /home/airflow/.local/lib/python3.12/site-packages/airflow/example_dags/example_bash_decorator.py
[2024-10-28T00:30:07.989+0000] {logging_mixin.py:190} INFO - [2024-10-28T00:30:07.989+0000] {dag.py:3239} INFO - Sync 1 DAGs
[2024-10-28T00:30:08.003+0000] {logging_mixin.py:190} INFO - [2024-10-28T00:30:08.003+0000] {dag.py:4180} INFO - Setting next_dagrun for example_bash_decorator to None, run_after=None
[2024-10-28T00:30:08.020+0000] {processor.py:208} INFO - Processing /home/airflow/.local/lib/python3.12/site-packages/airflow/example_dags/example_bash_decorator.py took 0.074 seconds
[2024-10-28T00:30:38.830+0000] {processor.py:186} INFO - Started process (PID=49603) to work on /home/airflow/.local/lib/python3.12/site-packages/airflow/example_dags/example_bash_decorator.py
[2024-10-28T00:30:38.832+0000] {processor.py:914} INFO - Processing file /home/airflow/.local/lib/python3.12/site-packages/airflow/example_dags/example_bash_decorator.py for tasks to queue
[2024-10-28T00:30:38.833+0000] {logging_mixin.py:190} INFO - [2024-10-28T00:30:38.833+0000] {dagbag.py:588} INFO - Filling up the DagBag from /home/airflow/.local/lib/python3.12/site-packages/airflow/example_dags/example_bash_decorator.py
[2024-10-28T00:30:38.847+0000] {processor.py:925} INFO - DAG(s) 'example_bash_decorator' retrieved from /home/airflow/.local/lib/python3.12/site-packages/airflow/example_dags/example_bash_decorator.py
[2024-10-28T00:30:38.872+0000] {logging_mixin.py:190} INFO - [2024-10-28T00:30:38.871+0000] {dag.py:3239} INFO - Sync 1 DAGs
[2024-10-28T00:30:38.890+0000] {logging_mixin.py:190} INFO - [2024-10-28T00:30:38.890+0000] {dag.py:4180} INFO - Setting next_dagrun for example_bash_decorator to None, run_after=None
[2024-10-28T00:30:38.910+0000] {processor.py:208} INFO - Processing /home/airflow/.local/lib/python3.12/site-packages/airflow/example_dags/example_bash_decorator.py took 0.085 seconds
[2024-10-28T00:31:09.583+0000] {processor.py:186} INFO - Started process (PID=49677) to work on /home/airflow/.local/lib/python3.12/site-packages/airflow/example_dags/example_bash_decorator.py
[2024-10-28T00:31:09.584+0000] {processor.py:914} INFO - Processing file /home/airflow/.local/lib/python3.12/site-packages/airflow/example_dags/example_bash_decorator.py for tasks to queue
[2024-10-28T00:31:09.585+0000] {logging_mixin.py:190} INFO - [2024-10-28T00:31:09.585+0000] {dagbag.py:588} INFO - Filling up the DagBag from /home/airflow/.local/lib/python3.12/site-packages/airflow/example_dags/example_bash_decorator.py
[2024-10-28T00:31:09.600+0000] {processor.py:925} INFO - DAG(s) 'example_bash_decorator' retrieved from /home/airflow/.local/lib/python3.12/site-packages/airflow/example_dags/example_bash_decorator.py
[2024-10-28T00:31:09.624+0000] {logging_mixin.py:190} INFO - [2024-10-28T00:31:09.624+0000] {dag.py:3239} INFO - Sync 1 DAGs
[2024-10-28T00:31:09.641+0000] {logging_mixin.py:190} INFO - [2024-10-28T00:31:09.641+0000] {dag.py:4180} INFO - Setting next_dagrun for example_bash_decorator to None, run_after=None
[2024-10-28T00:31:09.659+0000] {processor.py:208} INFO - Processing /home/airflow/.local/lib/python3.12/site-packages/airflow/example_dags/example_bash_decorator.py took 0.082 seconds
[2024-10-28T00:31:39.716+0000] {processor.py:186} INFO - Started process (PID=49750) to work on /home/airflow/.local/lib/python3.12/site-packages/airflow/example_dags/example_bash_decorator.py
[2024-10-28T00:31:39.717+0000] {processor.py:914} INFO - Processing file /home/airflow/.local/lib/python3.12/site-packages/airflow/example_dags/example_bash_decorator.py for tasks to queue
[2024-10-28T00:31:39.718+0000] {logging_mixin.py:190} INFO - [2024-10-28T00:31:39.718+0000] {dagbag.py:588} INFO - Filling up the DagBag from /home/airflow/.local/lib/python3.12/site-packages/airflow/example_dags/example_bash_decorator.py
[2024-10-28T00:31:39.733+0000] {processor.py:925} INFO - DAG(s) 'example_bash_decorator' retrieved from /home/airflow/.local/lib/python3.12/site-packages/airflow/example_dags/example_bash_decorator.py
[2024-10-28T00:31:39.755+0000] {logging_mixin.py:190} INFO - [2024-10-28T00:31:39.755+0000] {dag.py:3239} INFO - Sync 1 DAGs
[2024-10-28T00:31:39.769+0000] {logging_mixin.py:190} INFO - [2024-10-28T00:31:39.769+0000] {dag.py:4180} INFO - Setting next_dagrun for example_bash_decorator to None, run_after=None
[2024-10-28T00:31:39.787+0000] {processor.py:208} INFO - Processing /home/airflow/.local/lib/python3.12/site-packages/airflow/example_dags/example_bash_decorator.py took 0.078 seconds
[2024-10-28T00:32:10.567+0000] {processor.py:186} INFO - Started process (PID=49825) to work on /home/airflow/.local/lib/python3.12/site-packages/airflow/example_dags/example_bash_decorator.py
[2024-10-28T00:32:10.568+0000] {processor.py:914} INFO - Processing file /home/airflow/.local/lib/python3.12/site-packages/airflow/example_dags/example_bash_decorator.py for tasks to queue
[2024-10-28T00:32:10.569+0000] {logging_mixin.py:190} INFO - [2024-10-28T00:32:10.569+0000] {dagbag.py:588} INFO - Filling up the DagBag from /home/airflow/.local/lib/python3.12/site-packages/airflow/example_dags/example_bash_decorator.py
[2024-10-28T00:32:10.585+0000] {processor.py:925} INFO - DAG(s) 'example_bash_decorator' retrieved from /home/airflow/.local/lib/python3.12/site-packages/airflow/example_dags/example_bash_decorator.py
[2024-10-28T00:32:10.609+0000] {logging_mixin.py:190} INFO - [2024-10-28T00:32:10.609+0000] {dag.py:3239} INFO - Sync 1 DAGs
[2024-10-28T00:32:10.623+0000] {logging_mixin.py:190} INFO - [2024-10-28T00:32:10.623+0000] {dag.py:4180} INFO - Setting next_dagrun for example_bash_decorator to None, run_after=None
[2024-10-28T00:32:10.640+0000] {processor.py:208} INFO - Processing /home/airflow/.local/lib/python3.12/site-packages/airflow/example_dags/example_bash_decorator.py took 0.079 seconds
[2024-10-28T00:32:41.435+0000] {processor.py:186} INFO - Started process (PID=49899) to work on /home/airflow/.local/lib/python3.12/site-packages/airflow/example_dags/example_bash_decorator.py
[2024-10-28T00:32:41.436+0000] {processor.py:914} INFO - Processing file /home/airflow/.local/lib/python3.12/site-packages/airflow/example_dags/example_bash_decorator.py for tasks to queue
[2024-10-28T00:32:41.437+0000] {logging_mixin.py:190} INFO - [2024-10-28T00:32:41.437+0000] {dagbag.py:588} INFO - Filling up the DagBag from /home/airflow/.local/lib/python3.12/site-packages/airflow/example_dags/example_bash_decorator.py
[2024-10-28T00:32:41.451+0000] {processor.py:925} INFO - DAG(s) 'example_bash_decorator' retrieved from /home/airflow/.local/lib/python3.12/site-packages/airflow/example_dags/example_bash_decorator.py
[2024-10-28T00:32:41.475+0000] {logging_mixin.py:190} INFO - [2024-10-28T00:32:41.474+0000] {dag.py:3239} INFO - Sync 1 DAGs
[2024-10-28T00:32:41.490+0000] {logging_mixin.py:190} INFO - [2024-10-28T00:32:41.489+0000] {dag.py:4180} INFO - Setting next_dagrun for example_bash_decorator to None, run_after=None
[2024-10-28T00:32:41.508+0000] {processor.py:208} INFO - Processing /home/airflow/.local/lib/python3.12/site-packages/airflow/example_dags/example_bash_decorator.py took 0.078 seconds
[2024-10-28T00:33:12.278+0000] {processor.py:186} INFO - Started process (PID=49973) to work on /home/airflow/.local/lib/python3.12/site-packages/airflow/example_dags/example_bash_decorator.py
[2024-10-28T00:33:12.279+0000] {processor.py:914} INFO - Processing file /home/airflow/.local/lib/python3.12/site-packages/airflow/example_dags/example_bash_decorator.py for tasks to queue
[2024-10-28T00:33:12.281+0000] {logging_mixin.py:190} INFO - [2024-10-28T00:33:12.280+0000] {dagbag.py:588} INFO - Filling up the DagBag from /home/airflow/.local/lib/python3.12/site-packages/airflow/example_dags/example_bash_decorator.py
[2024-10-28T00:33:12.294+0000] {processor.py:925} INFO - DAG(s) 'example_bash_decorator' retrieved from /home/airflow/.local/lib/python3.12/site-packages/airflow/example_dags/example_bash_decorator.py
[2024-10-28T00:33:12.318+0000] {logging_mixin.py:190} INFO - [2024-10-28T00:33:12.317+0000] {dag.py:3239} INFO - Sync 1 DAGs
[2024-10-28T00:33:12.333+0000] {logging_mixin.py:190} INFO - [2024-10-28T00:33:12.333+0000] {dag.py:4180} INFO - Setting next_dagrun for example_bash_decorator to None, run_after=None
[2024-10-28T00:33:12.349+0000] {processor.py:208} INFO - Processing /home/airflow/.local/lib/python3.12/site-packages/airflow/example_dags/example_bash_decorator.py took 0.076 seconds
[2024-10-28T00:33:43.060+0000] {processor.py:186} INFO - Started process (PID=50047) to work on /home/airflow/.local/lib/python3.12/site-packages/airflow/example_dags/example_bash_decorator.py
[2024-10-28T00:33:43.061+0000] {processor.py:914} INFO - Processing file /home/airflow/.local/lib/python3.12/site-packages/airflow/example_dags/example_bash_decorator.py for tasks to queue
[2024-10-28T00:33:43.062+0000] {logging_mixin.py:190} INFO - [2024-10-28T00:33:43.062+0000] {dagbag.py:588} INFO - Filling up the DagBag from /home/airflow/.local/lib/python3.12/site-packages/airflow/example_dags/example_bash_decorator.py
[2024-10-28T00:33:43.075+0000] {processor.py:925} INFO - DAG(s) 'example_bash_decorator' retrieved from /home/airflow/.local/lib/python3.12/site-packages/airflow/example_dags/example_bash_decorator.py
[2024-10-28T00:33:43.098+0000] {logging_mixin.py:190} INFO - [2024-10-28T00:33:43.098+0000] {dag.py:3239} INFO - Sync 1 DAGs
[2024-10-28T00:33:43.113+0000] {logging_mixin.py:190} INFO - [2024-10-28T00:33:43.113+0000] {dag.py:4180} INFO - Setting next_dagrun for example_bash_decorator to None, run_after=None
[2024-10-28T00:33:43.129+0000] {processor.py:208} INFO - Processing /home/airflow/.local/lib/python3.12/site-packages/airflow/example_dags/example_bash_decorator.py took 0.075 seconds
