[2024-10-28T00:00:13.689+0000] {processor.py:186} INFO - Started process (PID=45186) to work on /home/airflow/.local/lib/python3.12/site-packages/airflow/example_dags/example_nested_branch_dag.py
[2024-10-28T00:00:13.691+0000] {processor.py:914} INFO - Processing file /home/airflow/.local/lib/python3.12/site-packages/airflow/example_dags/example_nested_branch_dag.py for tasks to queue
[2024-10-28T00:00:13.693+0000] {logging_mixin.py:190} INFO - [2024-10-28T00:00:13.693+0000] {dagbag.py:588} INFO - Filling up the DagBag from /home/airflow/.local/lib/python3.12/site-packages/airflow/example_dags/example_nested_branch_dag.py
[2024-10-28T00:00:13.704+0000] {processor.py:925} INFO - DAG(s) 'example_nested_branch_dag' retrieved from /home/airflow/.local/lib/python3.12/site-packages/airflow/example_dags/example_nested_branch_dag.py
[2024-10-28T00:00:13.729+0000] {logging_mixin.py:190} INFO - [2024-10-28T00:00:13.729+0000] {dag.py:3239} INFO - Sync 1 DAGs
[2024-10-28T00:00:13.756+0000] {logging_mixin.py:190} INFO - [2024-10-28T00:00:13.756+0000] {dag.py:4180} INFO - Setting next_dagrun for example_nested_branch_dag to 2024-10-27 00:00:00+00:00, run_after=2024-10-28 00:00:00+00:00
[2024-10-28T00:00:13.779+0000] {processor.py:208} INFO - Processing /home/airflow/.local/lib/python3.12/site-packages/airflow/example_dags/example_nested_branch_dag.py took 0.096 seconds
[2024-10-28T00:00:44.343+0000] {processor.py:186} INFO - Started process (PID=45260) to work on /home/airflow/.local/lib/python3.12/site-packages/airflow/example_dags/example_nested_branch_dag.py
[2024-10-28T00:00:44.344+0000] {processor.py:914} INFO - Processing file /home/airflow/.local/lib/python3.12/site-packages/airflow/example_dags/example_nested_branch_dag.py for tasks to queue
[2024-10-28T00:00:44.345+0000] {logging_mixin.py:190} INFO - [2024-10-28T00:00:44.345+0000] {dagbag.py:588} INFO - Filling up the DagBag from /home/airflow/.local/lib/python3.12/site-packages/airflow/example_dags/example_nested_branch_dag.py
[2024-10-28T00:00:44.357+0000] {processor.py:925} INFO - DAG(s) 'example_nested_branch_dag' retrieved from /home/airflow/.local/lib/python3.12/site-packages/airflow/example_dags/example_nested_branch_dag.py
[2024-10-28T00:00:44.377+0000] {logging_mixin.py:190} INFO - [2024-10-28T00:00:44.377+0000] {dag.py:3239} INFO - Sync 1 DAGs
[2024-10-28T00:00:44.403+0000] {logging_mixin.py:190} INFO - [2024-10-28T00:00:44.402+0000] {dag.py:4180} INFO - Setting next_dagrun for example_nested_branch_dag to 2024-10-27 00:00:00+00:00, run_after=2024-10-28 00:00:00+00:00
[2024-10-28T00:00:44.425+0000] {processor.py:208} INFO - Processing /home/airflow/.local/lib/python3.12/site-packages/airflow/example_dags/example_nested_branch_dag.py took 0.087 seconds
[2024-10-28T00:01:15.028+0000] {processor.py:186} INFO - Started process (PID=45334) to work on /home/airflow/.local/lib/python3.12/site-packages/airflow/example_dags/example_nested_branch_dag.py
[2024-10-28T00:01:15.030+0000] {processor.py:914} INFO - Processing file /home/airflow/.local/lib/python3.12/site-packages/airflow/example_dags/example_nested_branch_dag.py for tasks to queue
[2024-10-28T00:01:15.033+0000] {logging_mixin.py:190} INFO - [2024-10-28T00:01:15.032+0000] {dagbag.py:588} INFO - Filling up the DagBag from /home/airflow/.local/lib/python3.12/site-packages/airflow/example_dags/example_nested_branch_dag.py
[2024-10-28T00:01:15.047+0000] {processor.py:925} INFO - DAG(s) 'example_nested_branch_dag' retrieved from /home/airflow/.local/lib/python3.12/site-packages/airflow/example_dags/example_nested_branch_dag.py
[2024-10-28T00:01:15.076+0000] {logging_mixin.py:190} INFO - [2024-10-28T00:01:15.076+0000] {dag.py:3239} INFO - Sync 1 DAGs
[2024-10-28T00:01:15.108+0000] {logging_mixin.py:190} INFO - [2024-10-28T00:01:15.108+0000] {dag.py:4180} INFO - Setting next_dagrun for example_nested_branch_dag to 2024-10-27 00:00:00+00:00, run_after=2024-10-28 00:00:00+00:00
[2024-10-28T00:01:15.134+0000] {processor.py:208} INFO - Processing /home/airflow/.local/lib/python3.12/site-packages/airflow/example_dags/example_nested_branch_dag.py took 0.112 seconds
[2024-10-28T00:01:45.216+0000] {processor.py:186} INFO - Started process (PID=45408) to work on /home/airflow/.local/lib/python3.12/site-packages/airflow/example_dags/example_nested_branch_dag.py
[2024-10-28T00:01:45.218+0000] {processor.py:914} INFO - Processing file /home/airflow/.local/lib/python3.12/site-packages/airflow/example_dags/example_nested_branch_dag.py for tasks to queue
[2024-10-28T00:01:45.220+0000] {logging_mixin.py:190} INFO - [2024-10-28T00:01:45.219+0000] {dagbag.py:588} INFO - Filling up the DagBag from /home/airflow/.local/lib/python3.12/site-packages/airflow/example_dags/example_nested_branch_dag.py
[2024-10-28T00:01:45.237+0000] {processor.py:925} INFO - DAG(s) 'example_nested_branch_dag' retrieved from /home/airflow/.local/lib/python3.12/site-packages/airflow/example_dags/example_nested_branch_dag.py
[2024-10-28T00:01:45.262+0000] {logging_mixin.py:190} INFO - [2024-10-28T00:01:45.262+0000] {dag.py:3239} INFO - Sync 1 DAGs
[2024-10-28T00:01:45.289+0000] {logging_mixin.py:190} INFO - [2024-10-28T00:01:45.288+0000] {dag.py:4180} INFO - Setting next_dagrun for example_nested_branch_dag to 2024-10-27 00:00:00+00:00, run_after=2024-10-28 00:00:00+00:00
[2024-10-28T00:01:45.313+0000] {processor.py:208} INFO - Processing /home/airflow/.local/lib/python3.12/site-packages/airflow/example_dags/example_nested_branch_dag.py took 0.102 seconds
[2024-10-28T00:02:15.473+0000] {processor.py:186} INFO - Started process (PID=45482) to work on /home/airflow/.local/lib/python3.12/site-packages/airflow/example_dags/example_nested_branch_dag.py
[2024-10-28T00:02:15.474+0000] {processor.py:914} INFO - Processing file /home/airflow/.local/lib/python3.12/site-packages/airflow/example_dags/example_nested_branch_dag.py for tasks to queue
[2024-10-28T00:02:15.476+0000] {logging_mixin.py:190} INFO - [2024-10-28T00:02:15.475+0000] {dagbag.py:588} INFO - Filling up the DagBag from /home/airflow/.local/lib/python3.12/site-packages/airflow/example_dags/example_nested_branch_dag.py
[2024-10-28T00:02:15.485+0000] {processor.py:925} INFO - DAG(s) 'example_nested_branch_dag' retrieved from /home/airflow/.local/lib/python3.12/site-packages/airflow/example_dags/example_nested_branch_dag.py
[2024-10-28T00:02:15.508+0000] {logging_mixin.py:190} INFO - [2024-10-28T00:02:15.508+0000] {dag.py:3239} INFO - Sync 1 DAGs
[2024-10-28T00:02:15.531+0000] {logging_mixin.py:190} INFO - [2024-10-28T00:02:15.531+0000] {dag.py:4180} INFO - Setting next_dagrun for example_nested_branch_dag to 2024-10-27 00:00:00+00:00, run_after=2024-10-28 00:00:00+00:00
[2024-10-28T00:02:15.551+0000] {processor.py:208} INFO - Processing /home/airflow/.local/lib/python3.12/site-packages/airflow/example_dags/example_nested_branch_dag.py took 0.085 seconds
[2024-10-28T00:02:45.683+0000] {processor.py:186} INFO - Started process (PID=45556) to work on /home/airflow/.local/lib/python3.12/site-packages/airflow/example_dags/example_nested_branch_dag.py
[2024-10-28T00:02:45.684+0000] {processor.py:914} INFO - Processing file /home/airflow/.local/lib/python3.12/site-packages/airflow/example_dags/example_nested_branch_dag.py for tasks to queue
[2024-10-28T00:02:45.686+0000] {logging_mixin.py:190} INFO - [2024-10-28T00:02:45.686+0000] {dagbag.py:588} INFO - Filling up the DagBag from /home/airflow/.local/lib/python3.12/site-packages/airflow/example_dags/example_nested_branch_dag.py
[2024-10-28T00:02:45.697+0000] {processor.py:925} INFO - DAG(s) 'example_nested_branch_dag' retrieved from /home/airflow/.local/lib/python3.12/site-packages/airflow/example_dags/example_nested_branch_dag.py
[2024-10-28T00:02:45.719+0000] {logging_mixin.py:190} INFO - [2024-10-28T00:02:45.718+0000] {dag.py:3239} INFO - Sync 1 DAGs
[2024-10-28T00:02:45.742+0000] {logging_mixin.py:190} INFO - [2024-10-28T00:02:45.742+0000] {dag.py:4180} INFO - Setting next_dagrun for example_nested_branch_dag to 2024-10-27 00:00:00+00:00, run_after=2024-10-28 00:00:00+00:00
[2024-10-28T00:02:45.762+0000] {processor.py:208} INFO - Processing /home/airflow/.local/lib/python3.12/site-packages/airflow/example_dags/example_nested_branch_dag.py took 0.085 seconds
[2024-10-28T00:03:16.197+0000] {processor.py:186} INFO - Started process (PID=45630) to work on /home/airflow/.local/lib/python3.12/site-packages/airflow/example_dags/example_nested_branch_dag.py
[2024-10-28T00:03:16.199+0000] {processor.py:914} INFO - Processing file /home/airflow/.local/lib/python3.12/site-packages/airflow/example_dags/example_nested_branch_dag.py for tasks to queue
[2024-10-28T00:03:16.200+0000] {logging_mixin.py:190} INFO - [2024-10-28T00:03:16.200+0000] {dagbag.py:588} INFO - Filling up the DagBag from /home/airflow/.local/lib/python3.12/site-packages/airflow/example_dags/example_nested_branch_dag.py
[2024-10-28T00:03:16.211+0000] {processor.py:925} INFO - DAG(s) 'example_nested_branch_dag' retrieved from /home/airflow/.local/lib/python3.12/site-packages/airflow/example_dags/example_nested_branch_dag.py
[2024-10-28T00:03:16.233+0000] {logging_mixin.py:190} INFO - [2024-10-28T00:03:16.232+0000] {dag.py:3239} INFO - Sync 1 DAGs
[2024-10-28T00:03:16.257+0000] {logging_mixin.py:190} INFO - [2024-10-28T00:03:16.257+0000] {dag.py:4180} INFO - Setting next_dagrun for example_nested_branch_dag to 2024-10-27 00:00:00+00:00, run_after=2024-10-28 00:00:00+00:00
[2024-10-28T00:03:16.276+0000] {processor.py:208} INFO - Processing /home/airflow/.local/lib/python3.12/site-packages/airflow/example_dags/example_nested_branch_dag.py took 0.084 seconds
[2024-10-28T00:03:46.444+0000] {processor.py:186} INFO - Started process (PID=45704) to work on /home/airflow/.local/lib/python3.12/site-packages/airflow/example_dags/example_nested_branch_dag.py
[2024-10-28T00:03:46.445+0000] {processor.py:914} INFO - Processing file /home/airflow/.local/lib/python3.12/site-packages/airflow/example_dags/example_nested_branch_dag.py for tasks to queue
[2024-10-28T00:03:46.447+0000] {logging_mixin.py:190} INFO - [2024-10-28T00:03:46.446+0000] {dagbag.py:588} INFO - Filling up the DagBag from /home/airflow/.local/lib/python3.12/site-packages/airflow/example_dags/example_nested_branch_dag.py
[2024-10-28T00:03:46.457+0000] {processor.py:925} INFO - DAG(s) 'example_nested_branch_dag' retrieved from /home/airflow/.local/lib/python3.12/site-packages/airflow/example_dags/example_nested_branch_dag.py
[2024-10-28T00:03:46.481+0000] {logging_mixin.py:190} INFO - [2024-10-28T00:03:46.480+0000] {dag.py:3239} INFO - Sync 1 DAGs
[2024-10-28T00:03:46.505+0000] {logging_mixin.py:190} INFO - [2024-10-28T00:03:46.505+0000] {dag.py:4180} INFO - Setting next_dagrun for example_nested_branch_dag to 2024-10-27 00:00:00+00:00, run_after=2024-10-28 00:00:00+00:00
[2024-10-28T00:03:46.525+0000] {processor.py:208} INFO - Processing /home/airflow/.local/lib/python3.12/site-packages/airflow/example_dags/example_nested_branch_dag.py took 0.087 seconds
[2024-10-28T00:04:17.080+0000] {processor.py:186} INFO - Started process (PID=45778) to work on /home/airflow/.local/lib/python3.12/site-packages/airflow/example_dags/example_nested_branch_dag.py
[2024-10-28T00:04:17.081+0000] {processor.py:914} INFO - Processing file /home/airflow/.local/lib/python3.12/site-packages/airflow/example_dags/example_nested_branch_dag.py for tasks to queue
[2024-10-28T00:04:17.082+0000] {logging_mixin.py:190} INFO - [2024-10-28T00:04:17.082+0000] {dagbag.py:588} INFO - Filling up the DagBag from /home/airflow/.local/lib/python3.12/site-packages/airflow/example_dags/example_nested_branch_dag.py
[2024-10-28T00:04:17.095+0000] {processor.py:925} INFO - DAG(s) 'example_nested_branch_dag' retrieved from /home/airflow/.local/lib/python3.12/site-packages/airflow/example_dags/example_nested_branch_dag.py
[2024-10-28T00:04:17.116+0000] {logging_mixin.py:190} INFO - [2024-10-28T00:04:17.116+0000] {dag.py:3239} INFO - Sync 1 DAGs
[2024-10-28T00:04:17.140+0000] {logging_mixin.py:190} INFO - [2024-10-28T00:04:17.140+0000] {dag.py:4180} INFO - Setting next_dagrun for example_nested_branch_dag to 2024-10-27 00:00:00+00:00, run_after=2024-10-28 00:00:00+00:00
[2024-10-28T00:04:17.159+0000] {processor.py:208} INFO - Processing /home/airflow/.local/lib/python3.12/site-packages/airflow/example_dags/example_nested_branch_dag.py took 0.085 seconds
[2024-10-28T00:04:47.288+0000] {processor.py:186} INFO - Started process (PID=45852) to work on /home/airflow/.local/lib/python3.12/site-packages/airflow/example_dags/example_nested_branch_dag.py
[2024-10-28T00:04:47.297+0000] {processor.py:914} INFO - Processing file /home/airflow/.local/lib/python3.12/site-packages/airflow/example_dags/example_nested_branch_dag.py for tasks to queue
[2024-10-28T00:04:47.300+0000] {logging_mixin.py:190} INFO - [2024-10-28T00:04:47.300+0000] {dagbag.py:588} INFO - Filling up the DagBag from /home/airflow/.local/lib/python3.12/site-packages/airflow/example_dags/example_nested_branch_dag.py
[2024-10-28T00:04:47.329+0000] {processor.py:925} INFO - DAG(s) 'example_nested_branch_dag' retrieved from /home/airflow/.local/lib/python3.12/site-packages/airflow/example_dags/example_nested_branch_dag.py
[2024-10-28T00:04:47.380+0000] {logging_mixin.py:190} INFO - [2024-10-28T00:04:47.379+0000] {dag.py:3239} INFO - Sync 1 DAGs
[2024-10-28T00:04:47.450+0000] {logging_mixin.py:190} INFO - [2024-10-28T00:04:47.450+0000] {dag.py:4180} INFO - Setting next_dagrun for example_nested_branch_dag to 2024-10-27 00:00:00+00:00, run_after=2024-10-28 00:00:00+00:00
[2024-10-28T00:04:47.516+0000] {processor.py:208} INFO - Processing /home/airflow/.local/lib/python3.12/site-packages/airflow/example_dags/example_nested_branch_dag.py took 0.248 seconds
[2024-10-28T00:05:18.287+0000] {processor.py:186} INFO - Started process (PID=45926) to work on /home/airflow/.local/lib/python3.12/site-packages/airflow/example_dags/example_nested_branch_dag.py
[2024-10-28T00:05:18.288+0000] {processor.py:914} INFO - Processing file /home/airflow/.local/lib/python3.12/site-packages/airflow/example_dags/example_nested_branch_dag.py for tasks to queue
[2024-10-28T00:05:18.289+0000] {logging_mixin.py:190} INFO - [2024-10-28T00:05:18.289+0000] {dagbag.py:588} INFO - Filling up the DagBag from /home/airflow/.local/lib/python3.12/site-packages/airflow/example_dags/example_nested_branch_dag.py
[2024-10-28T00:05:18.303+0000] {processor.py:925} INFO - DAG(s) 'example_nested_branch_dag' retrieved from /home/airflow/.local/lib/python3.12/site-packages/airflow/example_dags/example_nested_branch_dag.py
[2024-10-28T00:05:18.325+0000] {logging_mixin.py:190} INFO - [2024-10-28T00:05:18.325+0000] {dag.py:3239} INFO - Sync 1 DAGs
[2024-10-28T00:05:18.353+0000] {logging_mixin.py:190} INFO - [2024-10-28T00:05:18.352+0000] {dag.py:4180} INFO - Setting next_dagrun for example_nested_branch_dag to 2024-10-27 00:00:00+00:00, run_after=2024-10-28 00:00:00+00:00
[2024-10-28T00:05:18.374+0000] {processor.py:208} INFO - Processing /home/airflow/.local/lib/python3.12/site-packages/airflow/example_dags/example_nested_branch_dag.py took 0.094 seconds
[2024-10-28T00:05:48.739+0000] {processor.py:186} INFO - Started process (PID=46000) to work on /home/airflow/.local/lib/python3.12/site-packages/airflow/example_dags/example_nested_branch_dag.py
[2024-10-28T00:05:48.740+0000] {processor.py:914} INFO - Processing file /home/airflow/.local/lib/python3.12/site-packages/airflow/example_dags/example_nested_branch_dag.py for tasks to queue
[2024-10-28T00:05:48.742+0000] {logging_mixin.py:190} INFO - [2024-10-28T00:05:48.741+0000] {dagbag.py:588} INFO - Filling up the DagBag from /home/airflow/.local/lib/python3.12/site-packages/airflow/example_dags/example_nested_branch_dag.py
[2024-10-28T00:05:48.760+0000] {processor.py:925} INFO - DAG(s) 'example_nested_branch_dag' retrieved from /home/airflow/.local/lib/python3.12/site-packages/airflow/example_dags/example_nested_branch_dag.py
[2024-10-28T00:05:48.782+0000] {logging_mixin.py:190} INFO - [2024-10-28T00:05:48.782+0000] {dag.py:3239} INFO - Sync 1 DAGs
[2024-10-28T00:05:48.808+0000] {logging_mixin.py:190} INFO - [2024-10-28T00:05:48.807+0000] {dag.py:4180} INFO - Setting next_dagrun for example_nested_branch_dag to 2024-10-27 00:00:00+00:00, run_after=2024-10-28 00:00:00+00:00
[2024-10-28T00:05:48.829+0000] {processor.py:208} INFO - Processing /home/airflow/.local/lib/python3.12/site-packages/airflow/example_dags/example_nested_branch_dag.py took 0.096 seconds
[2024-10-28T00:06:19.130+0000] {processor.py:186} INFO - Started process (PID=46074) to work on /home/airflow/.local/lib/python3.12/site-packages/airflow/example_dags/example_nested_branch_dag.py
[2024-10-28T00:06:19.131+0000] {processor.py:914} INFO - Processing file /home/airflow/.local/lib/python3.12/site-packages/airflow/example_dags/example_nested_branch_dag.py for tasks to queue
[2024-10-28T00:06:19.132+0000] {logging_mixin.py:190} INFO - [2024-10-28T00:06:19.132+0000] {dagbag.py:588} INFO - Filling up the DagBag from /home/airflow/.local/lib/python3.12/site-packages/airflow/example_dags/example_nested_branch_dag.py
[2024-10-28T00:06:19.145+0000] {processor.py:925} INFO - DAG(s) 'example_nested_branch_dag' retrieved from /home/airflow/.local/lib/python3.12/site-packages/airflow/example_dags/example_nested_branch_dag.py
[2024-10-28T00:06:19.167+0000] {logging_mixin.py:190} INFO - [2024-10-28T00:06:19.167+0000] {dag.py:3239} INFO - Sync 1 DAGs
[2024-10-28T00:06:19.194+0000] {logging_mixin.py:190} INFO - [2024-10-28T00:06:19.194+0000] {dag.py:4180} INFO - Setting next_dagrun for example_nested_branch_dag to 2024-10-27 00:00:00+00:00, run_after=2024-10-28 00:00:00+00:00
[2024-10-28T00:06:19.214+0000] {processor.py:208} INFO - Processing /home/airflow/.local/lib/python3.12/site-packages/airflow/example_dags/example_nested_branch_dag.py took 0.090 seconds
[2024-10-28T00:06:49.302+0000] {processor.py:186} INFO - Started process (PID=46147) to work on /home/airflow/.local/lib/python3.12/site-packages/airflow/example_dags/example_nested_branch_dag.py
[2024-10-28T00:06:49.303+0000] {processor.py:914} INFO - Processing file /home/airflow/.local/lib/python3.12/site-packages/airflow/example_dags/example_nested_branch_dag.py for tasks to queue
[2024-10-28T00:06:49.305+0000] {logging_mixin.py:190} INFO - [2024-10-28T00:06:49.304+0000] {dagbag.py:588} INFO - Filling up the DagBag from /home/airflow/.local/lib/python3.12/site-packages/airflow/example_dags/example_nested_branch_dag.py
[2024-10-28T00:06:49.315+0000] {processor.py:925} INFO - DAG(s) 'example_nested_branch_dag' retrieved from /home/airflow/.local/lib/python3.12/site-packages/airflow/example_dags/example_nested_branch_dag.py
[2024-10-28T00:06:49.336+0000] {logging_mixin.py:190} INFO - [2024-10-28T00:06:49.335+0000] {dag.py:3239} INFO - Sync 1 DAGs
[2024-10-28T00:06:49.359+0000] {logging_mixin.py:190} INFO - [2024-10-28T00:06:49.358+0000] {dag.py:4180} INFO - Setting next_dagrun for example_nested_branch_dag to 2024-10-27 00:00:00+00:00, run_after=2024-10-28 00:00:00+00:00
[2024-10-28T00:06:49.376+0000] {processor.py:208} INFO - Processing /home/airflow/.local/lib/python3.12/site-packages/airflow/example_dags/example_nested_branch_dag.py took 0.079 seconds
[2024-10-28T00:07:19.455+0000] {processor.py:186} INFO - Started process (PID=46221) to work on /home/airflow/.local/lib/python3.12/site-packages/airflow/example_dags/example_nested_branch_dag.py
[2024-10-28T00:07:19.456+0000] {processor.py:914} INFO - Processing file /home/airflow/.local/lib/python3.12/site-packages/airflow/example_dags/example_nested_branch_dag.py for tasks to queue
[2024-10-28T00:07:19.458+0000] {logging_mixin.py:190} INFO - [2024-10-28T00:07:19.458+0000] {dagbag.py:588} INFO - Filling up the DagBag from /home/airflow/.local/lib/python3.12/site-packages/airflow/example_dags/example_nested_branch_dag.py
[2024-10-28T00:07:19.485+0000] {processor.py:925} INFO - DAG(s) 'example_nested_branch_dag' retrieved from /home/airflow/.local/lib/python3.12/site-packages/airflow/example_dags/example_nested_branch_dag.py
[2024-10-28T00:07:19.533+0000] {logging_mixin.py:190} INFO - [2024-10-28T00:07:19.533+0000] {dag.py:3239} INFO - Sync 1 DAGs
[2024-10-28T00:07:19.565+0000] {logging_mixin.py:190} INFO - [2024-10-28T00:07:19.564+0000] {dag.py:4180} INFO - Setting next_dagrun for example_nested_branch_dag to 2024-10-27 00:00:00+00:00, run_after=2024-10-28 00:00:00+00:00
[2024-10-28T00:07:19.584+0000] {processor.py:208} INFO - Processing /home/airflow/.local/lib/python3.12/site-packages/airflow/example_dags/example_nested_branch_dag.py took 0.144 seconds
[2024-10-28T00:07:50.265+0000] {processor.py:186} INFO - Started process (PID=46296) to work on /home/airflow/.local/lib/python3.12/site-packages/airflow/example_dags/example_nested_branch_dag.py
[2024-10-28T00:07:50.266+0000] {processor.py:914} INFO - Processing file /home/airflow/.local/lib/python3.12/site-packages/airflow/example_dags/example_nested_branch_dag.py for tasks to queue
[2024-10-28T00:07:50.267+0000] {logging_mixin.py:190} INFO - [2024-10-28T00:07:50.267+0000] {dagbag.py:588} INFO - Filling up the DagBag from /home/airflow/.local/lib/python3.12/site-packages/airflow/example_dags/example_nested_branch_dag.py
[2024-10-28T00:07:50.279+0000] {processor.py:925} INFO - DAG(s) 'example_nested_branch_dag' retrieved from /home/airflow/.local/lib/python3.12/site-packages/airflow/example_dags/example_nested_branch_dag.py
[2024-10-28T00:07:50.300+0000] {logging_mixin.py:190} INFO - [2024-10-28T00:07:50.299+0000] {dag.py:3239} INFO - Sync 1 DAGs
[2024-10-28T00:07:50.323+0000] {logging_mixin.py:190} INFO - [2024-10-28T00:07:50.323+0000] {dag.py:4180} INFO - Setting next_dagrun for example_nested_branch_dag to 2024-10-27 00:00:00+00:00, run_after=2024-10-28 00:00:00+00:00
[2024-10-28T00:07:50.344+0000] {processor.py:208} INFO - Processing /home/airflow/.local/lib/python3.12/site-packages/airflow/example_dags/example_nested_branch_dag.py took 0.086 seconds
[2024-10-28T00:08:20.843+0000] {processor.py:186} INFO - Started process (PID=46370) to work on /home/airflow/.local/lib/python3.12/site-packages/airflow/example_dags/example_nested_branch_dag.py
[2024-10-28T00:08:20.843+0000] {processor.py:914} INFO - Processing file /home/airflow/.local/lib/python3.12/site-packages/airflow/example_dags/example_nested_branch_dag.py for tasks to queue
[2024-10-28T00:08:20.845+0000] {logging_mixin.py:190} INFO - [2024-10-28T00:08:20.845+0000] {dagbag.py:588} INFO - Filling up the DagBag from /home/airflow/.local/lib/python3.12/site-packages/airflow/example_dags/example_nested_branch_dag.py
[2024-10-28T00:08:20.857+0000] {processor.py:925} INFO - DAG(s) 'example_nested_branch_dag' retrieved from /home/airflow/.local/lib/python3.12/site-packages/airflow/example_dags/example_nested_branch_dag.py
[2024-10-28T00:08:20.878+0000] {logging_mixin.py:190} INFO - [2024-10-28T00:08:20.877+0000] {dag.py:3239} INFO - Sync 1 DAGs
[2024-10-28T00:08:20.902+0000] {logging_mixin.py:190} INFO - [2024-10-28T00:08:20.901+0000] {dag.py:4180} INFO - Setting next_dagrun for example_nested_branch_dag to 2024-10-27 00:00:00+00:00, run_after=2024-10-28 00:00:00+00:00
[2024-10-28T00:08:20.921+0000] {processor.py:208} INFO - Processing /home/airflow/.local/lib/python3.12/site-packages/airflow/example_dags/example_nested_branch_dag.py took 0.084 seconds
[2024-10-28T00:08:51.727+0000] {processor.py:186} INFO - Started process (PID=46444) to work on /home/airflow/.local/lib/python3.12/site-packages/airflow/example_dags/example_nested_branch_dag.py
[2024-10-28T00:08:51.728+0000] {processor.py:914} INFO - Processing file /home/airflow/.local/lib/python3.12/site-packages/airflow/example_dags/example_nested_branch_dag.py for tasks to queue
[2024-10-28T00:08:51.730+0000] {logging_mixin.py:190} INFO - [2024-10-28T00:08:51.729+0000] {dagbag.py:588} INFO - Filling up the DagBag from /home/airflow/.local/lib/python3.12/site-packages/airflow/example_dags/example_nested_branch_dag.py
[2024-10-28T00:08:51.741+0000] {processor.py:925} INFO - DAG(s) 'example_nested_branch_dag' retrieved from /home/airflow/.local/lib/python3.12/site-packages/airflow/example_dags/example_nested_branch_dag.py
[2024-10-28T00:08:51.760+0000] {logging_mixin.py:190} INFO - [2024-10-28T00:08:51.760+0000] {dag.py:3239} INFO - Sync 1 DAGs
[2024-10-28T00:08:51.788+0000] {logging_mixin.py:190} INFO - [2024-10-28T00:08:51.788+0000] {dag.py:4180} INFO - Setting next_dagrun for example_nested_branch_dag to 2024-10-27 00:00:00+00:00, run_after=2024-10-28 00:00:00+00:00
[2024-10-28T00:08:51.808+0000] {processor.py:208} INFO - Processing /home/airflow/.local/lib/python3.12/site-packages/airflow/example_dags/example_nested_branch_dag.py took 0.086 seconds
[2024-10-28T00:09:22.188+0000] {processor.py:186} INFO - Started process (PID=46518) to work on /home/airflow/.local/lib/python3.12/site-packages/airflow/example_dags/example_nested_branch_dag.py
[2024-10-28T00:09:22.189+0000] {processor.py:914} INFO - Processing file /home/airflow/.local/lib/python3.12/site-packages/airflow/example_dags/example_nested_branch_dag.py for tasks to queue
[2024-10-28T00:09:22.190+0000] {logging_mixin.py:190} INFO - [2024-10-28T00:09:22.190+0000] {dagbag.py:588} INFO - Filling up the DagBag from /home/airflow/.local/lib/python3.12/site-packages/airflow/example_dags/example_nested_branch_dag.py
[2024-10-28T00:09:22.202+0000] {processor.py:925} INFO - DAG(s) 'example_nested_branch_dag' retrieved from /home/airflow/.local/lib/python3.12/site-packages/airflow/example_dags/example_nested_branch_dag.py
[2024-10-28T00:09:22.220+0000] {logging_mixin.py:190} INFO - [2024-10-28T00:09:22.220+0000] {dag.py:3239} INFO - Sync 1 DAGs
[2024-10-28T00:09:22.243+0000] {logging_mixin.py:190} INFO - [2024-10-28T00:09:22.243+0000] {dag.py:4180} INFO - Setting next_dagrun for example_nested_branch_dag to 2024-10-27 00:00:00+00:00, run_after=2024-10-28 00:00:00+00:00
[2024-10-28T00:09:22.262+0000] {processor.py:208} INFO - Processing /home/airflow/.local/lib/python3.12/site-packages/airflow/example_dags/example_nested_branch_dag.py took 0.080 seconds
[2024-10-28T00:09:52.387+0000] {processor.py:186} INFO - Started process (PID=46592) to work on /home/airflow/.local/lib/python3.12/site-packages/airflow/example_dags/example_nested_branch_dag.py
[2024-10-28T00:09:52.388+0000] {processor.py:914} INFO - Processing file /home/airflow/.local/lib/python3.12/site-packages/airflow/example_dags/example_nested_branch_dag.py for tasks to queue
[2024-10-28T00:09:52.390+0000] {logging_mixin.py:190} INFO - [2024-10-28T00:09:52.390+0000] {dagbag.py:588} INFO - Filling up the DagBag from /home/airflow/.local/lib/python3.12/site-packages/airflow/example_dags/example_nested_branch_dag.py
[2024-10-28T00:09:52.407+0000] {processor.py:925} INFO - DAG(s) 'example_nested_branch_dag' retrieved from /home/airflow/.local/lib/python3.12/site-packages/airflow/example_dags/example_nested_branch_dag.py
[2024-10-28T00:09:52.434+0000] {logging_mixin.py:190} INFO - [2024-10-28T00:09:52.434+0000] {dag.py:3239} INFO - Sync 1 DAGs
[2024-10-28T00:09:52.462+0000] {logging_mixin.py:190} INFO - [2024-10-28T00:09:52.462+0000] {dag.py:4180} INFO - Setting next_dagrun for example_nested_branch_dag to 2024-10-27 00:00:00+00:00, run_after=2024-10-28 00:00:00+00:00
[2024-10-28T00:09:52.489+0000] {processor.py:208} INFO - Processing /home/airflow/.local/lib/python3.12/site-packages/airflow/example_dags/example_nested_branch_dag.py took 0.107 seconds
[2024-10-28T00:10:22.560+0000] {processor.py:186} INFO - Started process (PID=46666) to work on /home/airflow/.local/lib/python3.12/site-packages/airflow/example_dags/example_nested_branch_dag.py
[2024-10-28T00:10:22.562+0000] {processor.py:914} INFO - Processing file /home/airflow/.local/lib/python3.12/site-packages/airflow/example_dags/example_nested_branch_dag.py for tasks to queue
[2024-10-28T00:10:22.563+0000] {logging_mixin.py:190} INFO - [2024-10-28T00:10:22.563+0000] {dagbag.py:588} INFO - Filling up the DagBag from /home/airflow/.local/lib/python3.12/site-packages/airflow/example_dags/example_nested_branch_dag.py
[2024-10-28T00:10:22.576+0000] {processor.py:925} INFO - DAG(s) 'example_nested_branch_dag' retrieved from /home/airflow/.local/lib/python3.12/site-packages/airflow/example_dags/example_nested_branch_dag.py
[2024-10-28T00:10:22.599+0000] {logging_mixin.py:190} INFO - [2024-10-28T00:10:22.598+0000] {dag.py:3239} INFO - Sync 1 DAGs
[2024-10-28T00:10:22.624+0000] {logging_mixin.py:190} INFO - [2024-10-28T00:10:22.624+0000] {dag.py:4180} INFO - Setting next_dagrun for example_nested_branch_dag to 2024-10-27 00:00:00+00:00, run_after=2024-10-28 00:00:00+00:00
[2024-10-28T00:10:22.647+0000] {processor.py:208} INFO - Processing /home/airflow/.local/lib/python3.12/site-packages/airflow/example_dags/example_nested_branch_dag.py took 0.094 seconds
[2024-10-28T00:10:52.800+0000] {processor.py:186} INFO - Started process (PID=46740) to work on /home/airflow/.local/lib/python3.12/site-packages/airflow/example_dags/example_nested_branch_dag.py
[2024-10-28T00:10:52.801+0000] {processor.py:914} INFO - Processing file /home/airflow/.local/lib/python3.12/site-packages/airflow/example_dags/example_nested_branch_dag.py for tasks to queue
[2024-10-28T00:10:52.803+0000] {logging_mixin.py:190} INFO - [2024-10-28T00:10:52.802+0000] {dagbag.py:588} INFO - Filling up the DagBag from /home/airflow/.local/lib/python3.12/site-packages/airflow/example_dags/example_nested_branch_dag.py
[2024-10-28T00:10:52.814+0000] {processor.py:925} INFO - DAG(s) 'example_nested_branch_dag' retrieved from /home/airflow/.local/lib/python3.12/site-packages/airflow/example_dags/example_nested_branch_dag.py
[2024-10-28T00:10:52.835+0000] {logging_mixin.py:190} INFO - [2024-10-28T00:10:52.835+0000] {dag.py:3239} INFO - Sync 1 DAGs
[2024-10-28T00:10:52.859+0000] {logging_mixin.py:190} INFO - [2024-10-28T00:10:52.859+0000] {dag.py:4180} INFO - Setting next_dagrun for example_nested_branch_dag to 2024-10-27 00:00:00+00:00, run_after=2024-10-28 00:00:00+00:00
[2024-10-28T00:10:52.878+0000] {processor.py:208} INFO - Processing /home/airflow/.local/lib/python3.12/site-packages/airflow/example_dags/example_nested_branch_dag.py took 0.084 seconds
[2024-10-28T00:11:23.258+0000] {processor.py:186} INFO - Started process (PID=46814) to work on /home/airflow/.local/lib/python3.12/site-packages/airflow/example_dags/example_nested_branch_dag.py
[2024-10-28T00:11:23.259+0000] {processor.py:914} INFO - Processing file /home/airflow/.local/lib/python3.12/site-packages/airflow/example_dags/example_nested_branch_dag.py for tasks to queue
[2024-10-28T00:11:23.261+0000] {logging_mixin.py:190} INFO - [2024-10-28T00:11:23.261+0000] {dagbag.py:588} INFO - Filling up the DagBag from /home/airflow/.local/lib/python3.12/site-packages/airflow/example_dags/example_nested_branch_dag.py
[2024-10-28T00:11:23.271+0000] {processor.py:925} INFO - DAG(s) 'example_nested_branch_dag' retrieved from /home/airflow/.local/lib/python3.12/site-packages/airflow/example_dags/example_nested_branch_dag.py
[2024-10-28T00:11:23.291+0000] {logging_mixin.py:190} INFO - [2024-10-28T00:11:23.291+0000] {dag.py:3239} INFO - Sync 1 DAGs
[2024-10-28T00:11:23.313+0000] {logging_mixin.py:190} INFO - [2024-10-28T00:11:23.312+0000] {dag.py:4180} INFO - Setting next_dagrun for example_nested_branch_dag to 2024-10-27 00:00:00+00:00, run_after=2024-10-28 00:00:00+00:00
[2024-10-28T00:11:23.331+0000] {processor.py:208} INFO - Processing /home/airflow/.local/lib/python3.12/site-packages/airflow/example_dags/example_nested_branch_dag.py took 0.077 seconds
[2024-10-28T00:11:54.043+0000] {processor.py:186} INFO - Started process (PID=46888) to work on /home/airflow/.local/lib/python3.12/site-packages/airflow/example_dags/example_nested_branch_dag.py
[2024-10-28T00:11:54.044+0000] {processor.py:914} INFO - Processing file /home/airflow/.local/lib/python3.12/site-packages/airflow/example_dags/example_nested_branch_dag.py for tasks to queue
[2024-10-28T00:11:54.045+0000] {logging_mixin.py:190} INFO - [2024-10-28T00:11:54.045+0000] {dagbag.py:588} INFO - Filling up the DagBag from /home/airflow/.local/lib/python3.12/site-packages/airflow/example_dags/example_nested_branch_dag.py
[2024-10-28T00:11:54.056+0000] {processor.py:925} INFO - DAG(s) 'example_nested_branch_dag' retrieved from /home/airflow/.local/lib/python3.12/site-packages/airflow/example_dags/example_nested_branch_dag.py
[2024-10-28T00:11:54.075+0000] {logging_mixin.py:190} INFO - [2024-10-28T00:11:54.075+0000] {dag.py:3239} INFO - Sync 1 DAGs
[2024-10-28T00:11:54.097+0000] {logging_mixin.py:190} INFO - [2024-10-28T00:11:54.097+0000] {dag.py:4180} INFO - Setting next_dagrun for example_nested_branch_dag to 2024-10-27 00:00:00+00:00, run_after=2024-10-28 00:00:00+00:00
[2024-10-28T00:11:54.115+0000] {processor.py:208} INFO - Processing /home/airflow/.local/lib/python3.12/site-packages/airflow/example_dags/example_nested_branch_dag.py took 0.078 seconds
[2024-10-28T00:12:24.252+0000] {processor.py:186} INFO - Started process (PID=46962) to work on /home/airflow/.local/lib/python3.12/site-packages/airflow/example_dags/example_nested_branch_dag.py
[2024-10-28T00:12:24.253+0000] {processor.py:914} INFO - Processing file /home/airflow/.local/lib/python3.12/site-packages/airflow/example_dags/example_nested_branch_dag.py for tasks to queue
[2024-10-28T00:12:24.255+0000] {logging_mixin.py:190} INFO - [2024-10-28T00:12:24.254+0000] {dagbag.py:588} INFO - Filling up the DagBag from /home/airflow/.local/lib/python3.12/site-packages/airflow/example_dags/example_nested_branch_dag.py
[2024-10-28T00:12:24.265+0000] {processor.py:925} INFO - DAG(s) 'example_nested_branch_dag' retrieved from /home/airflow/.local/lib/python3.12/site-packages/airflow/example_dags/example_nested_branch_dag.py
[2024-10-28T00:12:24.285+0000] {logging_mixin.py:190} INFO - [2024-10-28T00:12:24.285+0000] {dag.py:3239} INFO - Sync 1 DAGs
[2024-10-28T00:12:24.307+0000] {logging_mixin.py:190} INFO - [2024-10-28T00:12:24.307+0000] {dag.py:4180} INFO - Setting next_dagrun for example_nested_branch_dag to 2024-10-27 00:00:00+00:00, run_after=2024-10-28 00:00:00+00:00
[2024-10-28T00:12:24.326+0000] {processor.py:208} INFO - Processing /home/airflow/.local/lib/python3.12/site-packages/airflow/example_dags/example_nested_branch_dag.py took 0.080 seconds
[2024-10-28T00:12:54.781+0000] {processor.py:186} INFO - Started process (PID=47036) to work on /home/airflow/.local/lib/python3.12/site-packages/airflow/example_dags/example_nested_branch_dag.py
[2024-10-28T00:12:54.782+0000] {processor.py:914} INFO - Processing file /home/airflow/.local/lib/python3.12/site-packages/airflow/example_dags/example_nested_branch_dag.py for tasks to queue
[2024-10-28T00:12:54.783+0000] {logging_mixin.py:190} INFO - [2024-10-28T00:12:54.783+0000] {dagbag.py:588} INFO - Filling up the DagBag from /home/airflow/.local/lib/python3.12/site-packages/airflow/example_dags/example_nested_branch_dag.py
[2024-10-28T00:12:54.794+0000] {processor.py:925} INFO - DAG(s) 'example_nested_branch_dag' retrieved from /home/airflow/.local/lib/python3.12/site-packages/airflow/example_dags/example_nested_branch_dag.py
[2024-10-28T00:12:54.815+0000] {logging_mixin.py:190} INFO - [2024-10-28T00:12:54.815+0000] {dag.py:3239} INFO - Sync 1 DAGs
[2024-10-28T00:12:54.839+0000] {logging_mixin.py:190} INFO - [2024-10-28T00:12:54.839+0000] {dag.py:4180} INFO - Setting next_dagrun for example_nested_branch_dag to 2024-10-27 00:00:00+00:00, run_after=2024-10-28 00:00:00+00:00
[2024-10-28T00:12:54.857+0000] {processor.py:208} INFO - Processing /home/airflow/.local/lib/python3.12/site-packages/airflow/example_dags/example_nested_branch_dag.py took 0.082 seconds
[2024-10-28T00:13:25.614+0000] {processor.py:186} INFO - Started process (PID=47110) to work on /home/airflow/.local/lib/python3.12/site-packages/airflow/example_dags/example_nested_branch_dag.py
[2024-10-28T00:13:25.625+0000] {processor.py:914} INFO - Processing file /home/airflow/.local/lib/python3.12/site-packages/airflow/example_dags/example_nested_branch_dag.py for tasks to queue
[2024-10-28T00:13:25.627+0000] {logging_mixin.py:190} INFO - [2024-10-28T00:13:25.626+0000] {dagbag.py:588} INFO - Filling up the DagBag from /home/airflow/.local/lib/python3.12/site-packages/airflow/example_dags/example_nested_branch_dag.py
[2024-10-28T00:13:25.638+0000] {processor.py:925} INFO - DAG(s) 'example_nested_branch_dag' retrieved from /home/airflow/.local/lib/python3.12/site-packages/airflow/example_dags/example_nested_branch_dag.py
[2024-10-28T00:13:25.659+0000] {logging_mixin.py:190} INFO - [2024-10-28T00:13:25.658+0000] {dag.py:3239} INFO - Sync 1 DAGs
[2024-10-28T00:13:25.681+0000] {logging_mixin.py:190} INFO - [2024-10-28T00:13:25.681+0000] {dag.py:4180} INFO - Setting next_dagrun for example_nested_branch_dag to 2024-10-27 00:00:00+00:00, run_after=2024-10-28 00:00:00+00:00
[2024-10-28T00:13:25.702+0000] {processor.py:208} INFO - Processing /home/airflow/.local/lib/python3.12/site-packages/airflow/example_dags/example_nested_branch_dag.py took 0.095 seconds
[2024-10-28T00:13:55.923+0000] {processor.py:186} INFO - Started process (PID=47172) to work on /home/airflow/.local/lib/python3.12/site-packages/airflow/example_dags/example_nested_branch_dag.py
[2024-10-28T00:13:55.924+0000] {processor.py:914} INFO - Processing file /home/airflow/.local/lib/python3.12/site-packages/airflow/example_dags/example_nested_branch_dag.py for tasks to queue
[2024-10-28T00:13:55.926+0000] {logging_mixin.py:190} INFO - [2024-10-28T00:13:55.925+0000] {dagbag.py:588} INFO - Filling up the DagBag from /home/airflow/.local/lib/python3.12/site-packages/airflow/example_dags/example_nested_branch_dag.py
[2024-10-28T00:13:55.936+0000] {processor.py:925} INFO - DAG(s) 'example_nested_branch_dag' retrieved from /home/airflow/.local/lib/python3.12/site-packages/airflow/example_dags/example_nested_branch_dag.py
[2024-10-28T00:13:55.956+0000] {logging_mixin.py:190} INFO - [2024-10-28T00:13:55.955+0000] {dag.py:3239} INFO - Sync 1 DAGs
[2024-10-28T00:13:55.978+0000] {logging_mixin.py:190} INFO - [2024-10-28T00:13:55.978+0000] {dag.py:4180} INFO - Setting next_dagrun for example_nested_branch_dag to 2024-10-27 00:00:00+00:00, run_after=2024-10-28 00:00:00+00:00
[2024-10-28T00:13:55.997+0000] {processor.py:208} INFO - Processing /home/airflow/.local/lib/python3.12/site-packages/airflow/example_dags/example_nested_branch_dag.py took 0.079 seconds
[2024-10-28T00:14:26.163+0000] {processor.py:186} INFO - Started process (PID=47246) to work on /home/airflow/.local/lib/python3.12/site-packages/airflow/example_dags/example_nested_branch_dag.py
[2024-10-28T00:14:26.164+0000] {processor.py:914} INFO - Processing file /home/airflow/.local/lib/python3.12/site-packages/airflow/example_dags/example_nested_branch_dag.py for tasks to queue
[2024-10-28T00:14:26.165+0000] {logging_mixin.py:190} INFO - [2024-10-28T00:14:26.165+0000] {dagbag.py:588} INFO - Filling up the DagBag from /home/airflow/.local/lib/python3.12/site-packages/airflow/example_dags/example_nested_branch_dag.py
[2024-10-28T00:14:26.176+0000] {processor.py:925} INFO - DAG(s) 'example_nested_branch_dag' retrieved from /home/airflow/.local/lib/python3.12/site-packages/airflow/example_dags/example_nested_branch_dag.py
[2024-10-28T00:14:26.195+0000] {logging_mixin.py:190} INFO - [2024-10-28T00:14:26.195+0000] {dag.py:3239} INFO - Sync 1 DAGs
[2024-10-28T00:14:26.217+0000] {logging_mixin.py:190} INFO - [2024-10-28T00:14:26.217+0000] {dag.py:4180} INFO - Setting next_dagrun for example_nested_branch_dag to 2024-10-27 00:00:00+00:00, run_after=2024-10-28 00:00:00+00:00
[2024-10-28T00:14:26.235+0000] {processor.py:208} INFO - Processing /home/airflow/.local/lib/python3.12/site-packages/airflow/example_dags/example_nested_branch_dag.py took 0.078 seconds
[2024-10-28T00:14:56.303+0000] {processor.py:186} INFO - Started process (PID=47320) to work on /home/airflow/.local/lib/python3.12/site-packages/airflow/example_dags/example_nested_branch_dag.py
[2024-10-28T00:14:56.305+0000] {processor.py:914} INFO - Processing file /home/airflow/.local/lib/python3.12/site-packages/airflow/example_dags/example_nested_branch_dag.py for tasks to queue
[2024-10-28T00:14:56.306+0000] {logging_mixin.py:190} INFO - [2024-10-28T00:14:56.306+0000] {dagbag.py:588} INFO - Filling up the DagBag from /home/airflow/.local/lib/python3.12/site-packages/airflow/example_dags/example_nested_branch_dag.py
[2024-10-28T00:14:56.316+0000] {processor.py:925} INFO - DAG(s) 'example_nested_branch_dag' retrieved from /home/airflow/.local/lib/python3.12/site-packages/airflow/example_dags/example_nested_branch_dag.py
[2024-10-28T00:14:56.337+0000] {logging_mixin.py:190} INFO - [2024-10-28T00:14:56.336+0000] {dag.py:3239} INFO - Sync 1 DAGs
[2024-10-28T00:14:56.359+0000] {logging_mixin.py:190} INFO - [2024-10-28T00:14:56.359+0000] {dag.py:4180} INFO - Setting next_dagrun for example_nested_branch_dag to 2024-10-27 00:00:00+00:00, run_after=2024-10-28 00:00:00+00:00
[2024-10-28T00:14:56.378+0000] {processor.py:208} INFO - Processing /home/airflow/.local/lib/python3.12/site-packages/airflow/example_dags/example_nested_branch_dag.py took 0.080 seconds
[2024-10-28T00:15:26.833+0000] {processor.py:186} INFO - Started process (PID=47394) to work on /home/airflow/.local/lib/python3.12/site-packages/airflow/example_dags/example_nested_branch_dag.py
[2024-10-28T00:15:26.834+0000] {processor.py:914} INFO - Processing file /home/airflow/.local/lib/python3.12/site-packages/airflow/example_dags/example_nested_branch_dag.py for tasks to queue
[2024-10-28T00:15:26.836+0000] {logging_mixin.py:190} INFO - [2024-10-28T00:15:26.835+0000] {dagbag.py:588} INFO - Filling up the DagBag from /home/airflow/.local/lib/python3.12/site-packages/airflow/example_dags/example_nested_branch_dag.py
[2024-10-28T00:15:26.846+0000] {processor.py:925} INFO - DAG(s) 'example_nested_branch_dag' retrieved from /home/airflow/.local/lib/python3.12/site-packages/airflow/example_dags/example_nested_branch_dag.py
[2024-10-28T00:15:26.866+0000] {logging_mixin.py:190} INFO - [2024-10-28T00:15:26.865+0000] {dag.py:3239} INFO - Sync 1 DAGs
[2024-10-28T00:15:26.888+0000] {logging_mixin.py:190} INFO - [2024-10-28T00:15:26.888+0000] {dag.py:4180} INFO - Setting next_dagrun for example_nested_branch_dag to 2024-10-27 00:00:00+00:00, run_after=2024-10-28 00:00:00+00:00
[2024-10-28T00:15:26.906+0000] {processor.py:208} INFO - Processing /home/airflow/.local/lib/python3.12/site-packages/airflow/example_dags/example_nested_branch_dag.py took 0.078 seconds
[2024-10-28T00:15:57.201+0000] {processor.py:186} INFO - Started process (PID=47468) to work on /home/airflow/.local/lib/python3.12/site-packages/airflow/example_dags/example_nested_branch_dag.py
[2024-10-28T00:15:57.202+0000] {processor.py:914} INFO - Processing file /home/airflow/.local/lib/python3.12/site-packages/airflow/example_dags/example_nested_branch_dag.py for tasks to queue
[2024-10-28T00:15:57.204+0000] {logging_mixin.py:190} INFO - [2024-10-28T00:15:57.204+0000] {dagbag.py:588} INFO - Filling up the DagBag from /home/airflow/.local/lib/python3.12/site-packages/airflow/example_dags/example_nested_branch_dag.py
[2024-10-28T00:15:57.215+0000] {processor.py:925} INFO - DAG(s) 'example_nested_branch_dag' retrieved from /home/airflow/.local/lib/python3.12/site-packages/airflow/example_dags/example_nested_branch_dag.py
[2024-10-28T00:15:57.236+0000] {logging_mixin.py:190} INFO - [2024-10-28T00:15:57.236+0000] {dag.py:3239} INFO - Sync 1 DAGs
[2024-10-28T00:15:57.261+0000] {logging_mixin.py:190} INFO - [2024-10-28T00:15:57.261+0000] {dag.py:4180} INFO - Setting next_dagrun for example_nested_branch_dag to 2024-10-27 00:00:00+00:00, run_after=2024-10-28 00:00:00+00:00
[2024-10-28T00:15:57.281+0000] {processor.py:208} INFO - Processing /home/airflow/.local/lib/python3.12/site-packages/airflow/example_dags/example_nested_branch_dag.py took 0.085 seconds
[2024-10-28T00:16:28.217+0000] {processor.py:186} INFO - Started process (PID=47542) to work on /home/airflow/.local/lib/python3.12/site-packages/airflow/example_dags/example_nested_branch_dag.py
[2024-10-28T00:16:28.218+0000] {processor.py:914} INFO - Processing file /home/airflow/.local/lib/python3.12/site-packages/airflow/example_dags/example_nested_branch_dag.py for tasks to queue
[2024-10-28T00:16:28.220+0000] {logging_mixin.py:190} INFO - [2024-10-28T00:16:28.219+0000] {dagbag.py:588} INFO - Filling up the DagBag from /home/airflow/.local/lib/python3.12/site-packages/airflow/example_dags/example_nested_branch_dag.py
[2024-10-28T00:16:28.231+0000] {processor.py:925} INFO - DAG(s) 'example_nested_branch_dag' retrieved from /home/airflow/.local/lib/python3.12/site-packages/airflow/example_dags/example_nested_branch_dag.py
[2024-10-28T00:16:28.252+0000] {logging_mixin.py:190} INFO - [2024-10-28T00:16:28.252+0000] {dag.py:3239} INFO - Sync 1 DAGs
[2024-10-28T00:16:28.275+0000] {logging_mixin.py:190} INFO - [2024-10-28T00:16:28.275+0000] {dag.py:4180} INFO - Setting next_dagrun for example_nested_branch_dag to 2024-10-27 00:00:00+00:00, run_after=2024-10-28 00:00:00+00:00
[2024-10-28T00:16:28.294+0000] {processor.py:208} INFO - Processing /home/airflow/.local/lib/python3.12/site-packages/airflow/example_dags/example_nested_branch_dag.py took 0.082 seconds
[2024-10-28T00:16:59.144+0000] {processor.py:186} INFO - Started process (PID=47616) to work on /home/airflow/.local/lib/python3.12/site-packages/airflow/example_dags/example_nested_branch_dag.py
[2024-10-28T00:16:59.145+0000] {processor.py:914} INFO - Processing file /home/airflow/.local/lib/python3.12/site-packages/airflow/example_dags/example_nested_branch_dag.py for tasks to queue
[2024-10-28T00:16:59.146+0000] {logging_mixin.py:190} INFO - [2024-10-28T00:16:59.146+0000] {dagbag.py:588} INFO - Filling up the DagBag from /home/airflow/.local/lib/python3.12/site-packages/airflow/example_dags/example_nested_branch_dag.py
[2024-10-28T00:16:59.156+0000] {processor.py:925} INFO - DAG(s) 'example_nested_branch_dag' retrieved from /home/airflow/.local/lib/python3.12/site-packages/airflow/example_dags/example_nested_branch_dag.py
[2024-10-28T00:16:59.176+0000] {logging_mixin.py:190} INFO - [2024-10-28T00:16:59.176+0000] {dag.py:3239} INFO - Sync 1 DAGs
[2024-10-28T00:16:59.197+0000] {logging_mixin.py:190} INFO - [2024-10-28T00:16:59.197+0000] {dag.py:4180} INFO - Setting next_dagrun for example_nested_branch_dag to 2024-10-27 00:00:00+00:00, run_after=2024-10-28 00:00:00+00:00
[2024-10-28T00:16:59.214+0000] {processor.py:208} INFO - Processing /home/airflow/.local/lib/python3.12/site-packages/airflow/example_dags/example_nested_branch_dag.py took 0.075 seconds
[2024-10-28T00:17:29.615+0000] {processor.py:186} INFO - Started process (PID=47690) to work on /home/airflow/.local/lib/python3.12/site-packages/airflow/example_dags/example_nested_branch_dag.py
[2024-10-28T00:17:29.617+0000] {processor.py:914} INFO - Processing file /home/airflow/.local/lib/python3.12/site-packages/airflow/example_dags/example_nested_branch_dag.py for tasks to queue
[2024-10-28T00:17:29.618+0000] {logging_mixin.py:190} INFO - [2024-10-28T00:17:29.618+0000] {dagbag.py:588} INFO - Filling up the DagBag from /home/airflow/.local/lib/python3.12/site-packages/airflow/example_dags/example_nested_branch_dag.py
[2024-10-28T00:17:29.628+0000] {processor.py:925} INFO - DAG(s) 'example_nested_branch_dag' retrieved from /home/airflow/.local/lib/python3.12/site-packages/airflow/example_dags/example_nested_branch_dag.py
[2024-10-28T00:17:29.648+0000] {logging_mixin.py:190} INFO - [2024-10-28T00:17:29.648+0000] {dag.py:3239} INFO - Sync 1 DAGs
[2024-10-28T00:17:29.678+0000] {logging_mixin.py:190} INFO - [2024-10-28T00:17:29.678+0000] {dag.py:4180} INFO - Setting next_dagrun for example_nested_branch_dag to 2024-10-27 00:00:00+00:00, run_after=2024-10-28 00:00:00+00:00
[2024-10-28T00:17:29.700+0000] {processor.py:208} INFO - Processing /home/airflow/.local/lib/python3.12/site-packages/airflow/example_dags/example_nested_branch_dag.py took 0.090 seconds
[2024-10-28T00:18:00.054+0000] {processor.py:186} INFO - Started process (PID=47764) to work on /home/airflow/.local/lib/python3.12/site-packages/airflow/example_dags/example_nested_branch_dag.py
[2024-10-28T00:18:00.055+0000] {processor.py:914} INFO - Processing file /home/airflow/.local/lib/python3.12/site-packages/airflow/example_dags/example_nested_branch_dag.py for tasks to queue
[2024-10-28T00:18:00.057+0000] {logging_mixin.py:190} INFO - [2024-10-28T00:18:00.056+0000] {dagbag.py:588} INFO - Filling up the DagBag from /home/airflow/.local/lib/python3.12/site-packages/airflow/example_dags/example_nested_branch_dag.py
[2024-10-28T00:18:00.067+0000] {processor.py:925} INFO - DAG(s) 'example_nested_branch_dag' retrieved from /home/airflow/.local/lib/python3.12/site-packages/airflow/example_dags/example_nested_branch_dag.py
[2024-10-28T00:18:00.090+0000] {logging_mixin.py:190} INFO - [2024-10-28T00:18:00.090+0000] {dag.py:3239} INFO - Sync 1 DAGs
[2024-10-28T00:18:00.114+0000] {logging_mixin.py:190} INFO - [2024-10-28T00:18:00.114+0000] {dag.py:4180} INFO - Setting next_dagrun for example_nested_branch_dag to 2024-10-27 00:00:00+00:00, run_after=2024-10-28 00:00:00+00:00
[2024-10-28T00:18:00.135+0000] {processor.py:208} INFO - Processing /home/airflow/.local/lib/python3.12/site-packages/airflow/example_dags/example_nested_branch_dag.py took 0.087 seconds
[2024-10-28T00:18:30.753+0000] {processor.py:186} INFO - Started process (PID=47838) to work on /home/airflow/.local/lib/python3.12/site-packages/airflow/example_dags/example_nested_branch_dag.py
[2024-10-28T00:18:30.754+0000] {processor.py:914} INFO - Processing file /home/airflow/.local/lib/python3.12/site-packages/airflow/example_dags/example_nested_branch_dag.py for tasks to queue
[2024-10-28T00:18:30.756+0000] {logging_mixin.py:190} INFO - [2024-10-28T00:18:30.755+0000] {dagbag.py:588} INFO - Filling up the DagBag from /home/airflow/.local/lib/python3.12/site-packages/airflow/example_dags/example_nested_branch_dag.py
[2024-10-28T00:18:30.767+0000] {processor.py:925} INFO - DAG(s) 'example_nested_branch_dag' retrieved from /home/airflow/.local/lib/python3.12/site-packages/airflow/example_dags/example_nested_branch_dag.py
[2024-10-28T00:18:30.791+0000] {logging_mixin.py:190} INFO - [2024-10-28T00:18:30.791+0000] {dag.py:3239} INFO - Sync 1 DAGs
[2024-10-28T00:18:30.815+0000] {logging_mixin.py:190} INFO - [2024-10-28T00:18:30.815+0000] {dag.py:4180} INFO - Setting next_dagrun for example_nested_branch_dag to 2024-10-27 00:00:00+00:00, run_after=2024-10-28 00:00:00+00:00
[2024-10-28T00:18:30.839+0000] {processor.py:208} INFO - Processing /home/airflow/.local/lib/python3.12/site-packages/airflow/example_dags/example_nested_branch_dag.py took 0.091 seconds
[2024-10-28T00:19:01.062+0000] {processor.py:186} INFO - Started process (PID=47912) to work on /home/airflow/.local/lib/python3.12/site-packages/airflow/example_dags/example_nested_branch_dag.py
[2024-10-28T00:19:01.063+0000] {processor.py:914} INFO - Processing file /home/airflow/.local/lib/python3.12/site-packages/airflow/example_dags/example_nested_branch_dag.py for tasks to queue
[2024-10-28T00:19:01.064+0000] {logging_mixin.py:190} INFO - [2024-10-28T00:19:01.064+0000] {dagbag.py:588} INFO - Filling up the DagBag from /home/airflow/.local/lib/python3.12/site-packages/airflow/example_dags/example_nested_branch_dag.py
[2024-10-28T00:19:01.077+0000] {processor.py:925} INFO - DAG(s) 'example_nested_branch_dag' retrieved from /home/airflow/.local/lib/python3.12/site-packages/airflow/example_dags/example_nested_branch_dag.py
[2024-10-28T00:19:01.097+0000] {logging_mixin.py:190} INFO - [2024-10-28T00:19:01.097+0000] {dag.py:3239} INFO - Sync 1 DAGs
[2024-10-28T00:19:01.124+0000] {logging_mixin.py:190} INFO - [2024-10-28T00:19:01.124+0000] {dag.py:4180} INFO - Setting next_dagrun for example_nested_branch_dag to 2024-10-27 00:00:00+00:00, run_after=2024-10-28 00:00:00+00:00
[2024-10-28T00:19:01.145+0000] {processor.py:208} INFO - Processing /home/airflow/.local/lib/python3.12/site-packages/airflow/example_dags/example_nested_branch_dag.py took 0.089 seconds
[2024-10-28T00:19:31.506+0000] {processor.py:186} INFO - Started process (PID=47986) to work on /home/airflow/.local/lib/python3.12/site-packages/airflow/example_dags/example_nested_branch_dag.py
[2024-10-28T00:19:31.507+0000] {processor.py:914} INFO - Processing file /home/airflow/.local/lib/python3.12/site-packages/airflow/example_dags/example_nested_branch_dag.py for tasks to queue
[2024-10-28T00:19:31.509+0000] {logging_mixin.py:190} INFO - [2024-10-28T00:19:31.508+0000] {dagbag.py:588} INFO - Filling up the DagBag from /home/airflow/.local/lib/python3.12/site-packages/airflow/example_dags/example_nested_branch_dag.py
[2024-10-28T00:19:31.526+0000] {processor.py:925} INFO - DAG(s) 'example_nested_branch_dag' retrieved from /home/airflow/.local/lib/python3.12/site-packages/airflow/example_dags/example_nested_branch_dag.py
[2024-10-28T00:19:31.552+0000] {logging_mixin.py:190} INFO - [2024-10-28T00:19:31.552+0000] {dag.py:3239} INFO - Sync 1 DAGs
[2024-10-28T00:19:31.584+0000] {logging_mixin.py:190} INFO - [2024-10-28T00:19:31.583+0000] {dag.py:4180} INFO - Setting next_dagrun for example_nested_branch_dag to 2024-10-27 00:00:00+00:00, run_after=2024-10-28 00:00:00+00:00
[2024-10-28T00:19:31.607+0000] {processor.py:208} INFO - Processing /home/airflow/.local/lib/python3.12/site-packages/airflow/example_dags/example_nested_branch_dag.py took 0.107 seconds
[2024-10-28T00:20:02.215+0000] {processor.py:186} INFO - Started process (PID=48060) to work on /home/airflow/.local/lib/python3.12/site-packages/airflow/example_dags/example_nested_branch_dag.py
[2024-10-28T00:20:02.217+0000] {processor.py:914} INFO - Processing file /home/airflow/.local/lib/python3.12/site-packages/airflow/example_dags/example_nested_branch_dag.py for tasks to queue
[2024-10-28T00:20:02.218+0000] {logging_mixin.py:190} INFO - [2024-10-28T00:20:02.218+0000] {dagbag.py:588} INFO - Filling up the DagBag from /home/airflow/.local/lib/python3.12/site-packages/airflow/example_dags/example_nested_branch_dag.py
[2024-10-28T00:20:02.230+0000] {processor.py:925} INFO - DAG(s) 'example_nested_branch_dag' retrieved from /home/airflow/.local/lib/python3.12/site-packages/airflow/example_dags/example_nested_branch_dag.py
[2024-10-28T00:20:02.251+0000] {logging_mixin.py:190} INFO - [2024-10-28T00:20:02.251+0000] {dag.py:3239} INFO - Sync 1 DAGs
[2024-10-28T00:20:02.277+0000] {logging_mixin.py:190} INFO - [2024-10-28T00:20:02.277+0000] {dag.py:4180} INFO - Setting next_dagrun for example_nested_branch_dag to 2024-10-27 00:00:00+00:00, run_after=2024-10-28 00:00:00+00:00
[2024-10-28T00:20:02.297+0000] {processor.py:208} INFO - Processing /home/airflow/.local/lib/python3.12/site-packages/airflow/example_dags/example_nested_branch_dag.py took 0.088 seconds
[2024-10-28T00:20:32.597+0000] {processor.py:186} INFO - Started process (PID=48134) to work on /home/airflow/.local/lib/python3.12/site-packages/airflow/example_dags/example_nested_branch_dag.py
[2024-10-28T00:20:32.598+0000] {processor.py:914} INFO - Processing file /home/airflow/.local/lib/python3.12/site-packages/airflow/example_dags/example_nested_branch_dag.py for tasks to queue
[2024-10-28T00:20:32.600+0000] {logging_mixin.py:190} INFO - [2024-10-28T00:20:32.599+0000] {dagbag.py:588} INFO - Filling up the DagBag from /home/airflow/.local/lib/python3.12/site-packages/airflow/example_dags/example_nested_branch_dag.py
[2024-10-28T00:20:32.615+0000] {processor.py:925} INFO - DAG(s) 'example_nested_branch_dag' retrieved from /home/airflow/.local/lib/python3.12/site-packages/airflow/example_dags/example_nested_branch_dag.py
[2024-10-28T00:20:32.646+0000] {logging_mixin.py:190} INFO - [2024-10-28T00:20:32.645+0000] {dag.py:3239} INFO - Sync 1 DAGs
[2024-10-28T00:20:32.681+0000] {logging_mixin.py:190} INFO - [2024-10-28T00:20:32.681+0000] {dag.py:4180} INFO - Setting next_dagrun for example_nested_branch_dag to 2024-10-27 00:00:00+00:00, run_after=2024-10-28 00:00:00+00:00
[2024-10-28T00:20:32.711+0000] {processor.py:208} INFO - Processing /home/airflow/.local/lib/python3.12/site-packages/airflow/example_dags/example_nested_branch_dag.py took 0.122 seconds
[2024-10-28T00:21:03.191+0000] {processor.py:186} INFO - Started process (PID=48208) to work on /home/airflow/.local/lib/python3.12/site-packages/airflow/example_dags/example_nested_branch_dag.py
[2024-10-28T00:21:03.192+0000] {processor.py:914} INFO - Processing file /home/airflow/.local/lib/python3.12/site-packages/airflow/example_dags/example_nested_branch_dag.py for tasks to queue
[2024-10-28T00:21:03.193+0000] {logging_mixin.py:190} INFO - [2024-10-28T00:21:03.193+0000] {dagbag.py:588} INFO - Filling up the DagBag from /home/airflow/.local/lib/python3.12/site-packages/airflow/example_dags/example_nested_branch_dag.py
[2024-10-28T00:21:03.208+0000] {processor.py:925} INFO - DAG(s) 'example_nested_branch_dag' retrieved from /home/airflow/.local/lib/python3.12/site-packages/airflow/example_dags/example_nested_branch_dag.py
[2024-10-28T00:21:03.234+0000] {logging_mixin.py:190} INFO - [2024-10-28T00:21:03.234+0000] {dag.py:3239} INFO - Sync 1 DAGs
[2024-10-28T00:21:03.263+0000] {logging_mixin.py:190} INFO - [2024-10-28T00:21:03.263+0000] {dag.py:4180} INFO - Setting next_dagrun for example_nested_branch_dag to 2024-10-27 00:00:00+00:00, run_after=2024-10-28 00:00:00+00:00
[2024-10-28T00:21:03.290+0000] {processor.py:208} INFO - Processing /home/airflow/.local/lib/python3.12/site-packages/airflow/example_dags/example_nested_branch_dag.py took 0.108 seconds
[2024-10-28T00:21:33.850+0000] {processor.py:186} INFO - Started process (PID=48282) to work on /home/airflow/.local/lib/python3.12/site-packages/airflow/example_dags/example_nested_branch_dag.py
[2024-10-28T00:21:33.851+0000] {processor.py:914} INFO - Processing file /home/airflow/.local/lib/python3.12/site-packages/airflow/example_dags/example_nested_branch_dag.py for tasks to queue
[2024-10-28T00:21:33.853+0000] {logging_mixin.py:190} INFO - [2024-10-28T00:21:33.853+0000] {dagbag.py:588} INFO - Filling up the DagBag from /home/airflow/.local/lib/python3.12/site-packages/airflow/example_dags/example_nested_branch_dag.py
[2024-10-28T00:21:33.865+0000] {processor.py:925} INFO - DAG(s) 'example_nested_branch_dag' retrieved from /home/airflow/.local/lib/python3.12/site-packages/airflow/example_dags/example_nested_branch_dag.py
[2024-10-28T00:21:33.885+0000] {logging_mixin.py:190} INFO - [2024-10-28T00:21:33.885+0000] {dag.py:3239} INFO - Sync 1 DAGs
[2024-10-28T00:21:33.908+0000] {logging_mixin.py:190} INFO - [2024-10-28T00:21:33.908+0000] {dag.py:4180} INFO - Setting next_dagrun for example_nested_branch_dag to 2024-10-27 00:00:00+00:00, run_after=2024-10-28 00:00:00+00:00
[2024-10-28T00:21:33.929+0000] {processor.py:208} INFO - Processing /home/airflow/.local/lib/python3.12/site-packages/airflow/example_dags/example_nested_branch_dag.py took 0.084 seconds
[2024-10-28T00:22:04.395+0000] {processor.py:186} INFO - Started process (PID=48356) to work on /home/airflow/.local/lib/python3.12/site-packages/airflow/example_dags/example_nested_branch_dag.py
[2024-10-28T00:22:04.397+0000] {processor.py:914} INFO - Processing file /home/airflow/.local/lib/python3.12/site-packages/airflow/example_dags/example_nested_branch_dag.py for tasks to queue
[2024-10-28T00:22:04.398+0000] {logging_mixin.py:190} INFO - [2024-10-28T00:22:04.398+0000] {dagbag.py:588} INFO - Filling up the DagBag from /home/airflow/.local/lib/python3.12/site-packages/airflow/example_dags/example_nested_branch_dag.py
[2024-10-28T00:22:04.413+0000] {processor.py:925} INFO - DAG(s) 'example_nested_branch_dag' retrieved from /home/airflow/.local/lib/python3.12/site-packages/airflow/example_dags/example_nested_branch_dag.py
[2024-10-28T00:22:04.439+0000] {logging_mixin.py:190} INFO - [2024-10-28T00:22:04.439+0000] {dag.py:3239} INFO - Sync 1 DAGs
[2024-10-28T00:22:04.469+0000] {logging_mixin.py:190} INFO - [2024-10-28T00:22:04.469+0000] {dag.py:4180} INFO - Setting next_dagrun for example_nested_branch_dag to 2024-10-27 00:00:00+00:00, run_after=2024-10-28 00:00:00+00:00
[2024-10-28T00:22:04.495+0000] {processor.py:208} INFO - Processing /home/airflow/.local/lib/python3.12/site-packages/airflow/example_dags/example_nested_branch_dag.py took 0.107 seconds
[2024-10-28T00:22:34.680+0000] {processor.py:186} INFO - Started process (PID=48430) to work on /home/airflow/.local/lib/python3.12/site-packages/airflow/example_dags/example_nested_branch_dag.py
[2024-10-28T00:22:34.681+0000] {processor.py:914} INFO - Processing file /home/airflow/.local/lib/python3.12/site-packages/airflow/example_dags/example_nested_branch_dag.py for tasks to queue
[2024-10-28T00:22:34.683+0000] {logging_mixin.py:190} INFO - [2024-10-28T00:22:34.682+0000] {dagbag.py:588} INFO - Filling up the DagBag from /home/airflow/.local/lib/python3.12/site-packages/airflow/example_dags/example_nested_branch_dag.py
[2024-10-28T00:22:34.695+0000] {processor.py:925} INFO - DAG(s) 'example_nested_branch_dag' retrieved from /home/airflow/.local/lib/python3.12/site-packages/airflow/example_dags/example_nested_branch_dag.py
[2024-10-28T00:22:34.724+0000] {logging_mixin.py:190} INFO - [2024-10-28T00:22:34.723+0000] {dag.py:3239} INFO - Sync 1 DAGs
[2024-10-28T00:22:34.749+0000] {logging_mixin.py:190} INFO - [2024-10-28T00:22:34.749+0000] {dag.py:4180} INFO - Setting next_dagrun for example_nested_branch_dag to 2024-10-27 00:00:00+00:00, run_after=2024-10-28 00:00:00+00:00
[2024-10-28T00:22:34.772+0000] {processor.py:208} INFO - Processing /home/airflow/.local/lib/python3.12/site-packages/airflow/example_dags/example_nested_branch_dag.py took 0.102 seconds
[2024-10-28T00:23:05.164+0000] {processor.py:186} INFO - Started process (PID=48504) to work on /home/airflow/.local/lib/python3.12/site-packages/airflow/example_dags/example_nested_branch_dag.py
[2024-10-28T00:23:05.165+0000] {processor.py:914} INFO - Processing file /home/airflow/.local/lib/python3.12/site-packages/airflow/example_dags/example_nested_branch_dag.py for tasks to queue
[2024-10-28T00:23:05.167+0000] {logging_mixin.py:190} INFO - [2024-10-28T00:23:05.167+0000] {dagbag.py:588} INFO - Filling up the DagBag from /home/airflow/.local/lib/python3.12/site-packages/airflow/example_dags/example_nested_branch_dag.py
[2024-10-28T00:23:05.178+0000] {processor.py:925} INFO - DAG(s) 'example_nested_branch_dag' retrieved from /home/airflow/.local/lib/python3.12/site-packages/airflow/example_dags/example_nested_branch_dag.py
[2024-10-28T00:23:05.199+0000] {logging_mixin.py:190} INFO - [2024-10-28T00:23:05.198+0000] {dag.py:3239} INFO - Sync 1 DAGs
[2024-10-28T00:23:05.221+0000] {logging_mixin.py:190} INFO - [2024-10-28T00:23:05.221+0000] {dag.py:4180} INFO - Setting next_dagrun for example_nested_branch_dag to 2024-10-27 00:00:00+00:00, run_after=2024-10-28 00:00:00+00:00
[2024-10-28T00:23:05.240+0000] {processor.py:208} INFO - Processing /home/airflow/.local/lib/python3.12/site-packages/airflow/example_dags/example_nested_branch_dag.py took 0.081 seconds
[2024-10-28T00:23:35.391+0000] {processor.py:186} INFO - Started process (PID=48578) to work on /home/airflow/.local/lib/python3.12/site-packages/airflow/example_dags/example_nested_branch_dag.py
[2024-10-28T00:23:35.392+0000] {processor.py:914} INFO - Processing file /home/airflow/.local/lib/python3.12/site-packages/airflow/example_dags/example_nested_branch_dag.py for tasks to queue
[2024-10-28T00:23:35.394+0000] {logging_mixin.py:190} INFO - [2024-10-28T00:23:35.393+0000] {dagbag.py:588} INFO - Filling up the DagBag from /home/airflow/.local/lib/python3.12/site-packages/airflow/example_dags/example_nested_branch_dag.py
[2024-10-28T00:23:35.404+0000] {processor.py:925} INFO - DAG(s) 'example_nested_branch_dag' retrieved from /home/airflow/.local/lib/python3.12/site-packages/airflow/example_dags/example_nested_branch_dag.py
[2024-10-28T00:23:35.425+0000] {logging_mixin.py:190} INFO - [2024-10-28T00:23:35.424+0000] {dag.py:3239} INFO - Sync 1 DAGs
[2024-10-28T00:23:35.448+0000] {logging_mixin.py:190} INFO - [2024-10-28T00:23:35.447+0000] {dag.py:4180} INFO - Setting next_dagrun for example_nested_branch_dag to 2024-10-27 00:00:00+00:00, run_after=2024-10-28 00:00:00+00:00
[2024-10-28T00:23:35.466+0000] {processor.py:208} INFO - Processing /home/airflow/.local/lib/python3.12/site-packages/airflow/example_dags/example_nested_branch_dag.py took 0.079 seconds
[2024-10-28T00:24:06.352+0000] {processor.py:186} INFO - Started process (PID=48652) to work on /home/airflow/.local/lib/python3.12/site-packages/airflow/example_dags/example_nested_branch_dag.py
[2024-10-28T00:24:06.354+0000] {processor.py:914} INFO - Processing file /home/airflow/.local/lib/python3.12/site-packages/airflow/example_dags/example_nested_branch_dag.py for tasks to queue
[2024-10-28T00:24:06.356+0000] {logging_mixin.py:190} INFO - [2024-10-28T00:24:06.355+0000] {dagbag.py:588} INFO - Filling up the DagBag from /home/airflow/.local/lib/python3.12/site-packages/airflow/example_dags/example_nested_branch_dag.py
[2024-10-28T00:24:06.370+0000] {processor.py:925} INFO - DAG(s) 'example_nested_branch_dag' retrieved from /home/airflow/.local/lib/python3.12/site-packages/airflow/example_dags/example_nested_branch_dag.py
[2024-10-28T00:24:06.394+0000] {logging_mixin.py:190} INFO - [2024-10-28T00:24:06.394+0000] {dag.py:3239} INFO - Sync 1 DAGs
[2024-10-28T00:24:06.421+0000] {logging_mixin.py:190} INFO - [2024-10-28T00:24:06.420+0000] {dag.py:4180} INFO - Setting next_dagrun for example_nested_branch_dag to 2024-10-27 00:00:00+00:00, run_after=2024-10-28 00:00:00+00:00
[2024-10-28T00:24:06.441+0000] {processor.py:208} INFO - Processing /home/airflow/.local/lib/python3.12/site-packages/airflow/example_dags/example_nested_branch_dag.py took 0.097 seconds
[2024-10-28T00:24:37.332+0000] {processor.py:186} INFO - Started process (PID=48726) to work on /home/airflow/.local/lib/python3.12/site-packages/airflow/example_dags/example_nested_branch_dag.py
[2024-10-28T00:24:37.333+0000] {processor.py:914} INFO - Processing file /home/airflow/.local/lib/python3.12/site-packages/airflow/example_dags/example_nested_branch_dag.py for tasks to queue
[2024-10-28T00:24:37.335+0000] {logging_mixin.py:190} INFO - [2024-10-28T00:24:37.334+0000] {dagbag.py:588} INFO - Filling up the DagBag from /home/airflow/.local/lib/python3.12/site-packages/airflow/example_dags/example_nested_branch_dag.py
[2024-10-28T00:24:37.351+0000] {processor.py:925} INFO - DAG(s) 'example_nested_branch_dag' retrieved from /home/airflow/.local/lib/python3.12/site-packages/airflow/example_dags/example_nested_branch_dag.py
[2024-10-28T00:24:37.382+0000] {logging_mixin.py:190} INFO - [2024-10-28T00:24:37.381+0000] {dag.py:3239} INFO - Sync 1 DAGs
[2024-10-28T00:24:37.414+0000] {logging_mixin.py:190} INFO - [2024-10-28T00:24:37.414+0000] {dag.py:4180} INFO - Setting next_dagrun for example_nested_branch_dag to 2024-10-27 00:00:00+00:00, run_after=2024-10-28 00:00:00+00:00
[2024-10-28T00:24:37.442+0000] {processor.py:208} INFO - Processing /home/airflow/.local/lib/python3.12/site-packages/airflow/example_dags/example_nested_branch_dag.py took 0.116 seconds
[2024-10-28T00:25:08.133+0000] {processor.py:186} INFO - Started process (PID=48806) to work on /home/airflow/.local/lib/python3.12/site-packages/airflow/example_dags/example_nested_branch_dag.py
[2024-10-28T00:25:08.134+0000] {processor.py:914} INFO - Processing file /home/airflow/.local/lib/python3.12/site-packages/airflow/example_dags/example_nested_branch_dag.py for tasks to queue
[2024-10-28T00:25:08.136+0000] {logging_mixin.py:190} INFO - [2024-10-28T00:25:08.136+0000] {dagbag.py:588} INFO - Filling up the DagBag from /home/airflow/.local/lib/python3.12/site-packages/airflow/example_dags/example_nested_branch_dag.py
[2024-10-28T00:25:08.146+0000] {processor.py:925} INFO - DAG(s) 'example_nested_branch_dag' retrieved from /home/airflow/.local/lib/python3.12/site-packages/airflow/example_dags/example_nested_branch_dag.py
[2024-10-28T00:25:08.173+0000] {logging_mixin.py:190} INFO - [2024-10-28T00:25:08.173+0000] {dag.py:3239} INFO - Sync 1 DAGs
[2024-10-28T00:25:08.364+0000] {logging_mixin.py:190} INFO - [2024-10-28T00:25:08.364+0000] {dag.py:4180} INFO - Setting next_dagrun for example_nested_branch_dag to 2024-10-27 00:00:00+00:00, run_after=2024-10-28 00:00:00+00:00
[2024-10-28T00:25:08.387+0000] {processor.py:208} INFO - Processing /home/airflow/.local/lib/python3.12/site-packages/airflow/example_dags/example_nested_branch_dag.py took 0.259 seconds
[2024-10-28T00:25:39.042+0000] {processor.py:186} INFO - Started process (PID=48880) to work on /home/airflow/.local/lib/python3.12/site-packages/airflow/example_dags/example_nested_branch_dag.py
[2024-10-28T00:25:39.043+0000] {processor.py:914} INFO - Processing file /home/airflow/.local/lib/python3.12/site-packages/airflow/example_dags/example_nested_branch_dag.py for tasks to queue
[2024-10-28T00:25:39.044+0000] {logging_mixin.py:190} INFO - [2024-10-28T00:25:39.044+0000] {dagbag.py:588} INFO - Filling up the DagBag from /home/airflow/.local/lib/python3.12/site-packages/airflow/example_dags/example_nested_branch_dag.py
[2024-10-28T00:25:39.055+0000] {processor.py:925} INFO - DAG(s) 'example_nested_branch_dag' retrieved from /home/airflow/.local/lib/python3.12/site-packages/airflow/example_dags/example_nested_branch_dag.py
[2024-10-28T00:25:39.076+0000] {logging_mixin.py:190} INFO - [2024-10-28T00:25:39.076+0000] {dag.py:3239} INFO - Sync 1 DAGs
[2024-10-28T00:25:39.246+0000] {logging_mixin.py:190} INFO - [2024-10-28T00:25:39.245+0000] {dag.py:4180} INFO - Setting next_dagrun for example_nested_branch_dag to 2024-10-27 00:00:00+00:00, run_after=2024-10-28 00:00:00+00:00
[2024-10-28T00:25:39.265+0000] {processor.py:208} INFO - Processing /home/airflow/.local/lib/python3.12/site-packages/airflow/example_dags/example_nested_branch_dag.py took 0.228 seconds
[2024-10-28T00:26:09.519+0000] {processor.py:186} INFO - Started process (PID=48954) to work on /home/airflow/.local/lib/python3.12/site-packages/airflow/example_dags/example_nested_branch_dag.py
[2024-10-28T00:26:09.520+0000] {processor.py:914} INFO - Processing file /home/airflow/.local/lib/python3.12/site-packages/airflow/example_dags/example_nested_branch_dag.py for tasks to queue
[2024-10-28T00:26:09.521+0000] {logging_mixin.py:190} INFO - [2024-10-28T00:26:09.521+0000] {dagbag.py:588} INFO - Filling up the DagBag from /home/airflow/.local/lib/python3.12/site-packages/airflow/example_dags/example_nested_branch_dag.py
[2024-10-28T00:26:09.532+0000] {processor.py:925} INFO - DAG(s) 'example_nested_branch_dag' retrieved from /home/airflow/.local/lib/python3.12/site-packages/airflow/example_dags/example_nested_branch_dag.py
[2024-10-28T00:26:09.551+0000] {logging_mixin.py:190} INFO - [2024-10-28T00:26:09.551+0000] {dag.py:3239} INFO - Sync 1 DAGs
[2024-10-28T00:26:09.722+0000] {logging_mixin.py:190} INFO - [2024-10-28T00:26:09.722+0000] {dag.py:4180} INFO - Setting next_dagrun for example_nested_branch_dag to 2024-10-27 00:00:00+00:00, run_after=2024-10-28 00:00:00+00:00
[2024-10-28T00:26:09.743+0000] {processor.py:208} INFO - Processing /home/airflow/.local/lib/python3.12/site-packages/airflow/example_dags/example_nested_branch_dag.py took 0.229 seconds
[2024-10-28T00:26:40.290+0000] {processor.py:186} INFO - Started process (PID=49028) to work on /home/airflow/.local/lib/python3.12/site-packages/airflow/example_dags/example_nested_branch_dag.py
[2024-10-28T00:26:40.291+0000] {processor.py:914} INFO - Processing file /home/airflow/.local/lib/python3.12/site-packages/airflow/example_dags/example_nested_branch_dag.py for tasks to queue
[2024-10-28T00:26:40.292+0000] {logging_mixin.py:190} INFO - [2024-10-28T00:26:40.292+0000] {dagbag.py:588} INFO - Filling up the DagBag from /home/airflow/.local/lib/python3.12/site-packages/airflow/example_dags/example_nested_branch_dag.py
[2024-10-28T00:26:40.302+0000] {processor.py:925} INFO - DAG(s) 'example_nested_branch_dag' retrieved from /home/airflow/.local/lib/python3.12/site-packages/airflow/example_dags/example_nested_branch_dag.py
[2024-10-28T00:26:40.323+0000] {logging_mixin.py:190} INFO - [2024-10-28T00:26:40.323+0000] {dag.py:3239} INFO - Sync 1 DAGs
[2024-10-28T00:26:40.347+0000] {logging_mixin.py:190} INFO - [2024-10-28T00:26:40.347+0000] {dag.py:4180} INFO - Setting next_dagrun for example_nested_branch_dag to 2024-10-27 00:00:00+00:00, run_after=2024-10-28 00:00:00+00:00
[2024-10-28T00:26:40.366+0000] {processor.py:208} INFO - Processing /home/airflow/.local/lib/python3.12/site-packages/airflow/example_dags/example_nested_branch_dag.py took 0.081 seconds
[2024-10-28T00:27:10.685+0000] {processor.py:186} INFO - Started process (PID=49102) to work on /home/airflow/.local/lib/python3.12/site-packages/airflow/example_dags/example_nested_branch_dag.py
[2024-10-28T00:27:10.687+0000] {processor.py:914} INFO - Processing file /home/airflow/.local/lib/python3.12/site-packages/airflow/example_dags/example_nested_branch_dag.py for tasks to queue
[2024-10-28T00:27:10.688+0000] {logging_mixin.py:190} INFO - [2024-10-28T00:27:10.688+0000] {dagbag.py:588} INFO - Filling up the DagBag from /home/airflow/.local/lib/python3.12/site-packages/airflow/example_dags/example_nested_branch_dag.py
[2024-10-28T00:27:10.699+0000] {processor.py:925} INFO - DAG(s) 'example_nested_branch_dag' retrieved from /home/airflow/.local/lib/python3.12/site-packages/airflow/example_dags/example_nested_branch_dag.py
[2024-10-28T00:27:10.719+0000] {logging_mixin.py:190} INFO - [2024-10-28T00:27:10.719+0000] {dag.py:3239} INFO - Sync 1 DAGs
[2024-10-28T00:27:10.742+0000] {logging_mixin.py:190} INFO - [2024-10-28T00:27:10.742+0000] {dag.py:4180} INFO - Setting next_dagrun for example_nested_branch_dag to 2024-10-27 00:00:00+00:00, run_after=2024-10-28 00:00:00+00:00
[2024-10-28T00:27:10.761+0000] {processor.py:208} INFO - Processing /home/airflow/.local/lib/python3.12/site-packages/airflow/example_dags/example_nested_branch_dag.py took 0.081 seconds
[2024-10-28T00:27:41.586+0000] {processor.py:186} INFO - Started process (PID=49176) to work on /home/airflow/.local/lib/python3.12/site-packages/airflow/example_dags/example_nested_branch_dag.py
[2024-10-28T00:27:41.587+0000] {processor.py:914} INFO - Processing file /home/airflow/.local/lib/python3.12/site-packages/airflow/example_dags/example_nested_branch_dag.py for tasks to queue
[2024-10-28T00:27:41.589+0000] {logging_mixin.py:190} INFO - [2024-10-28T00:27:41.588+0000] {dagbag.py:588} INFO - Filling up the DagBag from /home/airflow/.local/lib/python3.12/site-packages/airflow/example_dags/example_nested_branch_dag.py
[2024-10-28T00:27:41.606+0000] {processor.py:925} INFO - DAG(s) 'example_nested_branch_dag' retrieved from /home/airflow/.local/lib/python3.12/site-packages/airflow/example_dags/example_nested_branch_dag.py
[2024-10-28T00:27:41.630+0000] {logging_mixin.py:190} INFO - [2024-10-28T00:27:41.630+0000] {dag.py:3239} INFO - Sync 1 DAGs
[2024-10-28T00:27:41.654+0000] {logging_mixin.py:190} INFO - [2024-10-28T00:27:41.653+0000] {dag.py:4180} INFO - Setting next_dagrun for example_nested_branch_dag to 2024-10-27 00:00:00+00:00, run_after=2024-10-28 00:00:00+00:00
[2024-10-28T00:27:41.672+0000] {processor.py:208} INFO - Processing /home/airflow/.local/lib/python3.12/site-packages/airflow/example_dags/example_nested_branch_dag.py took 0.093 seconds
[2024-10-28T00:28:11.734+0000] {processor.py:186} INFO - Started process (PID=49250) to work on /home/airflow/.local/lib/python3.12/site-packages/airflow/example_dags/example_nested_branch_dag.py
[2024-10-28T00:28:11.735+0000] {processor.py:914} INFO - Processing file /home/airflow/.local/lib/python3.12/site-packages/airflow/example_dags/example_nested_branch_dag.py for tasks to queue
[2024-10-28T00:28:11.737+0000] {logging_mixin.py:190} INFO - [2024-10-28T00:28:11.736+0000] {dagbag.py:588} INFO - Filling up the DagBag from /home/airflow/.local/lib/python3.12/site-packages/airflow/example_dags/example_nested_branch_dag.py
[2024-10-28T00:28:11.750+0000] {processor.py:925} INFO - DAG(s) 'example_nested_branch_dag' retrieved from /home/airflow/.local/lib/python3.12/site-packages/airflow/example_dags/example_nested_branch_dag.py
[2024-10-28T00:28:11.777+0000] {logging_mixin.py:190} INFO - [2024-10-28T00:28:11.776+0000] {dag.py:3239} INFO - Sync 1 DAGs
[2024-10-28T00:28:11.805+0000] {logging_mixin.py:190} INFO - [2024-10-28T00:28:11.805+0000] {dag.py:4180} INFO - Setting next_dagrun for example_nested_branch_dag to 2024-10-27 00:00:00+00:00, run_after=2024-10-28 00:00:00+00:00
[2024-10-28T00:28:11.834+0000] {processor.py:208} INFO - Processing /home/airflow/.local/lib/python3.12/site-packages/airflow/example_dags/example_nested_branch_dag.py took 0.105 seconds
[2024-10-28T00:28:42.269+0000] {processor.py:186} INFO - Started process (PID=49324) to work on /home/airflow/.local/lib/python3.12/site-packages/airflow/example_dags/example_nested_branch_dag.py
[2024-10-28T00:28:42.270+0000] {processor.py:914} INFO - Processing file /home/airflow/.local/lib/python3.12/site-packages/airflow/example_dags/example_nested_branch_dag.py for tasks to queue
[2024-10-28T00:28:42.271+0000] {logging_mixin.py:190} INFO - [2024-10-28T00:28:42.271+0000] {dagbag.py:588} INFO - Filling up the DagBag from /home/airflow/.local/lib/python3.12/site-packages/airflow/example_dags/example_nested_branch_dag.py
[2024-10-28T00:28:42.282+0000] {processor.py:925} INFO - DAG(s) 'example_nested_branch_dag' retrieved from /home/airflow/.local/lib/python3.12/site-packages/airflow/example_dags/example_nested_branch_dag.py
[2024-10-28T00:28:42.302+0000] {logging_mixin.py:190} INFO - [2024-10-28T00:28:42.301+0000] {dag.py:3239} INFO - Sync 1 DAGs
[2024-10-28T00:28:42.326+0000] {logging_mixin.py:190} INFO - [2024-10-28T00:28:42.326+0000] {dag.py:4180} INFO - Setting next_dagrun for example_nested_branch_dag to 2024-10-27 00:00:00+00:00, run_after=2024-10-28 00:00:00+00:00
[2024-10-28T00:28:42.345+0000] {processor.py:208} INFO - Processing /home/airflow/.local/lib/python3.12/site-packages/airflow/example_dags/example_nested_branch_dag.py took 0.082 seconds
[2024-10-28T00:29:13.158+0000] {processor.py:186} INFO - Started process (PID=49398) to work on /home/airflow/.local/lib/python3.12/site-packages/airflow/example_dags/example_nested_branch_dag.py
[2024-10-28T00:29:13.159+0000] {processor.py:914} INFO - Processing file /home/airflow/.local/lib/python3.12/site-packages/airflow/example_dags/example_nested_branch_dag.py for tasks to queue
[2024-10-28T00:29:13.160+0000] {logging_mixin.py:190} INFO - [2024-10-28T00:29:13.160+0000] {dagbag.py:588} INFO - Filling up the DagBag from /home/airflow/.local/lib/python3.12/site-packages/airflow/example_dags/example_nested_branch_dag.py
[2024-10-28T00:29:13.171+0000] {processor.py:925} INFO - DAG(s) 'example_nested_branch_dag' retrieved from /home/airflow/.local/lib/python3.12/site-packages/airflow/example_dags/example_nested_branch_dag.py
[2024-10-28T00:29:13.191+0000] {logging_mixin.py:190} INFO - [2024-10-28T00:29:13.191+0000] {dag.py:3239} INFO - Sync 1 DAGs
[2024-10-28T00:29:13.216+0000] {logging_mixin.py:190} INFO - [2024-10-28T00:29:13.216+0000] {dag.py:4180} INFO - Setting next_dagrun for example_nested_branch_dag to 2024-10-27 00:00:00+00:00, run_after=2024-10-28 00:00:00+00:00
[2024-10-28T00:29:13.235+0000] {processor.py:208} INFO - Processing /home/airflow/.local/lib/python3.12/site-packages/airflow/example_dags/example_nested_branch_dag.py took 0.083 seconds
[2024-10-28T00:29:43.974+0000] {processor.py:186} INFO - Started process (PID=49472) to work on /home/airflow/.local/lib/python3.12/site-packages/airflow/example_dags/example_nested_branch_dag.py
[2024-10-28T00:29:43.975+0000] {processor.py:914} INFO - Processing file /home/airflow/.local/lib/python3.12/site-packages/airflow/example_dags/example_nested_branch_dag.py for tasks to queue
[2024-10-28T00:29:43.977+0000] {logging_mixin.py:190} INFO - [2024-10-28T00:29:43.977+0000] {dagbag.py:588} INFO - Filling up the DagBag from /home/airflow/.local/lib/python3.12/site-packages/airflow/example_dags/example_nested_branch_dag.py
[2024-10-28T00:29:43.988+0000] {processor.py:925} INFO - DAG(s) 'example_nested_branch_dag' retrieved from /home/airflow/.local/lib/python3.12/site-packages/airflow/example_dags/example_nested_branch_dag.py
[2024-10-28T00:29:44.011+0000] {logging_mixin.py:190} INFO - [2024-10-28T00:29:44.010+0000] {dag.py:3239} INFO - Sync 1 DAGs
[2024-10-28T00:29:44.035+0000] {logging_mixin.py:190} INFO - [2024-10-28T00:29:44.035+0000] {dag.py:4180} INFO - Setting next_dagrun for example_nested_branch_dag to 2024-10-27 00:00:00+00:00, run_after=2024-10-28 00:00:00+00:00
[2024-10-28T00:29:44.054+0000] {processor.py:208} INFO - Processing /home/airflow/.local/lib/python3.12/site-packages/airflow/example_dags/example_nested_branch_dag.py took 0.086 seconds
[2024-10-28T00:30:14.891+0000] {processor.py:186} INFO - Started process (PID=49546) to work on /home/airflow/.local/lib/python3.12/site-packages/airflow/example_dags/example_nested_branch_dag.py
[2024-10-28T00:30:14.892+0000] {processor.py:914} INFO - Processing file /home/airflow/.local/lib/python3.12/site-packages/airflow/example_dags/example_nested_branch_dag.py for tasks to queue
[2024-10-28T00:30:14.893+0000] {logging_mixin.py:190} INFO - [2024-10-28T00:30:14.893+0000] {dagbag.py:588} INFO - Filling up the DagBag from /home/airflow/.local/lib/python3.12/site-packages/airflow/example_dags/example_nested_branch_dag.py
[2024-10-28T00:30:14.904+0000] {processor.py:925} INFO - DAG(s) 'example_nested_branch_dag' retrieved from /home/airflow/.local/lib/python3.12/site-packages/airflow/example_dags/example_nested_branch_dag.py
[2024-10-28T00:30:14.923+0000] {logging_mixin.py:190} INFO - [2024-10-28T00:30:14.923+0000] {dag.py:3239} INFO - Sync 1 DAGs
[2024-10-28T00:30:14.947+0000] {logging_mixin.py:190} INFO - [2024-10-28T00:30:14.947+0000] {dag.py:4180} INFO - Setting next_dagrun for example_nested_branch_dag to 2024-10-27 00:00:00+00:00, run_after=2024-10-28 00:00:00+00:00
[2024-10-28T00:30:14.966+0000] {processor.py:208} INFO - Processing /home/airflow/.local/lib/python3.12/site-packages/airflow/example_dags/example_nested_branch_dag.py took 0.081 seconds
[2024-10-28T00:30:45.787+0000] {processor.py:186} INFO - Started process (PID=49620) to work on /home/airflow/.local/lib/python3.12/site-packages/airflow/example_dags/example_nested_branch_dag.py
[2024-10-28T00:30:45.788+0000] {processor.py:914} INFO - Processing file /home/airflow/.local/lib/python3.12/site-packages/airflow/example_dags/example_nested_branch_dag.py for tasks to queue
[2024-10-28T00:30:45.790+0000] {logging_mixin.py:190} INFO - [2024-10-28T00:30:45.790+0000] {dagbag.py:588} INFO - Filling up the DagBag from /home/airflow/.local/lib/python3.12/site-packages/airflow/example_dags/example_nested_branch_dag.py
[2024-10-28T00:30:45.800+0000] {processor.py:925} INFO - DAG(s) 'example_nested_branch_dag' retrieved from /home/airflow/.local/lib/python3.12/site-packages/airflow/example_dags/example_nested_branch_dag.py
[2024-10-28T00:30:45.820+0000] {logging_mixin.py:190} INFO - [2024-10-28T00:30:45.820+0000] {dag.py:3239} INFO - Sync 1 DAGs
[2024-10-28T00:30:45.843+0000] {logging_mixin.py:190} INFO - [2024-10-28T00:30:45.843+0000] {dag.py:4180} INFO - Setting next_dagrun for example_nested_branch_dag to 2024-10-27 00:00:00+00:00, run_after=2024-10-28 00:00:00+00:00
[2024-10-28T00:30:45.862+0000] {processor.py:208} INFO - Processing /home/airflow/.local/lib/python3.12/site-packages/airflow/example_dags/example_nested_branch_dag.py took 0.080 seconds
[2024-10-28T00:31:16.562+0000] {processor.py:186} INFO - Started process (PID=49694) to work on /home/airflow/.local/lib/python3.12/site-packages/airflow/example_dags/example_nested_branch_dag.py
[2024-10-28T00:31:16.564+0000] {processor.py:914} INFO - Processing file /home/airflow/.local/lib/python3.12/site-packages/airflow/example_dags/example_nested_branch_dag.py for tasks to queue
[2024-10-28T00:31:16.565+0000] {logging_mixin.py:190} INFO - [2024-10-28T00:31:16.565+0000] {dagbag.py:588} INFO - Filling up the DagBag from /home/airflow/.local/lib/python3.12/site-packages/airflow/example_dags/example_nested_branch_dag.py
[2024-10-28T00:31:16.576+0000] {processor.py:925} INFO - DAG(s) 'example_nested_branch_dag' retrieved from /home/airflow/.local/lib/python3.12/site-packages/airflow/example_dags/example_nested_branch_dag.py
[2024-10-28T00:31:16.596+0000] {logging_mixin.py:190} INFO - [2024-10-28T00:31:16.596+0000] {dag.py:3239} INFO - Sync 1 DAGs
[2024-10-28T00:31:16.620+0000] {logging_mixin.py:190} INFO - [2024-10-28T00:31:16.620+0000] {dag.py:4180} INFO - Setting next_dagrun for example_nested_branch_dag to 2024-10-27 00:00:00+00:00, run_after=2024-10-28 00:00:00+00:00
[2024-10-28T00:31:16.640+0000] {processor.py:208} INFO - Processing /home/airflow/.local/lib/python3.12/site-packages/airflow/example_dags/example_nested_branch_dag.py took 0.083 seconds
[2024-10-28T00:31:46.819+0000] {processor.py:186} INFO - Started process (PID=49768) to work on /home/airflow/.local/lib/python3.12/site-packages/airflow/example_dags/example_nested_branch_dag.py
[2024-10-28T00:31:46.821+0000] {processor.py:914} INFO - Processing file /home/airflow/.local/lib/python3.12/site-packages/airflow/example_dags/example_nested_branch_dag.py for tasks to queue
[2024-10-28T00:31:46.822+0000] {logging_mixin.py:190} INFO - [2024-10-28T00:31:46.822+0000] {dagbag.py:588} INFO - Filling up the DagBag from /home/airflow/.local/lib/python3.12/site-packages/airflow/example_dags/example_nested_branch_dag.py
[2024-10-28T00:31:46.836+0000] {processor.py:925} INFO - DAG(s) 'example_nested_branch_dag' retrieved from /home/airflow/.local/lib/python3.12/site-packages/airflow/example_dags/example_nested_branch_dag.py
[2024-10-28T00:31:46.865+0000] {logging_mixin.py:190} INFO - [2024-10-28T00:31:46.864+0000] {dag.py:3239} INFO - Sync 1 DAGs
[2024-10-28T00:31:46.896+0000] {logging_mixin.py:190} INFO - [2024-10-28T00:31:46.895+0000] {dag.py:4180} INFO - Setting next_dagrun for example_nested_branch_dag to 2024-10-27 00:00:00+00:00, run_after=2024-10-28 00:00:00+00:00
[2024-10-28T00:31:46.919+0000] {processor.py:208} INFO - Processing /home/airflow/.local/lib/python3.12/site-packages/airflow/example_dags/example_nested_branch_dag.py took 0.107 seconds
[2024-10-28T00:32:17.532+0000] {processor.py:186} INFO - Started process (PID=49842) to work on /home/airflow/.local/lib/python3.12/site-packages/airflow/example_dags/example_nested_branch_dag.py
[2024-10-28T00:32:17.533+0000] {processor.py:914} INFO - Processing file /home/airflow/.local/lib/python3.12/site-packages/airflow/example_dags/example_nested_branch_dag.py for tasks to queue
[2024-10-28T00:32:17.535+0000] {logging_mixin.py:190} INFO - [2024-10-28T00:32:17.534+0000] {dagbag.py:588} INFO - Filling up the DagBag from /home/airflow/.local/lib/python3.12/site-packages/airflow/example_dags/example_nested_branch_dag.py
[2024-10-28T00:32:17.547+0000] {processor.py:925} INFO - DAG(s) 'example_nested_branch_dag' retrieved from /home/airflow/.local/lib/python3.12/site-packages/airflow/example_dags/example_nested_branch_dag.py
[2024-10-28T00:32:17.570+0000] {logging_mixin.py:190} INFO - [2024-10-28T00:32:17.570+0000] {dag.py:3239} INFO - Sync 1 DAGs
[2024-10-28T00:32:17.596+0000] {logging_mixin.py:190} INFO - [2024-10-28T00:32:17.596+0000] {dag.py:4180} INFO - Setting next_dagrun for example_nested_branch_dag to 2024-10-27 00:00:00+00:00, run_after=2024-10-28 00:00:00+00:00
[2024-10-28T00:32:17.616+0000] {processor.py:208} INFO - Processing /home/airflow/.local/lib/python3.12/site-packages/airflow/example_dags/example_nested_branch_dag.py took 0.091 seconds
[2024-10-28T00:32:48.375+0000] {processor.py:186} INFO - Started process (PID=49916) to work on /home/airflow/.local/lib/python3.12/site-packages/airflow/example_dags/example_nested_branch_dag.py
[2024-10-28T00:32:48.376+0000] {processor.py:914} INFO - Processing file /home/airflow/.local/lib/python3.12/site-packages/airflow/example_dags/example_nested_branch_dag.py for tasks to queue
[2024-10-28T00:32:48.379+0000] {logging_mixin.py:190} INFO - [2024-10-28T00:32:48.378+0000] {dagbag.py:588} INFO - Filling up the DagBag from /home/airflow/.local/lib/python3.12/site-packages/airflow/example_dags/example_nested_branch_dag.py
[2024-10-28T00:32:48.397+0000] {processor.py:925} INFO - DAG(s) 'example_nested_branch_dag' retrieved from /home/airflow/.local/lib/python3.12/site-packages/airflow/example_dags/example_nested_branch_dag.py
[2024-10-28T00:32:48.425+0000] {logging_mixin.py:190} INFO - [2024-10-28T00:32:48.425+0000] {dag.py:3239} INFO - Sync 1 DAGs
[2024-10-28T00:32:48.453+0000] {logging_mixin.py:190} INFO - [2024-10-28T00:32:48.453+0000] {dag.py:4180} INFO - Setting next_dagrun for example_nested_branch_dag to 2024-10-27 00:00:00+00:00, run_after=2024-10-28 00:00:00+00:00
[2024-10-28T00:32:48.472+0000] {processor.py:208} INFO - Processing /home/airflow/.local/lib/python3.12/site-packages/airflow/example_dags/example_nested_branch_dag.py took 0.103 seconds
[2024-10-28T00:33:19.174+0000] {processor.py:186} INFO - Started process (PID=49990) to work on /home/airflow/.local/lib/python3.12/site-packages/airflow/example_dags/example_nested_branch_dag.py
[2024-10-28T00:33:19.175+0000] {processor.py:914} INFO - Processing file /home/airflow/.local/lib/python3.12/site-packages/airflow/example_dags/example_nested_branch_dag.py for tasks to queue
[2024-10-28T00:33:19.176+0000] {logging_mixin.py:190} INFO - [2024-10-28T00:33:19.176+0000] {dagbag.py:588} INFO - Filling up the DagBag from /home/airflow/.local/lib/python3.12/site-packages/airflow/example_dags/example_nested_branch_dag.py
[2024-10-28T00:33:19.186+0000] {processor.py:925} INFO - DAG(s) 'example_nested_branch_dag' retrieved from /home/airflow/.local/lib/python3.12/site-packages/airflow/example_dags/example_nested_branch_dag.py
[2024-10-28T00:33:19.206+0000] {logging_mixin.py:190} INFO - [2024-10-28T00:33:19.206+0000] {dag.py:3239} INFO - Sync 1 DAGs
[2024-10-28T00:33:19.228+0000] {logging_mixin.py:190} INFO - [2024-10-28T00:33:19.228+0000] {dag.py:4180} INFO - Setting next_dagrun for example_nested_branch_dag to 2024-10-27 00:00:00+00:00, run_after=2024-10-28 00:00:00+00:00
[2024-10-28T00:33:19.246+0000] {processor.py:208} INFO - Processing /home/airflow/.local/lib/python3.12/site-packages/airflow/example_dags/example_nested_branch_dag.py took 0.078 seconds
[2024-10-28T00:33:49.981+0000] {processor.py:186} INFO - Started process (PID=50064) to work on /home/airflow/.local/lib/python3.12/site-packages/airflow/example_dags/example_nested_branch_dag.py
[2024-10-28T00:33:49.982+0000] {processor.py:914} INFO - Processing file /home/airflow/.local/lib/python3.12/site-packages/airflow/example_dags/example_nested_branch_dag.py for tasks to queue
[2024-10-28T00:33:49.983+0000] {logging_mixin.py:190} INFO - [2024-10-28T00:33:49.983+0000] {dagbag.py:588} INFO - Filling up the DagBag from /home/airflow/.local/lib/python3.12/site-packages/airflow/example_dags/example_nested_branch_dag.py
[2024-10-28T00:33:49.993+0000] {processor.py:925} INFO - DAG(s) 'example_nested_branch_dag' retrieved from /home/airflow/.local/lib/python3.12/site-packages/airflow/example_dags/example_nested_branch_dag.py
[2024-10-28T00:33:50.013+0000] {logging_mixin.py:190} INFO - [2024-10-28T00:33:50.013+0000] {dag.py:3239} INFO - Sync 1 DAGs
[2024-10-28T00:33:50.035+0000] {logging_mixin.py:190} INFO - [2024-10-28T00:33:50.035+0000] {dag.py:4180} INFO - Setting next_dagrun for example_nested_branch_dag to 2024-10-27 00:00:00+00:00, run_after=2024-10-28 00:00:00+00:00
[2024-10-28T00:33:50.055+0000] {processor.py:208} INFO - Processing /home/airflow/.local/lib/python3.12/site-packages/airflow/example_dags/example_nested_branch_dag.py took 0.080 seconds
