[2024-10-28T00:00:03.911+0000] {processor.py:186} INFO - Started process (PID=45157) to work on /home/airflow/.local/lib/python3.12/site-packages/airflow/example_dags/tutorial_dag.py
[2024-10-28T00:00:03.912+0000] {processor.py:914} INFO - Processing file /home/airflow/.local/lib/python3.12/site-packages/airflow/example_dags/tutorial_dag.py for tasks to queue
[2024-10-28T00:00:03.914+0000] {logging_mixin.py:190} INFO - [2024-10-28T00:00:03.913+0000] {dagbag.py:588} INFO - Filling up the DagBag from /home/airflow/.local/lib/python3.12/site-packages/airflow/example_dags/tutorial_dag.py
[2024-10-28T00:00:03.921+0000] {processor.py:925} INFO - DAG(s) 'tutorial_dag' retrieved from /home/airflow/.local/lib/python3.12/site-packages/airflow/example_dags/tutorial_dag.py
[2024-10-28T00:00:03.944+0000] {logging_mixin.py:190} INFO - [2024-10-28T00:00:03.943+0000] {dag.py:3239} INFO - Sync 1 DAGs
[2024-10-28T00:00:03.961+0000] {logging_mixin.py:190} INFO - [2024-10-28T00:00:03.961+0000] {dag.py:4180} INFO - Setting next_dagrun for tutorial_dag to None, run_after=None
[2024-10-28T00:00:03.983+0000] {processor.py:208} INFO - Processing /home/airflow/.local/lib/python3.12/site-packages/airflow/example_dags/tutorial_dag.py took 0.081 seconds
[2024-10-28T00:00:34.563+0000] {processor.py:186} INFO - Started process (PID=45231) to work on /home/airflow/.local/lib/python3.12/site-packages/airflow/example_dags/tutorial_dag.py
[2024-10-28T00:00:34.564+0000] {processor.py:914} INFO - Processing file /home/airflow/.local/lib/python3.12/site-packages/airflow/example_dags/tutorial_dag.py for tasks to queue
[2024-10-28T00:00:34.566+0000] {logging_mixin.py:190} INFO - [2024-10-28T00:00:34.565+0000] {dagbag.py:588} INFO - Filling up the DagBag from /home/airflow/.local/lib/python3.12/site-packages/airflow/example_dags/tutorial_dag.py
[2024-10-28T00:00:34.574+0000] {processor.py:925} INFO - DAG(s) 'tutorial_dag' retrieved from /home/airflow/.local/lib/python3.12/site-packages/airflow/example_dags/tutorial_dag.py
[2024-10-28T00:00:34.596+0000] {logging_mixin.py:190} INFO - [2024-10-28T00:00:34.596+0000] {dag.py:3239} INFO - Sync 1 DAGs
[2024-10-28T00:00:34.614+0000] {logging_mixin.py:190} INFO - [2024-10-28T00:00:34.614+0000] {dag.py:4180} INFO - Setting next_dagrun for tutorial_dag to None, run_after=None
[2024-10-28T00:00:34.633+0000] {processor.py:208} INFO - Processing /home/airflow/.local/lib/python3.12/site-packages/airflow/example_dags/tutorial_dag.py took 0.076 seconds
[2024-10-28T00:01:05.190+0000] {processor.py:186} INFO - Started process (PID=45305) to work on /home/airflow/.local/lib/python3.12/site-packages/airflow/example_dags/tutorial_dag.py
[2024-10-28T00:01:05.192+0000] {processor.py:914} INFO - Processing file /home/airflow/.local/lib/python3.12/site-packages/airflow/example_dags/tutorial_dag.py for tasks to queue
[2024-10-28T00:01:05.194+0000] {logging_mixin.py:190} INFO - [2024-10-28T00:01:05.193+0000] {dagbag.py:588} INFO - Filling up the DagBag from /home/airflow/.local/lib/python3.12/site-packages/airflow/example_dags/tutorial_dag.py
[2024-10-28T00:01:05.203+0000] {processor.py:925} INFO - DAG(s) 'tutorial_dag' retrieved from /home/airflow/.local/lib/python3.12/site-packages/airflow/example_dags/tutorial_dag.py
[2024-10-28T00:01:05.226+0000] {logging_mixin.py:190} INFO - [2024-10-28T00:01:05.226+0000] {dag.py:3239} INFO - Sync 1 DAGs
[2024-10-28T00:01:05.244+0000] {logging_mixin.py:190} INFO - [2024-10-28T00:01:05.244+0000] {dag.py:4180} INFO - Setting next_dagrun for tutorial_dag to None, run_after=None
[2024-10-28T00:01:05.272+0000] {processor.py:208} INFO - Processing /home/airflow/.local/lib/python3.12/site-packages/airflow/example_dags/tutorial_dag.py took 0.090 seconds
[2024-10-28T00:01:35.348+0000] {processor.py:186} INFO - Started process (PID=45379) to work on /home/airflow/.local/lib/python3.12/site-packages/airflow/example_dags/tutorial_dag.py
[2024-10-28T00:01:35.349+0000] {processor.py:914} INFO - Processing file /home/airflow/.local/lib/python3.12/site-packages/airflow/example_dags/tutorial_dag.py for tasks to queue
[2024-10-28T00:01:35.351+0000] {logging_mixin.py:190} INFO - [2024-10-28T00:01:35.350+0000] {dagbag.py:588} INFO - Filling up the DagBag from /home/airflow/.local/lib/python3.12/site-packages/airflow/example_dags/tutorial_dag.py
[2024-10-28T00:01:35.357+0000] {processor.py:925} INFO - DAG(s) 'tutorial_dag' retrieved from /home/airflow/.local/lib/python3.12/site-packages/airflow/example_dags/tutorial_dag.py
[2024-10-28T00:01:35.381+0000] {logging_mixin.py:190} INFO - [2024-10-28T00:01:35.381+0000] {dag.py:3239} INFO - Sync 1 DAGs
[2024-10-28T00:01:35.398+0000] {logging_mixin.py:190} INFO - [2024-10-28T00:01:35.397+0000] {dag.py:4180} INFO - Setting next_dagrun for tutorial_dag to None, run_after=None
[2024-10-28T00:01:35.419+0000] {processor.py:208} INFO - Processing /home/airflow/.local/lib/python3.12/site-packages/airflow/example_dags/tutorial_dag.py took 0.078 seconds
[2024-10-28T00:02:06.163+0000] {processor.py:186} INFO - Started process (PID=45459) to work on /home/airflow/.local/lib/python3.12/site-packages/airflow/example_dags/tutorial_dag.py
[2024-10-28T00:02:06.164+0000] {processor.py:914} INFO - Processing file /home/airflow/.local/lib/python3.12/site-packages/airflow/example_dags/tutorial_dag.py for tasks to queue
[2024-10-28T00:02:06.166+0000] {logging_mixin.py:190} INFO - [2024-10-28T00:02:06.166+0000] {dagbag.py:588} INFO - Filling up the DagBag from /home/airflow/.local/lib/python3.12/site-packages/airflow/example_dags/tutorial_dag.py
[2024-10-28T00:02:06.172+0000] {processor.py:925} INFO - DAG(s) 'tutorial_dag' retrieved from /home/airflow/.local/lib/python3.12/site-packages/airflow/example_dags/tutorial_dag.py
[2024-10-28T00:02:06.194+0000] {logging_mixin.py:190} INFO - [2024-10-28T00:02:06.194+0000] {dag.py:3239} INFO - Sync 1 DAGs
[2024-10-28T00:02:06.209+0000] {logging_mixin.py:190} INFO - [2024-10-28T00:02:06.209+0000] {dag.py:4180} INFO - Setting next_dagrun for tutorial_dag to None, run_after=None
[2024-10-28T00:02:06.231+0000] {processor.py:208} INFO - Processing /home/airflow/.local/lib/python3.12/site-packages/airflow/example_dags/tutorial_dag.py took 0.073 seconds
[2024-10-28T00:02:36.317+0000] {processor.py:186} INFO - Started process (PID=45533) to work on /home/airflow/.local/lib/python3.12/site-packages/airflow/example_dags/tutorial_dag.py
[2024-10-28T00:02:36.318+0000] {processor.py:914} INFO - Processing file /home/airflow/.local/lib/python3.12/site-packages/airflow/example_dags/tutorial_dag.py for tasks to queue
[2024-10-28T00:02:36.320+0000] {logging_mixin.py:190} INFO - [2024-10-28T00:02:36.320+0000] {dagbag.py:588} INFO - Filling up the DagBag from /home/airflow/.local/lib/python3.12/site-packages/airflow/example_dags/tutorial_dag.py
[2024-10-28T00:02:36.327+0000] {processor.py:925} INFO - DAG(s) 'tutorial_dag' retrieved from /home/airflow/.local/lib/python3.12/site-packages/airflow/example_dags/tutorial_dag.py
[2024-10-28T00:02:36.345+0000] {logging_mixin.py:190} INFO - [2024-10-28T00:02:36.345+0000] {dag.py:3239} INFO - Sync 1 DAGs
[2024-10-28T00:02:36.361+0000] {logging_mixin.py:190} INFO - [2024-10-28T00:02:36.361+0000] {dag.py:4180} INFO - Setting next_dagrun for tutorial_dag to None, run_after=None
[2024-10-28T00:02:36.378+0000] {processor.py:208} INFO - Processing /home/airflow/.local/lib/python3.12/site-packages/airflow/example_dags/tutorial_dag.py took 0.066 seconds
[2024-10-28T00:03:06.877+0000] {processor.py:186} INFO - Started process (PID=45607) to work on /home/airflow/.local/lib/python3.12/site-packages/airflow/example_dags/tutorial_dag.py
[2024-10-28T00:03:06.878+0000] {processor.py:914} INFO - Processing file /home/airflow/.local/lib/python3.12/site-packages/airflow/example_dags/tutorial_dag.py for tasks to queue
[2024-10-28T00:03:06.879+0000] {logging_mixin.py:190} INFO - [2024-10-28T00:03:06.879+0000] {dagbag.py:588} INFO - Filling up the DagBag from /home/airflow/.local/lib/python3.12/site-packages/airflow/example_dags/tutorial_dag.py
[2024-10-28T00:03:06.887+0000] {processor.py:925} INFO - DAG(s) 'tutorial_dag' retrieved from /home/airflow/.local/lib/python3.12/site-packages/airflow/example_dags/tutorial_dag.py
[2024-10-28T00:03:06.906+0000] {logging_mixin.py:190} INFO - [2024-10-28T00:03:06.906+0000] {dag.py:3239} INFO - Sync 1 DAGs
[2024-10-28T00:03:06.921+0000] {logging_mixin.py:190} INFO - [2024-10-28T00:03:06.921+0000] {dag.py:4180} INFO - Setting next_dagrun for tutorial_dag to None, run_after=None
[2024-10-28T00:03:06.940+0000] {processor.py:208} INFO - Processing /home/airflow/.local/lib/python3.12/site-packages/airflow/example_dags/tutorial_dag.py took 0.069 seconds
[2024-10-28T00:03:37.084+0000] {processor.py:186} INFO - Started process (PID=45681) to work on /home/airflow/.local/lib/python3.12/site-packages/airflow/example_dags/tutorial_dag.py
[2024-10-28T00:03:37.085+0000] {processor.py:914} INFO - Processing file /home/airflow/.local/lib/python3.12/site-packages/airflow/example_dags/tutorial_dag.py for tasks to queue
[2024-10-28T00:03:37.087+0000] {logging_mixin.py:190} INFO - [2024-10-28T00:03:37.087+0000] {dagbag.py:588} INFO - Filling up the DagBag from /home/airflow/.local/lib/python3.12/site-packages/airflow/example_dags/tutorial_dag.py
[2024-10-28T00:03:37.094+0000] {processor.py:925} INFO - DAG(s) 'tutorial_dag' retrieved from /home/airflow/.local/lib/python3.12/site-packages/airflow/example_dags/tutorial_dag.py
[2024-10-28T00:03:37.114+0000] {logging_mixin.py:190} INFO - [2024-10-28T00:03:37.114+0000] {dag.py:3239} INFO - Sync 1 DAGs
[2024-10-28T00:03:37.130+0000] {logging_mixin.py:190} INFO - [2024-10-28T00:03:37.129+0000] {dag.py:4180} INFO - Setting next_dagrun for tutorial_dag to None, run_after=None
[2024-10-28T00:03:37.153+0000] {processor.py:208} INFO - Processing /home/airflow/.local/lib/python3.12/site-packages/airflow/example_dags/tutorial_dag.py took 0.074 seconds
[2024-10-28T00:04:07.852+0000] {processor.py:186} INFO - Started process (PID=45755) to work on /home/airflow/.local/lib/python3.12/site-packages/airflow/example_dags/tutorial_dag.py
[2024-10-28T00:04:07.853+0000] {processor.py:914} INFO - Processing file /home/airflow/.local/lib/python3.12/site-packages/airflow/example_dags/tutorial_dag.py for tasks to queue
[2024-10-28T00:04:07.855+0000] {logging_mixin.py:190} INFO - [2024-10-28T00:04:07.854+0000] {dagbag.py:588} INFO - Filling up the DagBag from /home/airflow/.local/lib/python3.12/site-packages/airflow/example_dags/tutorial_dag.py
[2024-10-28T00:04:07.863+0000] {processor.py:925} INFO - DAG(s) 'tutorial_dag' retrieved from /home/airflow/.local/lib/python3.12/site-packages/airflow/example_dags/tutorial_dag.py
[2024-10-28T00:04:07.882+0000] {logging_mixin.py:190} INFO - [2024-10-28T00:04:07.881+0000] {dag.py:3239} INFO - Sync 1 DAGs
[2024-10-28T00:04:07.896+0000] {logging_mixin.py:190} INFO - [2024-10-28T00:04:07.896+0000] {dag.py:4180} INFO - Setting next_dagrun for tutorial_dag to None, run_after=None
[2024-10-28T00:04:07.915+0000] {processor.py:208} INFO - Processing /home/airflow/.local/lib/python3.12/site-packages/airflow/example_dags/tutorial_dag.py took 0.069 seconds
[2024-10-28T00:04:38.108+0000] {processor.py:186} INFO - Started process (PID=45829) to work on /home/airflow/.local/lib/python3.12/site-packages/airflow/example_dags/tutorial_dag.py
[2024-10-28T00:04:38.109+0000] {processor.py:914} INFO - Processing file /home/airflow/.local/lib/python3.12/site-packages/airflow/example_dags/tutorial_dag.py for tasks to queue
[2024-10-28T00:04:38.110+0000] {logging_mixin.py:190} INFO - [2024-10-28T00:04:38.110+0000] {dagbag.py:588} INFO - Filling up the DagBag from /home/airflow/.local/lib/python3.12/site-packages/airflow/example_dags/tutorial_dag.py
[2024-10-28T00:04:38.117+0000] {processor.py:925} INFO - DAG(s) 'tutorial_dag' retrieved from /home/airflow/.local/lib/python3.12/site-packages/airflow/example_dags/tutorial_dag.py
[2024-10-28T00:04:38.142+0000] {logging_mixin.py:190} INFO - [2024-10-28T00:04:38.142+0000] {dag.py:3239} INFO - Sync 1 DAGs
[2024-10-28T00:04:38.159+0000] {logging_mixin.py:190} INFO - [2024-10-28T00:04:38.159+0000] {dag.py:4180} INFO - Setting next_dagrun for tutorial_dag to None, run_after=None
[2024-10-28T00:04:38.181+0000] {processor.py:208} INFO - Processing /home/airflow/.local/lib/python3.12/site-packages/airflow/example_dags/tutorial_dag.py took 0.081 seconds
[2024-10-28T00:05:08.758+0000] {processor.py:186} INFO - Started process (PID=45903) to work on /home/airflow/.local/lib/python3.12/site-packages/airflow/example_dags/tutorial_dag.py
[2024-10-28T00:05:08.760+0000] {processor.py:914} INFO - Processing file /home/airflow/.local/lib/python3.12/site-packages/airflow/example_dags/tutorial_dag.py for tasks to queue
[2024-10-28T00:05:08.761+0000] {logging_mixin.py:190} INFO - [2024-10-28T00:05:08.761+0000] {dagbag.py:588} INFO - Filling up the DagBag from /home/airflow/.local/lib/python3.12/site-packages/airflow/example_dags/tutorial_dag.py
[2024-10-28T00:05:08.770+0000] {processor.py:925} INFO - DAG(s) 'tutorial_dag' retrieved from /home/airflow/.local/lib/python3.12/site-packages/airflow/example_dags/tutorial_dag.py
[2024-10-28T00:05:08.792+0000] {logging_mixin.py:190} INFO - [2024-10-28T00:05:08.791+0000] {dag.py:3239} INFO - Sync 1 DAGs
[2024-10-28T00:05:08.807+0000] {logging_mixin.py:190} INFO - [2024-10-28T00:05:08.807+0000] {dag.py:4180} INFO - Setting next_dagrun for tutorial_dag to None, run_after=None
[2024-10-28T00:05:08.829+0000] {processor.py:208} INFO - Processing /home/airflow/.local/lib/python3.12/site-packages/airflow/example_dags/tutorial_dag.py took 0.077 seconds
[2024-10-28T00:05:39.055+0000] {processor.py:186} INFO - Started process (PID=45977) to work on /home/airflow/.local/lib/python3.12/site-packages/airflow/example_dags/tutorial_dag.py
[2024-10-28T00:05:39.056+0000] {processor.py:914} INFO - Processing file /home/airflow/.local/lib/python3.12/site-packages/airflow/example_dags/tutorial_dag.py for tasks to queue
[2024-10-28T00:05:39.058+0000] {logging_mixin.py:190} INFO - [2024-10-28T00:05:39.057+0000] {dagbag.py:588} INFO - Filling up the DagBag from /home/airflow/.local/lib/python3.12/site-packages/airflow/example_dags/tutorial_dag.py
[2024-10-28T00:05:39.070+0000] {processor.py:925} INFO - DAG(s) 'tutorial_dag' retrieved from /home/airflow/.local/lib/python3.12/site-packages/airflow/example_dags/tutorial_dag.py
[2024-10-28T00:05:39.093+0000] {logging_mixin.py:190} INFO - [2024-10-28T00:05:39.093+0000] {dag.py:3239} INFO - Sync 1 DAGs
[2024-10-28T00:05:39.112+0000] {logging_mixin.py:190} INFO - [2024-10-28T00:05:39.111+0000] {dag.py:4180} INFO - Setting next_dagrun for tutorial_dag to None, run_after=None
[2024-10-28T00:05:39.136+0000] {processor.py:208} INFO - Processing /home/airflow/.local/lib/python3.12/site-packages/airflow/example_dags/tutorial_dag.py took 0.087 seconds
[2024-10-28T00:06:09.475+0000] {processor.py:186} INFO - Started process (PID=46051) to work on /home/airflow/.local/lib/python3.12/site-packages/airflow/example_dags/tutorial_dag.py
[2024-10-28T00:06:09.476+0000] {processor.py:914} INFO - Processing file /home/airflow/.local/lib/python3.12/site-packages/airflow/example_dags/tutorial_dag.py for tasks to queue
[2024-10-28T00:06:09.478+0000] {logging_mixin.py:190} INFO - [2024-10-28T00:06:09.478+0000] {dagbag.py:588} INFO - Filling up the DagBag from /home/airflow/.local/lib/python3.12/site-packages/airflow/example_dags/tutorial_dag.py
[2024-10-28T00:06:09.485+0000] {processor.py:925} INFO - DAG(s) 'tutorial_dag' retrieved from /home/airflow/.local/lib/python3.12/site-packages/airflow/example_dags/tutorial_dag.py
[2024-10-28T00:06:09.505+0000] {logging_mixin.py:190} INFO - [2024-10-28T00:06:09.504+0000] {dag.py:3239} INFO - Sync 1 DAGs
[2024-10-28T00:06:09.521+0000] {logging_mixin.py:190} INFO - [2024-10-28T00:06:09.521+0000] {dag.py:4180} INFO - Setting next_dagrun for tutorial_dag to None, run_after=None
[2024-10-28T00:06:09.545+0000] {processor.py:208} INFO - Processing /home/airflow/.local/lib/python3.12/site-packages/airflow/example_dags/tutorial_dag.py took 0.075 seconds
[2024-10-28T00:06:39.786+0000] {processor.py:186} INFO - Started process (PID=46125) to work on /home/airflow/.local/lib/python3.12/site-packages/airflow/example_dags/tutorial_dag.py
[2024-10-28T00:06:39.787+0000] {processor.py:914} INFO - Processing file /home/airflow/.local/lib/python3.12/site-packages/airflow/example_dags/tutorial_dag.py for tasks to queue
[2024-10-28T00:06:39.788+0000] {logging_mixin.py:190} INFO - [2024-10-28T00:06:39.788+0000] {dagbag.py:588} INFO - Filling up the DagBag from /home/airflow/.local/lib/python3.12/site-packages/airflow/example_dags/tutorial_dag.py
[2024-10-28T00:06:39.795+0000] {processor.py:925} INFO - DAG(s) 'tutorial_dag' retrieved from /home/airflow/.local/lib/python3.12/site-packages/airflow/example_dags/tutorial_dag.py
[2024-10-28T00:06:39.816+0000] {logging_mixin.py:190} INFO - [2024-10-28T00:06:39.816+0000] {dag.py:3239} INFO - Sync 1 DAGs
[2024-10-28T00:06:39.831+0000] {logging_mixin.py:190} INFO - [2024-10-28T00:06:39.831+0000] {dag.py:4180} INFO - Setting next_dagrun for tutorial_dag to None, run_after=None
[2024-10-28T00:06:39.850+0000] {processor.py:208} INFO - Processing /home/airflow/.local/lib/python3.12/site-packages/airflow/example_dags/tutorial_dag.py took 0.071 seconds
[2024-10-28T00:07:10.823+0000] {processor.py:186} INFO - Started process (PID=46199) to work on /home/airflow/.local/lib/python3.12/site-packages/airflow/example_dags/tutorial_dag.py
[2024-10-28T00:07:10.824+0000] {processor.py:914} INFO - Processing file /home/airflow/.local/lib/python3.12/site-packages/airflow/example_dags/tutorial_dag.py for tasks to queue
[2024-10-28T00:07:10.826+0000] {logging_mixin.py:190} INFO - [2024-10-28T00:07:10.825+0000] {dagbag.py:588} INFO - Filling up the DagBag from /home/airflow/.local/lib/python3.12/site-packages/airflow/example_dags/tutorial_dag.py
[2024-10-28T00:07:10.833+0000] {processor.py:925} INFO - DAG(s) 'tutorial_dag' retrieved from /home/airflow/.local/lib/python3.12/site-packages/airflow/example_dags/tutorial_dag.py
[2024-10-28T00:07:10.853+0000] {logging_mixin.py:190} INFO - [2024-10-28T00:07:10.853+0000] {dag.py:3239} INFO - Sync 1 DAGs
[2024-10-28T00:07:10.868+0000] {logging_mixin.py:190} INFO - [2024-10-28T00:07:10.868+0000] {dag.py:4180} INFO - Setting next_dagrun for tutorial_dag to None, run_after=None
[2024-10-28T00:07:10.892+0000] {processor.py:208} INFO - Processing /home/airflow/.local/lib/python3.12/site-packages/airflow/example_dags/tutorial_dag.py took 0.075 seconds
[2024-10-28T00:07:41.656+0000] {processor.py:186} INFO - Started process (PID=46274) to work on /home/airflow/.local/lib/python3.12/site-packages/airflow/example_dags/tutorial_dag.py
[2024-10-28T00:07:41.657+0000] {processor.py:914} INFO - Processing file /home/airflow/.local/lib/python3.12/site-packages/airflow/example_dags/tutorial_dag.py for tasks to queue
[2024-10-28T00:07:41.659+0000] {logging_mixin.py:190} INFO - [2024-10-28T00:07:41.658+0000] {dagbag.py:588} INFO - Filling up the DagBag from /home/airflow/.local/lib/python3.12/site-packages/airflow/example_dags/tutorial_dag.py
[2024-10-28T00:07:41.665+0000] {processor.py:925} INFO - DAG(s) 'tutorial_dag' retrieved from /home/airflow/.local/lib/python3.12/site-packages/airflow/example_dags/tutorial_dag.py
[2024-10-28T00:07:41.683+0000] {logging_mixin.py:190} INFO - [2024-10-28T00:07:41.683+0000] {dag.py:3239} INFO - Sync 1 DAGs
[2024-10-28T00:07:41.698+0000] {logging_mixin.py:190} INFO - [2024-10-28T00:07:41.698+0000] {dag.py:4180} INFO - Setting next_dagrun for tutorial_dag to None, run_after=None
[2024-10-28T00:07:41.716+0000] {processor.py:208} INFO - Processing /home/airflow/.local/lib/python3.12/site-packages/airflow/example_dags/tutorial_dag.py took 0.066 seconds
[2024-10-28T00:08:11.919+0000] {processor.py:186} INFO - Started process (PID=46336) to work on /home/airflow/.local/lib/python3.12/site-packages/airflow/example_dags/tutorial_dag.py
[2024-10-28T00:08:11.920+0000] {processor.py:914} INFO - Processing file /home/airflow/.local/lib/python3.12/site-packages/airflow/example_dags/tutorial_dag.py for tasks to queue
[2024-10-28T00:08:11.922+0000] {logging_mixin.py:190} INFO - [2024-10-28T00:08:11.921+0000] {dagbag.py:588} INFO - Filling up the DagBag from /home/airflow/.local/lib/python3.12/site-packages/airflow/example_dags/tutorial_dag.py
[2024-10-28T00:08:11.929+0000] {processor.py:925} INFO - DAG(s) 'tutorial_dag' retrieved from /home/airflow/.local/lib/python3.12/site-packages/airflow/example_dags/tutorial_dag.py
[2024-10-28T00:08:11.948+0000] {logging_mixin.py:190} INFO - [2024-10-28T00:08:11.948+0000] {dag.py:3239} INFO - Sync 1 DAGs
[2024-10-28T00:08:11.962+0000] {logging_mixin.py:190} INFO - [2024-10-28T00:08:11.962+0000] {dag.py:4180} INFO - Setting next_dagrun for tutorial_dag to None, run_after=None
[2024-10-28T00:08:11.985+0000] {processor.py:208} INFO - Processing /home/airflow/.local/lib/python3.12/site-packages/airflow/example_dags/tutorial_dag.py took 0.072 seconds
[2024-10-28T00:08:42.585+0000] {processor.py:186} INFO - Started process (PID=46410) to work on /home/airflow/.local/lib/python3.12/site-packages/airflow/example_dags/tutorial_dag.py
[2024-10-28T00:08:42.586+0000] {processor.py:914} INFO - Processing file /home/airflow/.local/lib/python3.12/site-packages/airflow/example_dags/tutorial_dag.py for tasks to queue
[2024-10-28T00:08:42.588+0000] {logging_mixin.py:190} INFO - [2024-10-28T00:08:42.587+0000] {dagbag.py:588} INFO - Filling up the DagBag from /home/airflow/.local/lib/python3.12/site-packages/airflow/example_dags/tutorial_dag.py
[2024-10-28T00:08:42.595+0000] {processor.py:925} INFO - DAG(s) 'tutorial_dag' retrieved from /home/airflow/.local/lib/python3.12/site-packages/airflow/example_dags/tutorial_dag.py
[2024-10-28T00:08:42.616+0000] {logging_mixin.py:190} INFO - [2024-10-28T00:08:42.615+0000] {dag.py:3239} INFO - Sync 1 DAGs
[2024-10-28T00:08:42.631+0000] {logging_mixin.py:190} INFO - [2024-10-28T00:08:42.631+0000] {dag.py:4180} INFO - Setting next_dagrun for tutorial_dag to None, run_after=None
[2024-10-28T00:08:42.650+0000] {processor.py:208} INFO - Processing /home/airflow/.local/lib/python3.12/site-packages/airflow/example_dags/tutorial_dag.py took 0.071 seconds
[2024-10-28T00:09:13.356+0000] {processor.py:186} INFO - Started process (PID=46484) to work on /home/airflow/.local/lib/python3.12/site-packages/airflow/example_dags/tutorial_dag.py
[2024-10-28T00:09:13.358+0000] {processor.py:914} INFO - Processing file /home/airflow/.local/lib/python3.12/site-packages/airflow/example_dags/tutorial_dag.py for tasks to queue
[2024-10-28T00:09:13.359+0000] {logging_mixin.py:190} INFO - [2024-10-28T00:09:13.359+0000] {dagbag.py:588} INFO - Filling up the DagBag from /home/airflow/.local/lib/python3.12/site-packages/airflow/example_dags/tutorial_dag.py
[2024-10-28T00:09:13.366+0000] {processor.py:925} INFO - DAG(s) 'tutorial_dag' retrieved from /home/airflow/.local/lib/python3.12/site-packages/airflow/example_dags/tutorial_dag.py
[2024-10-28T00:09:13.390+0000] {logging_mixin.py:190} INFO - [2024-10-28T00:09:13.390+0000] {dag.py:3239} INFO - Sync 1 DAGs
[2024-10-28T00:09:13.405+0000] {logging_mixin.py:190} INFO - [2024-10-28T00:09:13.405+0000] {dag.py:4180} INFO - Setting next_dagrun for tutorial_dag to None, run_after=None
[2024-10-28T00:09:13.424+0000] {processor.py:208} INFO - Processing /home/airflow/.local/lib/python3.12/site-packages/airflow/example_dags/tutorial_dag.py took 0.073 seconds
[2024-10-28T00:09:44.033+0000] {processor.py:186} INFO - Started process (PID=46558) to work on /home/airflow/.local/lib/python3.12/site-packages/airflow/example_dags/tutorial_dag.py
[2024-10-28T00:09:44.034+0000] {processor.py:914} INFO - Processing file /home/airflow/.local/lib/python3.12/site-packages/airflow/example_dags/tutorial_dag.py for tasks to queue
[2024-10-28T00:09:44.036+0000] {logging_mixin.py:190} INFO - [2024-10-28T00:09:44.036+0000] {dagbag.py:588} INFO - Filling up the DagBag from /home/airflow/.local/lib/python3.12/site-packages/airflow/example_dags/tutorial_dag.py
[2024-10-28T00:09:44.046+0000] {processor.py:925} INFO - DAG(s) 'tutorial_dag' retrieved from /home/airflow/.local/lib/python3.12/site-packages/airflow/example_dags/tutorial_dag.py
[2024-10-28T00:09:44.074+0000] {logging_mixin.py:190} INFO - [2024-10-28T00:09:44.074+0000] {dag.py:3239} INFO - Sync 1 DAGs
[2024-10-28T00:09:44.094+0000] {logging_mixin.py:190} INFO - [2024-10-28T00:09:44.093+0000] {dag.py:4180} INFO - Setting next_dagrun for tutorial_dag to None, run_after=None
[2024-10-28T00:09:44.123+0000] {processor.py:208} INFO - Processing /home/airflow/.local/lib/python3.12/site-packages/airflow/example_dags/tutorial_dag.py took 0.097 seconds
[2024-10-28T00:10:14.290+0000] {processor.py:186} INFO - Started process (PID=46632) to work on /home/airflow/.local/lib/python3.12/site-packages/airflow/example_dags/tutorial_dag.py
[2024-10-28T00:10:14.291+0000] {processor.py:914} INFO - Processing file /home/airflow/.local/lib/python3.12/site-packages/airflow/example_dags/tutorial_dag.py for tasks to queue
[2024-10-28T00:10:14.293+0000] {logging_mixin.py:190} INFO - [2024-10-28T00:10:14.292+0000] {dagbag.py:588} INFO - Filling up the DagBag from /home/airflow/.local/lib/python3.12/site-packages/airflow/example_dags/tutorial_dag.py
[2024-10-28T00:10:14.300+0000] {processor.py:925} INFO - DAG(s) 'tutorial_dag' retrieved from /home/airflow/.local/lib/python3.12/site-packages/airflow/example_dags/tutorial_dag.py
[2024-10-28T00:10:14.320+0000] {logging_mixin.py:190} INFO - [2024-10-28T00:10:14.319+0000] {dag.py:3239} INFO - Sync 1 DAGs
[2024-10-28T00:10:14.336+0000] {logging_mixin.py:190} INFO - [2024-10-28T00:10:14.335+0000] {dag.py:4180} INFO - Setting next_dagrun for tutorial_dag to None, run_after=None
[2024-10-28T00:10:14.359+0000] {processor.py:208} INFO - Processing /home/airflow/.local/lib/python3.12/site-packages/airflow/example_dags/tutorial_dag.py took 0.075 seconds
[2024-10-28T00:10:44.579+0000] {processor.py:186} INFO - Started process (PID=46706) to work on /home/airflow/.local/lib/python3.12/site-packages/airflow/example_dags/tutorial_dag.py
[2024-10-28T00:10:44.580+0000] {processor.py:914} INFO - Processing file /home/airflow/.local/lib/python3.12/site-packages/airflow/example_dags/tutorial_dag.py for tasks to queue
[2024-10-28T00:10:44.582+0000] {logging_mixin.py:190} INFO - [2024-10-28T00:10:44.581+0000] {dagbag.py:588} INFO - Filling up the DagBag from /home/airflow/.local/lib/python3.12/site-packages/airflow/example_dags/tutorial_dag.py
[2024-10-28T00:10:44.591+0000] {processor.py:925} INFO - DAG(s) 'tutorial_dag' retrieved from /home/airflow/.local/lib/python3.12/site-packages/airflow/example_dags/tutorial_dag.py
[2024-10-28T00:10:44.612+0000] {logging_mixin.py:190} INFO - [2024-10-28T00:10:44.612+0000] {dag.py:3239} INFO - Sync 1 DAGs
[2024-10-28T00:10:44.629+0000] {logging_mixin.py:190} INFO - [2024-10-28T00:10:44.629+0000] {dag.py:4180} INFO - Setting next_dagrun for tutorial_dag to None, run_after=None
[2024-10-28T00:10:44.650+0000] {processor.py:208} INFO - Processing /home/airflow/.local/lib/python3.12/site-packages/airflow/example_dags/tutorial_dag.py took 0.079 seconds
[2024-10-28T00:11:15.586+0000] {processor.py:186} INFO - Started process (PID=46780) to work on /home/airflow/.local/lib/python3.12/site-packages/airflow/example_dags/tutorial_dag.py
[2024-10-28T00:11:15.587+0000] {processor.py:914} INFO - Processing file /home/airflow/.local/lib/python3.12/site-packages/airflow/example_dags/tutorial_dag.py for tasks to queue
[2024-10-28T00:11:15.589+0000] {logging_mixin.py:190} INFO - [2024-10-28T00:11:15.588+0000] {dagbag.py:588} INFO - Filling up the DagBag from /home/airflow/.local/lib/python3.12/site-packages/airflow/example_dags/tutorial_dag.py
[2024-10-28T00:11:15.595+0000] {processor.py:925} INFO - DAG(s) 'tutorial_dag' retrieved from /home/airflow/.local/lib/python3.12/site-packages/airflow/example_dags/tutorial_dag.py
[2024-10-28T00:11:15.614+0000] {logging_mixin.py:190} INFO - [2024-10-28T00:11:15.614+0000] {dag.py:3239} INFO - Sync 1 DAGs
[2024-10-28T00:11:15.631+0000] {logging_mixin.py:190} INFO - [2024-10-28T00:11:15.631+0000] {dag.py:4180} INFO - Setting next_dagrun for tutorial_dag to None, run_after=None
[2024-10-28T00:11:15.651+0000] {processor.py:208} INFO - Processing /home/airflow/.local/lib/python3.12/site-packages/airflow/example_dags/tutorial_dag.py took 0.071 seconds
[2024-10-28T00:11:45.803+0000] {processor.py:186} INFO - Started process (PID=46854) to work on /home/airflow/.local/lib/python3.12/site-packages/airflow/example_dags/tutorial_dag.py
[2024-10-28T00:11:45.804+0000] {processor.py:914} INFO - Processing file /home/airflow/.local/lib/python3.12/site-packages/airflow/example_dags/tutorial_dag.py for tasks to queue
[2024-10-28T00:11:45.805+0000] {logging_mixin.py:190} INFO - [2024-10-28T00:11:45.805+0000] {dagbag.py:588} INFO - Filling up the DagBag from /home/airflow/.local/lib/python3.12/site-packages/airflow/example_dags/tutorial_dag.py
[2024-10-28T00:11:45.812+0000] {processor.py:925} INFO - DAG(s) 'tutorial_dag' retrieved from /home/airflow/.local/lib/python3.12/site-packages/airflow/example_dags/tutorial_dag.py
[2024-10-28T00:11:45.831+0000] {logging_mixin.py:190} INFO - [2024-10-28T00:11:45.830+0000] {dag.py:3239} INFO - Sync 1 DAGs
[2024-10-28T00:11:45.845+0000] {logging_mixin.py:190} INFO - [2024-10-28T00:11:45.844+0000] {dag.py:4180} INFO - Setting next_dagrun for tutorial_dag to None, run_after=None
[2024-10-28T00:11:45.865+0000] {processor.py:208} INFO - Processing /home/airflow/.local/lib/python3.12/site-packages/airflow/example_dags/tutorial_dag.py took 0.067 seconds
[2024-10-28T00:12:16.315+0000] {processor.py:186} INFO - Started process (PID=46928) to work on /home/airflow/.local/lib/python3.12/site-packages/airflow/example_dags/tutorial_dag.py
[2024-10-28T00:12:16.316+0000] {processor.py:914} INFO - Processing file /home/airflow/.local/lib/python3.12/site-packages/airflow/example_dags/tutorial_dag.py for tasks to queue
[2024-10-28T00:12:16.317+0000] {logging_mixin.py:190} INFO - [2024-10-28T00:12:16.317+0000] {dagbag.py:588} INFO - Filling up the DagBag from /home/airflow/.local/lib/python3.12/site-packages/airflow/example_dags/tutorial_dag.py
[2024-10-28T00:12:16.324+0000] {processor.py:925} INFO - DAG(s) 'tutorial_dag' retrieved from /home/airflow/.local/lib/python3.12/site-packages/airflow/example_dags/tutorial_dag.py
[2024-10-28T00:12:16.342+0000] {logging_mixin.py:190} INFO - [2024-10-28T00:12:16.341+0000] {dag.py:3239} INFO - Sync 1 DAGs
[2024-10-28T00:12:16.356+0000] {logging_mixin.py:190} INFO - [2024-10-28T00:12:16.355+0000] {dag.py:4180} INFO - Setting next_dagrun for tutorial_dag to None, run_after=None
[2024-10-28T00:12:16.377+0000] {processor.py:208} INFO - Processing /home/airflow/.local/lib/python3.12/site-packages/airflow/example_dags/tutorial_dag.py took 0.068 seconds
[2024-10-28T00:12:46.732+0000] {processor.py:186} INFO - Started process (PID=47002) to work on /home/airflow/.local/lib/python3.12/site-packages/airflow/example_dags/tutorial_dag.py
[2024-10-28T00:12:46.733+0000] {processor.py:914} INFO - Processing file /home/airflow/.local/lib/python3.12/site-packages/airflow/example_dags/tutorial_dag.py for tasks to queue
[2024-10-28T00:12:46.735+0000] {logging_mixin.py:190} INFO - [2024-10-28T00:12:46.734+0000] {dagbag.py:588} INFO - Filling up the DagBag from /home/airflow/.local/lib/python3.12/site-packages/airflow/example_dags/tutorial_dag.py
[2024-10-28T00:12:46.741+0000] {processor.py:925} INFO - DAG(s) 'tutorial_dag' retrieved from /home/airflow/.local/lib/python3.12/site-packages/airflow/example_dags/tutorial_dag.py
[2024-10-28T00:12:46.759+0000] {logging_mixin.py:190} INFO - [2024-10-28T00:12:46.759+0000] {dag.py:3239} INFO - Sync 1 DAGs
[2024-10-28T00:12:46.773+0000] {logging_mixin.py:190} INFO - [2024-10-28T00:12:46.773+0000] {dag.py:4180} INFO - Setting next_dagrun for tutorial_dag to None, run_after=None
[2024-10-28T00:12:46.791+0000] {processor.py:208} INFO - Processing /home/airflow/.local/lib/python3.12/site-packages/airflow/example_dags/tutorial_dag.py took 0.064 seconds
[2024-10-28T00:13:17.114+0000] {processor.py:186} INFO - Started process (PID=47076) to work on /home/airflow/.local/lib/python3.12/site-packages/airflow/example_dags/tutorial_dag.py
[2024-10-28T00:13:17.115+0000] {processor.py:914} INFO - Processing file /home/airflow/.local/lib/python3.12/site-packages/airflow/example_dags/tutorial_dag.py for tasks to queue
[2024-10-28T00:13:17.116+0000] {logging_mixin.py:190} INFO - [2024-10-28T00:13:17.116+0000] {dagbag.py:588} INFO - Filling up the DagBag from /home/airflow/.local/lib/python3.12/site-packages/airflow/example_dags/tutorial_dag.py
[2024-10-28T00:13:17.123+0000] {processor.py:925} INFO - DAG(s) 'tutorial_dag' retrieved from /home/airflow/.local/lib/python3.12/site-packages/airflow/example_dags/tutorial_dag.py
[2024-10-28T00:13:17.141+0000] {logging_mixin.py:190} INFO - [2024-10-28T00:13:17.141+0000] {dag.py:3239} INFO - Sync 1 DAGs
[2024-10-28T00:13:17.154+0000] {logging_mixin.py:190} INFO - [2024-10-28T00:13:17.154+0000] {dag.py:4180} INFO - Setting next_dagrun for tutorial_dag to None, run_after=None
[2024-10-28T00:13:17.172+0000] {processor.py:208} INFO - Processing /home/airflow/.local/lib/python3.12/site-packages/airflow/example_dags/tutorial_dag.py took 0.064 seconds
[2024-10-28T00:13:47.527+0000] {processor.py:186} INFO - Started process (PID=47150) to work on /home/airflow/.local/lib/python3.12/site-packages/airflow/example_dags/tutorial_dag.py
[2024-10-28T00:13:47.528+0000] {processor.py:914} INFO - Processing file /home/airflow/.local/lib/python3.12/site-packages/airflow/example_dags/tutorial_dag.py for tasks to queue
[2024-10-28T00:13:47.530+0000] {logging_mixin.py:190} INFO - [2024-10-28T00:13:47.529+0000] {dagbag.py:588} INFO - Filling up the DagBag from /home/airflow/.local/lib/python3.12/site-packages/airflow/example_dags/tutorial_dag.py
[2024-10-28T00:13:47.536+0000] {processor.py:925} INFO - DAG(s) 'tutorial_dag' retrieved from /home/airflow/.local/lib/python3.12/site-packages/airflow/example_dags/tutorial_dag.py
[2024-10-28T00:13:47.555+0000] {logging_mixin.py:190} INFO - [2024-10-28T00:13:47.555+0000] {dag.py:3239} INFO - Sync 1 DAGs
[2024-10-28T00:13:47.570+0000] {logging_mixin.py:190} INFO - [2024-10-28T00:13:47.570+0000] {dag.py:4180} INFO - Setting next_dagrun for tutorial_dag to None, run_after=None
[2024-10-28T00:13:47.590+0000] {processor.py:208} INFO - Processing /home/airflow/.local/lib/python3.12/site-packages/airflow/example_dags/tutorial_dag.py took 0.068 seconds
[2024-10-28T00:14:17.808+0000] {processor.py:186} INFO - Started process (PID=47224) to work on /home/airflow/.local/lib/python3.12/site-packages/airflow/example_dags/tutorial_dag.py
[2024-10-28T00:14:17.809+0000] {processor.py:914} INFO - Processing file /home/airflow/.local/lib/python3.12/site-packages/airflow/example_dags/tutorial_dag.py for tasks to queue
[2024-10-28T00:14:17.811+0000] {logging_mixin.py:190} INFO - [2024-10-28T00:14:17.811+0000] {dagbag.py:588} INFO - Filling up the DagBag from /home/airflow/.local/lib/python3.12/site-packages/airflow/example_dags/tutorial_dag.py
[2024-10-28T00:14:17.817+0000] {processor.py:925} INFO - DAG(s) 'tutorial_dag' retrieved from /home/airflow/.local/lib/python3.12/site-packages/airflow/example_dags/tutorial_dag.py
[2024-10-28T00:14:17.836+0000] {logging_mixin.py:190} INFO - [2024-10-28T00:14:17.836+0000] {dag.py:3239} INFO - Sync 1 DAGs
[2024-10-28T00:14:17.850+0000] {logging_mixin.py:190} INFO - [2024-10-28T00:14:17.849+0000] {dag.py:4180} INFO - Setting next_dagrun for tutorial_dag to None, run_after=None
[2024-10-28T00:14:17.873+0000] {processor.py:208} INFO - Processing /home/airflow/.local/lib/python3.12/site-packages/airflow/example_dags/tutorial_dag.py took 0.070 seconds
[2024-10-28T00:14:47.976+0000] {processor.py:186} INFO - Started process (PID=47298) to work on /home/airflow/.local/lib/python3.12/site-packages/airflow/example_dags/tutorial_dag.py
[2024-10-28T00:14:47.977+0000] {processor.py:914} INFO - Processing file /home/airflow/.local/lib/python3.12/site-packages/airflow/example_dags/tutorial_dag.py for tasks to queue
[2024-10-28T00:14:47.979+0000] {logging_mixin.py:190} INFO - [2024-10-28T00:14:47.978+0000] {dagbag.py:588} INFO - Filling up the DagBag from /home/airflow/.local/lib/python3.12/site-packages/airflow/example_dags/tutorial_dag.py
[2024-10-28T00:14:47.985+0000] {processor.py:925} INFO - DAG(s) 'tutorial_dag' retrieved from /home/airflow/.local/lib/python3.12/site-packages/airflow/example_dags/tutorial_dag.py
[2024-10-28T00:14:48.004+0000] {logging_mixin.py:190} INFO - [2024-10-28T00:14:48.004+0000] {dag.py:3239} INFO - Sync 1 DAGs
[2024-10-28T00:14:48.018+0000] {logging_mixin.py:190} INFO - [2024-10-28T00:14:48.017+0000] {dag.py:4180} INFO - Setting next_dagrun for tutorial_dag to None, run_after=None
[2024-10-28T00:14:48.035+0000] {processor.py:208} INFO - Processing /home/airflow/.local/lib/python3.12/site-packages/airflow/example_dags/tutorial_dag.py took 0.064 seconds
[2024-10-28T00:15:18.524+0000] {processor.py:186} INFO - Started process (PID=47372) to work on /home/airflow/.local/lib/python3.12/site-packages/airflow/example_dags/tutorial_dag.py
[2024-10-28T00:15:18.525+0000] {processor.py:914} INFO - Processing file /home/airflow/.local/lib/python3.12/site-packages/airflow/example_dags/tutorial_dag.py for tasks to queue
[2024-10-28T00:15:18.527+0000] {logging_mixin.py:190} INFO - [2024-10-28T00:15:18.527+0000] {dagbag.py:588} INFO - Filling up the DagBag from /home/airflow/.local/lib/python3.12/site-packages/airflow/example_dags/tutorial_dag.py
[2024-10-28T00:15:18.533+0000] {processor.py:925} INFO - DAG(s) 'tutorial_dag' retrieved from /home/airflow/.local/lib/python3.12/site-packages/airflow/example_dags/tutorial_dag.py
[2024-10-28T00:15:18.551+0000] {logging_mixin.py:190} INFO - [2024-10-28T00:15:18.551+0000] {dag.py:3239} INFO - Sync 1 DAGs
[2024-10-28T00:15:18.565+0000] {logging_mixin.py:190} INFO - [2024-10-28T00:15:18.565+0000] {dag.py:4180} INFO - Setting next_dagrun for tutorial_dag to None, run_after=None
[2024-10-28T00:15:18.584+0000] {processor.py:208} INFO - Processing /home/airflow/.local/lib/python3.12/site-packages/airflow/example_dags/tutorial_dag.py took 0.065 seconds
[2024-10-28T00:15:48.968+0000] {processor.py:186} INFO - Started process (PID=47446) to work on /home/airflow/.local/lib/python3.12/site-packages/airflow/example_dags/tutorial_dag.py
[2024-10-28T00:15:48.969+0000] {processor.py:914} INFO - Processing file /home/airflow/.local/lib/python3.12/site-packages/airflow/example_dags/tutorial_dag.py for tasks to queue
[2024-10-28T00:15:48.971+0000] {logging_mixin.py:190} INFO - [2024-10-28T00:15:48.970+0000] {dagbag.py:588} INFO - Filling up the DagBag from /home/airflow/.local/lib/python3.12/site-packages/airflow/example_dags/tutorial_dag.py
[2024-10-28T00:15:48.977+0000] {processor.py:925} INFO - DAG(s) 'tutorial_dag' retrieved from /home/airflow/.local/lib/python3.12/site-packages/airflow/example_dags/tutorial_dag.py
[2024-10-28T00:15:48.995+0000] {logging_mixin.py:190} INFO - [2024-10-28T00:15:48.995+0000] {dag.py:3239} INFO - Sync 1 DAGs
[2024-10-28T00:15:49.009+0000] {logging_mixin.py:190} INFO - [2024-10-28T00:15:49.009+0000] {dag.py:4180} INFO - Setting next_dagrun for tutorial_dag to None, run_after=None
[2024-10-28T00:15:49.028+0000] {processor.py:208} INFO - Processing /home/airflow/.local/lib/python3.12/site-packages/airflow/example_dags/tutorial_dag.py took 0.066 seconds
[2024-10-28T00:16:19.884+0000] {processor.py:186} INFO - Started process (PID=47520) to work on /home/airflow/.local/lib/python3.12/site-packages/airflow/example_dags/tutorial_dag.py
[2024-10-28T00:16:19.885+0000] {processor.py:914} INFO - Processing file /home/airflow/.local/lib/python3.12/site-packages/airflow/example_dags/tutorial_dag.py for tasks to queue
[2024-10-28T00:16:19.886+0000] {logging_mixin.py:190} INFO - [2024-10-28T00:16:19.886+0000] {dagbag.py:588} INFO - Filling up the DagBag from /home/airflow/.local/lib/python3.12/site-packages/airflow/example_dags/tutorial_dag.py
[2024-10-28T00:16:19.893+0000] {processor.py:925} INFO - DAG(s) 'tutorial_dag' retrieved from /home/airflow/.local/lib/python3.12/site-packages/airflow/example_dags/tutorial_dag.py
[2024-10-28T00:16:19.911+0000] {logging_mixin.py:190} INFO - [2024-10-28T00:16:19.911+0000] {dag.py:3239} INFO - Sync 1 DAGs
[2024-10-28T00:16:19.925+0000] {logging_mixin.py:190} INFO - [2024-10-28T00:16:19.925+0000] {dag.py:4180} INFO - Setting next_dagrun for tutorial_dag to None, run_after=None
[2024-10-28T00:16:19.944+0000] {processor.py:208} INFO - Processing /home/airflow/.local/lib/python3.12/site-packages/airflow/example_dags/tutorial_dag.py took 0.065 seconds
[2024-10-28T00:16:50.785+0000] {processor.py:186} INFO - Started process (PID=47594) to work on /home/airflow/.local/lib/python3.12/site-packages/airflow/example_dags/tutorial_dag.py
[2024-10-28T00:16:50.786+0000] {processor.py:914} INFO - Processing file /home/airflow/.local/lib/python3.12/site-packages/airflow/example_dags/tutorial_dag.py for tasks to queue
[2024-10-28T00:16:50.787+0000] {logging_mixin.py:190} INFO - [2024-10-28T00:16:50.787+0000] {dagbag.py:588} INFO - Filling up the DagBag from /home/airflow/.local/lib/python3.12/site-packages/airflow/example_dags/tutorial_dag.py
[2024-10-28T00:16:50.794+0000] {processor.py:925} INFO - DAG(s) 'tutorial_dag' retrieved from /home/airflow/.local/lib/python3.12/site-packages/airflow/example_dags/tutorial_dag.py
[2024-10-28T00:16:50.810+0000] {logging_mixin.py:190} INFO - [2024-10-28T00:16:50.810+0000] {dag.py:3239} INFO - Sync 1 DAGs
[2024-10-28T00:16:50.824+0000] {logging_mixin.py:190} INFO - [2024-10-28T00:16:50.824+0000] {dag.py:4180} INFO - Setting next_dagrun for tutorial_dag to None, run_after=None
[2024-10-28T00:16:50.840+0000] {processor.py:208} INFO - Processing /home/airflow/.local/lib/python3.12/site-packages/airflow/example_dags/tutorial_dag.py took 0.060 seconds
[2024-10-28T00:17:21.360+0000] {processor.py:186} INFO - Started process (PID=47668) to work on /home/airflow/.local/lib/python3.12/site-packages/airflow/example_dags/tutorial_dag.py
[2024-10-28T00:17:21.362+0000] {processor.py:914} INFO - Processing file /home/airflow/.local/lib/python3.12/site-packages/airflow/example_dags/tutorial_dag.py for tasks to queue
[2024-10-28T00:17:21.363+0000] {logging_mixin.py:190} INFO - [2024-10-28T00:17:21.363+0000] {dagbag.py:588} INFO - Filling up the DagBag from /home/airflow/.local/lib/python3.12/site-packages/airflow/example_dags/tutorial_dag.py
[2024-10-28T00:17:21.369+0000] {processor.py:925} INFO - DAG(s) 'tutorial_dag' retrieved from /home/airflow/.local/lib/python3.12/site-packages/airflow/example_dags/tutorial_dag.py
[2024-10-28T00:17:21.387+0000] {logging_mixin.py:190} INFO - [2024-10-28T00:17:21.387+0000] {dag.py:3239} INFO - Sync 1 DAGs
[2024-10-28T00:17:21.401+0000] {logging_mixin.py:190} INFO - [2024-10-28T00:17:21.401+0000] {dag.py:4180} INFO - Setting next_dagrun for tutorial_dag to None, run_after=None
[2024-10-28T00:17:21.420+0000] {processor.py:208} INFO - Processing /home/airflow/.local/lib/python3.12/site-packages/airflow/example_dags/tutorial_dag.py took 0.065 seconds
[2024-10-28T00:17:51.629+0000] {processor.py:186} INFO - Started process (PID=47742) to work on /home/airflow/.local/lib/python3.12/site-packages/airflow/example_dags/tutorial_dag.py
[2024-10-28T00:17:51.630+0000] {processor.py:914} INFO - Processing file /home/airflow/.local/lib/python3.12/site-packages/airflow/example_dags/tutorial_dag.py for tasks to queue
[2024-10-28T00:17:51.632+0000] {logging_mixin.py:190} INFO - [2024-10-28T00:17:51.632+0000] {dagbag.py:588} INFO - Filling up the DagBag from /home/airflow/.local/lib/python3.12/site-packages/airflow/example_dags/tutorial_dag.py
[2024-10-28T00:17:51.638+0000] {processor.py:925} INFO - DAG(s) 'tutorial_dag' retrieved from /home/airflow/.local/lib/python3.12/site-packages/airflow/example_dags/tutorial_dag.py
[2024-10-28T00:17:51.659+0000] {logging_mixin.py:190} INFO - [2024-10-28T00:17:51.659+0000] {dag.py:3239} INFO - Sync 1 DAGs
[2024-10-28T00:17:51.674+0000] {logging_mixin.py:190} INFO - [2024-10-28T00:17:51.673+0000] {dag.py:4180} INFO - Setting next_dagrun for tutorial_dag to None, run_after=None
[2024-10-28T00:17:51.693+0000] {processor.py:208} INFO - Processing /home/airflow/.local/lib/python3.12/site-packages/airflow/example_dags/tutorial_dag.py took 0.069 seconds
[2024-10-28T00:18:21.917+0000] {processor.py:186} INFO - Started process (PID=47816) to work on /home/airflow/.local/lib/python3.12/site-packages/airflow/example_dags/tutorial_dag.py
[2024-10-28T00:18:21.919+0000] {processor.py:914} INFO - Processing file /home/airflow/.local/lib/python3.12/site-packages/airflow/example_dags/tutorial_dag.py for tasks to queue
[2024-10-28T00:18:21.923+0000] {logging_mixin.py:190} INFO - [2024-10-28T00:18:21.922+0000] {dagbag.py:588} INFO - Filling up the DagBag from /home/airflow/.local/lib/python3.12/site-packages/airflow/example_dags/tutorial_dag.py
[2024-10-28T00:18:21.937+0000] {processor.py:925} INFO - DAG(s) 'tutorial_dag' retrieved from /home/airflow/.local/lib/python3.12/site-packages/airflow/example_dags/tutorial_dag.py
[2024-10-28T00:18:21.977+0000] {logging_mixin.py:190} INFO - [2024-10-28T00:18:21.977+0000] {dag.py:3239} INFO - Sync 1 DAGs
[2024-10-28T00:18:22.007+0000] {logging_mixin.py:190} INFO - [2024-10-28T00:18:22.006+0000] {dag.py:4180} INFO - Setting next_dagrun for tutorial_dag to None, run_after=None
[2024-10-28T00:18:22.064+0000] {processor.py:208} INFO - Processing /home/airflow/.local/lib/python3.12/site-packages/airflow/example_dags/tutorial_dag.py took 0.154 seconds
[2024-10-28T00:18:52.533+0000] {processor.py:186} INFO - Started process (PID=47890) to work on /home/airflow/.local/lib/python3.12/site-packages/airflow/example_dags/tutorial_dag.py
[2024-10-28T00:18:52.534+0000] {processor.py:914} INFO - Processing file /home/airflow/.local/lib/python3.12/site-packages/airflow/example_dags/tutorial_dag.py for tasks to queue
[2024-10-28T00:18:52.535+0000] {logging_mixin.py:190} INFO - [2024-10-28T00:18:52.535+0000] {dagbag.py:588} INFO - Filling up the DagBag from /home/airflow/.local/lib/python3.12/site-packages/airflow/example_dags/tutorial_dag.py
[2024-10-28T00:18:52.542+0000] {processor.py:925} INFO - DAG(s) 'tutorial_dag' retrieved from /home/airflow/.local/lib/python3.12/site-packages/airflow/example_dags/tutorial_dag.py
[2024-10-28T00:18:52.561+0000] {logging_mixin.py:190} INFO - [2024-10-28T00:18:52.561+0000] {dag.py:3239} INFO - Sync 1 DAGs
[2024-10-28T00:18:52.575+0000] {logging_mixin.py:190} INFO - [2024-10-28T00:18:52.575+0000] {dag.py:4180} INFO - Setting next_dagrun for tutorial_dag to None, run_after=None
[2024-10-28T00:18:52.597+0000] {processor.py:208} INFO - Processing /home/airflow/.local/lib/python3.12/site-packages/airflow/example_dags/tutorial_dag.py took 0.070 seconds
[2024-10-28T00:19:23.103+0000] {processor.py:186} INFO - Started process (PID=47964) to work on /home/airflow/.local/lib/python3.12/site-packages/airflow/example_dags/tutorial_dag.py
[2024-10-28T00:19:23.105+0000] {processor.py:914} INFO - Processing file /home/airflow/.local/lib/python3.12/site-packages/airflow/example_dags/tutorial_dag.py for tasks to queue
[2024-10-28T00:19:23.107+0000] {logging_mixin.py:190} INFO - [2024-10-28T00:19:23.106+0000] {dagbag.py:588} INFO - Filling up the DagBag from /home/airflow/.local/lib/python3.12/site-packages/airflow/example_dags/tutorial_dag.py
[2024-10-28T00:19:23.115+0000] {processor.py:925} INFO - DAG(s) 'tutorial_dag' retrieved from /home/airflow/.local/lib/python3.12/site-packages/airflow/example_dags/tutorial_dag.py
[2024-10-28T00:19:23.138+0000] {logging_mixin.py:190} INFO - [2024-10-28T00:19:23.138+0000] {dag.py:3239} INFO - Sync 1 DAGs
[2024-10-28T00:19:23.155+0000] {logging_mixin.py:190} INFO - [2024-10-28T00:19:23.155+0000] {dag.py:4180} INFO - Setting next_dagrun for tutorial_dag to None, run_after=None
[2024-10-28T00:19:23.177+0000] {processor.py:208} INFO - Processing /home/airflow/.local/lib/python3.12/site-packages/airflow/example_dags/tutorial_dag.py took 0.080 seconds
[2024-10-28T00:19:53.296+0000] {processor.py:186} INFO - Started process (PID=48038) to work on /home/airflow/.local/lib/python3.12/site-packages/airflow/example_dags/tutorial_dag.py
[2024-10-28T00:19:53.297+0000] {processor.py:914} INFO - Processing file /home/airflow/.local/lib/python3.12/site-packages/airflow/example_dags/tutorial_dag.py for tasks to queue
[2024-10-28T00:19:53.299+0000] {logging_mixin.py:190} INFO - [2024-10-28T00:19:53.299+0000] {dagbag.py:588} INFO - Filling up the DagBag from /home/airflow/.local/lib/python3.12/site-packages/airflow/example_dags/tutorial_dag.py
[2024-10-28T00:19:53.307+0000] {processor.py:925} INFO - DAG(s) 'tutorial_dag' retrieved from /home/airflow/.local/lib/python3.12/site-packages/airflow/example_dags/tutorial_dag.py
[2024-10-28T00:19:53.333+0000] {logging_mixin.py:190} INFO - [2024-10-28T00:19:53.333+0000] {dag.py:3239} INFO - Sync 1 DAGs
[2024-10-28T00:19:53.351+0000] {logging_mixin.py:190} INFO - [2024-10-28T00:19:53.350+0000] {dag.py:4180} INFO - Setting next_dagrun for tutorial_dag to None, run_after=None
[2024-10-28T00:19:53.372+0000] {processor.py:208} INFO - Processing /home/airflow/.local/lib/python3.12/site-packages/airflow/example_dags/tutorial_dag.py took 0.085 seconds
[2024-10-28T00:20:23.840+0000] {processor.py:186} INFO - Started process (PID=48112) to work on /home/airflow/.local/lib/python3.12/site-packages/airflow/example_dags/tutorial_dag.py
[2024-10-28T00:20:23.841+0000] {processor.py:914} INFO - Processing file /home/airflow/.local/lib/python3.12/site-packages/airflow/example_dags/tutorial_dag.py for tasks to queue
[2024-10-28T00:20:23.843+0000] {logging_mixin.py:190} INFO - [2024-10-28T00:20:23.842+0000] {dagbag.py:588} INFO - Filling up the DagBag from /home/airflow/.local/lib/python3.12/site-packages/airflow/example_dags/tutorial_dag.py
[2024-10-28T00:20:23.849+0000] {processor.py:925} INFO - DAG(s) 'tutorial_dag' retrieved from /home/airflow/.local/lib/python3.12/site-packages/airflow/example_dags/tutorial_dag.py
[2024-10-28T00:20:23.873+0000] {logging_mixin.py:190} INFO - [2024-10-28T00:20:23.872+0000] {dag.py:3239} INFO - Sync 1 DAGs
[2024-10-28T00:20:23.895+0000] {logging_mixin.py:190} INFO - [2024-10-28T00:20:23.895+0000] {dag.py:4180} INFO - Setting next_dagrun for tutorial_dag to None, run_after=None
[2024-10-28T00:20:23.917+0000] {processor.py:208} INFO - Processing /home/airflow/.local/lib/python3.12/site-packages/airflow/example_dags/tutorial_dag.py took 0.083 seconds
[2024-10-28T00:20:54.638+0000] {processor.py:186} INFO - Started process (PID=48186) to work on /home/airflow/.local/lib/python3.12/site-packages/airflow/example_dags/tutorial_dag.py
[2024-10-28T00:20:54.639+0000] {processor.py:914} INFO - Processing file /home/airflow/.local/lib/python3.12/site-packages/airflow/example_dags/tutorial_dag.py for tasks to queue
[2024-10-28T00:20:54.641+0000] {logging_mixin.py:190} INFO - [2024-10-28T00:20:54.640+0000] {dagbag.py:588} INFO - Filling up the DagBag from /home/airflow/.local/lib/python3.12/site-packages/airflow/example_dags/tutorial_dag.py
[2024-10-28T00:20:54.649+0000] {processor.py:925} INFO - DAG(s) 'tutorial_dag' retrieved from /home/airflow/.local/lib/python3.12/site-packages/airflow/example_dags/tutorial_dag.py
[2024-10-28T00:20:54.670+0000] {logging_mixin.py:190} INFO - [2024-10-28T00:20:54.670+0000] {dag.py:3239} INFO - Sync 1 DAGs
[2024-10-28T00:20:54.688+0000] {logging_mixin.py:190} INFO - [2024-10-28T00:20:54.687+0000] {dag.py:4180} INFO - Setting next_dagrun for tutorial_dag to None, run_after=None
[2024-10-28T00:20:54.718+0000] {processor.py:208} INFO - Processing /home/airflow/.local/lib/python3.12/site-packages/airflow/example_dags/tutorial_dag.py took 0.085 seconds
[2024-10-28T00:21:25.445+0000] {processor.py:186} INFO - Started process (PID=48260) to work on /home/airflow/.local/lib/python3.12/site-packages/airflow/example_dags/tutorial_dag.py
[2024-10-28T00:21:25.447+0000] {processor.py:914} INFO - Processing file /home/airflow/.local/lib/python3.12/site-packages/airflow/example_dags/tutorial_dag.py for tasks to queue
[2024-10-28T00:21:25.449+0000] {logging_mixin.py:190} INFO - [2024-10-28T00:21:25.449+0000] {dagbag.py:588} INFO - Filling up the DagBag from /home/airflow/.local/lib/python3.12/site-packages/airflow/example_dags/tutorial_dag.py
[2024-10-28T00:21:25.456+0000] {processor.py:925} INFO - DAG(s) 'tutorial_dag' retrieved from /home/airflow/.local/lib/python3.12/site-packages/airflow/example_dags/tutorial_dag.py
[2024-10-28T00:21:25.475+0000] {logging_mixin.py:190} INFO - [2024-10-28T00:21:25.475+0000] {dag.py:3239} INFO - Sync 1 DAGs
[2024-10-28T00:21:25.490+0000] {logging_mixin.py:190} INFO - [2024-10-28T00:21:25.490+0000] {dag.py:4180} INFO - Setting next_dagrun for tutorial_dag to None, run_after=None
[2024-10-28T00:21:25.512+0000] {processor.py:208} INFO - Processing /home/airflow/.local/lib/python3.12/site-packages/airflow/example_dags/tutorial_dag.py took 0.073 seconds
[2024-10-28T00:21:55.989+0000] {processor.py:186} INFO - Started process (PID=48334) to work on /home/airflow/.local/lib/python3.12/site-packages/airflow/example_dags/tutorial_dag.py
[2024-10-28T00:21:55.990+0000] {processor.py:914} INFO - Processing file /home/airflow/.local/lib/python3.12/site-packages/airflow/example_dags/tutorial_dag.py for tasks to queue
[2024-10-28T00:21:55.992+0000] {logging_mixin.py:190} INFO - [2024-10-28T00:21:55.992+0000] {dagbag.py:588} INFO - Filling up the DagBag from /home/airflow/.local/lib/python3.12/site-packages/airflow/example_dags/tutorial_dag.py
[2024-10-28T00:21:55.999+0000] {processor.py:925} INFO - DAG(s) 'tutorial_dag' retrieved from /home/airflow/.local/lib/python3.12/site-packages/airflow/example_dags/tutorial_dag.py
[2024-10-28T00:21:56.019+0000] {logging_mixin.py:190} INFO - [2024-10-28T00:21:56.019+0000] {dag.py:3239} INFO - Sync 1 DAGs
[2024-10-28T00:21:56.035+0000] {logging_mixin.py:190} INFO - [2024-10-28T00:21:56.034+0000] {dag.py:4180} INFO - Setting next_dagrun for tutorial_dag to None, run_after=None
[2024-10-28T00:21:56.054+0000] {processor.py:208} INFO - Processing /home/airflow/.local/lib/python3.12/site-packages/airflow/example_dags/tutorial_dag.py took 0.071 seconds
[2024-10-28T00:22:26.864+0000] {processor.py:186} INFO - Started process (PID=48408) to work on /home/airflow/.local/lib/python3.12/site-packages/airflow/example_dags/tutorial_dag.py
[2024-10-28T00:22:26.865+0000] {processor.py:914} INFO - Processing file /home/airflow/.local/lib/python3.12/site-packages/airflow/example_dags/tutorial_dag.py for tasks to queue
[2024-10-28T00:22:26.867+0000] {logging_mixin.py:190} INFO - [2024-10-28T00:22:26.867+0000] {dagbag.py:588} INFO - Filling up the DagBag from /home/airflow/.local/lib/python3.12/site-packages/airflow/example_dags/tutorial_dag.py
[2024-10-28T00:22:26.879+0000] {processor.py:925} INFO - DAG(s) 'tutorial_dag' retrieved from /home/airflow/.local/lib/python3.12/site-packages/airflow/example_dags/tutorial_dag.py
[2024-10-28T00:22:26.905+0000] {logging_mixin.py:190} INFO - [2024-10-28T00:22:26.905+0000] {dag.py:3239} INFO - Sync 1 DAGs
[2024-10-28T00:22:26.931+0000] {logging_mixin.py:190} INFO - [2024-10-28T00:22:26.931+0000] {dag.py:4180} INFO - Setting next_dagrun for tutorial_dag to None, run_after=None
[2024-10-28T00:22:26.963+0000] {processor.py:208} INFO - Processing /home/airflow/.local/lib/python3.12/site-packages/airflow/example_dags/tutorial_dag.py took 0.106 seconds
[2024-10-28T00:22:57.435+0000] {processor.py:186} INFO - Started process (PID=48482) to work on /home/airflow/.local/lib/python3.12/site-packages/airflow/example_dags/tutorial_dag.py
[2024-10-28T00:22:57.437+0000] {processor.py:914} INFO - Processing file /home/airflow/.local/lib/python3.12/site-packages/airflow/example_dags/tutorial_dag.py for tasks to queue
[2024-10-28T00:22:57.438+0000] {logging_mixin.py:190} INFO - [2024-10-28T00:22:57.438+0000] {dagbag.py:588} INFO - Filling up the DagBag from /home/airflow/.local/lib/python3.12/site-packages/airflow/example_dags/tutorial_dag.py
[2024-10-28T00:22:57.447+0000] {processor.py:925} INFO - DAG(s) 'tutorial_dag' retrieved from /home/airflow/.local/lib/python3.12/site-packages/airflow/example_dags/tutorial_dag.py
[2024-10-28T00:22:57.472+0000] {logging_mixin.py:190} INFO - [2024-10-28T00:22:57.472+0000] {dag.py:3239} INFO - Sync 1 DAGs
[2024-10-28T00:22:57.490+0000] {logging_mixin.py:190} INFO - [2024-10-28T00:22:57.489+0000] {dag.py:4180} INFO - Setting next_dagrun for tutorial_dag to None, run_after=None
[2024-10-28T00:22:57.512+0000] {processor.py:208} INFO - Processing /home/airflow/.local/lib/python3.12/site-packages/airflow/example_dags/tutorial_dag.py took 0.085 seconds
[2024-10-28T00:23:27.869+0000] {processor.py:186} INFO - Started process (PID=48556) to work on /home/airflow/.local/lib/python3.12/site-packages/airflow/example_dags/tutorial_dag.py
[2024-10-28T00:23:27.870+0000] {processor.py:914} INFO - Processing file /home/airflow/.local/lib/python3.12/site-packages/airflow/example_dags/tutorial_dag.py for tasks to queue
[2024-10-28T00:23:27.871+0000] {logging_mixin.py:190} INFO - [2024-10-28T00:23:27.871+0000] {dagbag.py:588} INFO - Filling up the DagBag from /home/airflow/.local/lib/python3.12/site-packages/airflow/example_dags/tutorial_dag.py
[2024-10-28T00:23:27.878+0000] {processor.py:925} INFO - DAG(s) 'tutorial_dag' retrieved from /home/airflow/.local/lib/python3.12/site-packages/airflow/example_dags/tutorial_dag.py
[2024-10-28T00:23:27.895+0000] {logging_mixin.py:190} INFO - [2024-10-28T00:23:27.895+0000] {dag.py:3239} INFO - Sync 1 DAGs
[2024-10-28T00:23:27.909+0000] {logging_mixin.py:190} INFO - [2024-10-28T00:23:27.909+0000] {dag.py:4180} INFO - Setting next_dagrun for tutorial_dag to None, run_after=None
[2024-10-28T00:23:27.928+0000] {processor.py:208} INFO - Processing /home/airflow/.local/lib/python3.12/site-packages/airflow/example_dags/tutorial_dag.py took 0.064 seconds
[2024-10-28T00:23:58.856+0000] {processor.py:186} INFO - Started process (PID=48630) to work on /home/airflow/.local/lib/python3.12/site-packages/airflow/example_dags/tutorial_dag.py
[2024-10-28T00:23:58.857+0000] {processor.py:914} INFO - Processing file /home/airflow/.local/lib/python3.12/site-packages/airflow/example_dags/tutorial_dag.py for tasks to queue
[2024-10-28T00:23:58.859+0000] {logging_mixin.py:190} INFO - [2024-10-28T00:23:58.859+0000] {dagbag.py:588} INFO - Filling up the DagBag from /home/airflow/.local/lib/python3.12/site-packages/airflow/example_dags/tutorial_dag.py
[2024-10-28T00:23:58.867+0000] {processor.py:925} INFO - DAG(s) 'tutorial_dag' retrieved from /home/airflow/.local/lib/python3.12/site-packages/airflow/example_dags/tutorial_dag.py
[2024-10-28T00:23:58.887+0000] {logging_mixin.py:190} INFO - [2024-10-28T00:23:58.887+0000] {dag.py:3239} INFO - Sync 1 DAGs
[2024-10-28T00:23:58.903+0000] {logging_mixin.py:190} INFO - [2024-10-28T00:23:58.903+0000] {dag.py:4180} INFO - Setting next_dagrun for tutorial_dag to None, run_after=None
[2024-10-28T00:23:58.927+0000] {processor.py:208} INFO - Processing /home/airflow/.local/lib/python3.12/site-packages/airflow/example_dags/tutorial_dag.py took 0.077 seconds
[2024-10-28T00:24:29.220+0000] {processor.py:186} INFO - Started process (PID=48704) to work on /home/airflow/.local/lib/python3.12/site-packages/airflow/example_dags/tutorial_dag.py
[2024-10-28T00:24:29.221+0000] {processor.py:914} INFO - Processing file /home/airflow/.local/lib/python3.12/site-packages/airflow/example_dags/tutorial_dag.py for tasks to queue
[2024-10-28T00:24:29.223+0000] {logging_mixin.py:190} INFO - [2024-10-28T00:24:29.222+0000] {dagbag.py:588} INFO - Filling up the DagBag from /home/airflow/.local/lib/python3.12/site-packages/airflow/example_dags/tutorial_dag.py
[2024-10-28T00:24:29.230+0000] {processor.py:925} INFO - DAG(s) 'tutorial_dag' retrieved from /home/airflow/.local/lib/python3.12/site-packages/airflow/example_dags/tutorial_dag.py
[2024-10-28T00:24:29.250+0000] {logging_mixin.py:190} INFO - [2024-10-28T00:24:29.250+0000] {dag.py:3239} INFO - Sync 1 DAGs
[2024-10-28T00:24:29.265+0000] {logging_mixin.py:190} INFO - [2024-10-28T00:24:29.265+0000] {dag.py:4180} INFO - Setting next_dagrun for tutorial_dag to None, run_after=None
[2024-10-28T00:24:29.288+0000] {processor.py:208} INFO - Processing /home/airflow/.local/lib/python3.12/site-packages/airflow/example_dags/tutorial_dag.py took 0.075 seconds
[2024-10-28T00:24:59.897+0000] {processor.py:186} INFO - Started process (PID=48778) to work on /home/airflow/.local/lib/python3.12/site-packages/airflow/example_dags/tutorial_dag.py
[2024-10-28T00:24:59.898+0000] {processor.py:914} INFO - Processing file /home/airflow/.local/lib/python3.12/site-packages/airflow/example_dags/tutorial_dag.py for tasks to queue
[2024-10-28T00:24:59.899+0000] {logging_mixin.py:190} INFO - [2024-10-28T00:24:59.899+0000] {dagbag.py:588} INFO - Filling up the DagBag from /home/airflow/.local/lib/python3.12/site-packages/airflow/example_dags/tutorial_dag.py
[2024-10-28T00:24:59.908+0000] {processor.py:925} INFO - DAG(s) 'tutorial_dag' retrieved from /home/airflow/.local/lib/python3.12/site-packages/airflow/example_dags/tutorial_dag.py
[2024-10-28T00:24:59.928+0000] {logging_mixin.py:190} INFO - [2024-10-28T00:24:59.928+0000] {dag.py:3239} INFO - Sync 1 DAGs
[2024-10-28T00:24:59.943+0000] {logging_mixin.py:190} INFO - [2024-10-28T00:24:59.943+0000] {dag.py:4180} INFO - Setting next_dagrun for tutorial_dag to None, run_after=None
[2024-10-28T00:24:59.964+0000] {processor.py:208} INFO - Processing /home/airflow/.local/lib/python3.12/site-packages/airflow/example_dags/tutorial_dag.py took 0.073 seconds
[2024-10-28T00:25:30.188+0000] {processor.py:186} INFO - Started process (PID=48852) to work on /home/airflow/.local/lib/python3.12/site-packages/airflow/example_dags/tutorial_dag.py
[2024-10-28T00:25:30.189+0000] {processor.py:914} INFO - Processing file /home/airflow/.local/lib/python3.12/site-packages/airflow/example_dags/tutorial_dag.py for tasks to queue
[2024-10-28T00:25:30.191+0000] {logging_mixin.py:190} INFO - [2024-10-28T00:25:30.191+0000] {dagbag.py:588} INFO - Filling up the DagBag from /home/airflow/.local/lib/python3.12/site-packages/airflow/example_dags/tutorial_dag.py
[2024-10-28T00:25:30.199+0000] {processor.py:925} INFO - DAG(s) 'tutorial_dag' retrieved from /home/airflow/.local/lib/python3.12/site-packages/airflow/example_dags/tutorial_dag.py
[2024-10-28T00:25:30.223+0000] {logging_mixin.py:190} INFO - [2024-10-28T00:25:30.223+0000] {dag.py:3239} INFO - Sync 1 DAGs
[2024-10-28T00:25:30.243+0000] {logging_mixin.py:190} INFO - [2024-10-28T00:25:30.242+0000] {dag.py:4180} INFO - Setting next_dagrun for tutorial_dag to None, run_after=None
[2024-10-28T00:25:30.264+0000] {processor.py:208} INFO - Processing /home/airflow/.local/lib/python3.12/site-packages/airflow/example_dags/tutorial_dag.py took 0.082 seconds
[2024-10-28T00:26:00.797+0000] {processor.py:186} INFO - Started process (PID=48926) to work on /home/airflow/.local/lib/python3.12/site-packages/airflow/example_dags/tutorial_dag.py
[2024-10-28T00:26:00.798+0000] {processor.py:914} INFO - Processing file /home/airflow/.local/lib/python3.12/site-packages/airflow/example_dags/tutorial_dag.py for tasks to queue
[2024-10-28T00:26:00.800+0000] {logging_mixin.py:190} INFO - [2024-10-28T00:26:00.800+0000] {dagbag.py:588} INFO - Filling up the DagBag from /home/airflow/.local/lib/python3.12/site-packages/airflow/example_dags/tutorial_dag.py
[2024-10-28T00:26:00.808+0000] {processor.py:925} INFO - DAG(s) 'tutorial_dag' retrieved from /home/airflow/.local/lib/python3.12/site-packages/airflow/example_dags/tutorial_dag.py
[2024-10-28T00:26:00.829+0000] {logging_mixin.py:190} INFO - [2024-10-28T00:26:00.828+0000] {dag.py:3239} INFO - Sync 1 DAGs
[2024-10-28T00:26:00.844+0000] {logging_mixin.py:190} INFO - [2024-10-28T00:26:00.844+0000] {dag.py:4180} INFO - Setting next_dagrun for tutorial_dag to None, run_after=None
[2024-10-28T00:26:00.863+0000] {processor.py:208} INFO - Processing /home/airflow/.local/lib/python3.12/site-packages/airflow/example_dags/tutorial_dag.py took 0.074 seconds
[2024-10-28T00:26:31.189+0000] {processor.py:186} INFO - Started process (PID=49000) to work on /home/airflow/.local/lib/python3.12/site-packages/airflow/example_dags/tutorial_dag.py
[2024-10-28T00:26:31.190+0000] {processor.py:914} INFO - Processing file /home/airflow/.local/lib/python3.12/site-packages/airflow/example_dags/tutorial_dag.py for tasks to queue
[2024-10-28T00:26:31.192+0000] {logging_mixin.py:190} INFO - [2024-10-28T00:26:31.192+0000] {dagbag.py:588} INFO - Filling up the DagBag from /home/airflow/.local/lib/python3.12/site-packages/airflow/example_dags/tutorial_dag.py
[2024-10-28T00:26:31.199+0000] {processor.py:925} INFO - DAG(s) 'tutorial_dag' retrieved from /home/airflow/.local/lib/python3.12/site-packages/airflow/example_dags/tutorial_dag.py
[2024-10-28T00:26:31.217+0000] {logging_mixin.py:190} INFO - [2024-10-28T00:26:31.217+0000] {dag.py:3239} INFO - Sync 1 DAGs
[2024-10-28T00:26:31.232+0000] {logging_mixin.py:190} INFO - [2024-10-28T00:26:31.232+0000] {dag.py:4180} INFO - Setting next_dagrun for tutorial_dag to None, run_after=None
[2024-10-28T00:26:31.251+0000] {processor.py:208} INFO - Processing /home/airflow/.local/lib/python3.12/site-packages/airflow/example_dags/tutorial_dag.py took 0.068 seconds
[2024-10-28T00:27:01.570+0000] {processor.py:186} INFO - Started process (PID=49074) to work on /home/airflow/.local/lib/python3.12/site-packages/airflow/example_dags/tutorial_dag.py
[2024-10-28T00:27:01.571+0000] {processor.py:914} INFO - Processing file /home/airflow/.local/lib/python3.12/site-packages/airflow/example_dags/tutorial_dag.py for tasks to queue
[2024-10-28T00:27:01.572+0000] {logging_mixin.py:190} INFO - [2024-10-28T00:27:01.572+0000] {dagbag.py:588} INFO - Filling up the DagBag from /home/airflow/.local/lib/python3.12/site-packages/airflow/example_dags/tutorial_dag.py
[2024-10-28T00:27:01.579+0000] {processor.py:925} INFO - DAG(s) 'tutorial_dag' retrieved from /home/airflow/.local/lib/python3.12/site-packages/airflow/example_dags/tutorial_dag.py
[2024-10-28T00:27:01.598+0000] {logging_mixin.py:190} INFO - [2024-10-28T00:27:01.598+0000] {dag.py:3239} INFO - Sync 1 DAGs
[2024-10-28T00:27:01.612+0000] {logging_mixin.py:190} INFO - [2024-10-28T00:27:01.612+0000] {dag.py:4180} INFO - Setting next_dagrun for tutorial_dag to None, run_after=None
[2024-10-28T00:27:01.633+0000] {processor.py:208} INFO - Processing /home/airflow/.local/lib/python3.12/site-packages/airflow/example_dags/tutorial_dag.py took 0.069 seconds
[2024-10-28T00:27:32.465+0000] {processor.py:186} INFO - Started process (PID=49148) to work on /home/airflow/.local/lib/python3.12/site-packages/airflow/example_dags/tutorial_dag.py
[2024-10-28T00:27:32.467+0000] {processor.py:914} INFO - Processing file /home/airflow/.local/lib/python3.12/site-packages/airflow/example_dags/tutorial_dag.py for tasks to queue
[2024-10-28T00:27:32.468+0000] {logging_mixin.py:190} INFO - [2024-10-28T00:27:32.468+0000] {dagbag.py:588} INFO - Filling up the DagBag from /home/airflow/.local/lib/python3.12/site-packages/airflow/example_dags/tutorial_dag.py
[2024-10-28T00:27:32.475+0000] {processor.py:925} INFO - DAG(s) 'tutorial_dag' retrieved from /home/airflow/.local/lib/python3.12/site-packages/airflow/example_dags/tutorial_dag.py
[2024-10-28T00:27:32.494+0000] {logging_mixin.py:190} INFO - [2024-10-28T00:27:32.494+0000] {dag.py:3239} INFO - Sync 1 DAGs
[2024-10-28T00:27:32.509+0000] {logging_mixin.py:190} INFO - [2024-10-28T00:27:32.509+0000] {dag.py:4180} INFO - Setting next_dagrun for tutorial_dag to None, run_after=None
[2024-10-28T00:27:32.529+0000] {processor.py:208} INFO - Processing /home/airflow/.local/lib/python3.12/site-packages/airflow/example_dags/tutorial_dag.py took 0.070 seconds
[2024-10-28T00:28:03.377+0000] {processor.py:186} INFO - Started process (PID=49222) to work on /home/airflow/.local/lib/python3.12/site-packages/airflow/example_dags/tutorial_dag.py
[2024-10-28T00:28:03.378+0000] {processor.py:914} INFO - Processing file /home/airflow/.local/lib/python3.12/site-packages/airflow/example_dags/tutorial_dag.py for tasks to queue
[2024-10-28T00:28:03.379+0000] {logging_mixin.py:190} INFO - [2024-10-28T00:28:03.379+0000] {dagbag.py:588} INFO - Filling up the DagBag from /home/airflow/.local/lib/python3.12/site-packages/airflow/example_dags/tutorial_dag.py
[2024-10-28T00:28:03.386+0000] {processor.py:925} INFO - DAG(s) 'tutorial_dag' retrieved from /home/airflow/.local/lib/python3.12/site-packages/airflow/example_dags/tutorial_dag.py
[2024-10-28T00:28:03.404+0000] {logging_mixin.py:190} INFO - [2024-10-28T00:28:03.403+0000] {dag.py:3239} INFO - Sync 1 DAGs
[2024-10-28T00:28:03.417+0000] {logging_mixin.py:190} INFO - [2024-10-28T00:28:03.417+0000] {dag.py:4180} INFO - Setting next_dagrun for tutorial_dag to None, run_after=None
[2024-10-28T00:28:03.436+0000] {processor.py:208} INFO - Processing /home/airflow/.local/lib/python3.12/site-packages/airflow/example_dags/tutorial_dag.py took 0.065 seconds
[2024-10-28T00:28:33.959+0000] {processor.py:186} INFO - Started process (PID=49296) to work on /home/airflow/.local/lib/python3.12/site-packages/airflow/example_dags/tutorial_dag.py
[2024-10-28T00:28:33.960+0000] {processor.py:914} INFO - Processing file /home/airflow/.local/lib/python3.12/site-packages/airflow/example_dags/tutorial_dag.py for tasks to queue
[2024-10-28T00:28:33.962+0000] {logging_mixin.py:190} INFO - [2024-10-28T00:28:33.961+0000] {dagbag.py:588} INFO - Filling up the DagBag from /home/airflow/.local/lib/python3.12/site-packages/airflow/example_dags/tutorial_dag.py
[2024-10-28T00:28:33.968+0000] {processor.py:925} INFO - DAG(s) 'tutorial_dag' retrieved from /home/airflow/.local/lib/python3.12/site-packages/airflow/example_dags/tutorial_dag.py
[2024-10-28T00:28:33.986+0000] {logging_mixin.py:190} INFO - [2024-10-28T00:28:33.986+0000] {dag.py:3239} INFO - Sync 1 DAGs
[2024-10-28T00:28:34.000+0000] {logging_mixin.py:190} INFO - [2024-10-28T00:28:34.000+0000] {dag.py:4180} INFO - Setting next_dagrun for tutorial_dag to None, run_after=None
[2024-10-28T00:28:34.018+0000] {processor.py:208} INFO - Processing /home/airflow/.local/lib/python3.12/site-packages/airflow/example_dags/tutorial_dag.py took 0.064 seconds
[2024-10-28T00:29:04.779+0000] {processor.py:186} INFO - Started process (PID=49370) to work on /home/airflow/.local/lib/python3.12/site-packages/airflow/example_dags/tutorial_dag.py
[2024-10-28T00:29:04.780+0000] {processor.py:914} INFO - Processing file /home/airflow/.local/lib/python3.12/site-packages/airflow/example_dags/tutorial_dag.py for tasks to queue
[2024-10-28T00:29:04.782+0000] {logging_mixin.py:190} INFO - [2024-10-28T00:29:04.782+0000] {dagbag.py:588} INFO - Filling up the DagBag from /home/airflow/.local/lib/python3.12/site-packages/airflow/example_dags/tutorial_dag.py
[2024-10-28T00:29:04.792+0000] {processor.py:925} INFO - DAG(s) 'tutorial_dag' retrieved from /home/airflow/.local/lib/python3.12/site-packages/airflow/example_dags/tutorial_dag.py
[2024-10-28T00:29:04.814+0000] {logging_mixin.py:190} INFO - [2024-10-28T00:29:04.814+0000] {dag.py:3239} INFO - Sync 1 DAGs
[2024-10-28T00:29:04.833+0000] {logging_mixin.py:190} INFO - [2024-10-28T00:29:04.832+0000] {dag.py:4180} INFO - Setting next_dagrun for tutorial_dag to None, run_after=None
[2024-10-28T00:29:04.856+0000] {processor.py:208} INFO - Processing /home/airflow/.local/lib/python3.12/site-packages/airflow/example_dags/tutorial_dag.py took 0.083 seconds
[2024-10-28T00:29:35.799+0000] {processor.py:186} INFO - Started process (PID=49444) to work on /home/airflow/.local/lib/python3.12/site-packages/airflow/example_dags/tutorial_dag.py
[2024-10-28T00:29:35.800+0000] {processor.py:914} INFO - Processing file /home/airflow/.local/lib/python3.12/site-packages/airflow/example_dags/tutorial_dag.py for tasks to queue
[2024-10-28T00:29:35.802+0000] {logging_mixin.py:190} INFO - [2024-10-28T00:29:35.802+0000] {dagbag.py:588} INFO - Filling up the DagBag from /home/airflow/.local/lib/python3.12/site-packages/airflow/example_dags/tutorial_dag.py
[2024-10-28T00:29:35.809+0000] {processor.py:925} INFO - DAG(s) 'tutorial_dag' retrieved from /home/airflow/.local/lib/python3.12/site-packages/airflow/example_dags/tutorial_dag.py
[2024-10-28T00:29:35.827+0000] {logging_mixin.py:190} INFO - [2024-10-28T00:29:35.827+0000] {dag.py:3239} INFO - Sync 1 DAGs
[2024-10-28T00:29:35.843+0000] {logging_mixin.py:190} INFO - [2024-10-28T00:29:35.842+0000] {dag.py:4180} INFO - Setting next_dagrun for tutorial_dag to None, run_after=None
[2024-10-28T00:29:35.863+0000] {processor.py:208} INFO - Processing /home/airflow/.local/lib/python3.12/site-packages/airflow/example_dags/tutorial_dag.py took 0.070 seconds
[2024-10-28T00:30:06.624+0000] {processor.py:186} INFO - Started process (PID=49518) to work on /home/airflow/.local/lib/python3.12/site-packages/airflow/example_dags/tutorial_dag.py
[2024-10-28T00:30:06.625+0000] {processor.py:914} INFO - Processing file /home/airflow/.local/lib/python3.12/site-packages/airflow/example_dags/tutorial_dag.py for tasks to queue
[2024-10-28T00:30:06.626+0000] {logging_mixin.py:190} INFO - [2024-10-28T00:30:06.626+0000] {dagbag.py:588} INFO - Filling up the DagBag from /home/airflow/.local/lib/python3.12/site-packages/airflow/example_dags/tutorial_dag.py
[2024-10-28T00:30:06.633+0000] {processor.py:925} INFO - DAG(s) 'tutorial_dag' retrieved from /home/airflow/.local/lib/python3.12/site-packages/airflow/example_dags/tutorial_dag.py
[2024-10-28T00:30:06.654+0000] {logging_mixin.py:190} INFO - [2024-10-28T00:30:06.654+0000] {dag.py:3239} INFO - Sync 1 DAGs
[2024-10-28T00:30:06.668+0000] {logging_mixin.py:190} INFO - [2024-10-28T00:30:06.668+0000] {dag.py:4180} INFO - Setting next_dagrun for tutorial_dag to None, run_after=None
[2024-10-28T00:30:06.686+0000] {processor.py:208} INFO - Processing /home/airflow/.local/lib/python3.12/site-packages/airflow/example_dags/tutorial_dag.py took 0.067 seconds
[2024-10-28T00:30:37.584+0000] {processor.py:186} INFO - Started process (PID=49592) to work on /home/airflow/.local/lib/python3.12/site-packages/airflow/example_dags/tutorial_dag.py
[2024-10-28T00:30:37.585+0000] {processor.py:914} INFO - Processing file /home/airflow/.local/lib/python3.12/site-packages/airflow/example_dags/tutorial_dag.py for tasks to queue
[2024-10-28T00:30:37.587+0000] {logging_mixin.py:190} INFO - [2024-10-28T00:30:37.587+0000] {dagbag.py:588} INFO - Filling up the DagBag from /home/airflow/.local/lib/python3.12/site-packages/airflow/example_dags/tutorial_dag.py
[2024-10-28T00:30:37.597+0000] {processor.py:925} INFO - DAG(s) 'tutorial_dag' retrieved from /home/airflow/.local/lib/python3.12/site-packages/airflow/example_dags/tutorial_dag.py
[2024-10-28T00:30:37.623+0000] {logging_mixin.py:190} INFO - [2024-10-28T00:30:37.623+0000] {dag.py:3239} INFO - Sync 1 DAGs
[2024-10-28T00:30:37.638+0000] {logging_mixin.py:190} INFO - [2024-10-28T00:30:37.638+0000] {dag.py:4180} INFO - Setting next_dagrun for tutorial_dag to None, run_after=None
[2024-10-28T00:30:37.661+0000] {processor.py:208} INFO - Processing /home/airflow/.local/lib/python3.12/site-packages/airflow/example_dags/tutorial_dag.py took 0.082 seconds
[2024-10-28T00:31:08.344+0000] {processor.py:186} INFO - Started process (PID=49672) to work on /home/airflow/.local/lib/python3.12/site-packages/airflow/example_dags/tutorial_dag.py
[2024-10-28T00:31:08.345+0000] {processor.py:914} INFO - Processing file /home/airflow/.local/lib/python3.12/site-packages/airflow/example_dags/tutorial_dag.py for tasks to queue
[2024-10-28T00:31:08.346+0000] {logging_mixin.py:190} INFO - [2024-10-28T00:31:08.346+0000] {dagbag.py:588} INFO - Filling up the DagBag from /home/airflow/.local/lib/python3.12/site-packages/airflow/example_dags/tutorial_dag.py
[2024-10-28T00:31:08.354+0000] {processor.py:925} INFO - DAG(s) 'tutorial_dag' retrieved from /home/airflow/.local/lib/python3.12/site-packages/airflow/example_dags/tutorial_dag.py
[2024-10-28T00:31:08.372+0000] {logging_mixin.py:190} INFO - [2024-10-28T00:31:08.372+0000] {dag.py:3239} INFO - Sync 1 DAGs
[2024-10-28T00:31:08.387+0000] {logging_mixin.py:190} INFO - [2024-10-28T00:31:08.386+0000] {dag.py:4180} INFO - Setting next_dagrun for tutorial_dag to None, run_after=None
[2024-10-28T00:31:08.405+0000] {processor.py:208} INFO - Processing /home/airflow/.local/lib/python3.12/site-packages/airflow/example_dags/tutorial_dag.py took 0.067 seconds
[2024-10-28T00:31:39.420+0000] {processor.py:186} INFO - Started process (PID=49746) to work on /home/airflow/.local/lib/python3.12/site-packages/airflow/example_dags/tutorial_dag.py
[2024-10-28T00:31:39.421+0000] {processor.py:914} INFO - Processing file /home/airflow/.local/lib/python3.12/site-packages/airflow/example_dags/tutorial_dag.py for tasks to queue
[2024-10-28T00:31:39.423+0000] {logging_mixin.py:190} INFO - [2024-10-28T00:31:39.423+0000] {dagbag.py:588} INFO - Filling up the DagBag from /home/airflow/.local/lib/python3.12/site-packages/airflow/example_dags/tutorial_dag.py
[2024-10-28T00:31:39.430+0000] {processor.py:925} INFO - DAG(s) 'tutorial_dag' retrieved from /home/airflow/.local/lib/python3.12/site-packages/airflow/example_dags/tutorial_dag.py
[2024-10-28T00:31:39.448+0000] {logging_mixin.py:190} INFO - [2024-10-28T00:31:39.448+0000] {dag.py:3239} INFO - Sync 1 DAGs
[2024-10-28T00:31:39.462+0000] {logging_mixin.py:190} INFO - [2024-10-28T00:31:39.462+0000] {dag.py:4180} INFO - Setting next_dagrun for tutorial_dag to None, run_after=None
[2024-10-28T00:31:39.480+0000] {processor.py:208} INFO - Processing /home/airflow/.local/lib/python3.12/site-packages/airflow/example_dags/tutorial_dag.py took 0.065 seconds
[2024-10-28T00:32:10.247+0000] {processor.py:186} INFO - Started process (PID=49820) to work on /home/airflow/.local/lib/python3.12/site-packages/airflow/example_dags/tutorial_dag.py
[2024-10-28T00:32:10.248+0000] {processor.py:914} INFO - Processing file /home/airflow/.local/lib/python3.12/site-packages/airflow/example_dags/tutorial_dag.py for tasks to queue
[2024-10-28T00:32:10.249+0000] {logging_mixin.py:190} INFO - [2024-10-28T00:32:10.249+0000] {dagbag.py:588} INFO - Filling up the DagBag from /home/airflow/.local/lib/python3.12/site-packages/airflow/example_dags/tutorial_dag.py
[2024-10-28T00:32:10.258+0000] {processor.py:925} INFO - DAG(s) 'tutorial_dag' retrieved from /home/airflow/.local/lib/python3.12/site-packages/airflow/example_dags/tutorial_dag.py
[2024-10-28T00:32:10.276+0000] {logging_mixin.py:190} INFO - [2024-10-28T00:32:10.276+0000] {dag.py:3239} INFO - Sync 1 DAGs
[2024-10-28T00:32:10.291+0000] {logging_mixin.py:190} INFO - [2024-10-28T00:32:10.291+0000] {dag.py:4180} INFO - Setting next_dagrun for tutorial_dag to None, run_after=None
[2024-10-28T00:32:10.310+0000] {processor.py:208} INFO - Processing /home/airflow/.local/lib/python3.12/site-packages/airflow/example_dags/tutorial_dag.py took 0.069 seconds
[2024-10-28T00:32:41.126+0000] {processor.py:186} INFO - Started process (PID=49894) to work on /home/airflow/.local/lib/python3.12/site-packages/airflow/example_dags/tutorial_dag.py
[2024-10-28T00:32:41.127+0000] {processor.py:914} INFO - Processing file /home/airflow/.local/lib/python3.12/site-packages/airflow/example_dags/tutorial_dag.py for tasks to queue
[2024-10-28T00:32:41.129+0000] {logging_mixin.py:190} INFO - [2024-10-28T00:32:41.128+0000] {dagbag.py:588} INFO - Filling up the DagBag from /home/airflow/.local/lib/python3.12/site-packages/airflow/example_dags/tutorial_dag.py
[2024-10-28T00:32:41.135+0000] {processor.py:925} INFO - DAG(s) 'tutorial_dag' retrieved from /home/airflow/.local/lib/python3.12/site-packages/airflow/example_dags/tutorial_dag.py
[2024-10-28T00:32:41.154+0000] {logging_mixin.py:190} INFO - [2024-10-28T00:32:41.154+0000] {dag.py:3239} INFO - Sync 1 DAGs
[2024-10-28T00:32:41.168+0000] {logging_mixin.py:190} INFO - [2024-10-28T00:32:41.168+0000] {dag.py:4180} INFO - Setting next_dagrun for tutorial_dag to None, run_after=None
[2024-10-28T00:32:41.189+0000] {processor.py:208} INFO - Processing /home/airflow/.local/lib/python3.12/site-packages/airflow/example_dags/tutorial_dag.py took 0.068 seconds
[2024-10-28T00:33:12.003+0000] {processor.py:186} INFO - Started process (PID=49968) to work on /home/airflow/.local/lib/python3.12/site-packages/airflow/example_dags/tutorial_dag.py
[2024-10-28T00:33:12.004+0000] {processor.py:914} INFO - Processing file /home/airflow/.local/lib/python3.12/site-packages/airflow/example_dags/tutorial_dag.py for tasks to queue
[2024-10-28T00:33:12.005+0000] {logging_mixin.py:190} INFO - [2024-10-28T00:33:12.005+0000] {dagbag.py:588} INFO - Filling up the DagBag from /home/airflow/.local/lib/python3.12/site-packages/airflow/example_dags/tutorial_dag.py
[2024-10-28T00:33:12.012+0000] {processor.py:925} INFO - DAG(s) 'tutorial_dag' retrieved from /home/airflow/.local/lib/python3.12/site-packages/airflow/example_dags/tutorial_dag.py
[2024-10-28T00:33:12.032+0000] {logging_mixin.py:190} INFO - [2024-10-28T00:33:12.031+0000] {dag.py:3239} INFO - Sync 1 DAGs
[2024-10-28T00:33:12.046+0000] {logging_mixin.py:190} INFO - [2024-10-28T00:33:12.045+0000] {dag.py:4180} INFO - Setting next_dagrun for tutorial_dag to None, run_after=None
[2024-10-28T00:33:12.064+0000] {processor.py:208} INFO - Processing /home/airflow/.local/lib/python3.12/site-packages/airflow/example_dags/tutorial_dag.py took 0.067 seconds
[2024-10-28T00:33:42.775+0000] {processor.py:186} INFO - Started process (PID=50042) to work on /home/airflow/.local/lib/python3.12/site-packages/airflow/example_dags/tutorial_dag.py
[2024-10-28T00:33:42.776+0000] {processor.py:914} INFO - Processing file /home/airflow/.local/lib/python3.12/site-packages/airflow/example_dags/tutorial_dag.py for tasks to queue
[2024-10-28T00:33:42.777+0000] {logging_mixin.py:190} INFO - [2024-10-28T00:33:42.777+0000] {dagbag.py:588} INFO - Filling up the DagBag from /home/airflow/.local/lib/python3.12/site-packages/airflow/example_dags/tutorial_dag.py
[2024-10-28T00:33:42.785+0000] {processor.py:925} INFO - DAG(s) 'tutorial_dag' retrieved from /home/airflow/.local/lib/python3.12/site-packages/airflow/example_dags/tutorial_dag.py
[2024-10-28T00:33:42.805+0000] {logging_mixin.py:190} INFO - [2024-10-28T00:33:42.804+0000] {dag.py:3239} INFO - Sync 1 DAGs
[2024-10-28T00:33:42.819+0000] {logging_mixin.py:190} INFO - [2024-10-28T00:33:42.819+0000] {dag.py:4180} INFO - Setting next_dagrun for tutorial_dag to None, run_after=None
[2024-10-28T00:33:42.841+0000] {processor.py:208} INFO - Processing /home/airflow/.local/lib/python3.12/site-packages/airflow/example_dags/tutorial_dag.py took 0.072 seconds
