[2024-10-28T00:00:16.476+0000] {processor.py:186} INFO - Started process (PID=45193) to work on /home/airflow/.local/lib/python3.12/site-packages/airflow/example_dags/tutorial.py
[2024-10-28T00:00:16.477+0000] {processor.py:914} INFO - Processing file /home/airflow/.local/lib/python3.12/site-packages/airflow/example_dags/tutorial.py for tasks to queue
[2024-10-28T00:00:16.479+0000] {logging_mixin.py:190} INFO - [2024-10-28T00:00:16.479+0000] {dagbag.py:588} INFO - Filling up the DagBag from /home/airflow/.local/lib/python3.12/site-packages/airflow/example_dags/tutorial.py
[2024-10-28T00:00:16.491+0000] {processor.py:925} INFO - DAG(s) 'tutorial' retrieved from /home/airflow/.local/lib/python3.12/site-packages/airflow/example_dags/tutorial.py
[2024-10-28T00:00:16.521+0000] {logging_mixin.py:190} INFO - [2024-10-28T00:00:16.520+0000] {dag.py:3239} INFO - Sync 1 DAGs
[2024-10-28T00:00:16.562+0000] {logging_mixin.py:190} INFO - [2024-10-28T00:00:16.562+0000] {dag.py:4180} INFO - Setting next_dagrun for tutorial to 2024-10-27 00:00:00+00:00, run_after=2024-10-28 00:00:00+00:00
[2024-10-28T00:00:16.594+0000] {processor.py:208} INFO - Processing /home/airflow/.local/lib/python3.12/site-packages/airflow/example_dags/tutorial.py took 0.127 seconds
[2024-10-28T00:00:46.976+0000] {processor.py:186} INFO - Started process (PID=45267) to work on /home/airflow/.local/lib/python3.12/site-packages/airflow/example_dags/tutorial.py
[2024-10-28T00:00:46.977+0000] {processor.py:914} INFO - Processing file /home/airflow/.local/lib/python3.12/site-packages/airflow/example_dags/tutorial.py for tasks to queue
[2024-10-28T00:00:46.979+0000] {logging_mixin.py:190} INFO - [2024-10-28T00:00:46.978+0000] {dagbag.py:588} INFO - Filling up the DagBag from /home/airflow/.local/lib/python3.12/site-packages/airflow/example_dags/tutorial.py
[2024-10-28T00:00:46.989+0000] {processor.py:925} INFO - DAG(s) 'tutorial' retrieved from /home/airflow/.local/lib/python3.12/site-packages/airflow/example_dags/tutorial.py
[2024-10-28T00:00:47.012+0000] {logging_mixin.py:190} INFO - [2024-10-28T00:00:47.011+0000] {dag.py:3239} INFO - Sync 1 DAGs
[2024-10-28T00:00:47.040+0000] {logging_mixin.py:190} INFO - [2024-10-28T00:00:47.039+0000] {dag.py:4180} INFO - Setting next_dagrun for tutorial to 2024-10-27 00:00:00+00:00, run_after=2024-10-28 00:00:00+00:00
[2024-10-28T00:00:47.062+0000] {processor.py:208} INFO - Processing /home/airflow/.local/lib/python3.12/site-packages/airflow/example_dags/tutorial.py took 0.093 seconds
[2024-10-28T00:01:17.706+0000] {processor.py:186} INFO - Started process (PID=45341) to work on /home/airflow/.local/lib/python3.12/site-packages/airflow/example_dags/tutorial.py
[2024-10-28T00:01:17.707+0000] {processor.py:914} INFO - Processing file /home/airflow/.local/lib/python3.12/site-packages/airflow/example_dags/tutorial.py for tasks to queue
[2024-10-28T00:01:17.709+0000] {logging_mixin.py:190} INFO - [2024-10-28T00:01:17.708+0000] {dagbag.py:588} INFO - Filling up the DagBag from /home/airflow/.local/lib/python3.12/site-packages/airflow/example_dags/tutorial.py
[2024-10-28T00:01:17.722+0000] {processor.py:925} INFO - DAG(s) 'tutorial' retrieved from /home/airflow/.local/lib/python3.12/site-packages/airflow/example_dags/tutorial.py
[2024-10-28T00:01:17.746+0000] {logging_mixin.py:190} INFO - [2024-10-28T00:01:17.745+0000] {dag.py:3239} INFO - Sync 1 DAGs
[2024-10-28T00:01:17.774+0000] {logging_mixin.py:190} INFO - [2024-10-28T00:01:17.774+0000] {dag.py:4180} INFO - Setting next_dagrun for tutorial to 2024-10-27 00:00:00+00:00, run_after=2024-10-28 00:00:00+00:00
[2024-10-28T00:01:17.798+0000] {processor.py:208} INFO - Processing /home/airflow/.local/lib/python3.12/site-packages/airflow/example_dags/tutorial.py took 0.100 seconds
[2024-10-28T00:01:48.715+0000] {processor.py:186} INFO - Started process (PID=45415) to work on /home/airflow/.local/lib/python3.12/site-packages/airflow/example_dags/tutorial.py
[2024-10-28T00:01:48.716+0000] {processor.py:914} INFO - Processing file /home/airflow/.local/lib/python3.12/site-packages/airflow/example_dags/tutorial.py for tasks to queue
[2024-10-28T00:01:48.718+0000] {logging_mixin.py:190} INFO - [2024-10-28T00:01:48.717+0000] {dagbag.py:588} INFO - Filling up the DagBag from /home/airflow/.local/lib/python3.12/site-packages/airflow/example_dags/tutorial.py
[2024-10-28T00:01:48.727+0000] {processor.py:925} INFO - DAG(s) 'tutorial' retrieved from /home/airflow/.local/lib/python3.12/site-packages/airflow/example_dags/tutorial.py
[2024-10-28T00:01:48.747+0000] {logging_mixin.py:190} INFO - [2024-10-28T00:01:48.746+0000] {dag.py:3239} INFO - Sync 1 DAGs
[2024-10-28T00:01:48.770+0000] {logging_mixin.py:190} INFO - [2024-10-28T00:01:48.770+0000] {dag.py:4180} INFO - Setting next_dagrun for tutorial to 2024-10-27 00:00:00+00:00, run_after=2024-10-28 00:00:00+00:00
[2024-10-28T00:01:48.792+0000] {processor.py:208} INFO - Processing /home/airflow/.local/lib/python3.12/site-packages/airflow/example_dags/tutorial.py took 0.083 seconds
[2024-10-28T00:02:18.873+0000] {processor.py:186} INFO - Started process (PID=45489) to work on /home/airflow/.local/lib/python3.12/site-packages/airflow/example_dags/tutorial.py
[2024-10-28T00:02:18.875+0000] {processor.py:914} INFO - Processing file /home/airflow/.local/lib/python3.12/site-packages/airflow/example_dags/tutorial.py for tasks to queue
[2024-10-28T00:02:18.877+0000] {logging_mixin.py:190} INFO - [2024-10-28T00:02:18.876+0000] {dagbag.py:588} INFO - Filling up the DagBag from /home/airflow/.local/lib/python3.12/site-packages/airflow/example_dags/tutorial.py
[2024-10-28T00:02:18.885+0000] {processor.py:925} INFO - DAG(s) 'tutorial' retrieved from /home/airflow/.local/lib/python3.12/site-packages/airflow/example_dags/tutorial.py
[2024-10-28T00:02:18.912+0000] {logging_mixin.py:190} INFO - [2024-10-28T00:02:18.912+0000] {dag.py:3239} INFO - Sync 1 DAGs
[2024-10-28T00:02:18.942+0000] {logging_mixin.py:190} INFO - [2024-10-28T00:02:18.942+0000] {dag.py:4180} INFO - Setting next_dagrun for tutorial to 2024-10-27 00:00:00+00:00, run_after=2024-10-28 00:00:00+00:00
[2024-10-28T00:02:18.963+0000] {processor.py:208} INFO - Processing /home/airflow/.local/lib/python3.12/site-packages/airflow/example_dags/tutorial.py took 0.097 seconds
[2024-10-28T00:02:49.043+0000] {processor.py:186} INFO - Started process (PID=45562) to work on /home/airflow/.local/lib/python3.12/site-packages/airflow/example_dags/tutorial.py
[2024-10-28T00:02:49.044+0000] {processor.py:914} INFO - Processing file /home/airflow/.local/lib/python3.12/site-packages/airflow/example_dags/tutorial.py for tasks to queue
[2024-10-28T00:02:49.046+0000] {logging_mixin.py:190} INFO - [2024-10-28T00:02:49.045+0000] {dagbag.py:588} INFO - Filling up the DagBag from /home/airflow/.local/lib/python3.12/site-packages/airflow/example_dags/tutorial.py
[2024-10-28T00:02:49.055+0000] {processor.py:925} INFO - DAG(s) 'tutorial' retrieved from /home/airflow/.local/lib/python3.12/site-packages/airflow/example_dags/tutorial.py
[2024-10-28T00:02:49.073+0000] {logging_mixin.py:190} INFO - [2024-10-28T00:02:49.073+0000] {dag.py:3239} INFO - Sync 1 DAGs
[2024-10-28T00:02:49.094+0000] {logging_mixin.py:190} INFO - [2024-10-28T00:02:49.094+0000] {dag.py:4180} INFO - Setting next_dagrun for tutorial to 2024-10-27 00:00:00+00:00, run_after=2024-10-28 00:00:00+00:00
[2024-10-28T00:02:49.112+0000] {processor.py:208} INFO - Processing /home/airflow/.local/lib/python3.12/site-packages/airflow/example_dags/tutorial.py took 0.075 seconds
[2024-10-28T00:03:19.562+0000] {processor.py:186} INFO - Started process (PID=45636) to work on /home/airflow/.local/lib/python3.12/site-packages/airflow/example_dags/tutorial.py
[2024-10-28T00:03:19.563+0000] {processor.py:914} INFO - Processing file /home/airflow/.local/lib/python3.12/site-packages/airflow/example_dags/tutorial.py for tasks to queue
[2024-10-28T00:03:19.565+0000] {logging_mixin.py:190} INFO - [2024-10-28T00:03:19.565+0000] {dagbag.py:588} INFO - Filling up the DagBag from /home/airflow/.local/lib/python3.12/site-packages/airflow/example_dags/tutorial.py
[2024-10-28T00:03:19.573+0000] {processor.py:925} INFO - DAG(s) 'tutorial' retrieved from /home/airflow/.local/lib/python3.12/site-packages/airflow/example_dags/tutorial.py
[2024-10-28T00:03:19.592+0000] {logging_mixin.py:190} INFO - [2024-10-28T00:03:19.592+0000] {dag.py:3239} INFO - Sync 1 DAGs
[2024-10-28T00:03:19.614+0000] {logging_mixin.py:190} INFO - [2024-10-28T00:03:19.614+0000] {dag.py:4180} INFO - Setting next_dagrun for tutorial to 2024-10-27 00:00:00+00:00, run_after=2024-10-28 00:00:00+00:00
[2024-10-28T00:03:19.632+0000] {processor.py:208} INFO - Processing /home/airflow/.local/lib/python3.12/site-packages/airflow/example_dags/tutorial.py took 0.076 seconds
[2024-10-28T00:03:49.710+0000] {processor.py:186} INFO - Started process (PID=45710) to work on /home/airflow/.local/lib/python3.12/site-packages/airflow/example_dags/tutorial.py
[2024-10-28T00:03:49.712+0000] {processor.py:914} INFO - Processing file /home/airflow/.local/lib/python3.12/site-packages/airflow/example_dags/tutorial.py for tasks to queue
[2024-10-28T00:03:49.714+0000] {logging_mixin.py:190} INFO - [2024-10-28T00:03:49.714+0000] {dagbag.py:588} INFO - Filling up the DagBag from /home/airflow/.local/lib/python3.12/site-packages/airflow/example_dags/tutorial.py
[2024-10-28T00:03:49.724+0000] {processor.py:925} INFO - DAG(s) 'tutorial' retrieved from /home/airflow/.local/lib/python3.12/site-packages/airflow/example_dags/tutorial.py
[2024-10-28T00:03:49.750+0000] {logging_mixin.py:190} INFO - [2024-10-28T00:03:49.749+0000] {dag.py:3239} INFO - Sync 1 DAGs
[2024-10-28T00:03:49.777+0000] {logging_mixin.py:190} INFO - [2024-10-28T00:03:49.776+0000] {dag.py:4180} INFO - Setting next_dagrun for tutorial to 2024-10-27 00:00:00+00:00, run_after=2024-10-28 00:00:00+00:00
[2024-10-28T00:03:49.797+0000] {processor.py:208} INFO - Processing /home/airflow/.local/lib/python3.12/site-packages/airflow/example_dags/tutorial.py took 0.093 seconds
[2024-10-28T00:04:20.443+0000] {processor.py:186} INFO - Started process (PID=45784) to work on /home/airflow/.local/lib/python3.12/site-packages/airflow/example_dags/tutorial.py
[2024-10-28T00:04:20.444+0000] {processor.py:914} INFO - Processing file /home/airflow/.local/lib/python3.12/site-packages/airflow/example_dags/tutorial.py for tasks to queue
[2024-10-28T00:04:20.445+0000] {logging_mixin.py:190} INFO - [2024-10-28T00:04:20.445+0000] {dagbag.py:588} INFO - Filling up the DagBag from /home/airflow/.local/lib/python3.12/site-packages/airflow/example_dags/tutorial.py
[2024-10-28T00:04:20.454+0000] {processor.py:925} INFO - DAG(s) 'tutorial' retrieved from /home/airflow/.local/lib/python3.12/site-packages/airflow/example_dags/tutorial.py
[2024-10-28T00:04:20.473+0000] {logging_mixin.py:190} INFO - [2024-10-28T00:04:20.472+0000] {dag.py:3239} INFO - Sync 1 DAGs
[2024-10-28T00:04:20.497+0000] {logging_mixin.py:190} INFO - [2024-10-28T00:04:20.497+0000] {dag.py:4180} INFO - Setting next_dagrun for tutorial to 2024-10-27 00:00:00+00:00, run_after=2024-10-28 00:00:00+00:00
[2024-10-28T00:04:20.521+0000] {processor.py:208} INFO - Processing /home/airflow/.local/lib/python3.12/site-packages/airflow/example_dags/tutorial.py took 0.085 seconds
[2024-10-28T00:04:50.822+0000] {processor.py:186} INFO - Started process (PID=45858) to work on /home/airflow/.local/lib/python3.12/site-packages/airflow/example_dags/tutorial.py
[2024-10-28T00:04:50.823+0000] {processor.py:914} INFO - Processing file /home/airflow/.local/lib/python3.12/site-packages/airflow/example_dags/tutorial.py for tasks to queue
[2024-10-28T00:04:50.825+0000] {logging_mixin.py:190} INFO - [2024-10-28T00:04:50.825+0000] {dagbag.py:588} INFO - Filling up the DagBag from /home/airflow/.local/lib/python3.12/site-packages/airflow/example_dags/tutorial.py
[2024-10-28T00:04:50.837+0000] {processor.py:925} INFO - DAG(s) 'tutorial' retrieved from /home/airflow/.local/lib/python3.12/site-packages/airflow/example_dags/tutorial.py
[2024-10-28T00:04:50.863+0000] {logging_mixin.py:190} INFO - [2024-10-28T00:04:50.863+0000] {dag.py:3239} INFO - Sync 1 DAGs
[2024-10-28T00:04:50.894+0000] {logging_mixin.py:190} INFO - [2024-10-28T00:04:50.894+0000] {dag.py:4180} INFO - Setting next_dagrun for tutorial to 2024-10-27 00:00:00+00:00, run_after=2024-10-28 00:00:00+00:00
[2024-10-28T00:04:50.917+0000] {processor.py:208} INFO - Processing /home/airflow/.local/lib/python3.12/site-packages/airflow/example_dags/tutorial.py took 0.104 seconds
[2024-10-28T00:05:21.680+0000] {processor.py:186} INFO - Started process (PID=45932) to work on /home/airflow/.local/lib/python3.12/site-packages/airflow/example_dags/tutorial.py
[2024-10-28T00:05:21.682+0000] {processor.py:914} INFO - Processing file /home/airflow/.local/lib/python3.12/site-packages/airflow/example_dags/tutorial.py for tasks to queue
[2024-10-28T00:05:21.683+0000] {logging_mixin.py:190} INFO - [2024-10-28T00:05:21.683+0000] {dagbag.py:588} INFO - Filling up the DagBag from /home/airflow/.local/lib/python3.12/site-packages/airflow/example_dags/tutorial.py
[2024-10-28T00:05:21.692+0000] {processor.py:925} INFO - DAG(s) 'tutorial' retrieved from /home/airflow/.local/lib/python3.12/site-packages/airflow/example_dags/tutorial.py
[2024-10-28T00:05:21.715+0000] {logging_mixin.py:190} INFO - [2024-10-28T00:05:21.715+0000] {dag.py:3239} INFO - Sync 1 DAGs
[2024-10-28T00:05:21.741+0000] {logging_mixin.py:190} INFO - [2024-10-28T00:05:21.741+0000] {dag.py:4180} INFO - Setting next_dagrun for tutorial to 2024-10-27 00:00:00+00:00, run_after=2024-10-28 00:00:00+00:00
[2024-10-28T00:05:21.769+0000] {processor.py:208} INFO - Processing /home/airflow/.local/lib/python3.12/site-packages/airflow/example_dags/tutorial.py took 0.096 seconds
[2024-10-28T00:05:52.123+0000] {processor.py:186} INFO - Started process (PID=46006) to work on /home/airflow/.local/lib/python3.12/site-packages/airflow/example_dags/tutorial.py
[2024-10-28T00:05:52.124+0000] {processor.py:914} INFO - Processing file /home/airflow/.local/lib/python3.12/site-packages/airflow/example_dags/tutorial.py for tasks to queue
[2024-10-28T00:05:52.126+0000] {logging_mixin.py:190} INFO - [2024-10-28T00:05:52.126+0000] {dagbag.py:588} INFO - Filling up the DagBag from /home/airflow/.local/lib/python3.12/site-packages/airflow/example_dags/tutorial.py
[2024-10-28T00:05:52.137+0000] {processor.py:925} INFO - DAG(s) 'tutorial' retrieved from /home/airflow/.local/lib/python3.12/site-packages/airflow/example_dags/tutorial.py
[2024-10-28T00:05:52.164+0000] {logging_mixin.py:190} INFO - [2024-10-28T00:05:52.163+0000] {dag.py:3239} INFO - Sync 1 DAGs
[2024-10-28T00:05:52.193+0000] {logging_mixin.py:190} INFO - [2024-10-28T00:05:52.193+0000] {dag.py:4180} INFO - Setting next_dagrun for tutorial to 2024-10-27 00:00:00+00:00, run_after=2024-10-28 00:00:00+00:00
[2024-10-28T00:05:52.218+0000] {processor.py:208} INFO - Processing /home/airflow/.local/lib/python3.12/site-packages/airflow/example_dags/tutorial.py took 0.103 seconds
[2024-10-28T00:06:22.561+0000] {processor.py:186} INFO - Started process (PID=46080) to work on /home/airflow/.local/lib/python3.12/site-packages/airflow/example_dags/tutorial.py
[2024-10-28T00:06:22.562+0000] {processor.py:914} INFO - Processing file /home/airflow/.local/lib/python3.12/site-packages/airflow/example_dags/tutorial.py for tasks to queue
[2024-10-28T00:06:22.563+0000] {logging_mixin.py:190} INFO - [2024-10-28T00:06:22.563+0000] {dagbag.py:588} INFO - Filling up the DagBag from /home/airflow/.local/lib/python3.12/site-packages/airflow/example_dags/tutorial.py
[2024-10-28T00:06:22.573+0000] {processor.py:925} INFO - DAG(s) 'tutorial' retrieved from /home/airflow/.local/lib/python3.12/site-packages/airflow/example_dags/tutorial.py
[2024-10-28T00:06:22.600+0000] {logging_mixin.py:190} INFO - [2024-10-28T00:06:22.600+0000] {dag.py:3239} INFO - Sync 1 DAGs
[2024-10-28T00:06:22.626+0000] {logging_mixin.py:190} INFO - [2024-10-28T00:06:22.625+0000] {dag.py:4180} INFO - Setting next_dagrun for tutorial to 2024-10-27 00:00:00+00:00, run_after=2024-10-28 00:00:00+00:00
[2024-10-28T00:06:22.646+0000] {processor.py:208} INFO - Processing /home/airflow/.local/lib/python3.12/site-packages/airflow/example_dags/tutorial.py took 0.093 seconds
[2024-10-28T00:06:53.697+0000] {processor.py:186} INFO - Started process (PID=46155) to work on /home/airflow/.local/lib/python3.12/site-packages/airflow/example_dags/tutorial.py
[2024-10-28T00:06:53.698+0000] {processor.py:914} INFO - Processing file /home/airflow/.local/lib/python3.12/site-packages/airflow/example_dags/tutorial.py for tasks to queue
[2024-10-28T00:06:53.700+0000] {logging_mixin.py:190} INFO - [2024-10-28T00:06:53.699+0000] {dagbag.py:588} INFO - Filling up the DagBag from /home/airflow/.local/lib/python3.12/site-packages/airflow/example_dags/tutorial.py
[2024-10-28T00:06:53.707+0000] {processor.py:925} INFO - DAG(s) 'tutorial' retrieved from /home/airflow/.local/lib/python3.12/site-packages/airflow/example_dags/tutorial.py
[2024-10-28T00:06:53.726+0000] {logging_mixin.py:190} INFO - [2024-10-28T00:06:53.726+0000] {dag.py:3239} INFO - Sync 1 DAGs
[2024-10-28T00:06:53.747+0000] {logging_mixin.py:190} INFO - [2024-10-28T00:06:53.746+0000] {dag.py:4180} INFO - Setting next_dagrun for tutorial to 2024-10-27 00:00:00+00:00, run_after=2024-10-28 00:00:00+00:00
[2024-10-28T00:06:53.764+0000] {processor.py:208} INFO - Processing /home/airflow/.local/lib/python3.12/site-packages/airflow/example_dags/tutorial.py took 0.072 seconds
[2024-10-28T00:07:24.197+0000] {processor.py:186} INFO - Started process (PID=46229) to work on /home/airflow/.local/lib/python3.12/site-packages/airflow/example_dags/tutorial.py
[2024-10-28T00:07:24.199+0000] {processor.py:914} INFO - Processing file /home/airflow/.local/lib/python3.12/site-packages/airflow/example_dags/tutorial.py for tasks to queue
[2024-10-28T00:07:24.200+0000] {logging_mixin.py:190} INFO - [2024-10-28T00:07:24.200+0000] {dagbag.py:588} INFO - Filling up the DagBag from /home/airflow/.local/lib/python3.12/site-packages/airflow/example_dags/tutorial.py
[2024-10-28T00:07:24.209+0000] {processor.py:925} INFO - DAG(s) 'tutorial' retrieved from /home/airflow/.local/lib/python3.12/site-packages/airflow/example_dags/tutorial.py
[2024-10-28T00:07:24.231+0000] {logging_mixin.py:190} INFO - [2024-10-28T00:07:24.231+0000] {dag.py:3239} INFO - Sync 1 DAGs
[2024-10-28T00:07:24.268+0000] {logging_mixin.py:190} INFO - [2024-10-28T00:07:24.267+0000] {dag.py:4180} INFO - Setting next_dagrun for tutorial to 2024-10-27 00:00:00+00:00, run_after=2024-10-28 00:00:00+00:00
[2024-10-28T00:07:24.294+0000] {processor.py:208} INFO - Processing /home/airflow/.local/lib/python3.12/site-packages/airflow/example_dags/tutorial.py took 0.106 seconds
[2024-10-28T00:07:55.011+0000] {processor.py:186} INFO - Started process (PID=46304) to work on /home/airflow/.local/lib/python3.12/site-packages/airflow/example_dags/tutorial.py
[2024-10-28T00:07:55.012+0000] {processor.py:914} INFO - Processing file /home/airflow/.local/lib/python3.12/site-packages/airflow/example_dags/tutorial.py for tasks to queue
[2024-10-28T00:07:55.014+0000] {logging_mixin.py:190} INFO - [2024-10-28T00:07:55.013+0000] {dagbag.py:588} INFO - Filling up the DagBag from /home/airflow/.local/lib/python3.12/site-packages/airflow/example_dags/tutorial.py
[2024-10-28T00:07:55.022+0000] {processor.py:925} INFO - DAG(s) 'tutorial' retrieved from /home/airflow/.local/lib/python3.12/site-packages/airflow/example_dags/tutorial.py
[2024-10-28T00:07:55.042+0000] {logging_mixin.py:190} INFO - [2024-10-28T00:07:55.042+0000] {dag.py:3239} INFO - Sync 1 DAGs
[2024-10-28T00:07:55.068+0000] {logging_mixin.py:190} INFO - [2024-10-28T00:07:55.067+0000] {dag.py:4180} INFO - Setting next_dagrun for tutorial to 2024-10-27 00:00:00+00:00, run_after=2024-10-28 00:00:00+00:00
[2024-10-28T00:07:55.088+0000] {processor.py:208} INFO - Processing /home/airflow/.local/lib/python3.12/site-packages/airflow/example_dags/tutorial.py took 0.083 seconds
[2024-10-28T00:08:25.522+0000] {processor.py:186} INFO - Started process (PID=46378) to work on /home/airflow/.local/lib/python3.12/site-packages/airflow/example_dags/tutorial.py
[2024-10-28T00:08:25.523+0000] {processor.py:914} INFO - Processing file /home/airflow/.local/lib/python3.12/site-packages/airflow/example_dags/tutorial.py for tasks to queue
[2024-10-28T00:08:25.525+0000] {logging_mixin.py:190} INFO - [2024-10-28T00:08:25.524+0000] {dagbag.py:588} INFO - Filling up the DagBag from /home/airflow/.local/lib/python3.12/site-packages/airflow/example_dags/tutorial.py
[2024-10-28T00:08:25.533+0000] {processor.py:925} INFO - DAG(s) 'tutorial' retrieved from /home/airflow/.local/lib/python3.12/site-packages/airflow/example_dags/tutorial.py
[2024-10-28T00:08:25.553+0000] {logging_mixin.py:190} INFO - [2024-10-28T00:08:25.553+0000] {dag.py:3239} INFO - Sync 1 DAGs
[2024-10-28T00:08:25.581+0000] {logging_mixin.py:190} INFO - [2024-10-28T00:08:25.581+0000] {dag.py:4180} INFO - Setting next_dagrun for tutorial to 2024-10-27 00:00:00+00:00, run_after=2024-10-28 00:00:00+00:00
[2024-10-28T00:08:25.603+0000] {processor.py:208} INFO - Processing /home/airflow/.local/lib/python3.12/site-packages/airflow/example_dags/tutorial.py took 0.087 seconds
[2024-10-28T00:08:56.382+0000] {processor.py:186} INFO - Started process (PID=46452) to work on /home/airflow/.local/lib/python3.12/site-packages/airflow/example_dags/tutorial.py
[2024-10-28T00:08:56.383+0000] {processor.py:914} INFO - Processing file /home/airflow/.local/lib/python3.12/site-packages/airflow/example_dags/tutorial.py for tasks to queue
[2024-10-28T00:08:56.385+0000] {logging_mixin.py:190} INFO - [2024-10-28T00:08:56.385+0000] {dagbag.py:588} INFO - Filling up the DagBag from /home/airflow/.local/lib/python3.12/site-packages/airflow/example_dags/tutorial.py
[2024-10-28T00:08:56.393+0000] {processor.py:925} INFO - DAG(s) 'tutorial' retrieved from /home/airflow/.local/lib/python3.12/site-packages/airflow/example_dags/tutorial.py
[2024-10-28T00:08:56.414+0000] {logging_mixin.py:190} INFO - [2024-10-28T00:08:56.413+0000] {dag.py:3239} INFO - Sync 1 DAGs
[2024-10-28T00:08:56.435+0000] {logging_mixin.py:190} INFO - [2024-10-28T00:08:56.435+0000] {dag.py:4180} INFO - Setting next_dagrun for tutorial to 2024-10-27 00:00:00+00:00, run_after=2024-10-28 00:00:00+00:00
[2024-10-28T00:08:56.454+0000] {processor.py:208} INFO - Processing /home/airflow/.local/lib/python3.12/site-packages/airflow/example_dags/tutorial.py took 0.077 seconds
[2024-10-28T00:09:26.803+0000] {processor.py:186} INFO - Started process (PID=46526) to work on /home/airflow/.local/lib/python3.12/site-packages/airflow/example_dags/tutorial.py
[2024-10-28T00:09:26.805+0000] {processor.py:914} INFO - Processing file /home/airflow/.local/lib/python3.12/site-packages/airflow/example_dags/tutorial.py for tasks to queue
[2024-10-28T00:09:26.806+0000] {logging_mixin.py:190} INFO - [2024-10-28T00:09:26.806+0000] {dagbag.py:588} INFO - Filling up the DagBag from /home/airflow/.local/lib/python3.12/site-packages/airflow/example_dags/tutorial.py
[2024-10-28T00:09:26.814+0000] {processor.py:925} INFO - DAG(s) 'tutorial' retrieved from /home/airflow/.local/lib/python3.12/site-packages/airflow/example_dags/tutorial.py
[2024-10-28T00:09:26.832+0000] {logging_mixin.py:190} INFO - [2024-10-28T00:09:26.832+0000] {dag.py:3239} INFO - Sync 1 DAGs
[2024-10-28T00:09:26.854+0000] {logging_mixin.py:190} INFO - [2024-10-28T00:09:26.853+0000] {dag.py:4180} INFO - Setting next_dagrun for tutorial to 2024-10-27 00:00:00+00:00, run_after=2024-10-28 00:00:00+00:00
[2024-10-28T00:09:26.871+0000] {processor.py:208} INFO - Processing /home/airflow/.local/lib/python3.12/site-packages/airflow/example_dags/tutorial.py took 0.073 seconds
[2024-10-28T00:09:56.978+0000] {processor.py:186} INFO - Started process (PID=46600) to work on /home/airflow/.local/lib/python3.12/site-packages/airflow/example_dags/tutorial.py
[2024-10-28T00:09:56.980+0000] {processor.py:914} INFO - Processing file /home/airflow/.local/lib/python3.12/site-packages/airflow/example_dags/tutorial.py for tasks to queue
[2024-10-28T00:09:56.983+0000] {logging_mixin.py:190} INFO - [2024-10-28T00:09:56.982+0000] {dagbag.py:588} INFO - Filling up the DagBag from /home/airflow/.local/lib/python3.12/site-packages/airflow/example_dags/tutorial.py
[2024-10-28T00:09:56.992+0000] {processor.py:925} INFO - DAG(s) 'tutorial' retrieved from /home/airflow/.local/lib/python3.12/site-packages/airflow/example_dags/tutorial.py
[2024-10-28T00:09:57.020+0000] {logging_mixin.py:190} INFO - [2024-10-28T00:09:57.020+0000] {dag.py:3239} INFO - Sync 1 DAGs
[2024-10-28T00:09:57.054+0000] {logging_mixin.py:190} INFO - [2024-10-28T00:09:57.054+0000] {dag.py:4180} INFO - Setting next_dagrun for tutorial to 2024-10-27 00:00:00+00:00, run_after=2024-10-28 00:00:00+00:00
[2024-10-28T00:09:57.077+0000] {processor.py:208} INFO - Processing /home/airflow/.local/lib/python3.12/site-packages/airflow/example_dags/tutorial.py took 0.107 seconds
[2024-10-28T00:10:27.161+0000] {processor.py:186} INFO - Started process (PID=46673) to work on /home/airflow/.local/lib/python3.12/site-packages/airflow/example_dags/tutorial.py
[2024-10-28T00:10:27.162+0000] {processor.py:914} INFO - Processing file /home/airflow/.local/lib/python3.12/site-packages/airflow/example_dags/tutorial.py for tasks to queue
[2024-10-28T00:10:27.164+0000] {logging_mixin.py:190} INFO - [2024-10-28T00:10:27.164+0000] {dagbag.py:588} INFO - Filling up the DagBag from /home/airflow/.local/lib/python3.12/site-packages/airflow/example_dags/tutorial.py
[2024-10-28T00:10:27.172+0000] {processor.py:925} INFO - DAG(s) 'tutorial' retrieved from /home/airflow/.local/lib/python3.12/site-packages/airflow/example_dags/tutorial.py
[2024-10-28T00:10:27.192+0000] {logging_mixin.py:190} INFO - [2024-10-28T00:10:27.192+0000] {dag.py:3239} INFO - Sync 1 DAGs
[2024-10-28T00:10:27.215+0000] {logging_mixin.py:190} INFO - [2024-10-28T00:10:27.215+0000] {dag.py:4180} INFO - Setting next_dagrun for tutorial to 2024-10-27 00:00:00+00:00, run_after=2024-10-28 00:00:00+00:00
[2024-10-28T00:10:27.236+0000] {processor.py:208} INFO - Processing /home/airflow/.local/lib/python3.12/site-packages/airflow/example_dags/tutorial.py took 0.081 seconds
[2024-10-28T00:10:57.470+0000] {processor.py:186} INFO - Started process (PID=46747) to work on /home/airflow/.local/lib/python3.12/site-packages/airflow/example_dags/tutorial.py
[2024-10-28T00:10:57.472+0000] {processor.py:914} INFO - Processing file /home/airflow/.local/lib/python3.12/site-packages/airflow/example_dags/tutorial.py for tasks to queue
[2024-10-28T00:10:57.474+0000] {logging_mixin.py:190} INFO - [2024-10-28T00:10:57.474+0000] {dagbag.py:588} INFO - Filling up the DagBag from /home/airflow/.local/lib/python3.12/site-packages/airflow/example_dags/tutorial.py
[2024-10-28T00:10:57.483+0000] {processor.py:925} INFO - DAG(s) 'tutorial' retrieved from /home/airflow/.local/lib/python3.12/site-packages/airflow/example_dags/tutorial.py
[2024-10-28T00:10:57.504+0000] {logging_mixin.py:190} INFO - [2024-10-28T00:10:57.503+0000] {dag.py:3239} INFO - Sync 1 DAGs
[2024-10-28T00:10:57.528+0000] {logging_mixin.py:190} INFO - [2024-10-28T00:10:57.528+0000] {dag.py:4180} INFO - Setting next_dagrun for tutorial to 2024-10-27 00:00:00+00:00, run_after=2024-10-28 00:00:00+00:00
[2024-10-28T00:10:57.548+0000] {processor.py:208} INFO - Processing /home/airflow/.local/lib/python3.12/site-packages/airflow/example_dags/tutorial.py took 0.085 seconds
[2024-10-28T00:11:27.633+0000] {processor.py:186} INFO - Started process (PID=46821) to work on /home/airflow/.local/lib/python3.12/site-packages/airflow/example_dags/tutorial.py
[2024-10-28T00:11:27.634+0000] {processor.py:914} INFO - Processing file /home/airflow/.local/lib/python3.12/site-packages/airflow/example_dags/tutorial.py for tasks to queue
[2024-10-28T00:11:27.636+0000] {logging_mixin.py:190} INFO - [2024-10-28T00:11:27.635+0000] {dagbag.py:588} INFO - Filling up the DagBag from /home/airflow/.local/lib/python3.12/site-packages/airflow/example_dags/tutorial.py
[2024-10-28T00:11:27.644+0000] {processor.py:925} INFO - DAG(s) 'tutorial' retrieved from /home/airflow/.local/lib/python3.12/site-packages/airflow/example_dags/tutorial.py
[2024-10-28T00:11:27.662+0000] {logging_mixin.py:190} INFO - [2024-10-28T00:11:27.662+0000] {dag.py:3239} INFO - Sync 1 DAGs
[2024-10-28T00:11:27.684+0000] {logging_mixin.py:190} INFO - [2024-10-28T00:11:27.684+0000] {dag.py:4180} INFO - Setting next_dagrun for tutorial to 2024-10-27 00:00:00+00:00, run_after=2024-10-28 00:00:00+00:00
[2024-10-28T00:11:27.702+0000] {processor.py:208} INFO - Processing /home/airflow/.local/lib/python3.12/site-packages/airflow/example_dags/tutorial.py took 0.075 seconds
[2024-10-28T00:11:58.400+0000] {processor.py:186} INFO - Started process (PID=46895) to work on /home/airflow/.local/lib/python3.12/site-packages/airflow/example_dags/tutorial.py
[2024-10-28T00:11:58.401+0000] {processor.py:914} INFO - Processing file /home/airflow/.local/lib/python3.12/site-packages/airflow/example_dags/tutorial.py for tasks to queue
[2024-10-28T00:11:58.402+0000] {logging_mixin.py:190} INFO - [2024-10-28T00:11:58.402+0000] {dagbag.py:588} INFO - Filling up the DagBag from /home/airflow/.local/lib/python3.12/site-packages/airflow/example_dags/tutorial.py
[2024-10-28T00:11:58.410+0000] {processor.py:925} INFO - DAG(s) 'tutorial' retrieved from /home/airflow/.local/lib/python3.12/site-packages/airflow/example_dags/tutorial.py
[2024-10-28T00:11:58.430+0000] {logging_mixin.py:190} INFO - [2024-10-28T00:11:58.429+0000] {dag.py:3239} INFO - Sync 1 DAGs
[2024-10-28T00:11:58.451+0000] {logging_mixin.py:190} INFO - [2024-10-28T00:11:58.451+0000] {dag.py:4180} INFO - Setting next_dagrun for tutorial to 2024-10-27 00:00:00+00:00, run_after=2024-10-28 00:00:00+00:00
[2024-10-28T00:11:58.468+0000] {processor.py:208} INFO - Processing /home/airflow/.local/lib/python3.12/site-packages/airflow/example_dags/tutorial.py took 0.074 seconds
[2024-10-28T00:12:28.533+0000] {processor.py:186} INFO - Started process (PID=46969) to work on /home/airflow/.local/lib/python3.12/site-packages/airflow/example_dags/tutorial.py
[2024-10-28T00:12:28.534+0000] {processor.py:914} INFO - Processing file /home/airflow/.local/lib/python3.12/site-packages/airflow/example_dags/tutorial.py for tasks to queue
[2024-10-28T00:12:28.536+0000] {logging_mixin.py:190} INFO - [2024-10-28T00:12:28.535+0000] {dagbag.py:588} INFO - Filling up the DagBag from /home/airflow/.local/lib/python3.12/site-packages/airflow/example_dags/tutorial.py
[2024-10-28T00:12:28.543+0000] {processor.py:925} INFO - DAG(s) 'tutorial' retrieved from /home/airflow/.local/lib/python3.12/site-packages/airflow/example_dags/tutorial.py
[2024-10-28T00:12:28.561+0000] {logging_mixin.py:190} INFO - [2024-10-28T00:12:28.561+0000] {dag.py:3239} INFO - Sync 1 DAGs
[2024-10-28T00:12:28.581+0000] {logging_mixin.py:190} INFO - [2024-10-28T00:12:28.581+0000] {dag.py:4180} INFO - Setting next_dagrun for tutorial to 2024-10-27 00:00:00+00:00, run_after=2024-10-28 00:00:00+00:00
[2024-10-28T00:12:28.599+0000] {processor.py:208} INFO - Processing /home/airflow/.local/lib/python3.12/site-packages/airflow/example_dags/tutorial.py took 0.071 seconds
[2024-10-28T00:12:59.162+0000] {processor.py:186} INFO - Started process (PID=47043) to work on /home/airflow/.local/lib/python3.12/site-packages/airflow/example_dags/tutorial.py
[2024-10-28T00:12:59.163+0000] {processor.py:914} INFO - Processing file /home/airflow/.local/lib/python3.12/site-packages/airflow/example_dags/tutorial.py for tasks to queue
[2024-10-28T00:12:59.164+0000] {logging_mixin.py:190} INFO - [2024-10-28T00:12:59.164+0000] {dagbag.py:588} INFO - Filling up the DagBag from /home/airflow/.local/lib/python3.12/site-packages/airflow/example_dags/tutorial.py
[2024-10-28T00:12:59.173+0000] {processor.py:925} INFO - DAG(s) 'tutorial' retrieved from /home/airflow/.local/lib/python3.12/site-packages/airflow/example_dags/tutorial.py
[2024-10-28T00:12:59.190+0000] {logging_mixin.py:190} INFO - [2024-10-28T00:12:59.189+0000] {dag.py:3239} INFO - Sync 1 DAGs
[2024-10-28T00:12:59.211+0000] {logging_mixin.py:190} INFO - [2024-10-28T00:12:59.211+0000] {dag.py:4180} INFO - Setting next_dagrun for tutorial to 2024-10-27 00:00:00+00:00, run_after=2024-10-28 00:00:00+00:00
[2024-10-28T00:12:59.227+0000] {processor.py:208} INFO - Processing /home/airflow/.local/lib/python3.12/site-packages/airflow/example_dags/tutorial.py took 0.071 seconds
[2024-10-28T00:13:29.510+0000] {processor.py:186} INFO - Started process (PID=47117) to work on /home/airflow/.local/lib/python3.12/site-packages/airflow/example_dags/tutorial.py
[2024-10-28T00:13:29.511+0000] {processor.py:914} INFO - Processing file /home/airflow/.local/lib/python3.12/site-packages/airflow/example_dags/tutorial.py for tasks to queue
[2024-10-28T00:13:29.512+0000] {logging_mixin.py:190} INFO - [2024-10-28T00:13:29.512+0000] {dagbag.py:588} INFO - Filling up the DagBag from /home/airflow/.local/lib/python3.12/site-packages/airflow/example_dags/tutorial.py
[2024-10-28T00:13:29.521+0000] {processor.py:925} INFO - DAG(s) 'tutorial' retrieved from /home/airflow/.local/lib/python3.12/site-packages/airflow/example_dags/tutorial.py
[2024-10-28T00:13:29.538+0000] {logging_mixin.py:190} INFO - [2024-10-28T00:13:29.538+0000] {dag.py:3239} INFO - Sync 1 DAGs
[2024-10-28T00:13:29.560+0000] {logging_mixin.py:190} INFO - [2024-10-28T00:13:29.560+0000] {dag.py:4180} INFO - Setting next_dagrun for tutorial to 2024-10-27 00:00:00+00:00, run_after=2024-10-28 00:00:00+00:00
[2024-10-28T00:13:29.577+0000] {processor.py:208} INFO - Processing /home/airflow/.local/lib/python3.12/site-packages/airflow/example_dags/tutorial.py took 0.073 seconds
[2024-10-28T00:14:00.032+0000] {processor.py:186} INFO - Started process (PID=47191) to work on /home/airflow/.local/lib/python3.12/site-packages/airflow/example_dags/tutorial.py
[2024-10-28T00:14:00.033+0000] {processor.py:914} INFO - Processing file /home/airflow/.local/lib/python3.12/site-packages/airflow/example_dags/tutorial.py for tasks to queue
[2024-10-28T00:14:00.035+0000] {logging_mixin.py:190} INFO - [2024-10-28T00:14:00.034+0000] {dagbag.py:588} INFO - Filling up the DagBag from /home/airflow/.local/lib/python3.12/site-packages/airflow/example_dags/tutorial.py
[2024-10-28T00:14:00.042+0000] {processor.py:925} INFO - DAG(s) 'tutorial' retrieved from /home/airflow/.local/lib/python3.12/site-packages/airflow/example_dags/tutorial.py
[2024-10-28T00:14:00.061+0000] {logging_mixin.py:190} INFO - [2024-10-28T00:14:00.060+0000] {dag.py:3239} INFO - Sync 1 DAGs
[2024-10-28T00:14:00.083+0000] {logging_mixin.py:190} INFO - [2024-10-28T00:14:00.083+0000] {dag.py:4180} INFO - Setting next_dagrun for tutorial to 2024-10-27 00:00:00+00:00, run_after=2024-10-28 00:00:00+00:00
[2024-10-28T00:14:00.102+0000] {processor.py:208} INFO - Processing /home/airflow/.local/lib/python3.12/site-packages/airflow/example_dags/tutorial.py took 0.076 seconds
[2024-10-28T00:14:30.302+0000] {processor.py:186} INFO - Started process (PID=47265) to work on /home/airflow/.local/lib/python3.12/site-packages/airflow/example_dags/tutorial.py
[2024-10-28T00:14:30.303+0000] {processor.py:914} INFO - Processing file /home/airflow/.local/lib/python3.12/site-packages/airflow/example_dags/tutorial.py for tasks to queue
[2024-10-28T00:14:30.305+0000] {logging_mixin.py:190} INFO - [2024-10-28T00:14:30.305+0000] {dagbag.py:588} INFO - Filling up the DagBag from /home/airflow/.local/lib/python3.12/site-packages/airflow/example_dags/tutorial.py
[2024-10-28T00:14:30.313+0000] {processor.py:925} INFO - DAG(s) 'tutorial' retrieved from /home/airflow/.local/lib/python3.12/site-packages/airflow/example_dags/tutorial.py
[2024-10-28T00:14:30.332+0000] {logging_mixin.py:190} INFO - [2024-10-28T00:14:30.332+0000] {dag.py:3239} INFO - Sync 1 DAGs
[2024-10-28T00:14:30.354+0000] {logging_mixin.py:190} INFO - [2024-10-28T00:14:30.353+0000] {dag.py:4180} INFO - Setting next_dagrun for tutorial to 2024-10-27 00:00:00+00:00, run_after=2024-10-28 00:00:00+00:00
[2024-10-28T00:14:30.372+0000] {processor.py:208} INFO - Processing /home/airflow/.local/lib/python3.12/site-packages/airflow/example_dags/tutorial.py took 0.075 seconds
[2024-10-28T00:15:00.442+0000] {processor.py:186} INFO - Started process (PID=47339) to work on /home/airflow/.local/lib/python3.12/site-packages/airflow/example_dags/tutorial.py
[2024-10-28T00:15:00.443+0000] {processor.py:914} INFO - Processing file /home/airflow/.local/lib/python3.12/site-packages/airflow/example_dags/tutorial.py for tasks to queue
[2024-10-28T00:15:00.445+0000] {logging_mixin.py:190} INFO - [2024-10-28T00:15:00.444+0000] {dagbag.py:588} INFO - Filling up the DagBag from /home/airflow/.local/lib/python3.12/site-packages/airflow/example_dags/tutorial.py
[2024-10-28T00:15:00.452+0000] {processor.py:925} INFO - DAG(s) 'tutorial' retrieved from /home/airflow/.local/lib/python3.12/site-packages/airflow/example_dags/tutorial.py
[2024-10-28T00:15:00.472+0000] {logging_mixin.py:190} INFO - [2024-10-28T00:15:00.472+0000] {dag.py:3239} INFO - Sync 1 DAGs
[2024-10-28T00:15:00.494+0000] {logging_mixin.py:190} INFO - [2024-10-28T00:15:00.494+0000] {dag.py:4180} INFO - Setting next_dagrun for tutorial to 2024-10-27 00:00:00+00:00, run_after=2024-10-28 00:00:00+00:00
[2024-10-28T00:15:00.512+0000] {processor.py:208} INFO - Processing /home/airflow/.local/lib/python3.12/site-packages/airflow/example_dags/tutorial.py took 0.077 seconds
[2024-10-28T00:15:31.198+0000] {processor.py:186} INFO - Started process (PID=47413) to work on /home/airflow/.local/lib/python3.12/site-packages/airflow/example_dags/tutorial.py
[2024-10-28T00:15:31.199+0000] {processor.py:914} INFO - Processing file /home/airflow/.local/lib/python3.12/site-packages/airflow/example_dags/tutorial.py for tasks to queue
[2024-10-28T00:15:31.201+0000] {logging_mixin.py:190} INFO - [2024-10-28T00:15:31.200+0000] {dagbag.py:588} INFO - Filling up the DagBag from /home/airflow/.local/lib/python3.12/site-packages/airflow/example_dags/tutorial.py
[2024-10-28T00:15:31.208+0000] {processor.py:925} INFO - DAG(s) 'tutorial' retrieved from /home/airflow/.local/lib/python3.12/site-packages/airflow/example_dags/tutorial.py
[2024-10-28T00:15:31.227+0000] {logging_mixin.py:190} INFO - [2024-10-28T00:15:31.227+0000] {dag.py:3239} INFO - Sync 1 DAGs
[2024-10-28T00:15:31.249+0000] {logging_mixin.py:190} INFO - [2024-10-28T00:15:31.249+0000] {dag.py:4180} INFO - Setting next_dagrun for tutorial to 2024-10-27 00:00:00+00:00, run_after=2024-10-28 00:00:00+00:00
[2024-10-28T00:15:31.267+0000] {processor.py:208} INFO - Processing /home/airflow/.local/lib/python3.12/site-packages/airflow/example_dags/tutorial.py took 0.075 seconds
[2024-10-28T00:16:01.785+0000] {processor.py:186} INFO - Started process (PID=47487) to work on /home/airflow/.local/lib/python3.12/site-packages/airflow/example_dags/tutorial.py
[2024-10-28T00:16:01.786+0000] {processor.py:914} INFO - Processing file /home/airflow/.local/lib/python3.12/site-packages/airflow/example_dags/tutorial.py for tasks to queue
[2024-10-28T00:16:01.787+0000] {logging_mixin.py:190} INFO - [2024-10-28T00:16:01.787+0000] {dagbag.py:588} INFO - Filling up the DagBag from /home/airflow/.local/lib/python3.12/site-packages/airflow/example_dags/tutorial.py
[2024-10-28T00:16:01.795+0000] {processor.py:925} INFO - DAG(s) 'tutorial' retrieved from /home/airflow/.local/lib/python3.12/site-packages/airflow/example_dags/tutorial.py
[2024-10-28T00:16:01.813+0000] {logging_mixin.py:190} INFO - [2024-10-28T00:16:01.813+0000] {dag.py:3239} INFO - Sync 1 DAGs
[2024-10-28T00:16:01.835+0000] {logging_mixin.py:190} INFO - [2024-10-28T00:16:01.835+0000] {dag.py:4180} INFO - Setting next_dagrun for tutorial to 2024-10-27 00:00:00+00:00, run_after=2024-10-28 00:00:00+00:00
[2024-10-28T00:16:01.854+0000] {processor.py:208} INFO - Processing /home/airflow/.local/lib/python3.12/site-packages/airflow/example_dags/tutorial.py took 0.074 seconds
[2024-10-28T00:16:31.967+0000] {processor.py:186} INFO - Started process (PID=47549) to work on /home/airflow/.local/lib/python3.12/site-packages/airflow/example_dags/tutorial.py
[2024-10-28T00:16:31.968+0000] {processor.py:914} INFO - Processing file /home/airflow/.local/lib/python3.12/site-packages/airflow/example_dags/tutorial.py for tasks to queue
[2024-10-28T00:16:31.970+0000] {logging_mixin.py:190} INFO - [2024-10-28T00:16:31.970+0000] {dagbag.py:588} INFO - Filling up the DagBag from /home/airflow/.local/lib/python3.12/site-packages/airflow/example_dags/tutorial.py
[2024-10-28T00:16:31.979+0000] {processor.py:925} INFO - DAG(s) 'tutorial' retrieved from /home/airflow/.local/lib/python3.12/site-packages/airflow/example_dags/tutorial.py
[2024-10-28T00:16:31.999+0000] {logging_mixin.py:190} INFO - [2024-10-28T00:16:31.998+0000] {dag.py:3239} INFO - Sync 1 DAGs
[2024-10-28T00:16:32.022+0000] {logging_mixin.py:190} INFO - [2024-10-28T00:16:32.022+0000] {dag.py:4180} INFO - Setting next_dagrun for tutorial to 2024-10-27 00:00:00+00:00, run_after=2024-10-28 00:00:00+00:00
[2024-10-28T00:16:32.039+0000] {processor.py:208} INFO - Processing /home/airflow/.local/lib/python3.12/site-packages/airflow/example_dags/tutorial.py took 0.077 seconds
[2024-10-28T00:17:02.525+0000] {processor.py:186} INFO - Started process (PID=47623) to work on /home/airflow/.local/lib/python3.12/site-packages/airflow/example_dags/tutorial.py
[2024-10-28T00:17:02.526+0000] {processor.py:914} INFO - Processing file /home/airflow/.local/lib/python3.12/site-packages/airflow/example_dags/tutorial.py for tasks to queue
[2024-10-28T00:17:02.528+0000] {logging_mixin.py:190} INFO - [2024-10-28T00:17:02.527+0000] {dagbag.py:588} INFO - Filling up the DagBag from /home/airflow/.local/lib/python3.12/site-packages/airflow/example_dags/tutorial.py
[2024-10-28T00:17:02.536+0000] {processor.py:925} INFO - DAG(s) 'tutorial' retrieved from /home/airflow/.local/lib/python3.12/site-packages/airflow/example_dags/tutorial.py
[2024-10-28T00:17:02.556+0000] {logging_mixin.py:190} INFO - [2024-10-28T00:17:02.556+0000] {dag.py:3239} INFO - Sync 1 DAGs
[2024-10-28T00:17:02.579+0000] {logging_mixin.py:190} INFO - [2024-10-28T00:17:02.579+0000] {dag.py:4180} INFO - Setting next_dagrun for tutorial to 2024-10-27 00:00:00+00:00, run_after=2024-10-28 00:00:00+00:00
[2024-10-28T00:17:02.599+0000] {processor.py:208} INFO - Processing /home/airflow/.local/lib/python3.12/site-packages/airflow/example_dags/tutorial.py took 0.080 seconds
[2024-10-28T00:17:33.147+0000] {processor.py:186} INFO - Started process (PID=47697) to work on /home/airflow/.local/lib/python3.12/site-packages/airflow/example_dags/tutorial.py
[2024-10-28T00:17:33.148+0000] {processor.py:914} INFO - Processing file /home/airflow/.local/lib/python3.12/site-packages/airflow/example_dags/tutorial.py for tasks to queue
[2024-10-28T00:17:33.149+0000] {logging_mixin.py:190} INFO - [2024-10-28T00:17:33.149+0000] {dagbag.py:588} INFO - Filling up the DagBag from /home/airflow/.local/lib/python3.12/site-packages/airflow/example_dags/tutorial.py
[2024-10-28T00:17:33.157+0000] {processor.py:925} INFO - DAG(s) 'tutorial' retrieved from /home/airflow/.local/lib/python3.12/site-packages/airflow/example_dags/tutorial.py
[2024-10-28T00:17:33.176+0000] {logging_mixin.py:190} INFO - [2024-10-28T00:17:33.176+0000] {dag.py:3239} INFO - Sync 1 DAGs
[2024-10-28T00:17:33.199+0000] {logging_mixin.py:190} INFO - [2024-10-28T00:17:33.199+0000] {dag.py:4180} INFO - Setting next_dagrun for tutorial to 2024-10-27 00:00:00+00:00, run_after=2024-10-28 00:00:00+00:00
[2024-10-28T00:17:33.220+0000] {processor.py:208} INFO - Processing /home/airflow/.local/lib/python3.12/site-packages/airflow/example_dags/tutorial.py took 0.079 seconds
[2024-10-28T00:18:03.483+0000] {processor.py:186} INFO - Started process (PID=47770) to work on /home/airflow/.local/lib/python3.12/site-packages/airflow/example_dags/tutorial.py
[2024-10-28T00:18:03.484+0000] {processor.py:914} INFO - Processing file /home/airflow/.local/lib/python3.12/site-packages/airflow/example_dags/tutorial.py for tasks to queue
[2024-10-28T00:18:03.486+0000] {logging_mixin.py:190} INFO - [2024-10-28T00:18:03.485+0000] {dagbag.py:588} INFO - Filling up the DagBag from /home/airflow/.local/lib/python3.12/site-packages/airflow/example_dags/tutorial.py
[2024-10-28T00:18:03.503+0000] {processor.py:925} INFO - DAG(s) 'tutorial' retrieved from /home/airflow/.local/lib/python3.12/site-packages/airflow/example_dags/tutorial.py
[2024-10-28T00:18:03.541+0000] {logging_mixin.py:190} INFO - [2024-10-28T00:18:03.541+0000] {dag.py:3239} INFO - Sync 1 DAGs
[2024-10-28T00:18:03.579+0000] {logging_mixin.py:190} INFO - [2024-10-28T00:18:03.579+0000] {dag.py:4180} INFO - Setting next_dagrun for tutorial to 2024-10-27 00:00:00+00:00, run_after=2024-10-28 00:00:00+00:00
[2024-10-28T00:18:03.606+0000] {processor.py:208} INFO - Processing /home/airflow/.local/lib/python3.12/site-packages/airflow/example_dags/tutorial.py took 0.133 seconds
[2024-10-28T00:18:34.138+0000] {processor.py:186} INFO - Started process (PID=47844) to work on /home/airflow/.local/lib/python3.12/site-packages/airflow/example_dags/tutorial.py
[2024-10-28T00:18:34.139+0000] {processor.py:914} INFO - Processing file /home/airflow/.local/lib/python3.12/site-packages/airflow/example_dags/tutorial.py for tasks to queue
[2024-10-28T00:18:34.141+0000] {logging_mixin.py:190} INFO - [2024-10-28T00:18:34.141+0000] {dagbag.py:588} INFO - Filling up the DagBag from /home/airflow/.local/lib/python3.12/site-packages/airflow/example_dags/tutorial.py
[2024-10-28T00:18:34.151+0000] {processor.py:925} INFO - DAG(s) 'tutorial' retrieved from /home/airflow/.local/lib/python3.12/site-packages/airflow/example_dags/tutorial.py
[2024-10-28T00:18:34.174+0000] {logging_mixin.py:190} INFO - [2024-10-28T00:18:34.174+0000] {dag.py:3239} INFO - Sync 1 DAGs
[2024-10-28T00:18:34.199+0000] {logging_mixin.py:190} INFO - [2024-10-28T00:18:34.199+0000] {dag.py:4180} INFO - Setting next_dagrun for tutorial to 2024-10-27 00:00:00+00:00, run_after=2024-10-28 00:00:00+00:00
[2024-10-28T00:18:34.222+0000] {processor.py:208} INFO - Processing /home/airflow/.local/lib/python3.12/site-packages/airflow/example_dags/tutorial.py took 0.092 seconds
[2024-10-28T00:19:04.441+0000] {processor.py:186} INFO - Started process (PID=47918) to work on /home/airflow/.local/lib/python3.12/site-packages/airflow/example_dags/tutorial.py
[2024-10-28T00:19:04.442+0000] {processor.py:914} INFO - Processing file /home/airflow/.local/lib/python3.12/site-packages/airflow/example_dags/tutorial.py for tasks to queue
[2024-10-28T00:19:04.444+0000] {logging_mixin.py:190} INFO - [2024-10-28T00:19:04.443+0000] {dagbag.py:588} INFO - Filling up the DagBag from /home/airflow/.local/lib/python3.12/site-packages/airflow/example_dags/tutorial.py
[2024-10-28T00:19:04.455+0000] {processor.py:925} INFO - DAG(s) 'tutorial' retrieved from /home/airflow/.local/lib/python3.12/site-packages/airflow/example_dags/tutorial.py
[2024-10-28T00:19:04.474+0000] {logging_mixin.py:190} INFO - [2024-10-28T00:19:04.474+0000] {dag.py:3239} INFO - Sync 1 DAGs
[2024-10-28T00:19:04.498+0000] {logging_mixin.py:190} INFO - [2024-10-28T00:19:04.497+0000] {dag.py:4180} INFO - Setting next_dagrun for tutorial to 2024-10-27 00:00:00+00:00, run_after=2024-10-28 00:00:00+00:00
[2024-10-28T00:19:04.521+0000] {processor.py:208} INFO - Processing /home/airflow/.local/lib/python3.12/site-packages/airflow/example_dags/tutorial.py took 0.088 seconds
[2024-10-28T00:19:34.806+0000] {processor.py:186} INFO - Started process (PID=47992) to work on /home/airflow/.local/lib/python3.12/site-packages/airflow/example_dags/tutorial.py
[2024-10-28T00:19:34.807+0000] {processor.py:914} INFO - Processing file /home/airflow/.local/lib/python3.12/site-packages/airflow/example_dags/tutorial.py for tasks to queue
[2024-10-28T00:19:34.809+0000] {logging_mixin.py:190} INFO - [2024-10-28T00:19:34.808+0000] {dagbag.py:588} INFO - Filling up the DagBag from /home/airflow/.local/lib/python3.12/site-packages/airflow/example_dags/tutorial.py
[2024-10-28T00:19:34.817+0000] {processor.py:925} INFO - DAG(s) 'tutorial' retrieved from /home/airflow/.local/lib/python3.12/site-packages/airflow/example_dags/tutorial.py
[2024-10-28T00:19:34.837+0000] {logging_mixin.py:190} INFO - [2024-10-28T00:19:34.837+0000] {dag.py:3239} INFO - Sync 1 DAGs
[2024-10-28T00:19:34.860+0000] {logging_mixin.py:190} INFO - [2024-10-28T00:19:34.859+0000] {dag.py:4180} INFO - Setting next_dagrun for tutorial to 2024-10-27 00:00:00+00:00, run_after=2024-10-28 00:00:00+00:00
[2024-10-28T00:19:34.880+0000] {processor.py:208} INFO - Processing /home/airflow/.local/lib/python3.12/site-packages/airflow/example_dags/tutorial.py took 0.080 seconds
[2024-10-28T00:20:05.636+0000] {processor.py:186} INFO - Started process (PID=48066) to work on /home/airflow/.local/lib/python3.12/site-packages/airflow/example_dags/tutorial.py
[2024-10-28T00:20:05.637+0000] {processor.py:914} INFO - Processing file /home/airflow/.local/lib/python3.12/site-packages/airflow/example_dags/tutorial.py for tasks to queue
[2024-10-28T00:20:05.640+0000] {logging_mixin.py:190} INFO - [2024-10-28T00:20:05.639+0000] {dagbag.py:588} INFO - Filling up the DagBag from /home/airflow/.local/lib/python3.12/site-packages/airflow/example_dags/tutorial.py
[2024-10-28T00:20:05.651+0000] {processor.py:925} INFO - DAG(s) 'tutorial' retrieved from /home/airflow/.local/lib/python3.12/site-packages/airflow/example_dags/tutorial.py
[2024-10-28T00:20:05.677+0000] {logging_mixin.py:190} INFO - [2024-10-28T00:20:05.677+0000] {dag.py:3239} INFO - Sync 1 DAGs
[2024-10-28T00:20:05.702+0000] {logging_mixin.py:190} INFO - [2024-10-28T00:20:05.702+0000] {dag.py:4180} INFO - Setting next_dagrun for tutorial to 2024-10-27 00:00:00+00:00, run_after=2024-10-28 00:00:00+00:00
[2024-10-28T00:20:05.727+0000] {processor.py:208} INFO - Processing /home/airflow/.local/lib/python3.12/site-packages/airflow/example_dags/tutorial.py took 0.097 seconds
[2024-10-28T00:20:35.945+0000] {processor.py:186} INFO - Started process (PID=48140) to work on /home/airflow/.local/lib/python3.12/site-packages/airflow/example_dags/tutorial.py
[2024-10-28T00:20:35.946+0000] {processor.py:914} INFO - Processing file /home/airflow/.local/lib/python3.12/site-packages/airflow/example_dags/tutorial.py for tasks to queue
[2024-10-28T00:20:35.948+0000] {logging_mixin.py:190} INFO - [2024-10-28T00:20:35.948+0000] {dagbag.py:588} INFO - Filling up the DagBag from /home/airflow/.local/lib/python3.12/site-packages/airflow/example_dags/tutorial.py
[2024-10-28T00:20:35.960+0000] {processor.py:925} INFO - DAG(s) 'tutorial' retrieved from /home/airflow/.local/lib/python3.12/site-packages/airflow/example_dags/tutorial.py
[2024-10-28T00:20:35.983+0000] {logging_mixin.py:190} INFO - [2024-10-28T00:20:35.982+0000] {dag.py:3239} INFO - Sync 1 DAGs
[2024-10-28T00:20:36.011+0000] {logging_mixin.py:190} INFO - [2024-10-28T00:20:36.011+0000] {dag.py:4180} INFO - Setting next_dagrun for tutorial to 2024-10-27 00:00:00+00:00, run_after=2024-10-28 00:00:00+00:00
[2024-10-28T00:20:36.039+0000] {processor.py:208} INFO - Processing /home/airflow/.local/lib/python3.12/site-packages/airflow/example_dags/tutorial.py took 0.101 seconds
[2024-10-28T00:21:06.601+0000] {processor.py:186} INFO - Started process (PID=48214) to work on /home/airflow/.local/lib/python3.12/site-packages/airflow/example_dags/tutorial.py
[2024-10-28T00:21:06.603+0000] {processor.py:914} INFO - Processing file /home/airflow/.local/lib/python3.12/site-packages/airflow/example_dags/tutorial.py for tasks to queue
[2024-10-28T00:21:06.605+0000] {logging_mixin.py:190} INFO - [2024-10-28T00:21:06.604+0000] {dagbag.py:588} INFO - Filling up the DagBag from /home/airflow/.local/lib/python3.12/site-packages/airflow/example_dags/tutorial.py
[2024-10-28T00:21:06.614+0000] {processor.py:925} INFO - DAG(s) 'tutorial' retrieved from /home/airflow/.local/lib/python3.12/site-packages/airflow/example_dags/tutorial.py
[2024-10-28T00:21:06.637+0000] {logging_mixin.py:190} INFO - [2024-10-28T00:21:06.637+0000] {dag.py:3239} INFO - Sync 1 DAGs
[2024-10-28T00:21:06.662+0000] {logging_mixin.py:190} INFO - [2024-10-28T00:21:06.661+0000] {dag.py:4180} INFO - Setting next_dagrun for tutorial to 2024-10-27 00:00:00+00:00, run_after=2024-10-28 00:00:00+00:00
[2024-10-28T00:21:06.686+0000] {processor.py:208} INFO - Processing /home/airflow/.local/lib/python3.12/site-packages/airflow/example_dags/tutorial.py took 0.092 seconds
[2024-10-28T00:21:37.213+0000] {processor.py:186} INFO - Started process (PID=48288) to work on /home/airflow/.local/lib/python3.12/site-packages/airflow/example_dags/tutorial.py
[2024-10-28T00:21:37.214+0000] {processor.py:914} INFO - Processing file /home/airflow/.local/lib/python3.12/site-packages/airflow/example_dags/tutorial.py for tasks to queue
[2024-10-28T00:21:37.215+0000] {logging_mixin.py:190} INFO - [2024-10-28T00:21:37.215+0000] {dagbag.py:588} INFO - Filling up the DagBag from /home/airflow/.local/lib/python3.12/site-packages/airflow/example_dags/tutorial.py
[2024-10-28T00:21:37.223+0000] {processor.py:925} INFO - DAG(s) 'tutorial' retrieved from /home/airflow/.local/lib/python3.12/site-packages/airflow/example_dags/tutorial.py
[2024-10-28T00:21:37.242+0000] {logging_mixin.py:190} INFO - [2024-10-28T00:21:37.242+0000] {dag.py:3239} INFO - Sync 1 DAGs
[2024-10-28T00:21:37.266+0000] {logging_mixin.py:190} INFO - [2024-10-28T00:21:37.265+0000] {dag.py:4180} INFO - Setting next_dagrun for tutorial to 2024-10-27 00:00:00+00:00, run_after=2024-10-28 00:00:00+00:00
[2024-10-28T00:21:37.285+0000] {processor.py:208} INFO - Processing /home/airflow/.local/lib/python3.12/site-packages/airflow/example_dags/tutorial.py took 0.079 seconds
[2024-10-28T00:22:07.694+0000] {processor.py:186} INFO - Started process (PID=48368) to work on /home/airflow/.local/lib/python3.12/site-packages/airflow/example_dags/tutorial.py
[2024-10-28T00:22:07.695+0000] {processor.py:914} INFO - Processing file /home/airflow/.local/lib/python3.12/site-packages/airflow/example_dags/tutorial.py for tasks to queue
[2024-10-28T00:22:07.697+0000] {logging_mixin.py:190} INFO - [2024-10-28T00:22:07.696+0000] {dagbag.py:588} INFO - Filling up the DagBag from /home/airflow/.local/lib/python3.12/site-packages/airflow/example_dags/tutorial.py
[2024-10-28T00:22:07.705+0000] {processor.py:925} INFO - DAG(s) 'tutorial' retrieved from /home/airflow/.local/lib/python3.12/site-packages/airflow/example_dags/tutorial.py
[2024-10-28T00:22:07.727+0000] {logging_mixin.py:190} INFO - [2024-10-28T00:22:07.726+0000] {dag.py:3239} INFO - Sync 1 DAGs
[2024-10-28T00:22:07.750+0000] {logging_mixin.py:190} INFO - [2024-10-28T00:22:07.750+0000] {dag.py:4180} INFO - Setting next_dagrun for tutorial to 2024-10-27 00:00:00+00:00, run_after=2024-10-28 00:00:00+00:00
[2024-10-28T00:22:07.769+0000] {processor.py:208} INFO - Processing /home/airflow/.local/lib/python3.12/site-packages/airflow/example_dags/tutorial.py took 0.081 seconds
[2024-10-28T00:22:38.062+0000] {processor.py:186} INFO - Started process (PID=48442) to work on /home/airflow/.local/lib/python3.12/site-packages/airflow/example_dags/tutorial.py
[2024-10-28T00:22:38.063+0000] {processor.py:914} INFO - Processing file /home/airflow/.local/lib/python3.12/site-packages/airflow/example_dags/tutorial.py for tasks to queue
[2024-10-28T00:22:38.064+0000] {logging_mixin.py:190} INFO - [2024-10-28T00:22:38.064+0000] {dagbag.py:588} INFO - Filling up the DagBag from /home/airflow/.local/lib/python3.12/site-packages/airflow/example_dags/tutorial.py
[2024-10-28T00:22:38.074+0000] {processor.py:925} INFO - DAG(s) 'tutorial' retrieved from /home/airflow/.local/lib/python3.12/site-packages/airflow/example_dags/tutorial.py
[2024-10-28T00:22:38.093+0000] {logging_mixin.py:190} INFO - [2024-10-28T00:22:38.093+0000] {dag.py:3239} INFO - Sync 1 DAGs
[2024-10-28T00:22:38.115+0000] {logging_mixin.py:190} INFO - [2024-10-28T00:22:38.115+0000] {dag.py:4180} INFO - Setting next_dagrun for tutorial to 2024-10-27 00:00:00+00:00, run_after=2024-10-28 00:00:00+00:00
[2024-10-28T00:22:38.137+0000] {processor.py:208} INFO - Processing /home/airflow/.local/lib/python3.12/site-packages/airflow/example_dags/tutorial.py took 0.081 seconds
[2024-10-28T00:23:08.504+0000] {processor.py:186} INFO - Started process (PID=48516) to work on /home/airflow/.local/lib/python3.12/site-packages/airflow/example_dags/tutorial.py
[2024-10-28T00:23:08.505+0000] {processor.py:914} INFO - Processing file /home/airflow/.local/lib/python3.12/site-packages/airflow/example_dags/tutorial.py for tasks to queue
[2024-10-28T00:23:08.507+0000] {logging_mixin.py:190} INFO - [2024-10-28T00:23:08.506+0000] {dagbag.py:588} INFO - Filling up the DagBag from /home/airflow/.local/lib/python3.12/site-packages/airflow/example_dags/tutorial.py
[2024-10-28T00:23:08.516+0000] {processor.py:925} INFO - DAG(s) 'tutorial' retrieved from /home/airflow/.local/lib/python3.12/site-packages/airflow/example_dags/tutorial.py
[2024-10-28T00:23:08.540+0000] {logging_mixin.py:190} INFO - [2024-10-28T00:23:08.540+0000] {dag.py:3239} INFO - Sync 1 DAGs
[2024-10-28T00:23:08.563+0000] {logging_mixin.py:190} INFO - [2024-10-28T00:23:08.563+0000] {dag.py:4180} INFO - Setting next_dagrun for tutorial to 2024-10-27 00:00:00+00:00, run_after=2024-10-28 00:00:00+00:00
[2024-10-28T00:23:08.582+0000] {processor.py:208} INFO - Processing /home/airflow/.local/lib/python3.12/site-packages/airflow/example_dags/tutorial.py took 0.085 seconds
[2024-10-28T00:23:38.741+0000] {processor.py:186} INFO - Started process (PID=48590) to work on /home/airflow/.local/lib/python3.12/site-packages/airflow/example_dags/tutorial.py
[2024-10-28T00:23:38.742+0000] {processor.py:914} INFO - Processing file /home/airflow/.local/lib/python3.12/site-packages/airflow/example_dags/tutorial.py for tasks to queue
[2024-10-28T00:23:38.744+0000] {logging_mixin.py:190} INFO - [2024-10-28T00:23:38.744+0000] {dagbag.py:588} INFO - Filling up the DagBag from /home/airflow/.local/lib/python3.12/site-packages/airflow/example_dags/tutorial.py
[2024-10-28T00:23:38.753+0000] {processor.py:925} INFO - DAG(s) 'tutorial' retrieved from /home/airflow/.local/lib/python3.12/site-packages/airflow/example_dags/tutorial.py
[2024-10-28T00:23:38.773+0000] {logging_mixin.py:190} INFO - [2024-10-28T00:23:38.772+0000] {dag.py:3239} INFO - Sync 1 DAGs
[2024-10-28T00:23:38.797+0000] {logging_mixin.py:190} INFO - [2024-10-28T00:23:38.796+0000] {dag.py:4180} INFO - Setting next_dagrun for tutorial to 2024-10-27 00:00:00+00:00, run_after=2024-10-28 00:00:00+00:00
[2024-10-28T00:23:38.815+0000] {processor.py:208} INFO - Processing /home/airflow/.local/lib/python3.12/site-packages/airflow/example_dags/tutorial.py took 0.079 seconds
[2024-10-28T00:24:09.792+0000] {processor.py:186} INFO - Started process (PID=48664) to work on /home/airflow/.local/lib/python3.12/site-packages/airflow/example_dags/tutorial.py
[2024-10-28T00:24:09.793+0000] {processor.py:914} INFO - Processing file /home/airflow/.local/lib/python3.12/site-packages/airflow/example_dags/tutorial.py for tasks to queue
[2024-10-28T00:24:09.795+0000] {logging_mixin.py:190} INFO - [2024-10-28T00:24:09.795+0000] {dagbag.py:588} INFO - Filling up the DagBag from /home/airflow/.local/lib/python3.12/site-packages/airflow/example_dags/tutorial.py
[2024-10-28T00:24:09.806+0000] {processor.py:925} INFO - DAG(s) 'tutorial' retrieved from /home/airflow/.local/lib/python3.12/site-packages/airflow/example_dags/tutorial.py
[2024-10-28T00:24:09.832+0000] {logging_mixin.py:190} INFO - [2024-10-28T00:24:09.832+0000] {dag.py:3239} INFO - Sync 1 DAGs
[2024-10-28T00:24:09.860+0000] {logging_mixin.py:190} INFO - [2024-10-28T00:24:09.860+0000] {dag.py:4180} INFO - Setting next_dagrun for tutorial to 2024-10-27 00:00:00+00:00, run_after=2024-10-28 00:00:00+00:00
[2024-10-28T00:24:09.882+0000] {processor.py:208} INFO - Processing /home/airflow/.local/lib/python3.12/site-packages/airflow/example_dags/tutorial.py took 0.098 seconds
[2024-10-28T00:24:40.729+0000] {processor.py:186} INFO - Started process (PID=48738) to work on /home/airflow/.local/lib/python3.12/site-packages/airflow/example_dags/tutorial.py
[2024-10-28T00:24:40.731+0000] {processor.py:914} INFO - Processing file /home/airflow/.local/lib/python3.12/site-packages/airflow/example_dags/tutorial.py for tasks to queue
[2024-10-28T00:24:40.732+0000] {logging_mixin.py:190} INFO - [2024-10-28T00:24:40.732+0000] {dagbag.py:588} INFO - Filling up the DagBag from /home/airflow/.local/lib/python3.12/site-packages/airflow/example_dags/tutorial.py
[2024-10-28T00:24:40.741+0000] {processor.py:925} INFO - DAG(s) 'tutorial' retrieved from /home/airflow/.local/lib/python3.12/site-packages/airflow/example_dags/tutorial.py
[2024-10-28T00:24:40.767+0000] {logging_mixin.py:190} INFO - [2024-10-28T00:24:40.767+0000] {dag.py:3239} INFO - Sync 1 DAGs
[2024-10-28T00:24:40.798+0000] {logging_mixin.py:190} INFO - [2024-10-28T00:24:40.798+0000] {dag.py:4180} INFO - Setting next_dagrun for tutorial to 2024-10-27 00:00:00+00:00, run_after=2024-10-28 00:00:00+00:00
[2024-10-28T00:24:40.819+0000] {processor.py:208} INFO - Processing /home/airflow/.local/lib/python3.12/site-packages/airflow/example_dags/tutorial.py took 0.095 seconds
[2024-10-28T00:25:11.596+0000] {processor.py:186} INFO - Started process (PID=48812) to work on /home/airflow/.local/lib/python3.12/site-packages/airflow/example_dags/tutorial.py
[2024-10-28T00:25:11.597+0000] {processor.py:914} INFO - Processing file /home/airflow/.local/lib/python3.12/site-packages/airflow/example_dags/tutorial.py for tasks to queue
[2024-10-28T00:25:11.599+0000] {logging_mixin.py:190} INFO - [2024-10-28T00:25:11.598+0000] {dagbag.py:588} INFO - Filling up the DagBag from /home/airflow/.local/lib/python3.12/site-packages/airflow/example_dags/tutorial.py
[2024-10-28T00:25:11.609+0000] {processor.py:925} INFO - DAG(s) 'tutorial' retrieved from /home/airflow/.local/lib/python3.12/site-packages/airflow/example_dags/tutorial.py
[2024-10-28T00:25:11.629+0000] {logging_mixin.py:190} INFO - [2024-10-28T00:25:11.628+0000] {dag.py:3239} INFO - Sync 1 DAGs
[2024-10-28T00:25:11.655+0000] {logging_mixin.py:190} INFO - [2024-10-28T00:25:11.655+0000] {dag.py:4180} INFO - Setting next_dagrun for tutorial to 2024-10-27 00:00:00+00:00, run_after=2024-10-28 00:00:00+00:00
[2024-10-28T00:25:11.677+0000] {processor.py:208} INFO - Processing /home/airflow/.local/lib/python3.12/site-packages/airflow/example_dags/tutorial.py took 0.087 seconds
[2024-10-28T00:25:41.791+0000] {processor.py:186} INFO - Started process (PID=48886) to work on /home/airflow/.local/lib/python3.12/site-packages/airflow/example_dags/tutorial.py
[2024-10-28T00:25:41.792+0000] {processor.py:914} INFO - Processing file /home/airflow/.local/lib/python3.12/site-packages/airflow/example_dags/tutorial.py for tasks to queue
[2024-10-28T00:25:41.793+0000] {logging_mixin.py:190} INFO - [2024-10-28T00:25:41.793+0000] {dagbag.py:588} INFO - Filling up the DagBag from /home/airflow/.local/lib/python3.12/site-packages/airflow/example_dags/tutorial.py
[2024-10-28T00:25:41.803+0000] {processor.py:925} INFO - DAG(s) 'tutorial' retrieved from /home/airflow/.local/lib/python3.12/site-packages/airflow/example_dags/tutorial.py
[2024-10-28T00:25:41.823+0000] {logging_mixin.py:190} INFO - [2024-10-28T00:25:41.822+0000] {dag.py:3239} INFO - Sync 1 DAGs
[2024-10-28T00:25:41.846+0000] {logging_mixin.py:190} INFO - [2024-10-28T00:25:41.846+0000] {dag.py:4180} INFO - Setting next_dagrun for tutorial to 2024-10-27 00:00:00+00:00, run_after=2024-10-28 00:00:00+00:00
[2024-10-28T00:25:41.865+0000] {processor.py:208} INFO - Processing /home/airflow/.local/lib/python3.12/site-packages/airflow/example_dags/tutorial.py took 0.081 seconds
[2024-10-28T00:26:12.348+0000] {processor.py:186} INFO - Started process (PID=48960) to work on /home/airflow/.local/lib/python3.12/site-packages/airflow/example_dags/tutorial.py
[2024-10-28T00:26:12.349+0000] {processor.py:914} INFO - Processing file /home/airflow/.local/lib/python3.12/site-packages/airflow/example_dags/tutorial.py for tasks to queue
[2024-10-28T00:26:12.351+0000] {logging_mixin.py:190} INFO - [2024-10-28T00:26:12.351+0000] {dagbag.py:588} INFO - Filling up the DagBag from /home/airflow/.local/lib/python3.12/site-packages/airflow/example_dags/tutorial.py
[2024-10-28T00:26:12.361+0000] {processor.py:925} INFO - DAG(s) 'tutorial' retrieved from /home/airflow/.local/lib/python3.12/site-packages/airflow/example_dags/tutorial.py
[2024-10-28T00:26:12.527+0000] {logging_mixin.py:190} INFO - [2024-10-28T00:26:12.527+0000] {dag.py:3239} INFO - Sync 1 DAGs
[2024-10-28T00:26:12.553+0000] {logging_mixin.py:190} INFO - [2024-10-28T00:26:12.553+0000] {dag.py:4180} INFO - Setting next_dagrun for tutorial to 2024-10-27 00:00:00+00:00, run_after=2024-10-28 00:00:00+00:00
[2024-10-28T00:26:12.573+0000] {processor.py:208} INFO - Processing /home/airflow/.local/lib/python3.12/site-packages/airflow/example_dags/tutorial.py took 0.231 seconds
[2024-10-28T00:26:42.640+0000] {processor.py:186} INFO - Started process (PID=49034) to work on /home/airflow/.local/lib/python3.12/site-packages/airflow/example_dags/tutorial.py
[2024-10-28T00:26:42.641+0000] {processor.py:914} INFO - Processing file /home/airflow/.local/lib/python3.12/site-packages/airflow/example_dags/tutorial.py for tasks to queue
[2024-10-28T00:26:42.642+0000] {logging_mixin.py:190} INFO - [2024-10-28T00:26:42.642+0000] {dagbag.py:588} INFO - Filling up the DagBag from /home/airflow/.local/lib/python3.12/site-packages/airflow/example_dags/tutorial.py
[2024-10-28T00:26:42.651+0000] {processor.py:925} INFO - DAG(s) 'tutorial' retrieved from /home/airflow/.local/lib/python3.12/site-packages/airflow/example_dags/tutorial.py
[2024-10-28T00:26:42.671+0000] {logging_mixin.py:190} INFO - [2024-10-28T00:26:42.671+0000] {dag.py:3239} INFO - Sync 1 DAGs
[2024-10-28T00:26:42.693+0000] {logging_mixin.py:190} INFO - [2024-10-28T00:26:42.693+0000] {dag.py:4180} INFO - Setting next_dagrun for tutorial to 2024-10-27 00:00:00+00:00, run_after=2024-10-28 00:00:00+00:00
[2024-10-28T00:26:42.712+0000] {processor.py:208} INFO - Processing /home/airflow/.local/lib/python3.12/site-packages/airflow/example_dags/tutorial.py took 0.079 seconds
[2024-10-28T00:27:13.049+0000] {processor.py:186} INFO - Started process (PID=49108) to work on /home/airflow/.local/lib/python3.12/site-packages/airflow/example_dags/tutorial.py
[2024-10-28T00:27:13.051+0000] {processor.py:914} INFO - Processing file /home/airflow/.local/lib/python3.12/site-packages/airflow/example_dags/tutorial.py for tasks to queue
[2024-10-28T00:27:13.053+0000] {logging_mixin.py:190} INFO - [2024-10-28T00:27:13.052+0000] {dagbag.py:588} INFO - Filling up the DagBag from /home/airflow/.local/lib/python3.12/site-packages/airflow/example_dags/tutorial.py
[2024-10-28T00:27:13.064+0000] {processor.py:925} INFO - DAG(s) 'tutorial' retrieved from /home/airflow/.local/lib/python3.12/site-packages/airflow/example_dags/tutorial.py
[2024-10-28T00:27:13.083+0000] {logging_mixin.py:190} INFO - [2024-10-28T00:27:13.083+0000] {dag.py:3239} INFO - Sync 1 DAGs
[2024-10-28T00:27:13.105+0000] {logging_mixin.py:190} INFO - [2024-10-28T00:27:13.105+0000] {dag.py:4180} INFO - Setting next_dagrun for tutorial to 2024-10-27 00:00:00+00:00, run_after=2024-10-28 00:00:00+00:00
[2024-10-28T00:27:13.122+0000] {processor.py:208} INFO - Processing /home/airflow/.local/lib/python3.12/site-packages/airflow/example_dags/tutorial.py took 0.079 seconds
[2024-10-28T00:27:43.925+0000] {processor.py:186} INFO - Started process (PID=49182) to work on /home/airflow/.local/lib/python3.12/site-packages/airflow/example_dags/tutorial.py
[2024-10-28T00:27:43.927+0000] {processor.py:914} INFO - Processing file /home/airflow/.local/lib/python3.12/site-packages/airflow/example_dags/tutorial.py for tasks to queue
[2024-10-28T00:27:43.928+0000] {logging_mixin.py:190} INFO - [2024-10-28T00:27:43.928+0000] {dagbag.py:588} INFO - Filling up the DagBag from /home/airflow/.local/lib/python3.12/site-packages/airflow/example_dags/tutorial.py
[2024-10-28T00:27:43.937+0000] {processor.py:925} INFO - DAG(s) 'tutorial' retrieved from /home/airflow/.local/lib/python3.12/site-packages/airflow/example_dags/tutorial.py
[2024-10-28T00:27:43.956+0000] {logging_mixin.py:190} INFO - [2024-10-28T00:27:43.956+0000] {dag.py:3239} INFO - Sync 1 DAGs
[2024-10-28T00:27:43.979+0000] {logging_mixin.py:190} INFO - [2024-10-28T00:27:43.979+0000] {dag.py:4180} INFO - Setting next_dagrun for tutorial to 2024-10-27 00:00:00+00:00, run_after=2024-10-28 00:00:00+00:00
[2024-10-28T00:27:43.997+0000] {processor.py:208} INFO - Processing /home/airflow/.local/lib/python3.12/site-packages/airflow/example_dags/tutorial.py took 0.077 seconds
[2024-10-28T00:28:14.175+0000] {processor.py:186} INFO - Started process (PID=49256) to work on /home/airflow/.local/lib/python3.12/site-packages/airflow/example_dags/tutorial.py
[2024-10-28T00:28:14.177+0000] {processor.py:914} INFO - Processing file /home/airflow/.local/lib/python3.12/site-packages/airflow/example_dags/tutorial.py for tasks to queue
[2024-10-28T00:28:14.178+0000] {logging_mixin.py:190} INFO - [2024-10-28T00:28:14.178+0000] {dagbag.py:588} INFO - Filling up the DagBag from /home/airflow/.local/lib/python3.12/site-packages/airflow/example_dags/tutorial.py
[2024-10-28T00:28:14.188+0000] {processor.py:925} INFO - DAG(s) 'tutorial' retrieved from /home/airflow/.local/lib/python3.12/site-packages/airflow/example_dags/tutorial.py
[2024-10-28T00:28:14.211+0000] {logging_mixin.py:190} INFO - [2024-10-28T00:28:14.210+0000] {dag.py:3239} INFO - Sync 1 DAGs
[2024-10-28T00:28:14.234+0000] {logging_mixin.py:190} INFO - [2024-10-28T00:28:14.234+0000] {dag.py:4180} INFO - Setting next_dagrun for tutorial to 2024-10-27 00:00:00+00:00, run_after=2024-10-28 00:00:00+00:00
[2024-10-28T00:28:14.254+0000] {processor.py:208} INFO - Processing /home/airflow/.local/lib/python3.12/site-packages/airflow/example_dags/tutorial.py took 0.086 seconds
[2024-10-28T00:28:44.625+0000] {processor.py:186} INFO - Started process (PID=49330) to work on /home/airflow/.local/lib/python3.12/site-packages/airflow/example_dags/tutorial.py
[2024-10-28T00:28:44.626+0000] {processor.py:914} INFO - Processing file /home/airflow/.local/lib/python3.12/site-packages/airflow/example_dags/tutorial.py for tasks to queue
[2024-10-28T00:28:44.628+0000] {logging_mixin.py:190} INFO - [2024-10-28T00:28:44.627+0000] {dagbag.py:588} INFO - Filling up the DagBag from /home/airflow/.local/lib/python3.12/site-packages/airflow/example_dags/tutorial.py
[2024-10-28T00:28:44.638+0000] {processor.py:925} INFO - DAG(s) 'tutorial' retrieved from /home/airflow/.local/lib/python3.12/site-packages/airflow/example_dags/tutorial.py
[2024-10-28T00:28:44.660+0000] {logging_mixin.py:190} INFO - [2024-10-28T00:28:44.660+0000] {dag.py:3239} INFO - Sync 1 DAGs
[2024-10-28T00:28:44.683+0000] {logging_mixin.py:190} INFO - [2024-10-28T00:28:44.683+0000] {dag.py:4180} INFO - Setting next_dagrun for tutorial to 2024-10-27 00:00:00+00:00, run_after=2024-10-28 00:00:00+00:00
[2024-10-28T00:28:44.705+0000] {processor.py:208} INFO - Processing /home/airflow/.local/lib/python3.12/site-packages/airflow/example_dags/tutorial.py took 0.087 seconds
[2024-10-28T00:29:15.508+0000] {processor.py:186} INFO - Started process (PID=49404) to work on /home/airflow/.local/lib/python3.12/site-packages/airflow/example_dags/tutorial.py
[2024-10-28T00:29:15.509+0000] {processor.py:914} INFO - Processing file /home/airflow/.local/lib/python3.12/site-packages/airflow/example_dags/tutorial.py for tasks to queue
[2024-10-28T00:29:15.510+0000] {logging_mixin.py:190} INFO - [2024-10-28T00:29:15.510+0000] {dagbag.py:588} INFO - Filling up the DagBag from /home/airflow/.local/lib/python3.12/site-packages/airflow/example_dags/tutorial.py
[2024-10-28T00:29:15.519+0000] {processor.py:925} INFO - DAG(s) 'tutorial' retrieved from /home/airflow/.local/lib/python3.12/site-packages/airflow/example_dags/tutorial.py
[2024-10-28T00:29:15.537+0000] {logging_mixin.py:190} INFO - [2024-10-28T00:29:15.536+0000] {dag.py:3239} INFO - Sync 1 DAGs
[2024-10-28T00:29:15.558+0000] {logging_mixin.py:190} INFO - [2024-10-28T00:29:15.557+0000] {dag.py:4180} INFO - Setting next_dagrun for tutorial to 2024-10-27 00:00:00+00:00, run_after=2024-10-28 00:00:00+00:00
[2024-10-28T00:29:15.575+0000] {processor.py:208} INFO - Processing /home/airflow/.local/lib/python3.12/site-packages/airflow/example_dags/tutorial.py took 0.073 seconds
[2024-10-28T00:29:46.333+0000] {processor.py:186} INFO - Started process (PID=49478) to work on /home/airflow/.local/lib/python3.12/site-packages/airflow/example_dags/tutorial.py
[2024-10-28T00:29:46.334+0000] {processor.py:914} INFO - Processing file /home/airflow/.local/lib/python3.12/site-packages/airflow/example_dags/tutorial.py for tasks to queue
[2024-10-28T00:29:46.336+0000] {logging_mixin.py:190} INFO - [2024-10-28T00:29:46.336+0000] {dagbag.py:588} INFO - Filling up the DagBag from /home/airflow/.local/lib/python3.12/site-packages/airflow/example_dags/tutorial.py
[2024-10-28T00:29:46.344+0000] {processor.py:925} INFO - DAG(s) 'tutorial' retrieved from /home/airflow/.local/lib/python3.12/site-packages/airflow/example_dags/tutorial.py
[2024-10-28T00:29:46.363+0000] {logging_mixin.py:190} INFO - [2024-10-28T00:29:46.363+0000] {dag.py:3239} INFO - Sync 1 DAGs
[2024-10-28T00:29:46.385+0000] {logging_mixin.py:190} INFO - [2024-10-28T00:29:46.385+0000] {dag.py:4180} INFO - Setting next_dagrun for tutorial to 2024-10-27 00:00:00+00:00, run_after=2024-10-28 00:00:00+00:00
[2024-10-28T00:29:46.403+0000] {processor.py:208} INFO - Processing /home/airflow/.local/lib/python3.12/site-packages/airflow/example_dags/tutorial.py took 0.075 seconds
[2024-10-28T00:30:17.234+0000] {processor.py:186} INFO - Started process (PID=49552) to work on /home/airflow/.local/lib/python3.12/site-packages/airflow/example_dags/tutorial.py
[2024-10-28T00:30:17.235+0000] {processor.py:914} INFO - Processing file /home/airflow/.local/lib/python3.12/site-packages/airflow/example_dags/tutorial.py for tasks to queue
[2024-10-28T00:30:17.237+0000] {logging_mixin.py:190} INFO - [2024-10-28T00:30:17.236+0000] {dagbag.py:588} INFO - Filling up the DagBag from /home/airflow/.local/lib/python3.12/site-packages/airflow/example_dags/tutorial.py
[2024-10-28T00:30:17.247+0000] {processor.py:925} INFO - DAG(s) 'tutorial' retrieved from /home/airflow/.local/lib/python3.12/site-packages/airflow/example_dags/tutorial.py
[2024-10-28T00:30:17.266+0000] {logging_mixin.py:190} INFO - [2024-10-28T00:30:17.266+0000] {dag.py:3239} INFO - Sync 1 DAGs
[2024-10-28T00:30:17.295+0000] {logging_mixin.py:190} INFO - [2024-10-28T00:30:17.295+0000] {dag.py:4180} INFO - Setting next_dagrun for tutorial to 2024-10-27 00:00:00+00:00, run_after=2024-10-28 00:00:00+00:00
[2024-10-28T00:30:17.314+0000] {processor.py:208} INFO - Processing /home/airflow/.local/lib/python3.12/site-packages/airflow/example_dags/tutorial.py took 0.086 seconds
[2024-10-28T00:30:48.131+0000] {processor.py:186} INFO - Started process (PID=49626) to work on /home/airflow/.local/lib/python3.12/site-packages/airflow/example_dags/tutorial.py
[2024-10-28T00:30:48.132+0000] {processor.py:914} INFO - Processing file /home/airflow/.local/lib/python3.12/site-packages/airflow/example_dags/tutorial.py for tasks to queue
[2024-10-28T00:30:48.134+0000] {logging_mixin.py:190} INFO - [2024-10-28T00:30:48.133+0000] {dagbag.py:588} INFO - Filling up the DagBag from /home/airflow/.local/lib/python3.12/site-packages/airflow/example_dags/tutorial.py
[2024-10-28T00:30:48.142+0000] {processor.py:925} INFO - DAG(s) 'tutorial' retrieved from /home/airflow/.local/lib/python3.12/site-packages/airflow/example_dags/tutorial.py
[2024-10-28T00:30:48.162+0000] {logging_mixin.py:190} INFO - [2024-10-28T00:30:48.161+0000] {dag.py:3239} INFO - Sync 1 DAGs
[2024-10-28T00:30:48.185+0000] {logging_mixin.py:190} INFO - [2024-10-28T00:30:48.185+0000] {dag.py:4180} INFO - Setting next_dagrun for tutorial to 2024-10-27 00:00:00+00:00, run_after=2024-10-28 00:00:00+00:00
[2024-10-28T00:30:48.204+0000] {processor.py:208} INFO - Processing /home/airflow/.local/lib/python3.12/site-packages/airflow/example_dags/tutorial.py took 0.078 seconds
[2024-10-28T00:31:18.964+0000] {processor.py:186} INFO - Started process (PID=49700) to work on /home/airflow/.local/lib/python3.12/site-packages/airflow/example_dags/tutorial.py
[2024-10-28T00:31:18.966+0000] {processor.py:914} INFO - Processing file /home/airflow/.local/lib/python3.12/site-packages/airflow/example_dags/tutorial.py for tasks to queue
[2024-10-28T00:31:18.968+0000] {logging_mixin.py:190} INFO - [2024-10-28T00:31:18.968+0000] {dagbag.py:588} INFO - Filling up the DagBag from /home/airflow/.local/lib/python3.12/site-packages/airflow/example_dags/tutorial.py
[2024-10-28T00:31:18.981+0000] {processor.py:925} INFO - DAG(s) 'tutorial' retrieved from /home/airflow/.local/lib/python3.12/site-packages/airflow/example_dags/tutorial.py
[2024-10-28T00:31:19.006+0000] {logging_mixin.py:190} INFO - [2024-10-28T00:31:19.005+0000] {dag.py:3239} INFO - Sync 1 DAGs
[2024-10-28T00:31:19.030+0000] {logging_mixin.py:190} INFO - [2024-10-28T00:31:19.030+0000] {dag.py:4180} INFO - Setting next_dagrun for tutorial to 2024-10-27 00:00:00+00:00, run_after=2024-10-28 00:00:00+00:00
[2024-10-28T00:31:19.055+0000] {processor.py:208} INFO - Processing /home/airflow/.local/lib/python3.12/site-packages/airflow/example_dags/tutorial.py took 0.099 seconds
[2024-10-28T00:31:49.157+0000] {processor.py:186} INFO - Started process (PID=49774) to work on /home/airflow/.local/lib/python3.12/site-packages/airflow/example_dags/tutorial.py
[2024-10-28T00:31:49.158+0000] {processor.py:914} INFO - Processing file /home/airflow/.local/lib/python3.12/site-packages/airflow/example_dags/tutorial.py for tasks to queue
[2024-10-28T00:31:49.160+0000] {logging_mixin.py:190} INFO - [2024-10-28T00:31:49.160+0000] {dagbag.py:588} INFO - Filling up the DagBag from /home/airflow/.local/lib/python3.12/site-packages/airflow/example_dags/tutorial.py
[2024-10-28T00:31:49.172+0000] {processor.py:925} INFO - DAG(s) 'tutorial' retrieved from /home/airflow/.local/lib/python3.12/site-packages/airflow/example_dags/tutorial.py
[2024-10-28T00:31:49.201+0000] {logging_mixin.py:190} INFO - [2024-10-28T00:31:49.201+0000] {dag.py:3239} INFO - Sync 1 DAGs
[2024-10-28T00:31:49.236+0000] {logging_mixin.py:190} INFO - [2024-10-28T00:31:49.236+0000] {dag.py:4180} INFO - Setting next_dagrun for tutorial to 2024-10-27 00:00:00+00:00, run_after=2024-10-28 00:00:00+00:00
[2024-10-28T00:31:49.261+0000] {processor.py:208} INFO - Processing /home/airflow/.local/lib/python3.12/site-packages/airflow/example_dags/tutorial.py took 0.114 seconds
[2024-10-28T00:32:19.956+0000] {processor.py:186} INFO - Started process (PID=49848) to work on /home/airflow/.local/lib/python3.12/site-packages/airflow/example_dags/tutorial.py
[2024-10-28T00:32:19.957+0000] {processor.py:914} INFO - Processing file /home/airflow/.local/lib/python3.12/site-packages/airflow/example_dags/tutorial.py for tasks to queue
[2024-10-28T00:32:19.958+0000] {logging_mixin.py:190} INFO - [2024-10-28T00:32:19.958+0000] {dagbag.py:588} INFO - Filling up the DagBag from /home/airflow/.local/lib/python3.12/site-packages/airflow/example_dags/tutorial.py
[2024-10-28T00:32:19.967+0000] {processor.py:925} INFO - DAG(s) 'tutorial' retrieved from /home/airflow/.local/lib/python3.12/site-packages/airflow/example_dags/tutorial.py
[2024-10-28T00:32:19.989+0000] {logging_mixin.py:190} INFO - [2024-10-28T00:32:19.988+0000] {dag.py:3239} INFO - Sync 1 DAGs
[2024-10-28T00:32:20.014+0000] {logging_mixin.py:190} INFO - [2024-10-28T00:32:20.014+0000] {dag.py:4180} INFO - Setting next_dagrun for tutorial to 2024-10-27 00:00:00+00:00, run_after=2024-10-28 00:00:00+00:00
[2024-10-28T00:32:20.032+0000] {processor.py:208} INFO - Processing /home/airflow/.local/lib/python3.12/site-packages/airflow/example_dags/tutorial.py took 0.082 seconds
[2024-10-28T00:32:50.736+0000] {processor.py:186} INFO - Started process (PID=49922) to work on /home/airflow/.local/lib/python3.12/site-packages/airflow/example_dags/tutorial.py
[2024-10-28T00:32:50.737+0000] {processor.py:914} INFO - Processing file /home/airflow/.local/lib/python3.12/site-packages/airflow/example_dags/tutorial.py for tasks to queue
[2024-10-28T00:32:50.739+0000] {logging_mixin.py:190} INFO - [2024-10-28T00:32:50.738+0000] {dagbag.py:588} INFO - Filling up the DagBag from /home/airflow/.local/lib/python3.12/site-packages/airflow/example_dags/tutorial.py
[2024-10-28T00:32:50.747+0000] {processor.py:925} INFO - DAG(s) 'tutorial' retrieved from /home/airflow/.local/lib/python3.12/site-packages/airflow/example_dags/tutorial.py
[2024-10-28T00:32:50.767+0000] {logging_mixin.py:190} INFO - [2024-10-28T00:32:50.767+0000] {dag.py:3239} INFO - Sync 1 DAGs
[2024-10-28T00:32:50.791+0000] {logging_mixin.py:190} INFO - [2024-10-28T00:32:50.791+0000] {dag.py:4180} INFO - Setting next_dagrun for tutorial to 2024-10-27 00:00:00+00:00, run_after=2024-10-28 00:00:00+00:00
[2024-10-28T00:32:50.812+0000] {processor.py:208} INFO - Processing /home/airflow/.local/lib/python3.12/site-packages/airflow/example_dags/tutorial.py took 0.082 seconds
[2024-10-28T00:33:21.527+0000] {processor.py:186} INFO - Started process (PID=49996) to work on /home/airflow/.local/lib/python3.12/site-packages/airflow/example_dags/tutorial.py
[2024-10-28T00:33:21.528+0000] {processor.py:914} INFO - Processing file /home/airflow/.local/lib/python3.12/site-packages/airflow/example_dags/tutorial.py for tasks to queue
[2024-10-28T00:33:21.529+0000] {logging_mixin.py:190} INFO - [2024-10-28T00:33:21.529+0000] {dagbag.py:588} INFO - Filling up the DagBag from /home/airflow/.local/lib/python3.12/site-packages/airflow/example_dags/tutorial.py
[2024-10-28T00:33:21.537+0000] {processor.py:925} INFO - DAG(s) 'tutorial' retrieved from /home/airflow/.local/lib/python3.12/site-packages/airflow/example_dags/tutorial.py
[2024-10-28T00:33:21.561+0000] {logging_mixin.py:190} INFO - [2024-10-28T00:33:21.561+0000] {dag.py:3239} INFO - Sync 1 DAGs
[2024-10-28T00:33:21.586+0000] {logging_mixin.py:190} INFO - [2024-10-28T00:33:21.585+0000] {dag.py:4180} INFO - Setting next_dagrun for tutorial to 2024-10-27 00:00:00+00:00, run_after=2024-10-28 00:00:00+00:00
[2024-10-28T00:33:21.606+0000] {processor.py:208} INFO - Processing /home/airflow/.local/lib/python3.12/site-packages/airflow/example_dags/tutorial.py took 0.084 seconds
[2024-10-28T00:33:52.338+0000] {processor.py:186} INFO - Started process (PID=50070) to work on /home/airflow/.local/lib/python3.12/site-packages/airflow/example_dags/tutorial.py
[2024-10-28T00:33:52.339+0000] {processor.py:914} INFO - Processing file /home/airflow/.local/lib/python3.12/site-packages/airflow/example_dags/tutorial.py for tasks to queue
[2024-10-28T00:33:52.341+0000] {logging_mixin.py:190} INFO - [2024-10-28T00:33:52.340+0000] {dagbag.py:588} INFO - Filling up the DagBag from /home/airflow/.local/lib/python3.12/site-packages/airflow/example_dags/tutorial.py
[2024-10-28T00:33:52.349+0000] {processor.py:925} INFO - DAG(s) 'tutorial' retrieved from /home/airflow/.local/lib/python3.12/site-packages/airflow/example_dags/tutorial.py
[2024-10-28T00:33:52.369+0000] {logging_mixin.py:190} INFO - [2024-10-28T00:33:52.369+0000] {dag.py:3239} INFO - Sync 1 DAGs
[2024-10-28T00:33:52.391+0000] {logging_mixin.py:190} INFO - [2024-10-28T00:33:52.391+0000] {dag.py:4180} INFO - Setting next_dagrun for tutorial to 2024-10-27 00:00:00+00:00, run_after=2024-10-28 00:00:00+00:00
[2024-10-28T00:33:52.410+0000] {processor.py:208} INFO - Processing /home/airflow/.local/lib/python3.12/site-packages/airflow/example_dags/tutorial.py took 0.078 seconds
