[2024-10-28T00:00:04.144+0000] {processor.py:186} INFO - Started process (PID=45160) to work on /home/airflow/.local/lib/python3.12/site-packages/airflow/example_dags/tutorial_objectstorage.py
[2024-10-28T00:00:04.145+0000] {processor.py:914} INFO - Processing file /home/airflow/.local/lib/python3.12/site-packages/airflow/example_dags/tutorial_objectstorage.py for tasks to queue
[2024-10-28T00:00:04.146+0000] {logging_mixin.py:190} INFO - [2024-10-28T00:00:04.146+0000] {dagbag.py:588} INFO - Filling up the DagBag from /home/airflow/.local/lib/python3.12/site-packages/airflow/example_dags/tutorial_objectstorage.py
[2024-10-28T00:00:04.156+0000] {processor.py:925} INFO - DAG(s) 'tutorial_objectstorage' retrieved from /home/airflow/.local/lib/python3.12/site-packages/airflow/example_dags/tutorial_objectstorage.py
[2024-10-28T00:00:04.178+0000] {logging_mixin.py:190} INFO - [2024-10-28T00:00:04.177+0000] {dag.py:3239} INFO - Sync 1 DAGs
[2024-10-28T00:00:04.194+0000] {logging_mixin.py:190} INFO - [2024-10-28T00:00:04.193+0000] {dag.py:4180} INFO - Setting next_dagrun for tutorial_objectstorage to None, run_after=None
[2024-10-28T00:00:04.217+0000] {processor.py:208} INFO - Processing /home/airflow/.local/lib/python3.12/site-packages/airflow/example_dags/tutorial_objectstorage.py took 0.080 seconds
[2024-10-28T00:00:34.794+0000] {processor.py:186} INFO - Started process (PID=45234) to work on /home/airflow/.local/lib/python3.12/site-packages/airflow/example_dags/tutorial_objectstorage.py
[2024-10-28T00:00:34.795+0000] {processor.py:914} INFO - Processing file /home/airflow/.local/lib/python3.12/site-packages/airflow/example_dags/tutorial_objectstorage.py for tasks to queue
[2024-10-28T00:00:34.797+0000] {logging_mixin.py:190} INFO - [2024-10-28T00:00:34.796+0000] {dagbag.py:588} INFO - Filling up the DagBag from /home/airflow/.local/lib/python3.12/site-packages/airflow/example_dags/tutorial_objectstorage.py
[2024-10-28T00:00:34.808+0000] {processor.py:925} INFO - DAG(s) 'tutorial_objectstorage' retrieved from /home/airflow/.local/lib/python3.12/site-packages/airflow/example_dags/tutorial_objectstorage.py
[2024-10-28T00:00:34.830+0000] {logging_mixin.py:190} INFO - [2024-10-28T00:00:34.830+0000] {dag.py:3239} INFO - Sync 1 DAGs
[2024-10-28T00:00:34.844+0000] {logging_mixin.py:190} INFO - [2024-10-28T00:00:34.844+0000] {dag.py:4180} INFO - Setting next_dagrun for tutorial_objectstorage to None, run_after=None
[2024-10-28T00:00:34.865+0000] {processor.py:208} INFO - Processing /home/airflow/.local/lib/python3.12/site-packages/airflow/example_dags/tutorial_objectstorage.py took 0.079 seconds
[2024-10-28T00:01:05.440+0000] {processor.py:186} INFO - Started process (PID=45308) to work on /home/airflow/.local/lib/python3.12/site-packages/airflow/example_dags/tutorial_objectstorage.py
[2024-10-28T00:01:05.442+0000] {processor.py:914} INFO - Processing file /home/airflow/.local/lib/python3.12/site-packages/airflow/example_dags/tutorial_objectstorage.py for tasks to queue
[2024-10-28T00:01:05.443+0000] {logging_mixin.py:190} INFO - [2024-10-28T00:01:05.443+0000] {dagbag.py:588} INFO - Filling up the DagBag from /home/airflow/.local/lib/python3.12/site-packages/airflow/example_dags/tutorial_objectstorage.py
[2024-10-28T00:01:05.455+0000] {processor.py:925} INFO - DAG(s) 'tutorial_objectstorage' retrieved from /home/airflow/.local/lib/python3.12/site-packages/airflow/example_dags/tutorial_objectstorage.py
[2024-10-28T00:01:05.478+0000] {logging_mixin.py:190} INFO - [2024-10-28T00:01:05.477+0000] {dag.py:3239} INFO - Sync 1 DAGs
[2024-10-28T00:01:05.493+0000] {logging_mixin.py:190} INFO - [2024-10-28T00:01:05.493+0000] {dag.py:4180} INFO - Setting next_dagrun for tutorial_objectstorage to None, run_after=None
[2024-10-28T00:01:05.512+0000] {processor.py:208} INFO - Processing /home/airflow/.local/lib/python3.12/site-packages/airflow/example_dags/tutorial_objectstorage.py took 0.077 seconds
[2024-10-28T00:01:35.729+0000] {processor.py:186} INFO - Started process (PID=45382) to work on /home/airflow/.local/lib/python3.12/site-packages/airflow/example_dags/tutorial_objectstorage.py
[2024-10-28T00:01:35.730+0000] {processor.py:914} INFO - Processing file /home/airflow/.local/lib/python3.12/site-packages/airflow/example_dags/tutorial_objectstorage.py for tasks to queue
[2024-10-28T00:01:35.732+0000] {logging_mixin.py:190} INFO - [2024-10-28T00:01:35.732+0000] {dagbag.py:588} INFO - Filling up the DagBag from /home/airflow/.local/lib/python3.12/site-packages/airflow/example_dags/tutorial_objectstorage.py
[2024-10-28T00:01:35.741+0000] {processor.py:925} INFO - DAG(s) 'tutorial_objectstorage' retrieved from /home/airflow/.local/lib/python3.12/site-packages/airflow/example_dags/tutorial_objectstorage.py
[2024-10-28T00:01:35.764+0000] {logging_mixin.py:190} INFO - [2024-10-28T00:01:35.763+0000] {dag.py:3239} INFO - Sync 1 DAGs
[2024-10-28T00:01:35.781+0000] {logging_mixin.py:190} INFO - [2024-10-28T00:01:35.781+0000] {dag.py:4180} INFO - Setting next_dagrun for tutorial_objectstorage to None, run_after=None
[2024-10-28T00:01:35.803+0000] {processor.py:208} INFO - Processing /home/airflow/.local/lib/python3.12/site-packages/airflow/example_dags/tutorial_objectstorage.py took 0.080 seconds
[2024-10-28T00:02:06.356+0000] {processor.py:186} INFO - Started process (PID=45462) to work on /home/airflow/.local/lib/python3.12/site-packages/airflow/example_dags/tutorial_objectstorage.py
[2024-10-28T00:02:06.358+0000] {processor.py:914} INFO - Processing file /home/airflow/.local/lib/python3.12/site-packages/airflow/example_dags/tutorial_objectstorage.py for tasks to queue
[2024-10-28T00:02:06.359+0000] {logging_mixin.py:190} INFO - [2024-10-28T00:02:06.359+0000] {dagbag.py:588} INFO - Filling up the DagBag from /home/airflow/.local/lib/python3.12/site-packages/airflow/example_dags/tutorial_objectstorage.py
[2024-10-28T00:02:06.368+0000] {processor.py:925} INFO - DAG(s) 'tutorial_objectstorage' retrieved from /home/airflow/.local/lib/python3.12/site-packages/airflow/example_dags/tutorial_objectstorage.py
[2024-10-28T00:02:06.386+0000] {logging_mixin.py:190} INFO - [2024-10-28T00:02:06.386+0000] {dag.py:3239} INFO - Sync 1 DAGs
[2024-10-28T00:02:06.401+0000] {logging_mixin.py:190} INFO - [2024-10-28T00:02:06.401+0000] {dag.py:4180} INFO - Setting next_dagrun for tutorial_objectstorage to None, run_after=None
[2024-10-28T00:02:06.420+0000] {processor.py:208} INFO - Processing /home/airflow/.local/lib/python3.12/site-packages/airflow/example_dags/tutorial_objectstorage.py took 0.070 seconds
[2024-10-28T00:02:36.617+0000] {processor.py:186} INFO - Started process (PID=45536) to work on /home/airflow/.local/lib/python3.12/site-packages/airflow/example_dags/tutorial_objectstorage.py
[2024-10-28T00:02:36.618+0000] {processor.py:914} INFO - Processing file /home/airflow/.local/lib/python3.12/site-packages/airflow/example_dags/tutorial_objectstorage.py for tasks to queue
[2024-10-28T00:02:36.619+0000] {logging_mixin.py:190} INFO - [2024-10-28T00:02:36.619+0000] {dagbag.py:588} INFO - Filling up the DagBag from /home/airflow/.local/lib/python3.12/site-packages/airflow/example_dags/tutorial_objectstorage.py
[2024-10-28T00:02:36.628+0000] {processor.py:925} INFO - DAG(s) 'tutorial_objectstorage' retrieved from /home/airflow/.local/lib/python3.12/site-packages/airflow/example_dags/tutorial_objectstorage.py
[2024-10-28T00:02:36.645+0000] {logging_mixin.py:190} INFO - [2024-10-28T00:02:36.644+0000] {dag.py:3239} INFO - Sync 1 DAGs
[2024-10-28T00:02:36.658+0000] {logging_mixin.py:190} INFO - [2024-10-28T00:02:36.658+0000] {dag.py:4180} INFO - Setting next_dagrun for tutorial_objectstorage to None, run_after=None
[2024-10-28T00:02:36.684+0000] {processor.py:208} INFO - Processing /home/airflow/.local/lib/python3.12/site-packages/airflow/example_dags/tutorial_objectstorage.py took 0.072 seconds
[2024-10-28T00:03:07.066+0000] {processor.py:186} INFO - Started process (PID=45610) to work on /home/airflow/.local/lib/python3.12/site-packages/airflow/example_dags/tutorial_objectstorage.py
[2024-10-28T00:03:07.068+0000] {processor.py:914} INFO - Processing file /home/airflow/.local/lib/python3.12/site-packages/airflow/example_dags/tutorial_objectstorage.py for tasks to queue
[2024-10-28T00:03:07.070+0000] {logging_mixin.py:190} INFO - [2024-10-28T00:03:07.070+0000] {dagbag.py:588} INFO - Filling up the DagBag from /home/airflow/.local/lib/python3.12/site-packages/airflow/example_dags/tutorial_objectstorage.py
[2024-10-28T00:03:07.081+0000] {processor.py:925} INFO - DAG(s) 'tutorial_objectstorage' retrieved from /home/airflow/.local/lib/python3.12/site-packages/airflow/example_dags/tutorial_objectstorage.py
[2024-10-28T00:03:07.098+0000] {logging_mixin.py:190} INFO - [2024-10-28T00:03:07.098+0000] {dag.py:3239} INFO - Sync 1 DAGs
[2024-10-28T00:03:07.112+0000] {logging_mixin.py:190} INFO - [2024-10-28T00:03:07.112+0000] {dag.py:4180} INFO - Setting next_dagrun for tutorial_objectstorage to None, run_after=None
[2024-10-28T00:03:07.130+0000] {processor.py:208} INFO - Processing /home/airflow/.local/lib/python3.12/site-packages/airflow/example_dags/tutorial_objectstorage.py took 0.072 seconds
[2024-10-28T00:03:37.274+0000] {processor.py:186} INFO - Started process (PID=45684) to work on /home/airflow/.local/lib/python3.12/site-packages/airflow/example_dags/tutorial_objectstorage.py
[2024-10-28T00:03:37.275+0000] {processor.py:914} INFO - Processing file /home/airflow/.local/lib/python3.12/site-packages/airflow/example_dags/tutorial_objectstorage.py for tasks to queue
[2024-10-28T00:03:37.277+0000] {logging_mixin.py:190} INFO - [2024-10-28T00:03:37.277+0000] {dagbag.py:588} INFO - Filling up the DagBag from /home/airflow/.local/lib/python3.12/site-packages/airflow/example_dags/tutorial_objectstorage.py
[2024-10-28T00:03:37.287+0000] {processor.py:925} INFO - DAG(s) 'tutorial_objectstorage' retrieved from /home/airflow/.local/lib/python3.12/site-packages/airflow/example_dags/tutorial_objectstorage.py
[2024-10-28T00:03:37.305+0000] {logging_mixin.py:190} INFO - [2024-10-28T00:03:37.305+0000] {dag.py:3239} INFO - Sync 1 DAGs
[2024-10-28T00:03:37.319+0000] {logging_mixin.py:190} INFO - [2024-10-28T00:03:37.318+0000] {dag.py:4180} INFO - Setting next_dagrun for tutorial_objectstorage to None, run_after=None
[2024-10-28T00:03:37.339+0000] {processor.py:208} INFO - Processing /home/airflow/.local/lib/python3.12/site-packages/airflow/example_dags/tutorial_objectstorage.py took 0.070 seconds
[2024-10-28T00:04:08.065+0000] {processor.py:186} INFO - Started process (PID=45758) to work on /home/airflow/.local/lib/python3.12/site-packages/airflow/example_dags/tutorial_objectstorage.py
[2024-10-28T00:04:08.066+0000] {processor.py:914} INFO - Processing file /home/airflow/.local/lib/python3.12/site-packages/airflow/example_dags/tutorial_objectstorage.py for tasks to queue
[2024-10-28T00:04:08.067+0000] {logging_mixin.py:190} INFO - [2024-10-28T00:04:08.067+0000] {dagbag.py:588} INFO - Filling up the DagBag from /home/airflow/.local/lib/python3.12/site-packages/airflow/example_dags/tutorial_objectstorage.py
[2024-10-28T00:04:08.077+0000] {processor.py:925} INFO - DAG(s) 'tutorial_objectstorage' retrieved from /home/airflow/.local/lib/python3.12/site-packages/airflow/example_dags/tutorial_objectstorage.py
[2024-10-28T00:04:08.095+0000] {logging_mixin.py:190} INFO - [2024-10-28T00:04:08.095+0000] {dag.py:3239} INFO - Sync 1 DAGs
[2024-10-28T00:04:08.110+0000] {logging_mixin.py:190} INFO - [2024-10-28T00:04:08.110+0000] {dag.py:4180} INFO - Setting next_dagrun for tutorial_objectstorage to None, run_after=None
[2024-10-28T00:04:08.128+0000] {processor.py:208} INFO - Processing /home/airflow/.local/lib/python3.12/site-packages/airflow/example_dags/tutorial_objectstorage.py took 0.078 seconds
[2024-10-28T00:04:38.342+0000] {processor.py:186} INFO - Started process (PID=45832) to work on /home/airflow/.local/lib/python3.12/site-packages/airflow/example_dags/tutorial_objectstorage.py
[2024-10-28T00:04:38.343+0000] {processor.py:914} INFO - Processing file /home/airflow/.local/lib/python3.12/site-packages/airflow/example_dags/tutorial_objectstorage.py for tasks to queue
[2024-10-28T00:04:38.345+0000] {logging_mixin.py:190} INFO - [2024-10-28T00:04:38.345+0000] {dagbag.py:588} INFO - Filling up the DagBag from /home/airflow/.local/lib/python3.12/site-packages/airflow/example_dags/tutorial_objectstorage.py
[2024-10-28T00:04:38.356+0000] {processor.py:925} INFO - DAG(s) 'tutorial_objectstorage' retrieved from /home/airflow/.local/lib/python3.12/site-packages/airflow/example_dags/tutorial_objectstorage.py
[2024-10-28T00:04:38.379+0000] {logging_mixin.py:190} INFO - [2024-10-28T00:04:38.379+0000] {dag.py:3239} INFO - Sync 1 DAGs
[2024-10-28T00:04:38.396+0000] {logging_mixin.py:190} INFO - [2024-10-28T00:04:38.395+0000] {dag.py:4180} INFO - Setting next_dagrun for tutorial_objectstorage to None, run_after=None
[2024-10-28T00:04:38.418+0000] {processor.py:208} INFO - Processing /home/airflow/.local/lib/python3.12/site-packages/airflow/example_dags/tutorial_objectstorage.py took 0.082 seconds
[2024-10-28T00:05:08.960+0000] {processor.py:186} INFO - Started process (PID=45906) to work on /home/airflow/.local/lib/python3.12/site-packages/airflow/example_dags/tutorial_objectstorage.py
[2024-10-28T00:05:08.961+0000] {processor.py:914} INFO - Processing file /home/airflow/.local/lib/python3.12/site-packages/airflow/example_dags/tutorial_objectstorage.py for tasks to queue
[2024-10-28T00:05:08.962+0000] {logging_mixin.py:190} INFO - [2024-10-28T00:05:08.962+0000] {dagbag.py:588} INFO - Filling up the DagBag from /home/airflow/.local/lib/python3.12/site-packages/airflow/example_dags/tutorial_objectstorage.py
[2024-10-28T00:05:08.973+0000] {processor.py:925} INFO - DAG(s) 'tutorial_objectstorage' retrieved from /home/airflow/.local/lib/python3.12/site-packages/airflow/example_dags/tutorial_objectstorage.py
[2024-10-28T00:05:08.992+0000] {logging_mixin.py:190} INFO - [2024-10-28T00:05:08.992+0000] {dag.py:3239} INFO - Sync 1 DAGs
[2024-10-28T00:05:09.007+0000] {logging_mixin.py:190} INFO - [2024-10-28T00:05:09.007+0000] {dag.py:4180} INFO - Setting next_dagrun for tutorial_objectstorage to None, run_after=None
[2024-10-28T00:05:09.028+0000] {processor.py:208} INFO - Processing /home/airflow/.local/lib/python3.12/site-packages/airflow/example_dags/tutorial_objectstorage.py took 0.074 seconds
[2024-10-28T00:05:39.301+0000] {processor.py:186} INFO - Started process (PID=45980) to work on /home/airflow/.local/lib/python3.12/site-packages/airflow/example_dags/tutorial_objectstorage.py
[2024-10-28T00:05:39.302+0000] {processor.py:914} INFO - Processing file /home/airflow/.local/lib/python3.12/site-packages/airflow/example_dags/tutorial_objectstorage.py for tasks to queue
[2024-10-28T00:05:39.304+0000] {logging_mixin.py:190} INFO - [2024-10-28T00:05:39.303+0000] {dagbag.py:588} INFO - Filling up the DagBag from /home/airflow/.local/lib/python3.12/site-packages/airflow/example_dags/tutorial_objectstorage.py
[2024-10-28T00:05:39.317+0000] {processor.py:925} INFO - DAG(s) 'tutorial_objectstorage' retrieved from /home/airflow/.local/lib/python3.12/site-packages/airflow/example_dags/tutorial_objectstorage.py
[2024-10-28T00:05:39.347+0000] {logging_mixin.py:190} INFO - [2024-10-28T00:05:39.346+0000] {dag.py:3239} INFO - Sync 1 DAGs
[2024-10-28T00:05:39.367+0000] {logging_mixin.py:190} INFO - [2024-10-28T00:05:39.366+0000] {dag.py:4180} INFO - Setting next_dagrun for tutorial_objectstorage to None, run_after=None
[2024-10-28T00:05:39.391+0000] {processor.py:208} INFO - Processing /home/airflow/.local/lib/python3.12/site-packages/airflow/example_dags/tutorial_objectstorage.py took 0.098 seconds
[2024-10-28T00:06:09.695+0000] {processor.py:186} INFO - Started process (PID=46054) to work on /home/airflow/.local/lib/python3.12/site-packages/airflow/example_dags/tutorial_objectstorage.py
[2024-10-28T00:06:09.697+0000] {processor.py:914} INFO - Processing file /home/airflow/.local/lib/python3.12/site-packages/airflow/example_dags/tutorial_objectstorage.py for tasks to queue
[2024-10-28T00:06:09.698+0000] {logging_mixin.py:190} INFO - [2024-10-28T00:06:09.698+0000] {dagbag.py:588} INFO - Filling up the DagBag from /home/airflow/.local/lib/python3.12/site-packages/airflow/example_dags/tutorial_objectstorage.py
[2024-10-28T00:06:09.708+0000] {processor.py:925} INFO - DAG(s) 'tutorial_objectstorage' retrieved from /home/airflow/.local/lib/python3.12/site-packages/airflow/example_dags/tutorial_objectstorage.py
[2024-10-28T00:06:09.728+0000] {logging_mixin.py:190} INFO - [2024-10-28T00:06:09.728+0000] {dag.py:3239} INFO - Sync 1 DAGs
[2024-10-28T00:06:09.743+0000] {logging_mixin.py:190} INFO - [2024-10-28T00:06:09.743+0000] {dag.py:4180} INFO - Setting next_dagrun for tutorial_objectstorage to None, run_after=None
[2024-10-28T00:06:09.766+0000] {processor.py:208} INFO - Processing /home/airflow/.local/lib/python3.12/site-packages/airflow/example_dags/tutorial_objectstorage.py took 0.077 seconds
[2024-10-28T00:06:40.011+0000] {processor.py:186} INFO - Started process (PID=46128) to work on /home/airflow/.local/lib/python3.12/site-packages/airflow/example_dags/tutorial_objectstorage.py
[2024-10-28T00:06:40.012+0000] {processor.py:914} INFO - Processing file /home/airflow/.local/lib/python3.12/site-packages/airflow/example_dags/tutorial_objectstorage.py for tasks to queue
[2024-10-28T00:06:40.014+0000] {logging_mixin.py:190} INFO - [2024-10-28T00:06:40.013+0000] {dagbag.py:588} INFO - Filling up the DagBag from /home/airflow/.local/lib/python3.12/site-packages/airflow/example_dags/tutorial_objectstorage.py
[2024-10-28T00:06:40.023+0000] {processor.py:925} INFO - DAG(s) 'tutorial_objectstorage' retrieved from /home/airflow/.local/lib/python3.12/site-packages/airflow/example_dags/tutorial_objectstorage.py
[2024-10-28T00:06:40.043+0000] {logging_mixin.py:190} INFO - [2024-10-28T00:06:40.042+0000] {dag.py:3239} INFO - Sync 1 DAGs
[2024-10-28T00:06:40.058+0000] {logging_mixin.py:190} INFO - [2024-10-28T00:06:40.057+0000] {dag.py:4180} INFO - Setting next_dagrun for tutorial_objectstorage to None, run_after=None
[2024-10-28T00:06:40.077+0000] {processor.py:208} INFO - Processing /home/airflow/.local/lib/python3.12/site-packages/airflow/example_dags/tutorial_objectstorage.py took 0.073 seconds
[2024-10-28T00:07:11.158+0000] {processor.py:186} INFO - Started process (PID=46202) to work on /home/airflow/.local/lib/python3.12/site-packages/airflow/example_dags/tutorial_objectstorage.py
[2024-10-28T00:07:11.159+0000] {processor.py:914} INFO - Processing file /home/airflow/.local/lib/python3.12/site-packages/airflow/example_dags/tutorial_objectstorage.py for tasks to queue
[2024-10-28T00:07:11.161+0000] {logging_mixin.py:190} INFO - [2024-10-28T00:07:11.160+0000] {dagbag.py:588} INFO - Filling up the DagBag from /home/airflow/.local/lib/python3.12/site-packages/airflow/example_dags/tutorial_objectstorage.py
[2024-10-28T00:07:11.170+0000] {processor.py:925} INFO - DAG(s) 'tutorial_objectstorage' retrieved from /home/airflow/.local/lib/python3.12/site-packages/airflow/example_dags/tutorial_objectstorage.py
[2024-10-28T00:07:11.188+0000] {logging_mixin.py:190} INFO - [2024-10-28T00:07:11.187+0000] {dag.py:3239} INFO - Sync 1 DAGs
[2024-10-28T00:07:11.201+0000] {logging_mixin.py:190} INFO - [2024-10-28T00:07:11.201+0000] {dag.py:4180} INFO - Setting next_dagrun for tutorial_objectstorage to None, run_after=None
[2024-10-28T00:07:11.221+0000] {processor.py:208} INFO - Processing /home/airflow/.local/lib/python3.12/site-packages/airflow/example_dags/tutorial_objectstorage.py took 0.069 seconds
[2024-10-28T00:07:41.984+0000] {processor.py:186} INFO - Started process (PID=46277) to work on /home/airflow/.local/lib/python3.12/site-packages/airflow/example_dags/tutorial_objectstorage.py
[2024-10-28T00:07:41.985+0000] {processor.py:914} INFO - Processing file /home/airflow/.local/lib/python3.12/site-packages/airflow/example_dags/tutorial_objectstorage.py for tasks to queue
[2024-10-28T00:07:41.987+0000] {logging_mixin.py:190} INFO - [2024-10-28T00:07:41.986+0000] {dagbag.py:588} INFO - Filling up the DagBag from /home/airflow/.local/lib/python3.12/site-packages/airflow/example_dags/tutorial_objectstorage.py
[2024-10-28T00:07:41.996+0000] {processor.py:925} INFO - DAG(s) 'tutorial_objectstorage' retrieved from /home/airflow/.local/lib/python3.12/site-packages/airflow/example_dags/tutorial_objectstorage.py
[2024-10-28T00:07:42.014+0000] {logging_mixin.py:190} INFO - [2024-10-28T00:07:42.014+0000] {dag.py:3239} INFO - Sync 1 DAGs
[2024-10-28T00:07:42.027+0000] {logging_mixin.py:190} INFO - [2024-10-28T00:07:42.027+0000] {dag.py:4180} INFO - Setting next_dagrun for tutorial_objectstorage to None, run_after=None
[2024-10-28T00:07:42.047+0000] {processor.py:208} INFO - Processing /home/airflow/.local/lib/python3.12/site-packages/airflow/example_dags/tutorial_objectstorage.py took 0.071 seconds
[2024-10-28T00:08:12.122+0000] {processor.py:186} INFO - Started process (PID=46339) to work on /home/airflow/.local/lib/python3.12/site-packages/airflow/example_dags/tutorial_objectstorage.py
[2024-10-28T00:08:12.123+0000] {processor.py:914} INFO - Processing file /home/airflow/.local/lib/python3.12/site-packages/airflow/example_dags/tutorial_objectstorage.py for tasks to queue
[2024-10-28T00:08:12.125+0000] {logging_mixin.py:190} INFO - [2024-10-28T00:08:12.124+0000] {dagbag.py:588} INFO - Filling up the DagBag from /home/airflow/.local/lib/python3.12/site-packages/airflow/example_dags/tutorial_objectstorage.py
[2024-10-28T00:08:12.136+0000] {processor.py:925} INFO - DAG(s) 'tutorial_objectstorage' retrieved from /home/airflow/.local/lib/python3.12/site-packages/airflow/example_dags/tutorial_objectstorage.py
[2024-10-28T00:08:12.157+0000] {logging_mixin.py:190} INFO - [2024-10-28T00:08:12.157+0000] {dag.py:3239} INFO - Sync 1 DAGs
[2024-10-28T00:08:12.174+0000] {logging_mixin.py:190} INFO - [2024-10-28T00:08:12.174+0000] {dag.py:4180} INFO - Setting next_dagrun for tutorial_objectstorage to None, run_after=None
[2024-10-28T00:08:12.198+0000] {processor.py:208} INFO - Processing /home/airflow/.local/lib/python3.12/site-packages/airflow/example_dags/tutorial_objectstorage.py took 0.082 seconds
[2024-10-28T00:08:42.775+0000] {processor.py:186} INFO - Started process (PID=46413) to work on /home/airflow/.local/lib/python3.12/site-packages/airflow/example_dags/tutorial_objectstorage.py
[2024-10-28T00:08:42.776+0000] {processor.py:914} INFO - Processing file /home/airflow/.local/lib/python3.12/site-packages/airflow/example_dags/tutorial_objectstorage.py for tasks to queue
[2024-10-28T00:08:42.777+0000] {logging_mixin.py:190} INFO - [2024-10-28T00:08:42.777+0000] {dagbag.py:588} INFO - Filling up the DagBag from /home/airflow/.local/lib/python3.12/site-packages/airflow/example_dags/tutorial_objectstorage.py
[2024-10-28T00:08:42.788+0000] {processor.py:925} INFO - DAG(s) 'tutorial_objectstorage' retrieved from /home/airflow/.local/lib/python3.12/site-packages/airflow/example_dags/tutorial_objectstorage.py
[2024-10-28T00:08:42.808+0000] {logging_mixin.py:190} INFO - [2024-10-28T00:08:42.808+0000] {dag.py:3239} INFO - Sync 1 DAGs
[2024-10-28T00:08:42.823+0000] {logging_mixin.py:190} INFO - [2024-10-28T00:08:42.823+0000] {dag.py:4180} INFO - Setting next_dagrun for tutorial_objectstorage to None, run_after=None
[2024-10-28T00:08:42.843+0000] {processor.py:208} INFO - Processing /home/airflow/.local/lib/python3.12/site-packages/airflow/example_dags/tutorial_objectstorage.py took 0.076 seconds
[2024-10-28T00:09:13.593+0000] {processor.py:186} INFO - Started process (PID=46487) to work on /home/airflow/.local/lib/python3.12/site-packages/airflow/example_dags/tutorial_objectstorage.py
[2024-10-28T00:09:13.594+0000] {processor.py:914} INFO - Processing file /home/airflow/.local/lib/python3.12/site-packages/airflow/example_dags/tutorial_objectstorage.py for tasks to queue
[2024-10-28T00:09:13.596+0000] {logging_mixin.py:190} INFO - [2024-10-28T00:09:13.595+0000] {dagbag.py:588} INFO - Filling up the DagBag from /home/airflow/.local/lib/python3.12/site-packages/airflow/example_dags/tutorial_objectstorage.py
[2024-10-28T00:09:13.608+0000] {processor.py:925} INFO - DAG(s) 'tutorial_objectstorage' retrieved from /home/airflow/.local/lib/python3.12/site-packages/airflow/example_dags/tutorial_objectstorage.py
[2024-10-28T00:09:13.631+0000] {logging_mixin.py:190} INFO - [2024-10-28T00:09:13.630+0000] {dag.py:3239} INFO - Sync 1 DAGs
[2024-10-28T00:09:13.651+0000] {logging_mixin.py:190} INFO - [2024-10-28T00:09:13.651+0000] {dag.py:4180} INFO - Setting next_dagrun for tutorial_objectstorage to None, run_after=None
[2024-10-28T00:09:13.684+0000] {processor.py:208} INFO - Processing /home/airflow/.local/lib/python3.12/site-packages/airflow/example_dags/tutorial_objectstorage.py took 0.098 seconds
[2024-10-28T00:09:44.312+0000] {processor.py:186} INFO - Started process (PID=46561) to work on /home/airflow/.local/lib/python3.12/site-packages/airflow/example_dags/tutorial_objectstorage.py
[2024-10-28T00:09:44.313+0000] {processor.py:914} INFO - Processing file /home/airflow/.local/lib/python3.12/site-packages/airflow/example_dags/tutorial_objectstorage.py for tasks to queue
[2024-10-28T00:09:44.316+0000] {logging_mixin.py:190} INFO - [2024-10-28T00:09:44.315+0000] {dagbag.py:588} INFO - Filling up the DagBag from /home/airflow/.local/lib/python3.12/site-packages/airflow/example_dags/tutorial_objectstorage.py
[2024-10-28T00:09:44.325+0000] {processor.py:925} INFO - DAG(s) 'tutorial_objectstorage' retrieved from /home/airflow/.local/lib/python3.12/site-packages/airflow/example_dags/tutorial_objectstorage.py
[2024-10-28T00:09:44.346+0000] {logging_mixin.py:190} INFO - [2024-10-28T00:09:44.346+0000] {dag.py:3239} INFO - Sync 1 DAGs
[2024-10-28T00:09:44.362+0000] {logging_mixin.py:190} INFO - [2024-10-28T00:09:44.362+0000] {dag.py:4180} INFO - Setting next_dagrun for tutorial_objectstorage to None, run_after=None
[2024-10-28T00:09:44.386+0000] {processor.py:208} INFO - Processing /home/airflow/.local/lib/python3.12/site-packages/airflow/example_dags/tutorial_objectstorage.py took 0.081 seconds
[2024-10-28T00:10:14.513+0000] {processor.py:186} INFO - Started process (PID=46635) to work on /home/airflow/.local/lib/python3.12/site-packages/airflow/example_dags/tutorial_objectstorage.py
[2024-10-28T00:10:14.514+0000] {processor.py:914} INFO - Processing file /home/airflow/.local/lib/python3.12/site-packages/airflow/example_dags/tutorial_objectstorage.py for tasks to queue
[2024-10-28T00:10:14.515+0000] {logging_mixin.py:190} INFO - [2024-10-28T00:10:14.515+0000] {dagbag.py:588} INFO - Filling up the DagBag from /home/airflow/.local/lib/python3.12/site-packages/airflow/example_dags/tutorial_objectstorage.py
[2024-10-28T00:10:14.525+0000] {processor.py:925} INFO - DAG(s) 'tutorial_objectstorage' retrieved from /home/airflow/.local/lib/python3.12/site-packages/airflow/example_dags/tutorial_objectstorage.py
[2024-10-28T00:10:14.550+0000] {logging_mixin.py:190} INFO - [2024-10-28T00:10:14.549+0000] {dag.py:3239} INFO - Sync 1 DAGs
[2024-10-28T00:10:14.565+0000] {logging_mixin.py:190} INFO - [2024-10-28T00:10:14.565+0000] {dag.py:4180} INFO - Setting next_dagrun for tutorial_objectstorage to None, run_after=None
[2024-10-28T00:10:14.587+0000] {processor.py:208} INFO - Processing /home/airflow/.local/lib/python3.12/site-packages/airflow/example_dags/tutorial_objectstorage.py took 0.083 seconds
[2024-10-28T00:10:44.783+0000] {processor.py:186} INFO - Started process (PID=46709) to work on /home/airflow/.local/lib/python3.12/site-packages/airflow/example_dags/tutorial_objectstorage.py
[2024-10-28T00:10:44.784+0000] {processor.py:914} INFO - Processing file /home/airflow/.local/lib/python3.12/site-packages/airflow/example_dags/tutorial_objectstorage.py for tasks to queue
[2024-10-28T00:10:44.786+0000] {logging_mixin.py:190} INFO - [2024-10-28T00:10:44.786+0000] {dagbag.py:588} INFO - Filling up the DagBag from /home/airflow/.local/lib/python3.12/site-packages/airflow/example_dags/tutorial_objectstorage.py
[2024-10-28T00:10:44.797+0000] {processor.py:925} INFO - DAG(s) 'tutorial_objectstorage' retrieved from /home/airflow/.local/lib/python3.12/site-packages/airflow/example_dags/tutorial_objectstorage.py
[2024-10-28T00:10:44.817+0000] {logging_mixin.py:190} INFO - [2024-10-28T00:10:44.817+0000] {dag.py:3239} INFO - Sync 1 DAGs
[2024-10-28T00:10:44.834+0000] {logging_mixin.py:190} INFO - [2024-10-28T00:10:44.834+0000] {dag.py:4180} INFO - Setting next_dagrun for tutorial_objectstorage to None, run_after=None
[2024-10-28T00:10:44.859+0000] {processor.py:208} INFO - Processing /home/airflow/.local/lib/python3.12/site-packages/airflow/example_dags/tutorial_objectstorage.py took 0.085 seconds
[2024-10-28T00:11:15.803+0000] {processor.py:186} INFO - Started process (PID=46783) to work on /home/airflow/.local/lib/python3.12/site-packages/airflow/example_dags/tutorial_objectstorage.py
[2024-10-28T00:11:15.805+0000] {processor.py:914} INFO - Processing file /home/airflow/.local/lib/python3.12/site-packages/airflow/example_dags/tutorial_objectstorage.py for tasks to queue
[2024-10-28T00:11:15.806+0000] {logging_mixin.py:190} INFO - [2024-10-28T00:11:15.806+0000] {dagbag.py:588} INFO - Filling up the DagBag from /home/airflow/.local/lib/python3.12/site-packages/airflow/example_dags/tutorial_objectstorage.py
[2024-10-28T00:11:15.816+0000] {processor.py:925} INFO - DAG(s) 'tutorial_objectstorage' retrieved from /home/airflow/.local/lib/python3.12/site-packages/airflow/example_dags/tutorial_objectstorage.py
[2024-10-28T00:11:15.835+0000] {logging_mixin.py:190} INFO - [2024-10-28T00:11:15.835+0000] {dag.py:3239} INFO - Sync 1 DAGs
[2024-10-28T00:11:15.850+0000] {logging_mixin.py:190} INFO - [2024-10-28T00:11:15.850+0000] {dag.py:4180} INFO - Setting next_dagrun for tutorial_objectstorage to None, run_after=None
[2024-10-28T00:11:15.871+0000] {processor.py:208} INFO - Processing /home/airflow/.local/lib/python3.12/site-packages/airflow/example_dags/tutorial_objectstorage.py took 0.074 seconds
[2024-10-28T00:11:46.110+0000] {processor.py:186} INFO - Started process (PID=46857) to work on /home/airflow/.local/lib/python3.12/site-packages/airflow/example_dags/tutorial_objectstorage.py
[2024-10-28T00:11:46.111+0000] {processor.py:914} INFO - Processing file /home/airflow/.local/lib/python3.12/site-packages/airflow/example_dags/tutorial_objectstorage.py for tasks to queue
[2024-10-28T00:11:46.113+0000] {logging_mixin.py:190} INFO - [2024-10-28T00:11:46.112+0000] {dagbag.py:588} INFO - Filling up the DagBag from /home/airflow/.local/lib/python3.12/site-packages/airflow/example_dags/tutorial_objectstorage.py
[2024-10-28T00:11:46.122+0000] {processor.py:925} INFO - DAG(s) 'tutorial_objectstorage' retrieved from /home/airflow/.local/lib/python3.12/site-packages/airflow/example_dags/tutorial_objectstorage.py
[2024-10-28T00:11:46.140+0000] {logging_mixin.py:190} INFO - [2024-10-28T00:11:46.140+0000] {dag.py:3239} INFO - Sync 1 DAGs
[2024-10-28T00:11:46.154+0000] {logging_mixin.py:190} INFO - [2024-10-28T00:11:46.154+0000] {dag.py:4180} INFO - Setting next_dagrun for tutorial_objectstorage to None, run_after=None
[2024-10-28T00:11:46.174+0000] {processor.py:208} INFO - Processing /home/airflow/.local/lib/python3.12/site-packages/airflow/example_dags/tutorial_objectstorage.py took 0.070 seconds
[2024-10-28T00:12:16.484+0000] {processor.py:186} INFO - Started process (PID=46931) to work on /home/airflow/.local/lib/python3.12/site-packages/airflow/example_dags/tutorial_objectstorage.py
[2024-10-28T00:12:16.485+0000] {processor.py:914} INFO - Processing file /home/airflow/.local/lib/python3.12/site-packages/airflow/example_dags/tutorial_objectstorage.py for tasks to queue
[2024-10-28T00:12:16.487+0000] {logging_mixin.py:190} INFO - [2024-10-28T00:12:16.486+0000] {dagbag.py:588} INFO - Filling up the DagBag from /home/airflow/.local/lib/python3.12/site-packages/airflow/example_dags/tutorial_objectstorage.py
[2024-10-28T00:12:16.496+0000] {processor.py:925} INFO - DAG(s) 'tutorial_objectstorage' retrieved from /home/airflow/.local/lib/python3.12/site-packages/airflow/example_dags/tutorial_objectstorage.py
[2024-10-28T00:12:16.514+0000] {logging_mixin.py:190} INFO - [2024-10-28T00:12:16.514+0000] {dag.py:3239} INFO - Sync 1 DAGs
[2024-10-28T00:12:16.527+0000] {logging_mixin.py:190} INFO - [2024-10-28T00:12:16.527+0000] {dag.py:4180} INFO - Setting next_dagrun for tutorial_objectstorage to None, run_after=None
[2024-10-28T00:12:16.545+0000] {processor.py:208} INFO - Processing /home/airflow/.local/lib/python3.12/site-packages/airflow/example_dags/tutorial_objectstorage.py took 0.066 seconds
[2024-10-28T00:12:46.929+0000] {processor.py:186} INFO - Started process (PID=47005) to work on /home/airflow/.local/lib/python3.12/site-packages/airflow/example_dags/tutorial_objectstorage.py
[2024-10-28T00:12:46.930+0000] {processor.py:914} INFO - Processing file /home/airflow/.local/lib/python3.12/site-packages/airflow/example_dags/tutorial_objectstorage.py for tasks to queue
[2024-10-28T00:12:46.931+0000] {logging_mixin.py:190} INFO - [2024-10-28T00:12:46.931+0000] {dagbag.py:588} INFO - Filling up the DagBag from /home/airflow/.local/lib/python3.12/site-packages/airflow/example_dags/tutorial_objectstorage.py
[2024-10-28T00:12:46.940+0000] {processor.py:925} INFO - DAG(s) 'tutorial_objectstorage' retrieved from /home/airflow/.local/lib/python3.12/site-packages/airflow/example_dags/tutorial_objectstorage.py
[2024-10-28T00:12:46.958+0000] {logging_mixin.py:190} INFO - [2024-10-28T00:12:46.957+0000] {dag.py:3239} INFO - Sync 1 DAGs
[2024-10-28T00:12:46.971+0000] {logging_mixin.py:190} INFO - [2024-10-28T00:12:46.971+0000] {dag.py:4180} INFO - Setting next_dagrun for tutorial_objectstorage to None, run_after=None
[2024-10-28T00:12:46.991+0000] {processor.py:208} INFO - Processing /home/airflow/.local/lib/python3.12/site-packages/airflow/example_dags/tutorial_objectstorage.py took 0.067 seconds
[2024-10-28T00:13:17.413+0000] {processor.py:186} INFO - Started process (PID=47079) to work on /home/airflow/.local/lib/python3.12/site-packages/airflow/example_dags/tutorial_objectstorage.py
[2024-10-28T00:13:17.414+0000] {processor.py:914} INFO - Processing file /home/airflow/.local/lib/python3.12/site-packages/airflow/example_dags/tutorial_objectstorage.py for tasks to queue
[2024-10-28T00:13:17.416+0000] {logging_mixin.py:190} INFO - [2024-10-28T00:13:17.415+0000] {dagbag.py:588} INFO - Filling up the DagBag from /home/airflow/.local/lib/python3.12/site-packages/airflow/example_dags/tutorial_objectstorage.py
[2024-10-28T00:13:17.424+0000] {processor.py:925} INFO - DAG(s) 'tutorial_objectstorage' retrieved from /home/airflow/.local/lib/python3.12/site-packages/airflow/example_dags/tutorial_objectstorage.py
[2024-10-28T00:13:17.442+0000] {logging_mixin.py:190} INFO - [2024-10-28T00:13:17.441+0000] {dag.py:3239} INFO - Sync 1 DAGs
[2024-10-28T00:13:17.454+0000] {logging_mixin.py:190} INFO - [2024-10-28T00:13:17.454+0000] {dag.py:4180} INFO - Setting next_dagrun for tutorial_objectstorage to None, run_after=None
[2024-10-28T00:13:17.471+0000] {processor.py:208} INFO - Processing /home/airflow/.local/lib/python3.12/site-packages/airflow/example_dags/tutorial_objectstorage.py took 0.064 seconds
[2024-10-28T00:13:47.848+0000] {processor.py:186} INFO - Started process (PID=47153) to work on /home/airflow/.local/lib/python3.12/site-packages/airflow/example_dags/tutorial_objectstorage.py
[2024-10-28T00:13:47.849+0000] {processor.py:914} INFO - Processing file /home/airflow/.local/lib/python3.12/site-packages/airflow/example_dags/tutorial_objectstorage.py for tasks to queue
[2024-10-28T00:13:47.850+0000] {logging_mixin.py:190} INFO - [2024-10-28T00:13:47.850+0000] {dagbag.py:588} INFO - Filling up the DagBag from /home/airflow/.local/lib/python3.12/site-packages/airflow/example_dags/tutorial_objectstorage.py
[2024-10-28T00:13:47.859+0000] {processor.py:925} INFO - DAG(s) 'tutorial_objectstorage' retrieved from /home/airflow/.local/lib/python3.12/site-packages/airflow/example_dags/tutorial_objectstorage.py
[2024-10-28T00:13:47.876+0000] {logging_mixin.py:190} INFO - [2024-10-28T00:13:47.876+0000] {dag.py:3239} INFO - Sync 1 DAGs
[2024-10-28T00:13:47.889+0000] {logging_mixin.py:190} INFO - [2024-10-28T00:13:47.889+0000] {dag.py:4180} INFO - Setting next_dagrun for tutorial_objectstorage to None, run_after=None
[2024-10-28T00:13:47.908+0000] {processor.py:208} INFO - Processing /home/airflow/.local/lib/python3.12/site-packages/airflow/example_dags/tutorial_objectstorage.py took 0.066 seconds
[2024-10-28T00:14:17.985+0000] {processor.py:186} INFO - Started process (PID=47227) to work on /home/airflow/.local/lib/python3.12/site-packages/airflow/example_dags/tutorial_objectstorage.py
[2024-10-28T00:14:17.986+0000] {processor.py:914} INFO - Processing file /home/airflow/.local/lib/python3.12/site-packages/airflow/example_dags/tutorial_objectstorage.py for tasks to queue
[2024-10-28T00:14:17.987+0000] {logging_mixin.py:190} INFO - [2024-10-28T00:14:17.987+0000] {dagbag.py:588} INFO - Filling up the DagBag from /home/airflow/.local/lib/python3.12/site-packages/airflow/example_dags/tutorial_objectstorage.py
[2024-10-28T00:14:17.997+0000] {processor.py:925} INFO - DAG(s) 'tutorial_objectstorage' retrieved from /home/airflow/.local/lib/python3.12/site-packages/airflow/example_dags/tutorial_objectstorage.py
[2024-10-28T00:14:18.016+0000] {logging_mixin.py:190} INFO - [2024-10-28T00:14:18.016+0000] {dag.py:3239} INFO - Sync 1 DAGs
[2024-10-28T00:14:18.029+0000] {logging_mixin.py:190} INFO - [2024-10-28T00:14:18.029+0000] {dag.py:4180} INFO - Setting next_dagrun for tutorial_objectstorage to None, run_after=None
[2024-10-28T00:14:18.047+0000] {processor.py:208} INFO - Processing /home/airflow/.local/lib/python3.12/site-packages/airflow/example_dags/tutorial_objectstorage.py took 0.068 seconds
[2024-10-28T00:14:48.270+0000] {processor.py:186} INFO - Started process (PID=47301) to work on /home/airflow/.local/lib/python3.12/site-packages/airflow/example_dags/tutorial_objectstorage.py
[2024-10-28T00:14:48.271+0000] {processor.py:914} INFO - Processing file /home/airflow/.local/lib/python3.12/site-packages/airflow/example_dags/tutorial_objectstorage.py for tasks to queue
[2024-10-28T00:14:48.273+0000] {logging_mixin.py:190} INFO - [2024-10-28T00:14:48.272+0000] {dagbag.py:588} INFO - Filling up the DagBag from /home/airflow/.local/lib/python3.12/site-packages/airflow/example_dags/tutorial_objectstorage.py
[2024-10-28T00:14:48.281+0000] {processor.py:925} INFO - DAG(s) 'tutorial_objectstorage' retrieved from /home/airflow/.local/lib/python3.12/site-packages/airflow/example_dags/tutorial_objectstorage.py
[2024-10-28T00:14:48.299+0000] {logging_mixin.py:190} INFO - [2024-10-28T00:14:48.299+0000] {dag.py:3239} INFO - Sync 1 DAGs
[2024-10-28T00:14:48.312+0000] {logging_mixin.py:190} INFO - [2024-10-28T00:14:48.312+0000] {dag.py:4180} INFO - Setting next_dagrun for tutorial_objectstorage to None, run_after=None
[2024-10-28T00:14:48.331+0000] {processor.py:208} INFO - Processing /home/airflow/.local/lib/python3.12/site-packages/airflow/example_dags/tutorial_objectstorage.py took 0.067 seconds
[2024-10-28T00:15:18.695+0000] {processor.py:186} INFO - Started process (PID=47375) to work on /home/airflow/.local/lib/python3.12/site-packages/airflow/example_dags/tutorial_objectstorage.py
[2024-10-28T00:15:18.697+0000] {processor.py:914} INFO - Processing file /home/airflow/.local/lib/python3.12/site-packages/airflow/example_dags/tutorial_objectstorage.py for tasks to queue
[2024-10-28T00:15:18.698+0000] {logging_mixin.py:190} INFO - [2024-10-28T00:15:18.698+0000] {dagbag.py:588} INFO - Filling up the DagBag from /home/airflow/.local/lib/python3.12/site-packages/airflow/example_dags/tutorial_objectstorage.py
[2024-10-28T00:15:18.707+0000] {processor.py:925} INFO - DAG(s) 'tutorial_objectstorage' retrieved from /home/airflow/.local/lib/python3.12/site-packages/airflow/example_dags/tutorial_objectstorage.py
[2024-10-28T00:15:18.725+0000] {logging_mixin.py:190} INFO - [2024-10-28T00:15:18.725+0000] {dag.py:3239} INFO - Sync 1 DAGs
[2024-10-28T00:15:18.738+0000] {logging_mixin.py:190} INFO - [2024-10-28T00:15:18.738+0000] {dag.py:4180} INFO - Setting next_dagrun for tutorial_objectstorage to None, run_after=None
[2024-10-28T00:15:18.756+0000] {processor.py:208} INFO - Processing /home/airflow/.local/lib/python3.12/site-packages/airflow/example_dags/tutorial_objectstorage.py took 0.066 seconds
[2024-10-28T00:15:49.140+0000] {processor.py:186} INFO - Started process (PID=47449) to work on /home/airflow/.local/lib/python3.12/site-packages/airflow/example_dags/tutorial_objectstorage.py
[2024-10-28T00:15:49.141+0000] {processor.py:914} INFO - Processing file /home/airflow/.local/lib/python3.12/site-packages/airflow/example_dags/tutorial_objectstorage.py for tasks to queue
[2024-10-28T00:15:49.143+0000] {logging_mixin.py:190} INFO - [2024-10-28T00:15:49.142+0000] {dagbag.py:588} INFO - Filling up the DagBag from /home/airflow/.local/lib/python3.12/site-packages/airflow/example_dags/tutorial_objectstorage.py
[2024-10-28T00:15:49.152+0000] {processor.py:925} INFO - DAG(s) 'tutorial_objectstorage' retrieved from /home/airflow/.local/lib/python3.12/site-packages/airflow/example_dags/tutorial_objectstorage.py
[2024-10-28T00:15:49.170+0000] {logging_mixin.py:190} INFO - [2024-10-28T00:15:49.170+0000] {dag.py:3239} INFO - Sync 1 DAGs
[2024-10-28T00:15:49.184+0000] {logging_mixin.py:190} INFO - [2024-10-28T00:15:49.184+0000] {dag.py:4180} INFO - Setting next_dagrun for tutorial_objectstorage to None, run_after=None
[2024-10-28T00:15:49.201+0000] {processor.py:208} INFO - Processing /home/airflow/.local/lib/python3.12/site-packages/airflow/example_dags/tutorial_objectstorage.py took 0.067 seconds
[2024-10-28T00:16:20.061+0000] {processor.py:186} INFO - Started process (PID=47523) to work on /home/airflow/.local/lib/python3.12/site-packages/airflow/example_dags/tutorial_objectstorage.py
[2024-10-28T00:16:20.062+0000] {processor.py:914} INFO - Processing file /home/airflow/.local/lib/python3.12/site-packages/airflow/example_dags/tutorial_objectstorage.py for tasks to queue
[2024-10-28T00:16:20.064+0000] {logging_mixin.py:190} INFO - [2024-10-28T00:16:20.064+0000] {dagbag.py:588} INFO - Filling up the DagBag from /home/airflow/.local/lib/python3.12/site-packages/airflow/example_dags/tutorial_objectstorage.py
[2024-10-28T00:16:20.073+0000] {processor.py:925} INFO - DAG(s) 'tutorial_objectstorage' retrieved from /home/airflow/.local/lib/python3.12/site-packages/airflow/example_dags/tutorial_objectstorage.py
[2024-10-28T00:16:20.090+0000] {logging_mixin.py:190} INFO - [2024-10-28T00:16:20.090+0000] {dag.py:3239} INFO - Sync 1 DAGs
[2024-10-28T00:16:20.104+0000] {logging_mixin.py:190} INFO - [2024-10-28T00:16:20.104+0000] {dag.py:4180} INFO - Setting next_dagrun for tutorial_objectstorage to None, run_after=None
[2024-10-28T00:16:20.121+0000] {processor.py:208} INFO - Processing /home/airflow/.local/lib/python3.12/site-packages/airflow/example_dags/tutorial_objectstorage.py took 0.066 seconds
[2024-10-28T00:16:50.967+0000] {processor.py:186} INFO - Started process (PID=47597) to work on /home/airflow/.local/lib/python3.12/site-packages/airflow/example_dags/tutorial_objectstorage.py
[2024-10-28T00:16:50.968+0000] {processor.py:914} INFO - Processing file /home/airflow/.local/lib/python3.12/site-packages/airflow/example_dags/tutorial_objectstorage.py for tasks to queue
[2024-10-28T00:16:50.970+0000] {logging_mixin.py:190} INFO - [2024-10-28T00:16:50.969+0000] {dagbag.py:588} INFO - Filling up the DagBag from /home/airflow/.local/lib/python3.12/site-packages/airflow/example_dags/tutorial_objectstorage.py
[2024-10-28T00:16:50.978+0000] {processor.py:925} INFO - DAG(s) 'tutorial_objectstorage' retrieved from /home/airflow/.local/lib/python3.12/site-packages/airflow/example_dags/tutorial_objectstorage.py
[2024-10-28T00:16:50.995+0000] {logging_mixin.py:190} INFO - [2024-10-28T00:16:50.995+0000] {dag.py:3239} INFO - Sync 1 DAGs
[2024-10-28T00:16:51.009+0000] {logging_mixin.py:190} INFO - [2024-10-28T00:16:51.009+0000] {dag.py:4180} INFO - Setting next_dagrun for tutorial_objectstorage to None, run_after=None
[2024-10-28T00:16:51.027+0000] {processor.py:208} INFO - Processing /home/airflow/.local/lib/python3.12/site-packages/airflow/example_dags/tutorial_objectstorage.py took 0.065 seconds
[2024-10-28T00:17:21.536+0000] {processor.py:186} INFO - Started process (PID=47671) to work on /home/airflow/.local/lib/python3.12/site-packages/airflow/example_dags/tutorial_objectstorage.py
[2024-10-28T00:17:21.537+0000] {processor.py:914} INFO - Processing file /home/airflow/.local/lib/python3.12/site-packages/airflow/example_dags/tutorial_objectstorage.py for tasks to queue
[2024-10-28T00:17:21.538+0000] {logging_mixin.py:190} INFO - [2024-10-28T00:17:21.538+0000] {dagbag.py:588} INFO - Filling up the DagBag from /home/airflow/.local/lib/python3.12/site-packages/airflow/example_dags/tutorial_objectstorage.py
[2024-10-28T00:17:21.547+0000] {processor.py:925} INFO - DAG(s) 'tutorial_objectstorage' retrieved from /home/airflow/.local/lib/python3.12/site-packages/airflow/example_dags/tutorial_objectstorage.py
[2024-10-28T00:17:21.564+0000] {logging_mixin.py:190} INFO - [2024-10-28T00:17:21.564+0000] {dag.py:3239} INFO - Sync 1 DAGs
[2024-10-28T00:17:21.578+0000] {logging_mixin.py:190} INFO - [2024-10-28T00:17:21.577+0000] {dag.py:4180} INFO - Setting next_dagrun for tutorial_objectstorage to None, run_after=None
[2024-10-28T00:17:21.595+0000] {processor.py:208} INFO - Processing /home/airflow/.local/lib/python3.12/site-packages/airflow/example_dags/tutorial_objectstorage.py took 0.065 seconds
[2024-10-28T00:17:51.829+0000] {processor.py:186} INFO - Started process (PID=47745) to work on /home/airflow/.local/lib/python3.12/site-packages/airflow/example_dags/tutorial_objectstorage.py
[2024-10-28T00:17:51.830+0000] {processor.py:914} INFO - Processing file /home/airflow/.local/lib/python3.12/site-packages/airflow/example_dags/tutorial_objectstorage.py for tasks to queue
[2024-10-28T00:17:51.832+0000] {logging_mixin.py:190} INFO - [2024-10-28T00:17:51.831+0000] {dagbag.py:588} INFO - Filling up the DagBag from /home/airflow/.local/lib/python3.12/site-packages/airflow/example_dags/tutorial_objectstorage.py
[2024-10-28T00:17:51.843+0000] {processor.py:925} INFO - DAG(s) 'tutorial_objectstorage' retrieved from /home/airflow/.local/lib/python3.12/site-packages/airflow/example_dags/tutorial_objectstorage.py
[2024-10-28T00:17:51.863+0000] {logging_mixin.py:190} INFO - [2024-10-28T00:17:51.863+0000] {dag.py:3239} INFO - Sync 1 DAGs
[2024-10-28T00:17:51.879+0000] {logging_mixin.py:190} INFO - [2024-10-28T00:17:51.879+0000] {dag.py:4180} INFO - Setting next_dagrun for tutorial_objectstorage to None, run_after=None
[2024-10-28T00:17:51.898+0000] {processor.py:208} INFO - Processing /home/airflow/.local/lib/python3.12/site-packages/airflow/example_dags/tutorial_objectstorage.py took 0.074 seconds
[2024-10-28T00:18:22.359+0000] {processor.py:186} INFO - Started process (PID=47819) to work on /home/airflow/.local/lib/python3.12/site-packages/airflow/example_dags/tutorial_objectstorage.py
[2024-10-28T00:18:22.360+0000] {processor.py:914} INFO - Processing file /home/airflow/.local/lib/python3.12/site-packages/airflow/example_dags/tutorial_objectstorage.py for tasks to queue
[2024-10-28T00:18:22.361+0000] {logging_mixin.py:190} INFO - [2024-10-28T00:18:22.361+0000] {dagbag.py:588} INFO - Filling up the DagBag from /home/airflow/.local/lib/python3.12/site-packages/airflow/example_dags/tutorial_objectstorage.py
[2024-10-28T00:18:22.372+0000] {processor.py:925} INFO - DAG(s) 'tutorial_objectstorage' retrieved from /home/airflow/.local/lib/python3.12/site-packages/airflow/example_dags/tutorial_objectstorage.py
[2024-10-28T00:18:22.395+0000] {logging_mixin.py:190} INFO - [2024-10-28T00:18:22.394+0000] {dag.py:3239} INFO - Sync 1 DAGs
[2024-10-28T00:18:22.412+0000] {logging_mixin.py:190} INFO - [2024-10-28T00:18:22.412+0000] {dag.py:4180} INFO - Setting next_dagrun for tutorial_objectstorage to None, run_after=None
[2024-10-28T00:18:22.440+0000] {processor.py:208} INFO - Processing /home/airflow/.local/lib/python3.12/site-packages/airflow/example_dags/tutorial_objectstorage.py took 0.088 seconds
[2024-10-28T00:18:52.715+0000] {processor.py:186} INFO - Started process (PID=47893) to work on /home/airflow/.local/lib/python3.12/site-packages/airflow/example_dags/tutorial_objectstorage.py
[2024-10-28T00:18:52.716+0000] {processor.py:914} INFO - Processing file /home/airflow/.local/lib/python3.12/site-packages/airflow/example_dags/tutorial_objectstorage.py for tasks to queue
[2024-10-28T00:18:52.718+0000] {logging_mixin.py:190} INFO - [2024-10-28T00:18:52.717+0000] {dagbag.py:588} INFO - Filling up the DagBag from /home/airflow/.local/lib/python3.12/site-packages/airflow/example_dags/tutorial_objectstorage.py
[2024-10-28T00:18:52.727+0000] {processor.py:925} INFO - DAG(s) 'tutorial_objectstorage' retrieved from /home/airflow/.local/lib/python3.12/site-packages/airflow/example_dags/tutorial_objectstorage.py
[2024-10-28T00:18:52.745+0000] {logging_mixin.py:190} INFO - [2024-10-28T00:18:52.744+0000] {dag.py:3239} INFO - Sync 1 DAGs
[2024-10-28T00:18:52.758+0000] {logging_mixin.py:190} INFO - [2024-10-28T00:18:52.758+0000] {dag.py:4180} INFO - Setting next_dagrun for tutorial_objectstorage to None, run_after=None
[2024-10-28T00:18:52.777+0000] {processor.py:208} INFO - Processing /home/airflow/.local/lib/python3.12/site-packages/airflow/example_dags/tutorial_objectstorage.py took 0.068 seconds
[2024-10-28T00:19:23.355+0000] {processor.py:186} INFO - Started process (PID=47967) to work on /home/airflow/.local/lib/python3.12/site-packages/airflow/example_dags/tutorial_objectstorage.py
[2024-10-28T00:19:23.356+0000] {processor.py:914} INFO - Processing file /home/airflow/.local/lib/python3.12/site-packages/airflow/example_dags/tutorial_objectstorage.py for tasks to queue
[2024-10-28T00:19:23.358+0000] {logging_mixin.py:190} INFO - [2024-10-28T00:19:23.357+0000] {dagbag.py:588} INFO - Filling up the DagBag from /home/airflow/.local/lib/python3.12/site-packages/airflow/example_dags/tutorial_objectstorage.py
[2024-10-28T00:19:23.371+0000] {processor.py:925} INFO - DAG(s) 'tutorial_objectstorage' retrieved from /home/airflow/.local/lib/python3.12/site-packages/airflow/example_dags/tutorial_objectstorage.py
[2024-10-28T00:19:23.391+0000] {logging_mixin.py:190} INFO - [2024-10-28T00:19:23.391+0000] {dag.py:3239} INFO - Sync 1 DAGs
[2024-10-28T00:19:23.408+0000] {logging_mixin.py:190} INFO - [2024-10-28T00:19:23.408+0000] {dag.py:4180} INFO - Setting next_dagrun for tutorial_objectstorage to None, run_after=None
[2024-10-28T00:19:23.433+0000] {processor.py:208} INFO - Processing /home/airflow/.local/lib/python3.12/site-packages/airflow/example_dags/tutorial_objectstorage.py took 0.084 seconds
[2024-10-28T00:19:53.617+0000] {processor.py:186} INFO - Started process (PID=48041) to work on /home/airflow/.local/lib/python3.12/site-packages/airflow/example_dags/tutorial_objectstorage.py
[2024-10-28T00:19:53.618+0000] {processor.py:914} INFO - Processing file /home/airflow/.local/lib/python3.12/site-packages/airflow/example_dags/tutorial_objectstorage.py for tasks to queue
[2024-10-28T00:19:53.620+0000] {logging_mixin.py:190} INFO - [2024-10-28T00:19:53.619+0000] {dagbag.py:588} INFO - Filling up the DagBag from /home/airflow/.local/lib/python3.12/site-packages/airflow/example_dags/tutorial_objectstorage.py
[2024-10-28T00:19:53.632+0000] {processor.py:925} INFO - DAG(s) 'tutorial_objectstorage' retrieved from /home/airflow/.local/lib/python3.12/site-packages/airflow/example_dags/tutorial_objectstorage.py
[2024-10-28T00:19:53.654+0000] {logging_mixin.py:190} INFO - [2024-10-28T00:19:53.654+0000] {dag.py:3239} INFO - Sync 1 DAGs
[2024-10-28T00:19:53.674+0000] {logging_mixin.py:190} INFO - [2024-10-28T00:19:53.674+0000] {dag.py:4180} INFO - Setting next_dagrun for tutorial_objectstorage to None, run_after=None
[2024-10-28T00:19:53.702+0000] {processor.py:208} INFO - Processing /home/airflow/.local/lib/python3.12/site-packages/airflow/example_dags/tutorial_objectstorage.py took 0.092 seconds
[2024-10-28T00:20:24.133+0000] {processor.py:186} INFO - Started process (PID=48115) to work on /home/airflow/.local/lib/python3.12/site-packages/airflow/example_dags/tutorial_objectstorage.py
[2024-10-28T00:20:24.135+0000] {processor.py:914} INFO - Processing file /home/airflow/.local/lib/python3.12/site-packages/airflow/example_dags/tutorial_objectstorage.py for tasks to queue
[2024-10-28T00:20:24.137+0000] {logging_mixin.py:190} INFO - [2024-10-28T00:20:24.136+0000] {dagbag.py:588} INFO - Filling up the DagBag from /home/airflow/.local/lib/python3.12/site-packages/airflow/example_dags/tutorial_objectstorage.py
[2024-10-28T00:20:24.147+0000] {processor.py:925} INFO - DAG(s) 'tutorial_objectstorage' retrieved from /home/airflow/.local/lib/python3.12/site-packages/airflow/example_dags/tutorial_objectstorage.py
[2024-10-28T00:20:24.169+0000] {logging_mixin.py:190} INFO - [2024-10-28T00:20:24.169+0000] {dag.py:3239} INFO - Sync 1 DAGs
[2024-10-28T00:20:24.188+0000] {logging_mixin.py:190} INFO - [2024-10-28T00:20:24.188+0000] {dag.py:4180} INFO - Setting next_dagrun for tutorial_objectstorage to None, run_after=None
[2024-10-28T00:20:24.210+0000] {processor.py:208} INFO - Processing /home/airflow/.local/lib/python3.12/site-packages/airflow/example_dags/tutorial_objectstorage.py took 0.083 seconds
[2024-10-28T00:20:54.918+0000] {processor.py:186} INFO - Started process (PID=48189) to work on /home/airflow/.local/lib/python3.12/site-packages/airflow/example_dags/tutorial_objectstorage.py
[2024-10-28T00:20:54.920+0000] {processor.py:914} INFO - Processing file /home/airflow/.local/lib/python3.12/site-packages/airflow/example_dags/tutorial_objectstorage.py for tasks to queue
[2024-10-28T00:20:54.922+0000] {logging_mixin.py:190} INFO - [2024-10-28T00:20:54.921+0000] {dagbag.py:588} INFO - Filling up the DagBag from /home/airflow/.local/lib/python3.12/site-packages/airflow/example_dags/tutorial_objectstorage.py
[2024-10-28T00:20:54.932+0000] {processor.py:925} INFO - DAG(s) 'tutorial_objectstorage' retrieved from /home/airflow/.local/lib/python3.12/site-packages/airflow/example_dags/tutorial_objectstorage.py
[2024-10-28T00:20:54.954+0000] {logging_mixin.py:190} INFO - [2024-10-28T00:20:54.954+0000] {dag.py:3239} INFO - Sync 1 DAGs
[2024-10-28T00:20:54.970+0000] {logging_mixin.py:190} INFO - [2024-10-28T00:20:54.970+0000] {dag.py:4180} INFO - Setting next_dagrun for tutorial_objectstorage to None, run_after=None
[2024-10-28T00:20:54.993+0000] {processor.py:208} INFO - Processing /home/airflow/.local/lib/python3.12/site-packages/airflow/example_dags/tutorial_objectstorage.py took 0.081 seconds
[2024-10-28T00:21:25.706+0000] {processor.py:186} INFO - Started process (PID=48263) to work on /home/airflow/.local/lib/python3.12/site-packages/airflow/example_dags/tutorial_objectstorage.py
[2024-10-28T00:21:25.707+0000] {processor.py:914} INFO - Processing file /home/airflow/.local/lib/python3.12/site-packages/airflow/example_dags/tutorial_objectstorage.py for tasks to queue
[2024-10-28T00:21:25.708+0000] {logging_mixin.py:190} INFO - [2024-10-28T00:21:25.708+0000] {dagbag.py:588} INFO - Filling up the DagBag from /home/airflow/.local/lib/python3.12/site-packages/airflow/example_dags/tutorial_objectstorage.py
[2024-10-28T00:21:25.718+0000] {processor.py:925} INFO - DAG(s) 'tutorial_objectstorage' retrieved from /home/airflow/.local/lib/python3.12/site-packages/airflow/example_dags/tutorial_objectstorage.py
[2024-10-28T00:21:25.739+0000] {logging_mixin.py:190} INFO - [2024-10-28T00:21:25.739+0000] {dag.py:3239} INFO - Sync 1 DAGs
[2024-10-28T00:21:25.755+0000] {logging_mixin.py:190} INFO - [2024-10-28T00:21:25.755+0000] {dag.py:4180} INFO - Setting next_dagrun for tutorial_objectstorage to None, run_after=None
[2024-10-28T00:21:25.775+0000] {processor.py:208} INFO - Processing /home/airflow/.local/lib/python3.12/site-packages/airflow/example_dags/tutorial_objectstorage.py took 0.076 seconds
[2024-10-28T00:21:56.214+0000] {processor.py:186} INFO - Started process (PID=48337) to work on /home/airflow/.local/lib/python3.12/site-packages/airflow/example_dags/tutorial_objectstorage.py
[2024-10-28T00:21:56.216+0000] {processor.py:914} INFO - Processing file /home/airflow/.local/lib/python3.12/site-packages/airflow/example_dags/tutorial_objectstorage.py for tasks to queue
[2024-10-28T00:21:56.218+0000] {logging_mixin.py:190} INFO - [2024-10-28T00:21:56.217+0000] {dagbag.py:588} INFO - Filling up the DagBag from /home/airflow/.local/lib/python3.12/site-packages/airflow/example_dags/tutorial_objectstorage.py
[2024-10-28T00:21:56.228+0000] {processor.py:925} INFO - DAG(s) 'tutorial_objectstorage' retrieved from /home/airflow/.local/lib/python3.12/site-packages/airflow/example_dags/tutorial_objectstorage.py
[2024-10-28T00:21:56.246+0000] {logging_mixin.py:190} INFO - [2024-10-28T00:21:56.246+0000] {dag.py:3239} INFO - Sync 1 DAGs
[2024-10-28T00:21:56.261+0000] {logging_mixin.py:190} INFO - [2024-10-28T00:21:56.261+0000] {dag.py:4180} INFO - Setting next_dagrun for tutorial_objectstorage to None, run_after=None
[2024-10-28T00:21:56.281+0000] {processor.py:208} INFO - Processing /home/airflow/.local/lib/python3.12/site-packages/airflow/example_dags/tutorial_objectstorage.py took 0.074 seconds
[2024-10-28T00:22:27.131+0000] {processor.py:186} INFO - Started process (PID=48411) to work on /home/airflow/.local/lib/python3.12/site-packages/airflow/example_dags/tutorial_objectstorage.py
[2024-10-28T00:22:27.133+0000] {processor.py:914} INFO - Processing file /home/airflow/.local/lib/python3.12/site-packages/airflow/example_dags/tutorial_objectstorage.py for tasks to queue
[2024-10-28T00:22:27.134+0000] {logging_mixin.py:190} INFO - [2024-10-28T00:22:27.134+0000] {dagbag.py:588} INFO - Filling up the DagBag from /home/airflow/.local/lib/python3.12/site-packages/airflow/example_dags/tutorial_objectstorage.py
[2024-10-28T00:22:27.146+0000] {processor.py:925} INFO - DAG(s) 'tutorial_objectstorage' retrieved from /home/airflow/.local/lib/python3.12/site-packages/airflow/example_dags/tutorial_objectstorage.py
[2024-10-28T00:22:27.167+0000] {logging_mixin.py:190} INFO - [2024-10-28T00:22:27.167+0000] {dag.py:3239} INFO - Sync 1 DAGs
[2024-10-28T00:22:27.182+0000] {logging_mixin.py:190} INFO - [2024-10-28T00:22:27.182+0000] {dag.py:4180} INFO - Setting next_dagrun for tutorial_objectstorage to None, run_after=None
[2024-10-28T00:22:27.204+0000] {processor.py:208} INFO - Processing /home/airflow/.local/lib/python3.12/site-packages/airflow/example_dags/tutorial_objectstorage.py took 0.080 seconds
[2024-10-28T00:22:57.681+0000] {processor.py:186} INFO - Started process (PID=48485) to work on /home/airflow/.local/lib/python3.12/site-packages/airflow/example_dags/tutorial_objectstorage.py
[2024-10-28T00:22:57.683+0000] {processor.py:914} INFO - Processing file /home/airflow/.local/lib/python3.12/site-packages/airflow/example_dags/tutorial_objectstorage.py for tasks to queue
[2024-10-28T00:22:57.685+0000] {logging_mixin.py:190} INFO - [2024-10-28T00:22:57.685+0000] {dagbag.py:588} INFO - Filling up the DagBag from /home/airflow/.local/lib/python3.12/site-packages/airflow/example_dags/tutorial_objectstorage.py
[2024-10-28T00:22:57.694+0000] {processor.py:925} INFO - DAG(s) 'tutorial_objectstorage' retrieved from /home/airflow/.local/lib/python3.12/site-packages/airflow/example_dags/tutorial_objectstorage.py
[2024-10-28T00:22:57.715+0000] {logging_mixin.py:190} INFO - [2024-10-28T00:22:57.715+0000] {dag.py:3239} INFO - Sync 1 DAGs
[2024-10-28T00:22:57.730+0000] {logging_mixin.py:190} INFO - [2024-10-28T00:22:57.730+0000] {dag.py:4180} INFO - Setting next_dagrun for tutorial_objectstorage to None, run_after=None
[2024-10-28T00:22:57.751+0000] {processor.py:208} INFO - Processing /home/airflow/.local/lib/python3.12/site-packages/airflow/example_dags/tutorial_objectstorage.py took 0.075 seconds
[2024-10-28T00:23:28.073+0000] {processor.py:186} INFO - Started process (PID=48559) to work on /home/airflow/.local/lib/python3.12/site-packages/airflow/example_dags/tutorial_objectstorage.py
[2024-10-28T00:23:28.074+0000] {processor.py:914} INFO - Processing file /home/airflow/.local/lib/python3.12/site-packages/airflow/example_dags/tutorial_objectstorage.py for tasks to queue
[2024-10-28T00:23:28.075+0000] {logging_mixin.py:190} INFO - [2024-10-28T00:23:28.075+0000] {dagbag.py:588} INFO - Filling up the DagBag from /home/airflow/.local/lib/python3.12/site-packages/airflow/example_dags/tutorial_objectstorage.py
[2024-10-28T00:23:28.084+0000] {processor.py:925} INFO - DAG(s) 'tutorial_objectstorage' retrieved from /home/airflow/.local/lib/python3.12/site-packages/airflow/example_dags/tutorial_objectstorage.py
[2024-10-28T00:23:28.102+0000] {logging_mixin.py:190} INFO - [2024-10-28T00:23:28.102+0000] {dag.py:3239} INFO - Sync 1 DAGs
[2024-10-28T00:23:28.116+0000] {logging_mixin.py:190} INFO - [2024-10-28T00:23:28.116+0000] {dag.py:4180} INFO - Setting next_dagrun for tutorial_objectstorage to None, run_after=None
[2024-10-28T00:23:28.135+0000] {processor.py:208} INFO - Processing /home/airflow/.local/lib/python3.12/site-packages/airflow/example_dags/tutorial_objectstorage.py took 0.067 seconds
[2024-10-28T00:23:59.129+0000] {processor.py:186} INFO - Started process (PID=48633) to work on /home/airflow/.local/lib/python3.12/site-packages/airflow/example_dags/tutorial_objectstorage.py
[2024-10-28T00:23:59.131+0000] {processor.py:914} INFO - Processing file /home/airflow/.local/lib/python3.12/site-packages/airflow/example_dags/tutorial_objectstorage.py for tasks to queue
[2024-10-28T00:23:59.133+0000] {logging_mixin.py:190} INFO - [2024-10-28T00:23:59.132+0000] {dagbag.py:588} INFO - Filling up the DagBag from /home/airflow/.local/lib/python3.12/site-packages/airflow/example_dags/tutorial_objectstorage.py
[2024-10-28T00:23:59.148+0000] {processor.py:925} INFO - DAG(s) 'tutorial_objectstorage' retrieved from /home/airflow/.local/lib/python3.12/site-packages/airflow/example_dags/tutorial_objectstorage.py
[2024-10-28T00:23:59.190+0000] {logging_mixin.py:190} INFO - [2024-10-28T00:23:59.190+0000] {dag.py:3239} INFO - Sync 1 DAGs
[2024-10-28T00:23:59.218+0000] {logging_mixin.py:190} INFO - [2024-10-28T00:23:59.218+0000] {dag.py:4180} INFO - Setting next_dagrun for tutorial_objectstorage to None, run_after=None
[2024-10-28T00:23:59.240+0000] {processor.py:208} INFO - Processing /home/airflow/.local/lib/python3.12/site-packages/airflow/example_dags/tutorial_objectstorage.py took 0.120 seconds
[2024-10-28T00:24:29.423+0000] {processor.py:186} INFO - Started process (PID=48707) to work on /home/airflow/.local/lib/python3.12/site-packages/airflow/example_dags/tutorial_objectstorage.py
[2024-10-28T00:24:29.424+0000] {processor.py:914} INFO - Processing file /home/airflow/.local/lib/python3.12/site-packages/airflow/example_dags/tutorial_objectstorage.py for tasks to queue
[2024-10-28T00:24:29.425+0000] {logging_mixin.py:190} INFO - [2024-10-28T00:24:29.425+0000] {dagbag.py:588} INFO - Filling up the DagBag from /home/airflow/.local/lib/python3.12/site-packages/airflow/example_dags/tutorial_objectstorage.py
[2024-10-28T00:24:29.434+0000] {processor.py:925} INFO - DAG(s) 'tutorial_objectstorage' retrieved from /home/airflow/.local/lib/python3.12/site-packages/airflow/example_dags/tutorial_objectstorage.py
[2024-10-28T00:24:29.452+0000] {logging_mixin.py:190} INFO - [2024-10-28T00:24:29.452+0000] {dag.py:3239} INFO - Sync 1 DAGs
[2024-10-28T00:24:29.465+0000] {logging_mixin.py:190} INFO - [2024-10-28T00:24:29.465+0000] {dag.py:4180} INFO - Setting next_dagrun for tutorial_objectstorage to None, run_after=None
[2024-10-28T00:24:29.484+0000] {processor.py:208} INFO - Processing /home/airflow/.local/lib/python3.12/site-packages/airflow/example_dags/tutorial_objectstorage.py took 0.067 seconds
[2024-10-28T00:25:00.097+0000] {processor.py:186} INFO - Started process (PID=48781) to work on /home/airflow/.local/lib/python3.12/site-packages/airflow/example_dags/tutorial_objectstorage.py
[2024-10-28T00:25:00.099+0000] {processor.py:914} INFO - Processing file /home/airflow/.local/lib/python3.12/site-packages/airflow/example_dags/tutorial_objectstorage.py for tasks to queue
[2024-10-28T00:25:00.101+0000] {logging_mixin.py:190} INFO - [2024-10-28T00:25:00.100+0000] {dagbag.py:588} INFO - Filling up the DagBag from /home/airflow/.local/lib/python3.12/site-packages/airflow/example_dags/tutorial_objectstorage.py
[2024-10-28T00:25:00.112+0000] {processor.py:925} INFO - DAG(s) 'tutorial_objectstorage' retrieved from /home/airflow/.local/lib/python3.12/site-packages/airflow/example_dags/tutorial_objectstorage.py
[2024-10-28T00:25:00.136+0000] {logging_mixin.py:190} INFO - [2024-10-28T00:25:00.136+0000] {dag.py:3239} INFO - Sync 1 DAGs
[2024-10-28T00:25:00.157+0000] {logging_mixin.py:190} INFO - [2024-10-28T00:25:00.156+0000] {dag.py:4180} INFO - Setting next_dagrun for tutorial_objectstorage to None, run_after=None
[2024-10-28T00:25:00.180+0000] {processor.py:208} INFO - Processing /home/airflow/.local/lib/python3.12/site-packages/airflow/example_dags/tutorial_objectstorage.py took 0.089 seconds
[2024-10-28T00:25:30.399+0000] {processor.py:186} INFO - Started process (PID=48855) to work on /home/airflow/.local/lib/python3.12/site-packages/airflow/example_dags/tutorial_objectstorage.py
[2024-10-28T00:25:30.401+0000] {processor.py:914} INFO - Processing file /home/airflow/.local/lib/python3.12/site-packages/airflow/example_dags/tutorial_objectstorage.py for tasks to queue
[2024-10-28T00:25:30.402+0000] {logging_mixin.py:190} INFO - [2024-10-28T00:25:30.402+0000] {dagbag.py:588} INFO - Filling up the DagBag from /home/airflow/.local/lib/python3.12/site-packages/airflow/example_dags/tutorial_objectstorage.py
[2024-10-28T00:25:30.413+0000] {processor.py:925} INFO - DAG(s) 'tutorial_objectstorage' retrieved from /home/airflow/.local/lib/python3.12/site-packages/airflow/example_dags/tutorial_objectstorage.py
[2024-10-28T00:25:30.432+0000] {logging_mixin.py:190} INFO - [2024-10-28T00:25:30.432+0000] {dag.py:3239} INFO - Sync 1 DAGs
[2024-10-28T00:25:30.446+0000] {logging_mixin.py:190} INFO - [2024-10-28T00:25:30.446+0000] {dag.py:4180} INFO - Setting next_dagrun for tutorial_objectstorage to None, run_after=None
[2024-10-28T00:25:30.466+0000] {processor.py:208} INFO - Processing /home/airflow/.local/lib/python3.12/site-packages/airflow/example_dags/tutorial_objectstorage.py took 0.072 seconds
[2024-10-28T00:26:00.964+0000] {processor.py:186} INFO - Started process (PID=48929) to work on /home/airflow/.local/lib/python3.12/site-packages/airflow/example_dags/tutorial_objectstorage.py
[2024-10-28T00:26:00.966+0000] {processor.py:914} INFO - Processing file /home/airflow/.local/lib/python3.12/site-packages/airflow/example_dags/tutorial_objectstorage.py for tasks to queue
[2024-10-28T00:26:00.967+0000] {logging_mixin.py:190} INFO - [2024-10-28T00:26:00.967+0000] {dagbag.py:588} INFO - Filling up the DagBag from /home/airflow/.local/lib/python3.12/site-packages/airflow/example_dags/tutorial_objectstorage.py
[2024-10-28T00:26:00.976+0000] {processor.py:925} INFO - DAG(s) 'tutorial_objectstorage' retrieved from /home/airflow/.local/lib/python3.12/site-packages/airflow/example_dags/tutorial_objectstorage.py
[2024-10-28T00:26:00.994+0000] {logging_mixin.py:190} INFO - [2024-10-28T00:26:00.994+0000] {dag.py:3239} INFO - Sync 1 DAGs
[2024-10-28T00:26:01.007+0000] {logging_mixin.py:190} INFO - [2024-10-28T00:26:01.007+0000] {dag.py:4180} INFO - Setting next_dagrun for tutorial_objectstorage to None, run_after=None
[2024-10-28T00:26:01.025+0000] {processor.py:208} INFO - Processing /home/airflow/.local/lib/python3.12/site-packages/airflow/example_dags/tutorial_objectstorage.py took 0.066 seconds
[2024-10-28T00:26:31.369+0000] {processor.py:186} INFO - Started process (PID=49003) to work on /home/airflow/.local/lib/python3.12/site-packages/airflow/example_dags/tutorial_objectstorage.py
[2024-10-28T00:26:31.370+0000] {processor.py:914} INFO - Processing file /home/airflow/.local/lib/python3.12/site-packages/airflow/example_dags/tutorial_objectstorage.py for tasks to queue
[2024-10-28T00:26:31.372+0000] {logging_mixin.py:190} INFO - [2024-10-28T00:26:31.372+0000] {dagbag.py:588} INFO - Filling up the DagBag from /home/airflow/.local/lib/python3.12/site-packages/airflow/example_dags/tutorial_objectstorage.py
[2024-10-28T00:26:31.381+0000] {processor.py:925} INFO - DAG(s) 'tutorial_objectstorage' retrieved from /home/airflow/.local/lib/python3.12/site-packages/airflow/example_dags/tutorial_objectstorage.py
[2024-10-28T00:26:31.402+0000] {logging_mixin.py:190} INFO - [2024-10-28T00:26:31.401+0000] {dag.py:3239} INFO - Sync 1 DAGs
[2024-10-28T00:26:31.417+0000] {logging_mixin.py:190} INFO - [2024-10-28T00:26:31.417+0000] {dag.py:4180} INFO - Setting next_dagrun for tutorial_objectstorage to None, run_after=None
[2024-10-28T00:26:31.434+0000] {processor.py:208} INFO - Processing /home/airflow/.local/lib/python3.12/site-packages/airflow/example_dags/tutorial_objectstorage.py took 0.071 seconds
[2024-10-28T00:27:01.750+0000] {processor.py:186} INFO - Started process (PID=49077) to work on /home/airflow/.local/lib/python3.12/site-packages/airflow/example_dags/tutorial_objectstorage.py
[2024-10-28T00:27:01.751+0000] {processor.py:914} INFO - Processing file /home/airflow/.local/lib/python3.12/site-packages/airflow/example_dags/tutorial_objectstorage.py for tasks to queue
[2024-10-28T00:27:01.753+0000] {logging_mixin.py:190} INFO - [2024-10-28T00:27:01.752+0000] {dagbag.py:588} INFO - Filling up the DagBag from /home/airflow/.local/lib/python3.12/site-packages/airflow/example_dags/tutorial_objectstorage.py
[2024-10-28T00:27:01.761+0000] {processor.py:925} INFO - DAG(s) 'tutorial_objectstorage' retrieved from /home/airflow/.local/lib/python3.12/site-packages/airflow/example_dags/tutorial_objectstorage.py
[2024-10-28T00:27:01.780+0000] {logging_mixin.py:190} INFO - [2024-10-28T00:27:01.779+0000] {dag.py:3239} INFO - Sync 1 DAGs
[2024-10-28T00:27:01.794+0000] {logging_mixin.py:190} INFO - [2024-10-28T00:27:01.793+0000] {dag.py:4180} INFO - Setting next_dagrun for tutorial_objectstorage to None, run_after=None
[2024-10-28T00:27:01.812+0000] {processor.py:208} INFO - Processing /home/airflow/.local/lib/python3.12/site-packages/airflow/example_dags/tutorial_objectstorage.py took 0.068 seconds
[2024-10-28T00:27:32.645+0000] {processor.py:186} INFO - Started process (PID=49151) to work on /home/airflow/.local/lib/python3.12/site-packages/airflow/example_dags/tutorial_objectstorage.py
[2024-10-28T00:27:32.646+0000] {processor.py:914} INFO - Processing file /home/airflow/.local/lib/python3.12/site-packages/airflow/example_dags/tutorial_objectstorage.py for tasks to queue
[2024-10-28T00:27:32.648+0000] {logging_mixin.py:190} INFO - [2024-10-28T00:27:32.648+0000] {dagbag.py:588} INFO - Filling up the DagBag from /home/airflow/.local/lib/python3.12/site-packages/airflow/example_dags/tutorial_objectstorage.py
[2024-10-28T00:27:32.658+0000] {processor.py:925} INFO - DAG(s) 'tutorial_objectstorage' retrieved from /home/airflow/.local/lib/python3.12/site-packages/airflow/example_dags/tutorial_objectstorage.py
[2024-10-28T00:27:32.676+0000] {logging_mixin.py:190} INFO - [2024-10-28T00:27:32.676+0000] {dag.py:3239} INFO - Sync 1 DAGs
[2024-10-28T00:27:32.691+0000] {logging_mixin.py:190} INFO - [2024-10-28T00:27:32.691+0000] {dag.py:4180} INFO - Setting next_dagrun for tutorial_objectstorage to None, run_after=None
[2024-10-28T00:27:32.709+0000] {processor.py:208} INFO - Processing /home/airflow/.local/lib/python3.12/site-packages/airflow/example_dags/tutorial_objectstorage.py took 0.069 seconds
[2024-10-28T00:28:03.597+0000] {processor.py:186} INFO - Started process (PID=49225) to work on /home/airflow/.local/lib/python3.12/site-packages/airflow/example_dags/tutorial_objectstorage.py
[2024-10-28T00:28:03.598+0000] {processor.py:914} INFO - Processing file /home/airflow/.local/lib/python3.12/site-packages/airflow/example_dags/tutorial_objectstorage.py for tasks to queue
[2024-10-28T00:28:03.599+0000] {logging_mixin.py:190} INFO - [2024-10-28T00:28:03.599+0000] {dagbag.py:588} INFO - Filling up the DagBag from /home/airflow/.local/lib/python3.12/site-packages/airflow/example_dags/tutorial_objectstorage.py
[2024-10-28T00:28:03.609+0000] {processor.py:925} INFO - DAG(s) 'tutorial_objectstorage' retrieved from /home/airflow/.local/lib/python3.12/site-packages/airflow/example_dags/tutorial_objectstorage.py
[2024-10-28T00:28:03.632+0000] {logging_mixin.py:190} INFO - [2024-10-28T00:28:03.632+0000] {dag.py:3239} INFO - Sync 1 DAGs
[2024-10-28T00:28:03.648+0000] {logging_mixin.py:190} INFO - [2024-10-28T00:28:03.648+0000] {dag.py:4180} INFO - Setting next_dagrun for tutorial_objectstorage to None, run_after=None
[2024-10-28T00:28:03.670+0000] {processor.py:208} INFO - Processing /home/airflow/.local/lib/python3.12/site-packages/airflow/example_dags/tutorial_objectstorage.py took 0.081 seconds
[2024-10-28T00:28:34.159+0000] {processor.py:186} INFO - Started process (PID=49299) to work on /home/airflow/.local/lib/python3.12/site-packages/airflow/example_dags/tutorial_objectstorage.py
[2024-10-28T00:28:34.160+0000] {processor.py:914} INFO - Processing file /home/airflow/.local/lib/python3.12/site-packages/airflow/example_dags/tutorial_objectstorage.py for tasks to queue
[2024-10-28T00:28:34.161+0000] {logging_mixin.py:190} INFO - [2024-10-28T00:28:34.161+0000] {dagbag.py:588} INFO - Filling up the DagBag from /home/airflow/.local/lib/python3.12/site-packages/airflow/example_dags/tutorial_objectstorage.py
[2024-10-28T00:28:34.170+0000] {processor.py:925} INFO - DAG(s) 'tutorial_objectstorage' retrieved from /home/airflow/.local/lib/python3.12/site-packages/airflow/example_dags/tutorial_objectstorage.py
[2024-10-28T00:28:34.188+0000] {logging_mixin.py:190} INFO - [2024-10-28T00:28:34.188+0000] {dag.py:3239} INFO - Sync 1 DAGs
[2024-10-28T00:28:34.201+0000] {logging_mixin.py:190} INFO - [2024-10-28T00:28:34.201+0000] {dag.py:4180} INFO - Setting next_dagrun for tutorial_objectstorage to None, run_after=None
[2024-10-28T00:28:34.219+0000] {processor.py:208} INFO - Processing /home/airflow/.local/lib/python3.12/site-packages/airflow/example_dags/tutorial_objectstorage.py took 0.065 seconds
[2024-10-28T00:29:05.007+0000] {processor.py:186} INFO - Started process (PID=49373) to work on /home/airflow/.local/lib/python3.12/site-packages/airflow/example_dags/tutorial_objectstorage.py
[2024-10-28T00:29:05.008+0000] {processor.py:914} INFO - Processing file /home/airflow/.local/lib/python3.12/site-packages/airflow/example_dags/tutorial_objectstorage.py for tasks to queue
[2024-10-28T00:29:05.010+0000] {logging_mixin.py:190} INFO - [2024-10-28T00:29:05.009+0000] {dagbag.py:588} INFO - Filling up the DagBag from /home/airflow/.local/lib/python3.12/site-packages/airflow/example_dags/tutorial_objectstorage.py
[2024-10-28T00:29:05.019+0000] {processor.py:925} INFO - DAG(s) 'tutorial_objectstorage' retrieved from /home/airflow/.local/lib/python3.12/site-packages/airflow/example_dags/tutorial_objectstorage.py
[2024-10-28T00:29:05.038+0000] {logging_mixin.py:190} INFO - [2024-10-28T00:29:05.038+0000] {dag.py:3239} INFO - Sync 1 DAGs
[2024-10-28T00:29:05.053+0000] {logging_mixin.py:190} INFO - [2024-10-28T00:29:05.052+0000] {dag.py:4180} INFO - Setting next_dagrun for tutorial_objectstorage to None, run_after=None
[2024-10-28T00:29:05.072+0000] {processor.py:208} INFO - Processing /home/airflow/.local/lib/python3.12/site-packages/airflow/example_dags/tutorial_objectstorage.py took 0.070 seconds
[2024-10-28T00:29:35.975+0000] {processor.py:186} INFO - Started process (PID=49447) to work on /home/airflow/.local/lib/python3.12/site-packages/airflow/example_dags/tutorial_objectstorage.py
[2024-10-28T00:29:35.976+0000] {processor.py:914} INFO - Processing file /home/airflow/.local/lib/python3.12/site-packages/airflow/example_dags/tutorial_objectstorage.py for tasks to queue
[2024-10-28T00:29:35.977+0000] {logging_mixin.py:190} INFO - [2024-10-28T00:29:35.977+0000] {dagbag.py:588} INFO - Filling up the DagBag from /home/airflow/.local/lib/python3.12/site-packages/airflow/example_dags/tutorial_objectstorage.py
[2024-10-28T00:29:35.987+0000] {processor.py:925} INFO - DAG(s) 'tutorial_objectstorage' retrieved from /home/airflow/.local/lib/python3.12/site-packages/airflow/example_dags/tutorial_objectstorage.py
[2024-10-28T00:29:36.004+0000] {logging_mixin.py:190} INFO - [2024-10-28T00:29:36.004+0000] {dag.py:3239} INFO - Sync 1 DAGs
[2024-10-28T00:29:36.018+0000] {logging_mixin.py:190} INFO - [2024-10-28T00:29:36.018+0000] {dag.py:4180} INFO - Setting next_dagrun for tutorial_objectstorage to None, run_after=None
[2024-10-28T00:29:36.036+0000] {processor.py:208} INFO - Processing /home/airflow/.local/lib/python3.12/site-packages/airflow/example_dags/tutorial_objectstorage.py took 0.067 seconds
[2024-10-28T00:30:06.820+0000] {processor.py:186} INFO - Started process (PID=49521) to work on /home/airflow/.local/lib/python3.12/site-packages/airflow/example_dags/tutorial_objectstorage.py
[2024-10-28T00:30:06.821+0000] {processor.py:914} INFO - Processing file /home/airflow/.local/lib/python3.12/site-packages/airflow/example_dags/tutorial_objectstorage.py for tasks to queue
[2024-10-28T00:30:06.822+0000] {logging_mixin.py:190} INFO - [2024-10-28T00:30:06.822+0000] {dagbag.py:588} INFO - Filling up the DagBag from /home/airflow/.local/lib/python3.12/site-packages/airflow/example_dags/tutorial_objectstorage.py
[2024-10-28T00:30:06.831+0000] {processor.py:925} INFO - DAG(s) 'tutorial_objectstorage' retrieved from /home/airflow/.local/lib/python3.12/site-packages/airflow/example_dags/tutorial_objectstorage.py
[2024-10-28T00:30:06.849+0000] {logging_mixin.py:190} INFO - [2024-10-28T00:30:06.849+0000] {dag.py:3239} INFO - Sync 1 DAGs
[2024-10-28T00:30:06.863+0000] {logging_mixin.py:190} INFO - [2024-10-28T00:30:06.862+0000] {dag.py:4180} INFO - Setting next_dagrun for tutorial_objectstorage to None, run_after=None
[2024-10-28T00:30:06.884+0000] {processor.py:208} INFO - Processing /home/airflow/.local/lib/python3.12/site-packages/airflow/example_dags/tutorial_objectstorage.py took 0.070 seconds
[2024-10-28T00:30:37.791+0000] {processor.py:186} INFO - Started process (PID=49595) to work on /home/airflow/.local/lib/python3.12/site-packages/airflow/example_dags/tutorial_objectstorage.py
[2024-10-28T00:30:37.792+0000] {processor.py:914} INFO - Processing file /home/airflow/.local/lib/python3.12/site-packages/airflow/example_dags/tutorial_objectstorage.py for tasks to queue
[2024-10-28T00:30:37.793+0000] {logging_mixin.py:190} INFO - [2024-10-28T00:30:37.793+0000] {dagbag.py:588} INFO - Filling up the DagBag from /home/airflow/.local/lib/python3.12/site-packages/airflow/example_dags/tutorial_objectstorage.py
[2024-10-28T00:30:37.803+0000] {processor.py:925} INFO - DAG(s) 'tutorial_objectstorage' retrieved from /home/airflow/.local/lib/python3.12/site-packages/airflow/example_dags/tutorial_objectstorage.py
[2024-10-28T00:30:37.822+0000] {logging_mixin.py:190} INFO - [2024-10-28T00:30:37.822+0000] {dag.py:3239} INFO - Sync 1 DAGs
[2024-10-28T00:30:37.836+0000] {logging_mixin.py:190} INFO - [2024-10-28T00:30:37.835+0000] {dag.py:4180} INFO - Setting next_dagrun for tutorial_objectstorage to None, run_after=None
[2024-10-28T00:30:37.853+0000] {processor.py:208} INFO - Processing /home/airflow/.local/lib/python3.12/site-packages/airflow/example_dags/tutorial_objectstorage.py took 0.069 seconds
[2024-10-28T00:31:08.550+0000] {processor.py:186} INFO - Started process (PID=49675) to work on /home/airflow/.local/lib/python3.12/site-packages/airflow/example_dags/tutorial_objectstorage.py
[2024-10-28T00:31:08.552+0000] {processor.py:914} INFO - Processing file /home/airflow/.local/lib/python3.12/site-packages/airflow/example_dags/tutorial_objectstorage.py for tasks to queue
[2024-10-28T00:31:08.553+0000] {logging_mixin.py:190} INFO - [2024-10-28T00:31:08.553+0000] {dagbag.py:588} INFO - Filling up the DagBag from /home/airflow/.local/lib/python3.12/site-packages/airflow/example_dags/tutorial_objectstorage.py
[2024-10-28T00:31:08.562+0000] {processor.py:925} INFO - DAG(s) 'tutorial_objectstorage' retrieved from /home/airflow/.local/lib/python3.12/site-packages/airflow/example_dags/tutorial_objectstorage.py
[2024-10-28T00:31:08.579+0000] {logging_mixin.py:190} INFO - [2024-10-28T00:31:08.579+0000] {dag.py:3239} INFO - Sync 1 DAGs
[2024-10-28T00:31:08.593+0000] {logging_mixin.py:190} INFO - [2024-10-28T00:31:08.593+0000] {dag.py:4180} INFO - Setting next_dagrun for tutorial_objectstorage to None, run_after=None
[2024-10-28T00:31:08.611+0000] {processor.py:208} INFO - Processing /home/airflow/.local/lib/python3.12/site-packages/airflow/example_dags/tutorial_objectstorage.py took 0.068 seconds
[2024-10-28T00:31:39.611+0000] {processor.py:186} INFO - Started process (PID=49749) to work on /home/airflow/.local/lib/python3.12/site-packages/airflow/example_dags/tutorial_objectstorage.py
[2024-10-28T00:31:39.612+0000] {processor.py:914} INFO - Processing file /home/airflow/.local/lib/python3.12/site-packages/airflow/example_dags/tutorial_objectstorage.py for tasks to queue
[2024-10-28T00:31:39.614+0000] {logging_mixin.py:190} INFO - [2024-10-28T00:31:39.613+0000] {dagbag.py:588} INFO - Filling up the DagBag from /home/airflow/.local/lib/python3.12/site-packages/airflow/example_dags/tutorial_objectstorage.py
[2024-10-28T00:31:39.624+0000] {processor.py:925} INFO - DAG(s) 'tutorial_objectstorage' retrieved from /home/airflow/.local/lib/python3.12/site-packages/airflow/example_dags/tutorial_objectstorage.py
[2024-10-28T00:31:39.641+0000] {logging_mixin.py:190} INFO - [2024-10-28T00:31:39.641+0000] {dag.py:3239} INFO - Sync 1 DAGs
[2024-10-28T00:31:39.656+0000] {logging_mixin.py:190} INFO - [2024-10-28T00:31:39.655+0000] {dag.py:4180} INFO - Setting next_dagrun for tutorial_objectstorage to None, run_after=None
[2024-10-28T00:31:39.673+0000] {processor.py:208} INFO - Processing /home/airflow/.local/lib/python3.12/site-packages/airflow/example_dags/tutorial_objectstorage.py took 0.069 seconds
[2024-10-28T00:32:10.450+0000] {processor.py:186} INFO - Started process (PID=49823) to work on /home/airflow/.local/lib/python3.12/site-packages/airflow/example_dags/tutorial_objectstorage.py
[2024-10-28T00:32:10.451+0000] {processor.py:914} INFO - Processing file /home/airflow/.local/lib/python3.12/site-packages/airflow/example_dags/tutorial_objectstorage.py for tasks to queue
[2024-10-28T00:32:10.453+0000] {logging_mixin.py:190} INFO - [2024-10-28T00:32:10.452+0000] {dagbag.py:588} INFO - Filling up the DagBag from /home/airflow/.local/lib/python3.12/site-packages/airflow/example_dags/tutorial_objectstorage.py
[2024-10-28T00:32:10.463+0000] {processor.py:925} INFO - DAG(s) 'tutorial_objectstorage' retrieved from /home/airflow/.local/lib/python3.12/site-packages/airflow/example_dags/tutorial_objectstorage.py
[2024-10-28T00:32:10.483+0000] {logging_mixin.py:190} INFO - [2024-10-28T00:32:10.483+0000] {dag.py:3239} INFO - Sync 1 DAGs
[2024-10-28T00:32:10.497+0000] {logging_mixin.py:190} INFO - [2024-10-28T00:32:10.497+0000] {dag.py:4180} INFO - Setting next_dagrun for tutorial_objectstorage to None, run_after=None
[2024-10-28T00:32:10.515+0000] {processor.py:208} INFO - Processing /home/airflow/.local/lib/python3.12/site-packages/airflow/example_dags/tutorial_objectstorage.py took 0.071 seconds
[2024-10-28T00:32:41.324+0000] {processor.py:186} INFO - Started process (PID=49897) to work on /home/airflow/.local/lib/python3.12/site-packages/airflow/example_dags/tutorial_objectstorage.py
[2024-10-28T00:32:41.325+0000] {processor.py:914} INFO - Processing file /home/airflow/.local/lib/python3.12/site-packages/airflow/example_dags/tutorial_objectstorage.py for tasks to queue
[2024-10-28T00:32:41.326+0000] {logging_mixin.py:190} INFO - [2024-10-28T00:32:41.326+0000] {dagbag.py:588} INFO - Filling up the DagBag from /home/airflow/.local/lib/python3.12/site-packages/airflow/example_dags/tutorial_objectstorage.py
[2024-10-28T00:32:41.335+0000] {processor.py:925} INFO - DAG(s) 'tutorial_objectstorage' retrieved from /home/airflow/.local/lib/python3.12/site-packages/airflow/example_dags/tutorial_objectstorage.py
[2024-10-28T00:32:41.353+0000] {logging_mixin.py:190} INFO - [2024-10-28T00:32:41.353+0000] {dag.py:3239} INFO - Sync 1 DAGs
[2024-10-28T00:32:41.366+0000] {logging_mixin.py:190} INFO - [2024-10-28T00:32:41.366+0000] {dag.py:4180} INFO - Setting next_dagrun for tutorial_objectstorage to None, run_after=None
[2024-10-28T00:32:41.384+0000] {processor.py:208} INFO - Processing /home/airflow/.local/lib/python3.12/site-packages/airflow/example_dags/tutorial_objectstorage.py took 0.065 seconds
[2024-10-28T00:33:12.188+0000] {processor.py:186} INFO - Started process (PID=49971) to work on /home/airflow/.local/lib/python3.12/site-packages/airflow/example_dags/tutorial_objectstorage.py
[2024-10-28T00:33:12.189+0000] {processor.py:914} INFO - Processing file /home/airflow/.local/lib/python3.12/site-packages/airflow/example_dags/tutorial_objectstorage.py for tasks to queue
[2024-10-28T00:33:12.191+0000] {logging_mixin.py:190} INFO - [2024-10-28T00:33:12.190+0000] {dagbag.py:588} INFO - Filling up the DagBag from /home/airflow/.local/lib/python3.12/site-packages/airflow/example_dags/tutorial_objectstorage.py
[2024-10-28T00:33:12.199+0000] {processor.py:925} INFO - DAG(s) 'tutorial_objectstorage' retrieved from /home/airflow/.local/lib/python3.12/site-packages/airflow/example_dags/tutorial_objectstorage.py
[2024-10-28T00:33:12.216+0000] {logging_mixin.py:190} INFO - [2024-10-28T00:33:12.215+0000] {dag.py:3239} INFO - Sync 1 DAGs
[2024-10-28T00:33:12.230+0000] {logging_mixin.py:190} INFO - [2024-10-28T00:33:12.230+0000] {dag.py:4180} INFO - Setting next_dagrun for tutorial_objectstorage to None, run_after=None
[2024-10-28T00:33:12.246+0000] {processor.py:208} INFO - Processing /home/airflow/.local/lib/python3.12/site-packages/airflow/example_dags/tutorial_objectstorage.py took 0.063 seconds
[2024-10-28T00:33:42.961+0000] {processor.py:186} INFO - Started process (PID=50045) to work on /home/airflow/.local/lib/python3.12/site-packages/airflow/example_dags/tutorial_objectstorage.py
[2024-10-28T00:33:42.962+0000] {processor.py:914} INFO - Processing file /home/airflow/.local/lib/python3.12/site-packages/airflow/example_dags/tutorial_objectstorage.py for tasks to queue
[2024-10-28T00:33:42.964+0000] {logging_mixin.py:190} INFO - [2024-10-28T00:33:42.963+0000] {dagbag.py:588} INFO - Filling up the DagBag from /home/airflow/.local/lib/python3.12/site-packages/airflow/example_dags/tutorial_objectstorage.py
[2024-10-28T00:33:42.974+0000] {processor.py:925} INFO - DAG(s) 'tutorial_objectstorage' retrieved from /home/airflow/.local/lib/python3.12/site-packages/airflow/example_dags/tutorial_objectstorage.py
[2024-10-28T00:33:42.993+0000] {logging_mixin.py:190} INFO - [2024-10-28T00:33:42.993+0000] {dag.py:3239} INFO - Sync 1 DAGs
[2024-10-28T00:33:43.008+0000] {logging_mixin.py:190} INFO - [2024-10-28T00:33:43.008+0000] {dag.py:4180} INFO - Setting next_dagrun for tutorial_objectstorage to None, run_after=None
[2024-10-28T00:33:43.026+0000] {processor.py:208} INFO - Processing /home/airflow/.local/lib/python3.12/site-packages/airflow/example_dags/tutorial_objectstorage.py took 0.070 seconds
