[2024-10-28T00:00:05.568+0000] {processor.py:186} INFO - Started process (PID=45165) to work on /home/airflow/.local/lib/python3.12/site-packages/airflow/example_dags/tutorial_taskflow_api.py
[2024-10-28T00:00:05.569+0000] {processor.py:914} INFO - Processing file /home/airflow/.local/lib/python3.12/site-packages/airflow/example_dags/tutorial_taskflow_api.py for tasks to queue
[2024-10-28T00:00:05.570+0000] {logging_mixin.py:190} INFO - [2024-10-28T00:00:05.570+0000] {dagbag.py:588} INFO - Filling up the DagBag from /home/airflow/.local/lib/python3.12/site-packages/airflow/example_dags/tutorial_taskflow_api.py
[2024-10-28T00:00:05.592+0000] {processor.py:925} INFO - DAG(s) 'tutorial_taskflow_api' retrieved from /home/airflow/.local/lib/python3.12/site-packages/airflow/example_dags/tutorial_taskflow_api.py
[2024-10-28T00:00:05.619+0000] {logging_mixin.py:190} INFO - [2024-10-28T00:00:05.619+0000] {dag.py:3239} INFO - Sync 1 DAGs
[2024-10-28T00:00:05.641+0000] {logging_mixin.py:190} INFO - [2024-10-28T00:00:05.641+0000] {dag.py:4180} INFO - Setting next_dagrun for tutorial_taskflow_api to None, run_after=None
[2024-10-28T00:00:05.663+0000] {processor.py:208} INFO - Processing /home/airflow/.local/lib/python3.12/site-packages/airflow/example_dags/tutorial_taskflow_api.py took 0.103 seconds
[2024-10-28T00:00:36.230+0000] {processor.py:186} INFO - Started process (PID=45245) to work on /home/airflow/.local/lib/python3.12/site-packages/airflow/example_dags/tutorial_taskflow_api.py
[2024-10-28T00:00:36.231+0000] {processor.py:914} INFO - Processing file /home/airflow/.local/lib/python3.12/site-packages/airflow/example_dags/tutorial_taskflow_api.py for tasks to queue
[2024-10-28T00:00:36.234+0000] {logging_mixin.py:190} INFO - [2024-10-28T00:00:36.233+0000] {dagbag.py:588} INFO - Filling up the DagBag from /home/airflow/.local/lib/python3.12/site-packages/airflow/example_dags/tutorial_taskflow_api.py
[2024-10-28T00:00:36.255+0000] {processor.py:925} INFO - DAG(s) 'tutorial_taskflow_api' retrieved from /home/airflow/.local/lib/python3.12/site-packages/airflow/example_dags/tutorial_taskflow_api.py
[2024-10-28T00:00:36.285+0000] {logging_mixin.py:190} INFO - [2024-10-28T00:00:36.284+0000] {dag.py:3239} INFO - Sync 1 DAGs
[2024-10-28T00:00:36.315+0000] {logging_mixin.py:190} INFO - [2024-10-28T00:00:36.315+0000] {dag.py:4180} INFO - Setting next_dagrun for tutorial_taskflow_api to None, run_after=None
[2024-10-28T00:00:36.338+0000] {processor.py:208} INFO - Processing /home/airflow/.local/lib/python3.12/site-packages/airflow/example_dags/tutorial_taskflow_api.py took 0.117 seconds
[2024-10-28T00:01:06.886+0000] {processor.py:186} INFO - Started process (PID=45319) to work on /home/airflow/.local/lib/python3.12/site-packages/airflow/example_dags/tutorial_taskflow_api.py
[2024-10-28T00:01:06.887+0000] {processor.py:914} INFO - Processing file /home/airflow/.local/lib/python3.12/site-packages/airflow/example_dags/tutorial_taskflow_api.py for tasks to queue
[2024-10-28T00:01:06.889+0000] {logging_mixin.py:190} INFO - [2024-10-28T00:01:06.888+0000] {dagbag.py:588} INFO - Filling up the DagBag from /home/airflow/.local/lib/python3.12/site-packages/airflow/example_dags/tutorial_taskflow_api.py
[2024-10-28T00:01:06.898+0000] {processor.py:925} INFO - DAG(s) 'tutorial_taskflow_api' retrieved from /home/airflow/.local/lib/python3.12/site-packages/airflow/example_dags/tutorial_taskflow_api.py
[2024-10-28T00:01:06.920+0000] {logging_mixin.py:190} INFO - [2024-10-28T00:01:06.920+0000] {dag.py:3239} INFO - Sync 1 DAGs
[2024-10-28T00:01:06.940+0000] {logging_mixin.py:190} INFO - [2024-10-28T00:01:06.940+0000] {dag.py:4180} INFO - Setting next_dagrun for tutorial_taskflow_api to None, run_after=None
[2024-10-28T00:01:06.968+0000] {processor.py:208} INFO - Processing /home/airflow/.local/lib/python3.12/site-packages/airflow/example_dags/tutorial_taskflow_api.py took 0.091 seconds
[2024-10-28T00:01:37.128+0000] {processor.py:186} INFO - Started process (PID=45393) to work on /home/airflow/.local/lib/python3.12/site-packages/airflow/example_dags/tutorial_taskflow_api.py
[2024-10-28T00:01:37.130+0000] {processor.py:914} INFO - Processing file /home/airflow/.local/lib/python3.12/site-packages/airflow/example_dags/tutorial_taskflow_api.py for tasks to queue
[2024-10-28T00:01:37.132+0000] {logging_mixin.py:190} INFO - [2024-10-28T00:01:37.131+0000] {dagbag.py:588} INFO - Filling up the DagBag from /home/airflow/.local/lib/python3.12/site-packages/airflow/example_dags/tutorial_taskflow_api.py
[2024-10-28T00:01:37.141+0000] {processor.py:925} INFO - DAG(s) 'tutorial_taskflow_api' retrieved from /home/airflow/.local/lib/python3.12/site-packages/airflow/example_dags/tutorial_taskflow_api.py
[2024-10-28T00:01:37.161+0000] {logging_mixin.py:190} INFO - [2024-10-28T00:01:37.161+0000] {dag.py:3239} INFO - Sync 1 DAGs
[2024-10-28T00:01:37.176+0000] {logging_mixin.py:190} INFO - [2024-10-28T00:01:37.176+0000] {dag.py:4180} INFO - Setting next_dagrun for tutorial_taskflow_api to None, run_after=None
[2024-10-28T00:01:37.197+0000] {processor.py:208} INFO - Processing /home/airflow/.local/lib/python3.12/site-packages/airflow/example_dags/tutorial_taskflow_api.py took 0.076 seconds
[2024-10-28T00:02:07.645+0000] {processor.py:186} INFO - Started process (PID=45467) to work on /home/airflow/.local/lib/python3.12/site-packages/airflow/example_dags/tutorial_taskflow_api.py
[2024-10-28T00:02:07.646+0000] {processor.py:914} INFO - Processing file /home/airflow/.local/lib/python3.12/site-packages/airflow/example_dags/tutorial_taskflow_api.py for tasks to queue
[2024-10-28T00:02:07.647+0000] {logging_mixin.py:190} INFO - [2024-10-28T00:02:07.647+0000] {dagbag.py:588} INFO - Filling up the DagBag from /home/airflow/.local/lib/python3.12/site-packages/airflow/example_dags/tutorial_taskflow_api.py
[2024-10-28T00:02:07.655+0000] {processor.py:925} INFO - DAG(s) 'tutorial_taskflow_api' retrieved from /home/airflow/.local/lib/python3.12/site-packages/airflow/example_dags/tutorial_taskflow_api.py
[2024-10-28T00:02:07.675+0000] {logging_mixin.py:190} INFO - [2024-10-28T00:02:07.675+0000] {dag.py:3239} INFO - Sync 1 DAGs
[2024-10-28T00:02:07.691+0000] {logging_mixin.py:190} INFO - [2024-10-28T00:02:07.691+0000] {dag.py:4180} INFO - Setting next_dagrun for tutorial_taskflow_api to None, run_after=None
[2024-10-28T00:02:07.713+0000] {processor.py:208} INFO - Processing /home/airflow/.local/lib/python3.12/site-packages/airflow/example_dags/tutorial_taskflow_api.py took 0.074 seconds
[2024-10-28T00:02:37.875+0000] {processor.py:186} INFO - Started process (PID=45541) to work on /home/airflow/.local/lib/python3.12/site-packages/airflow/example_dags/tutorial_taskflow_api.py
[2024-10-28T00:02:37.876+0000] {processor.py:914} INFO - Processing file /home/airflow/.local/lib/python3.12/site-packages/airflow/example_dags/tutorial_taskflow_api.py for tasks to queue
[2024-10-28T00:02:37.877+0000] {logging_mixin.py:190} INFO - [2024-10-28T00:02:37.877+0000] {dagbag.py:588} INFO - Filling up the DagBag from /home/airflow/.local/lib/python3.12/site-packages/airflow/example_dags/tutorial_taskflow_api.py
[2024-10-28T00:02:37.885+0000] {processor.py:925} INFO - DAG(s) 'tutorial_taskflow_api' retrieved from /home/airflow/.local/lib/python3.12/site-packages/airflow/example_dags/tutorial_taskflow_api.py
[2024-10-28T00:02:37.902+0000] {logging_mixin.py:190} INFO - [2024-10-28T00:02:37.902+0000] {dag.py:3239} INFO - Sync 1 DAGs
[2024-10-28T00:02:37.916+0000] {logging_mixin.py:190} INFO - [2024-10-28T00:02:37.916+0000] {dag.py:4180} INFO - Setting next_dagrun for tutorial_taskflow_api to None, run_after=None
[2024-10-28T00:02:37.933+0000] {processor.py:208} INFO - Processing /home/airflow/.local/lib/python3.12/site-packages/airflow/example_dags/tutorial_taskflow_api.py took 0.064 seconds
[2024-10-28T00:03:08.361+0000] {processor.py:186} INFO - Started process (PID=45615) to work on /home/airflow/.local/lib/python3.12/site-packages/airflow/example_dags/tutorial_taskflow_api.py
[2024-10-28T00:03:08.362+0000] {processor.py:914} INFO - Processing file /home/airflow/.local/lib/python3.12/site-packages/airflow/example_dags/tutorial_taskflow_api.py for tasks to queue
[2024-10-28T00:03:08.364+0000] {logging_mixin.py:190} INFO - [2024-10-28T00:03:08.363+0000] {dagbag.py:588} INFO - Filling up the DagBag from /home/airflow/.local/lib/python3.12/site-packages/airflow/example_dags/tutorial_taskflow_api.py
[2024-10-28T00:03:08.372+0000] {processor.py:925} INFO - DAG(s) 'tutorial_taskflow_api' retrieved from /home/airflow/.local/lib/python3.12/site-packages/airflow/example_dags/tutorial_taskflow_api.py
[2024-10-28T00:03:08.391+0000] {logging_mixin.py:190} INFO - [2024-10-28T00:03:08.391+0000] {dag.py:3239} INFO - Sync 1 DAGs
[2024-10-28T00:03:08.407+0000] {logging_mixin.py:190} INFO - [2024-10-28T00:03:08.406+0000] {dag.py:4180} INFO - Setting next_dagrun for tutorial_taskflow_api to None, run_after=None
[2024-10-28T00:03:08.425+0000] {processor.py:208} INFO - Processing /home/airflow/.local/lib/python3.12/site-packages/airflow/example_dags/tutorial_taskflow_api.py took 0.070 seconds
[2024-10-28T00:03:38.576+0000] {processor.py:186} INFO - Started process (PID=45689) to work on /home/airflow/.local/lib/python3.12/site-packages/airflow/example_dags/tutorial_taskflow_api.py
[2024-10-28T00:03:38.577+0000] {processor.py:914} INFO - Processing file /home/airflow/.local/lib/python3.12/site-packages/airflow/example_dags/tutorial_taskflow_api.py for tasks to queue
[2024-10-28T00:03:38.579+0000] {logging_mixin.py:190} INFO - [2024-10-28T00:03:38.579+0000] {dagbag.py:588} INFO - Filling up the DagBag from /home/airflow/.local/lib/python3.12/site-packages/airflow/example_dags/tutorial_taskflow_api.py
[2024-10-28T00:03:38.586+0000] {processor.py:925} INFO - DAG(s) 'tutorial_taskflow_api' retrieved from /home/airflow/.local/lib/python3.12/site-packages/airflow/example_dags/tutorial_taskflow_api.py
[2024-10-28T00:03:38.605+0000] {logging_mixin.py:190} INFO - [2024-10-28T00:03:38.605+0000] {dag.py:3239} INFO - Sync 1 DAGs
[2024-10-28T00:03:38.621+0000] {logging_mixin.py:190} INFO - [2024-10-28T00:03:38.621+0000] {dag.py:4180} INFO - Setting next_dagrun for tutorial_taskflow_api to None, run_after=None
[2024-10-28T00:03:38.640+0000] {processor.py:208} INFO - Processing /home/airflow/.local/lib/python3.12/site-packages/airflow/example_dags/tutorial_taskflow_api.py took 0.069 seconds
[2024-10-28T00:04:09.354+0000] {processor.py:186} INFO - Started process (PID=45763) to work on /home/airflow/.local/lib/python3.12/site-packages/airflow/example_dags/tutorial_taskflow_api.py
[2024-10-28T00:04:09.355+0000] {processor.py:914} INFO - Processing file /home/airflow/.local/lib/python3.12/site-packages/airflow/example_dags/tutorial_taskflow_api.py for tasks to queue
[2024-10-28T00:04:09.356+0000] {logging_mixin.py:190} INFO - [2024-10-28T00:04:09.356+0000] {dagbag.py:588} INFO - Filling up the DagBag from /home/airflow/.local/lib/python3.12/site-packages/airflow/example_dags/tutorial_taskflow_api.py
[2024-10-28T00:04:09.366+0000] {processor.py:925} INFO - DAG(s) 'tutorial_taskflow_api' retrieved from /home/airflow/.local/lib/python3.12/site-packages/airflow/example_dags/tutorial_taskflow_api.py
[2024-10-28T00:04:09.389+0000] {logging_mixin.py:190} INFO - [2024-10-28T00:04:09.389+0000] {dag.py:3239} INFO - Sync 1 DAGs
[2024-10-28T00:04:09.407+0000] {logging_mixin.py:190} INFO - [2024-10-28T00:04:09.407+0000] {dag.py:4180} INFO - Setting next_dagrun for tutorial_taskflow_api to None, run_after=None
[2024-10-28T00:04:09.432+0000] {processor.py:208} INFO - Processing /home/airflow/.local/lib/python3.12/site-packages/airflow/example_dags/tutorial_taskflow_api.py took 0.083 seconds
[2024-10-28T00:04:39.721+0000] {processor.py:186} INFO - Started process (PID=45837) to work on /home/airflow/.local/lib/python3.12/site-packages/airflow/example_dags/tutorial_taskflow_api.py
[2024-10-28T00:04:39.722+0000] {processor.py:914} INFO - Processing file /home/airflow/.local/lib/python3.12/site-packages/airflow/example_dags/tutorial_taskflow_api.py for tasks to queue
[2024-10-28T00:04:39.723+0000] {logging_mixin.py:190} INFO - [2024-10-28T00:04:39.723+0000] {dagbag.py:588} INFO - Filling up the DagBag from /home/airflow/.local/lib/python3.12/site-packages/airflow/example_dags/tutorial_taskflow_api.py
[2024-10-28T00:04:39.730+0000] {processor.py:925} INFO - DAG(s) 'tutorial_taskflow_api' retrieved from /home/airflow/.local/lib/python3.12/site-packages/airflow/example_dags/tutorial_taskflow_api.py
[2024-10-28T00:04:39.747+0000] {logging_mixin.py:190} INFO - [2024-10-28T00:04:39.747+0000] {dag.py:3239} INFO - Sync 1 DAGs
[2024-10-28T00:04:39.761+0000] {logging_mixin.py:190} INFO - [2024-10-28T00:04:39.761+0000] {dag.py:4180} INFO - Setting next_dagrun for tutorial_taskflow_api to None, run_after=None
[2024-10-28T00:04:39.778+0000] {processor.py:208} INFO - Processing /home/airflow/.local/lib/python3.12/site-packages/airflow/example_dags/tutorial_taskflow_api.py took 0.063 seconds
[2024-10-28T00:05:10.293+0000] {processor.py:186} INFO - Started process (PID=45911) to work on /home/airflow/.local/lib/python3.12/site-packages/airflow/example_dags/tutorial_taskflow_api.py
[2024-10-28T00:05:10.294+0000] {processor.py:914} INFO - Processing file /home/airflow/.local/lib/python3.12/site-packages/airflow/example_dags/tutorial_taskflow_api.py for tasks to queue
[2024-10-28T00:05:10.296+0000] {logging_mixin.py:190} INFO - [2024-10-28T00:05:10.295+0000] {dagbag.py:588} INFO - Filling up the DagBag from /home/airflow/.local/lib/python3.12/site-packages/airflow/example_dags/tutorial_taskflow_api.py
[2024-10-28T00:05:10.304+0000] {processor.py:925} INFO - DAG(s) 'tutorial_taskflow_api' retrieved from /home/airflow/.local/lib/python3.12/site-packages/airflow/example_dags/tutorial_taskflow_api.py
[2024-10-28T00:05:10.324+0000] {logging_mixin.py:190} INFO - [2024-10-28T00:05:10.324+0000] {dag.py:3239} INFO - Sync 1 DAGs
[2024-10-28T00:05:10.339+0000] {logging_mixin.py:190} INFO - [2024-10-28T00:05:10.339+0000] {dag.py:4180} INFO - Setting next_dagrun for tutorial_taskflow_api to None, run_after=None
[2024-10-28T00:05:10.358+0000] {processor.py:208} INFO - Processing /home/airflow/.local/lib/python3.12/site-packages/airflow/example_dags/tutorial_taskflow_api.py took 0.071 seconds
[2024-10-28T00:05:40.724+0000] {processor.py:186} INFO - Started process (PID=45985) to work on /home/airflow/.local/lib/python3.12/site-packages/airflow/example_dags/tutorial_taskflow_api.py
[2024-10-28T00:05:40.725+0000] {processor.py:914} INFO - Processing file /home/airflow/.local/lib/python3.12/site-packages/airflow/example_dags/tutorial_taskflow_api.py for tasks to queue
[2024-10-28T00:05:40.726+0000] {logging_mixin.py:190} INFO - [2024-10-28T00:05:40.726+0000] {dagbag.py:588} INFO - Filling up the DagBag from /home/airflow/.local/lib/python3.12/site-packages/airflow/example_dags/tutorial_taskflow_api.py
[2024-10-28T00:05:40.736+0000] {processor.py:925} INFO - DAG(s) 'tutorial_taskflow_api' retrieved from /home/airflow/.local/lib/python3.12/site-packages/airflow/example_dags/tutorial_taskflow_api.py
[2024-10-28T00:05:40.757+0000] {logging_mixin.py:190} INFO - [2024-10-28T00:05:40.756+0000] {dag.py:3239} INFO - Sync 1 DAGs
[2024-10-28T00:05:40.772+0000] {logging_mixin.py:190} INFO - [2024-10-28T00:05:40.771+0000] {dag.py:4180} INFO - Setting next_dagrun for tutorial_taskflow_api to None, run_after=None
[2024-10-28T00:05:40.791+0000] {processor.py:208} INFO - Processing /home/airflow/.local/lib/python3.12/site-packages/airflow/example_dags/tutorial_taskflow_api.py took 0.074 seconds
[2024-10-28T00:06:11.102+0000] {processor.py:186} INFO - Started process (PID=46059) to work on /home/airflow/.local/lib/python3.12/site-packages/airflow/example_dags/tutorial_taskflow_api.py
[2024-10-28T00:06:11.103+0000] {processor.py:914} INFO - Processing file /home/airflow/.local/lib/python3.12/site-packages/airflow/example_dags/tutorial_taskflow_api.py for tasks to queue
[2024-10-28T00:06:11.104+0000] {logging_mixin.py:190} INFO - [2024-10-28T00:06:11.104+0000] {dagbag.py:588} INFO - Filling up the DagBag from /home/airflow/.local/lib/python3.12/site-packages/airflow/example_dags/tutorial_taskflow_api.py
[2024-10-28T00:06:11.113+0000] {processor.py:925} INFO - DAG(s) 'tutorial_taskflow_api' retrieved from /home/airflow/.local/lib/python3.12/site-packages/airflow/example_dags/tutorial_taskflow_api.py
[2024-10-28T00:06:11.132+0000] {logging_mixin.py:190} INFO - [2024-10-28T00:06:11.132+0000] {dag.py:3239} INFO - Sync 1 DAGs
[2024-10-28T00:06:11.149+0000] {logging_mixin.py:190} INFO - [2024-10-28T00:06:11.149+0000] {dag.py:4180} INFO - Setting next_dagrun for tutorial_taskflow_api to None, run_after=None
[2024-10-28T00:06:11.168+0000] {processor.py:208} INFO - Processing /home/airflow/.local/lib/python3.12/site-packages/airflow/example_dags/tutorial_taskflow_api.py took 0.072 seconds
[2024-10-28T00:06:41.411+0000] {processor.py:186} INFO - Started process (PID=46133) to work on /home/airflow/.local/lib/python3.12/site-packages/airflow/example_dags/tutorial_taskflow_api.py
[2024-10-28T00:06:41.412+0000] {processor.py:914} INFO - Processing file /home/airflow/.local/lib/python3.12/site-packages/airflow/example_dags/tutorial_taskflow_api.py for tasks to queue
[2024-10-28T00:06:41.414+0000] {logging_mixin.py:190} INFO - [2024-10-28T00:06:41.413+0000] {dagbag.py:588} INFO - Filling up the DagBag from /home/airflow/.local/lib/python3.12/site-packages/airflow/example_dags/tutorial_taskflow_api.py
[2024-10-28T00:06:41.421+0000] {processor.py:925} INFO - DAG(s) 'tutorial_taskflow_api' retrieved from /home/airflow/.local/lib/python3.12/site-packages/airflow/example_dags/tutorial_taskflow_api.py
[2024-10-28T00:06:41.441+0000] {logging_mixin.py:190} INFO - [2024-10-28T00:06:41.440+0000] {dag.py:3239} INFO - Sync 1 DAGs
[2024-10-28T00:06:41.455+0000] {logging_mixin.py:190} INFO - [2024-10-28T00:06:41.455+0000] {dag.py:4180} INFO - Setting next_dagrun for tutorial_taskflow_api to None, run_after=None
[2024-10-28T00:06:41.474+0000] {processor.py:208} INFO - Processing /home/airflow/.local/lib/python3.12/site-packages/airflow/example_dags/tutorial_taskflow_api.py took 0.069 seconds
[2024-10-28T00:07:11.654+0000] {processor.py:186} INFO - Started process (PID=46207) to work on /home/airflow/.local/lib/python3.12/site-packages/airflow/example_dags/tutorial_taskflow_api.py
[2024-10-28T00:07:11.656+0000] {processor.py:914} INFO - Processing file /home/airflow/.local/lib/python3.12/site-packages/airflow/example_dags/tutorial_taskflow_api.py for tasks to queue
[2024-10-28T00:07:11.657+0000] {logging_mixin.py:190} INFO - [2024-10-28T00:07:11.657+0000] {dagbag.py:588} INFO - Filling up the DagBag from /home/airflow/.local/lib/python3.12/site-packages/airflow/example_dags/tutorial_taskflow_api.py
[2024-10-28T00:07:11.665+0000] {processor.py:925} INFO - DAG(s) 'tutorial_taskflow_api' retrieved from /home/airflow/.local/lib/python3.12/site-packages/airflow/example_dags/tutorial_taskflow_api.py
[2024-10-28T00:07:11.686+0000] {logging_mixin.py:190} INFO - [2024-10-28T00:07:11.686+0000] {dag.py:3239} INFO - Sync 1 DAGs
[2024-10-28T00:07:11.701+0000] {logging_mixin.py:190} INFO - [2024-10-28T00:07:11.701+0000] {dag.py:4180} INFO - Setting next_dagrun for tutorial_taskflow_api to None, run_after=None
[2024-10-28T00:07:11.720+0000] {processor.py:208} INFO - Processing /home/airflow/.local/lib/python3.12/site-packages/airflow/example_dags/tutorial_taskflow_api.py took 0.072 seconds
[2024-10-28T00:07:42.362+0000] {processor.py:186} INFO - Started process (PID=46282) to work on /home/airflow/.local/lib/python3.12/site-packages/airflow/example_dags/tutorial_taskflow_api.py
[2024-10-28T00:07:42.363+0000] {processor.py:914} INFO - Processing file /home/airflow/.local/lib/python3.12/site-packages/airflow/example_dags/tutorial_taskflow_api.py for tasks to queue
[2024-10-28T00:07:42.365+0000] {logging_mixin.py:190} INFO - [2024-10-28T00:07:42.364+0000] {dagbag.py:588} INFO - Filling up the DagBag from /home/airflow/.local/lib/python3.12/site-packages/airflow/example_dags/tutorial_taskflow_api.py
[2024-10-28T00:07:42.373+0000] {processor.py:925} INFO - DAG(s) 'tutorial_taskflow_api' retrieved from /home/airflow/.local/lib/python3.12/site-packages/airflow/example_dags/tutorial_taskflow_api.py
[2024-10-28T00:07:42.390+0000] {logging_mixin.py:190} INFO - [2024-10-28T00:07:42.390+0000] {dag.py:3239} INFO - Sync 1 DAGs
[2024-10-28T00:07:42.405+0000] {logging_mixin.py:190} INFO - [2024-10-28T00:07:42.405+0000] {dag.py:4180} INFO - Setting next_dagrun for tutorial_taskflow_api to None, run_after=None
[2024-10-28T00:07:42.425+0000] {processor.py:208} INFO - Processing /home/airflow/.local/lib/python3.12/site-packages/airflow/example_dags/tutorial_taskflow_api.py took 0.069 seconds
[2024-10-28T00:08:12.816+0000] {processor.py:186} INFO - Started process (PID=46356) to work on /home/airflow/.local/lib/python3.12/site-packages/airflow/example_dags/tutorial_taskflow_api.py
[2024-10-28T00:08:12.817+0000] {processor.py:914} INFO - Processing file /home/airflow/.local/lib/python3.12/site-packages/airflow/example_dags/tutorial_taskflow_api.py for tasks to queue
[2024-10-28T00:08:12.819+0000] {logging_mixin.py:190} INFO - [2024-10-28T00:08:12.819+0000] {dagbag.py:588} INFO - Filling up the DagBag from /home/airflow/.local/lib/python3.12/site-packages/airflow/example_dags/tutorial_taskflow_api.py
[2024-10-28T00:08:12.832+0000] {processor.py:925} INFO - DAG(s) 'tutorial_taskflow_api' retrieved from /home/airflow/.local/lib/python3.12/site-packages/airflow/example_dags/tutorial_taskflow_api.py
[2024-10-28T00:08:12.855+0000] {logging_mixin.py:190} INFO - [2024-10-28T00:08:12.855+0000] {dag.py:3239} INFO - Sync 1 DAGs
[2024-10-28T00:08:12.872+0000] {logging_mixin.py:190} INFO - [2024-10-28T00:08:12.872+0000] {dag.py:4180} INFO - Setting next_dagrun for tutorial_taskflow_api to None, run_after=None
[2024-10-28T00:08:12.897+0000] {processor.py:208} INFO - Processing /home/airflow/.local/lib/python3.12/site-packages/airflow/example_dags/tutorial_taskflow_api.py took 0.090 seconds
[2024-10-28T00:08:43.107+0000] {processor.py:186} INFO - Started process (PID=46418) to work on /home/airflow/.local/lib/python3.12/site-packages/airflow/example_dags/tutorial_taskflow_api.py
[2024-10-28T00:08:43.108+0000] {processor.py:914} INFO - Processing file /home/airflow/.local/lib/python3.12/site-packages/airflow/example_dags/tutorial_taskflow_api.py for tasks to queue
[2024-10-28T00:08:43.110+0000] {logging_mixin.py:190} INFO - [2024-10-28T00:08:43.109+0000] {dagbag.py:588} INFO - Filling up the DagBag from /home/airflow/.local/lib/python3.12/site-packages/airflow/example_dags/tutorial_taskflow_api.py
[2024-10-28T00:08:43.117+0000] {processor.py:925} INFO - DAG(s) 'tutorial_taskflow_api' retrieved from /home/airflow/.local/lib/python3.12/site-packages/airflow/example_dags/tutorial_taskflow_api.py
[2024-10-28T00:08:43.139+0000] {logging_mixin.py:190} INFO - [2024-10-28T00:08:43.139+0000] {dag.py:3239} INFO - Sync 1 DAGs
[2024-10-28T00:08:43.156+0000] {logging_mixin.py:190} INFO - [2024-10-28T00:08:43.155+0000] {dag.py:4180} INFO - Setting next_dagrun for tutorial_taskflow_api to None, run_after=None
[2024-10-28T00:08:43.176+0000] {processor.py:208} INFO - Processing /home/airflow/.local/lib/python3.12/site-packages/airflow/example_dags/tutorial_taskflow_api.py took 0.077 seconds
[2024-10-28T00:09:14.121+0000] {processor.py:186} INFO - Started process (PID=46492) to work on /home/airflow/.local/lib/python3.12/site-packages/airflow/example_dags/tutorial_taskflow_api.py
[2024-10-28T00:09:14.121+0000] {processor.py:914} INFO - Processing file /home/airflow/.local/lib/python3.12/site-packages/airflow/example_dags/tutorial_taskflow_api.py for tasks to queue
[2024-10-28T00:09:14.123+0000] {logging_mixin.py:190} INFO - [2024-10-28T00:09:14.122+0000] {dagbag.py:588} INFO - Filling up the DagBag from /home/airflow/.local/lib/python3.12/site-packages/airflow/example_dags/tutorial_taskflow_api.py
[2024-10-28T00:09:14.130+0000] {processor.py:925} INFO - DAG(s) 'tutorial_taskflow_api' retrieved from /home/airflow/.local/lib/python3.12/site-packages/airflow/example_dags/tutorial_taskflow_api.py
[2024-10-28T00:09:14.148+0000] {logging_mixin.py:190} INFO - [2024-10-28T00:09:14.148+0000] {dag.py:3239} INFO - Sync 1 DAGs
[2024-10-28T00:09:14.163+0000] {logging_mixin.py:190} INFO - [2024-10-28T00:09:14.162+0000] {dag.py:4180} INFO - Setting next_dagrun for tutorial_taskflow_api to None, run_after=None
[2024-10-28T00:09:14.184+0000] {processor.py:208} INFO - Processing /home/airflow/.local/lib/python3.12/site-packages/airflow/example_dags/tutorial_taskflow_api.py took 0.070 seconds
[2024-10-28T00:09:44.726+0000] {processor.py:186} INFO - Started process (PID=46566) to work on /home/airflow/.local/lib/python3.12/site-packages/airflow/example_dags/tutorial_taskflow_api.py
[2024-10-28T00:09:44.727+0000] {processor.py:914} INFO - Processing file /home/airflow/.local/lib/python3.12/site-packages/airflow/example_dags/tutorial_taskflow_api.py for tasks to queue
[2024-10-28T00:09:44.729+0000] {logging_mixin.py:190} INFO - [2024-10-28T00:09:44.728+0000] {dagbag.py:588} INFO - Filling up the DagBag from /home/airflow/.local/lib/python3.12/site-packages/airflow/example_dags/tutorial_taskflow_api.py
[2024-10-28T00:09:44.737+0000] {processor.py:925} INFO - DAG(s) 'tutorial_taskflow_api' retrieved from /home/airflow/.local/lib/python3.12/site-packages/airflow/example_dags/tutorial_taskflow_api.py
[2024-10-28T00:09:44.756+0000] {logging_mixin.py:190} INFO - [2024-10-28T00:09:44.755+0000] {dag.py:3239} INFO - Sync 1 DAGs
[2024-10-28T00:09:44.770+0000] {logging_mixin.py:190} INFO - [2024-10-28T00:09:44.770+0000] {dag.py:4180} INFO - Setting next_dagrun for tutorial_taskflow_api to None, run_after=None
[2024-10-28T00:09:44.789+0000] {processor.py:208} INFO - Processing /home/airflow/.local/lib/python3.12/site-packages/airflow/example_dags/tutorial_taskflow_api.py took 0.069 seconds
[2024-10-28T00:10:15.029+0000] {processor.py:186} INFO - Started process (PID=46640) to work on /home/airflow/.local/lib/python3.12/site-packages/airflow/example_dags/tutorial_taskflow_api.py
[2024-10-28T00:10:15.030+0000] {processor.py:914} INFO - Processing file /home/airflow/.local/lib/python3.12/site-packages/airflow/example_dags/tutorial_taskflow_api.py for tasks to queue
[2024-10-28T00:10:15.031+0000] {logging_mixin.py:190} INFO - [2024-10-28T00:10:15.031+0000] {dagbag.py:588} INFO - Filling up the DagBag from /home/airflow/.local/lib/python3.12/site-packages/airflow/example_dags/tutorial_taskflow_api.py
[2024-10-28T00:10:15.039+0000] {processor.py:925} INFO - DAG(s) 'tutorial_taskflow_api' retrieved from /home/airflow/.local/lib/python3.12/site-packages/airflow/example_dags/tutorial_taskflow_api.py
[2024-10-28T00:10:15.059+0000] {logging_mixin.py:190} INFO - [2024-10-28T00:10:15.059+0000] {dag.py:3239} INFO - Sync 1 DAGs
[2024-10-28T00:10:15.076+0000] {logging_mixin.py:190} INFO - [2024-10-28T00:10:15.076+0000] {dag.py:4180} INFO - Setting next_dagrun for tutorial_taskflow_api to None, run_after=None
[2024-10-28T00:10:15.100+0000] {processor.py:208} INFO - Processing /home/airflow/.local/lib/python3.12/site-packages/airflow/example_dags/tutorial_taskflow_api.py took 0.077 seconds
[2024-10-28T00:10:45.244+0000] {processor.py:186} INFO - Started process (PID=46714) to work on /home/airflow/.local/lib/python3.12/site-packages/airflow/example_dags/tutorial_taskflow_api.py
[2024-10-28T00:10:45.245+0000] {processor.py:914} INFO - Processing file /home/airflow/.local/lib/python3.12/site-packages/airflow/example_dags/tutorial_taskflow_api.py for tasks to queue
[2024-10-28T00:10:45.246+0000] {logging_mixin.py:190} INFO - [2024-10-28T00:10:45.246+0000] {dagbag.py:588} INFO - Filling up the DagBag from /home/airflow/.local/lib/python3.12/site-packages/airflow/example_dags/tutorial_taskflow_api.py
[2024-10-28T00:10:45.255+0000] {processor.py:925} INFO - DAG(s) 'tutorial_taskflow_api' retrieved from /home/airflow/.local/lib/python3.12/site-packages/airflow/example_dags/tutorial_taskflow_api.py
[2024-10-28T00:10:45.276+0000] {logging_mixin.py:190} INFO - [2024-10-28T00:10:45.276+0000] {dag.py:3239} INFO - Sync 1 DAGs
[2024-10-28T00:10:45.293+0000] {logging_mixin.py:190} INFO - [2024-10-28T00:10:45.292+0000] {dag.py:4180} INFO - Setting next_dagrun for tutorial_taskflow_api to None, run_after=None
[2024-10-28T00:10:45.313+0000] {processor.py:208} INFO - Processing /home/airflow/.local/lib/python3.12/site-packages/airflow/example_dags/tutorial_taskflow_api.py took 0.077 seconds
[2024-10-28T00:11:16.138+0000] {processor.py:186} INFO - Started process (PID=46788) to work on /home/airflow/.local/lib/python3.12/site-packages/airflow/example_dags/tutorial_taskflow_api.py
[2024-10-28T00:11:16.139+0000] {processor.py:914} INFO - Processing file /home/airflow/.local/lib/python3.12/site-packages/airflow/example_dags/tutorial_taskflow_api.py for tasks to queue
[2024-10-28T00:11:16.141+0000] {logging_mixin.py:190} INFO - [2024-10-28T00:11:16.141+0000] {dagbag.py:588} INFO - Filling up the DagBag from /home/airflow/.local/lib/python3.12/site-packages/airflow/example_dags/tutorial_taskflow_api.py
[2024-10-28T00:11:16.149+0000] {processor.py:925} INFO - DAG(s) 'tutorial_taskflow_api' retrieved from /home/airflow/.local/lib/python3.12/site-packages/airflow/example_dags/tutorial_taskflow_api.py
[2024-10-28T00:11:16.170+0000] {logging_mixin.py:190} INFO - [2024-10-28T00:11:16.170+0000] {dag.py:3239} INFO - Sync 1 DAGs
[2024-10-28T00:11:16.186+0000] {logging_mixin.py:190} INFO - [2024-10-28T00:11:16.185+0000] {dag.py:4180} INFO - Setting next_dagrun for tutorial_taskflow_api to None, run_after=None
[2024-10-28T00:11:16.208+0000] {processor.py:208} INFO - Processing /home/airflow/.local/lib/python3.12/site-packages/airflow/example_dags/tutorial_taskflow_api.py took 0.077 seconds
[2024-10-28T00:11:46.388+0000] {processor.py:186} INFO - Started process (PID=46862) to work on /home/airflow/.local/lib/python3.12/site-packages/airflow/example_dags/tutorial_taskflow_api.py
[2024-10-28T00:11:46.389+0000] {processor.py:914} INFO - Processing file /home/airflow/.local/lib/python3.12/site-packages/airflow/example_dags/tutorial_taskflow_api.py for tasks to queue
[2024-10-28T00:11:46.390+0000] {logging_mixin.py:190} INFO - [2024-10-28T00:11:46.390+0000] {dagbag.py:588} INFO - Filling up the DagBag from /home/airflow/.local/lib/python3.12/site-packages/airflow/example_dags/tutorial_taskflow_api.py
[2024-10-28T00:11:46.400+0000] {processor.py:925} INFO - DAG(s) 'tutorial_taskflow_api' retrieved from /home/airflow/.local/lib/python3.12/site-packages/airflow/example_dags/tutorial_taskflow_api.py
[2024-10-28T00:11:46.420+0000] {logging_mixin.py:190} INFO - [2024-10-28T00:11:46.420+0000] {dag.py:3239} INFO - Sync 1 DAGs
[2024-10-28T00:11:46.436+0000] {logging_mixin.py:190} INFO - [2024-10-28T00:11:46.435+0000] {dag.py:4180} INFO - Setting next_dagrun for tutorial_taskflow_api to None, run_after=None
[2024-10-28T00:11:46.453+0000] {processor.py:208} INFO - Processing /home/airflow/.local/lib/python3.12/site-packages/airflow/example_dags/tutorial_taskflow_api.py took 0.071 seconds
[2024-10-28T00:12:16.769+0000] {processor.py:186} INFO - Started process (PID=46936) to work on /home/airflow/.local/lib/python3.12/site-packages/airflow/example_dags/tutorial_taskflow_api.py
[2024-10-28T00:12:16.770+0000] {processor.py:914} INFO - Processing file /home/airflow/.local/lib/python3.12/site-packages/airflow/example_dags/tutorial_taskflow_api.py for tasks to queue
[2024-10-28T00:12:16.772+0000] {logging_mixin.py:190} INFO - [2024-10-28T00:12:16.771+0000] {dagbag.py:588} INFO - Filling up the DagBag from /home/airflow/.local/lib/python3.12/site-packages/airflow/example_dags/tutorial_taskflow_api.py
[2024-10-28T00:12:16.779+0000] {processor.py:925} INFO - DAG(s) 'tutorial_taskflow_api' retrieved from /home/airflow/.local/lib/python3.12/site-packages/airflow/example_dags/tutorial_taskflow_api.py
[2024-10-28T00:12:16.797+0000] {logging_mixin.py:190} INFO - [2024-10-28T00:12:16.797+0000] {dag.py:3239} INFO - Sync 1 DAGs
[2024-10-28T00:12:16.812+0000] {logging_mixin.py:190} INFO - [2024-10-28T00:12:16.811+0000] {dag.py:4180} INFO - Setting next_dagrun for tutorial_taskflow_api to None, run_after=None
[2024-10-28T00:12:16.831+0000] {processor.py:208} INFO - Processing /home/airflow/.local/lib/python3.12/site-packages/airflow/example_dags/tutorial_taskflow_api.py took 0.067 seconds
[2024-10-28T00:12:47.194+0000] {processor.py:186} INFO - Started process (PID=47010) to work on /home/airflow/.local/lib/python3.12/site-packages/airflow/example_dags/tutorial_taskflow_api.py
[2024-10-28T00:12:47.195+0000] {processor.py:914} INFO - Processing file /home/airflow/.local/lib/python3.12/site-packages/airflow/example_dags/tutorial_taskflow_api.py for tasks to queue
[2024-10-28T00:12:47.197+0000] {logging_mixin.py:190} INFO - [2024-10-28T00:12:47.196+0000] {dagbag.py:588} INFO - Filling up the DagBag from /home/airflow/.local/lib/python3.12/site-packages/airflow/example_dags/tutorial_taskflow_api.py
[2024-10-28T00:12:47.204+0000] {processor.py:925} INFO - DAG(s) 'tutorial_taskflow_api' retrieved from /home/airflow/.local/lib/python3.12/site-packages/airflow/example_dags/tutorial_taskflow_api.py
[2024-10-28T00:12:47.222+0000] {logging_mixin.py:190} INFO - [2024-10-28T00:12:47.221+0000] {dag.py:3239} INFO - Sync 1 DAGs
[2024-10-28T00:12:47.246+0000] {logging_mixin.py:190} INFO - [2024-10-28T00:12:47.246+0000] {dag.py:4180} INFO - Setting next_dagrun for tutorial_taskflow_api to None, run_after=None
[2024-10-28T00:12:47.279+0000] {processor.py:208} INFO - Processing /home/airflow/.local/lib/python3.12/site-packages/airflow/example_dags/tutorial_taskflow_api.py took 0.090 seconds
[2024-10-28T00:13:17.684+0000] {processor.py:186} INFO - Started process (PID=47084) to work on /home/airflow/.local/lib/python3.12/site-packages/airflow/example_dags/tutorial_taskflow_api.py
[2024-10-28T00:13:17.685+0000] {processor.py:914} INFO - Processing file /home/airflow/.local/lib/python3.12/site-packages/airflow/example_dags/tutorial_taskflow_api.py for tasks to queue
[2024-10-28T00:13:17.687+0000] {logging_mixin.py:190} INFO - [2024-10-28T00:13:17.686+0000] {dagbag.py:588} INFO - Filling up the DagBag from /home/airflow/.local/lib/python3.12/site-packages/airflow/example_dags/tutorial_taskflow_api.py
[2024-10-28T00:13:17.694+0000] {processor.py:925} INFO - DAG(s) 'tutorial_taskflow_api' retrieved from /home/airflow/.local/lib/python3.12/site-packages/airflow/example_dags/tutorial_taskflow_api.py
[2024-10-28T00:13:17.711+0000] {logging_mixin.py:190} INFO - [2024-10-28T00:13:17.711+0000] {dag.py:3239} INFO - Sync 1 DAGs
[2024-10-28T00:13:17.726+0000] {logging_mixin.py:190} INFO - [2024-10-28T00:13:17.725+0000] {dag.py:4180} INFO - Setting next_dagrun for tutorial_taskflow_api to None, run_after=None
[2024-10-28T00:13:17.743+0000] {processor.py:208} INFO - Processing /home/airflow/.local/lib/python3.12/site-packages/airflow/example_dags/tutorial_taskflow_api.py took 0.065 seconds
[2024-10-28T00:13:48.128+0000] {processor.py:186} INFO - Started process (PID=47158) to work on /home/airflow/.local/lib/python3.12/site-packages/airflow/example_dags/tutorial_taskflow_api.py
[2024-10-28T00:13:48.129+0000] {processor.py:914} INFO - Processing file /home/airflow/.local/lib/python3.12/site-packages/airflow/example_dags/tutorial_taskflow_api.py for tasks to queue
[2024-10-28T00:13:48.131+0000] {logging_mixin.py:190} INFO - [2024-10-28T00:13:48.131+0000] {dagbag.py:588} INFO - Filling up the DagBag from /home/airflow/.local/lib/python3.12/site-packages/airflow/example_dags/tutorial_taskflow_api.py
[2024-10-28T00:13:48.139+0000] {processor.py:925} INFO - DAG(s) 'tutorial_taskflow_api' retrieved from /home/airflow/.local/lib/python3.12/site-packages/airflow/example_dags/tutorial_taskflow_api.py
[2024-10-28T00:13:48.160+0000] {logging_mixin.py:190} INFO - [2024-10-28T00:13:48.160+0000] {dag.py:3239} INFO - Sync 1 DAGs
[2024-10-28T00:13:48.177+0000] {logging_mixin.py:190} INFO - [2024-10-28T00:13:48.176+0000] {dag.py:4180} INFO - Setting next_dagrun for tutorial_taskflow_api to None, run_after=None
[2024-10-28T00:13:48.197+0000] {processor.py:208} INFO - Processing /home/airflow/.local/lib/python3.12/site-packages/airflow/example_dags/tutorial_taskflow_api.py took 0.075 seconds
[2024-10-28T00:14:18.284+0000] {processor.py:186} INFO - Started process (PID=47232) to work on /home/airflow/.local/lib/python3.12/site-packages/airflow/example_dags/tutorial_taskflow_api.py
[2024-10-28T00:14:18.285+0000] {processor.py:914} INFO - Processing file /home/airflow/.local/lib/python3.12/site-packages/airflow/example_dags/tutorial_taskflow_api.py for tasks to queue
[2024-10-28T00:14:18.286+0000] {logging_mixin.py:190} INFO - [2024-10-28T00:14:18.286+0000] {dagbag.py:588} INFO - Filling up the DagBag from /home/airflow/.local/lib/python3.12/site-packages/airflow/example_dags/tutorial_taskflow_api.py
[2024-10-28T00:14:18.294+0000] {processor.py:925} INFO - DAG(s) 'tutorial_taskflow_api' retrieved from /home/airflow/.local/lib/python3.12/site-packages/airflow/example_dags/tutorial_taskflow_api.py
[2024-10-28T00:14:18.311+0000] {logging_mixin.py:190} INFO - [2024-10-28T00:14:18.311+0000] {dag.py:3239} INFO - Sync 1 DAGs
[2024-10-28T00:14:18.325+0000] {logging_mixin.py:190} INFO - [2024-10-28T00:14:18.325+0000] {dag.py:4180} INFO - Setting next_dagrun for tutorial_taskflow_api to None, run_after=None
[2024-10-28T00:14:18.343+0000] {processor.py:208} INFO - Processing /home/airflow/.local/lib/python3.12/site-packages/airflow/example_dags/tutorial_taskflow_api.py took 0.065 seconds
[2024-10-28T00:14:48.532+0000] {processor.py:186} INFO - Started process (PID=47306) to work on /home/airflow/.local/lib/python3.12/site-packages/airflow/example_dags/tutorial_taskflow_api.py
[2024-10-28T00:14:48.533+0000] {processor.py:914} INFO - Processing file /home/airflow/.local/lib/python3.12/site-packages/airflow/example_dags/tutorial_taskflow_api.py for tasks to queue
[2024-10-28T00:14:48.535+0000] {logging_mixin.py:190} INFO - [2024-10-28T00:14:48.534+0000] {dagbag.py:588} INFO - Filling up the DagBag from /home/airflow/.local/lib/python3.12/site-packages/airflow/example_dags/tutorial_taskflow_api.py
[2024-10-28T00:14:48.544+0000] {processor.py:925} INFO - DAG(s) 'tutorial_taskflow_api' retrieved from /home/airflow/.local/lib/python3.12/site-packages/airflow/example_dags/tutorial_taskflow_api.py
[2024-10-28T00:14:48.562+0000] {logging_mixin.py:190} INFO - [2024-10-28T00:14:48.562+0000] {dag.py:3239} INFO - Sync 1 DAGs
[2024-10-28T00:14:48.576+0000] {logging_mixin.py:190} INFO - [2024-10-28T00:14:48.575+0000] {dag.py:4180} INFO - Setting next_dagrun for tutorial_taskflow_api to None, run_after=None
[2024-10-28T00:14:48.593+0000] {processor.py:208} INFO - Processing /home/airflow/.local/lib/python3.12/site-packages/airflow/example_dags/tutorial_taskflow_api.py took 0.066 seconds
[2024-10-28T00:15:18.994+0000] {processor.py:186} INFO - Started process (PID=47380) to work on /home/airflow/.local/lib/python3.12/site-packages/airflow/example_dags/tutorial_taskflow_api.py
[2024-10-28T00:15:18.995+0000] {processor.py:914} INFO - Processing file /home/airflow/.local/lib/python3.12/site-packages/airflow/example_dags/tutorial_taskflow_api.py for tasks to queue
[2024-10-28T00:15:18.996+0000] {logging_mixin.py:190} INFO - [2024-10-28T00:15:18.996+0000] {dagbag.py:588} INFO - Filling up the DagBag from /home/airflow/.local/lib/python3.12/site-packages/airflow/example_dags/tutorial_taskflow_api.py
[2024-10-28T00:15:19.004+0000] {processor.py:925} INFO - DAG(s) 'tutorial_taskflow_api' retrieved from /home/airflow/.local/lib/python3.12/site-packages/airflow/example_dags/tutorial_taskflow_api.py
[2024-10-28T00:15:19.022+0000] {logging_mixin.py:190} INFO - [2024-10-28T00:15:19.022+0000] {dag.py:3239} INFO - Sync 1 DAGs
[2024-10-28T00:15:19.035+0000] {logging_mixin.py:190} INFO - [2024-10-28T00:15:19.035+0000] {dag.py:4180} INFO - Setting next_dagrun for tutorial_taskflow_api to None, run_after=None
[2024-10-28T00:15:19.053+0000] {processor.py:208} INFO - Processing /home/airflow/.local/lib/python3.12/site-packages/airflow/example_dags/tutorial_taskflow_api.py took 0.065 seconds
[2024-10-28T00:15:49.444+0000] {processor.py:186} INFO - Started process (PID=47454) to work on /home/airflow/.local/lib/python3.12/site-packages/airflow/example_dags/tutorial_taskflow_api.py
[2024-10-28T00:15:49.445+0000] {processor.py:914} INFO - Processing file /home/airflow/.local/lib/python3.12/site-packages/airflow/example_dags/tutorial_taskflow_api.py for tasks to queue
[2024-10-28T00:15:49.446+0000] {logging_mixin.py:190} INFO - [2024-10-28T00:15:49.446+0000] {dagbag.py:588} INFO - Filling up the DagBag from /home/airflow/.local/lib/python3.12/site-packages/airflow/example_dags/tutorial_taskflow_api.py
[2024-10-28T00:15:49.454+0000] {processor.py:925} INFO - DAG(s) 'tutorial_taskflow_api' retrieved from /home/airflow/.local/lib/python3.12/site-packages/airflow/example_dags/tutorial_taskflow_api.py
[2024-10-28T00:15:49.472+0000] {logging_mixin.py:190} INFO - [2024-10-28T00:15:49.472+0000] {dag.py:3239} INFO - Sync 1 DAGs
[2024-10-28T00:15:49.486+0000] {logging_mixin.py:190} INFO - [2024-10-28T00:15:49.486+0000] {dag.py:4180} INFO - Setting next_dagrun for tutorial_taskflow_api to None, run_after=None
[2024-10-28T00:15:49.504+0000] {processor.py:208} INFO - Processing /home/airflow/.local/lib/python3.12/site-packages/airflow/example_dags/tutorial_taskflow_api.py took 0.065 seconds
[2024-10-28T00:16:20.373+0000] {processor.py:186} INFO - Started process (PID=47528) to work on /home/airflow/.local/lib/python3.12/site-packages/airflow/example_dags/tutorial_taskflow_api.py
[2024-10-28T00:16:20.374+0000] {processor.py:914} INFO - Processing file /home/airflow/.local/lib/python3.12/site-packages/airflow/example_dags/tutorial_taskflow_api.py for tasks to queue
[2024-10-28T00:16:20.375+0000] {logging_mixin.py:190} INFO - [2024-10-28T00:16:20.375+0000] {dagbag.py:588} INFO - Filling up the DagBag from /home/airflow/.local/lib/python3.12/site-packages/airflow/example_dags/tutorial_taskflow_api.py
[2024-10-28T00:16:20.382+0000] {processor.py:925} INFO - DAG(s) 'tutorial_taskflow_api' retrieved from /home/airflow/.local/lib/python3.12/site-packages/airflow/example_dags/tutorial_taskflow_api.py
[2024-10-28T00:16:20.400+0000] {logging_mixin.py:190} INFO - [2024-10-28T00:16:20.400+0000] {dag.py:3239} INFO - Sync 1 DAGs
[2024-10-28T00:16:20.417+0000] {logging_mixin.py:190} INFO - [2024-10-28T00:16:20.417+0000] {dag.py:4180} INFO - Setting next_dagrun for tutorial_taskflow_api to None, run_after=None
[2024-10-28T00:16:20.437+0000] {processor.py:208} INFO - Processing /home/airflow/.local/lib/python3.12/site-packages/airflow/example_dags/tutorial_taskflow_api.py took 0.070 seconds
[2024-10-28T00:16:51.292+0000] {processor.py:186} INFO - Started process (PID=47602) to work on /home/airflow/.local/lib/python3.12/site-packages/airflow/example_dags/tutorial_taskflow_api.py
[2024-10-28T00:16:51.293+0000] {processor.py:914} INFO - Processing file /home/airflow/.local/lib/python3.12/site-packages/airflow/example_dags/tutorial_taskflow_api.py for tasks to queue
[2024-10-28T00:16:51.294+0000] {logging_mixin.py:190} INFO - [2024-10-28T00:16:51.294+0000] {dagbag.py:588} INFO - Filling up the DagBag from /home/airflow/.local/lib/python3.12/site-packages/airflow/example_dags/tutorial_taskflow_api.py
[2024-10-28T00:16:51.301+0000] {processor.py:925} INFO - DAG(s) 'tutorial_taskflow_api' retrieved from /home/airflow/.local/lib/python3.12/site-packages/airflow/example_dags/tutorial_taskflow_api.py
[2024-10-28T00:16:51.317+0000] {logging_mixin.py:190} INFO - [2024-10-28T00:16:51.317+0000] {dag.py:3239} INFO - Sync 1 DAGs
[2024-10-28T00:16:51.330+0000] {logging_mixin.py:190} INFO - [2024-10-28T00:16:51.330+0000] {dag.py:4180} INFO - Setting next_dagrun for tutorial_taskflow_api to None, run_after=None
[2024-10-28T00:16:51.346+0000] {processor.py:208} INFO - Processing /home/airflow/.local/lib/python3.12/site-packages/airflow/example_dags/tutorial_taskflow_api.py took 0.060 seconds
[2024-10-28T00:17:21.819+0000] {processor.py:186} INFO - Started process (PID=47676) to work on /home/airflow/.local/lib/python3.12/site-packages/airflow/example_dags/tutorial_taskflow_api.py
[2024-10-28T00:17:21.820+0000] {processor.py:914} INFO - Processing file /home/airflow/.local/lib/python3.12/site-packages/airflow/example_dags/tutorial_taskflow_api.py for tasks to queue
[2024-10-28T00:17:21.822+0000] {logging_mixin.py:190} INFO - [2024-10-28T00:17:21.821+0000] {dagbag.py:588} INFO - Filling up the DagBag from /home/airflow/.local/lib/python3.12/site-packages/airflow/example_dags/tutorial_taskflow_api.py
[2024-10-28T00:17:21.829+0000] {processor.py:925} INFO - DAG(s) 'tutorial_taskflow_api' retrieved from /home/airflow/.local/lib/python3.12/site-packages/airflow/example_dags/tutorial_taskflow_api.py
[2024-10-28T00:17:21.846+0000] {logging_mixin.py:190} INFO - [2024-10-28T00:17:21.846+0000] {dag.py:3239} INFO - Sync 1 DAGs
[2024-10-28T00:17:21.859+0000] {logging_mixin.py:190} INFO - [2024-10-28T00:17:21.859+0000] {dag.py:4180} INFO - Setting next_dagrun for tutorial_taskflow_api to None, run_after=None
[2024-10-28T00:17:21.875+0000] {processor.py:208} INFO - Processing /home/airflow/.local/lib/python3.12/site-packages/airflow/example_dags/tutorial_taskflow_api.py took 0.061 seconds
[2024-10-28T00:17:52.208+0000] {processor.py:186} INFO - Started process (PID=47750) to work on /home/airflow/.local/lib/python3.12/site-packages/airflow/example_dags/tutorial_taskflow_api.py
[2024-10-28T00:17:52.209+0000] {processor.py:914} INFO - Processing file /home/airflow/.local/lib/python3.12/site-packages/airflow/example_dags/tutorial_taskflow_api.py for tasks to queue
[2024-10-28T00:17:52.210+0000] {logging_mixin.py:190} INFO - [2024-10-28T00:17:52.210+0000] {dagbag.py:588} INFO - Filling up the DagBag from /home/airflow/.local/lib/python3.12/site-packages/airflow/example_dags/tutorial_taskflow_api.py
[2024-10-28T00:17:52.217+0000] {processor.py:925} INFO - DAG(s) 'tutorial_taskflow_api' retrieved from /home/airflow/.local/lib/python3.12/site-packages/airflow/example_dags/tutorial_taskflow_api.py
[2024-10-28T00:17:52.236+0000] {logging_mixin.py:190} INFO - [2024-10-28T00:17:52.236+0000] {dag.py:3239} INFO - Sync 1 DAGs
[2024-10-28T00:17:52.252+0000] {logging_mixin.py:190} INFO - [2024-10-28T00:17:52.252+0000] {dag.py:4180} INFO - Setting next_dagrun for tutorial_taskflow_api to None, run_after=None
[2024-10-28T00:17:52.271+0000] {processor.py:208} INFO - Processing /home/airflow/.local/lib/python3.12/site-packages/airflow/example_dags/tutorial_taskflow_api.py took 0.069 seconds
[2024-10-28T00:18:22.827+0000] {processor.py:186} INFO - Started process (PID=47824) to work on /home/airflow/.local/lib/python3.12/site-packages/airflow/example_dags/tutorial_taskflow_api.py
[2024-10-28T00:18:22.829+0000] {processor.py:914} INFO - Processing file /home/airflow/.local/lib/python3.12/site-packages/airflow/example_dags/tutorial_taskflow_api.py for tasks to queue
[2024-10-28T00:18:22.831+0000] {logging_mixin.py:190} INFO - [2024-10-28T00:18:22.830+0000] {dagbag.py:588} INFO - Filling up the DagBag from /home/airflow/.local/lib/python3.12/site-packages/airflow/example_dags/tutorial_taskflow_api.py
[2024-10-28T00:18:22.845+0000] {processor.py:925} INFO - DAG(s) 'tutorial_taskflow_api' retrieved from /home/airflow/.local/lib/python3.12/site-packages/airflow/example_dags/tutorial_taskflow_api.py
[2024-10-28T00:18:22.869+0000] {logging_mixin.py:190} INFO - [2024-10-28T00:18:22.869+0000] {dag.py:3239} INFO - Sync 1 DAGs
[2024-10-28T00:18:22.897+0000] {logging_mixin.py:190} INFO - [2024-10-28T00:18:22.897+0000] {dag.py:4180} INFO - Setting next_dagrun for tutorial_taskflow_api to None, run_after=None
[2024-10-28T00:18:22.926+0000] {processor.py:208} INFO - Processing /home/airflow/.local/lib/python3.12/site-packages/airflow/example_dags/tutorial_taskflow_api.py took 0.112 seconds
[2024-10-28T00:18:53.088+0000] {processor.py:186} INFO - Started process (PID=47898) to work on /home/airflow/.local/lib/python3.12/site-packages/airflow/example_dags/tutorial_taskflow_api.py
[2024-10-28T00:18:53.090+0000] {processor.py:914} INFO - Processing file /home/airflow/.local/lib/python3.12/site-packages/airflow/example_dags/tutorial_taskflow_api.py for tasks to queue
[2024-10-28T00:18:53.092+0000] {logging_mixin.py:190} INFO - [2024-10-28T00:18:53.091+0000] {dagbag.py:588} INFO - Filling up the DagBag from /home/airflow/.local/lib/python3.12/site-packages/airflow/example_dags/tutorial_taskflow_api.py
[2024-10-28T00:18:53.099+0000] {processor.py:925} INFO - DAG(s) 'tutorial_taskflow_api' retrieved from /home/airflow/.local/lib/python3.12/site-packages/airflow/example_dags/tutorial_taskflow_api.py
[2024-10-28T00:18:53.118+0000] {logging_mixin.py:190} INFO - [2024-10-28T00:18:53.117+0000] {dag.py:3239} INFO - Sync 1 DAGs
[2024-10-28T00:18:53.131+0000] {logging_mixin.py:190} INFO - [2024-10-28T00:18:53.131+0000] {dag.py:4180} INFO - Setting next_dagrun for tutorial_taskflow_api to None, run_after=None
[2024-10-28T00:18:53.149+0000] {processor.py:208} INFO - Processing /home/airflow/.local/lib/python3.12/site-packages/airflow/example_dags/tutorial_taskflow_api.py took 0.067 seconds
[2024-10-28T00:19:23.676+0000] {processor.py:186} INFO - Started process (PID=47972) to work on /home/airflow/.local/lib/python3.12/site-packages/airflow/example_dags/tutorial_taskflow_api.py
[2024-10-28T00:19:23.678+0000] {processor.py:914} INFO - Processing file /home/airflow/.local/lib/python3.12/site-packages/airflow/example_dags/tutorial_taskflow_api.py for tasks to queue
[2024-10-28T00:19:23.681+0000] {logging_mixin.py:190} INFO - [2024-10-28T00:19:23.680+0000] {dagbag.py:588} INFO - Filling up the DagBag from /home/airflow/.local/lib/python3.12/site-packages/airflow/example_dags/tutorial_taskflow_api.py
[2024-10-28T00:19:23.690+0000] {processor.py:925} INFO - DAG(s) 'tutorial_taskflow_api' retrieved from /home/airflow/.local/lib/python3.12/site-packages/airflow/example_dags/tutorial_taskflow_api.py
[2024-10-28T00:19:23.716+0000] {logging_mixin.py:190} INFO - [2024-10-28T00:19:23.716+0000] {dag.py:3239} INFO - Sync 1 DAGs
[2024-10-28T00:19:23.737+0000] {logging_mixin.py:190} INFO - [2024-10-28T00:19:23.737+0000] {dag.py:4180} INFO - Setting next_dagrun for tutorial_taskflow_api to None, run_after=None
[2024-10-28T00:19:23.767+0000] {processor.py:208} INFO - Processing /home/airflow/.local/lib/python3.12/site-packages/airflow/example_dags/tutorial_taskflow_api.py took 0.098 seconds
[2024-10-28T00:19:54.034+0000] {processor.py:186} INFO - Started process (PID=48046) to work on /home/airflow/.local/lib/python3.12/site-packages/airflow/example_dags/tutorial_taskflow_api.py
[2024-10-28T00:19:54.035+0000] {processor.py:914} INFO - Processing file /home/airflow/.local/lib/python3.12/site-packages/airflow/example_dags/tutorial_taskflow_api.py for tasks to queue
[2024-10-28T00:19:54.037+0000] {logging_mixin.py:190} INFO - [2024-10-28T00:19:54.036+0000] {dagbag.py:588} INFO - Filling up the DagBag from /home/airflow/.local/lib/python3.12/site-packages/airflow/example_dags/tutorial_taskflow_api.py
[2024-10-28T00:19:54.047+0000] {processor.py:925} INFO - DAG(s) 'tutorial_taskflow_api' retrieved from /home/airflow/.local/lib/python3.12/site-packages/airflow/example_dags/tutorial_taskflow_api.py
[2024-10-28T00:19:54.070+0000] {logging_mixin.py:190} INFO - [2024-10-28T00:19:54.070+0000] {dag.py:3239} INFO - Sync 1 DAGs
[2024-10-28T00:19:54.088+0000] {logging_mixin.py:190} INFO - [2024-10-28T00:19:54.088+0000] {dag.py:4180} INFO - Setting next_dagrun for tutorial_taskflow_api to None, run_after=None
[2024-10-28T00:19:54.111+0000] {processor.py:208} INFO - Processing /home/airflow/.local/lib/python3.12/site-packages/airflow/example_dags/tutorial_taskflow_api.py took 0.085 seconds
[2024-10-28T00:20:24.555+0000] {processor.py:186} INFO - Started process (PID=48120) to work on /home/airflow/.local/lib/python3.12/site-packages/airflow/example_dags/tutorial_taskflow_api.py
[2024-10-28T00:20:24.557+0000] {processor.py:914} INFO - Processing file /home/airflow/.local/lib/python3.12/site-packages/airflow/example_dags/tutorial_taskflow_api.py for tasks to queue
[2024-10-28T00:20:24.559+0000] {logging_mixin.py:190} INFO - [2024-10-28T00:20:24.558+0000] {dagbag.py:588} INFO - Filling up the DagBag from /home/airflow/.local/lib/python3.12/site-packages/airflow/example_dags/tutorial_taskflow_api.py
[2024-10-28T00:20:24.568+0000] {processor.py:925} INFO - DAG(s) 'tutorial_taskflow_api' retrieved from /home/airflow/.local/lib/python3.12/site-packages/airflow/example_dags/tutorial_taskflow_api.py
[2024-10-28T00:20:24.595+0000] {logging_mixin.py:190} INFO - [2024-10-28T00:20:24.595+0000] {dag.py:3239} INFO - Sync 1 DAGs
[2024-10-28T00:20:24.614+0000] {logging_mixin.py:190} INFO - [2024-10-28T00:20:24.614+0000] {dag.py:4180} INFO - Setting next_dagrun for tutorial_taskflow_api to None, run_after=None
[2024-10-28T00:20:24.637+0000] {processor.py:208} INFO - Processing /home/airflow/.local/lib/python3.12/site-packages/airflow/example_dags/tutorial_taskflow_api.py took 0.091 seconds
[2024-10-28T00:20:55.284+0000] {processor.py:186} INFO - Started process (PID=48194) to work on /home/airflow/.local/lib/python3.12/site-packages/airflow/example_dags/tutorial_taskflow_api.py
[2024-10-28T00:20:55.285+0000] {processor.py:914} INFO - Processing file /home/airflow/.local/lib/python3.12/site-packages/airflow/example_dags/tutorial_taskflow_api.py for tasks to queue
[2024-10-28T00:20:55.287+0000] {logging_mixin.py:190} INFO - [2024-10-28T00:20:55.286+0000] {dagbag.py:588} INFO - Filling up the DagBag from /home/airflow/.local/lib/python3.12/site-packages/airflow/example_dags/tutorial_taskflow_api.py
[2024-10-28T00:20:55.295+0000] {processor.py:925} INFO - DAG(s) 'tutorial_taskflow_api' retrieved from /home/airflow/.local/lib/python3.12/site-packages/airflow/example_dags/tutorial_taskflow_api.py
[2024-10-28T00:20:55.315+0000] {logging_mixin.py:190} INFO - [2024-10-28T00:20:55.315+0000] {dag.py:3239} INFO - Sync 1 DAGs
[2024-10-28T00:20:55.332+0000] {logging_mixin.py:190} INFO - [2024-10-28T00:20:55.332+0000] {dag.py:4180} INFO - Setting next_dagrun for tutorial_taskflow_api to None, run_after=None
[2024-10-28T00:20:55.353+0000] {processor.py:208} INFO - Processing /home/airflow/.local/lib/python3.12/site-packages/airflow/example_dags/tutorial_taskflow_api.py took 0.076 seconds
[2024-10-28T00:21:26.043+0000] {processor.py:186} INFO - Started process (PID=48268) to work on /home/airflow/.local/lib/python3.12/site-packages/airflow/example_dags/tutorial_taskflow_api.py
[2024-10-28T00:21:26.045+0000] {processor.py:914} INFO - Processing file /home/airflow/.local/lib/python3.12/site-packages/airflow/example_dags/tutorial_taskflow_api.py for tasks to queue
[2024-10-28T00:21:26.047+0000] {logging_mixin.py:190} INFO - [2024-10-28T00:21:26.046+0000] {dagbag.py:588} INFO - Filling up the DagBag from /home/airflow/.local/lib/python3.12/site-packages/airflow/example_dags/tutorial_taskflow_api.py
[2024-10-28T00:21:26.055+0000] {processor.py:925} INFO - DAG(s) 'tutorial_taskflow_api' retrieved from /home/airflow/.local/lib/python3.12/site-packages/airflow/example_dags/tutorial_taskflow_api.py
[2024-10-28T00:21:26.074+0000] {logging_mixin.py:190} INFO - [2024-10-28T00:21:26.074+0000] {dag.py:3239} INFO - Sync 1 DAGs
[2024-10-28T00:21:26.089+0000] {logging_mixin.py:190} INFO - [2024-10-28T00:21:26.089+0000] {dag.py:4180} INFO - Setting next_dagrun for tutorial_taskflow_api to None, run_after=None
[2024-10-28T00:21:26.108+0000] {processor.py:208} INFO - Processing /home/airflow/.local/lib/python3.12/site-packages/airflow/example_dags/tutorial_taskflow_api.py took 0.071 seconds
[2024-10-28T00:21:56.536+0000] {processor.py:186} INFO - Started process (PID=48342) to work on /home/airflow/.local/lib/python3.12/site-packages/airflow/example_dags/tutorial_taskflow_api.py
[2024-10-28T00:21:56.537+0000] {processor.py:914} INFO - Processing file /home/airflow/.local/lib/python3.12/site-packages/airflow/example_dags/tutorial_taskflow_api.py for tasks to queue
[2024-10-28T00:21:56.539+0000] {logging_mixin.py:190} INFO - [2024-10-28T00:21:56.539+0000] {dagbag.py:588} INFO - Filling up the DagBag from /home/airflow/.local/lib/python3.12/site-packages/airflow/example_dags/tutorial_taskflow_api.py
[2024-10-28T00:21:56.548+0000] {processor.py:925} INFO - DAG(s) 'tutorial_taskflow_api' retrieved from /home/airflow/.local/lib/python3.12/site-packages/airflow/example_dags/tutorial_taskflow_api.py
[2024-10-28T00:21:56.570+0000] {logging_mixin.py:190} INFO - [2024-10-28T00:21:56.570+0000] {dag.py:3239} INFO - Sync 1 DAGs
[2024-10-28T00:21:56.586+0000] {logging_mixin.py:190} INFO - [2024-10-28T00:21:56.586+0000] {dag.py:4180} INFO - Setting next_dagrun for tutorial_taskflow_api to None, run_after=None
[2024-10-28T00:21:56.607+0000] {processor.py:208} INFO - Processing /home/airflow/.local/lib/python3.12/site-packages/airflow/example_dags/tutorial_taskflow_api.py took 0.079 seconds
[2024-10-28T00:22:27.478+0000] {processor.py:186} INFO - Started process (PID=48416) to work on /home/airflow/.local/lib/python3.12/site-packages/airflow/example_dags/tutorial_taskflow_api.py
[2024-10-28T00:22:27.479+0000] {processor.py:914} INFO - Processing file /home/airflow/.local/lib/python3.12/site-packages/airflow/example_dags/tutorial_taskflow_api.py for tasks to queue
[2024-10-28T00:22:27.481+0000] {logging_mixin.py:190} INFO - [2024-10-28T00:22:27.480+0000] {dagbag.py:588} INFO - Filling up the DagBag from /home/airflow/.local/lib/python3.12/site-packages/airflow/example_dags/tutorial_taskflow_api.py
[2024-10-28T00:22:27.488+0000] {processor.py:925} INFO - DAG(s) 'tutorial_taskflow_api' retrieved from /home/airflow/.local/lib/python3.12/site-packages/airflow/example_dags/tutorial_taskflow_api.py
[2024-10-28T00:22:27.507+0000] {logging_mixin.py:190} INFO - [2024-10-28T00:22:27.507+0000] {dag.py:3239} INFO - Sync 1 DAGs
[2024-10-28T00:22:27.522+0000] {logging_mixin.py:190} INFO - [2024-10-28T00:22:27.522+0000] {dag.py:4180} INFO - Setting next_dagrun for tutorial_taskflow_api to None, run_after=None
[2024-10-28T00:22:27.544+0000] {processor.py:208} INFO - Processing /home/airflow/.local/lib/python3.12/site-packages/airflow/example_dags/tutorial_taskflow_api.py took 0.071 seconds
[2024-10-28T00:22:58.145+0000] {processor.py:186} INFO - Started process (PID=48490) to work on /home/airflow/.local/lib/python3.12/site-packages/airflow/example_dags/tutorial_taskflow_api.py
[2024-10-28T00:22:58.146+0000] {processor.py:914} INFO - Processing file /home/airflow/.local/lib/python3.12/site-packages/airflow/example_dags/tutorial_taskflow_api.py for tasks to queue
[2024-10-28T00:22:58.148+0000] {logging_mixin.py:190} INFO - [2024-10-28T00:22:58.148+0000] {dagbag.py:588} INFO - Filling up the DagBag from /home/airflow/.local/lib/python3.12/site-packages/airflow/example_dags/tutorial_taskflow_api.py
[2024-10-28T00:22:58.157+0000] {processor.py:925} INFO - DAG(s) 'tutorial_taskflow_api' retrieved from /home/airflow/.local/lib/python3.12/site-packages/airflow/example_dags/tutorial_taskflow_api.py
[2024-10-28T00:22:58.179+0000] {logging_mixin.py:190} INFO - [2024-10-28T00:22:58.179+0000] {dag.py:3239} INFO - Sync 1 DAGs
[2024-10-28T00:22:58.196+0000] {logging_mixin.py:190} INFO - [2024-10-28T00:22:58.196+0000] {dag.py:4180} INFO - Setting next_dagrun for tutorial_taskflow_api to None, run_after=None
[2024-10-28T00:22:58.217+0000] {processor.py:208} INFO - Processing /home/airflow/.local/lib/python3.12/site-packages/airflow/example_dags/tutorial_taskflow_api.py took 0.078 seconds
[2024-10-28T00:23:28.409+0000] {processor.py:186} INFO - Started process (PID=48564) to work on /home/airflow/.local/lib/python3.12/site-packages/airflow/example_dags/tutorial_taskflow_api.py
[2024-10-28T00:23:28.410+0000] {processor.py:914} INFO - Processing file /home/airflow/.local/lib/python3.12/site-packages/airflow/example_dags/tutorial_taskflow_api.py for tasks to queue
[2024-10-28T00:23:28.412+0000] {logging_mixin.py:190} INFO - [2024-10-28T00:23:28.412+0000] {dagbag.py:588} INFO - Filling up the DagBag from /home/airflow/.local/lib/python3.12/site-packages/airflow/example_dags/tutorial_taskflow_api.py
[2024-10-28T00:23:28.419+0000] {processor.py:925} INFO - DAG(s) 'tutorial_taskflow_api' retrieved from /home/airflow/.local/lib/python3.12/site-packages/airflow/example_dags/tutorial_taskflow_api.py
[2024-10-28T00:23:28.437+0000] {logging_mixin.py:190} INFO - [2024-10-28T00:23:28.437+0000] {dag.py:3239} INFO - Sync 1 DAGs
[2024-10-28T00:23:28.451+0000] {logging_mixin.py:190} INFO - [2024-10-28T00:23:28.451+0000] {dag.py:4180} INFO - Setting next_dagrun for tutorial_taskflow_api to None, run_after=None
[2024-10-28T00:23:28.468+0000] {processor.py:208} INFO - Processing /home/airflow/.local/lib/python3.12/site-packages/airflow/example_dags/tutorial_taskflow_api.py took 0.064 seconds
[2024-10-28T00:23:59.504+0000] {processor.py:186} INFO - Started process (PID=48638) to work on /home/airflow/.local/lib/python3.12/site-packages/airflow/example_dags/tutorial_taskflow_api.py
[2024-10-28T00:23:59.505+0000] {processor.py:914} INFO - Processing file /home/airflow/.local/lib/python3.12/site-packages/airflow/example_dags/tutorial_taskflow_api.py for tasks to queue
[2024-10-28T00:23:59.507+0000] {logging_mixin.py:190} INFO - [2024-10-28T00:23:59.506+0000] {dagbag.py:588} INFO - Filling up the DagBag from /home/airflow/.local/lib/python3.12/site-packages/airflow/example_dags/tutorial_taskflow_api.py
[2024-10-28T00:23:59.516+0000] {processor.py:925} INFO - DAG(s) 'tutorial_taskflow_api' retrieved from /home/airflow/.local/lib/python3.12/site-packages/airflow/example_dags/tutorial_taskflow_api.py
[2024-10-28T00:23:59.540+0000] {logging_mixin.py:190} INFO - [2024-10-28T00:23:59.539+0000] {dag.py:3239} INFO - Sync 1 DAGs
[2024-10-28T00:23:59.560+0000] {logging_mixin.py:190} INFO - [2024-10-28T00:23:59.559+0000] {dag.py:4180} INFO - Setting next_dagrun for tutorial_taskflow_api to None, run_after=None
[2024-10-28T00:23:59.584+0000] {processor.py:208} INFO - Processing /home/airflow/.local/lib/python3.12/site-packages/airflow/example_dags/tutorial_taskflow_api.py took 0.086 seconds
[2024-10-28T00:24:29.931+0000] {processor.py:186} INFO - Started process (PID=48712) to work on /home/airflow/.local/lib/python3.12/site-packages/airflow/example_dags/tutorial_taskflow_api.py
[2024-10-28T00:24:29.932+0000] {processor.py:914} INFO - Processing file /home/airflow/.local/lib/python3.12/site-packages/airflow/example_dags/tutorial_taskflow_api.py for tasks to queue
[2024-10-28T00:24:29.933+0000] {logging_mixin.py:190} INFO - [2024-10-28T00:24:29.933+0000] {dagbag.py:588} INFO - Filling up the DagBag from /home/airflow/.local/lib/python3.12/site-packages/airflow/example_dags/tutorial_taskflow_api.py
[2024-10-28T00:24:29.941+0000] {processor.py:925} INFO - DAG(s) 'tutorial_taskflow_api' retrieved from /home/airflow/.local/lib/python3.12/site-packages/airflow/example_dags/tutorial_taskflow_api.py
[2024-10-28T00:24:29.961+0000] {logging_mixin.py:190} INFO - [2024-10-28T00:24:29.960+0000] {dag.py:3239} INFO - Sync 1 DAGs
[2024-10-28T00:24:29.977+0000] {logging_mixin.py:190} INFO - [2024-10-28T00:24:29.977+0000] {dag.py:4180} INFO - Setting next_dagrun for tutorial_taskflow_api to None, run_after=None
[2024-10-28T00:24:30.003+0000] {processor.py:208} INFO - Processing /home/airflow/.local/lib/python3.12/site-packages/airflow/example_dags/tutorial_taskflow_api.py took 0.078 seconds
[2024-10-28T00:25:00.829+0000] {processor.py:186} INFO - Started process (PID=48786) to work on /home/airflow/.local/lib/python3.12/site-packages/airflow/example_dags/tutorial_taskflow_api.py
[2024-10-28T00:25:00.830+0000] {processor.py:914} INFO - Processing file /home/airflow/.local/lib/python3.12/site-packages/airflow/example_dags/tutorial_taskflow_api.py for tasks to queue
[2024-10-28T00:25:00.832+0000] {logging_mixin.py:190} INFO - [2024-10-28T00:25:00.831+0000] {dagbag.py:588} INFO - Filling up the DagBag from /home/airflow/.local/lib/python3.12/site-packages/airflow/example_dags/tutorial_taskflow_api.py
[2024-10-28T00:25:00.842+0000] {processor.py:925} INFO - DAG(s) 'tutorial_taskflow_api' retrieved from /home/airflow/.local/lib/python3.12/site-packages/airflow/example_dags/tutorial_taskflow_api.py
[2024-10-28T00:25:00.862+0000] {logging_mixin.py:190} INFO - [2024-10-28T00:25:00.862+0000] {dag.py:3239} INFO - Sync 1 DAGs
[2024-10-28T00:25:00.878+0000] {logging_mixin.py:190} INFO - [2024-10-28T00:25:00.878+0000] {dag.py:4180} INFO - Setting next_dagrun for tutorial_taskflow_api to None, run_after=None
[2024-10-28T00:25:01.064+0000] {processor.py:208} INFO - Processing /home/airflow/.local/lib/python3.12/site-packages/airflow/example_dags/tutorial_taskflow_api.py took 0.241 seconds
[2024-10-28T00:25:32.061+0000] {processor.py:186} INFO - Started process (PID=48860) to work on /home/airflow/.local/lib/python3.12/site-packages/airflow/example_dags/tutorial_taskflow_api.py
[2024-10-28T00:25:32.062+0000] {processor.py:914} INFO - Processing file /home/airflow/.local/lib/python3.12/site-packages/airflow/example_dags/tutorial_taskflow_api.py for tasks to queue
[2024-10-28T00:25:32.064+0000] {logging_mixin.py:190} INFO - [2024-10-28T00:25:32.063+0000] {dagbag.py:588} INFO - Filling up the DagBag from /home/airflow/.local/lib/python3.12/site-packages/airflow/example_dags/tutorial_taskflow_api.py
[2024-10-28T00:25:32.072+0000] {processor.py:925} INFO - DAG(s) 'tutorial_taskflow_api' retrieved from /home/airflow/.local/lib/python3.12/site-packages/airflow/example_dags/tutorial_taskflow_api.py
[2024-10-28T00:25:32.091+0000] {logging_mixin.py:190} INFO - [2024-10-28T00:25:32.090+0000] {dag.py:3239} INFO - Sync 1 DAGs
[2024-10-28T00:25:32.105+0000] {logging_mixin.py:190} INFO - [2024-10-28T00:25:32.105+0000] {dag.py:4180} INFO - Setting next_dagrun for tutorial_taskflow_api to None, run_after=None
[2024-10-28T00:25:32.265+0000] {processor.py:208} INFO - Processing /home/airflow/.local/lib/python3.12/site-packages/airflow/example_dags/tutorial_taskflow_api.py took 0.211 seconds
[2024-10-28T00:26:02.588+0000] {processor.py:186} INFO - Started process (PID=48934) to work on /home/airflow/.local/lib/python3.12/site-packages/airflow/example_dags/tutorial_taskflow_api.py
[2024-10-28T00:26:02.590+0000] {processor.py:914} INFO - Processing file /home/airflow/.local/lib/python3.12/site-packages/airflow/example_dags/tutorial_taskflow_api.py for tasks to queue
[2024-10-28T00:26:02.591+0000] {logging_mixin.py:190} INFO - [2024-10-28T00:26:02.591+0000] {dagbag.py:588} INFO - Filling up the DagBag from /home/airflow/.local/lib/python3.12/site-packages/airflow/example_dags/tutorial_taskflow_api.py
[2024-10-28T00:26:02.598+0000] {processor.py:925} INFO - DAG(s) 'tutorial_taskflow_api' retrieved from /home/airflow/.local/lib/python3.12/site-packages/airflow/example_dags/tutorial_taskflow_api.py
[2024-10-28T00:26:02.617+0000] {logging_mixin.py:190} INFO - [2024-10-28T00:26:02.616+0000] {dag.py:3239} INFO - Sync 1 DAGs
[2024-10-28T00:26:02.631+0000] {logging_mixin.py:190} INFO - [2024-10-28T00:26:02.631+0000] {dag.py:4180} INFO - Setting next_dagrun for tutorial_taskflow_api to None, run_after=None
[2024-10-28T00:26:02.799+0000] {processor.py:208} INFO - Processing /home/airflow/.local/lib/python3.12/site-packages/airflow/example_dags/tutorial_taskflow_api.py took 0.216 seconds
[2024-10-28T00:26:33.639+0000] {processor.py:186} INFO - Started process (PID=49008) to work on /home/airflow/.local/lib/python3.12/site-packages/airflow/example_dags/tutorial_taskflow_api.py
[2024-10-28T00:26:33.640+0000] {processor.py:914} INFO - Processing file /home/airflow/.local/lib/python3.12/site-packages/airflow/example_dags/tutorial_taskflow_api.py for tasks to queue
[2024-10-28T00:26:33.642+0000] {logging_mixin.py:190} INFO - [2024-10-28T00:26:33.642+0000] {dagbag.py:588} INFO - Filling up the DagBag from /home/airflow/.local/lib/python3.12/site-packages/airflow/example_dags/tutorial_taskflow_api.py
[2024-10-28T00:26:33.649+0000] {processor.py:925} INFO - DAG(s) 'tutorial_taskflow_api' retrieved from /home/airflow/.local/lib/python3.12/site-packages/airflow/example_dags/tutorial_taskflow_api.py
[2024-10-28T00:26:33.668+0000] {logging_mixin.py:190} INFO - [2024-10-28T00:26:33.667+0000] {dag.py:3239} INFO - Sync 1 DAGs
[2024-10-28T00:26:33.683+0000] {logging_mixin.py:190} INFO - [2024-10-28T00:26:33.682+0000] {dag.py:4180} INFO - Setting next_dagrun for tutorial_taskflow_api to None, run_after=None
[2024-10-28T00:26:33.702+0000] {processor.py:208} INFO - Processing /home/airflow/.local/lib/python3.12/site-packages/airflow/example_dags/tutorial_taskflow_api.py took 0.068 seconds
[2024-10-28T00:27:04.017+0000] {processor.py:186} INFO - Started process (PID=49082) to work on /home/airflow/.local/lib/python3.12/site-packages/airflow/example_dags/tutorial_taskflow_api.py
[2024-10-28T00:27:04.019+0000] {processor.py:914} INFO - Processing file /home/airflow/.local/lib/python3.12/site-packages/airflow/example_dags/tutorial_taskflow_api.py for tasks to queue
[2024-10-28T00:27:04.020+0000] {logging_mixin.py:190} INFO - [2024-10-28T00:27:04.020+0000] {dagbag.py:588} INFO - Filling up the DagBag from /home/airflow/.local/lib/python3.12/site-packages/airflow/example_dags/tutorial_taskflow_api.py
[2024-10-28T00:27:04.028+0000] {processor.py:925} INFO - DAG(s) 'tutorial_taskflow_api' retrieved from /home/airflow/.local/lib/python3.12/site-packages/airflow/example_dags/tutorial_taskflow_api.py
[2024-10-28T00:27:04.047+0000] {logging_mixin.py:190} INFO - [2024-10-28T00:27:04.046+0000] {dag.py:3239} INFO - Sync 1 DAGs
[2024-10-28T00:27:04.061+0000] {logging_mixin.py:190} INFO - [2024-10-28T00:27:04.061+0000] {dag.py:4180} INFO - Setting next_dagrun for tutorial_taskflow_api to None, run_after=None
[2024-10-28T00:27:04.080+0000] {processor.py:208} INFO - Processing /home/airflow/.local/lib/python3.12/site-packages/airflow/example_dags/tutorial_taskflow_api.py took 0.068 seconds
[2024-10-28T00:27:34.913+0000] {processor.py:186} INFO - Started process (PID=49156) to work on /home/airflow/.local/lib/python3.12/site-packages/airflow/example_dags/tutorial_taskflow_api.py
[2024-10-28T00:27:34.915+0000] {processor.py:914} INFO - Processing file /home/airflow/.local/lib/python3.12/site-packages/airflow/example_dags/tutorial_taskflow_api.py for tasks to queue
[2024-10-28T00:27:34.916+0000] {logging_mixin.py:190} INFO - [2024-10-28T00:27:34.916+0000] {dagbag.py:588} INFO - Filling up the DagBag from /home/airflow/.local/lib/python3.12/site-packages/airflow/example_dags/tutorial_taskflow_api.py
[2024-10-28T00:27:34.924+0000] {processor.py:925} INFO - DAG(s) 'tutorial_taskflow_api' retrieved from /home/airflow/.local/lib/python3.12/site-packages/airflow/example_dags/tutorial_taskflow_api.py
[2024-10-28T00:27:34.944+0000] {logging_mixin.py:190} INFO - [2024-10-28T00:27:34.943+0000] {dag.py:3239} INFO - Sync 1 DAGs
[2024-10-28T00:27:34.958+0000] {logging_mixin.py:190} INFO - [2024-10-28T00:27:34.958+0000] {dag.py:4180} INFO - Setting next_dagrun for tutorial_taskflow_api to None, run_after=None
[2024-10-28T00:27:34.977+0000] {processor.py:208} INFO - Processing /home/airflow/.local/lib/python3.12/site-packages/airflow/example_dags/tutorial_taskflow_api.py took 0.069 seconds
[2024-10-28T00:28:05.947+0000] {processor.py:186} INFO - Started process (PID=49230) to work on /home/airflow/.local/lib/python3.12/site-packages/airflow/example_dags/tutorial_taskflow_api.py
[2024-10-28T00:28:05.948+0000] {processor.py:914} INFO - Processing file /home/airflow/.local/lib/python3.12/site-packages/airflow/example_dags/tutorial_taskflow_api.py for tasks to queue
[2024-10-28T00:28:05.950+0000] {logging_mixin.py:190} INFO - [2024-10-28T00:28:05.949+0000] {dagbag.py:588} INFO - Filling up the DagBag from /home/airflow/.local/lib/python3.12/site-packages/airflow/example_dags/tutorial_taskflow_api.py
[2024-10-28T00:28:05.958+0000] {processor.py:925} INFO - DAG(s) 'tutorial_taskflow_api' retrieved from /home/airflow/.local/lib/python3.12/site-packages/airflow/example_dags/tutorial_taskflow_api.py
[2024-10-28T00:28:05.979+0000] {logging_mixin.py:190} INFO - [2024-10-28T00:28:05.979+0000] {dag.py:3239} INFO - Sync 1 DAGs
[2024-10-28T00:28:05.995+0000] {logging_mixin.py:190} INFO - [2024-10-28T00:28:05.995+0000] {dag.py:4180} INFO - Setting next_dagrun for tutorial_taskflow_api to None, run_after=None
[2024-10-28T00:28:06.015+0000] {processor.py:208} INFO - Processing /home/airflow/.local/lib/python3.12/site-packages/airflow/example_dags/tutorial_taskflow_api.py took 0.074 seconds
[2024-10-28T00:28:36.509+0000] {processor.py:186} INFO - Started process (PID=49304) to work on /home/airflow/.local/lib/python3.12/site-packages/airflow/example_dags/tutorial_taskflow_api.py
[2024-10-28T00:28:36.510+0000] {processor.py:914} INFO - Processing file /home/airflow/.local/lib/python3.12/site-packages/airflow/example_dags/tutorial_taskflow_api.py for tasks to queue
[2024-10-28T00:28:36.512+0000] {logging_mixin.py:190} INFO - [2024-10-28T00:28:36.511+0000] {dagbag.py:588} INFO - Filling up the DagBag from /home/airflow/.local/lib/python3.12/site-packages/airflow/example_dags/tutorial_taskflow_api.py
[2024-10-28T00:28:36.519+0000] {processor.py:925} INFO - DAG(s) 'tutorial_taskflow_api' retrieved from /home/airflow/.local/lib/python3.12/site-packages/airflow/example_dags/tutorial_taskflow_api.py
[2024-10-28T00:28:36.538+0000] {logging_mixin.py:190} INFO - [2024-10-28T00:28:36.537+0000] {dag.py:3239} INFO - Sync 1 DAGs
[2024-10-28T00:28:36.553+0000] {logging_mixin.py:190} INFO - [2024-10-28T00:28:36.552+0000] {dag.py:4180} INFO - Setting next_dagrun for tutorial_taskflow_api to None, run_after=None
[2024-10-28T00:28:36.571+0000] {processor.py:208} INFO - Processing /home/airflow/.local/lib/python3.12/site-packages/airflow/example_dags/tutorial_taskflow_api.py took 0.067 seconds
[2024-10-28T00:29:07.377+0000] {processor.py:186} INFO - Started process (PID=49378) to work on /home/airflow/.local/lib/python3.12/site-packages/airflow/example_dags/tutorial_taskflow_api.py
[2024-10-28T00:29:07.379+0000] {processor.py:914} INFO - Processing file /home/airflow/.local/lib/python3.12/site-packages/airflow/example_dags/tutorial_taskflow_api.py for tasks to queue
[2024-10-28T00:29:07.380+0000] {logging_mixin.py:190} INFO - [2024-10-28T00:29:07.380+0000] {dagbag.py:588} INFO - Filling up the DagBag from /home/airflow/.local/lib/python3.12/site-packages/airflow/example_dags/tutorial_taskflow_api.py
[2024-10-28T00:29:07.391+0000] {processor.py:925} INFO - DAG(s) 'tutorial_taskflow_api' retrieved from /home/airflow/.local/lib/python3.12/site-packages/airflow/example_dags/tutorial_taskflow_api.py
[2024-10-28T00:29:07.412+0000] {logging_mixin.py:190} INFO - [2024-10-28T00:29:07.412+0000] {dag.py:3239} INFO - Sync 1 DAGs
[2024-10-28T00:29:07.428+0000] {logging_mixin.py:190} INFO - [2024-10-28T00:29:07.428+0000] {dag.py:4180} INFO - Setting next_dagrun for tutorial_taskflow_api to None, run_after=None
[2024-10-28T00:29:07.448+0000] {processor.py:208} INFO - Processing /home/airflow/.local/lib/python3.12/site-packages/airflow/example_dags/tutorial_taskflow_api.py took 0.076 seconds
[2024-10-28T00:29:38.249+0000] {processor.py:186} INFO - Started process (PID=49458) to work on /home/airflow/.local/lib/python3.12/site-packages/airflow/example_dags/tutorial_taskflow_api.py
[2024-10-28T00:29:38.250+0000] {processor.py:914} INFO - Processing file /home/airflow/.local/lib/python3.12/site-packages/airflow/example_dags/tutorial_taskflow_api.py for tasks to queue
[2024-10-28T00:29:38.252+0000] {logging_mixin.py:190} INFO - [2024-10-28T00:29:38.252+0000] {dagbag.py:588} INFO - Filling up the DagBag from /home/airflow/.local/lib/python3.12/site-packages/airflow/example_dags/tutorial_taskflow_api.py
[2024-10-28T00:29:38.261+0000] {processor.py:925} INFO - DAG(s) 'tutorial_taskflow_api' retrieved from /home/airflow/.local/lib/python3.12/site-packages/airflow/example_dags/tutorial_taskflow_api.py
[2024-10-28T00:29:38.280+0000] {logging_mixin.py:190} INFO - [2024-10-28T00:29:38.280+0000] {dag.py:3239} INFO - Sync 1 DAGs
[2024-10-28T00:29:38.294+0000] {logging_mixin.py:190} INFO - [2024-10-28T00:29:38.294+0000] {dag.py:4180} INFO - Setting next_dagrun for tutorial_taskflow_api to None, run_after=None
[2024-10-28T00:29:38.312+0000] {processor.py:208} INFO - Processing /home/airflow/.local/lib/python3.12/site-packages/airflow/example_dags/tutorial_taskflow_api.py took 0.069 seconds
[2024-10-28T00:30:09.167+0000] {processor.py:186} INFO - Started process (PID=49532) to work on /home/airflow/.local/lib/python3.12/site-packages/airflow/example_dags/tutorial_taskflow_api.py
[2024-10-28T00:30:09.169+0000] {processor.py:914} INFO - Processing file /home/airflow/.local/lib/python3.12/site-packages/airflow/example_dags/tutorial_taskflow_api.py for tasks to queue
[2024-10-28T00:30:09.170+0000] {logging_mixin.py:190} INFO - [2024-10-28T00:30:09.170+0000] {dagbag.py:588} INFO - Filling up the DagBag from /home/airflow/.local/lib/python3.12/site-packages/airflow/example_dags/tutorial_taskflow_api.py
[2024-10-28T00:30:09.179+0000] {processor.py:925} INFO - DAG(s) 'tutorial_taskflow_api' retrieved from /home/airflow/.local/lib/python3.12/site-packages/airflow/example_dags/tutorial_taskflow_api.py
[2024-10-28T00:30:09.197+0000] {logging_mixin.py:190} INFO - [2024-10-28T00:30:09.197+0000] {dag.py:3239} INFO - Sync 1 DAGs
[2024-10-28T00:30:09.211+0000] {logging_mixin.py:190} INFO - [2024-10-28T00:30:09.211+0000] {dag.py:4180} INFO - Setting next_dagrun for tutorial_taskflow_api to None, run_after=None
[2024-10-28T00:30:09.229+0000] {processor.py:208} INFO - Processing /home/airflow/.local/lib/python3.12/site-packages/airflow/example_dags/tutorial_taskflow_api.py took 0.067 seconds
[2024-10-28T00:30:40.054+0000] {processor.py:186} INFO - Started process (PID=49606) to work on /home/airflow/.local/lib/python3.12/site-packages/airflow/example_dags/tutorial_taskflow_api.py
[2024-10-28T00:30:40.055+0000] {processor.py:914} INFO - Processing file /home/airflow/.local/lib/python3.12/site-packages/airflow/example_dags/tutorial_taskflow_api.py for tasks to queue
[2024-10-28T00:30:40.057+0000] {logging_mixin.py:190} INFO - [2024-10-28T00:30:40.056+0000] {dagbag.py:588} INFO - Filling up the DagBag from /home/airflow/.local/lib/python3.12/site-packages/airflow/example_dags/tutorial_taskflow_api.py
[2024-10-28T00:30:40.064+0000] {processor.py:925} INFO - DAG(s) 'tutorial_taskflow_api' retrieved from /home/airflow/.local/lib/python3.12/site-packages/airflow/example_dags/tutorial_taskflow_api.py
[2024-10-28T00:30:40.085+0000] {logging_mixin.py:190} INFO - [2024-10-28T00:30:40.085+0000] {dag.py:3239} INFO - Sync 1 DAGs
[2024-10-28T00:30:40.099+0000] {logging_mixin.py:190} INFO - [2024-10-28T00:30:40.099+0000] {dag.py:4180} INFO - Setting next_dagrun for tutorial_taskflow_api to None, run_after=None
[2024-10-28T00:30:40.119+0000] {processor.py:208} INFO - Processing /home/airflow/.local/lib/python3.12/site-packages/airflow/example_dags/tutorial_taskflow_api.py took 0.070 seconds
[2024-10-28T00:31:10.802+0000] {processor.py:186} INFO - Started process (PID=49680) to work on /home/airflow/.local/lib/python3.12/site-packages/airflow/example_dags/tutorial_taskflow_api.py
[2024-10-28T00:31:10.803+0000] {processor.py:914} INFO - Processing file /home/airflow/.local/lib/python3.12/site-packages/airflow/example_dags/tutorial_taskflow_api.py for tasks to queue
[2024-10-28T00:31:10.804+0000] {logging_mixin.py:190} INFO - [2024-10-28T00:31:10.804+0000] {dagbag.py:588} INFO - Filling up the DagBag from /home/airflow/.local/lib/python3.12/site-packages/airflow/example_dags/tutorial_taskflow_api.py
[2024-10-28T00:31:10.812+0000] {processor.py:925} INFO - DAG(s) 'tutorial_taskflow_api' retrieved from /home/airflow/.local/lib/python3.12/site-packages/airflow/example_dags/tutorial_taskflow_api.py
[2024-10-28T00:31:10.832+0000] {logging_mixin.py:190} INFO - [2024-10-28T00:31:10.832+0000] {dag.py:3239} INFO - Sync 1 DAGs
[2024-10-28T00:31:10.846+0000] {logging_mixin.py:190} INFO - [2024-10-28T00:31:10.846+0000] {dag.py:4180} INFO - Setting next_dagrun for tutorial_taskflow_api to None, run_after=None
[2024-10-28T00:31:10.867+0000] {processor.py:208} INFO - Processing /home/airflow/.local/lib/python3.12/site-packages/airflow/example_dags/tutorial_taskflow_api.py took 0.071 seconds
[2024-10-28T00:31:40.933+0000] {processor.py:186} INFO - Started process (PID=49754) to work on /home/airflow/.local/lib/python3.12/site-packages/airflow/example_dags/tutorial_taskflow_api.py
[2024-10-28T00:31:40.934+0000] {processor.py:914} INFO - Processing file /home/airflow/.local/lib/python3.12/site-packages/airflow/example_dags/tutorial_taskflow_api.py for tasks to queue
[2024-10-28T00:31:40.936+0000] {logging_mixin.py:190} INFO - [2024-10-28T00:31:40.935+0000] {dagbag.py:588} INFO - Filling up the DagBag from /home/airflow/.local/lib/python3.12/site-packages/airflow/example_dags/tutorial_taskflow_api.py
[2024-10-28T00:31:40.944+0000] {processor.py:925} INFO - DAG(s) 'tutorial_taskflow_api' retrieved from /home/airflow/.local/lib/python3.12/site-packages/airflow/example_dags/tutorial_taskflow_api.py
[2024-10-28T00:31:40.962+0000] {logging_mixin.py:190} INFO - [2024-10-28T00:31:40.961+0000] {dag.py:3239} INFO - Sync 1 DAGs
[2024-10-28T00:31:40.976+0000] {logging_mixin.py:190} INFO - [2024-10-28T00:31:40.976+0000] {dag.py:4180} INFO - Setting next_dagrun for tutorial_taskflow_api to None, run_after=None
[2024-10-28T00:31:40.998+0000] {processor.py:208} INFO - Processing /home/airflow/.local/lib/python3.12/site-packages/airflow/example_dags/tutorial_taskflow_api.py took 0.070 seconds
[2024-10-28T00:32:11.785+0000] {processor.py:186} INFO - Started process (PID=49828) to work on /home/airflow/.local/lib/python3.12/site-packages/airflow/example_dags/tutorial_taskflow_api.py
[2024-10-28T00:32:11.786+0000] {processor.py:914} INFO - Processing file /home/airflow/.local/lib/python3.12/site-packages/airflow/example_dags/tutorial_taskflow_api.py for tasks to queue
[2024-10-28T00:32:11.788+0000] {logging_mixin.py:190} INFO - [2024-10-28T00:32:11.787+0000] {dagbag.py:588} INFO - Filling up the DagBag from /home/airflow/.local/lib/python3.12/site-packages/airflow/example_dags/tutorial_taskflow_api.py
[2024-10-28T00:32:11.796+0000] {processor.py:925} INFO - DAG(s) 'tutorial_taskflow_api' retrieved from /home/airflow/.local/lib/python3.12/site-packages/airflow/example_dags/tutorial_taskflow_api.py
[2024-10-28T00:32:11.815+0000] {logging_mixin.py:190} INFO - [2024-10-28T00:32:11.815+0000] {dag.py:3239} INFO - Sync 1 DAGs
[2024-10-28T00:32:11.829+0000] {logging_mixin.py:190} INFO - [2024-10-28T00:32:11.829+0000] {dag.py:4180} INFO - Setting next_dagrun for tutorial_taskflow_api to None, run_after=None
[2024-10-28T00:32:11.847+0000] {processor.py:208} INFO - Processing /home/airflow/.local/lib/python3.12/site-packages/airflow/example_dags/tutorial_taskflow_api.py took 0.068 seconds
[2024-10-28T00:32:42.647+0000] {processor.py:186} INFO - Started process (PID=49902) to work on /home/airflow/.local/lib/python3.12/site-packages/airflow/example_dags/tutorial_taskflow_api.py
[2024-10-28T00:32:42.648+0000] {processor.py:914} INFO - Processing file /home/airflow/.local/lib/python3.12/site-packages/airflow/example_dags/tutorial_taskflow_api.py for tasks to queue
[2024-10-28T00:32:42.649+0000] {logging_mixin.py:190} INFO - [2024-10-28T00:32:42.649+0000] {dagbag.py:588} INFO - Filling up the DagBag from /home/airflow/.local/lib/python3.12/site-packages/airflow/example_dags/tutorial_taskflow_api.py
[2024-10-28T00:32:42.657+0000] {processor.py:925} INFO - DAG(s) 'tutorial_taskflow_api' retrieved from /home/airflow/.local/lib/python3.12/site-packages/airflow/example_dags/tutorial_taskflow_api.py
[2024-10-28T00:32:42.675+0000] {logging_mixin.py:190} INFO - [2024-10-28T00:32:42.675+0000] {dag.py:3239} INFO - Sync 1 DAGs
[2024-10-28T00:32:42.689+0000] {logging_mixin.py:190} INFO - [2024-10-28T00:32:42.689+0000] {dag.py:4180} INFO - Setting next_dagrun for tutorial_taskflow_api to None, run_after=None
[2024-10-28T00:32:42.708+0000] {processor.py:208} INFO - Processing /home/airflow/.local/lib/python3.12/site-packages/airflow/example_dags/tutorial_taskflow_api.py took 0.067 seconds
[2024-10-28T00:33:13.469+0000] {processor.py:186} INFO - Started process (PID=49976) to work on /home/airflow/.local/lib/python3.12/site-packages/airflow/example_dags/tutorial_taskflow_api.py
[2024-10-28T00:33:13.470+0000] {processor.py:914} INFO - Processing file /home/airflow/.local/lib/python3.12/site-packages/airflow/example_dags/tutorial_taskflow_api.py for tasks to queue
[2024-10-28T00:33:13.472+0000] {logging_mixin.py:190} INFO - [2024-10-28T00:33:13.472+0000] {dagbag.py:588} INFO - Filling up the DagBag from /home/airflow/.local/lib/python3.12/site-packages/airflow/example_dags/tutorial_taskflow_api.py
[2024-10-28T00:33:13.480+0000] {processor.py:925} INFO - DAG(s) 'tutorial_taskflow_api' retrieved from /home/airflow/.local/lib/python3.12/site-packages/airflow/example_dags/tutorial_taskflow_api.py
[2024-10-28T00:33:13.500+0000] {logging_mixin.py:190} INFO - [2024-10-28T00:33:13.500+0000] {dag.py:3239} INFO - Sync 1 DAGs
[2024-10-28T00:33:13.514+0000] {logging_mixin.py:190} INFO - [2024-10-28T00:33:13.514+0000] {dag.py:4180} INFO - Setting next_dagrun for tutorial_taskflow_api to None, run_after=None
[2024-10-28T00:33:13.533+0000] {processor.py:208} INFO - Processing /home/airflow/.local/lib/python3.12/site-packages/airflow/example_dags/tutorial_taskflow_api.py took 0.072 seconds
[2024-10-28T00:33:44.249+0000] {processor.py:186} INFO - Started process (PID=50050) to work on /home/airflow/.local/lib/python3.12/site-packages/airflow/example_dags/tutorial_taskflow_api.py
[2024-10-28T00:33:44.250+0000] {processor.py:914} INFO - Processing file /home/airflow/.local/lib/python3.12/site-packages/airflow/example_dags/tutorial_taskflow_api.py for tasks to queue
[2024-10-28T00:33:44.251+0000] {logging_mixin.py:190} INFO - [2024-10-28T00:33:44.251+0000] {dagbag.py:588} INFO - Filling up the DagBag from /home/airflow/.local/lib/python3.12/site-packages/airflow/example_dags/tutorial_taskflow_api.py
[2024-10-28T00:33:44.259+0000] {processor.py:925} INFO - DAG(s) 'tutorial_taskflow_api' retrieved from /home/airflow/.local/lib/python3.12/site-packages/airflow/example_dags/tutorial_taskflow_api.py
[2024-10-28T00:33:44.278+0000] {logging_mixin.py:190} INFO - [2024-10-28T00:33:44.277+0000] {dag.py:3239} INFO - Sync 1 DAGs
[2024-10-28T00:33:44.294+0000] {logging_mixin.py:190} INFO - [2024-10-28T00:33:44.293+0000] {dag.py:4180} INFO - Setting next_dagrun for tutorial_taskflow_api to None, run_after=None
[2024-10-28T00:33:44.313+0000] {processor.py:208} INFO - Processing /home/airflow/.local/lib/python3.12/site-packages/airflow/example_dags/tutorial_taskflow_api.py took 0.070 seconds
