[2024-10-28T00:00:09.981+0000] {local_task_job_runner.py:123} INFO - ::group::Pre task execution logs
[2024-10-28T00:00:09.999+0000] {taskinstance.py:2612} INFO - Dependencies all met for dep_context=non-requeueable deps ti=<TaskInstance: ml_pipeline_demo.training_basic_classifier scheduled__2024-10-27T00:00:00+00:00 [queued]>
[2024-10-28T00:00:10.007+0000] {taskinstance.py:2612} INFO - Dependencies all met for dep_context=requeueable deps ti=<TaskInstance: ml_pipeline_demo.training_basic_classifier scheduled__2024-10-27T00:00:00+00:00 [queued]>
[2024-10-28T00:00:10.008+0000] {taskinstance.py:2865} INFO - Starting attempt 1 of 1
[2024-10-28T00:00:10.021+0000] {taskinstance.py:2888} INFO - Executing <Task(PythonOperator): training_basic_classifier> on 2024-10-27 00:00:00+00:00
[2024-10-28T00:00:10.030+0000] {warnings.py:112} WARNING - /home/***/.local/lib/python3.12/site-packages/***/task/task_runner/standard_task_runner.py:70: DeprecationWarning: This process (pid=4339) is multi-threaded, use of fork() may lead to deadlocks in the child.
  pid = os.fork()

[2024-10-28T00:00:10.032+0000] {standard_task_runner.py:72} INFO - Started process 4352 to run task
[2024-10-28T00:00:10.032+0000] {standard_task_runner.py:104} INFO - Running: ['***', 'tasks', 'run', 'ml_pipeline_demo', 'training_basic_classifier', 'scheduled__2024-10-27T00:00:00+00:00', '--job-id', '85', '--raw', '--subdir', 'DAGS_FOLDER/ml_pipeline.py', '--cfg-path', '/tmp/tmpfun89yrj']
[2024-10-28T00:00:10.033+0000] {standard_task_runner.py:105} INFO - Job 85: Subtask training_basic_classifier
[2024-10-28T00:00:10.081+0000] {task_command.py:467} INFO - Running <TaskInstance: ml_pipeline_demo.training_basic_classifier scheduled__2024-10-27T00:00:00+00:00 [running]> on host 19d7b464646a
[2024-10-28T00:00:10.160+0000] {taskinstance.py:3131} INFO - Exporting env vars: AIRFLOW_CTX_DAG_OWNER='***' AIRFLOW_CTX_DAG_ID='ml_pipeline_demo' AIRFLOW_CTX_TASK_ID='training_basic_classifier' AIRFLOW_CTX_EXECUTION_DATE='2024-10-27T00:00:00+00:00' AIRFLOW_CTX_TRY_NUMBER='1' AIRFLOW_CTX_DAG_RUN_ID='scheduled__2024-10-27T00:00:00+00:00'
[2024-10-28T00:00:10.161+0000] {logging_mixin.py:190} INFO - Task instance is in running state
[2024-10-28T00:00:10.162+0000] {logging_mixin.py:190} INFO -  Previous state of the Task instance: queued
[2024-10-28T00:00:10.163+0000] {logging_mixin.py:190} INFO - Current task name:training_basic_classifier state:running start_date:2024-10-28 00:00:09.999863+00:00
[2024-10-28T00:00:10.163+0000] {logging_mixin.py:190} INFO - Dag name:ml_pipeline_demo and current dag run status:running
[2024-10-28T00:00:10.164+0000] {taskinstance.py:731} INFO - ::endgroup::
[2024-10-28T00:00:10.165+0000] {logging_mixin.py:190} INFO - --- Inside train_test_split component ---
[2024-10-28T00:00:10.169+0000] {warnings.py:112} WARNING - /home/***/.local/lib/python3.12/site-packages/sklearn/utils/validation.py:1339: DataConversionWarning: A column-vector y was passed when a 1d array was expected. Please change the shape of y to (n_samples, ), for example using ravel().
  y = column_or_1d(y, warn=True)

[2024-10-28T00:00:10.207+0000] {logging_mixin.py:190} INFO - 
--- logistic regression classifier is trained on iris data and saved to PV location /modle.pkl ---
[2024-10-28T00:00:10.208+0000] {python.py:240} INFO - Done. Returned value was: None
[2024-10-28T00:00:10.427+0000] {taskinstance.py:340} INFO - ::group::Post task execution logs
[2024-10-28T00:00:10.428+0000] {taskinstance.py:352} INFO - Marking task as SUCCESS. dag_id=ml_pipeline_demo, task_id=training_basic_classifier, run_id=scheduled__2024-10-27T00:00:00+00:00, execution_date=20241027T000000, start_date=20241028T000009, end_date=20241028T000010
[2024-10-28T00:00:10.438+0000] {logging_mixin.py:190} INFO - Task instance in success state
[2024-10-28T00:00:10.440+0000] {logging_mixin.py:190} INFO -  Previous state of the Task instance: running
[2024-10-28T00:00:10.442+0000] {logging_mixin.py:190} INFO - Dag name:ml_pipeline_demo queued_at:2024-10-28 00:00:00.873953+00:00
[2024-10-28T00:00:10.443+0000] {logging_mixin.py:190} INFO - Task hostname:19d7b464646a operator:PythonOperator
[2024-10-28T00:00:10.489+0000] {local_task_job_runner.py:266} INFO - Task exited with return code 0
[2024-10-28T00:00:10.499+0000] {local_task_job_runner.py:245} INFO - ::endgroup::
