[2024-10-27T19:22:33.411+0000] {local_task_job_runner.py:123} INFO - ::group::Pre task execution logs
[2024-10-27T19:22:33.428+0000] {taskinstance.py:2612} INFO - Dependencies all met for dep_context=non-requeueable deps ti=<TaskInstance: ml_pipeline_demo.prepare_data manual__2024-10-27T19:22:31.006125+00:00 [queued]>
[2024-10-27T19:22:33.434+0000] {taskinstance.py:2612} INFO - Dependencies all met for dep_context=requeueable deps ti=<TaskInstance: ml_pipeline_demo.prepare_data manual__2024-10-27T19:22:31.006125+00:00 [queued]>
[2024-10-27T19:22:33.435+0000] {taskinstance.py:2865} INFO - Starting attempt 1 of 1
[2024-10-27T19:22:33.450+0000] {taskinstance.py:2888} INFO - Executing <Task(PythonOperator): prepare_data> on 2024-10-27 19:22:31.006125+00:00
[2024-10-27T19:22:33.457+0000] {warnings.py:112} WARNING - /home/***/.local/lib/python3.12/site-packages/***/task/task_runner/standard_task_runner.py:70: DeprecationWarning: This process (pid=933) is multi-threaded, use of fork() may lead to deadlocks in the child.
  pid = os.fork()

[2024-10-27T19:22:33.459+0000] {standard_task_runner.py:72} INFO - Started process 946 to run task
[2024-10-27T19:22:33.459+0000] {standard_task_runner.py:104} INFO - Running: ['***', 'tasks', 'run', 'ml_pipeline_demo', 'prepare_data', 'manual__2024-10-27T19:22:31.006125+00:00', '--job-id', '73', '--raw', '--subdir', 'DAGS_FOLDER/ml_pipeline.py', '--cfg-path', '/tmp/tmpqbyk5sxr']
[2024-10-27T19:22:33.460+0000] {standard_task_runner.py:105} INFO - Job 73: Subtask prepare_data
[2024-10-27T19:22:33.502+0000] {task_command.py:467} INFO - Running <TaskInstance: ml_pipeline_demo.prepare_data manual__2024-10-27T19:22:31.006125+00:00 [running]> on host 19d7b464646a
[2024-10-27T19:22:33.570+0000] {taskinstance.py:3131} INFO - Exporting env vars: AIRFLOW_CTX_DAG_OWNER='***' AIRFLOW_CTX_DAG_ID='ml_pipeline_demo' AIRFLOW_CTX_TASK_ID='prepare_data' AIRFLOW_CTX_EXECUTION_DATE='2024-10-27T19:22:31.006125+00:00' AIRFLOW_CTX_TRY_NUMBER='1' AIRFLOW_CTX_DAG_RUN_ID='manual__2024-10-27T19:22:31.006125+00:00'
[2024-10-27T19:22:33.571+0000] {logging_mixin.py:190} INFO - Task instance is in running state
[2024-10-27T19:22:33.572+0000] {logging_mixin.py:190} INFO -  Previous state of the Task instance: queued
[2024-10-27T19:22:33.572+0000] {logging_mixin.py:190} INFO - Current task name:prepare_data state:running start_date:2024-10-27 19:22:33.428838+00:00
[2024-10-27T19:22:33.573+0000] {logging_mixin.py:190} INFO - Dag name:ml_pipeline_demo and current dag run status:running
[2024-10-27T19:22:33.574+0000] {taskinstance.py:731} INFO - ::endgroup::
[2024-10-27T19:22:33.574+0000] {logging_mixin.py:190} INFO - --- Inside prepare_data component ---
[2024-10-27T19:22:33.980+0000] {python.py:240} INFO - Done. Returned value was: None
[2024-10-27T19:22:33.992+0000] {taskinstance.py:340} INFO - ::group::Post task execution logs
[2024-10-27T19:22:33.993+0000] {taskinstance.py:352} INFO - Marking task as SUCCESS. dag_id=ml_pipeline_demo, task_id=prepare_data, run_id=manual__2024-10-27T19:22:31.006125+00:00, execution_date=20241027T192231, start_date=20241027T192233, end_date=20241027T192233
[2024-10-27T19:22:34.004+0000] {logging_mixin.py:190} INFO - Task instance in success state
[2024-10-27T19:22:34.005+0000] {logging_mixin.py:190} INFO -  Previous state of the Task instance: running
[2024-10-27T19:22:34.005+0000] {logging_mixin.py:190} INFO - Dag name:ml_pipeline_demo queued_at:2024-10-27 19:22:31.017434+00:00
[2024-10-27T19:22:34.006+0000] {logging_mixin.py:190} INFO - Task hostname:19d7b464646a operator:PythonOperator
[2024-10-27T19:22:34.036+0000] {local_task_job_runner.py:266} INFO - Task exited with return code 0
[2024-10-27T19:22:34.063+0000] {taskinstance.py:3900} INFO - 1 downstream tasks scheduled from follow-on schedule check
[2024-10-27T19:22:34.066+0000] {local_task_job_runner.py:245} INFO - ::endgroup::
