[2024-10-28T00:00:03.654+0000] {local_task_job_runner.py:123} INFO - ::group::Pre task execution logs
[2024-10-28T00:00:03.672+0000] {taskinstance.py:2612} INFO - Dependencies all met for dep_context=non-requeueable deps ti=<TaskInstance: ml_pipeline_demo.prepare_data scheduled__2024-10-27T00:00:00+00:00 [queued]>
[2024-10-28T00:00:03.679+0000] {taskinstance.py:2612} INFO - Dependencies all met for dep_context=requeueable deps ti=<TaskInstance: ml_pipeline_demo.prepare_data scheduled__2024-10-27T00:00:00+00:00 [queued]>
[2024-10-28T00:00:03.680+0000] {taskinstance.py:2865} INFO - Starting attempt 1 of 1
[2024-10-28T00:00:03.694+0000] {taskinstance.py:2888} INFO - Executing <Task(PythonOperator): prepare_data> on 2024-10-27 00:00:00+00:00
[2024-10-28T00:00:03.701+0000] {warnings.py:112} WARNING - /home/***/.local/lib/python3.12/site-packages/***/task/task_runner/standard_task_runner.py:70: DeprecationWarning: This process (pid=4309) is multi-threaded, use of fork() may lead to deadlocks in the child.
  pid = os.fork()

[2024-10-28T00:00:03.703+0000] {standard_task_runner.py:72} INFO - Started process 4322 to run task
[2024-10-28T00:00:03.702+0000] {standard_task_runner.py:104} INFO - Running: ['***', 'tasks', 'run', 'ml_pipeline_demo', 'prepare_data', 'scheduled__2024-10-27T00:00:00+00:00', '--job-id', '83', '--raw', '--subdir', 'DAGS_FOLDER/ml_pipeline.py', '--cfg-path', '/tmp/tmp1_fihfuw']
[2024-10-28T00:00:03.704+0000] {standard_task_runner.py:105} INFO - Job 83: Subtask prepare_data
[2024-10-28T00:00:03.752+0000] {task_command.py:467} INFO - Running <TaskInstance: ml_pipeline_demo.prepare_data scheduled__2024-10-27T00:00:00+00:00 [running]> on host 19d7b464646a
[2024-10-28T00:00:03.838+0000] {taskinstance.py:3131} INFO - Exporting env vars: AIRFLOW_CTX_DAG_OWNER='***' AIRFLOW_CTX_DAG_ID='ml_pipeline_demo' AIRFLOW_CTX_TASK_ID='prepare_data' AIRFLOW_CTX_EXECUTION_DATE='2024-10-27T00:00:00+00:00' AIRFLOW_CTX_TRY_NUMBER='1' AIRFLOW_CTX_DAG_RUN_ID='scheduled__2024-10-27T00:00:00+00:00'
[2024-10-28T00:00:03.840+0000] {logging_mixin.py:190} INFO - Task instance is in running state
[2024-10-28T00:00:03.841+0000] {logging_mixin.py:190} INFO -  Previous state of the Task instance: queued
[2024-10-28T00:00:03.842+0000] {logging_mixin.py:190} INFO - Current task name:prepare_data state:running start_date:2024-10-28 00:00:03.672757+00:00
[2024-10-28T00:00:03.842+0000] {logging_mixin.py:190} INFO - Dag name:ml_pipeline_demo and current dag run status:running
[2024-10-28T00:00:03.843+0000] {taskinstance.py:731} INFO - ::endgroup::
[2024-10-28T00:00:03.844+0000] {logging_mixin.py:190} INFO - --- Inside prepare_data component ---
[2024-10-28T00:00:04.333+0000] {python.py:240} INFO - Done. Returned value was: None
[2024-10-28T00:00:04.344+0000] {taskinstance.py:340} INFO - ::group::Post task execution logs
[2024-10-28T00:00:04.345+0000] {taskinstance.py:352} INFO - Marking task as SUCCESS. dag_id=ml_pipeline_demo, task_id=prepare_data, run_id=scheduled__2024-10-27T00:00:00+00:00, execution_date=20241027T000000, start_date=20241028T000003, end_date=20241028T000004
[2024-10-28T00:00:04.355+0000] {logging_mixin.py:190} INFO - Task instance in success state
[2024-10-28T00:00:04.356+0000] {logging_mixin.py:190} INFO -  Previous state of the Task instance: running
[2024-10-28T00:00:04.357+0000] {logging_mixin.py:190} INFO - Dag name:ml_pipeline_demo queued_at:2024-10-28 00:00:00.873953+00:00
[2024-10-28T00:00:04.357+0000] {logging_mixin.py:190} INFO - Task hostname:19d7b464646a operator:PythonOperator
[2024-10-28T00:00:04.401+0000] {local_task_job_runner.py:266} INFO - Task exited with return code 0
[2024-10-28T00:00:04.435+0000] {taskinstance.py:3900} INFO - 1 downstream tasks scheduled from follow-on schedule check
[2024-10-28T00:00:04.438+0000] {local_task_job_runner.py:245} INFO - ::endgroup::
