[2024-10-27T20:05:07.565+0000] {local_task_job_runner.py:123} INFO - ::group::Pre task execution logs
[2024-10-27T20:05:07.586+0000] {taskinstance.py:2612} INFO - Dependencies all met for dep_context=non-requeueable deps ti=<TaskInstance: ml_pipeline_demo.get_metrics manual__2024-10-27T20:04:47.468216+00:00 [queued]>
[2024-10-27T20:05:07.596+0000] {taskinstance.py:2612} INFO - Dependencies all met for dep_context=requeueable deps ti=<TaskInstance: ml_pipeline_demo.get_metrics manual__2024-10-27T20:04:47.468216+00:00 [queued]>
[2024-10-27T20:05:07.597+0000] {taskinstance.py:2865} INFO - Starting attempt 1 of 1
[2024-10-27T20:05:07.612+0000] {taskinstance.py:2888} INFO - Executing <Task(PythonOperator): get_metrics> on 2024-10-27 20:04:47.468216+00:00
[2024-10-27T20:05:07.619+0000] {warnings.py:112} WARNING - /home/***/.local/lib/python3.12/site-packages/***/task/task_runner/standard_task_runner.py:70: DeprecationWarning: This process (pid=1615) is multi-threaded, use of fork() may lead to deadlocks in the child.
  pid = os.fork()

[2024-10-27T20:05:07.621+0000] {standard_task_runner.py:72} INFO - Started process 1628 to run task
[2024-10-27T20:05:07.620+0000] {standard_task_runner.py:104} INFO - Running: ['***', 'tasks', 'run', 'ml_pipeline_demo', 'get_metrics', 'manual__2024-10-27T20:04:47.468216+00:00', '--job-id', '82', '--raw', '--subdir', 'DAGS_FOLDER/ml_pipeline.py', '--cfg-path', '/tmp/tmpdpwn8765']
[2024-10-27T20:05:07.623+0000] {standard_task_runner.py:105} INFO - Job 82: Subtask get_metrics
[2024-10-27T20:05:07.669+0000] {task_command.py:467} INFO - Running <TaskInstance: ml_pipeline_demo.get_metrics manual__2024-10-27T20:04:47.468216+00:00 [running]> on host 19d7b464646a
[2024-10-27T20:05:07.767+0000] {taskinstance.py:3131} INFO - Exporting env vars: AIRFLOW_CTX_DAG_OWNER='***' AIRFLOW_CTX_DAG_ID='ml_pipeline_demo' AIRFLOW_CTX_TASK_ID='get_metrics' AIRFLOW_CTX_EXECUTION_DATE='2024-10-27T20:04:47.468216+00:00' AIRFLOW_CTX_TRY_NUMBER='1' AIRFLOW_CTX_DAG_RUN_ID='manual__2024-10-27T20:04:47.468216+00:00'
[2024-10-27T20:05:07.769+0000] {logging_mixin.py:190} INFO - Task instance is in running state
[2024-10-27T20:05:07.770+0000] {logging_mixin.py:190} INFO -  Previous state of the Task instance: queued
[2024-10-27T20:05:07.772+0000] {logging_mixin.py:190} INFO - Current task name:get_metrics state:running start_date:2024-10-27 20:05:07.587074+00:00
[2024-10-27T20:05:07.773+0000] {logging_mixin.py:190} INFO - Dag name:ml_pipeline_demo and current dag run status:running
[2024-10-27T20:05:07.775+0000] {taskinstance.py:731} INFO - ::endgroup::
[2024-10-27T20:05:07.776+0000] {logging_mixin.py:190} INFO - --- Inside get_metrics component ---
[2024-10-27T20:05:07.811+0000] {logging_mixin.py:190} INFO -               precision    recall  f1-score   support

      setosa       1.00      1.00      1.00        15
  versicolor       0.93      0.87      0.90        15
   virginica       0.88      0.93      0.90        15

    accuracy                           0.93        45
   macro avg       0.93      0.93      0.93        45
weighted avg       0.93      0.93      0.93        45
[2024-10-27T20:05:07.812+0000] {python.py:240} INFO - Done. Returned value was: None
[2024-10-27T20:05:08.057+0000] {taskinstance.py:340} INFO - ::group::Post task execution logs
[2024-10-27T20:05:08.058+0000] {taskinstance.py:352} INFO - Marking task as SUCCESS. dag_id=ml_pipeline_demo, task_id=get_metrics, run_id=manual__2024-10-27T20:04:47.468216+00:00, execution_date=20241027T200447, start_date=20241027T200507, end_date=20241027T200508
[2024-10-27T20:05:08.071+0000] {logging_mixin.py:190} INFO - Task instance in success state
[2024-10-27T20:05:08.072+0000] {logging_mixin.py:190} INFO -  Previous state of the Task instance: running
[2024-10-27T20:05:08.073+0000] {logging_mixin.py:190} INFO - Dag name:ml_pipeline_demo queued_at:2024-10-27 20:04:47.520367+00:00
[2024-10-27T20:05:08.074+0000] {logging_mixin.py:190} INFO - Task hostname:19d7b464646a operator:PythonOperator
[2024-10-27T20:05:08.119+0000] {local_task_job_runner.py:266} INFO - Task exited with return code 0
[2024-10-27T20:05:08.165+0000] {taskinstance.py:3900} INFO - 0 downstream tasks scheduled from follow-on schedule check
[2024-10-27T20:05:08.168+0000] {local_task_job_runner.py:245} INFO - ::endgroup::
