[2024-10-27T02:43:46.204+0000] {local_task_job_runner.py:123} INFO - ::group::Pre task execution logs
[2024-10-27T02:43:46.222+0000] {taskinstance.py:2612} INFO - Dependencies all met for dep_context=non-requeueable deps ti=<TaskInstance: conditional_dataset_and_time_based_timetable.conditional_dataset_and_time_based_timetable manual__2024-10-27T02:43:42.003407+00:00 [queued]>
[2024-10-27T02:43:46.231+0000] {taskinstance.py:2612} INFO - Dependencies all met for dep_context=requeueable deps ti=<TaskInstance: conditional_dataset_and_time_based_timetable.conditional_dataset_and_time_based_timetable manual__2024-10-27T02:43:42.003407+00:00 [queued]>
[2024-10-27T02:43:46.233+0000] {taskinstance.py:2865} INFO - Starting attempt 1 of 1
[2024-10-27T02:43:46.250+0000] {taskinstance.py:2888} INFO - Executing <Task(BashOperator): conditional_dataset_and_time_based_timetable> on 2024-10-27 02:43:42.003407+00:00
[2024-10-27T02:43:46.256+0000] {warnings.py:112} WARNING - /home/***/.local/lib/python3.12/site-packages/***/task/task_runner/standard_task_runner.py:70: DeprecationWarning: This process (pid=95) is multi-threaded, use of fork() may lead to deadlocks in the child.
  pid = os.fork()

[2024-10-27T02:43:46.258+0000] {standard_task_runner.py:72} INFO - Started process 99 to run task
[2024-10-27T02:43:46.259+0000] {standard_task_runner.py:104} INFO - Running: ['***', 'tasks', 'run', 'conditional_dataset_and_time_based_timetable', 'conditional_dataset_and_time_based_timetable', 'manual__2024-10-27T02:43:42.003407+00:00', '--job-id', '61', '--raw', '--subdir', '/home/***/.local/lib/python3.12/site-packages/***/example_dags/example_datasets.py', '--cfg-path', '/tmp/tmp_b_xravh']
[2024-10-27T02:43:46.260+0000] {standard_task_runner.py:105} INFO - Job 61: Subtask conditional_dataset_and_time_based_timetable
[2024-10-27T02:43:46.319+0000] {task_command.py:467} INFO - Running <TaskInstance: conditional_dataset_and_time_based_timetable.conditional_dataset_and_time_based_timetable manual__2024-10-27T02:43:42.003407+00:00 [running]> on host a303067321bd
[2024-10-27T02:43:46.412+0000] {taskinstance.py:3131} INFO - Exporting env vars: AIRFLOW_CTX_DAG_OWNER='***' AIRFLOW_CTX_DAG_ID='conditional_dataset_and_time_based_timetable' AIRFLOW_CTX_TASK_ID='conditional_dataset_and_time_based_timetable' AIRFLOW_CTX_EXECUTION_DATE='2024-10-27T02:43:42.003407+00:00' AIRFLOW_CTX_TRY_NUMBER='1' AIRFLOW_CTX_DAG_RUN_ID='manual__2024-10-27T02:43:42.003407+00:00'
[2024-10-27T02:43:46.414+0000] {logging_mixin.py:190} INFO - Task instance is in running state
[2024-10-27T02:43:46.415+0000] {logging_mixin.py:190} INFO -  Previous state of the Task instance: queued
[2024-10-27T02:43:46.416+0000] {logging_mixin.py:190} INFO - Current task name:conditional_dataset_and_time_based_timetable state:running start_date:2024-10-27 02:43:46.222736+00:00
[2024-10-27T02:43:46.417+0000] {logging_mixin.py:190} INFO - Dag name:conditional_dataset_and_time_based_timetable and current dag run status:running
[2024-10-27T02:43:46.418+0000] {taskinstance.py:731} INFO - ::endgroup::
[2024-10-27T02:43:46.419+0000] {subprocess.py:63} INFO - Tmp dir root location: /tmp
[2024-10-27T02:43:46.420+0000] {subprocess.py:75} INFO - Running command: ['/usr/bin/bash', '-c', 'sleep 5']
[2024-10-27T02:43:46.434+0000] {subprocess.py:86} INFO - Output:
[2024-10-27T02:43:51.437+0000] {subprocess.py:97} INFO - Command exited with return code 0
[2024-10-27T02:43:51.489+0000] {taskinstance.py:340} INFO - ::group::Post task execution logs
[2024-10-27T02:43:51.490+0000] {taskinstance.py:352} INFO - Marking task as SUCCESS. dag_id=conditional_dataset_and_time_based_timetable, task_id=conditional_dataset_and_time_based_timetable, run_id=manual__2024-10-27T02:43:42.003407+00:00, execution_date=20241027T024342, start_date=20241027T024346, end_date=20241027T024351
[2024-10-27T02:43:51.522+0000] {logging_mixin.py:190} INFO - Task instance in success state
[2024-10-27T02:43:51.522+0000] {logging_mixin.py:190} INFO -  Previous state of the Task instance: running
[2024-10-27T02:43:51.523+0000] {logging_mixin.py:190} INFO - Dag name:conditional_dataset_and_time_based_timetable queued_at:2024-10-27 02:43:42.033076+00:00
[2024-10-27T02:43:51.523+0000] {logging_mixin.py:190} INFO - Task hostname:a303067321bd operator:BashOperator
[2024-10-27T02:43:51.548+0000] {local_task_job_runner.py:266} INFO - Task exited with return code 0
[2024-10-27T02:43:51.562+0000] {taskinstance.py:3900} INFO - 0 downstream tasks scheduled from follow-on schedule check
[2024-10-27T02:43:51.566+0000] {local_task_job_runner.py:245} INFO - ::endgroup::
